1
50
2023-11-14 18:31:45
100
2023-11-14 18:34:35
elapsed:  336.4  seconds
150
2023-11-14 18:37:36
200
2023-11-14 18:40:36
elapsed:  697.0  seconds
250
2023-11-14 18:43:38
300
2023-11-14 18:46:39
elapsed:  1060.4  seconds
/projects/muyang@colostate.edu/software/anaconda/envs/testenv/lib/python3.11/site-packages/numpy/lib/function_base.py:2455: RuntimeWarning: divide by zero encountered in func (vectorized)
  outputs = ufunc(*inputs)
/projects/muyang@colostate.edu/software/anaconda/envs/testenv/lib/python3.11/site-packages/numpy/lib/function_base.py:2455: RuntimeWarning: invalid value encountered in func (vectorized)
  outputs = ufunc(*inputs)
/projects/muyang@colostate.edu/software/anaconda/envs/testenv/lib/python3.11/site-packages/numpy/lib/function_base.py:2455: RuntimeWarning: divide by zero encountered in func (vectorized)
  outputs = ufunc(*inputs)
/projects/muyang@colostate.edu/software/anaconda/envs/testenv/lib/python3.11/site-packages/numpy/lib/function_base.py:2455: RuntimeWarning: invalid value encountered in func (vectorized)
  outputs = ufunc(*inputs)
350
2023-11-14 18:49:43
/projects/muyang@colostate.edu/software/anaconda/envs/testenv/lib/python3.11/site-packages/numpy/lib/function_base.py:2455: RuntimeWarning: divide by zero encountered in func (vectorized)
  outputs = ufunc(*inputs)
/projects/muyang@colostate.edu/software/anaconda/envs/testenv/lib/python3.11/site-packages/numpy/lib/function_base.py:2455: RuntimeWarning: invalid value encountered in func (vectorized)
  outputs = ufunc(*inputs)
400
2023-11-14 18:52:47
elapsed:  1428.4  seconds
450
2023-11-14 18:55:54
/projects/muyang@colostate.edu/software/anaconda/envs/testenv/lib/python3.11/site-packages/numpy/lib/function_base.py:2455: RuntimeWarning: divide by zero encountered in func (vectorized)
  outputs = ufunc(*inputs)
/projects/muyang@colostate.edu/software/anaconda/envs/testenv/lib/python3.11/site-packages/numpy/lib/function_base.py:2455: RuntimeWarning: invalid value encountered in func (vectorized)
  outputs = ufunc(*inputs)
500
2023-11-14 18:58:57
elapsed:  1797.8  seconds
550
2023-11-14 19:02:00
600
2023-11-14 19:05:04
elapsed:  2165.1  seconds
/projects/muyang@colostate.edu/software/anaconda/envs/testenv/lib/python3.11/site-packages/numpy/lib/function_base.py:2455: RuntimeWarning: divide by zero encountered in func (vectorized)
  outputs = ufunc(*inputs)
/projects/muyang@colostate.edu/software/anaconda/envs/testenv/lib/python3.11/site-packages/numpy/lib/function_base.py:2455: RuntimeWarning: invalid value encountered in func (vectorized)
  outputs = ufunc(*inputs)
650
2023-11-14 19:08:11
/projects/muyang@colostate.edu/software/anaconda/envs/testenv/lib/python3.11/site-packages/numpy/lib/function_base.py:2455: RuntimeWarning: divide by zero encountered in func (vectorized)
  outputs = ufunc(*inputs)
/projects/muyang@colostate.edu/software/anaconda/envs/testenv/lib/python3.11/site-packages/numpy/lib/function_base.py:2455: RuntimeWarning: invalid value encountered in func (vectorized)
  outputs = ufunc(*inputs)
700
2023-11-14 19:11:25
elapsed:  2546.4  seconds
/projects/muyang@colostate.edu/software/anaconda/envs/testenv/lib/python3.11/site-packages/numpy/lib/function_base.py:2455: RuntimeWarning: divide by zero encountered in func (vectorized)
  outputs = ufunc(*inputs)
/projects/muyang@colostate.edu/software/anaconda/envs/testenv/lib/python3.11/site-packages/numpy/lib/function_base.py:2455: RuntimeWarning: invalid value encountered in func (vectorized)
  outputs = ufunc(*inputs)
/projects/muyang@colostate.edu/software/anaconda/envs/testenv/lib/python3.11/site-packages/numpy/lib/function_base.py:2455: RuntimeWarning: divide by zero encountered in func (vectorized)
  outputs = ufunc(*inputs)
/projects/muyang@colostate.edu/software/anaconda/envs/testenv/lib/python3.11/site-packages/numpy/lib/function_base.py:2455: RuntimeWarning: invalid value encountered in func (vectorized)
  outputs = ufunc(*inputs)
750
2023-11-14 19:14:43
/projects/muyang@colostate.edu/software/anaconda/envs/testenv/lib/python3.11/site-packages/numpy/lib/function_base.py:2455: RuntimeWarning: divide by zero encountered in func (vectorized)
  outputs = ufunc(*inputs)
/projects/muyang@colostate.edu/software/anaconda/envs/testenv/lib/python3.11/site-packages/numpy/lib/function_base.py:2455: RuntimeWarning: invalid value encountered in func (vectorized)
  outputs = ufunc(*inputs)
/projects/muyang@colostate.edu/software/anaconda/envs/testenv/lib/python3.11/site-packages/numpy/lib/function_base.py:2455: RuntimeWarning: divide by zero encountered in func (vectorized)
  outputs = ufunc(*inputs)
/projects/muyang@colostate.edu/software/anaconda/envs/testenv/lib/python3.11/site-packages/numpy/lib/function_base.py:2455: RuntimeWarning: invalid value encountered in func (vectorized)
  outputs = ufunc(*inputs)
800
2023-11-14 19:17:59
elapsed:  2940.0  seconds
/projects/muyang@colostate.edu/software/anaconda/envs/testenv/lib/python3.11/site-packages/numpy/lib/function_base.py:2455: RuntimeWarning: divide by zero encountered in func (vectorized)
  outputs = ufunc(*inputs)
/projects/muyang@colostate.edu/software/anaconda/envs/testenv/lib/python3.11/site-packages/numpy/lib/function_base.py:2455: RuntimeWarning: invalid value encountered in func (vectorized)
  outputs = ufunc(*inputs)
/projects/muyang@colostate.edu/software/anaconda/envs/testenv/lib/python3.11/site-packages/numpy/lib/function_base.py:2455: RuntimeWarning: divide by zero encountered in func (vectorized)
  outputs = ufunc(*inputs)
/projects/muyang@colostate.edu/software/anaconda/envs/testenv/lib/python3.11/site-packages/numpy/lib/function_base.py:2455: RuntimeWarning: invalid value encountered in func (vectorized)
  outputs = ufunc(*inputs)
850
2023-11-14 19:21:17
900
2023-11-14 19:24:34
elapsed:  3335.6  seconds
/projects/muyang@colostate.edu/software/anaconda/envs/testenv/lib/python3.11/site-packages/numpy/lib/function_base.py:2455: RuntimeWarning: divide by zero encountered in func (vectorized)
  outputs = ufunc(*inputs)
/projects/muyang@colostate.edu/software/anaconda/envs/testenv/lib/python3.11/site-packages/numpy/lib/function_base.py:2455: RuntimeWarning: invalid value encountered in func (vectorized)
  outputs = ufunc(*inputs)
950
2023-11-14 19:27:55
/projects/muyang@colostate.edu/software/anaconda/envs/testenv/lib/python3.11/site-packages/numpy/lib/function_base.py:2455: RuntimeWarning: divide by zero encountered in func (vectorized)
  outputs = ufunc(*inputs)
/projects/muyang@colostate.edu/software/anaconda/envs/testenv/lib/python3.11/site-packages/numpy/lib/function_base.py:2455: RuntimeWarning: invalid value encountered in func (vectorized)
  outputs = ufunc(*inputs)
1000
2023-11-14 19:31:16
elapsed:  3736.8  seconds
/projects/muyang@colostate.edu/software/anaconda/envs/testenv/lib/python3.11/site-packages/numpy/lib/function_base.py:2455: RuntimeWarning: divide by zero encountered in func (vectorized)
  outputs = ufunc(*inputs)
/projects/muyang@colostate.edu/software/anaconda/envs/testenv/lib/python3.11/site-packages/numpy/lib/function_base.py:2455: RuntimeWarning: invalid value encountered in func (vectorized)
  outputs = ufunc(*inputs)
1050
2023-11-14 19:34:46
1100
2023-11-14 19:38:16
elapsed:  4157.5  seconds
/projects/muyang@colostate.edu/software/anaconda/envs/testenv/lib/python3.11/site-packages/numpy/lib/function_base.py:2455: RuntimeWarning: divide by zero encountered in func (vectorized)
  outputs = ufunc(*inputs)
/projects/muyang@colostate.edu/software/anaconda/envs/testenv/lib/python3.11/site-packages/numpy/lib/function_base.py:2455: RuntimeWarning: invalid value encountered in func (vectorized)
  outputs = ufunc(*inputs)
1150
2023-11-14 19:41:51
1200
2023-11-14 19:45:25
elapsed:  4586.2  seconds
/projects/muyang@colostate.edu/software/anaconda/envs/testenv/lib/python3.11/site-packages/numpy/lib/function_base.py:2455: RuntimeWarning: divide by zero encountered in func (vectorized)
  outputs = ufunc(*inputs)
/projects/muyang@colostate.edu/software/anaconda/envs/testenv/lib/python3.11/site-packages/numpy/lib/function_base.py:2455: RuntimeWarning: invalid value encountered in func (vectorized)
  outputs = ufunc(*inputs)
1250
2023-11-14 19:49:05
1300
2023-11-14 19:52:54
elapsed:  5035.1  seconds
1350
2023-11-14 19:56:40
1400
2023-11-14 20:00:33
elapsed:  5494.4  seconds
/projects/muyang@colostate.edu/software/anaconda/envs/testenv/lib/python3.11/site-packages/numpy/lib/function_base.py:2455: RuntimeWarning: divide by zero encountered in func (vectorized)
  outputs = ufunc(*inputs)
/projects/muyang@colostate.edu/software/anaconda/envs/testenv/lib/python3.11/site-packages/numpy/lib/function_base.py:2455: RuntimeWarning: invalid value encountered in func (vectorized)
  outputs = ufunc(*inputs)
/projects/muyang@colostate.edu/software/anaconda/envs/testenv/lib/python3.11/site-packages/numpy/lib/function_base.py:2455: RuntimeWarning: divide by zero encountered in func (vectorized)
  outputs = ufunc(*inputs)
/projects/muyang@colostate.edu/software/anaconda/envs/testenv/lib/python3.11/site-packages/numpy/lib/function_base.py:2455: RuntimeWarning: invalid value encountered in func (vectorized)
  outputs = ufunc(*inputs)
/projects/muyang@colostate.edu/software/anaconda/envs/testenv/lib/python3.11/site-packages/numpy/lib/function_base.py:2455: RuntimeWarning: divide by zero encountered in func (vectorized)
  outputs = ufunc(*inputs)
/projects/muyang@colostate.edu/software/anaconda/envs/testenv/lib/python3.11/site-packages/numpy/lib/function_base.py:2455: RuntimeWarning: invalid value encountered in func (vectorized)
  outputs = ufunc(*inputs)
1450
2023-11-14 20:04:41
/projects/muyang@colostate.edu/software/anaconda/envs/testenv/lib/python3.11/site-packages/numpy/lib/function_base.py:2455: RuntimeWarning: divide by zero encountered in func (vectorized)
  outputs = ufunc(*inputs)
/projects/muyang@colostate.edu/software/anaconda/envs/testenv/lib/python3.11/site-packages/numpy/lib/function_base.py:2455: RuntimeWarning: invalid value encountered in func (vectorized)
  outputs = ufunc(*inputs)
1500
2023-11-14 20:08:51
elapsed:  5991.9  seconds
/projects/muyang@colostate.edu/software/anaconda/envs/testenv/lib/python3.11/site-packages/numpy/lib/function_base.py:2455: RuntimeWarning: divide by zero encountered in func (vectorized)
  outputs = ufunc(*inputs)
/projects/muyang@colostate.edu/software/anaconda/envs/testenv/lib/python3.11/site-packages/numpy/lib/function_base.py:2455: RuntimeWarning: invalid value encountered in func (vectorized)
  outputs = ufunc(*inputs)
/projects/muyang@colostate.edu/software/anaconda/envs/testenv/lib/python3.11/site-packages/numpy/lib/function_base.py:2455: RuntimeWarning: divide by zero encountered in func (vectorized)
  outputs = ufunc(*inputs)
/projects/muyang@colostate.edu/software/anaconda/envs/testenv/lib/python3.11/site-packages/numpy/lib/function_base.py:2455: RuntimeWarning: invalid value encountered in func (vectorized)
  outputs = ufunc(*inputs)
/projects/muyang@colostate.edu/software/anaconda/envs/testenv/lib/python3.11/site-packages/numpy/lib/function_base.py:2455: RuntimeWarning: divide by zero encountered in func (vectorized)
  outputs = ufunc(*inputs)
/projects/muyang@colostate.edu/software/anaconda/envs/testenv/lib/python3.11/site-packages/numpy/lib/function_base.py:2455: RuntimeWarning: invalid value encountered in func (vectorized)
  outputs = ufunc(*inputs)
1550
2023-11-14 20:13:26
/projects/muyang@colostate.edu/software/anaconda/envs/testenv/lib/python3.11/site-packages/numpy/lib/function_base.py:2455: RuntimeWarning: divide by zero encountered in func (vectorized)
  outputs = ufunc(*inputs)
/projects/muyang@colostate.edu/software/anaconda/envs/testenv/lib/python3.11/site-packages/numpy/lib/function_base.py:2455: RuntimeWarning: invalid value encountered in func (vectorized)
  outputs = ufunc(*inputs)
/projects/muyang@colostate.edu/software/anaconda/envs/testenv/lib/python3.11/site-packages/numpy/lib/function_base.py:2455: RuntimeWarning: divide by zero encountered in func (vectorized)
  outputs = ufunc(*inputs)
/projects/muyang@colostate.edu/software/anaconda/envs/testenv/lib/python3.11/site-packages/numpy/lib/function_base.py:2455: RuntimeWarning: invalid value encountered in func (vectorized)
  outputs = ufunc(*inputs)
/projects/muyang@colostate.edu/software/anaconda/envs/testenv/lib/python3.11/site-packages/numpy/lib/function_base.py:2455: RuntimeWarning: divide by zero encountered in func (vectorized)
  outputs = ufunc(*inputs)
/projects/muyang@colostate.edu/software/anaconda/envs/testenv/lib/python3.11/site-packages/numpy/lib/function_base.py:2455: RuntimeWarning: invalid value encountered in func (vectorized)
  outputs = ufunc(*inputs)
1600
2023-11-14 20:18:56
elapsed:  6596.6  seconds
/projects/muyang@colostate.edu/software/anaconda/envs/testenv/lib/python3.11/site-packages/numpy/lib/function_base.py:2455: RuntimeWarning: divide by zero encountered in func (vectorized)
  outputs = ufunc(*inputs)
/projects/muyang@colostate.edu/software/anaconda/envs/testenv/lib/python3.11/site-packages/numpy/lib/function_base.py:2455: RuntimeWarning: invalid value encountered in func (vectorized)
  outputs = ufunc(*inputs)
/projects/muyang@colostate.edu/GEV_simulation/data/scenario2_20231114/simulation_5/MCMC.py:1004: RuntimeWarning: overflow encountered in exp
  ratio = np.exp(lik_proposal - lik)
/projects/muyang@colostate.edu/software/anaconda/envs/testenv/lib/python3.11/site-packages/numpy/lib/function_base.py:2455: RuntimeWarning: divide by zero encountered in func (vectorized)
  outputs = ufunc(*inputs)
/projects/muyang@colostate.edu/software/anaconda/envs/testenv/lib/python3.11/site-packages/numpy/lib/function_base.py:2455: RuntimeWarning: invalid value encountered in func (vectorized)
  outputs = ufunc(*inputs)
/projects/muyang@colostate.edu/software/anaconda/envs/testenv/lib/python3.11/site-packages/numpy/lib/function_base.py:2455: RuntimeWarning: divide by zero encountered in func (vectorized)
  outputs = ufunc(*inputs)
/projects/muyang@colostate.edu/software/anaconda/envs/testenv/lib/python3.11/site-packages/numpy/lib/function_base.py:2455: RuntimeWarning: invalid value encountered in func (vectorized)
  outputs = ufunc(*inputs)
/projects/muyang@colostate.edu/software/anaconda/envs/testenv/lib/python3.11/site-packages/numpy/lib/function_base.py:2455: RuntimeWarning: divide by zero encountered in func (vectorized)
  outputs = ufunc(*inputs)
/projects/muyang@colostate.edu/software/anaconda/envs/testenv/lib/python3.11/site-packages/numpy/lib/function_base.py:2455: RuntimeWarning: invalid value encountered in func (vectorized)
  outputs = ufunc(*inputs)
/projects/muyang@colostate.edu/software/anaconda/envs/testenv/lib/python3.11/site-packages/numpy/lib/function_base.py:2455: RuntimeWarning: divide by zero encountered in func (vectorized)
  outputs = ufunc(*inputs)
/projects/muyang@colostate.edu/software/anaconda/envs/testenv/lib/python3.11/site-packages/numpy/lib/function_base.py:2455: RuntimeWarning: invalid value encountered in func (vectorized)
  outputs = ufunc(*inputs)
1650
2023-11-14 20:25:43
/projects/muyang@colostate.edu/software/anaconda/envs/testenv/lib/python3.11/site-packages/numpy/lib/function_base.py:2455: RuntimeWarning: divide by zero encountered in func (vectorized)
  outputs = ufunc(*inputs)
/projects/muyang@colostate.edu/software/anaconda/envs/testenv/lib/python3.11/site-packages/numpy/lib/function_base.py:2455: RuntimeWarning: invalid value encountered in func (vectorized)
  outputs = ufunc(*inputs)
/projects/muyang@colostate.edu/software/anaconda/envs/testenv/lib/python3.11/site-packages/numpy/lib/function_base.py:2455: RuntimeWarning: divide by zero encountered in func (vectorized)
  outputs = ufunc(*inputs)
/projects/muyang@colostate.edu/software/anaconda/envs/testenv/lib/python3.11/site-packages/numpy/lib/function_base.py:2455: RuntimeWarning: invalid value encountered in func (vectorized)
  outputs = ufunc(*inputs)
/projects/muyang@colostate.edu/software/anaconda/envs/testenv/lib/python3.11/site-packages/numpy/lib/function_base.py:2455: RuntimeWarning: divide by zero encountered in func (vectorized)
  outputs = ufunc(*inputs)
/projects/muyang@colostate.edu/software/anaconda/envs/testenv/lib/python3.11/site-packages/numpy/lib/function_base.py:2455: RuntimeWarning: invalid value encountered in func (vectorized)
  outputs = ufunc(*inputs)
/projects/muyang@colostate.edu/software/anaconda/envs/testenv/lib/python3.11/site-packages/numpy/lib/function_base.py:2455: RuntimeWarning: divide by zero encountered in func (vectorized)
  outputs = ufunc(*inputs)
/projects/muyang@colostate.edu/software/anaconda/envs/testenv/lib/python3.11/site-packages/numpy/lib/function_base.py:2455: RuntimeWarning: invalid value encountered in func (vectorized)
  outputs = ufunc(*inputs)
/projects/muyang@colostate.edu/software/anaconda/envs/testenv/lib/python3.11/site-packages/numpy/lib/function_base.py:2455: RuntimeWarning: divide by zero encountered in func (vectorized)
  outputs = ufunc(*inputs)
/projects/muyang@colostate.edu/software/anaconda/envs/testenv/lib/python3.11/site-packages/numpy/lib/function_base.py:2455: RuntimeWarning: invalid value encountered in func (vectorized)
  outputs = ufunc(*inputs)
/projects/muyang@colostate.edu/software/anaconda/envs/testenv/lib/python3.11/site-packages/numpy/lib/function_base.py:2455: RuntimeWarning: divide by zero encountered in func (vectorized)
  outputs = ufunc(*inputs)
/projects/muyang@colostate.edu/software/anaconda/envs/testenv/lib/python3.11/site-packages/numpy/lib/function_base.py:2455: RuntimeWarning: invalid value encountered in func (vectorized)
  outputs = ufunc(*inputs)
/projects/muyang@colostate.edu/software/anaconda/envs/testenv/lib/python3.11/site-packages/numpy/lib/function_base.py:2455: RuntimeWarning: divide by zero encountered in func (vectorized)
  outputs = ufunc(*inputs)
/projects/muyang@colostate.edu/software/anaconda/envs/testenv/lib/python3.11/site-packages/numpy/lib/function_base.py:2455: RuntimeWarning: invalid value encountered in func (vectorized)
  outputs = ufunc(*inputs)
/projects/muyang@colostate.edu/software/anaconda/envs/testenv/lib/python3.11/site-packages/numpy/lib/function_base.py:2455: RuntimeWarning: divide by zero encountered in func (vectorized)
  outputs = ufunc(*inputs)
/projects/muyang@colostate.edu/software/anaconda/envs/testenv/lib/python3.11/site-packages/numpy/lib/function_base.py:2455: RuntimeWarning: invalid value encountered in func (vectorized)
  outputs = ufunc(*inputs)
/projects/muyang@colostate.edu/software/anaconda/envs/testenv/lib/python3.11/site-packages/numpy/lib/function_base.py:2455: RuntimeWarning: divide by zero encountered in func (vectorized)
  outputs = ufunc(*inputs)
/projects/muyang@colostate.edu/software/anaconda/envs/testenv/lib/python3.11/site-packages/numpy/lib/function_base.py:2455: RuntimeWarning: invalid value encountered in func (vectorized)
  outputs = ufunc(*inputs)
/projects/muyang@colostate.edu/software/anaconda/envs/testenv/lib/python3.11/site-packages/numpy/lib/function_base.py:2455: RuntimeWarning: divide by zero encountered in func (vectorized)
  outputs = ufunc(*inputs)
/projects/muyang@colostate.edu/software/anaconda/envs/testenv/lib/python3.11/site-packages/numpy/lib/function_base.py:2455: RuntimeWarning: invalid value encountered in func (vectorized)
  outputs = ufunc(*inputs)
/projects/muyang@colostate.edu/software/anaconda/envs/testenv/lib/python3.11/site-packages/numpy/lib/function_base.py:2455: RuntimeWarning: divide by zero encountered in func (vectorized)
  outputs = ufunc(*inputs)
/projects/muyang@colostate.edu/software/anaconda/envs/testenv/lib/python3.11/site-packages/numpy/lib/function_base.py:2455: RuntimeWarning: invalid value encountered in func (vectorized)
  outputs = ufunc(*inputs)
/projects/muyang@colostate.edu/software/anaconda/envs/testenv/lib/python3.11/site-packages/numpy/lib/function_base.py:2455: RuntimeWarning: divide by zero encountered in func (vectorized)
  outputs = ufunc(*inputs)
/projects/muyang@colostate.edu/software/anaconda/envs/testenv/lib/python3.11/site-packages/numpy/lib/function_base.py:2455: RuntimeWarning: invalid value encountered in func (vectorized)
  outputs = ufunc(*inputs)
/projects/muyang@colostate.edu/software/anaconda/envs/testenv/lib/python3.11/site-packages/numpy/lib/function_base.py:2455: RuntimeWarning: divide by zero encountered in func (vectorized)
  outputs = ufunc(*inputs)
/projects/muyang@colostate.edu/software/anaconda/envs/testenv/lib/python3.11/site-packages/numpy/lib/function_base.py:2455: RuntimeWarning: invalid value encountered in func (vectorized)
  outputs = ufunc(*inputs)
/projects/muyang@colostate.edu/software/anaconda/envs/testenv/lib/python3.11/site-packages/numpy/lib/function_base.py:2455: RuntimeWarning: divide by zero encountered in func (vectorized)
  outputs = ufunc(*inputs)
/projects/muyang@colostate.edu/software/anaconda/envs/testenv/lib/python3.11/site-packages/numpy/lib/function_base.py:2455: RuntimeWarning: invalid value encountered in func (vectorized)
  outputs = ufunc(*inputs)
1700
2023-11-14 20:33:16
elapsed:  7456.8  seconds
/projects/muyang@colostate.edu/software/anaconda/envs/testenv/lib/python3.11/site-packages/numpy/lib/function_base.py:2455: RuntimeWarning: divide by zero encountered in func (vectorized)
  outputs = ufunc(*inputs)
/projects/muyang@colostate.edu/software/anaconda/envs/testenv/lib/python3.11/site-packages/numpy/lib/function_base.py:2455: RuntimeWarning: invalid value encountered in func (vectorized)
  outputs = ufunc(*inputs)
/projects/muyang@colostate.edu/software/anaconda/envs/testenv/lib/python3.11/site-packages/numpy/lib/function_base.py:2455: RuntimeWarning: divide by zero encountered in func (vectorized)
  outputs = ufunc(*inputs)
/projects/muyang@colostate.edu/software/anaconda/envs/testenv/lib/python3.11/site-packages/numpy/lib/function_base.py:2455: RuntimeWarning: invalid value encountered in func (vectorized)
  outputs = ufunc(*inputs)
/projects/muyang@colostate.edu/software/anaconda/envs/testenv/lib/python3.11/site-packages/numpy/lib/function_base.py:2455: RuntimeWarning: divide by zero encountered in func (vectorized)
  outputs = ufunc(*inputs)
/projects/muyang@colostate.edu/software/anaconda/envs/testenv/lib/python3.11/site-packages/numpy/lib/function_base.py:2455: RuntimeWarning: invalid value encountered in func (vectorized)
  outputs = ufunc(*inputs)
/projects/muyang@colostate.edu/software/anaconda/envs/testenv/lib/python3.11/site-packages/numpy/lib/function_base.py:2455: RuntimeWarning: divide by zero encountered in func (vectorized)
  outputs = ufunc(*inputs)
/projects/muyang@colostate.edu/software/anaconda/envs/testenv/lib/python3.11/site-packages/numpy/lib/function_base.py:2455: RuntimeWarning: invalid value encountered in func (vectorized)
  outputs = ufunc(*inputs)
/projects/muyang@colostate.edu/software/anaconda/envs/testenv/lib/python3.11/site-packages/numpy/lib/function_base.py:2455: RuntimeWarning: divide by zero encountered in func (vectorized)
  outputs = ufunc(*inputs)
/projects/muyang@colostate.edu/software/anaconda/envs/testenv/lib/python3.11/site-packages/numpy/lib/function_base.py:2455: RuntimeWarning: invalid value encountered in func (vectorized)
  outputs = ufunc(*inputs)
/projects/muyang@colostate.edu/GEV_simulation/data/scenario2_20231114/simulation_5/MCMC.py:1004: RuntimeWarning: overflow encountered in exp
  ratio = np.exp(lik_proposal - lik)
/projects/muyang@colostate.edu/software/anaconda/envs/testenv/lib/python3.11/site-packages/numpy/lib/function_base.py:2455: RuntimeWarning: divide by zero encountered in func (vectorized)
  outputs = ufunc(*inputs)
/projects/muyang@colostate.edu/software/anaconda/envs/testenv/lib/python3.11/site-packages/numpy/lib/function_base.py:2455: RuntimeWarning: invalid value encountered in func (vectorized)
  outputs = ufunc(*inputs)
/projects/muyang@colostate.edu/software/anaconda/envs/testenv/lib/python3.11/site-packages/numpy/lib/function_base.py:2455: RuntimeWarning: divide by zero encountered in func (vectorized)
  outputs = ufunc(*inputs)
/projects/muyang@colostate.edu/software/anaconda/envs/testenv/lib/python3.11/site-packages/numpy/lib/function_base.py:2455: RuntimeWarning: invalid value encountered in func (vectorized)
  outputs = ufunc(*inputs)
/projects/muyang@colostate.edu/software/anaconda/envs/testenv/lib/python3.11/site-packages/numpy/lib/function_base.py:2455: RuntimeWarning: divide by zero encountered in func (vectorized)
  outputs = ufunc(*inputs)
/projects/muyang@colostate.edu/software/anaconda/envs/testenv/lib/python3.11/site-packages/numpy/lib/function_base.py:2455: RuntimeWarning: invalid value encountered in func (vectorized)
  outputs = ufunc(*inputs)
/projects/muyang@colostate.edu/software/anaconda/envs/testenv/lib/python3.11/site-packages/numpy/lib/function_base.py:2455: RuntimeWarning: divide by zero encountered in func (vectorized)
  outputs = ufunc(*inputs)
/projects/muyang@colostate.edu/software/anaconda/envs/testenv/lib/python3.11/site-packages/numpy/lib/function_base.py:2455: RuntimeWarning: invalid value encountered in func (vectorized)
  outputs = ufunc(*inputs)
/projects/muyang@colostate.edu/software/anaconda/envs/testenv/lib/python3.11/site-packages/numpy/lib/function_base.py:2455: RuntimeWarning: divide by zero encountered in func (vectorized)
  outputs = ufunc(*inputs)
/projects/muyang@colostate.edu/software/anaconda/envs/testenv/lib/python3.11/site-packages/numpy/lib/function_base.py:2455: RuntimeWarning: invalid value encountered in func (vectorized)
  outputs = ufunc(*inputs)
/projects/muyang@colostate.edu/software/anaconda/envs/testenv/lib/python3.11/site-packages/numpy/lib/function_base.py:2455: RuntimeWarning: divide by zero encountered in func (vectorized)
  outputs = ufunc(*inputs)
/projects/muyang@colostate.edu/software/anaconda/envs/testenv/lib/python3.11/site-packages/numpy/lib/function_base.py:2455: RuntimeWarning: invalid value encountered in func (vectorized)
  outputs = ufunc(*inputs)
/projects/muyang@colostate.edu/software/anaconda/envs/testenv/lib/python3.11/site-packages/numpy/lib/function_base.py:2455: RuntimeWarning: divide by zero encountered in func (vectorized)
  outputs = ufunc(*inputs)
/projects/muyang@colostate.edu/software/anaconda/envs/testenv/lib/python3.11/site-packages/numpy/lib/function_base.py:2455: RuntimeWarning: invalid value encountered in func (vectorized)
  outputs = ufunc(*inputs)
/projects/muyang@colostate.edu/software/anaconda/envs/testenv/lib/python3.11/site-packages/numpy/lib/function_base.py:2455: RuntimeWarning: divide by zero encountered in func (vectorized)
  outputs = ufunc(*inputs)
/projects/muyang@colostate.edu/software/anaconda/envs/testenv/lib/python3.11/site-packages/numpy/lib/function_base.py:2455: RuntimeWarning: invalid value encountered in func (vectorized)
  outputs = ufunc(*inputs)
/projects/muyang@colostate.edu/software/anaconda/envs/testenv/lib/python3.11/site-packages/numpy/lib/function_base.py:2455: RuntimeWarning: divide by zero encountered in func (vectorized)
  outputs = ufunc(*inputs)
/projects/muyang@colostate.edu/software/anaconda/envs/testenv/lib/python3.11/site-packages/numpy/lib/function_base.py:2455: RuntimeWarning: invalid value encountered in func (vectorized)
  outputs = ufunc(*inputs)
/projects/muyang@colostate.edu/software/anaconda/envs/testenv/lib/python3.11/site-packages/numpy/lib/function_base.py:2455: RuntimeWarning: divide by zero encountered in func (vectorized)
  outputs = ufunc(*inputs)
/projects/muyang@colostate.edu/software/anaconda/envs/testenv/lib/python3.11/site-packages/numpy/lib/function_base.py:2455: RuntimeWarning: invalid value encountered in func (vectorized)
  outputs = ufunc(*inputs)
/projects/muyang@colostate.edu/software/anaconda/envs/testenv/lib/python3.11/site-packages/numpy/lib/function_base.py:2455: RuntimeWarning: divide by zero encountered in func (vectorized)
  outputs = ufunc(*inputs)
/projects/muyang@colostate.edu/software/anaconda/envs/testenv/lib/python3.11/site-packages/numpy/lib/function_base.py:2455: RuntimeWarning: invalid value encountered in func (vectorized)
  outputs = ufunc(*inputs)
/projects/muyang@colostate.edu/software/anaconda/envs/testenv/lib/python3.11/site-packages/numpy/lib/function_base.py:2455: RuntimeWarning: divide by zero encountered in func (vectorized)
  outputs = ufunc(*inputs)
/projects/muyang@colostate.edu/software/anaconda/envs/testenv/lib/python3.11/site-packages/numpy/lib/function_base.py:2455: RuntimeWarning: invalid value encountered in func (vectorized)
  outputs = ufunc(*inputs)
/projects/muyang@colostate.edu/software/anaconda/envs/testenv/lib/python3.11/site-packages/numpy/lib/function_base.py:2455: RuntimeWarning: divide by zero encountered in func (vectorized)
  outputs = ufunc(*inputs)
/projects/muyang@colostate.edu/software/anaconda/envs/testenv/lib/python3.11/site-packages/numpy/lib/function_base.py:2455: RuntimeWarning: invalid value encountered in func (vectorized)
  outputs = ufunc(*inputs)
/projects/muyang@colostate.edu/software/anaconda/envs/testenv/lib/python3.11/site-packages/numpy/lib/function_base.py:2455: RuntimeWarning: divide by zero encountered in func (vectorized)
  outputs = ufunc(*inputs)
/projects/muyang@colostate.edu/software/anaconda/envs/testenv/lib/python3.11/site-packages/numpy/lib/function_base.py:2455: RuntimeWarning: invalid value encountered in func (vectorized)
  outputs = ufunc(*inputs)
1750
2023-11-14 20:41:17
1800
2023-11-14 20:49:16
elapsed:  8416.6  seconds
/projects/muyang@colostate.edu/software/anaconda/envs/testenv/lib/python3.11/site-packages/numpy/lib/function_base.py:2455: RuntimeWarning: divide by zero encountered in func (vectorized)
  outputs = ufunc(*inputs)
/projects/muyang@colostate.edu/software/anaconda/envs/testenv/lib/python3.11/site-packages/numpy/lib/function_base.py:2455: RuntimeWarning: invalid value encountered in func (vectorized)
  outputs = ufunc(*inputs)
/projects/muyang@colostate.edu/GEV_simulation/data/scenario2_20231114/simulation_5/MCMC.py:1004: RuntimeWarning: overflow encountered in exp
  ratio = np.exp(lik_proposal - lik)
1850
2023-11-14 20:56:21
1900
2023-11-14 21:03:24
elapsed:  9264.6  seconds
/projects/muyang@colostate.edu/GEV_simulation/data/scenario2_20231114/simulation_5/MCMC.py:1004: RuntimeWarning: overflow encountered in exp
  ratio = np.exp(lik_proposal - lik)
/projects/muyang@colostate.edu/software/anaconda/envs/testenv/lib/python3.11/site-packages/numpy/lib/function_base.py:2455: RuntimeWarning: divide by zero encountered in func (vectorized)
  outputs = ufunc(*inputs)
/projects/muyang@colostate.edu/software/anaconda/envs/testenv/lib/python3.11/site-packages/numpy/lib/function_base.py:2455: RuntimeWarning: invalid value encountered in func (vectorized)
  outputs = ufunc(*inputs)
1950
2023-11-14 21:09:43
2000
2023-11-14 21:15:25
elapsed:  9986.4  seconds
/projects/muyang@colostate.edu/GEV_simulation/data/scenario2_20231114/simulation_5/MCMC.py:1004: RuntimeWarning: overflow encountered in exp
  ratio = np.exp(lik_proposal - lik)
/projects/muyang@colostate.edu/software/anaconda/envs/testenv/lib/python3.11/site-packages/numpy/lib/function_base.py:2455: RuntimeWarning: divide by zero encountered in func (vectorized)
  outputs = ufunc(*inputs)
/projects/muyang@colostate.edu/software/anaconda/envs/testenv/lib/python3.11/site-packages/numpy/lib/function_base.py:2455: RuntimeWarning: invalid value encountered in func (vectorized)
  outputs = ufunc(*inputs)
2050
2023-11-14 21:21:09
2100
2023-11-14 21:26:56
elapsed:  10676.9  seconds
/projects/muyang@colostate.edu/software/anaconda/envs/testenv/lib/python3.11/site-packages/numpy/lib/function_base.py:2455: RuntimeWarning: divide by zero encountered in func (vectorized)
  outputs = ufunc(*inputs)
/projects/muyang@colostate.edu/software/anaconda/envs/testenv/lib/python3.11/site-packages/numpy/lib/function_base.py:2455: RuntimeWarning: invalid value encountered in func (vectorized)
  outputs = ufunc(*inputs)
/projects/muyang@colostate.edu/GEV_simulation/data/scenario2_20231114/simulation_5/MCMC.py:1004: RuntimeWarning: overflow encountered in exp
  ratio = np.exp(lik_proposal - lik)
2150
2023-11-14 21:32:44
2200
2023-11-14 21:38:35
elapsed:  11376.5  seconds
/projects/muyang@colostate.edu/software/anaconda/envs/testenv/lib/python3.11/site-packages/numpy/lib/function_base.py:2455: RuntimeWarning: divide by zero encountered in func (vectorized)
  outputs = ufunc(*inputs)
/projects/muyang@colostate.edu/software/anaconda/envs/testenv/lib/python3.11/site-packages/numpy/lib/function_base.py:2455: RuntimeWarning: invalid value encountered in func (vectorized)
  outputs = ufunc(*inputs)
/projects/muyang@colostate.edu/GEV_simulation/data/scenario2_20231114/simulation_5/MCMC.py:1004: RuntimeWarning: overflow encountered in exp
  ratio = np.exp(lik_proposal - lik)
2250
2023-11-14 21:44:38
2300
2023-11-14 21:50:40
elapsed:  12101.1  seconds
/projects/muyang@colostate.edu/software/anaconda/envs/testenv/lib/python3.11/site-packages/numpy/lib/function_base.py:2455: RuntimeWarning: divide by zero encountered in func (vectorized)
  outputs = ufunc(*inputs)
/projects/muyang@colostate.edu/software/anaconda/envs/testenv/lib/python3.11/site-packages/numpy/lib/function_base.py:2455: RuntimeWarning: invalid value encountered in func (vectorized)
  outputs = ufunc(*inputs)
/projects/muyang@colostate.edu/GEV_simulation/data/scenario2_20231114/simulation_5/MCMC.py:1004: RuntimeWarning: overflow encountered in exp
  ratio = np.exp(lik_proposal - lik)
2350
2023-11-14 21:56:41
2400
2023-11-14 22:03:07
elapsed:  12848.2  seconds
/projects/muyang@colostate.edu/GEV_simulation/data/scenario2_20231114/simulation_5/MCMC.py:1004: RuntimeWarning: overflow encountered in exp
  ratio = np.exp(lik_proposal - lik)
/projects/muyang@colostate.edu/software/anaconda/envs/testenv/lib/python3.11/site-packages/numpy/lib/function_base.py:2455: RuntimeWarning: divide by zero encountered in func (vectorized)
  outputs = ufunc(*inputs)
/projects/muyang@colostate.edu/software/anaconda/envs/testenv/lib/python3.11/site-packages/numpy/lib/function_base.py:2455: RuntimeWarning: invalid value encountered in func (vectorized)
  outputs = ufunc(*inputs)
2450
2023-11-14 22:09:37
2500
2023-11-14 22:16:37
elapsed:  13658.0  seconds
/projects/muyang@colostate.edu/software/anaconda/envs/testenv/lib/python3.11/site-packages/numpy/lib/function_base.py:2455: RuntimeWarning: divide by zero encountered in func (vectorized)
  outputs = ufunc(*inputs)
/projects/muyang@colostate.edu/software/anaconda/envs/testenv/lib/python3.11/site-packages/numpy/lib/function_base.py:2455: RuntimeWarning: invalid value encountered in func (vectorized)
  outputs = ufunc(*inputs)
/projects/muyang@colostate.edu/GEV_simulation/data/scenario2_20231114/simulation_5/MCMC.py:1004: RuntimeWarning: overflow encountered in exp
  ratio = np.exp(lik_proposal - lik)
2550
2023-11-14 22:23:22
2600
2023-11-14 22:30:03
elapsed:  14464.2  seconds
/projects/muyang@colostate.edu/software/anaconda/envs/testenv/lib/python3.11/site-packages/numpy/lib/function_base.py:2455: RuntimeWarning: divide by zero encountered in func (vectorized)
  outputs = ufunc(*inputs)
/projects/muyang@colostate.edu/software/anaconda/envs/testenv/lib/python3.11/site-packages/numpy/lib/function_base.py:2455: RuntimeWarning: invalid value encountered in func (vectorized)
  outputs = ufunc(*inputs)
/projects/muyang@colostate.edu/GEV_simulation/data/scenario2_20231114/simulation_5/MCMC.py:1004: RuntimeWarning: overflow encountered in exp
  ratio = np.exp(lik_proposal - lik)
2650
2023-11-14 22:36:58
2700
2023-11-14 22:43:45
elapsed:  15286.0  seconds
/projects/muyang@colostate.edu/software/anaconda/envs/testenv/lib/python3.11/site-packages/numpy/lib/function_base.py:2455: RuntimeWarning: divide by zero encountered in func (vectorized)
  outputs = ufunc(*inputs)
/projects/muyang@colostate.edu/software/anaconda/envs/testenv/lib/python3.11/site-packages/numpy/lib/function_base.py:2455: RuntimeWarning: invalid value encountered in func (vectorized)
  outputs = ufunc(*inputs)
/projects/muyang@colostate.edu/GEV_simulation/data/scenario2_20231114/simulation_5/MCMC.py:1004: RuntimeWarning: overflow encountered in exp
  ratio = np.exp(lik_proposal - lik)
2750
2023-11-14 22:50:56
2800
2023-11-14 22:58:29
elapsed:  16170.0  seconds
/projects/muyang@colostate.edu/software/anaconda/envs/testenv/lib/python3.11/site-packages/numpy/lib/function_base.py:2455: RuntimeWarning: divide by zero encountered in func (vectorized)
  outputs = ufunc(*inputs)
/projects/muyang@colostate.edu/software/anaconda/envs/testenv/lib/python3.11/site-packages/numpy/lib/function_base.py:2455: RuntimeWarning: invalid value encountered in func (vectorized)
  outputs = ufunc(*inputs)
/projects/muyang@colostate.edu/GEV_simulation/data/scenario2_20231114/simulation_5/MCMC.py:1004: RuntimeWarning: overflow encountered in exp
  ratio = np.exp(lik_proposal - lik)
2850
2023-11-14 23:04:53
2900
2023-11-14 23:12:05
elapsed:  16986.2  seconds
/projects/muyang@colostate.edu/software/anaconda/envs/testenv/lib/python3.11/site-packages/numpy/lib/function_base.py:2455: RuntimeWarning: divide by zero encountered in func (vectorized)
  outputs = ufunc(*inputs)
/projects/muyang@colostate.edu/software/anaconda/envs/testenv/lib/python3.11/site-packages/numpy/lib/function_base.py:2455: RuntimeWarning: invalid value encountered in func (vectorized)
  outputs = ufunc(*inputs)
/projects/muyang@colostate.edu/GEV_simulation/data/scenario2_20231114/simulation_5/MCMC.py:1004: RuntimeWarning: overflow encountered in exp
  ratio = np.exp(lik_proposal - lik)
2950
2023-11-14 23:18:33
3000
2023-11-14 23:24:29
elapsed:  17730.4  seconds
/projects/muyang@colostate.edu/software/anaconda/envs/testenv/lib/python3.11/site-packages/numpy/lib/function_base.py:2455: RuntimeWarning: divide by zero encountered in func (vectorized)
  outputs = ufunc(*inputs)
/projects/muyang@colostate.edu/software/anaconda/envs/testenv/lib/python3.11/site-packages/numpy/lib/function_base.py:2455: RuntimeWarning: invalid value encountered in func (vectorized)
  outputs = ufunc(*inputs)
/projects/muyang@colostate.edu/GEV_simulation/data/scenario2_20231114/simulation_5/MCMC.py:1004: RuntimeWarning: overflow encountered in exp
  ratio = np.exp(lik_proposal - lik)
3050
2023-11-14 23:30:57
3100
2023-11-14 23:36:59
elapsed:  18479.9  seconds
/projects/muyang@colostate.edu/software/anaconda/envs/testenv/lib/python3.11/site-packages/numpy/lib/function_base.py:2455: RuntimeWarning: divide by zero encountered in func (vectorized)
  outputs = ufunc(*inputs)
/projects/muyang@colostate.edu/software/anaconda/envs/testenv/lib/python3.11/site-packages/numpy/lib/function_base.py:2455: RuntimeWarning: invalid value encountered in func (vectorized)
  outputs = ufunc(*inputs)
/projects/muyang@colostate.edu/GEV_simulation/data/scenario2_20231114/simulation_5/MCMC.py:1004: RuntimeWarning: overflow encountered in exp
  ratio = np.exp(lik_proposal - lik)
3150
2023-11-14 23:42:51
3200
2023-11-14 23:49:17
elapsed:  19218.2  seconds
/projects/muyang@colostate.edu/software/anaconda/envs/testenv/lib/python3.11/site-packages/numpy/lib/function_base.py:2455: RuntimeWarning: divide by zero encountered in func (vectorized)
  outputs = ufunc(*inputs)
/projects/muyang@colostate.edu/software/anaconda/envs/testenv/lib/python3.11/site-packages/numpy/lib/function_base.py:2455: RuntimeWarning: invalid value encountered in func (vectorized)
  outputs = ufunc(*inputs)
/projects/muyang@colostate.edu/GEV_simulation/data/scenario2_20231114/simulation_5/MCMC.py:1004: RuntimeWarning: overflow encountered in exp
  ratio = np.exp(lik_proposal - lik)
3250
2023-11-14 23:55:52
3300
2023-11-15 00:02:39
elapsed:  20020.5  seconds
/projects/muyang@colostate.edu/software/anaconda/envs/testenv/lib/python3.11/site-packages/numpy/lib/function_base.py:2455: RuntimeWarning: divide by zero encountered in func (vectorized)
  outputs = ufunc(*inputs)
/projects/muyang@colostate.edu/software/anaconda/envs/testenv/lib/python3.11/site-packages/numpy/lib/function_base.py:2455: RuntimeWarning: invalid value encountered in func (vectorized)
  outputs = ufunc(*inputs)
/projects/muyang@colostate.edu/GEV_simulation/data/scenario2_20231114/simulation_5/MCMC.py:1004: RuntimeWarning: overflow encountered in exp
  ratio = np.exp(lik_proposal - lik)
3350
2023-11-15 00:08:42
3400
2023-11-15 00:16:14
elapsed:  20835.3  seconds
/projects/muyang@colostate.edu/software/anaconda/envs/testenv/lib/python3.11/site-packages/numpy/lib/function_base.py:2455: RuntimeWarning: divide by zero encountered in func (vectorized)
  outputs = ufunc(*inputs)
/projects/muyang@colostate.edu/software/anaconda/envs/testenv/lib/python3.11/site-packages/numpy/lib/function_base.py:2455: RuntimeWarning: invalid value encountered in func (vectorized)
  outputs = ufunc(*inputs)
/projects/muyang@colostate.edu/GEV_simulation/data/scenario2_20231114/simulation_5/MCMC.py:1004: RuntimeWarning: overflow encountered in exp
  ratio = np.exp(lik_proposal - lik)
3450
2023-11-15 00:22:55
3500
2023-11-15 00:28:52
elapsed:  21593.4  seconds
/projects/muyang@colostate.edu/software/anaconda/envs/testenv/lib/python3.11/site-packages/numpy/lib/function_base.py:2455: RuntimeWarning: divide by zero encountered in func (vectorized)
  outputs = ufunc(*inputs)
/projects/muyang@colostate.edu/software/anaconda/envs/testenv/lib/python3.11/site-packages/numpy/lib/function_base.py:2455: RuntimeWarning: invalid value encountered in func (vectorized)
  outputs = ufunc(*inputs)
/projects/muyang@colostate.edu/GEV_simulation/data/scenario2_20231114/simulation_5/MCMC.py:1004: RuntimeWarning: overflow encountered in exp
  ratio = np.exp(lik_proposal - lik)
3550
2023-11-15 00:35:45
3600
2023-11-15 00:41:51
elapsed:  22371.7  seconds
/projects/muyang@colostate.edu/software/anaconda/envs/testenv/lib/python3.11/site-packages/numpy/lib/function_base.py:2455: RuntimeWarning: divide by zero encountered in func (vectorized)
  outputs = ufunc(*inputs)
/projects/muyang@colostate.edu/software/anaconda/envs/testenv/lib/python3.11/site-packages/numpy/lib/function_base.py:2455: RuntimeWarning: invalid value encountered in func (vectorized)
  outputs = ufunc(*inputs)
/projects/muyang@colostate.edu/GEV_simulation/data/scenario2_20231114/simulation_5/MCMC.py:1004: RuntimeWarning: overflow encountered in exp
  ratio = np.exp(lik_proposal - lik)
3650
2023-11-15 00:48:34
3700
2023-11-15 00:55:48
elapsed:  23208.8  seconds
/projects/muyang@colostate.edu/software/anaconda/envs/testenv/lib/python3.11/site-packages/numpy/lib/function_base.py:2455: RuntimeWarning: divide by zero encountered in func (vectorized)
  outputs = ufunc(*inputs)
/projects/muyang@colostate.edu/software/anaconda/envs/testenv/lib/python3.11/site-packages/numpy/lib/function_base.py:2455: RuntimeWarning: invalid value encountered in func (vectorized)
  outputs = ufunc(*inputs)
/projects/muyang@colostate.edu/GEV_simulation/data/scenario2_20231114/simulation_5/MCMC.py:1004: RuntimeWarning: overflow encountered in exp
  ratio = np.exp(lik_proposal - lik)
3750
2023-11-15 01:02:31
3800
2023-11-15 01:09:15
elapsed:  24015.7  seconds
/projects/muyang@colostate.edu/software/anaconda/envs/testenv/lib/python3.11/site-packages/numpy/lib/function_base.py:2455: RuntimeWarning: divide by zero encountered in func (vectorized)
  outputs = ufunc(*inputs)
/projects/muyang@colostate.edu/software/anaconda/envs/testenv/lib/python3.11/site-packages/numpy/lib/function_base.py:2455: RuntimeWarning: invalid value encountered in func (vectorized)
  outputs = ufunc(*inputs)
/projects/muyang@colostate.edu/GEV_simulation/data/scenario2_20231114/simulation_5/MCMC.py:1004: RuntimeWarning: overflow encountered in exp
  ratio = np.exp(lik_proposal - lik)
3850
2023-11-15 01:15:56
3900
2023-11-15 01:24:17
elapsed:  24918.0  seconds
/projects/muyang@colostate.edu/software/anaconda/envs/testenv/lib/python3.11/site-packages/numpy/lib/function_base.py:2455: RuntimeWarning: divide by zero encountered in func (vectorized)
  outputs = ufunc(*inputs)
/projects/muyang@colostate.edu/software/anaconda/envs/testenv/lib/python3.11/site-packages/numpy/lib/function_base.py:2455: RuntimeWarning: invalid value encountered in func (vectorized)
  outputs = ufunc(*inputs)
/projects/muyang@colostate.edu/GEV_simulation/data/scenario2_20231114/simulation_5/MCMC.py:1004: RuntimeWarning: overflow encountered in exp
  ratio = np.exp(lik_proposal - lik)
3950
2023-11-15 01:31:18
4000
2023-11-15 01:37:29
elapsed:  25710.4  seconds
/projects/muyang@colostate.edu/software/anaconda/envs/testenv/lib/python3.11/site-packages/numpy/lib/function_base.py:2455: RuntimeWarning: divide by zero encountered in func (vectorized)
  outputs = ufunc(*inputs)
/projects/muyang@colostate.edu/software/anaconda/envs/testenv/lib/python3.11/site-packages/numpy/lib/function_base.py:2455: RuntimeWarning: invalid value encountered in func (vectorized)
  outputs = ufunc(*inputs)
/projects/muyang@colostate.edu/GEV_simulation/data/scenario2_20231114/simulation_5/MCMC.py:1004: RuntimeWarning: overflow encountered in exp
  ratio = np.exp(lik_proposal - lik)
4050
2023-11-15 01:44:09
4100
2023-11-15 01:51:34
elapsed:  26555.2  seconds
/projects/muyang@colostate.edu/software/anaconda/envs/testenv/lib/python3.11/site-packages/numpy/lib/function_base.py:2455: RuntimeWarning: divide by zero encountered in func (vectorized)
  outputs = ufunc(*inputs)
/projects/muyang@colostate.edu/software/anaconda/envs/testenv/lib/python3.11/site-packages/numpy/lib/function_base.py:2455: RuntimeWarning: invalid value encountered in func (vectorized)
  outputs = ufunc(*inputs)
/projects/muyang@colostate.edu/GEV_simulation/data/scenario2_20231114/simulation_5/MCMC.py:1004: RuntimeWarning: overflow encountered in exp
  ratio = np.exp(lik_proposal - lik)
4150
2023-11-15 01:58:26
4200
2023-11-15 02:05:27
elapsed:  27388.4  seconds
/projects/muyang@colostate.edu/software/anaconda/envs/testenv/lib/python3.11/site-packages/numpy/lib/function_base.py:2455: RuntimeWarning: divide by zero encountered in func (vectorized)
  outputs = ufunc(*inputs)
/projects/muyang@colostate.edu/software/anaconda/envs/testenv/lib/python3.11/site-packages/numpy/lib/function_base.py:2455: RuntimeWarning: invalid value encountered in func (vectorized)
  outputs = ufunc(*inputs)
/projects/muyang@colostate.edu/GEV_simulation/data/scenario2_20231114/simulation_5/MCMC.py:1004: RuntimeWarning: overflow encountered in exp
  ratio = np.exp(lik_proposal - lik)
4250
2023-11-15 02:11:59
4300
2023-11-15 02:18:47
elapsed:  28187.7  seconds
/projects/muyang@colostate.edu/software/anaconda/envs/testenv/lib/python3.11/site-packages/numpy/lib/function_base.py:2455: RuntimeWarning: divide by zero encountered in func (vectorized)
  outputs = ufunc(*inputs)
/projects/muyang@colostate.edu/software/anaconda/envs/testenv/lib/python3.11/site-packages/numpy/lib/function_base.py:2455: RuntimeWarning: invalid value encountered in func (vectorized)
  outputs = ufunc(*inputs)
/projects/muyang@colostate.edu/GEV_simulation/data/scenario2_20231114/simulation_5/MCMC.py:1004: RuntimeWarning: overflow encountered in exp
  ratio = np.exp(lik_proposal - lik)
4350
2023-11-15 02:25:49
4400
2023-11-15 02:32:39
elapsed:  29019.7  seconds
/projects/muyang@colostate.edu/software/anaconda/envs/testenv/lib/python3.11/site-packages/numpy/lib/function_base.py:2455: RuntimeWarning: divide by zero encountered in func (vectorized)
  outputs = ufunc(*inputs)
/projects/muyang@colostate.edu/software/anaconda/envs/testenv/lib/python3.11/site-packages/numpy/lib/function_base.py:2455: RuntimeWarning: invalid value encountered in func (vectorized)
  outputs = ufunc(*inputs)
/projects/muyang@colostate.edu/GEV_simulation/data/scenario2_20231114/simulation_5/MCMC.py:1004: RuntimeWarning: overflow encountered in exp
  ratio = np.exp(lik_proposal - lik)
4450
2023-11-15 02:38:50
4500
2023-11-15 02:44:46
elapsed:  29746.8  seconds
/projects/muyang@colostate.edu/software/anaconda/envs/testenv/lib/python3.11/site-packages/numpy/lib/function_base.py:2455: RuntimeWarning: divide by zero encountered in func (vectorized)
  outputs = ufunc(*inputs)
/projects/muyang@colostate.edu/software/anaconda/envs/testenv/lib/python3.11/site-packages/numpy/lib/function_base.py:2455: RuntimeWarning: invalid value encountered in func (vectorized)
  outputs = ufunc(*inputs)
/projects/muyang@colostate.edu/GEV_simulation/data/scenario2_20231114/simulation_5/MCMC.py:1004: RuntimeWarning: overflow encountered in exp
  ratio = np.exp(lik_proposal - lik)
4550
2023-11-15 02:51:21
4600
2023-11-15 02:59:05
elapsed:  30606.6  seconds
/projects/muyang@colostate.edu/software/anaconda/envs/testenv/lib/python3.11/site-packages/numpy/lib/function_base.py:2455: RuntimeWarning: divide by zero encountered in func (vectorized)
  outputs = ufunc(*inputs)
/projects/muyang@colostate.edu/software/anaconda/envs/testenv/lib/python3.11/site-packages/numpy/lib/function_base.py:2455: RuntimeWarning: invalid value encountered in func (vectorized)
  outputs = ufunc(*inputs)
/projects/muyang@colostate.edu/GEV_simulation/data/scenario2_20231114/simulation_5/MCMC.py:1004: RuntimeWarning: overflow encountered in exp
  ratio = np.exp(lik_proposal - lik)
4650
2023-11-15 03:06:07
4700
2023-11-15 03:13:23
elapsed:  31464.2  seconds
/projects/muyang@colostate.edu/software/anaconda/envs/testenv/lib/python3.11/site-packages/numpy/lib/function_base.py:2455: RuntimeWarning: divide by zero encountered in func (vectorized)
  outputs = ufunc(*inputs)
/projects/muyang@colostate.edu/software/anaconda/envs/testenv/lib/python3.11/site-packages/numpy/lib/function_base.py:2455: RuntimeWarning: invalid value encountered in func (vectorized)
  outputs = ufunc(*inputs)
/projects/muyang@colostate.edu/GEV_simulation/data/scenario2_20231114/simulation_5/MCMC.py:1004: RuntimeWarning: overflow encountered in exp
  ratio = np.exp(lik_proposal - lik)
4750
2023-11-15 03:20:02
4800
2023-11-15 03:26:58
elapsed:  32279.6  seconds
/projects/muyang@colostate.edu/software/anaconda/envs/testenv/lib/python3.11/site-packages/numpy/lib/function_base.py:2455: RuntimeWarning: divide by zero encountered in func (vectorized)
  outputs = ufunc(*inputs)
/projects/muyang@colostate.edu/software/anaconda/envs/testenv/lib/python3.11/site-packages/numpy/lib/function_base.py:2455: RuntimeWarning: invalid value encountered in func (vectorized)
  outputs = ufunc(*inputs)
/projects/muyang@colostate.edu/GEV_simulation/data/scenario2_20231114/simulation_5/MCMC.py:1004: RuntimeWarning: overflow encountered in exp
  ratio = np.exp(lik_proposal - lik)
4850
2023-11-15 03:34:36
4900
2023-11-15 03:41:22
elapsed:  33143.1  seconds
/projects/muyang@colostate.edu/software/anaconda/envs/testenv/lib/python3.11/site-packages/numpy/lib/function_base.py:2455: RuntimeWarning: divide by zero encountered in func (vectorized)
  outputs = ufunc(*inputs)
/projects/muyang@colostate.edu/software/anaconda/envs/testenv/lib/python3.11/site-packages/numpy/lib/function_base.py:2455: RuntimeWarning: invalid value encountered in func (vectorized)
  outputs = ufunc(*inputs)
/projects/muyang@colostate.edu/GEV_simulation/data/scenario2_20231114/simulation_5/MCMC.py:1004: RuntimeWarning: overflow encountered in exp
  ratio = np.exp(lik_proposal - lik)
4950
2023-11-15 03:47:43
elapsed:  33952.8  seconds
/projects/muyang@colostate.edu/software/anaconda/envs/testenv/lib/python3.11/site-packages/numpy/lib/function_base.py:2455: RuntimeWarning: divide by zero encountered in func (vectorized)
  outputs = ufunc(*inputs)
/projects/muyang@colostate.edu/software/anaconda/envs/testenv/lib/python3.11/site-packages/numpy/lib/function_base.py:2455: RuntimeWarning: invalid value encountered in func (vectorized)
  outputs = ufunc(*inputs)
/projects/muyang@colostate.edu/GEV_simulation/data/scenario2_20231114/simulation_5/MCMC.py:1004: RuntimeWarning: overflow encountered in exp
  ratio = np.exp(lik_proposal - lik)
total time:  33968.0  seconds
true R:  [[1.26903295e+00 1.74336376e-01 1.54118394e-01 4.05990141e+00
  4.73361393e+00 7.73097652e-01 4.54468311e+02 1.37378583e+00
  5.66012849e-01 3.21269407e-01 1.90446134e+00 1.44045620e+01
  1.31519569e+01 1.65507193e-01 8.29738505e+00 8.50275094e-01
  7.09299734e-01 3.94044578e+01 1.16984311e+00 1.73719460e+00
  3.28021474e+00 1.75051796e-01 2.96718279e-01 7.65028757e+00
  7.83141284e+00 2.27952454e+00 5.61729356e-01 4.64413500e-01
  1.83459318e+01 8.85937173e-02 6.33306080e-01 1.04870829e-01
  1.03680782e+01 1.60571761e+00 7.70217865e-01 9.23482917e-01
  7.47384240e-01 8.01047773e+00 4.01132438e+00 1.06965370e+01
  9.97058095e-02 2.54867674e+01 7.11658129e+01 5.84025799e+00
  2.67988456e-01 6.59716389e-01 3.19192150e+02 1.19354921e-01
  4.06597190e+00 5.65659225e+00 4.40027413e+01 2.11318960e+00
  1.20866922e+02 6.57293433e-01 2.05993858e+01 1.03483570e+02
  1.21684538e+01 2.10902789e+00 3.24621761e-01 2.72564394e+00
  2.02197218e-01 3.04202749e-01 9.00959192e+00 7.59620659e+02]
 [5.94817940e+00 1.52238414e-01 4.85414617e-01 4.55848634e-01
  7.52528332e+00 1.13703811e+00 1.66603990e+02 7.05776388e-01
  8.52606127e+01 9.78015503e+03 1.73870735e+01 4.68835854e-01
  1.09606271e+00 4.92645149e-01 4.41898141e+00 7.84320123e-01
  1.67798024e+01 1.21664638e+02 3.74454109e+00 2.46981498e+00
  6.31708059e-01 8.78923145e-01 1.04014609e+01 2.68166072e+00
  9.87100401e-01 1.79494071e-01 9.79761007e-01 9.31935529e+01
  3.62394439e-01 1.06357013e-01 1.38356639e-01 2.91262403e+00
  1.13895774e-01 4.13195816e+00 3.67101260e-01 6.16478884e+01
  3.42979354e-01 8.17137028e+00 1.07049152e-01 9.52403429e+00
  5.70597153e+00 4.78006031e-01 2.22791389e+01 1.53710541e+00
  3.33009237e+01 1.61180465e+00 1.73686483e+00 9.34418027e-01
  1.10175005e+01 3.76091712e-01 1.48758979e-01 1.72209426e-01
  3.25300613e+01 7.61674597e+02 1.96489838e+00 1.33314836e-01
  5.10163754e-01 1.26330832e+01 2.58015829e+00 2.41415698e+00
  2.92241023e-01 1.43984820e+01 1.21938040e+00 2.22993869e-01]
 [4.70019791e+00 2.60266415e-01 3.82999711e-01 2.21325161e+02
  1.13770309e+00 3.31841785e-01 1.58714608e+00 1.06469839e+01
  7.78189467e-01 1.69048786e-01 8.13470530e-01 2.86092901e-01
  2.13665037e-01 1.42571361e+01 1.47960392e-01 1.05980898e+00
  7.16798346e-01 3.26151836e+00 5.89368199e-01 3.36277131e-01
  2.00315460e+00 1.44309115e-01 1.15391217e+00 8.20839930e-01
  6.52624388e-01 4.59819209e-01 5.84776533e+02 4.64262831e-01
  6.53334664e+01 5.34732476e-01 2.75002313e+04 1.17370885e+00
  3.84616681e-01 2.74255263e+00 2.01884516e+00 1.81547358e-01
  2.97193738e-01 3.38168804e+01 1.11659748e+00 3.07072484e+00
  5.43517207e-01 1.23411058e+01 2.01513141e-01 2.14773131e-01
  1.20846372e+00 1.94277001e+01 3.99481468e+00 4.52620525e-01
  4.35595322e-01 2.71330875e-01 4.37013973e+01 6.41473154e+00
  8.80943541e-01 4.09821451e-01 6.58105837e+02 3.16239793e+00
  4.44567030e+01 7.07004602e+00 1.76092061e-01 5.74833800e-01
  2.70770579e+01 6.27354962e-01 1.19834312e+00 1.43402551e+01]
 [4.10396758e-02 8.17750753e-02 6.42340135e+00 3.80120863e-01
  5.79003379e-01 2.40529834e+00 2.37914486e-01 1.39511096e+00
  1.46160550e-01 1.49068512e+00 6.25186754e-01 7.48886160e-01
  7.30737608e-01 5.13437832e-01 1.61434970e-01 5.20812198e+00
  1.70935040e+00 8.82126923e+00 2.35707578e+01 1.93381967e+01
  3.84376306e+00 1.30160178e+00 2.22636575e-01 3.81369021e-01
  1.27611479e+01 4.56924580e-01 7.04785179e-01 5.65525578e-01
  1.35969612e+00 4.41957136e-01 1.06265227e+02 2.54980873e+02
  6.05343736e-01 2.23936678e-01 1.60739403e-01 1.56811810e+02
  5.65283988e+02 5.24345196e+00 9.23624486e-02 1.06414168e+00
  2.66242573e-01 2.90512997e+00 2.30615699e+00 3.20530962e+00
  1.55519889e+00 3.20634064e+01 3.00809767e-01 1.07647422e+00
  1.38885505e+03 4.80980690e-01 2.42057750e+00 1.54000693e+00
  8.63923749e-01 3.23650435e+00 1.77687193e-01 8.28739889e-01
  7.76551579e-01 2.44045210e+02 9.29852728e-01 5.18029374e+00
  2.03773695e-01 1.02896755e+00 1.58353951e+01 1.14701855e+00]
 [4.47706751e-01 2.27790830e+01 7.74782948e-01 1.39208817e+00
  3.58614196e+02 8.98980836e-01 1.92397919e+00 3.76640212e+00
  1.36765197e+00 4.75918241e-01 2.39752009e+00 1.42367746e+01
  1.86976096e+00 1.19015316e+01 2.16956177e+00 3.23484718e+00
  7.74151218e+00 6.05806734e-01 2.98896557e-01 5.74288699e+00
  2.17350103e-01 2.52748086e-01 3.44588039e+00 1.04176788e-01
  4.07500863e+01 1.33650404e+00 4.69179160e+01 1.16265280e+00
  4.89964022e-01 3.49733300e+00 4.88046126e-01 7.74604010e-01
  7.39520863e+02 3.79097490e+01 8.00043178e-01 6.59790398e-01
  9.26123712e+00 3.39872686e+01 5.75190289e+00 1.35131568e+01
  4.47846867e+00 1.14466269e-01 5.67601922e-01 2.26914177e-01
  5.15984725e-01 3.50400710e+03 2.23274623e+00 3.91398807e-01
  3.72134093e-01 3.37389945e+00 1.44632986e+00 4.00709653e+00
  6.92069455e+00 5.61511931e-01 9.80419880e-01 5.23022853e-01
  3.66224718e+01 4.33367524e+02 4.98314444e-01 5.80433096e-01
  2.98326218e+00 6.23657522e+02 5.66851318e-01 1.28921081e+01]
 [1.79063445e-01 9.04040719e-02 1.21893866e+00 3.20993142e+02
  3.40445339e+01 6.23717809e-01 4.33808343e+00 1.99314226e-01
  2.90945276e-01 8.40531602e-01 6.32458091e+00 3.27926544e+00
  7.82299916e-01 4.49991988e+00 1.97421297e+00 5.01032226e-01
  1.79209730e-01 1.95296243e-01 1.40449093e+00 1.71307494e-01
  6.17473859e-01 5.67366280e+01 2.91319898e+00 9.22983932e-01
  5.48793229e-01 2.81697283e-01 1.42203173e-01 2.94695457e+00
  2.72470866e-01 7.13886211e-01 8.62509008e+00 1.39675035e+00
  3.30504048e-01 1.02113316e+00 3.93963553e-01 3.14349197e+01
  4.43249407e+00 4.72265617e+01 1.08633105e+00 1.34084927e-01
  1.03445346e+00 8.98003745e-02 9.22258506e-01 1.80585936e-01
  3.01730230e+01 7.26627792e+01 1.10578055e+02 5.37410326e+00
  2.11001014e-01 1.33695538e+00 7.65180679e+00 5.39008458e+00
  3.19338843e+00 3.01983493e+00 1.78346035e+01 4.24917166e+05
  1.23771463e+00 8.37525303e-01 5.54288112e-01 2.31975934e+02
  1.42017232e+00 6.23908770e+00 5.75853126e-01 1.52202791e+01]
 [3.23889338e+00 1.40185505e+01 1.93411422e+00 9.64966940e-02
  3.36194315e+02 6.96621104e-01 3.25393676e+01 2.28719816e-01
  1.34817235e+01 5.48969724e-01 9.18211949e+00 2.76066394e-01
  3.88612651e+00 4.59871962e+00 7.38319917e-01 8.20738440e-02
  1.62852351e+00 1.52081745e+00 1.28568946e+00 1.79196149e-01
  9.88396354e+01 7.41633039e-01 7.59927717e-01 4.99055914e+01
  5.44871901e-01 7.07842011e-01 4.51193569e-01 3.06065458e+00
  1.01422394e-01 8.90634505e-01 5.21328399e-01 1.38642919e+02
  3.31237381e-01 2.08271056e-01 6.77459731e+01 8.87249751e-02
  1.96389914e-01 5.84104795e+00 1.44040910e+04 6.64305242e-01
  1.30591769e-01 2.25376037e+00 1.11248738e+00 6.41310603e+00
  1.45674400e+00 1.05984330e+01 5.39251415e-01 1.23397131e-01
  5.87283473e+00 4.15241056e+00 4.97116741e-01 1.85548812e+00
  2.01456585e+00 6.15125328e-01 2.42671545e-01 1.99158746e-01
  2.93904549e-01 1.53853748e+00 5.01635898e+00 1.07573418e+01
  1.69941036e+00 1.16879520e+02 1.02466479e+02 5.96072564e-01]
 [1.41141725e+00 6.72920935e+00 1.46284795e+00 2.79132167e+00
  1.88079537e+00 5.98495546e+00 2.13397355e-01 8.59348869e-01
  2.20316029e-01 4.03276161e+00 2.20385383e-01 2.68053713e+00
  1.33031228e+00 3.89678760e+00 1.43987191e+01 2.60718549e-01
  3.73090303e+00 1.18329547e-01 1.55299444e-01 1.76120301e-01
  1.69668581e+00 4.72977814e-01 5.23476668e-01 5.45918788e+00
  3.85490961e-01 1.01264104e+00 2.26440484e-01 1.19376387e+00
  1.43742214e+01 2.19078603e+00 4.92735830e+03 1.03730784e+00
  6.40816791e+00 1.43335473e+00 1.06434726e-01 1.98116805e-01
  5.00520759e-01 1.81626027e-01 2.64556889e+00 9.36954406e+00
  8.90874739e-01 1.70431000e+00 6.75000327e-01 1.25655078e+00
  7.21656255e+00 7.76475470e-02 4.25745273e+00 1.32772858e-01
  2.58482110e+01 1.12554182e-01 5.42050230e-01 1.73687167e-01
  2.26222153e-01 9.12211603e+00 2.06373112e+01 1.15335046e+00
  4.43513981e-01 6.54567188e+01 3.40701246e+00 2.90913327e+00
  6.42030529e+00 1.60077917e+00 2.79120515e+00 3.90193185e-01]
 [8.48652949e-01 2.48559060e+00 4.59981884e+00 2.26360772e+02
  4.46646449e-01 2.70212487e-01 5.03907480e+00 7.45774547e-01
  9.98498970e-01 1.70247640e+00 3.49404195e-01 2.64391444e-01
  6.18040230e-01 3.10084966e-01 2.32925003e+00 1.91976891e+01
  1.57328280e+00 1.60614203e+00 3.41813940e-01 3.40446625e+00
  1.71276092e-01 3.88799988e-01 8.12090325e+02 1.37635354e-01
  3.95176158e+00 3.22889438e-01 1.07594713e+00 4.22392576e-01
  9.16273377e-02 1.92896752e-01 9.99850250e-02 6.77016287e+01
  1.69062217e-01 5.19774925e-01 9.06654406e+04 1.70417566e+00
  2.50723643e-01 2.26619406e+01 2.80234820e+00 1.12069756e+00
  7.69321552e+01 2.54994743e+00 6.44058747e-01 1.94349636e+01
  2.17976737e+00 4.16670383e+00 1.00037638e+01 2.05843516e-01
  1.71975650e-01 2.20686107e+02 1.86813317e+00 2.75516063e+00
  3.19467800e-01 3.57475797e-01 1.08282236e+04 6.97587628e-01
  2.67127775e-01 5.36202522e-01 5.46376850e-01 2.62796795e+00
  9.34103100e-01 1.71654029e+00 4.37487773e-01 4.01625981e+00]]
