1
50
2023-11-11 22:34:29
100
2023-11-11 22:35:59
elapsed:  178.8  seconds
150
2023-11-11 22:37:34
200
2023-11-11 22:39:06
elapsed:  365.4  seconds
250
2023-11-11 22:40:40
300
2023-11-11 22:42:13
elapsed:  552.4  seconds
350
2023-11-11 22:43:47
400
2023-11-11 22:45:21
elapsed:  740.1  seconds
450
2023-11-11 22:46:57
500
2023-11-11 22:48:28
elapsed:  927.6  seconds
550
2023-11-11 22:50:03
600
2023-11-11 22:51:37
elapsed:  1115.9  seconds
650
2023-11-11 22:53:11
700
2023-11-11 22:54:43
elapsed:  1302.9  seconds
750
2023-11-11 22:56:18
800
2023-11-11 22:57:53
elapsed:  1492.6  seconds
850
2023-11-11 22:59:28
900
2023-11-11 23:00:59
elapsed:  1678.8  seconds
950
2023-11-11 23:02:36
1000
2023-11-11 23:04:03
elapsed:  1862.0  seconds
1050
2023-11-11 23:05:36
1100
2023-11-11 23:07:09
elapsed:  2048.9  seconds
1150
2023-11-11 23:08:46
1200
2023-11-11 23:10:19
elapsed:  2238.2  seconds
1250
2023-11-11 23:11:54
1300
2023-11-11 23:13:27
elapsed:  2426.9  seconds
1350
2023-11-11 23:15:02
1400
2023-11-11 23:16:37
elapsed:  2616.3  seconds
1450
2023-11-11 23:18:12
1500
2023-11-11 23:19:46
elapsed:  2805.3  seconds
1550
2023-11-11 23:21:22
1600
2023-11-11 23:22:52
elapsed:  2991.6  seconds
1650
2023-11-11 23:24:25
1700
2023-11-11 23:25:55
elapsed:  3174.5  seconds
1750
2023-11-11 23:27:30
1800
2023-11-11 23:29:04
elapsed:  3363.7  seconds
1850
2023-11-11 23:30:40
1900
2023-11-11 23:32:13
elapsed:  3552.6  seconds
1950
2023-11-11 23:33:48
2000
2023-11-11 23:35:22
elapsed:  3741.6  seconds
2050
2023-11-11 23:36:58
2100
2023-11-11 23:38:32
elapsed:  3931.0  seconds
2150
2023-11-11 23:40:07
2200
2023-11-11 23:41:41
elapsed:  4120.3  seconds
2250
2023-11-11 23:43:17
2300
2023-11-11 23:44:50
elapsed:  4309.5  seconds
2350
2023-11-11 23:46:26
2400
2023-11-11 23:48:00
elapsed:  4499.0  seconds
2450
2023-11-11 23:49:36
2500
2023-11-11 23:51:08
elapsed:  4687.4  seconds
2550
2023-11-11 23:52:43
2600
2023-11-11 23:54:17
elapsed:  4876.3  seconds
2650
2023-11-11 23:55:53
2700
2023-11-11 23:57:23
elapsed:  5061.9  seconds
2750
2023-11-11 23:58:58
2800
2023-11-12 00:00:33
elapsed:  5252.5  seconds
2850
2023-11-12 00:02:08
2900
2023-11-12 00:03:41
elapsed:  5440.2  seconds
2950
2023-11-12 00:05:16
3000
2023-11-12 00:06:49
elapsed:  5628.7  seconds
3050
2023-11-12 00:08:24
3100
2023-11-12 00:09:53
elapsed:  5812.5  seconds
3150
2023-11-12 00:11:28
3200
2023-11-12 00:13:01
elapsed:  6000.4  seconds
3250
2023-11-12 00:14:35
3300
2023-11-12 00:16:08
elapsed:  6187.9  seconds
3350
2023-11-12 00:17:44
3400
2023-11-12 00:19:17
elapsed:  6376.7  seconds
3450
2023-11-12 00:20:51
3500
2023-11-12 00:22:21
elapsed:  6560.3  seconds
3550
2023-11-12 00:23:56
3600
2023-11-12 00:25:28
elapsed:  6747.9  seconds
3650
2023-11-12 00:27:05
3700
2023-11-12 00:28:38
elapsed:  6937.1  seconds
3750
2023-11-12 00:30:14
3800
2023-11-12 00:31:47
elapsed:  7126.5  seconds
3850
2023-11-12 00:33:22
3900
2023-11-12 00:34:55
elapsed:  7314.5  seconds
3950
2023-11-12 00:36:32
4000
2023-11-12 00:38:06
elapsed:  7505.3  seconds
4050
2023-11-12 00:39:39
4100
2023-11-12 00:41:12
elapsed:  7691.3  seconds
4150
2023-11-12 00:42:47
4200
2023-11-12 00:44:21
elapsed:  7880.0  seconds
4250
2023-11-12 00:45:56
4300
2023-11-12 00:47:29
elapsed:  8068.1  seconds
4350
2023-11-12 00:49:04
4400
2023-11-12 00:50:38
elapsed:  8257.1  seconds
4450
2023-11-12 00:52:13
4500
2023-11-12 00:53:47
elapsed:  8446.4  seconds
4550
2023-11-12 00:55:23
4600
2023-11-12 00:56:56
elapsed:  8635.8  seconds
4650
2023-11-12 00:58:32
4700
2023-11-12 01:00:06
elapsed:  8825.4  seconds
4750
2023-11-12 01:01:41
4800
2023-11-12 01:03:14
elapsed:  9013.7  seconds
4850
2023-11-12 01:04:49
4900
2023-11-12 01:06:22
elapsed:  9201.7  seconds
4950
2023-11-12 01:07:55
5000
2023-11-12 01:09:28
elapsed:  9387.3  seconds
5050
2023-11-12 01:11:05
5100
2023-11-12 01:12:39
elapsed:  9578.2  seconds
5150
2023-11-12 01:14:15
5200
2023-11-12 01:15:49
elapsed:  9768.2  seconds
5250
2023-11-12 01:17:24
5300
2023-11-12 01:18:57
elapsed:  9956.3  seconds
5350
2023-11-12 01:20:33
5400
2023-11-12 01:22:06
elapsed:  10145.7  seconds
5450
2023-11-12 01:23:43
5500
2023-11-12 01:25:16
elapsed:  10335.0  seconds
5550
2023-11-12 01:26:51
5600
2023-11-12 01:28:25
elapsed:  10524.2  seconds
5650
2023-11-12 01:30:00
5700
2023-11-12 01:31:34
elapsed:  10713.6  seconds
5750
2023-11-12 01:33:10
5800
2023-11-12 01:34:43
elapsed:  10902.8  seconds
5850
2023-11-12 01:36:19
5900
2023-11-12 01:37:53
elapsed:  11092.2  seconds
5950
2023-11-12 01:39:28
6000
2023-11-12 01:41:01
elapsed:  11280.0  seconds
6050
2023-11-12 01:42:36
6100
2023-11-12 01:44:08
elapsed:  11467.4  seconds
6150
2023-11-12 01:45:43
6200
2023-11-12 01:47:14
elapsed:  11653.1  seconds
6250
2023-11-12 01:48:47
6300
2023-11-12 01:50:20
elapsed:  11839.7  seconds
6350
2023-11-12 01:51:55
6400
2023-11-12 01:53:26
elapsed:  12025.1  seconds
6450
2023-11-12 01:55:01
6500
2023-11-12 01:56:34
elapsed:  12213.4  seconds
6550
2023-11-12 01:58:09
6600
2023-11-12 01:59:42
elapsed:  12401.8  seconds
6650
2023-11-12 02:01:19
6700
2023-11-12 02:02:52
elapsed:  12591.5  seconds
6750
2023-11-12 02:04:27
6800
2023-11-12 02:06:01
elapsed:  12780.0  seconds
6850
2023-11-12 02:07:36
6900
2023-11-12 02:09:09
elapsed:  12968.7  seconds
6950
2023-11-12 02:10:46
7000
2023-11-12 02:12:20
elapsed:  13159.0  seconds
7050
2023-11-12 02:13:55
7100
2023-11-12 02:15:29
elapsed:  13348.7  seconds
7150
2023-11-12 02:17:04
7200
2023-11-12 02:18:38
elapsed:  13537.2  seconds
7250
2023-11-12 02:20:13
7300
2023-11-12 02:21:46
elapsed:  13725.0  seconds
7350
2023-11-12 02:23:21
7400
2023-11-12 02:24:51
elapsed:  13910.7  seconds
7450
2023-11-12 02:26:28
7500
2023-11-12 02:28:02
elapsed:  14101.9  seconds
7550
2023-11-12 02:29:37
7600
2023-11-12 02:31:12
elapsed:  14291.2  seconds
7650
2023-11-12 02:32:47
7700
2023-11-12 02:34:20
elapsed:  14479.6  seconds
7750
2023-11-12 02:35:56
7800
2023-11-12 02:37:29
elapsed:  14668.9  seconds
7850
2023-11-12 02:39:04
7900
2023-11-12 02:40:38
elapsed:  14857.1  seconds
7950
2023-11-12 02:42:13
8000
2023-11-12 02:43:46
elapsed:  15045.0  seconds
8050
2023-11-12 02:45:21
8100
2023-11-12 02:46:54
elapsed:  15233.3  seconds
8150
2023-11-12 02:48:30
8200
2023-11-12 02:50:04
elapsed:  15423.0  seconds
8250
2023-11-12 02:51:39
8300
2023-11-12 02:53:12
elapsed:  15611.9  seconds
8350
2023-11-12 02:54:49
8400
2023-11-12 02:56:23
elapsed:  15802.3  seconds
8450
2023-11-12 02:57:58
8500
2023-11-12 02:59:29
elapsed:  15988.1  seconds
8550
2023-11-12 03:01:02
8600
2023-11-12 03:02:34
elapsed:  16173.8  seconds
8650
2023-11-12 03:04:06
8700
2023-11-12 03:05:38
elapsed:  16357.4  seconds
8750
2023-11-12 03:07:13
8800
2023-11-12 03:08:46
elapsed:  16545.8  seconds
8850
2023-11-12 03:10:20
8900
2023-11-12 03:11:52
elapsed:  16731.0  seconds
8950
2023-11-12 03:13:27
9000
2023-11-12 03:15:01
elapsed:  16920.5  seconds
9050
2023-11-12 03:16:37
9100
2023-11-12 03:18:09
elapsed:  17108.4  seconds
9150
2023-11-12 03:19:44
9200
2023-11-12 03:21:17
elapsed:  17296.8  seconds
9250
2023-11-12 03:22:52
9300
2023-11-12 03:24:25
elapsed:  17484.8  seconds
9350
2023-11-12 03:26:01
9400
2023-11-12 03:27:33
elapsed:  17672.4  seconds
9450
2023-11-12 03:29:08
9500
2023-11-12 03:30:42
elapsed:  17861.8  seconds
9550
2023-11-12 03:32:18
9600
2023-11-12 03:33:51
elapsed:  18050.3  seconds
9650
2023-11-12 03:35:26
/projects/muyang@colostate.edu/software/anaconda/envs/testenv/lib/python3.11/site-packages/numpy/lib/function_base.py:2455: RuntimeWarning: divide by zero encountered in func (vectorized)
  outputs = ufunc(*inputs)
/projects/muyang@colostate.edu/software/anaconda/envs/testenv/lib/python3.11/site-packages/numpy/lib/function_base.py:2455: RuntimeWarning: invalid value encountered in func (vectorized)
  outputs = ufunc(*inputs)
9700
2023-11-12 03:37:00
elapsed:  18239.4  seconds
9750
2023-11-12 03:38:36
9800
2023-11-12 03:40:10
elapsed:  18428.9  seconds
9850
2023-11-12 03:41:45
9900
2023-11-12 03:43:19
elapsed:  18618.1  seconds
9950
2023-11-12 03:44:54
10000
2023-11-12 03:46:23
elapsed:  18802.6  seconds
10050
2023-11-12 03:47:58
10100
2023-11-12 03:49:28
elapsed:  18987.4  seconds
10150
2023-11-12 03:51:03
10200
2023-11-12 03:52:35
elapsed:  19174.8  seconds
10250
2023-11-12 03:54:10
10300
2023-11-12 03:55:43
elapsed:  19362.7  seconds
10350
2023-11-12 03:57:19
10400
2023-11-12 03:58:52
elapsed:  19551.3  seconds
10450
2023-11-12 04:00:28
10500
2023-11-12 04:02:00
elapsed:  19739.6  seconds
10550
2023-11-12 04:03:36
10600
2023-11-12 04:05:07
elapsed:  19926.7  seconds
10650
2023-11-12 04:06:42
10700
2023-11-12 04:08:15
elapsed:  20114.6  seconds
10750
2023-11-12 04:09:50
10800
2023-11-12 04:11:21
elapsed:  20300.8  seconds
10850
2023-11-12 04:12:57
10900
2023-11-12 04:14:28
elapsed:  20487.9  seconds
10950
2023-11-12 04:16:04
11000
2023-11-12 04:17:37
elapsed:  20676.0  seconds
11050
2023-11-12 04:19:13
11100
2023-11-12 04:20:47
elapsed:  20865.9  seconds
11150
2023-11-12 04:22:22
11200
2023-11-12 04:23:55
elapsed:  21054.3  seconds
11250
2023-11-12 04:25:32
11300
2023-11-12 04:27:03
elapsed:  21242.1  seconds
11350
2023-11-12 04:28:37
11400
2023-11-12 04:30:09
elapsed:  21428.9  seconds
11450
2023-11-12 04:31:44
11500
2023-11-12 04:33:17
elapsed:  21616.3  seconds
11550
2023-11-12 04:34:52
11600
2023-11-12 04:36:26
elapsed:  21805.1  seconds
11650
2023-11-12 04:38:01
11700
2023-11-12 04:39:33
elapsed:  21992.9  seconds
11750
2023-11-12 04:41:10
11800
2023-11-12 04:42:43
elapsed:  22182.0  seconds
11850
2023-11-12 04:44:17
11900
2023-11-12 04:45:49
elapsed:  22368.0  seconds
11950
2023-11-12 04:47:24
12000
2023-11-12 04:48:57
elapsed:  22556.1  seconds
12050
2023-11-12 04:50:32
12100
2023-11-12 04:52:05
elapsed:  22744.0  seconds
12150
2023-11-12 04:53:40
12200
2023-11-12 04:55:14
elapsed:  22933.0  seconds
12250
2023-11-12 04:56:50
12300
2023-11-12 04:58:23
elapsed:  23122.1  seconds
12350
2023-11-12 04:59:57
12400
2023-11-12 05:01:32
elapsed:  23311.6  seconds
12450
2023-11-12 05:03:07
12500
2023-11-12 05:04:40
elapsed:  23499.8  seconds
12550
2023-11-12 05:06:16
12600
2023-11-12 05:07:49
elapsed:  23688.5  seconds
12650
2023-11-12 05:09:25
12700
2023-11-12 05:10:58
elapsed:  23877.7  seconds
12750
2023-11-12 05:12:34
12800
2023-11-12 05:14:06
elapsed:  24065.9  seconds
12850
2023-11-12 05:15:41
12900
2023-11-12 05:17:12
elapsed:  24251.6  seconds
12950
2023-11-12 05:18:47
13000
2023-11-12 05:20:20
elapsed:  24439.4  seconds
13050
2023-11-12 05:21:54
13100
2023-11-12 05:23:29
elapsed:  24627.9  seconds
13150
2023-11-12 05:25:04
13200
2023-11-12 05:26:37
elapsed:  24816.7  seconds
13250
2023-11-12 05:28:13
13300
2023-11-12 05:29:46
elapsed:  25005.1  seconds
13350
2023-11-12 05:31:20
13400
2023-11-12 05:32:53
elapsed:  25192.5  seconds
13450
2023-11-12 05:34:28
13500
2023-11-12 05:36:01
elapsed:  25380.6  seconds
13550
2023-11-12 05:37:37
13600
2023-11-12 05:39:09
elapsed:  25568.8  seconds
13650
2023-11-12 05:40:45
13700
2023-11-12 05:42:18
elapsed:  25757.0  seconds
13750
2023-11-12 05:43:53
13800
2023-11-12 05:45:22
elapsed:  25941.6  seconds
13850
2023-11-12 05:46:56
13900
2023-11-12 05:48:23
elapsed:  26122.8  seconds
13950
2023-11-12 05:49:55
14000
2023-11-12 05:51:23
elapsed:  26302.5  seconds
14050
2023-11-12 05:52:57
14100
2023-11-12 05:54:24
elapsed:  26483.4  seconds
14150
2023-11-12 05:55:59
14200
2023-11-12 05:57:31
elapsed:  26670.0  seconds
14250
2023-11-12 05:59:05
14300
2023-11-12 06:00:39
elapsed:  26858.2  seconds
14350
2023-11-12 06:02:14
14400
2023-11-12 06:03:48
elapsed:  27047.5  seconds
14450
2023-11-12 06:05:24
14500
2023-11-12 06:06:57
elapsed:  27236.8  seconds
14550
2023-11-12 06:08:33
14600
2023-11-12 06:10:06
elapsed:  27425.0  seconds
14650
2023-11-12 06:11:42
14700
2023-11-12 06:13:14
elapsed:  27613.7  seconds
14750
2023-11-12 06:14:50
14800
2023-11-12 06:16:22
elapsed:  27801.9  seconds
14850
2023-11-12 06:17:58
14900
2023-11-12 06:19:31
elapsed:  27990.7  seconds
14950
2023-11-12 06:21:07
elapsed:  28179.0  seconds
total time:  28183.5  seconds
true R:  [[3.78841348e+00 1.17533707e-01 7.09381674e-01 1.08464077e+01
  1.46942453e+00 3.58382638e-01 4.98071738e-01 9.64139853e+00
  1.09363382e-01 1.32310000e+00 4.43308722e-01 5.00705929e-01
  4.07600537e-01 3.99570640e+00 3.78400705e-01 1.11584258e+00
  1.88763908e+00 6.63763187e-01 6.37466853e+00 5.23051511e-01
  1.28690261e+00 1.52235042e+00 3.36641673e-01 6.38242112e-01
  7.25272640e+01 1.62466128e+01 2.35837168e+00 7.36484963e-02
  1.43505205e+03 9.99704699e+01 1.21517974e+00 1.85532532e+00
  1.19294665e-01 1.19349726e+01 3.01113239e+01 9.10402527e+00
  1.01883199e+02 1.04597677e+00 3.06931969e+00 2.43029066e-01
  9.19818142e-01 1.62482016e-01 7.04955180e-01 5.86552359e-01
  2.59240811e+01 3.04246525e-01 2.00647286e-01 4.69065270e-01
  4.87104332e+00 2.00618376e-01 3.29397697e-01 1.77946853e-01
  5.12271104e-01 4.85905089e+00 6.15603549e+01 1.08274649e+00
  2.81491722e-01 2.55641926e-01 2.25112436e-01 6.63380563e+03
  5.17277797e-01 1.24411419e+00 2.37760156e+02 3.26493127e-01]
 [1.10874246e+00 1.19918749e+00 7.34977240e-01 7.28275724e+00
  4.61225659e-01 1.26397044e+00 1.56330849e+01 5.35076426e-01
  8.29946379e-01 1.10117865e+00 8.14702959e-01 3.56596588e+00
  1.74007228e-01 5.82963373e+00 1.24492527e-01 1.08320767e-01
  1.13601147e-01 1.83206180e+01 2.37113496e-01 1.75233602e+00
  1.42162497e+02 6.56549647e+00 3.33860017e-01 1.47345603e+00
  7.45009185e-01 4.92983435e+01 1.27399715e-01 1.48982273e+00
  3.80269276e+01 1.18000930e+00 1.28381246e+02 4.41588026e+00
  3.34004773e+01 6.89616919e+01 2.31532486e-01 2.18920904e-01
  2.39302706e-01 4.85542718e-01 2.05862648e+01 3.24477451e-01
  7.00787524e+00 8.48128470e-01 2.12859975e+00 4.92654743e-01
  1.60556810e+01 5.47327702e+02 2.24548482e-01 1.86217118e+00
  2.09912325e+00 2.35346730e-01 1.31932879e+00 3.04484595e+00
  7.48697300e-01 2.41297193e-01 5.06563072e-01 2.16715849e+00
  7.18346297e+00 3.93217591e+01 2.80188514e-01 1.06379375e+01
  2.89606111e-01 5.99449437e+02 5.61908221e+00 2.02526397e+01]
 [1.14547652e+00 1.54205708e+00 1.31514690e+02 1.70566436e+00
  2.69704359e-01 1.20296359e-01 9.70671244e-01 2.55215268e+01
  5.12983720e+00 4.14863080e+01 2.76935069e+00 3.97508452e-01
  4.90424894e-01 4.49180180e+04 1.68723994e+00 6.91285261e-01
  1.70818095e+00 7.87271855e-01 9.48205506e+00 6.24714498e+00
  3.79945160e+00 7.14031438e-01 3.32902973e+00 1.97152031e-01
  7.42313569e-02 4.29591384e-01 1.27816946e+02 4.97882267e+00
  7.10404621e-01 5.78212660e+01 2.14182586e+00 1.31353738e+00
  4.22740979e+00 1.37143475e+00 1.73136333e+00 3.12975879e+01
  3.88743217e-01 3.40965202e-01 3.02651996e+00 1.33397503e+00
  5.32256537e-01 4.58508117e-01 4.83127456e+00 1.25088677e+01
  3.73692870e+00 3.96351878e-01 7.43900759e-01 1.31856084e+00
  2.90554540e+00 9.94703931e-01 4.40836180e+00 1.44380759e-01
  5.66802491e-01 4.60711298e+02 5.17586736e-01 1.27611608e+01
  2.71986353e+01 1.03702865e+00 5.19671045e-01 7.87586035e-01
  5.90398581e+00 3.65679824e+00 3.45688365e-01 3.73107644e+01]
 [5.12828476e+03 3.87506443e+00 1.30160148e+00 1.01146310e+00
  8.34790271e-02 1.09153847e+03 6.64211105e-01 1.14952784e+02
  1.01100132e+00 1.91196418e-01 7.28096749e-01 3.44661952e+00
  4.62040258e-01 1.39437939e+01 3.46950470e-01 3.98605195e+01
  8.78995792e-01 6.20868460e+02 6.48212619e+00 1.48909325e-01
  1.22762062e+00 1.77907485e+01 1.57331658e+00 1.63130540e-01
  7.43132492e-01 3.76593115e+00 6.13309270e-01 1.41304148e+01
  6.94350478e+01 1.79137525e+00 1.62970842e+00 6.55986355e-01
  1.39830044e+00 2.92573287e-01 8.52744901e-01 2.76727542e-01
  2.39354961e+00 2.89357452e-01 3.53625729e+00 7.52053999e-01
  7.74753465e-01 5.13635504e-01 1.22919306e+00 4.37229072e+02
  6.51352402e+00 4.01162452e+01 3.87157099e-01 4.05351429e-01
  5.23774427e-01 1.42528781e+00 1.24892201e+00 1.90618901e+01
  7.90141902e-02 3.81297738e-01 1.07317163e+00 5.40786623e+00
  1.34460412e-01 6.17665581e-01 5.32507248e-01 1.16553290e-01
  1.90348707e+02 1.02206574e+01 2.51984690e-01 1.59076089e-01]
 [9.59679661e-02 1.31346321e+00 2.91417709e-01 1.23957804e+01
  8.95169843e+00 9.43029644e+00 1.47821572e+01 5.58664693e-02
  3.81003421e+00 5.56119527e-01 1.57783923e+00 2.86666103e-01
  8.02950692e-01 6.43390973e+00 1.47780076e-01 6.01683264e-01
  1.47827989e+00 4.74251283e+00 1.03900932e+00 1.03387611e-01
  2.89221561e+03 3.27871391e-01 8.34882488e-02 4.58287402e-01
  6.36588791e-01 3.46536343e+00 1.94253284e-01 6.08448701e-01
  7.69858263e-01 3.46003420e+01 1.85386161e-01 1.40129604e+00
  1.13907798e+00 2.04439462e+00 2.69367463e-01 1.70292769e+00
  5.03094156e-01 1.13219725e+00 1.19292947e+00 6.06367004e+00
  5.65315674e+00 3.67290611e+00 6.79108641e-01 8.75374225e-01
  2.32537446e+00 2.23807966e+00 5.04572052e+01 1.01592203e+00
  1.06180943e+00 3.60407881e-02 4.65291611e-01 2.11708061e-01
  1.50080752e+00 2.45961917e-01 1.77070211e-01 2.43077103e+00
  1.42066687e+00 2.37066130e-01 4.45673070e+00 4.63798807e+01
  7.81257757e-01 6.27639225e-01 1.02354833e+00 4.33440910e-01]
 [6.04132920e+00 3.12373562e+02 1.36227618e+00 6.60151570e-01
  8.11256137e-01 6.69927382e+00 2.79582833e-01 1.58076190e+00
  2.56498380e+00 2.59862243e-01 6.92618330e+00 9.41743952e+00
  2.95328950e+00 5.14702934e+00 7.58032843e-02 2.68435800e+00
  1.34321704e-01 2.06954959e+00 3.97590568e-01 5.84488360e-01
  9.88591292e-01 2.71702236e+01 8.63803849e-01 7.23414403e+01
  3.23916615e-01 2.01093065e-01 3.51290778e+00 2.49183295e+00
  1.27085399e+00 7.73395248e-01 2.44993902e-01 7.53958753e-02
  4.91523463e+03 1.52908903e+01 4.61471402e-01 3.42051321e-01
  3.25133561e-01 5.72286426e-01 7.58214299e-01 2.66292942e-01
  1.36917622e-01 3.81983090e-01 2.02275793e+02 7.45247850e+01
  5.90541202e-01 2.43555365e+00 5.35635304e+01 5.58692565e-01
  6.39054297e-02 5.03938694e-01 1.17773321e-01 3.66978617e+00
  2.97727793e-01 1.18589446e+00 4.24567889e-01 2.47260854e+00
  6.19594962e-01 7.30195038e+01 2.35366440e-01 1.53581707e-01
  1.67833575e-01 3.20672238e-01 3.12255293e-01 1.35700809e-01]
 [7.19412128e-01 5.28963613e+00 3.30794422e-01 8.38285578e+00
  5.17894521e-01 1.68425803e-01 6.81510483e-01 1.60862665e-01
  4.01282627e+00 7.90909107e-01 1.27972640e-01 5.04613111e-01
  3.84728295e+00 8.22662498e+01 5.64549578e+01 2.57189950e-01
  2.10946105e-01 2.54074866e+00 6.92065982e-01 1.64787059e-01
  2.01541911e-01 2.37997583e+00 2.73922273e-01 9.08040238e-02
  9.49684811e+00 2.10767421e+00 7.24191467e-02 7.36373903e+00
  1.67463228e-01 2.25058707e+00 1.67338724e+00 2.36698493e+00
  6.22687408e-01 5.47915434e-02 1.10634837e+00 9.03920389e-01
  2.89505601e+00 3.47234701e+01 1.53617755e-01 4.88250695e-01
  5.76899851e+01 3.97593937e+00 3.53178353e+00 2.88759390e-01
  9.39030030e-01 1.25462319e+00 2.85981670e-01 1.41773634e+00
  6.14191937e-01 4.15694126e+00 2.72283700e+03 1.80178654e+01
  5.34123186e+00 5.45147834e-01 3.14507169e-01 3.76807428e+01
  8.97947105e-01 6.55924119e+01 6.06883556e-01 6.99568417e+00
  1.89799187e+00 5.35191660e+01 5.53633000e+04 1.21111531e+00]
 [9.07708003e-01 1.05841718e+01 5.80619385e-01 2.85262567e+01
  2.89327119e-01 2.00128138e-01 4.41904622e+01 4.47668295e+00
  9.70897213e-01 6.25345105e+00 3.17821407e-01 2.08559433e+00
  1.80438750e+01 2.89046561e-01 1.47272374e-01 5.07323765e+00
  2.17667681e+01 2.91701079e-01 7.23361664e+00 3.44806562e+01
  5.63534723e+00 2.07270472e+00 4.09500417e+01 8.74152365e-01
  7.05666029e-01 7.92732822e-01 6.77713895e-01 9.05475133e-02
  1.60728071e-01 5.59329237e-01 2.80509745e-01 3.75188368e+01
  3.52778906e+00 2.76430758e+00 4.75055799e-01 2.62838865e+00
  3.12532004e-01 2.73375932e+00 5.22251039e-01 6.76035357e-01
  1.00448136e+00 3.31966817e+01 2.19679086e-01 2.45565374e+00
  1.72508474e-01 2.98695642e+00 5.33587023e+00 3.39392586e-01
  8.46133687e-01 2.88542403e+00 9.74257052e-02 1.36043766e-01
  1.18390232e-01 4.82122027e+01 6.39192029e+00 2.21659345e-01
  2.20426750e+00 1.27588149e-01 1.73709157e+00 3.94368309e-01
  3.00224620e+00 2.60577321e+00 9.24425231e-01 5.86567021e-01]
 [1.28087242e-01 8.37245379e-01 2.04926475e-01 6.77978320e-01
  9.72895039e-02 2.87391658e+01 2.17356477e-01 2.91166207e+00
  5.09866726e+03 4.40287694e-01 7.34774053e+01 1.90616296e+02
  2.35653033e+00 2.33738682e+00 5.44748567e-01 7.37390716e-01
  7.09972147e-01 1.47778693e+00 2.50395209e-01 9.33809606e+02
  2.76698092e+00 1.41658238e-01 4.38534731e-01 6.62334127e+00
  1.56740761e-01 8.70646138e-01 3.38022058e-01 2.38598484e-01
  6.98700435e+00 1.03748411e+00 5.78418536e-01 2.14153212e-01
  1.12806204e+00 1.57207547e+01 1.66859161e+00 7.87369159e+00
  6.48597092e-01 1.46454202e+00 3.13616523e+00 2.30711704e+01
  9.65096567e-01 6.92183757e-01 1.55397422e+01 2.38828310e-01
  8.08698485e-01 5.29976081e-01 3.84027817e+02 3.14432460e-01
  5.60213655e+02 2.16589917e+01 2.94579303e+01 9.20103059e-01
  3.80433460e-01 1.60092472e+01 9.94889576e+00 1.81114917e-01
  8.11571125e-01 1.08372786e-01 9.36599923e-01 1.67893237e+00
  3.55477434e+00 5.02811290e+00 3.47420833e-01 1.20564038e+04]]
