1
50
2023-11-14 18:44:49
100
2023-11-14 18:47:41
elapsed:  340.3  seconds
150
2023-11-14 18:50:36
200
2023-11-14 18:53:25
elapsed:  684.6  seconds
250
2023-11-14 18:56:16
300
2023-11-14 18:59:06
elapsed:  1025.3  seconds
350
2023-11-14 19:01:57
400
2023-11-14 19:04:47
elapsed:  1366.5  seconds
450
2023-11-14 19:07:43
/projects/muyang@colostate.edu/software/anaconda/envs/testenv/lib/python3.11/site-packages/numpy/lib/function_base.py:2455: RuntimeWarning: divide by zero encountered in func (vectorized)
  outputs = ufunc(*inputs)
/projects/muyang@colostate.edu/software/anaconda/envs/testenv/lib/python3.11/site-packages/numpy/lib/function_base.py:2455: RuntimeWarning: invalid value encountered in func (vectorized)
  outputs = ufunc(*inputs)
500
2023-11-14 19:10:36
elapsed:  1715.7  seconds
550
2023-11-14 19:13:32
600
2023-11-14 19:16:25
elapsed:  2064.8  seconds
650
2023-11-14 19:19:20
700
2023-11-14 19:22:14
elapsed:  2413.1  seconds
750
2023-11-14 19:25:10
800
2023-11-14 19:28:02
elapsed:  2761.5  seconds
850
2023-11-14 19:30:57
900
2023-11-14 19:33:51
elapsed:  3110.8  seconds
950
2023-11-14 19:36:52
1000
2023-11-14 19:39:51
elapsed:  3470.8  seconds
1050
2023-11-14 19:42:51
1100
2023-11-14 19:45:48
elapsed:  3827.4  seconds
1150
2023-11-14 19:48:46
1200
2023-11-14 19:51:45
elapsed:  4183.9  seconds
/projects/muyang@colostate.edu/software/anaconda/envs/testenv/lib/python3.11/site-packages/numpy/lib/function_base.py:2455: RuntimeWarning: divide by zero encountered in func (vectorized)
  outputs = ufunc(*inputs)
/projects/muyang@colostate.edu/software/anaconda/envs/testenv/lib/python3.11/site-packages/numpy/lib/function_base.py:2455: RuntimeWarning: invalid value encountered in func (vectorized)
  outputs = ufunc(*inputs)
1250
2023-11-14 19:54:46
1300
2023-11-14 19:57:45
elapsed:  4544.2  seconds
1350
2023-11-14 20:00:44
1400
2023-11-14 20:03:41
elapsed:  4899.9  seconds
1450
2023-11-14 20:06:36
1500
2023-11-14 20:09:29
elapsed:  5248.2  seconds
1550
2023-11-14 20:12:22
1600
2023-11-14 20:15:15
elapsed:  5594.3  seconds
1650
2023-11-14 20:18:10
1700
2023-11-14 20:21:03
elapsed:  5942.7  seconds
1750
2023-11-14 20:24:00
1800
2023-11-14 20:26:52
elapsed:  6291.2  seconds
/projects/muyang@colostate.edu/software/anaconda/envs/testenv/lib/python3.11/site-packages/numpy/lib/function_base.py:2455: RuntimeWarning: divide by zero encountered in func (vectorized)
  outputs = ufunc(*inputs)
/projects/muyang@colostate.edu/software/anaconda/envs/testenv/lib/python3.11/site-packages/numpy/lib/function_base.py:2455: RuntimeWarning: invalid value encountered in func (vectorized)
  outputs = ufunc(*inputs)
1850
2023-11-14 20:29:46
1900
2023-11-14 20:32:38
elapsed:  6637.7  seconds
1950
2023-11-14 20:35:35
/projects/muyang@colostate.edu/software/anaconda/envs/testenv/lib/python3.11/site-packages/numpy/lib/function_base.py:2455: RuntimeWarning: divide by zero encountered in func (vectorized)
  outputs = ufunc(*inputs)
/projects/muyang@colostate.edu/software/anaconda/envs/testenv/lib/python3.11/site-packages/numpy/lib/function_base.py:2455: RuntimeWarning: invalid value encountered in func (vectorized)
  outputs = ufunc(*inputs)
2000
2023-11-14 20:38:30
elapsed:  6989.1  seconds
2050
2023-11-14 20:41:28
/projects/muyang@colostate.edu/software/anaconda/envs/testenv/lib/python3.11/site-packages/numpy/lib/function_base.py:2455: RuntimeWarning: divide by zero encountered in func (vectorized)
  outputs = ufunc(*inputs)
/projects/muyang@colostate.edu/software/anaconda/envs/testenv/lib/python3.11/site-packages/numpy/lib/function_base.py:2455: RuntimeWarning: invalid value encountered in func (vectorized)
  outputs = ufunc(*inputs)
2100
2023-11-14 20:44:25
elapsed:  7344.3  seconds
/projects/muyang@colostate.edu/software/anaconda/envs/testenv/lib/python3.11/site-packages/numpy/lib/function_base.py:2455: RuntimeWarning: divide by zero encountered in func (vectorized)
  outputs = ufunc(*inputs)
/projects/muyang@colostate.edu/software/anaconda/envs/testenv/lib/python3.11/site-packages/numpy/lib/function_base.py:2455: RuntimeWarning: invalid value encountered in func (vectorized)
  outputs = ufunc(*inputs)
2150
2023-11-14 20:47:20
/projects/muyang@colostate.edu/software/anaconda/envs/testenv/lib/python3.11/site-packages/numpy/lib/function_base.py:2455: RuntimeWarning: divide by zero encountered in func (vectorized)
  outputs = ufunc(*inputs)
/projects/muyang@colostate.edu/software/anaconda/envs/testenv/lib/python3.11/site-packages/numpy/lib/function_base.py:2455: RuntimeWarning: invalid value encountered in func (vectorized)
  outputs = ufunc(*inputs)
2200
2023-11-14 20:50:14
elapsed:  7692.9  seconds
2250
2023-11-14 20:53:10
2300
2023-11-14 20:56:04
elapsed:  8043.1  seconds
2350
2023-11-14 20:58:57
2400
2023-11-14 21:01:51
elapsed:  8390.6  seconds
2450
2023-11-14 21:04:46
2500
2023-11-14 21:07:36
elapsed:  8735.6  seconds
2550
2023-11-14 21:10:29
2600
2023-11-14 21:13:21
elapsed:  9080.6  seconds
2650
2023-11-14 21:16:13
2700
2023-11-14 21:19:05
elapsed:  9423.9  seconds
2750
2023-11-14 21:21:57
2800
2023-11-14 21:24:47
elapsed:  9765.9  seconds
2850
2023-11-14 21:27:38
2900
2023-11-14 21:30:29
elapsed:  10108.6  seconds
2950
2023-11-14 21:33:22
3000
2023-11-14 21:36:13
elapsed:  10452.1  seconds
3050
2023-11-14 21:39:06
3100
2023-11-14 21:42:00
elapsed:  10799.5  seconds
3150
2023-11-14 21:44:54
3200
2023-11-14 21:47:44
elapsed:  11143.8  seconds
3250
2023-11-14 21:50:38
3300
2023-11-14 21:53:29
elapsed:  11488.5  seconds
3350
2023-11-14 21:56:22
3400
2023-11-14 21:59:12
elapsed:  11831.5  seconds
3450
2023-11-14 22:02:04
3500
2023-11-14 22:04:53
elapsed:  12171.9  seconds
3550
2023-11-14 22:07:44
3600
2023-11-14 22:10:32
elapsed:  12511.7  seconds
3650
2023-11-14 22:13:24
3700
2023-11-14 22:16:16
elapsed:  12855.9  seconds
3750
2023-11-14 22:19:12
3800
2023-11-14 22:22:04
elapsed:  13203.5  seconds
3850
2023-11-14 22:25:01
3900
2023-11-14 22:27:55
elapsed:  13554.8  seconds
3950
2023-11-14 22:30:53
4000
2023-11-14 22:33:49
elapsed:  13908.4  seconds
4050
2023-11-14 22:36:48
/projects/muyang@colostate.edu/software/anaconda/envs/testenv/lib/python3.11/site-packages/numpy/lib/function_base.py:2455: RuntimeWarning: divide by zero encountered in func (vectorized)
  outputs = ufunc(*inputs)
/projects/muyang@colostate.edu/software/anaconda/envs/testenv/lib/python3.11/site-packages/numpy/lib/function_base.py:2455: RuntimeWarning: invalid value encountered in func (vectorized)
  outputs = ufunc(*inputs)
4100
2023-11-14 22:39:45
elapsed:  14264.5  seconds
4150
2023-11-14 22:42:42
4200
2023-11-14 22:45:37
elapsed:  14616.3  seconds
4250
2023-11-14 22:48:33
4300
2023-11-14 22:51:27
elapsed:  14966.6  seconds
4350
2023-11-14 22:54:22
4400
2023-11-14 22:57:14
elapsed:  15313.8  seconds
4450
2023-11-14 23:00:10
4500
2023-11-14 23:03:03
elapsed:  15662.8  seconds
4550
2023-11-14 23:05:59
4600
2023-11-14 23:08:51
elapsed:  16010.7  seconds
4650
2023-11-14 23:11:47
4700
2023-11-14 23:14:42
elapsed:  16361.0  seconds
/projects/muyang@colostate.edu/software/anaconda/envs/testenv/lib/python3.11/site-packages/numpy/lib/function_base.py:2455: RuntimeWarning: divide by zero encountered in func (vectorized)
  outputs = ufunc(*inputs)
/projects/muyang@colostate.edu/software/anaconda/envs/testenv/lib/python3.11/site-packages/numpy/lib/function_base.py:2455: RuntimeWarning: invalid value encountered in func (vectorized)
  outputs = ufunc(*inputs)
4750
2023-11-14 23:17:38
4800
2023-11-14 23:20:33
elapsed:  16712.5  seconds
4850
2023-11-14 23:23:27
4900
2023-11-14 23:26:18
elapsed:  17057.1  seconds
4950
2023-11-14 23:29:12
elapsed:  17399.1  seconds
total time:  17404.4  seconds
true R:  [[4.19845911e-01 3.02125897e+00 1.77505309e+00 4.31966820e+00
  5.81093945e-01 1.64310243e+00 5.05162779e-01 2.89694462e+00
  5.66971658e-01 5.05585602e-02 1.94634928e+00 5.39855270e+00
  2.93932016e-01 4.88252552e+00 1.72994818e-01 1.28731838e+00
  1.28527454e+00 1.38365445e+00 2.69071854e+00 2.13287227e+00
  7.55462352e-01 1.53846125e+01 1.12872705e+00 7.62093118e-01
  1.51077194e+00 9.36362313e-01 1.60771386e+02 4.30003977e+00
  5.78558301e-01 1.78858188e+00 2.07917924e-01 3.83156842e+00
  1.34204929e+02 3.18020867e-01 2.77370290e+00 7.79277578e+00
  7.18183714e+00 2.12742649e+02 6.72650877e-01 4.50370461e-01
  8.59336692e-01 6.61803083e-01 1.19883288e+01 8.88051991e-01
  2.27596320e-01 1.44190918e+00 1.74188403e-01 4.95170478e+00
  1.35800769e+00 1.00636511e+00 4.24341662e-01 7.80916384e+00
  9.63229897e-01 2.35914661e+00 8.58268083e-01 1.55152606e-01
  1.01003015e+00 1.26986760e-01 3.84865430e+00 6.10614302e-01
  4.07041482e+00 3.28849858e+02 4.51461571e+01 3.51949297e-01]
 [9.16453770e-01 4.08616129e-01 2.70775732e-01 7.90851857e+01
  4.60098553e+00 9.45079128e+00 4.03850813e-01 1.63722539e+00
  5.05811001e-01 1.53349761e+00 1.99217317e+02 3.62422783e-01
  9.96297286e-01 1.30386159e+00 2.58038846e-01 5.22950123e-01
  1.22884506e+00 2.64350104e+00 1.10831571e+00 4.40599754e+02
  1.82462218e-01 6.86911907e-01 1.03547721e+00 5.68118926e-01
  1.59090002e+02 1.04402310e+01 8.07954823e-01 9.64273092e-01
  1.11431340e+00 1.16649605e-01 2.07608829e-01 7.52098128e+01
  1.36285903e-01 2.09289129e-01 1.54103991e+00 1.21920512e+00
  5.39052413e-01 1.11541769e+00 2.06467404e-01 3.17988831e+00
  4.93539904e+00 1.06520539e-01 6.49258750e-01 2.86662757e+00
  1.06584850e+00 1.66023750e-01 2.21106293e-01 3.63202482e-01
  1.43936228e+00 4.89982558e+00 1.21342970e+00 3.68488760e-01
  6.91174203e-01 1.79985436e-01 3.34582110e+00 2.93098974e+00
  1.85521391e-01 4.58766505e-01 2.06528938e-01 5.31422970e-01
  4.10887521e+00 4.48101722e-01 1.02458055e+01 2.23044162e+00]
 [3.90168673e-01 4.71028464e+01 4.06355319e-02 3.09139732e-01
  2.57789350e+00 3.25767418e+00 1.57186779e-01 3.86212264e+00
  4.98709256e+00 1.06262824e+00 4.14925415e+00 4.74062818e-01
  7.46344453e-01 1.39919970e+00 1.27560182e+01 6.09915122e+00
  6.75396846e+01 5.41244714e+00 9.45219668e+00 1.82866787e+02
  3.15107744e-01 1.82534857e+00 5.24716080e-01 3.22462965e+00
  8.12115336e-01 1.00561138e+00 4.01741827e-01 1.41986251e+00
  4.58144871e-01 2.55411647e-01 4.31223804e-01 1.73901984e+00
  1.87416820e+00 1.61276118e+01 1.23392802e-01 3.14022468e+01
  2.97023060e+01 4.63062260e+00 1.78221801e+00 3.25323142e+01
  4.87322419e+00 1.55485949e+01 1.10071698e+01 2.83886029e-01
  1.94704112e-01 2.13636266e-01 3.64870653e+00 3.48516721e-01
  5.69658012e+00 1.38986856e+02 3.15335301e-01 2.17622892e-01
  6.34913564e-01 1.86821424e+02 6.24075820e-01 5.76585238e+00
  3.33906749e+00 7.51050936e+00 7.83041279e-01 3.81992731e-01
  4.28312612e-01 2.82786913e-01 2.09256049e-01 2.51152516e+02]
 [5.36424902e-01 1.42978787e-01 3.03082146e+00 2.33993689e+00
  2.98202676e+01 2.48272449e+00 4.44455749e+01 7.77722267e-01
  1.17625811e+00 1.47383338e+00 1.13868531e-01 8.41436973e-01
  3.34048162e+00 2.45555242e+00 1.78552652e-01 3.31892757e+00
  4.07523986e+00 2.31307522e+00 8.72272493e-01 1.55093405e+00
  3.42614514e+03 9.37301618e+00 6.12666788e+02 6.84825394e+00
  2.20313377e+01 1.89460025e+00 2.57005439e-01 2.40841226e+01
  1.29314071e+01 6.78090703e-01 8.19975103e+00 3.15670121e+00
  1.92547073e-01 5.45442060e-01 1.13674283e-01 1.87503681e-01
  3.84921154e+00 2.69775398e-01 4.61431366e-01 5.88153973e-01
  2.49894180e-01 1.19460168e+01 9.32392263e-01 5.05529188e-01
  2.90424963e+00 5.88117366e-01 1.31313516e-01 1.20298736e+01
  4.50759043e-01 1.94561926e-01 4.83085896e-01 8.62595706e+00
  3.65149575e-01 7.05096879e-01 6.88866886e+01 4.09942487e-01
  2.39102880e+00 9.87682435e-02 1.48650190e+01 3.94654547e-01
  1.05580378e+00 2.31508596e-01 2.35656856e+00 3.66933199e-01]
 [4.79717905e+01 9.99920950e+02 3.58867127e-01 1.64859502e-01
  1.32508934e+00 9.46000187e+00 9.67819322e-01 1.56331504e-01
  1.02956576e-01 1.79334772e-01 2.82582412e-01 8.00408839e-01
  4.17397513e-01 1.04814777e-01 2.39523079e-01 7.49250712e+00
  7.25618460e-01 1.47594493e-01 1.39782477e+01 4.01032298e-01
  9.02942068e-02 2.02090932e-01 1.66724775e+00 1.63818287e-01
  4.17752806e-01 3.21206636e+00 1.39083391e+00 3.08100620e+00
  8.87198612e-01 1.16251703e-01 1.36931280e-01 2.92603372e-01
  9.41641852e-01 7.03540996e+00 1.52597918e-01 1.37189215e-01
  6.06395394e+00 4.51888881e-01 9.31827784e-01 2.94122259e+00
  1.15343986e+00 2.33842006e+00 6.93954074e+00 6.71026036e-01
  4.01926095e-01 2.12462707e+00 1.03264201e-01 5.26337679e-01
  1.22931786e+01 6.77331115e-02 7.01162087e+03 2.34105980e-01
  2.00831838e+02 4.05698310e-01 8.29125213e-01 3.91871060e-01
  5.15387939e-01 1.77541402e+00 5.15185552e-01 3.20615591e-01
  1.16301823e+00 6.82510096e-01 1.13517571e+00 2.26054880e+01]
 [3.79375760e+01 2.22335088e+02 1.15225065e+00 2.21200808e-01
  6.14143081e-01 5.73566459e+03 2.19084539e+00 4.36515185e+01
  9.25824682e-01 4.22972582e-01 1.94721354e+00 9.35873370e-02
  2.80641765e+00 9.84924277e+00 3.64540857e-01 2.92692846e+00
  3.42396037e+00 9.15756656e-01 3.84243981e-01 8.41785393e-02
  1.73767247e-01 8.48261202e-01 1.33682298e-01 7.76770493e+00
  3.58774000e+00 3.03866278e-01 1.01374613e+00 6.69783049e+01
  4.04061009e+00 1.63370809e-01 1.33361127e+01 2.11302043e+00
  1.35067291e+00 4.78899503e+00 5.35804197e-01 1.09591622e-01
  3.13140781e-01 4.71557587e-01 3.86379739e+00 1.94655735e+00
  6.19975049e-01 4.90520282e-01 8.28764721e-01 1.69034893e+00
  1.90050084e-01 8.32557242e-01 1.02335219e+01 9.03703344e-02
  7.75406446e-02 6.07165034e+00 1.95652710e-01 8.36710813e-01
  7.01182899e-01 8.06905449e-02 2.41437211e-01 1.19047565e+00
  1.42189323e+00 2.20638493e+01 8.71011153e-02 2.54927098e-01
  3.67443334e-01 5.59740400e-01 4.83113278e-01 3.43841630e-01]
 [5.62885229e-02 2.07175044e+00 6.28101483e+00 2.47501091e+01
  9.97196270e-02 9.96532618e+00 1.33451985e+02 1.93249310e+00
  2.64979013e+00 3.82681234e+01 1.84716659e+00 1.83274064e-01
  5.73648114e+00 6.29551592e+01 1.46510204e+00 4.90085368e-01
  2.23301528e+00 4.06587165e-01 1.88858103e-01 2.66727075e+00
  2.06023752e+01 1.07767350e-01 4.46090074e+01 3.34636102e+02
  1.47339264e+02 1.59763619e+00 1.80263870e+00 8.02253235e+02
  1.55077867e+00 1.05112136e+04 3.30021892e+00 2.33153946e-01
  8.37289109e+00 1.65410281e-01 1.44914398e+01 5.42579454e+00
  1.52166447e+05 1.20369158e+00 1.75252895e+00 6.81780820e+03
  5.25733295e-01 2.54463975e+00 8.73067512e+00 3.34593773e+00
  5.58423390e+01 4.18713209e-01 1.56323816e-01 2.49372185e+00
  8.23671827e-01 3.76906669e-01 2.78919793e+00 2.47770701e-01
  3.82777970e+01 2.05599860e+00 2.25003068e+01 2.54898786e-01
  1.67781693e+01 1.34663911e-01 1.09763017e+00 2.36383249e+00
  2.78359680e-01 1.06146436e+00 1.81182039e-01 4.53357485e-01]
 [6.55397864e-01 3.38236768e+01 4.57393069e-01 1.97563671e+00
  5.64659042e-01 8.58918749e+01 4.09174781e+00 1.82780831e+00
  3.59628767e-01 5.34402007e-01 2.90417801e+00 7.25925005e-02
  4.11589869e+00 2.87528655e-01 1.00024911e+02 5.20280881e-01
  1.54769183e+00 5.01764836e+00 1.39866141e+01 2.46189892e-01
  3.41376769e-01 1.37532573e+01 5.19645726e-01 2.40839375e+01
  6.26125577e-01 6.45310128e-01 7.82532349e-01 5.33248795e-01
  4.30994133e-01 8.01727993e-02 1.86239417e+00 3.66367566e+01
  4.25988357e-01 1.13647026e+01 5.59784739e-01 1.50112823e+00
  1.45424100e+00 2.54152353e+02 1.01728863e-01 1.14787192e+02
  4.28065262e-01 1.69927287e+00 2.13791635e-01 2.86504036e+01
  5.96813032e+00 8.53080738e+00 5.47512414e-01 1.48766619e+00
  3.43522596e+00 6.97649285e-01 4.57026169e+01 6.52116212e+01
  6.91582523e-01 1.30187159e+02 4.34345150e+00 3.46333597e-01
  2.05647328e-01 2.76702640e+00 6.35353077e+00 5.10621120e-01
  1.50293581e+03 1.06486003e-01 4.98085933e-01 2.81312014e+00]
 [4.40430592e-01 3.13070251e-01 1.62362183e-01 2.38355539e+00
  3.61090923e+00 1.97955987e-01 2.10858187e-01 3.18780523e-01
  1.08085827e-01 3.56727863e+00 1.13812459e+03 1.87825742e-01
  9.37902424e-01 4.44227976e-01 1.90677360e-01 5.75473593e-01
  7.69725778e-01 2.37301889e+00 2.71559840e-01 5.19960354e+00
  2.42564085e-01 4.44047584e-01 8.51267717e-01 3.96722847e+01
  3.18163669e-01 1.10532286e-01 8.54146080e+01 5.08415744e+00
  3.56193635e-01 7.42792305e+00 6.41920561e+00 1.91243864e+01
  2.89374157e+00 1.85729169e-01 1.99381563e+00 6.18793562e+00
  7.44398585e+00 2.47370436e+04 3.98919357e+00 3.85635521e-01
  1.14459727e+00 2.70413804e-01 9.31726404e+00 3.66574078e+00
  8.95828205e-01 7.88339866e-01 3.93045418e-01 1.22588302e+00
  1.31729728e+00 6.82497261e+00 1.42885122e+00 2.27155916e-01
  9.76697200e-01 3.62295843e-01 3.81417214e-01 8.67643088e-02
  5.95405557e-01 1.03260649e+00 3.40761644e+01 1.19825004e+00
  6.08977253e-01 4.82735341e+00 1.24965793e+01 9.79324947e+00]]
