1
50
2023-11-08 10:06:13
/projects/muyang@colostate.edu/software/anaconda/envs/testenv/lib/python3.11/site-packages/numpy/lib/function_base.py:2455: RuntimeWarning: divide by zero encountered in func (vectorized)
  outputs = ufunc(*inputs)
/projects/muyang@colostate.edu/software/anaconda/envs/testenv/lib/python3.11/site-packages/numpy/lib/function_base.py:2455: RuntimeWarning: invalid value encountered in func (vectorized)
  outputs = ufunc(*inputs)
/projects/muyang@colostate.edu/software/anaconda/envs/testenv/lib/python3.11/site-packages/numpy/lib/function_base.py:2455: RuntimeWarning: divide by zero encountered in func (vectorized)
  outputs = ufunc(*inputs)
/projects/muyang@colostate.edu/software/anaconda/envs/testenv/lib/python3.11/site-packages/numpy/lib/function_base.py:2455: RuntimeWarning: invalid value encountered in func (vectorized)
  outputs = ufunc(*inputs)
100
2023-11-08 10:08:04
elapsed:  218.8  seconds
/projects/muyang@colostate.edu/software/anaconda/envs/testenv/lib/python3.11/site-packages/numpy/lib/function_base.py:2455: RuntimeWarning: divide by zero encountered in func (vectorized)
  outputs = ufunc(*inputs)
/projects/muyang@colostate.edu/software/anaconda/envs/testenv/lib/python3.11/site-packages/numpy/lib/function_base.py:2455: RuntimeWarning: invalid value encountered in func (vectorized)
  outputs = ufunc(*inputs)
/projects/muyang@colostate.edu/software/anaconda/envs/testenv/lib/python3.11/site-packages/numpy/lib/function_base.py:2455: RuntimeWarning: divide by zero encountered in func (vectorized)
  outputs = ufunc(*inputs)
/projects/muyang@colostate.edu/software/anaconda/envs/testenv/lib/python3.11/site-packages/numpy/lib/function_base.py:2455: RuntimeWarning: invalid value encountered in func (vectorized)
  outputs = ufunc(*inputs)
/projects/muyang@colostate.edu/software/anaconda/envs/testenv/lib/python3.11/site-packages/numpy/lib/function_base.py:2455: RuntimeWarning: divide by zero encountered in func (vectorized)
  outputs = ufunc(*inputs)
/projects/muyang@colostate.edu/software/anaconda/envs/testenv/lib/python3.11/site-packages/numpy/lib/function_base.py:2455: RuntimeWarning: invalid value encountered in func (vectorized)
  outputs = ufunc(*inputs)
150
2023-11-08 10:09:42
/projects/muyang@colostate.edu/software/anaconda/envs/testenv/lib/python3.11/site-packages/numpy/lib/function_base.py:2455: RuntimeWarning: divide by zero encountered in func (vectorized)
  outputs = ufunc(*inputs)
/projects/muyang@colostate.edu/software/anaconda/envs/testenv/lib/python3.11/site-packages/numpy/lib/function_base.py:2455: RuntimeWarning: invalid value encountered in func (vectorized)
  outputs = ufunc(*inputs)
/projects/muyang@colostate.edu/software/anaconda/envs/testenv/lib/python3.11/site-packages/numpy/lib/function_base.py:2455: RuntimeWarning: divide by zero encountered in func (vectorized)
  outputs = ufunc(*inputs)
/projects/muyang@colostate.edu/software/anaconda/envs/testenv/lib/python3.11/site-packages/numpy/lib/function_base.py:2455: RuntimeWarning: invalid value encountered in func (vectorized)
  outputs = ufunc(*inputs)
/projects/muyang@colostate.edu/software/anaconda/envs/testenv/lib/python3.11/site-packages/numpy/lib/function_base.py:2455: RuntimeWarning: divide by zero encountered in func (vectorized)
  outputs = ufunc(*inputs)
/projects/muyang@colostate.edu/software/anaconda/envs/testenv/lib/python3.11/site-packages/numpy/lib/function_base.py:2455: RuntimeWarning: invalid value encountered in func (vectorized)
  outputs = ufunc(*inputs)
/projects/muyang@colostate.edu/software/anaconda/envs/testenv/lib/python3.11/site-packages/numpy/lib/function_base.py:2455: RuntimeWarning: divide by zero encountered in func (vectorized)
  outputs = ufunc(*inputs)
/projects/muyang@colostate.edu/software/anaconda/envs/testenv/lib/python3.11/site-packages/numpy/lib/function_base.py:2455: RuntimeWarning: invalid value encountered in func (vectorized)
  outputs = ufunc(*inputs)
/projects/muyang@colostate.edu/software/anaconda/envs/testenv/lib/python3.11/site-packages/numpy/lib/function_base.py:2455: RuntimeWarning: divide by zero encountered in func (vectorized)
  outputs = ufunc(*inputs)
/projects/muyang@colostate.edu/software/anaconda/envs/testenv/lib/python3.11/site-packages/numpy/lib/function_base.py:2455: RuntimeWarning: invalid value encountered in func (vectorized)
  outputs = ufunc(*inputs)
/projects/muyang@colostate.edu/software/anaconda/envs/testenv/lib/python3.11/site-packages/numpy/lib/function_base.py:2455: RuntimeWarning: divide by zero encountered in func (vectorized)
  outputs = ufunc(*inputs)
/projects/muyang@colostate.edu/software/anaconda/envs/testenv/lib/python3.11/site-packages/numpy/lib/function_base.py:2455: RuntimeWarning: invalid value encountered in func (vectorized)
  outputs = ufunc(*inputs)
/projects/muyang@colostate.edu/software/anaconda/envs/testenv/lib/python3.11/site-packages/numpy/lib/function_base.py:2455: RuntimeWarning: divide by zero encountered in func (vectorized)
  outputs = ufunc(*inputs)
/projects/muyang@colostate.edu/software/anaconda/envs/testenv/lib/python3.11/site-packages/numpy/lib/function_base.py:2455: RuntimeWarning: invalid value encountered in func (vectorized)
  outputs = ufunc(*inputs)
/projects/muyang@colostate.edu/software/anaconda/envs/testenv/lib/python3.11/site-packages/numpy/lib/function_base.py:2455: RuntimeWarning: divide by zero encountered in func (vectorized)
  outputs = ufunc(*inputs)
/projects/muyang@colostate.edu/software/anaconda/envs/testenv/lib/python3.11/site-packages/numpy/lib/function_base.py:2455: RuntimeWarning: invalid value encountered in func (vectorized)
  outputs = ufunc(*inputs)
/projects/muyang@colostate.edu/software/anaconda/envs/testenv/lib/python3.11/site-packages/numpy/lib/function_base.py:2455: RuntimeWarning: divide by zero encountered in func (vectorized)
  outputs = ufunc(*inputs)
/projects/muyang@colostate.edu/software/anaconda/envs/testenv/lib/python3.11/site-packages/numpy/lib/function_base.py:2455: RuntimeWarning: invalid value encountered in func (vectorized)
  outputs = ufunc(*inputs)
/projects/muyang@colostate.edu/software/anaconda/envs/testenv/lib/python3.11/site-packages/numpy/lib/function_base.py:2455: RuntimeWarning: divide by zero encountered in func (vectorized)
  outputs = ufunc(*inputs)
/projects/muyang@colostate.edu/software/anaconda/envs/testenv/lib/python3.11/site-packages/numpy/lib/function_base.py:2455: RuntimeWarning: invalid value encountered in func (vectorized)
  outputs = ufunc(*inputs)
/projects/muyang@colostate.edu/software/anaconda/envs/testenv/lib/python3.11/site-packages/numpy/lib/function_base.py:2455: RuntimeWarning: divide by zero encountered in func (vectorized)
  outputs = ufunc(*inputs)
/projects/muyang@colostate.edu/software/anaconda/envs/testenv/lib/python3.11/site-packages/numpy/lib/function_base.py:2455: RuntimeWarning: invalid value encountered in func (vectorized)
  outputs = ufunc(*inputs)
/projects/muyang@colostate.edu/software/anaconda/envs/testenv/lib/python3.11/site-packages/numpy/lib/function_base.py:2455: RuntimeWarning: divide by zero encountered in func (vectorized)
  outputs = ufunc(*inputs)
/projects/muyang@colostate.edu/software/anaconda/envs/testenv/lib/python3.11/site-packages/numpy/lib/function_base.py:2455: RuntimeWarning: invalid value encountered in func (vectorized)
  outputs = ufunc(*inputs)
/projects/muyang@colostate.edu/software/anaconda/envs/testenv/lib/python3.11/site-packages/numpy/lib/function_base.py:2455: RuntimeWarning: divide by zero encountered in func (vectorized)
  outputs = ufunc(*inputs)
/projects/muyang@colostate.edu/software/anaconda/envs/testenv/lib/python3.11/site-packages/numpy/lib/function_base.py:2455: RuntimeWarning: invalid value encountered in func (vectorized)
  outputs = ufunc(*inputs)
/projects/muyang@colostate.edu/software/anaconda/envs/testenv/lib/python3.11/site-packages/numpy/lib/function_base.py:2455: RuntimeWarning: divide by zero encountered in func (vectorized)
  outputs = ufunc(*inputs)
/projects/muyang@colostate.edu/software/anaconda/envs/testenv/lib/python3.11/site-packages/numpy/lib/function_base.py:2455: RuntimeWarning: invalid value encountered in func (vectorized)
  outputs = ufunc(*inputs)
/projects/muyang@colostate.edu/software/anaconda/envs/testenv/lib/python3.11/site-packages/numpy/lib/function_base.py:2455: RuntimeWarning: divide by zero encountered in func (vectorized)
  outputs = ufunc(*inputs)
/projects/muyang@colostate.edu/software/anaconda/envs/testenv/lib/python3.11/site-packages/numpy/lib/function_base.py:2455: RuntimeWarning: invalid value encountered in func (vectorized)
  outputs = ufunc(*inputs)
/projects/muyang@colostate.edu/software/anaconda/envs/testenv/lib/python3.11/site-packages/numpy/lib/function_base.py:2455: RuntimeWarning: divide by zero encountered in func (vectorized)
  outputs = ufunc(*inputs)
/projects/muyang@colostate.edu/software/anaconda/envs/testenv/lib/python3.11/site-packages/numpy/lib/function_base.py:2455: RuntimeWarning: invalid value encountered in func (vectorized)
  outputs = ufunc(*inputs)
/projects/muyang@colostate.edu/software/anaconda/envs/testenv/lib/python3.11/site-packages/numpy/lib/function_base.py:2455: RuntimeWarning: divide by zero encountered in func (vectorized)
  outputs = ufunc(*inputs)
/projects/muyang@colostate.edu/software/anaconda/envs/testenv/lib/python3.11/site-packages/numpy/lib/function_base.py:2455: RuntimeWarning: invalid value encountered in func (vectorized)
  outputs = ufunc(*inputs)
200
2023-11-08 10:11:27
elapsed:  421.5  seconds
250
2023-11-08 10:13:22
/projects/muyang@colostate.edu/software/anaconda/envs/testenv/lib/python3.11/site-packages/numpy/lib/function_base.py:2455: RuntimeWarning: divide by zero encountered in func (vectorized)
  outputs = ufunc(*inputs)
/projects/muyang@colostate.edu/software/anaconda/envs/testenv/lib/python3.11/site-packages/numpy/lib/function_base.py:2455: RuntimeWarning: invalid value encountered in func (vectorized)
  outputs = ufunc(*inputs)
/projects/muyang@colostate.edu/software/anaconda/envs/testenv/lib/python3.11/site-packages/numpy/lib/function_base.py:2455: RuntimeWarning: divide by zero encountered in func (vectorized)
  outputs = ufunc(*inputs)
/projects/muyang@colostate.edu/software/anaconda/envs/testenv/lib/python3.11/site-packages/numpy/lib/function_base.py:2455: RuntimeWarning: invalid value encountered in func (vectorized)
  outputs = ufunc(*inputs)
/projects/muyang@colostate.edu/software/anaconda/envs/testenv/lib/python3.11/site-packages/numpy/lib/function_base.py:2455: RuntimeWarning: divide by zero encountered in func (vectorized)
  outputs = ufunc(*inputs)
/projects/muyang@colostate.edu/software/anaconda/envs/testenv/lib/python3.11/site-packages/numpy/lib/function_base.py:2455: RuntimeWarning: invalid value encountered in func (vectorized)
  outputs = ufunc(*inputs)
/projects/muyang@colostate.edu/software/anaconda/envs/testenv/lib/python3.11/site-packages/numpy/lib/function_base.py:2455: RuntimeWarning: divide by zero encountered in func (vectorized)
  outputs = ufunc(*inputs)
/projects/muyang@colostate.edu/software/anaconda/envs/testenv/lib/python3.11/site-packages/numpy/lib/function_base.py:2455: RuntimeWarning: invalid value encountered in func (vectorized)
  outputs = ufunc(*inputs)
300
2023-11-08 10:15:12
elapsed:  646.4  seconds
/projects/muyang@colostate.edu/software/anaconda/envs/testenv/lib/python3.11/site-packages/numpy/lib/function_base.py:2455: RuntimeWarning: divide by zero encountered in func (vectorized)
  outputs = ufunc(*inputs)
/projects/muyang@colostate.edu/software/anaconda/envs/testenv/lib/python3.11/site-packages/numpy/lib/function_base.py:2455: RuntimeWarning: invalid value encountered in func (vectorized)
  outputs = ufunc(*inputs)
/projects/muyang@colostate.edu/software/anaconda/envs/testenv/lib/python3.11/site-packages/numpy/lib/function_base.py:2455: RuntimeWarning: divide by zero encountered in func (vectorized)
  outputs = ufunc(*inputs)
/projects/muyang@colostate.edu/software/anaconda/envs/testenv/lib/python3.11/site-packages/numpy/lib/function_base.py:2455: RuntimeWarning: invalid value encountered in func (vectorized)
  outputs = ufunc(*inputs)
350
2023-11-08 10:16:57
400
2023-11-08 10:18:41
elapsed:  855.6  seconds
/projects/muyang@colostate.edu/software/anaconda/envs/testenv/lib/python3.11/site-packages/numpy/lib/function_base.py:2455: RuntimeWarning: divide by zero encountered in func (vectorized)
  outputs = ufunc(*inputs)
/projects/muyang@colostate.edu/software/anaconda/envs/testenv/lib/python3.11/site-packages/numpy/lib/function_base.py:2455: RuntimeWarning: invalid value encountered in func (vectorized)
  outputs = ufunc(*inputs)
/projects/muyang@colostate.edu/software/anaconda/envs/testenv/lib/python3.11/site-packages/numpy/lib/function_base.py:2455: RuntimeWarning: divide by zero encountered in func (vectorized)
  outputs = ufunc(*inputs)
/projects/muyang@colostate.edu/software/anaconda/envs/testenv/lib/python3.11/site-packages/numpy/lib/function_base.py:2455: RuntimeWarning: invalid value encountered in func (vectorized)
  outputs = ufunc(*inputs)
/projects/muyang@colostate.edu/software/anaconda/envs/testenv/lib/python3.11/site-packages/numpy/lib/function_base.py:2455: RuntimeWarning: divide by zero encountered in func (vectorized)
  outputs = ufunc(*inputs)
/projects/muyang@colostate.edu/software/anaconda/envs/testenv/lib/python3.11/site-packages/numpy/lib/function_base.py:2455: RuntimeWarning: invalid value encountered in func (vectorized)
  outputs = ufunc(*inputs)
/projects/muyang@colostate.edu/software/anaconda/envs/testenv/lib/python3.11/site-packages/numpy/lib/function_base.py:2455: RuntimeWarning: divide by zero encountered in func (vectorized)
  outputs = ufunc(*inputs)
/projects/muyang@colostate.edu/software/anaconda/envs/testenv/lib/python3.11/site-packages/numpy/lib/function_base.py:2455: RuntimeWarning: invalid value encountered in func (vectorized)
  outputs = ufunc(*inputs)
/projects/muyang@colostate.edu/software/anaconda/envs/testenv/lib/python3.11/site-packages/numpy/lib/function_base.py:2455: RuntimeWarning: divide by zero encountered in func (vectorized)
  outputs = ufunc(*inputs)
/projects/muyang@colostate.edu/software/anaconda/envs/testenv/lib/python3.11/site-packages/numpy/lib/function_base.py:2455: RuntimeWarning: invalid value encountered in func (vectorized)
  outputs = ufunc(*inputs)
450
2023-11-08 10:20:36
/projects/muyang@colostate.edu/software/anaconda/envs/testenv/lib/python3.11/site-packages/numpy/lib/function_base.py:2455: RuntimeWarning: divide by zero encountered in func (vectorized)
  outputs = ufunc(*inputs)
/projects/muyang@colostate.edu/software/anaconda/envs/testenv/lib/python3.11/site-packages/numpy/lib/function_base.py:2455: RuntimeWarning: invalid value encountered in func (vectorized)
  outputs = ufunc(*inputs)
500
2023-11-08 10:23:02
elapsed:  1116.2  seconds
/projects/muyang@colostate.edu/software/anaconda/envs/testenv/lib/python3.11/site-packages/numpy/lib/function_base.py:2455: RuntimeWarning: divide by zero encountered in func (vectorized)
  outputs = ufunc(*inputs)
/projects/muyang@colostate.edu/software/anaconda/envs/testenv/lib/python3.11/site-packages/numpy/lib/function_base.py:2455: RuntimeWarning: invalid value encountered in func (vectorized)
  outputs = ufunc(*inputs)
/projects/muyang@colostate.edu/software/anaconda/envs/testenv/lib/python3.11/site-packages/numpy/lib/function_base.py:2455: RuntimeWarning: divide by zero encountered in func (vectorized)
  outputs = ufunc(*inputs)
/projects/muyang@colostate.edu/software/anaconda/envs/testenv/lib/python3.11/site-packages/numpy/lib/function_base.py:2455: RuntimeWarning: invalid value encountered in func (vectorized)
  outputs = ufunc(*inputs)
550
2023-11-08 10:25:10
600
2023-11-08 10:27:23
elapsed:  1377.0  seconds
/projects/muyang@colostate.edu/software/anaconda/envs/testenv/lib/python3.11/site-packages/numpy/lib/function_base.py:2455: RuntimeWarning: divide by zero encountered in func (vectorized)
  outputs = ufunc(*inputs)
/projects/muyang@colostate.edu/software/anaconda/envs/testenv/lib/python3.11/site-packages/numpy/lib/function_base.py:2455: RuntimeWarning: invalid value encountered in func (vectorized)
  outputs = ufunc(*inputs)
650
2023-11-08 10:29:15
/projects/muyang@colostate.edu/software/anaconda/envs/testenv/lib/python3.11/site-packages/numpy/lib/function_base.py:2455: RuntimeWarning: divide by zero encountered in func (vectorized)
  outputs = ufunc(*inputs)
/projects/muyang@colostate.edu/software/anaconda/envs/testenv/lib/python3.11/site-packages/numpy/lib/function_base.py:2455: RuntimeWarning: invalid value encountered in func (vectorized)
  outputs = ufunc(*inputs)
700
2023-11-08 10:31:01
elapsed:  1595.9  seconds
/projects/muyang@colostate.edu/software/anaconda/envs/testenv/lib/python3.11/site-packages/numpy/lib/function_base.py:2455: RuntimeWarning: divide by zero encountered in func (vectorized)
  outputs = ufunc(*inputs)
/projects/muyang@colostate.edu/software/anaconda/envs/testenv/lib/python3.11/site-packages/numpy/lib/function_base.py:2455: RuntimeWarning: invalid value encountered in func (vectorized)
  outputs = ufunc(*inputs)
/projects/muyang@colostate.edu/software/anaconda/envs/testenv/lib/python3.11/site-packages/numpy/lib/function_base.py:2455: RuntimeWarning: divide by zero encountered in func (vectorized)
  outputs = ufunc(*inputs)
/projects/muyang@colostate.edu/software/anaconda/envs/testenv/lib/python3.11/site-packages/numpy/lib/function_base.py:2455: RuntimeWarning: invalid value encountered in func (vectorized)
  outputs = ufunc(*inputs)
750
2023-11-08 10:32:36
/projects/muyang@colostate.edu/software/anaconda/envs/testenv/lib/python3.11/site-packages/numpy/lib/function_base.py:2455: RuntimeWarning: divide by zero encountered in func (vectorized)
  outputs = ufunc(*inputs)
/projects/muyang@colostate.edu/software/anaconda/envs/testenv/lib/python3.11/site-packages/numpy/lib/function_base.py:2455: RuntimeWarning: invalid value encountered in func (vectorized)
  outputs = ufunc(*inputs)
800
2023-11-08 10:34:38
elapsed:  1812.6  seconds
/projects/muyang@colostate.edu/software/anaconda/envs/testenv/lib/python3.11/site-packages/numpy/lib/function_base.py:2455: RuntimeWarning: divide by zero encountered in func (vectorized)
  outputs = ufunc(*inputs)
/projects/muyang@colostate.edu/software/anaconda/envs/testenv/lib/python3.11/site-packages/numpy/lib/function_base.py:2455: RuntimeWarning: invalid value encountered in func (vectorized)
  outputs = ufunc(*inputs)
/projects/muyang@colostate.edu/software/anaconda/envs/testenv/lib/python3.11/site-packages/numpy/lib/function_base.py:2455: RuntimeWarning: divide by zero encountered in func (vectorized)
  outputs = ufunc(*inputs)
/projects/muyang@colostate.edu/software/anaconda/envs/testenv/lib/python3.11/site-packages/numpy/lib/function_base.py:2455: RuntimeWarning: invalid value encountered in func (vectorized)
  outputs = ufunc(*inputs)
850
2023-11-08 10:36:24
900
2023-11-08 10:38:35
elapsed:  2049.8  seconds
950
2023-11-08 10:40:40
/projects/muyang@colostate.edu/software/anaconda/envs/testenv/lib/python3.11/site-packages/numpy/lib/function_base.py:2455: RuntimeWarning: divide by zero encountered in func (vectorized)
  outputs = ufunc(*inputs)
/projects/muyang@colostate.edu/software/anaconda/envs/testenv/lib/python3.11/site-packages/numpy/lib/function_base.py:2455: RuntimeWarning: invalid value encountered in func (vectorized)
  outputs = ufunc(*inputs)
1000
2023-11-08 10:42:33
elapsed:  2287.6  seconds
/projects/muyang@colostate.edu/software/anaconda/envs/testenv/lib/python3.11/site-packages/numpy/lib/function_base.py:2455: RuntimeWarning: divide by zero encountered in func (vectorized)
  outputs = ufunc(*inputs)
/projects/muyang@colostate.edu/software/anaconda/envs/testenv/lib/python3.11/site-packages/numpy/lib/function_base.py:2455: RuntimeWarning: invalid value encountered in func (vectorized)
  outputs = ufunc(*inputs)
/projects/muyang@colostate.edu/software/anaconda/envs/testenv/lib/python3.11/site-packages/numpy/lib/function_base.py:2455: RuntimeWarning: divide by zero encountered in func (vectorized)
  outputs = ufunc(*inputs)
/projects/muyang@colostate.edu/software/anaconda/envs/testenv/lib/python3.11/site-packages/numpy/lib/function_base.py:2455: RuntimeWarning: invalid value encountered in func (vectorized)
  outputs = ufunc(*inputs)
/projects/muyang@colostate.edu/software/anaconda/envs/testenv/lib/python3.11/site-packages/numpy/lib/function_base.py:2455: RuntimeWarning: divide by zero encountered in func (vectorized)
  outputs = ufunc(*inputs)
/projects/muyang@colostate.edu/software/anaconda/envs/testenv/lib/python3.11/site-packages/numpy/lib/function_base.py:2455: RuntimeWarning: invalid value encountered in func (vectorized)
  outputs = ufunc(*inputs)
1050
2023-11-08 10:45:15
1100
2023-11-08 10:47:32
elapsed:  2586.5  seconds
1150
2023-11-08 10:49:49
/projects/muyang@colostate.edu/software/anaconda/envs/testenv/lib/python3.11/site-packages/numpy/lib/function_base.py:2455: RuntimeWarning: divide by zero encountered in func (vectorized)
  outputs = ufunc(*inputs)
/projects/muyang@colostate.edu/software/anaconda/envs/testenv/lib/python3.11/site-packages/numpy/lib/function_base.py:2455: RuntimeWarning: invalid value encountered in func (vectorized)
  outputs = ufunc(*inputs)
1200
2023-11-08 10:52:04
elapsed:  2858.2  seconds
/projects/muyang@colostate.edu/software/anaconda/envs/testenv/lib/python3.11/site-packages/numpy/lib/function_base.py:2455: RuntimeWarning: divide by zero encountered in func (vectorized)
  outputs = ufunc(*inputs)
/projects/muyang@colostate.edu/software/anaconda/envs/testenv/lib/python3.11/site-packages/numpy/lib/function_base.py:2455: RuntimeWarning: invalid value encountered in func (vectorized)
  outputs = ufunc(*inputs)
1250
2023-11-08 10:54:23
1300
2023-11-08 10:56:20
elapsed:  3114.9  seconds
/projects/muyang@colostate.edu/software/anaconda/envs/testenv/lib/python3.11/site-packages/numpy/lib/function_base.py:2455: RuntimeWarning: divide by zero encountered in func (vectorized)
  outputs = ufunc(*inputs)
/projects/muyang@colostate.edu/software/anaconda/envs/testenv/lib/python3.11/site-packages/numpy/lib/function_base.py:2455: RuntimeWarning: invalid value encountered in func (vectorized)
  outputs = ufunc(*inputs)
/projects/muyang@colostate.edu/software/anaconda/envs/testenv/lib/python3.11/site-packages/numpy/lib/function_base.py:2455: RuntimeWarning: divide by zero encountered in func (vectorized)
  outputs = ufunc(*inputs)
/projects/muyang@colostate.edu/software/anaconda/envs/testenv/lib/python3.11/site-packages/numpy/lib/function_base.py:2455: RuntimeWarning: invalid value encountered in func (vectorized)
  outputs = ufunc(*inputs)
1350
2023-11-08 10:58:47
/projects/muyang@colostate.edu/software/anaconda/envs/testenv/lib/python3.11/site-packages/numpy/lib/function_base.py:2455: RuntimeWarning: divide by zero encountered in func (vectorized)
  outputs = ufunc(*inputs)
/projects/muyang@colostate.edu/software/anaconda/envs/testenv/lib/python3.11/site-packages/numpy/lib/function_base.py:2455: RuntimeWarning: invalid value encountered in func (vectorized)
  outputs = ufunc(*inputs)
1400
2023-11-08 11:01:09
elapsed:  3403.2  seconds
/projects/muyang@colostate.edu/software/anaconda/envs/testenv/lib/python3.11/site-packages/numpy/lib/function_base.py:2455: RuntimeWarning: divide by zero encountered in func (vectorized)
  outputs = ufunc(*inputs)
/projects/muyang@colostate.edu/software/anaconda/envs/testenv/lib/python3.11/site-packages/numpy/lib/function_base.py:2455: RuntimeWarning: invalid value encountered in func (vectorized)
  outputs = ufunc(*inputs)
1450
2023-11-08 11:03:40
1500
2023-11-08 11:06:17
elapsed:  3711.3  seconds
/projects/muyang@colostate.edu/software/anaconda/envs/testenv/lib/python3.11/site-packages/numpy/lib/function_base.py:2455: RuntimeWarning: divide by zero encountered in func (vectorized)
  outputs = ufunc(*inputs)
/projects/muyang@colostate.edu/software/anaconda/envs/testenv/lib/python3.11/site-packages/numpy/lib/function_base.py:2455: RuntimeWarning: invalid value encountered in func (vectorized)
  outputs = ufunc(*inputs)
1550
2023-11-08 11:08:56
1600
2023-11-08 11:11:32
elapsed:  4026.2  seconds
1650
2023-11-08 11:13:59
/projects/muyang@colostate.edu/software/anaconda/envs/testenv/lib/python3.11/site-packages/numpy/lib/function_base.py:2455: RuntimeWarning: divide by zero encountered in func (vectorized)
  outputs = ufunc(*inputs)
/projects/muyang@colostate.edu/software/anaconda/envs/testenv/lib/python3.11/site-packages/numpy/lib/function_base.py:2455: RuntimeWarning: invalid value encountered in func (vectorized)
  outputs = ufunc(*inputs)
/projects/muyang@colostate.edu/software/anaconda/envs/testenv/lib/python3.11/site-packages/numpy/lib/function_base.py:2455: RuntimeWarning: divide by zero encountered in func (vectorized)
  outputs = ufunc(*inputs)
/projects/muyang@colostate.edu/software/anaconda/envs/testenv/lib/python3.11/site-packages/numpy/lib/function_base.py:2455: RuntimeWarning: invalid value encountered in func (vectorized)
  outputs = ufunc(*inputs)
1700
2023-11-08 11:16:23
elapsed:  4317.9  seconds
1750
2023-11-08 11:18:37
1800
2023-11-08 11:20:49
elapsed:  4584.0  seconds
1850
2023-11-08 11:23:09
1900
2023-11-08 11:25:31
elapsed:  4865.1  seconds
1950
2023-11-08 11:27:53
2000
2023-11-08 11:30:22
elapsed:  5156.0  seconds
2050
2023-11-08 11:32:51
2100
2023-11-08 11:35:25
elapsed:  5459.5  seconds
2150
2023-11-08 11:37:46
/projects/muyang@colostate.edu/software/anaconda/envs/testenv/lib/python3.11/site-packages/numpy/lib/function_base.py:2455: RuntimeWarning: divide by zero encountered in func (vectorized)
  outputs = ufunc(*inputs)
/projects/muyang@colostate.edu/software/anaconda/envs/testenv/lib/python3.11/site-packages/numpy/lib/function_base.py:2455: RuntimeWarning: invalid value encountered in func (vectorized)
  outputs = ufunc(*inputs)
2200
2023-11-08 11:40:36
elapsed:  5770.3  seconds
/projects/muyang@colostate.edu/software/anaconda/envs/testenv/lib/python3.11/site-packages/numpy/lib/function_base.py:2455: RuntimeWarning: divide by zero encountered in func (vectorized)
  outputs = ufunc(*inputs)
/projects/muyang@colostate.edu/software/anaconda/envs/testenv/lib/python3.11/site-packages/numpy/lib/function_base.py:2455: RuntimeWarning: invalid value encountered in func (vectorized)
  outputs = ufunc(*inputs)
2250
2023-11-08 11:42:58
2300
2023-11-08 11:44:55
elapsed:  6029.8  seconds
2350
2023-11-08 11:47:33
2400
2023-11-08 11:50:12
elapsed:  6346.4  seconds
/projects/muyang@colostate.edu/software/anaconda/envs/testenv/lib/python3.11/site-packages/numpy/lib/function_base.py:2455: RuntimeWarning: divide by zero encountered in func (vectorized)
  outputs = ufunc(*inputs)
/projects/muyang@colostate.edu/software/anaconda/envs/testenv/lib/python3.11/site-packages/numpy/lib/function_base.py:2455: RuntimeWarning: invalid value encountered in func (vectorized)
  outputs = ufunc(*inputs)
2450
2023-11-08 11:52:43
/projects/muyang@colostate.edu/software/anaconda/envs/testenv/lib/python3.11/site-packages/numpy/lib/function_base.py:2455: RuntimeWarning: divide by zero encountered in func (vectorized)
  outputs = ufunc(*inputs)
/projects/muyang@colostate.edu/software/anaconda/envs/testenv/lib/python3.11/site-packages/numpy/lib/function_base.py:2455: RuntimeWarning: invalid value encountered in func (vectorized)
  outputs = ufunc(*inputs)
2500
2023-11-08 11:55:25
elapsed:  6659.1  seconds
2550
2023-11-08 11:58:09
2600
2023-11-08 12:00:56
elapsed:  6990.1  seconds
2650
2023-11-08 12:03:53
2700
2023-11-08 12:06:47
elapsed:  7341.6  seconds
2750
2023-11-08 12:09:45
2800
2023-11-08 12:12:23
elapsed:  7677.8  seconds
2850
2023-11-08 12:15:04
2900
2023-11-08 12:17:47
elapsed:  8001.5  seconds
2950
2023-11-08 12:20:22
3000
2023-11-08 12:23:06
elapsed:  8320.9  seconds
3050
2023-11-08 12:25:30
3100
2023-11-08 12:28:26
elapsed:  8640.5  seconds
3150
2023-11-08 12:30:58
3200
2023-11-08 12:33:31
elapsed:  8945.1  seconds
3250
2023-11-08 12:36:22
3300
2023-11-08 12:38:54
elapsed:  9268.3  seconds
3350
2023-11-08 12:41:38
3400
2023-11-08 12:44:10
elapsed:  9584.5  seconds
3450
2023-11-08 12:46:45
3500
2023-11-08 12:48:58
elapsed:  9872.9  seconds
3550
2023-11-08 12:51:41
3600
2023-11-08 12:54:33
elapsed:  10207.2  seconds
3650
2023-11-08 12:57:23
3700
2023-11-08 12:59:57
elapsed:  10531.9  seconds
3750
2023-11-08 13:02:51
3800
2023-11-08 13:05:37
elapsed:  10871.7  seconds
3850
2023-11-08 13:08:15
3900
2023-11-08 13:11:12
elapsed:  11206.9  seconds
3950
2023-11-08 13:14:14
4000
2023-11-08 13:16:47
elapsed:  11541.2  seconds
4050
2023-11-08 13:19:37
4100
2023-11-08 13:22:40
elapsed:  11894.3  seconds
4150
2023-11-08 13:25:38
4200
2023-11-08 13:28:32
elapsed:  12246.5  seconds
4250
2023-11-08 13:31:09
4300
2023-11-08 13:33:44
elapsed:  12558.2  seconds
4350
2023-11-08 13:36:34
4400
2023-11-08 13:39:49
elapsed:  12923.4  seconds
4450
2023-11-08 13:42:31
4500
2023-11-08 13:45:26
elapsed:  13260.3  seconds
4550
2023-11-08 13:48:07
4600
2023-11-08 13:50:59
elapsed:  13593.7  seconds
4650
2023-11-08 13:53:39
4700
2023-11-08 13:56:39
elapsed:  13933.3  seconds
4750
2023-11-08 13:59:22
4800
2023-11-08 14:02:07
elapsed:  14261.8  seconds
4850
2023-11-08 14:04:35
4900
2023-11-08 14:06:58
elapsed:  14552.4  seconds
4950
2023-11-08 14:09:54
5000
2023-11-08 14:12:34
elapsed:  14888.4  seconds
5050
2023-11-08 14:15:18
5100
2023-11-08 14:18:00
elapsed:  15214.7  seconds
5150
2023-11-08 14:20:54
5200
2023-11-08 14:23:48
elapsed:  15562.6  seconds
5250
2023-11-08 14:26:23
5300
2023-11-08 14:29:01
elapsed:  15875.6  seconds
5350
2023-11-08 14:31:51
5400
2023-11-08 14:34:51
elapsed:  16225.8  seconds
5450
2023-11-08 14:37:29
5500
2023-11-08 14:40:00
elapsed:  16534.9  seconds
5550
2023-11-08 14:42:44
5600
2023-11-08 14:45:16
elapsed:  16850.3  seconds
5650
2023-11-08 14:48:10
5700
2023-11-08 14:50:47
elapsed:  17181.2  seconds
5750
2023-11-08 14:53:26
5800
2023-11-08 14:55:51
elapsed:  17485.1  seconds
5850
2023-11-08 14:58:28
5900
2023-11-08 15:01:01
elapsed:  17795.2  seconds
5950
2023-11-08 15:03:43
6000
2023-11-08 15:06:35
elapsed:  18129.1  seconds
6050
2023-11-08 15:09:19
6100
2023-11-08 15:12:03
elapsed:  18457.5  seconds
6150
2023-11-08 15:14:41
6200
2023-11-08 15:17:17
elapsed:  18771.7  seconds
6250
2023-11-08 15:19:57
6300
2023-11-08 15:22:27
elapsed:  19081.9  seconds
6350
2023-11-08 15:25:08
6400
2023-11-08 15:27:48
elapsed:  19402.6  seconds
6450
2023-11-08 15:30:32
6500
2023-11-08 15:33:13
elapsed:  19727.4  seconds
6550
2023-11-08 15:35:42
6600
2023-11-08 15:38:25
elapsed:  20039.8  seconds
6650
2023-11-08 15:41:11
6700
2023-11-08 15:43:41
elapsed:  20355.7  seconds
6750
2023-11-08 15:46:12
6800
2023-11-08 15:49:12
elapsed:  20686.2  seconds
/projects/muyang@colostate.edu/software/anaconda/envs/testenv/lib/python3.11/site-packages/numpy/lib/function_base.py:2455: RuntimeWarning: divide by zero encountered in func (vectorized)
  outputs = ufunc(*inputs)
/projects/muyang@colostate.edu/software/anaconda/envs/testenv/lib/python3.11/site-packages/numpy/lib/function_base.py:2455: RuntimeWarning: invalid value encountered in func (vectorized)
  outputs = ufunc(*inputs)
6850
2023-11-08 15:51:54
6900
2023-11-08 15:54:53
elapsed:  21027.3  seconds
6950
2023-11-08 15:57:39
7000
2023-11-08 16:00:29
elapsed:  21363.6  seconds
7050
2023-11-08 16:03:31
7100
2023-11-08 16:06:13
elapsed:  21707.1  seconds
7150
2023-11-08 16:08:26
7200
2023-11-08 16:11:03
elapsed:  21997.4  seconds
/projects/muyang@colostate.edu/software/anaconda/envs/testenv/lib/python3.11/site-packages/numpy/lib/function_base.py:2455: RuntimeWarning: divide by zero encountered in func (vectorized)
  outputs = ufunc(*inputs)
/projects/muyang@colostate.edu/software/anaconda/envs/testenv/lib/python3.11/site-packages/numpy/lib/function_base.py:2455: RuntimeWarning: invalid value encountered in func (vectorized)
  outputs = ufunc(*inputs)
7250
2023-11-08 16:13:30
7300
2023-11-08 16:15:56
elapsed:  22290.8  seconds
7350
2023-11-08 16:18:29
/projects/muyang@colostate.edu/software/anaconda/envs/testenv/lib/python3.11/site-packages/numpy/lib/function_base.py:2455: RuntimeWarning: divide by zero encountered in func (vectorized)
  outputs = ufunc(*inputs)
/projects/muyang@colostate.edu/software/anaconda/envs/testenv/lib/python3.11/site-packages/numpy/lib/function_base.py:2455: RuntimeWarning: invalid value encountered in func (vectorized)
  outputs = ufunc(*inputs)
7400
2023-11-08 16:21:25
elapsed:  22619.7  seconds
7450
2023-11-08 16:24:11
/projects/muyang@colostate.edu/software/anaconda/envs/testenv/lib/python3.11/site-packages/numpy/lib/function_base.py:2455: RuntimeWarning: divide by zero encountered in func (vectorized)
  outputs = ufunc(*inputs)
/projects/muyang@colostate.edu/software/anaconda/envs/testenv/lib/python3.11/site-packages/numpy/lib/function_base.py:2455: RuntimeWarning: invalid value encountered in func (vectorized)
  outputs = ufunc(*inputs)
7500
2023-11-08 16:26:45
elapsed:  22939.2  seconds
7550
2023-11-08 16:29:26
7600
2023-11-08 16:31:59
elapsed:  23253.8  seconds
7650
2023-11-08 16:34:06
7700
2023-11-08 16:36:48
elapsed:  23542.3  seconds
7750
2023-11-08 16:39:30
7800
2023-11-08 16:42:24
elapsed:  23878.2  seconds
7850
2023-11-08 16:45:12
7900
2023-11-08 16:48:05
elapsed:  24219.7  seconds
7950
2023-11-08 16:50:23
8000
2023-11-08 16:52:52
elapsed:  24506.7  seconds
8050
2023-11-08 16:55:47
8100
2023-11-08 16:58:47
elapsed:  24861.9  seconds
8150
2023-11-08 17:01:40
8200
2023-11-08 17:04:32
elapsed:  25206.9  seconds
8250
2023-11-08 17:07:20
8300
2023-11-08 17:10:20
elapsed:  25554.6  seconds
8350
2023-11-08 17:13:08
8400
2023-11-08 17:15:47
elapsed:  25881.4  seconds
8450
2023-11-08 17:18:22
8500
2023-11-08 17:20:58
elapsed:  26192.9  seconds
8550
2023-11-08 17:24:02
8600
2023-11-08 17:26:48
elapsed:  26542.7  seconds
8650
2023-11-08 17:29:18
8700
2023-11-08 17:31:52
elapsed:  26846.2  seconds
8750
2023-11-08 17:34:51
8800
2023-11-08 17:37:52
elapsed:  27207.0  seconds
8850
2023-11-08 17:40:30
8900
2023-11-08 17:43:19
elapsed:  27533.9  seconds
8950
2023-11-08 17:46:16
9000
2023-11-08 17:48:50
elapsed:  27864.2  seconds
9050
2023-11-08 17:51:40
9100
2023-11-08 17:54:05
elapsed:  28179.1  seconds
9150
2023-11-08 17:56:43
9200
2023-11-08 17:59:19
elapsed:  28493.2  seconds
9250
2023-11-08 18:02:06
9300
2023-11-08 18:03:59
elapsed:  28773.9  seconds
9350
2023-11-08 18:06:09
9400
2023-11-08 18:08:57
elapsed:  29071.3  seconds
9450
2023-11-08 18:11:50
9500
2023-11-08 18:14:44
elapsed:  29418.3  seconds
9550
2023-11-08 18:17:10
9600
2023-11-08 18:19:54
elapsed:  29728.9  seconds
9650
2023-11-08 18:22:46
9700
2023-11-08 18:25:24
elapsed:  30058.2  seconds
9750
2023-11-08 18:27:51
9800
2023-11-08 18:30:07
elapsed:  30341.5  seconds
9850
2023-11-08 18:32:38
9900
2023-11-08 18:35:11
elapsed:  30645.7  seconds
9950
2023-11-08 18:37:22
10000
2023-11-08 18:39:25
elapsed:  30900.0  seconds
10050
2023-11-08 18:42:10
10100
2023-11-08 18:44:38
elapsed:  31212.9  seconds
10150
2023-11-08 18:47:08
10200
2023-11-08 18:49:28
elapsed:  31502.2  seconds
10250
2023-11-08 18:52:00
10300
2023-11-08 18:54:46
elapsed:  31820.7  seconds
10350
2023-11-08 18:57:26
10400
2023-11-08 18:59:37
elapsed:  32111.3  seconds
10450
2023-11-08 19:02:25
10500
2023-11-08 19:05:01
elapsed:  32435.7  seconds
10550
2023-11-08 19:07:47
10600
2023-11-08 19:10:38
elapsed:  32772.6  seconds
10650
2023-11-08 19:13:30
10700
2023-11-08 19:16:10
elapsed:  33104.6  seconds
10750
2023-11-08 19:19:14
10800
2023-11-08 19:21:42
elapsed:  33436.1  seconds
10850
2023-11-08 19:23:54
10900
2023-11-08 19:26:50
elapsed:  33744.2  seconds
10950
2023-11-08 19:29:24
11000
2023-11-08 19:31:26
elapsed:  34020.6  seconds
11050
2023-11-08 19:33:47
11100
2023-11-08 19:36:01
elapsed:  34295.1  seconds
11150
2023-11-08 19:38:01
/projects/muyang@colostate.edu/software/anaconda/envs/testenv/lib/python3.11/site-packages/numpy/lib/function_base.py:2455: RuntimeWarning: divide by zero encountered in func (vectorized)
  outputs = ufunc(*inputs)
/projects/muyang@colostate.edu/software/anaconda/envs/testenv/lib/python3.11/site-packages/numpy/lib/function_base.py:2455: RuntimeWarning: invalid value encountered in func (vectorized)
  outputs = ufunc(*inputs)
11200
2023-11-08 19:40:50
elapsed:  34584.8  seconds
11250
2023-11-08 19:42:46
11300
2023-11-08 19:45:08
elapsed:  34842.5  seconds
11350
2023-11-08 19:47:55
11400
2023-11-08 19:50:35
elapsed:  35169.4  seconds
11450
2023-11-08 19:52:55
11500
2023-11-08 19:55:31
elapsed:  35465.9  seconds
11550
2023-11-08 19:57:36
11600
2023-11-08 19:59:58
elapsed:  35732.0  seconds
11650
2023-11-08 20:02:48
11700
2023-11-08 20:05:13
elapsed:  36048.0  seconds
11750
2023-11-08 20:07:42
11800
2023-11-08 20:09:54
elapsed:  36328.2  seconds
11850
2023-11-08 20:12:05
11900
2023-11-08 20:14:22
elapsed:  36596.6  seconds
11950
2023-11-08 20:17:02
12000
2023-11-08 20:19:47
elapsed:  36921.7  seconds
12050
2023-11-08 20:22:33
12100
2023-11-08 20:25:15
elapsed:  37249.6  seconds
12150
2023-11-08 20:27:44
12200
2023-11-08 20:30:14
elapsed:  37548.2  seconds
12250
2023-11-08 20:32:24
12300
2023-11-08 20:34:28
elapsed:  37803.0  seconds
12350
2023-11-08 20:37:03
12400
2023-11-08 20:39:28
elapsed:  38102.5  seconds
12450
2023-11-08 20:41:55
12500
2023-11-08 20:44:35
elapsed:  38409.8  seconds
12550
2023-11-08 20:47:20
12600
2023-11-08 20:49:48
elapsed:  38722.6  seconds
12650
2023-11-08 20:52:47
12700
2023-11-08 20:55:26
elapsed:  39060.6  seconds
12750
2023-11-08 20:57:41
12800
2023-11-08 21:00:02
elapsed:  39336.3  seconds
12850
2023-11-08 21:02:32
12900
2023-11-08 21:05:20
elapsed:  39654.7  seconds
12950
2023-11-08 21:07:43
13000
2023-11-08 21:10:19
elapsed:  39953.9  seconds
13050
2023-11-08 21:13:16
13100
2023-11-08 21:15:58
elapsed:  40293.0  seconds
13150
2023-11-08 21:18:33
13200
2023-11-08 21:21:11
elapsed:  40605.6  seconds
13250
2023-11-08 21:23:55
13300
2023-11-08 21:26:51
elapsed:  40945.6  seconds
13350
2023-11-08 21:29:36
13400
2023-11-08 21:31:46
elapsed:  41240.4  seconds
13450
2023-11-08 21:34:30
13500
2023-11-08 21:36:37
elapsed:  41531.5  seconds
13550
2023-11-08 21:39:03
13600
2023-11-08 21:41:47
elapsed:  41841.7  seconds
13650
2023-11-08 21:44:28
13700
2023-11-08 21:47:25
elapsed:  42179.1  seconds
13750
2023-11-08 21:50:16
/projects/muyang@colostate.edu/software/anaconda/envs/testenv/lib/python3.11/site-packages/numpy/lib/function_base.py:2455: RuntimeWarning: divide by zero encountered in func (vectorized)
  outputs = ufunc(*inputs)
/projects/muyang@colostate.edu/software/anaconda/envs/testenv/lib/python3.11/site-packages/numpy/lib/function_base.py:2455: RuntimeWarning: invalid value encountered in func (vectorized)
  outputs = ufunc(*inputs)
13800
2023-11-08 21:52:45
elapsed:  42499.6  seconds
13850
2023-11-08 21:55:30
13900
2023-11-08 21:58:01
elapsed:  42815.5  seconds
13950
2023-11-08 22:01:00
14000
2023-11-08 22:04:00
elapsed:  43175.0  seconds
14050
2023-11-08 22:06:37
14100
2023-11-08 22:09:34
elapsed:  43508.1  seconds
14150
2023-11-08 22:12:29
14200
2023-11-08 22:14:52
elapsed:  43826.2  seconds
14250
2023-11-08 22:16:45
14300
2023-11-08 22:19:00
elapsed:  44074.5  seconds
14350
2023-11-08 22:21:36
14400
2023-11-08 22:24:04
elapsed:  44378.4  seconds
14450
2023-11-08 22:26:39
14500
2023-11-08 22:28:29
elapsed:  44643.4  seconds
14550
2023-11-08 22:30:43
14600
2023-11-08 22:33:28
elapsed:  44942.5  seconds
14650
2023-11-08 22:35:16
14700
2023-11-08 22:37:15
elapsed:  45169.5  seconds
/projects/muyang@colostate.edu/software/anaconda/envs/testenv/lib/python3.11/site-packages/numpy/lib/function_base.py:2455: RuntimeWarning: divide by zero encountered in func (vectorized)
  outputs = ufunc(*inputs)
/projects/muyang@colostate.edu/software/anaconda/envs/testenv/lib/python3.11/site-packages/numpy/lib/function_base.py:2455: RuntimeWarning: invalid value encountered in func (vectorized)
  outputs = ufunc(*inputs)
14750
2023-11-08 22:39:12
14800
2023-11-08 22:41:21
elapsed:  45415.7  seconds
14850
2023-11-08 22:43:40
14900
2023-11-08 22:46:13
elapsed:  45707.5  seconds
14950
2023-11-08 22:48:23
elapsed:  45969.3  seconds
total time:  45976.0  seconds
true R:  [[3.51028046e-01 2.96369476e-01 1.20464960e+00 3.95983791e+00
  1.77478695e-01 3.02299598e+00 3.57772175e-01 3.49811487e+00
  3.62608826e+00 1.45457507e-01 3.27889083e-01 2.61531353e+00
  5.50853401e-01 3.21092414e+00 2.46260664e+00 5.48818285e-01
  1.03338343e+01 2.44952621e+01 1.15866921e+00 8.86882039e-02
  1.39748122e+01 3.23292314e-01 2.29410191e-01 6.05175631e-01
  9.10107000e-01 7.07004715e-01 1.82837901e+01 2.19890555e-01
  1.65428122e+00 1.23910685e+00 1.63665261e+00 1.64049266e-01
  6.16727641e-01 1.90117408e+00 5.53712493e+00 1.22033405e+02
  1.82692703e+01 2.63802035e+00 4.98166285e-01 1.15057711e+00
  3.13984249e-01 2.49550139e+00 2.54185050e-01 1.53143817e+00
  1.19938159e+01 5.16102400e-01 1.57691467e+00 8.68275934e+00
  1.85324946e-01 1.56109763e+00 8.95210582e-01 5.64707221e-01
  5.48083081e-01 5.13851470e+01 4.05859165e+00 1.69766694e+00
  3.56089190e+00 9.21589617e+01 2.20706226e+00 3.09797197e+00
  2.44821713e+06 4.15283826e+01 1.18651342e+00 2.39103575e-01]
 [1.88278880e-01 1.75069147e+00 2.04022294e-01 6.68889331e-01
  2.44787367e-01 3.44080230e-01 2.01262018e+00 2.77247909e+00
  9.61210325e-01 1.31159636e+00 9.78158007e+00 1.04755950e-01
  2.31924024e+00 5.75502112e-01 1.99849070e-01 6.81811669e-01
  9.06422366e-01 2.92689439e+00 1.41337349e-01 4.64271464e-01
  3.35897605e-01 1.65007705e+00 4.67508035e-01 3.50647667e+00
  1.11794766e+01 5.30320526e-01 4.30990442e-01 5.51092875e+00
  2.67814484e+00 9.02584737e+00 3.64956819e-01 1.11076269e+01
  5.83017977e+00 4.09298163e+01 1.78096557e+00 4.79975268e-01
  1.73871338e+02 3.21053517e-01 1.15144243e+01 1.89720142e-01
  3.33609024e-01 2.95167705e+00 1.94301783e+00 5.52965852e-01
  4.91490770e-01 1.75065576e+00 3.97564225e+01 3.03309906e+00
  4.67790318e+00 3.26175356e+00 8.41890176e+00 1.12555151e+01
  2.31874561e-01 6.58692965e-01 1.30794784e+00 1.74047707e+01
  2.79176863e-01 3.56649525e-01 4.24845194e-01 1.96828546e+00
  8.11737749e-01 5.75749873e+00 1.47321381e-01 1.67782894e-01]
 [1.49582328e-01 1.08464142e+04 5.54338205e-01 1.38484351e-01
  3.06834873e-01 1.00701371e+00 1.60786705e+00 7.94158239e-02
  6.27953985e+00 5.37386301e+00 1.39530725e+00 2.63588446e+02
  1.55489393e-01 3.85491412e+03 1.99138108e+01 1.77843480e-01
  2.41635533e-01 2.81674713e-01 3.61573222e-01 3.11801885e-01
  4.26714049e+00 1.18879178e-01 1.29027453e+00 1.26669453e-01
  4.37417233e+01 1.21390100e+00 7.80005222e-01 3.68473186e-01
  1.05167828e-01 1.05650685e-01 7.06217120e-01 1.01809975e+01
  9.79224562e-01 5.54892997e-01 9.18842080e-01 1.15645618e-01
  2.52728051e+01 4.18236533e-01 2.64630750e+02 6.41360630e-02
  6.49008774e-01 9.76316519e+05 9.89291214e-01 5.85062321e-01
  2.88106538e-01 5.59017801e-01 5.80877246e-02 3.16084321e-01
  7.78686439e+00 2.09823340e+00 2.88735367e+00 5.33552902e-01
  1.83644059e+00 1.45115618e+00 1.46085642e+02 4.17250602e-01
  4.94202384e+00 1.84064735e+00 4.46425545e-01 3.02201983e+00
  6.79300040e-01 3.80758662e-01 3.71099405e+00 1.22266495e-01]
 [2.71114424e+01 2.18803509e+00 2.18163593e+00 6.44617395e+00
  1.26343267e-01 2.10996152e-01 1.80330434e-01 8.98078628e-01
  5.64065917e-01 1.93251205e+00 6.72414168e+00 2.56069463e-01
  4.38516327e-01 2.15909561e-01 5.51999875e+02 1.30506119e-01
  3.53689646e+01 1.31666770e+00 1.56101854e+01 1.08409229e+00
  3.40489079e-01 6.14569346e-01 9.81525944e-01 6.76301047e+00
  2.35366286e+00 1.08373016e+00 1.96900036e+03 8.52319384e-02
  1.56745454e+00 5.04248411e-01 3.15079641e+00 1.24574301e-01
  1.50384620e+00 6.25614574e-02 2.45951423e+01 2.57472089e+00
  2.55368718e+00 2.71588854e+01 1.46573407e+01 4.31421165e-01
  2.75460670e-01 9.67491928e-01 1.36929607e+00 3.44798748e-01
  1.30257101e+00 1.48017601e+01 5.02242097e-01 2.20581384e+00
  4.77070706e+00 1.32980255e+00 7.59198735e+00 7.91540031e-01
  5.88678005e-01 2.53198052e+01 2.40676640e+00 3.15875253e+03
  2.57157384e+00 1.17644499e+00 1.90837818e+00 6.35113524e-01
  3.63684147e-01 4.38049056e-01 7.27604349e-01 4.91061619e+00]
 [6.46677781e-01 2.11980982e+00 5.74871168e+00 1.85008518e+00
  6.41476124e-01 1.69818318e+00 1.80345894e+00 1.78586499e+00
  6.14193451e+00 8.54228340e-01 1.17744477e+00 7.45277884e-01
  2.79310681e+02 2.50281248e+00 2.24188080e-01 2.52285725e-01
  3.59256149e-01 2.06745461e+03 1.39551677e-01 3.22870785e+00
  4.26233359e-01 1.86948406e-01 5.05801470e+00 2.25242657e+00
  4.02099834e+00 4.49035420e-01 3.60060533e+00 1.21920429e+01
  2.68103376e+00 2.70988850e-01 1.41220715e+00 1.88152112e-01
  8.66150684e+02 1.42708137e-01 7.04724592e+02 1.83279853e-01
  1.61808767e+01 7.45461638e-01 2.84702317e+00 3.26553235e+00
  1.63321316e-01 1.59608043e-01 1.25467556e+00 1.03204801e+00
  1.94272628e-01 3.51339116e+02 7.52979985e-01 6.22468042e+00
  9.65591956e-02 2.01244414e+00 2.38496883e-01 4.18864745e+01
  4.79758407e-01 1.08200337e+00 4.45242085e-01 1.23547059e+00
  1.95567651e+01 3.75900594e+01 1.49806694e-01 1.38680299e-01
  9.27953351e-01 2.07169433e+00 3.01894378e+01 3.87595912e-01]
 [2.03450935e+00 3.58937434e-01 1.81058470e+00 3.74625295e-01
  6.41276440e-01 2.28519677e-01 2.79915801e-01 4.98899813e+00
  7.34541555e-01 1.06801337e+00 5.00020817e+00 7.76796121e-02
  3.65697532e+02 3.22329503e-01 4.39958395e+00 1.18520022e+00
  4.66040406e+00 3.26798436e-01 1.01643823e-01 2.09712346e-01
  3.37039343e-01 5.78856032e-01 1.79466927e-01 1.12034229e-01
  4.93628552e-01 8.53626439e-01 1.98813903e-01 6.61541119e-01
  4.91642906e-01 2.03793519e+03 5.13896138e-01 3.31357760e+02
  6.55363979e-01 6.70962715e+01 1.78803683e+00 2.91468749e-01
  1.99368319e+01 9.88684117e-01 2.33215323e-01 1.61451283e+00
  3.16227559e+00 2.33665558e+00 1.14344119e+00 6.76491120e-01
  4.28115758e+01 5.53790986e+00 1.82335844e+00 1.99252185e+01
  1.11231651e+01 1.19994785e+00 1.63081617e-01 4.95843274e+00
  6.91850461e+02 4.61475059e-01 3.44747644e+01 3.21006239e+03
  2.41681718e+01 1.03619137e+00 3.72850561e-01 8.68058775e-01
  7.89144974e-01 4.36190473e-01 5.82465928e+00 5.51131522e-01]
 [1.25239359e+00 6.40975110e+01 2.65462596e-01 1.86350614e-01
  7.99891191e+00 6.28780615e-01 5.11613735e+02 8.66747605e+00
  2.83673970e+00 1.45456693e-01 1.41008332e+00 8.10845092e-01
  5.58965372e-01 1.14022041e+03 4.18226351e+00 7.65136356e-01
  4.00786602e+00 1.02410732e-01 1.65935446e+00 4.55460465e-01
  5.52605786e+00 8.07979896e+00 1.57583725e+00 3.27707997e-01
  2.22218181e-01 3.50616656e-01 1.35662467e-01 1.28976415e+01
  2.73205489e-01 1.05044711e+00 6.03328260e+03 3.43200623e+00
  1.99893609e+00 2.98580463e-01 2.69688836e+01 3.37788121e-01
  8.63938403e-01 4.24641535e+00 9.65660836e-01 2.05743076e+00
  1.15969182e+00 2.83163252e+00 1.65420259e+00 3.20719806e-01
  4.01292554e-01 3.00331388e+00 3.38822973e-01 1.92718361e-01
  4.77350292e+00 3.70641570e-01 1.67848511e+00 2.78748483e-01
  9.22124943e-01 6.81013403e+01 3.65972129e-01 3.54890369e+02
  8.01679518e-01 7.02165234e-01 3.50323400e+00 8.31548439e-02
  6.29028642e-01 1.46936174e+01 2.52386620e+00 5.50448472e-01]
 [2.71098524e+00 2.16963932e+01 1.22312734e+00 1.24521184e+00
  5.06021889e+00 1.86621320e+00 1.69213261e+00 2.84878184e+02
  3.87164721e-01 3.11453687e+02 1.54054273e-01 1.98439841e-01
  2.50472814e-01 4.30156910e-01 2.91220171e+00 1.66340768e+00
  1.78473467e+00 2.16349016e-01 1.11236818e+00 4.97942927e+00
  9.26987351e-01 5.02496757e+01 1.78641561e+00 1.01495813e+00
  3.26805535e+00 2.22748647e+00 1.19887759e+00 3.51927189e-01
  5.04667143e-01 5.97464370e+00 1.09789497e+02 1.14975619e+00
  1.81762917e-01 2.15844148e+01 2.50020654e-01 3.66469710e-01
  4.42170837e+01 2.72250163e+00 7.28167720e-01 1.44246546e-01
  9.76248578e-01 5.35633456e-01 1.54029850e+00 7.23822206e-01
  2.86744477e-01 4.52750415e+01 1.06868356e+00 8.03037233e+00
  4.45075703e-01 3.28269311e-01 1.33252513e-01 4.69475708e+01
  1.60521480e+00 5.86846470e-01 2.75716915e-01 3.34343495e-01
  6.03221718e+00 1.17235901e+01 1.04888782e+01 1.49167090e+00
  1.60455715e+00 5.07723257e-01 3.90314080e-01 1.17861089e+00]
 [1.55519922e-01 5.07191606e+00 2.61906893e-01 1.90761000e+00
  3.34637638e+00 2.47694183e-01 9.70201275e-01 7.50475887e+00
  4.97594095e+00 1.39149033e-01 1.85839196e-01 4.61087495e-01
  1.27595123e+00 1.42376862e+00 2.72334407e-01 1.70320354e+02
  8.84233933e+00 6.12879520e+00 5.10970955e-01 8.11951495e-01
  4.73190762e-01 1.63141462e+01 1.33701639e+00 1.41900364e+01
  8.02600771e-01 8.24523339e-02 1.43740308e-01 2.32194505e+01
  5.12943456e-01 7.68667876e-01 1.62463480e+00 1.27951708e+00
  7.78463460e+00 1.29789905e+00 1.96098524e+00 2.22627902e-01
  1.07871686e-01 6.65691551e-01 1.92283822e-01 1.12934707e+00
  5.29039073e-01 2.61579900e+00 1.57483777e-01 1.45035634e+00
  2.78546335e-01 5.10209771e-01 1.32356855e-01 8.75611405e-01
  8.14941138e-01 4.15159232e-01 1.43783220e+00 5.93156626e-01
  1.99675223e-01 5.05016783e-01 1.70340037e-01 1.94274394e+00
  4.33742597e-01 2.62049611e+00 2.12317145e+03 1.03035905e-01
  2.48248219e-01 7.59314361e-02 9.06186084e+01 5.10682787e+00]]
