--------------------------------------------------------------------------
No OpenFabrics connection schemes reported that they were able to be
used on a specific port.  As such, the openib BTL (OpenFabrics
support) will be disabled for this port.

  Local host:           c3cpu-a2-u17-2
  Local device:         mlx5_0
  Local port:           1
  CPCs attempted:       rdmacm, udcm
--------------------------------------------------------------------------
[c3cpu-a2-u17-2.rc.int.colorado.edu:1914699] 63 more processes have sent help message help-mpi-btl-openib-cpc-base.txt / no cpcs for port
[c3cpu-a2-u17-2.rc.int.colorado.edu:1914699] Set MCA parameter "orte_base_help_aggregate" to 0 to see all help / error messages
1
/projects/muyang@colostate.edu/software/anaconda/envs/testenv/lib/python3.11/site-packages/numpy/lib/function_base.py:2455: RuntimeWarning: divide by zero encountered in func (vectorized)
  outputs = ufunc(*inputs)
/projects/muyang@colostate.edu/software/anaconda/envs/testenv/lib/python3.11/site-packages/numpy/lib/function_base.py:2455: RuntimeWarning: invalid value encountered in func (vectorized)
  outputs = ufunc(*inputs)
/projects/muyang@colostate.edu/software/anaconda/envs/testenv/lib/python3.11/site-packages/numpy/lib/function_base.py:2455: RuntimeWarning: divide by zero encountered in func (vectorized)
  outputs = ufunc(*inputs)
/projects/muyang@colostate.edu/software/anaconda/envs/testenv/lib/python3.11/site-packages/numpy/lib/function_base.py:2455: RuntimeWarning: invalid value encountered in func (vectorized)
  outputs = ufunc(*inputs)
/projects/muyang@colostate.edu/software/anaconda/envs/testenv/lib/python3.11/site-packages/numpy/lib/function_base.py:2455: RuntimeWarning: divide by zero encountered in func (vectorized)
  outputs = ufunc(*inputs)
/projects/muyang@colostate.edu/software/anaconda/envs/testenv/lib/python3.11/site-packages/numpy/lib/function_base.py:2455: RuntimeWarning: invalid value encountered in func (vectorized)
  outputs = ufunc(*inputs)
/projects/muyang@colostate.edu/software/anaconda/envs/testenv/lib/python3.11/site-packages/numpy/lib/function_base.py:2455: RuntimeWarning: divide by zero encountered in func (vectorized)
  outputs = ufunc(*inputs)
/projects/muyang@colostate.edu/software/anaconda/envs/testenv/lib/python3.11/site-packages/numpy/lib/function_base.py:2455: RuntimeWarning: invalid value encountered in func (vectorized)
  outputs = ufunc(*inputs)
/projects/muyang@colostate.edu/software/anaconda/envs/testenv/lib/python3.11/site-packages/numpy/lib/function_base.py:2455: RuntimeWarning: divide by zero encountered in func (vectorized)
  outputs = ufunc(*inputs)
/projects/muyang@colostate.edu/software/anaconda/envs/testenv/lib/python3.11/site-packages/numpy/lib/function_base.py:2455: RuntimeWarning: invalid value encountered in func (vectorized)
  outputs = ufunc(*inputs)
/projects/muyang@colostate.edu/software/anaconda/envs/testenv/lib/python3.11/site-packages/numpy/lib/function_base.py:2455: RuntimeWarning: divide by zero encountered in func (vectorized)
  outputs = ufunc(*inputs)
/projects/muyang@colostate.edu/software/anaconda/envs/testenv/lib/python3.11/site-packages/numpy/lib/function_base.py:2455: RuntimeWarning: invalid value encountered in func (vectorized)
  outputs = ufunc(*inputs)
/projects/muyang@colostate.edu/software/anaconda/envs/testenv/lib/python3.11/site-packages/numpy/lib/function_base.py:2455: RuntimeWarning: divide by zero encountered in func (vectorized)
  outputs = ufunc(*inputs)
/projects/muyang@colostate.edu/software/anaconda/envs/testenv/lib/python3.11/site-packages/numpy/lib/function_base.py:2455: RuntimeWarning: invalid value encountered in func (vectorized)
  outputs = ufunc(*inputs)
/projects/muyang@colostate.edu/software/anaconda/envs/testenv/lib/python3.11/site-packages/numpy/lib/function_base.py:2455: RuntimeWarning: divide by zero encountered in func (vectorized)
  outputs = ufunc(*inputs)
/projects/muyang@colostate.edu/software/anaconda/envs/testenv/lib/python3.11/site-packages/numpy/lib/function_base.py:2455: RuntimeWarning: invalid value encountered in func (vectorized)
  outputs = ufunc(*inputs)
/projects/muyang@colostate.edu/software/anaconda/envs/testenv/lib/python3.11/site-packages/numpy/lib/function_base.py:2455: RuntimeWarning: divide by zero encountered in func (vectorized)
  outputs = ufunc(*inputs)
/projects/muyang@colostate.edu/software/anaconda/envs/testenv/lib/python3.11/site-packages/numpy/lib/function_base.py:2455: RuntimeWarning: invalid value encountered in func (vectorized)
  outputs = ufunc(*inputs)
/projects/muyang@colostate.edu/software/anaconda/envs/testenv/lib/python3.11/site-packages/numpy/lib/function_base.py:2455: RuntimeWarning: divide by zero encountered in func (vectorized)
  outputs = ufunc(*inputs)
/projects/muyang@colostate.edu/software/anaconda/envs/testenv/lib/python3.11/site-packages/numpy/lib/function_base.py:2455: RuntimeWarning: invalid value encountered in func (vectorized)
  outputs = ufunc(*inputs)
/projects/muyang@colostate.edu/software/anaconda/envs/testenv/lib/python3.11/site-packages/numpy/lib/function_base.py:2455: RuntimeWarning: divide by zero encountered in func (vectorized)
  outputs = ufunc(*inputs)
/projects/muyang@colostate.edu/software/anaconda/envs/testenv/lib/python3.11/site-packages/numpy/lib/function_base.py:2455: RuntimeWarning: invalid value encountered in func (vectorized)
  outputs = ufunc(*inputs)
/projects/muyang@colostate.edu/software/anaconda/envs/testenv/lib/python3.11/site-packages/numpy/lib/function_base.py:2455: RuntimeWarning: divide by zero encountered in func (vectorized)
  outputs = ufunc(*inputs)
/projects/muyang@colostate.edu/software/anaconda/envs/testenv/lib/python3.11/site-packages/numpy/lib/function_base.py:2455: RuntimeWarning: invalid value encountered in func (vectorized)
  outputs = ufunc(*inputs)
/projects/muyang@colostate.edu/software/anaconda/envs/testenv/lib/python3.11/site-packages/numpy/lib/function_base.py:2455: RuntimeWarning: divide by zero encountered in func (vectorized)
  outputs = ufunc(*inputs)
/projects/muyang@colostate.edu/software/anaconda/envs/testenv/lib/python3.11/site-packages/numpy/lib/function_base.py:2455: RuntimeWarning: invalid value encountered in func (vectorized)
  outputs = ufunc(*inputs)
50
2023-11-03 23:26:33
/projects/muyang@colostate.edu/software/anaconda/envs/testenv/lib/python3.11/site-packages/numpy/lib/function_base.py:2455: RuntimeWarning: divide by zero encountered in func (vectorized)
  outputs = ufunc(*inputs)
/projects/muyang@colostate.edu/software/anaconda/envs/testenv/lib/python3.11/site-packages/numpy/lib/function_base.py:2455: RuntimeWarning: invalid value encountered in func (vectorized)
  outputs = ufunc(*inputs)
/projects/muyang@colostate.edu/software/anaconda/envs/testenv/lib/python3.11/site-packages/numpy/lib/function_base.py:2455: RuntimeWarning: divide by zero encountered in func (vectorized)
  outputs = ufunc(*inputs)
/projects/muyang@colostate.edu/software/anaconda/envs/testenv/lib/python3.11/site-packages/numpy/lib/function_base.py:2455: RuntimeWarning: invalid value encountered in func (vectorized)
  outputs = ufunc(*inputs)
/projects/muyang@colostate.edu/software/anaconda/envs/testenv/lib/python3.11/site-packages/numpy/lib/function_base.py:2455: RuntimeWarning: divide by zero encountered in func (vectorized)
  outputs = ufunc(*inputs)
/projects/muyang@colostate.edu/software/anaconda/envs/testenv/lib/python3.11/site-packages/numpy/lib/function_base.py:2455: RuntimeWarning: invalid value encountered in func (vectorized)
  outputs = ufunc(*inputs)
/projects/muyang@colostate.edu/software/anaconda/envs/testenv/lib/python3.11/site-packages/numpy/lib/function_base.py:2455: RuntimeWarning: divide by zero encountered in func (vectorized)
  outputs = ufunc(*inputs)
/projects/muyang@colostate.edu/software/anaconda/envs/testenv/lib/python3.11/site-packages/numpy/lib/function_base.py:2455: RuntimeWarning: invalid value encountered in func (vectorized)
  outputs = ufunc(*inputs)
100
2023-11-03 23:27:42
elapsed:  192.8  seconds
/projects/muyang@colostate.edu/software/anaconda/envs/testenv/lib/python3.11/site-packages/numpy/lib/function_base.py:2455: RuntimeWarning: divide by zero encountered in func (vectorized)
  outputs = ufunc(*inputs)
/projects/muyang@colostate.edu/software/anaconda/envs/testenv/lib/python3.11/site-packages/numpy/lib/function_base.py:2455: RuntimeWarning: invalid value encountered in func (vectorized)
  outputs = ufunc(*inputs)
/projects/muyang@colostate.edu/software/anaconda/envs/testenv/lib/python3.11/site-packages/numpy/lib/function_base.py:2455: RuntimeWarning: divide by zero encountered in func (vectorized)
  outputs = ufunc(*inputs)
/projects/muyang@colostate.edu/software/anaconda/envs/testenv/lib/python3.11/site-packages/numpy/lib/function_base.py:2455: RuntimeWarning: invalid value encountered in func (vectorized)
  outputs = ufunc(*inputs)
/projects/muyang@colostate.edu/software/anaconda/envs/testenv/lib/python3.11/site-packages/numpy/lib/function_base.py:2455: RuntimeWarning: divide by zero encountered in func (vectorized)
  outputs = ufunc(*inputs)
/projects/muyang@colostate.edu/software/anaconda/envs/testenv/lib/python3.11/site-packages/numpy/lib/function_base.py:2455: RuntimeWarning: invalid value encountered in func (vectorized)
  outputs = ufunc(*inputs)
/projects/muyang@colostate.edu/software/anaconda/envs/testenv/lib/python3.11/site-packages/numpy/lib/function_base.py:2455: RuntimeWarning: divide by zero encountered in func (vectorized)
  outputs = ufunc(*inputs)
/projects/muyang@colostate.edu/software/anaconda/envs/testenv/lib/python3.11/site-packages/numpy/lib/function_base.py:2455: RuntimeWarning: invalid value encountered in func (vectorized)
  outputs = ufunc(*inputs)
/projects/muyang@colostate.edu/software/anaconda/envs/testenv/lib/python3.11/site-packages/numpy/lib/function_base.py:2455: RuntimeWarning: divide by zero encountered in func (vectorized)
  outputs = ufunc(*inputs)
/projects/muyang@colostate.edu/software/anaconda/envs/testenv/lib/python3.11/site-packages/numpy/lib/function_base.py:2455: RuntimeWarning: invalid value encountered in func (vectorized)
  outputs = ufunc(*inputs)
/projects/muyang@colostate.edu/software/anaconda/envs/testenv/lib/python3.11/site-packages/numpy/lib/function_base.py:2455: RuntimeWarning: divide by zero encountered in func (vectorized)
  outputs = ufunc(*inputs)
/projects/muyang@colostate.edu/software/anaconda/envs/testenv/lib/python3.11/site-packages/numpy/lib/function_base.py:2455: RuntimeWarning: invalid value encountered in func (vectorized)
  outputs = ufunc(*inputs)
/projects/muyang@colostate.edu/software/anaconda/envs/testenv/lib/python3.11/site-packages/numpy/lib/function_base.py:2455: RuntimeWarning: divide by zero encountered in func (vectorized)
  outputs = ufunc(*inputs)
/projects/muyang@colostate.edu/software/anaconda/envs/testenv/lib/python3.11/site-packages/numpy/lib/function_base.py:2455: RuntimeWarning: invalid value encountered in func (vectorized)
  outputs = ufunc(*inputs)
/projects/muyang@colostate.edu/software/anaconda/envs/testenv/lib/python3.11/site-packages/numpy/lib/function_base.py:2455: RuntimeWarning: divide by zero encountered in func (vectorized)
  outputs = ufunc(*inputs)
/projects/muyang@colostate.edu/software/anaconda/envs/testenv/lib/python3.11/site-packages/numpy/lib/function_base.py:2455: RuntimeWarning: invalid value encountered in func (vectorized)
  outputs = ufunc(*inputs)
/projects/muyang@colostate.edu/software/anaconda/envs/testenv/lib/python3.11/site-packages/numpy/lib/function_base.py:2455: RuntimeWarning: divide by zero encountered in func (vectorized)
  outputs = ufunc(*inputs)
/projects/muyang@colostate.edu/software/anaconda/envs/testenv/lib/python3.11/site-packages/numpy/lib/function_base.py:2455: RuntimeWarning: invalid value encountered in func (vectorized)
  outputs = ufunc(*inputs)
/projects/muyang@colostate.edu/software/anaconda/envs/testenv/lib/python3.11/site-packages/numpy/lib/function_base.py:2455: RuntimeWarning: divide by zero encountered in func (vectorized)
  outputs = ufunc(*inputs)
/projects/muyang@colostate.edu/software/anaconda/envs/testenv/lib/python3.11/site-packages/numpy/lib/function_base.py:2455: RuntimeWarning: invalid value encountered in func (vectorized)
  outputs = ufunc(*inputs)
/projects/muyang@colostate.edu/software/anaconda/envs/testenv/lib/python3.11/site-packages/numpy/lib/function_base.py:2455: RuntimeWarning: divide by zero encountered in func (vectorized)
  outputs = ufunc(*inputs)
/projects/muyang@colostate.edu/software/anaconda/envs/testenv/lib/python3.11/site-packages/numpy/lib/function_base.py:2455: RuntimeWarning: invalid value encountered in func (vectorized)
  outputs = ufunc(*inputs)
150
2023-11-03 23:29:11
/projects/muyang@colostate.edu/software/anaconda/envs/testenv/lib/python3.11/site-packages/numpy/lib/function_base.py:2455: RuntimeWarning: divide by zero encountered in func (vectorized)
  outputs = ufunc(*inputs)
/projects/muyang@colostate.edu/software/anaconda/envs/testenv/lib/python3.11/site-packages/numpy/lib/function_base.py:2455: RuntimeWarning: invalid value encountered in func (vectorized)
  outputs = ufunc(*inputs)
/projects/muyang@colostate.edu/software/anaconda/envs/testenv/lib/python3.11/site-packages/numpy/lib/function_base.py:2455: RuntimeWarning: divide by zero encountered in func (vectorized)
  outputs = ufunc(*inputs)
/projects/muyang@colostate.edu/software/anaconda/envs/testenv/lib/python3.11/site-packages/numpy/lib/function_base.py:2455: RuntimeWarning: invalid value encountered in func (vectorized)
  outputs = ufunc(*inputs)
/projects/muyang@colostate.edu/software/anaconda/envs/testenv/lib/python3.11/site-packages/numpy/lib/function_base.py:2455: RuntimeWarning: divide by zero encountered in func (vectorized)
  outputs = ufunc(*inputs)
/projects/muyang@colostate.edu/software/anaconda/envs/testenv/lib/python3.11/site-packages/numpy/lib/function_base.py:2455: RuntimeWarning: invalid value encountered in func (vectorized)
  outputs = ufunc(*inputs)
/projects/muyang@colostate.edu/software/anaconda/envs/testenv/lib/python3.11/site-packages/numpy/lib/function_base.py:2455: RuntimeWarning: divide by zero encountered in func (vectorized)
  outputs = ufunc(*inputs)
/projects/muyang@colostate.edu/software/anaconda/envs/testenv/lib/python3.11/site-packages/numpy/lib/function_base.py:2455: RuntimeWarning: invalid value encountered in func (vectorized)
  outputs = ufunc(*inputs)
/projects/muyang@colostate.edu/software/anaconda/envs/testenv/lib/python3.11/site-packages/numpy/lib/function_base.py:2455: RuntimeWarning: divide by zero encountered in func (vectorized)
  outputs = ufunc(*inputs)
/projects/muyang@colostate.edu/software/anaconda/envs/testenv/lib/python3.11/site-packages/numpy/lib/function_base.py:2455: RuntimeWarning: invalid value encountered in func (vectorized)
  outputs = ufunc(*inputs)
/projects/muyang@colostate.edu/software/anaconda/envs/testenv/lib/python3.11/site-packages/numpy/lib/function_base.py:2455: RuntimeWarning: divide by zero encountered in func (vectorized)
  outputs = ufunc(*inputs)
/projects/muyang@colostate.edu/software/anaconda/envs/testenv/lib/python3.11/site-packages/numpy/lib/function_base.py:2455: RuntimeWarning: invalid value encountered in func (vectorized)
  outputs = ufunc(*inputs)
/projects/muyang@colostate.edu/software/anaconda/envs/testenv/lib/python3.11/site-packages/numpy/lib/function_base.py:2455: RuntimeWarning: divide by zero encountered in func (vectorized)
  outputs = ufunc(*inputs)
/projects/muyang@colostate.edu/software/anaconda/envs/testenv/lib/python3.11/site-packages/numpy/lib/function_base.py:2455: RuntimeWarning: invalid value encountered in func (vectorized)
  outputs = ufunc(*inputs)
/projects/muyang@colostate.edu/software/anaconda/envs/testenv/lib/python3.11/site-packages/numpy/lib/function_base.py:2455: RuntimeWarning: divide by zero encountered in func (vectorized)
  outputs = ufunc(*inputs)
/projects/muyang@colostate.edu/software/anaconda/envs/testenv/lib/python3.11/site-packages/numpy/lib/function_base.py:2455: RuntimeWarning: invalid value encountered in func (vectorized)
  outputs = ufunc(*inputs)
/projects/muyang@colostate.edu/software/anaconda/envs/testenv/lib/python3.11/site-packages/numpy/lib/function_base.py:2455: RuntimeWarning: divide by zero encountered in func (vectorized)
  outputs = ufunc(*inputs)
/projects/muyang@colostate.edu/software/anaconda/envs/testenv/lib/python3.11/site-packages/numpy/lib/function_base.py:2455: RuntimeWarning: invalid value encountered in func (vectorized)
  outputs = ufunc(*inputs)
/projects/muyang@colostate.edu/software/anaconda/envs/testenv/lib/python3.11/site-packages/numpy/lib/function_base.py:2455: RuntimeWarning: divide by zero encountered in func (vectorized)
  outputs = ufunc(*inputs)
/projects/muyang@colostate.edu/software/anaconda/envs/testenv/lib/python3.11/site-packages/numpy/lib/function_base.py:2455: RuntimeWarning: invalid value encountered in func (vectorized)
  outputs = ufunc(*inputs)
200
2023-11-03 23:30:02
elapsed:  332.4  seconds
/projects/muyang@colostate.edu/software/anaconda/envs/testenv/lib/python3.11/site-packages/numpy/lib/function_base.py:2455: RuntimeWarning: divide by zero encountered in func (vectorized)
  outputs = ufunc(*inputs)
/projects/muyang@colostate.edu/software/anaconda/envs/testenv/lib/python3.11/site-packages/numpy/lib/function_base.py:2455: RuntimeWarning: invalid value encountered in func (vectorized)
  outputs = ufunc(*inputs)
/projects/muyang@colostate.edu/software/anaconda/envs/testenv/lib/python3.11/site-packages/numpy/lib/function_base.py:2455: RuntimeWarning: divide by zero encountered in func (vectorized)
  outputs = ufunc(*inputs)
/projects/muyang@colostate.edu/software/anaconda/envs/testenv/lib/python3.11/site-packages/numpy/lib/function_base.py:2455: RuntimeWarning: invalid value encountered in func (vectorized)
  outputs = ufunc(*inputs)
/projects/muyang@colostate.edu/software/anaconda/envs/testenv/lib/python3.11/site-packages/numpy/lib/function_base.py:2455: RuntimeWarning: divide by zero encountered in func (vectorized)
  outputs = ufunc(*inputs)
/projects/muyang@colostate.edu/software/anaconda/envs/testenv/lib/python3.11/site-packages/numpy/lib/function_base.py:2455: RuntimeWarning: invalid value encountered in func (vectorized)
  outputs = ufunc(*inputs)
/projects/muyang@colostate.edu/software/anaconda/envs/testenv/lib/python3.11/site-packages/numpy/lib/function_base.py:2455: RuntimeWarning: divide by zero encountered in func (vectorized)
  outputs = ufunc(*inputs)
/projects/muyang@colostate.edu/software/anaconda/envs/testenv/lib/python3.11/site-packages/numpy/lib/function_base.py:2455: RuntimeWarning: invalid value encountered in func (vectorized)
  outputs = ufunc(*inputs)
/projects/muyang@colostate.edu/software/anaconda/envs/testenv/lib/python3.11/site-packages/numpy/lib/function_base.py:2455: RuntimeWarning: divide by zero encountered in func (vectorized)
  outputs = ufunc(*inputs)
/projects/muyang@colostate.edu/software/anaconda/envs/testenv/lib/python3.11/site-packages/numpy/lib/function_base.py:2455: RuntimeWarning: invalid value encountered in func (vectorized)
  outputs = ufunc(*inputs)
/projects/muyang@colostate.edu/software/anaconda/envs/testenv/lib/python3.11/site-packages/numpy/lib/function_base.py:2455: RuntimeWarning: divide by zero encountered in func (vectorized)
  outputs = ufunc(*inputs)
/projects/muyang@colostate.edu/software/anaconda/envs/testenv/lib/python3.11/site-packages/numpy/lib/function_base.py:2455: RuntimeWarning: invalid value encountered in func (vectorized)
  outputs = ufunc(*inputs)
/projects/muyang@colostate.edu/software/anaconda/envs/testenv/lib/python3.11/site-packages/numpy/lib/function_base.py:2455: RuntimeWarning: divide by zero encountered in func (vectorized)
  outputs = ufunc(*inputs)
/projects/muyang@colostate.edu/software/anaconda/envs/testenv/lib/python3.11/site-packages/numpy/lib/function_base.py:2455: RuntimeWarning: invalid value encountered in func (vectorized)
  outputs = ufunc(*inputs)
250
2023-11-03 23:30:48
/projects/muyang@colostate.edu/software/anaconda/envs/testenv/lib/python3.11/site-packages/numpy/lib/function_base.py:2455: RuntimeWarning: divide by zero encountered in func (vectorized)
  outputs = ufunc(*inputs)
/projects/muyang@colostate.edu/software/anaconda/envs/testenv/lib/python3.11/site-packages/numpy/lib/function_base.py:2455: RuntimeWarning: invalid value encountered in func (vectorized)
  outputs = ufunc(*inputs)
/projects/muyang@colostate.edu/software/anaconda/envs/testenv/lib/python3.11/site-packages/numpy/lib/function_base.py:2455: RuntimeWarning: divide by zero encountered in func (vectorized)
  outputs = ufunc(*inputs)
/projects/muyang@colostate.edu/software/anaconda/envs/testenv/lib/python3.11/site-packages/numpy/lib/function_base.py:2455: RuntimeWarning: invalid value encountered in func (vectorized)
  outputs = ufunc(*inputs)
/projects/muyang@colostate.edu/software/anaconda/envs/testenv/lib/python3.11/site-packages/numpy/lib/function_base.py:2455: RuntimeWarning: divide by zero encountered in func (vectorized)
  outputs = ufunc(*inputs)
/projects/muyang@colostate.edu/software/anaconda/envs/testenv/lib/python3.11/site-packages/numpy/lib/function_base.py:2455: RuntimeWarning: invalid value encountered in func (vectorized)
  outputs = ufunc(*inputs)
300
2023-11-03 23:31:39
elapsed:  429.5  seconds
/projects/muyang@colostate.edu/software/anaconda/envs/testenv/lib/python3.11/site-packages/numpy/lib/function_base.py:2455: RuntimeWarning: divide by zero encountered in func (vectorized)
  outputs = ufunc(*inputs)
/projects/muyang@colostate.edu/software/anaconda/envs/testenv/lib/python3.11/site-packages/numpy/lib/function_base.py:2455: RuntimeWarning: invalid value encountered in func (vectorized)
  outputs = ufunc(*inputs)
/projects/muyang@colostate.edu/software/anaconda/envs/testenv/lib/python3.11/site-packages/numpy/lib/function_base.py:2455: RuntimeWarning: divide by zero encountered in func (vectorized)
  outputs = ufunc(*inputs)
/projects/muyang@colostate.edu/software/anaconda/envs/testenv/lib/python3.11/site-packages/numpy/lib/function_base.py:2455: RuntimeWarning: invalid value encountered in func (vectorized)
  outputs = ufunc(*inputs)
350
2023-11-03 23:32:34
/projects/muyang@colostate.edu/software/anaconda/envs/testenv/lib/python3.11/site-packages/numpy/lib/function_base.py:2455: RuntimeWarning: divide by zero encountered in func (vectorized)
  outputs = ufunc(*inputs)
/projects/muyang@colostate.edu/software/anaconda/envs/testenv/lib/python3.11/site-packages/numpy/lib/function_base.py:2455: RuntimeWarning: invalid value encountered in func (vectorized)
  outputs = ufunc(*inputs)
400
2023-11-03 23:33:27
elapsed:  537.7  seconds
/projects/muyang@colostate.edu/software/anaconda/envs/testenv/lib/python3.11/site-packages/numpy/lib/function_base.py:2455: RuntimeWarning: divide by zero encountered in func (vectorized)
  outputs = ufunc(*inputs)
/projects/muyang@colostate.edu/software/anaconda/envs/testenv/lib/python3.11/site-packages/numpy/lib/function_base.py:2455: RuntimeWarning: invalid value encountered in func (vectorized)
  outputs = ufunc(*inputs)
450
2023-11-03 23:34:14
/projects/muyang@colostate.edu/software/anaconda/envs/testenv/lib/python3.11/site-packages/numpy/lib/function_base.py:2455: RuntimeWarning: divide by zero encountered in func (vectorized)
  outputs = ufunc(*inputs)
/projects/muyang@colostate.edu/software/anaconda/envs/testenv/lib/python3.11/site-packages/numpy/lib/function_base.py:2455: RuntimeWarning: invalid value encountered in func (vectorized)
  outputs = ufunc(*inputs)
500
2023-11-03 23:35:14
elapsed:  644.6  seconds
550
2023-11-03 23:36:28
/projects/muyang@colostate.edu/software/anaconda/envs/testenv/lib/python3.11/site-packages/numpy/lib/function_base.py:2455: RuntimeWarning: divide by zero encountered in func (vectorized)
  outputs = ufunc(*inputs)
/projects/muyang@colostate.edu/software/anaconda/envs/testenv/lib/python3.11/site-packages/numpy/lib/function_base.py:2455: RuntimeWarning: invalid value encountered in func (vectorized)
  outputs = ufunc(*inputs)
/projects/muyang@colostate.edu/software/anaconda/envs/testenv/lib/python3.11/site-packages/numpy/lib/function_base.py:2455: RuntimeWarning: divide by zero encountered in func (vectorized)
  outputs = ufunc(*inputs)
/projects/muyang@colostate.edu/software/anaconda/envs/testenv/lib/python3.11/site-packages/numpy/lib/function_base.py:2455: RuntimeWarning: invalid value encountered in func (vectorized)
  outputs = ufunc(*inputs)
600
2023-11-03 23:38:10
elapsed:  820.8  seconds
/projects/muyang@colostate.edu/software/anaconda/envs/testenv/lib/python3.11/site-packages/numpy/lib/function_base.py:2455: RuntimeWarning: divide by zero encountered in func (vectorized)
  outputs = ufunc(*inputs)
/projects/muyang@colostate.edu/software/anaconda/envs/testenv/lib/python3.11/site-packages/numpy/lib/function_base.py:2455: RuntimeWarning: invalid value encountered in func (vectorized)
  outputs = ufunc(*inputs)
/projects/muyang@colostate.edu/software/anaconda/envs/testenv/lib/python3.11/site-packages/numpy/lib/function_base.py:2455: RuntimeWarning: divide by zero encountered in func (vectorized)
  outputs = ufunc(*inputs)
/projects/muyang@colostate.edu/software/anaconda/envs/testenv/lib/python3.11/site-packages/numpy/lib/function_base.py:2455: RuntimeWarning: invalid value encountered in func (vectorized)
  outputs = ufunc(*inputs)
650
2023-11-03 23:38:53
700
2023-11-03 23:39:51
elapsed:  921.1  seconds
750
2023-11-03 23:40:55
800
2023-11-03 23:42:25
elapsed:  1075.9  seconds
/projects/muyang@colostate.edu/software/anaconda/envs/testenv/lib/python3.11/site-packages/numpy/lib/function_base.py:2455: RuntimeWarning: divide by zero encountered in func (vectorized)
  outputs = ufunc(*inputs)
/projects/muyang@colostate.edu/software/anaconda/envs/testenv/lib/python3.11/site-packages/numpy/lib/function_base.py:2455: RuntimeWarning: invalid value encountered in func (vectorized)
  outputs = ufunc(*inputs)
/projects/muyang@colostate.edu/software/anaconda/envs/testenv/lib/python3.11/site-packages/numpy/lib/function_base.py:2455: RuntimeWarning: divide by zero encountered in func (vectorized)
  outputs = ufunc(*inputs)
/projects/muyang@colostate.edu/software/anaconda/envs/testenv/lib/python3.11/site-packages/numpy/lib/function_base.py:2455: RuntimeWarning: invalid value encountered in func (vectorized)
  outputs = ufunc(*inputs)
850
2023-11-03 23:43:56
900
2023-11-03 23:45:17
elapsed:  1247.5  seconds
950
2023-11-03 23:46:58
1000
2023-11-03 23:47:53
elapsed:  1403.8  seconds
1050
2023-11-03 23:49:01
1100
2023-11-03 23:50:11
elapsed:  1541.1  seconds
/projects/muyang@colostate.edu/software/anaconda/envs/testenv/lib/python3.11/site-packages/numpy/lib/function_base.py:2455: RuntimeWarning: divide by zero encountered in func (vectorized)
  outputs = ufunc(*inputs)
/projects/muyang@colostate.edu/software/anaconda/envs/testenv/lib/python3.11/site-packages/numpy/lib/function_base.py:2455: RuntimeWarning: invalid value encountered in func (vectorized)
  outputs = ufunc(*inputs)
1150
2023-11-03 23:51:45
1200
2023-11-03 23:53:24
elapsed:  1734.7  seconds
/projects/muyang@colostate.edu/software/anaconda/envs/testenv/lib/python3.11/site-packages/numpy/lib/function_base.py:2455: RuntimeWarning: divide by zero encountered in func (vectorized)
  outputs = ufunc(*inputs)
/projects/muyang@colostate.edu/software/anaconda/envs/testenv/lib/python3.11/site-packages/numpy/lib/function_base.py:2455: RuntimeWarning: invalid value encountered in func (vectorized)
  outputs = ufunc(*inputs)
/projects/muyang@colostate.edu/software/anaconda/envs/testenv/lib/python3.11/site-packages/numpy/lib/function_base.py:2455: RuntimeWarning: divide by zero encountered in func (vectorized)
  outputs = ufunc(*inputs)
/projects/muyang@colostate.edu/software/anaconda/envs/testenv/lib/python3.11/site-packages/numpy/lib/function_base.py:2455: RuntimeWarning: invalid value encountered in func (vectorized)
  outputs = ufunc(*inputs)
1250
2023-11-03 23:54:59
/projects/muyang@colostate.edu/software/anaconda/envs/testenv/lib/python3.11/site-packages/numpy/lib/function_base.py:2455: RuntimeWarning: divide by zero encountered in func (vectorized)
  outputs = ufunc(*inputs)
/projects/muyang@colostate.edu/software/anaconda/envs/testenv/lib/python3.11/site-packages/numpy/lib/function_base.py:2455: RuntimeWarning: invalid value encountered in func (vectorized)
  outputs = ufunc(*inputs)
1300
2023-11-03 23:56:50
elapsed:  1940.8  seconds
1350
2023-11-03 23:58:34
1400
2023-11-04 00:00:28
elapsed:  2158.9  seconds
1450
2023-11-04 00:02:26
/projects/muyang@colostate.edu/software/anaconda/envs/testenv/lib/python3.11/site-packages/numpy/lib/function_base.py:2455: RuntimeWarning: divide by zero encountered in func (vectorized)
  outputs = ufunc(*inputs)
/projects/muyang@colostate.edu/software/anaconda/envs/testenv/lib/python3.11/site-packages/numpy/lib/function_base.py:2455: RuntimeWarning: invalid value encountered in func (vectorized)
  outputs = ufunc(*inputs)
1500
2023-11-04 00:04:19
elapsed:  2389.1  seconds
1550
2023-11-04 00:05:59
1600
2023-11-04 00:07:42
elapsed:  2592.1  seconds
1650
2023-11-04 00:09:46
/projects/muyang@colostate.edu/software/anaconda/envs/testenv/lib/python3.11/site-packages/numpy/lib/function_base.py:2455: RuntimeWarning: divide by zero encountered in func (vectorized)
  outputs = ufunc(*inputs)
/projects/muyang@colostate.edu/software/anaconda/envs/testenv/lib/python3.11/site-packages/numpy/lib/function_base.py:2455: RuntimeWarning: invalid value encountered in func (vectorized)
  outputs = ufunc(*inputs)
1700
2023-11-04 00:12:07
elapsed:  2857.3  seconds
/projects/muyang@colostate.edu/software/anaconda/envs/testenv/lib/python3.11/site-packages/numpy/lib/function_base.py:2455: RuntimeWarning: divide by zero encountered in func (vectorized)
  outputs = ufunc(*inputs)
/projects/muyang@colostate.edu/software/anaconda/envs/testenv/lib/python3.11/site-packages/numpy/lib/function_base.py:2455: RuntimeWarning: invalid value encountered in func (vectorized)
  outputs = ufunc(*inputs)
1750
2023-11-04 00:14:01
1800
2023-11-04 00:16:39
elapsed:  3129.6  seconds
/projects/muyang@colostate.edu/software/anaconda/envs/testenv/lib/python3.11/site-packages/numpy/lib/function_base.py:2455: RuntimeWarning: divide by zero encountered in func (vectorized)
  outputs = ufunc(*inputs)
/projects/muyang@colostate.edu/software/anaconda/envs/testenv/lib/python3.11/site-packages/numpy/lib/function_base.py:2455: RuntimeWarning: invalid value encountered in func (vectorized)
  outputs = ufunc(*inputs)
1850
2023-11-04 00:19:23
1900
2023-11-04 00:21:01
elapsed:  3391.2  seconds
1950
2023-11-04 00:22:26
2000
2023-11-04 00:24:03
elapsed:  3573.6  seconds
2050
2023-11-04 00:26:20
2100
2023-11-04 00:29:06
elapsed:  3876.7  seconds
2150
2023-11-04 00:32:04
2200
2023-11-04 00:34:23
elapsed:  4193.8  seconds
2250
2023-11-04 00:36:34
2300
2023-11-04 00:37:43
elapsed:  4393.4  seconds
2350
2023-11-04 00:39:01
/projects/muyang@colostate.edu/software/anaconda/envs/testenv/lib/python3.11/site-packages/numpy/lib/function_base.py:2455: RuntimeWarning: divide by zero encountered in func (vectorized)
  outputs = ufunc(*inputs)
/projects/muyang@colostate.edu/software/anaconda/envs/testenv/lib/python3.11/site-packages/numpy/lib/function_base.py:2455: RuntimeWarning: invalid value encountered in func (vectorized)
  outputs = ufunc(*inputs)
2400
2023-11-04 00:40:59
elapsed:  4589.4  seconds
2450
2023-11-04 00:43:08
/projects/muyang@colostate.edu/software/anaconda/envs/testenv/lib/python3.11/site-packages/numpy/lib/function_base.py:2455: RuntimeWarning: divide by zero encountered in func (vectorized)
  outputs = ufunc(*inputs)
/projects/muyang@colostate.edu/software/anaconda/envs/testenv/lib/python3.11/site-packages/numpy/lib/function_base.py:2455: RuntimeWarning: invalid value encountered in func (vectorized)
  outputs = ufunc(*inputs)
2500
2023-11-04 00:45:29
elapsed:  4859.3  seconds
2550
2023-11-04 00:47:15
/projects/muyang@colostate.edu/software/anaconda/envs/testenv/lib/python3.11/site-packages/numpy/lib/function_base.py:2455: RuntimeWarning: divide by zero encountered in func (vectorized)
  outputs = ufunc(*inputs)
/projects/muyang@colostate.edu/software/anaconda/envs/testenv/lib/python3.11/site-packages/numpy/lib/function_base.py:2455: RuntimeWarning: invalid value encountered in func (vectorized)
  outputs = ufunc(*inputs)
2600
2023-11-04 00:47:54
elapsed:  5004.9  seconds
2650
2023-11-04 00:49:34
2700
2023-11-04 00:52:42
elapsed:  5292.3  seconds
/projects/muyang@colostate.edu/software/anaconda/envs/testenv/lib/python3.11/site-packages/numpy/lib/function_base.py:2455: RuntimeWarning: divide by zero encountered in func (vectorized)
  outputs = ufunc(*inputs)
/projects/muyang@colostate.edu/software/anaconda/envs/testenv/lib/python3.11/site-packages/numpy/lib/function_base.py:2455: RuntimeWarning: invalid value encountered in func (vectorized)
  outputs = ufunc(*inputs)
2750
2023-11-04 00:55:01
2800
2023-11-04 00:57:27
elapsed:  5577.3  seconds
2850
2023-11-04 00:59:16
2900
2023-11-04 01:00:15
elapsed:  5745.5  seconds
2950
2023-11-04 01:02:00
/projects/muyang@colostate.edu/software/anaconda/envs/testenv/lib/python3.11/site-packages/numpy/lib/function_base.py:2455: RuntimeWarning: divide by zero encountered in func (vectorized)
  outputs = ufunc(*inputs)
/projects/muyang@colostate.edu/software/anaconda/envs/testenv/lib/python3.11/site-packages/numpy/lib/function_base.py:2455: RuntimeWarning: invalid value encountered in func (vectorized)
  outputs = ufunc(*inputs)
3000
2023-11-04 01:04:16
elapsed:  5986.7  seconds
3050
2023-11-04 01:06:44
3100
2023-11-04 01:09:33
elapsed:  6303.2  seconds
/projects/muyang@colostate.edu/software/anaconda/envs/testenv/lib/python3.11/site-packages/numpy/lib/function_base.py:2455: RuntimeWarning: divide by zero encountered in func (vectorized)
  outputs = ufunc(*inputs)
/projects/muyang@colostate.edu/software/anaconda/envs/testenv/lib/python3.11/site-packages/numpy/lib/function_base.py:2455: RuntimeWarning: invalid value encountered in func (vectorized)
  outputs = ufunc(*inputs)
/projects/muyang@colostate.edu/software/anaconda/envs/testenv/lib/python3.11/site-packages/numpy/lib/function_base.py:2455: RuntimeWarning: divide by zero encountered in func (vectorized)
  outputs = ufunc(*inputs)
/projects/muyang@colostate.edu/software/anaconda/envs/testenv/lib/python3.11/site-packages/numpy/lib/function_base.py:2455: RuntimeWarning: invalid value encountered in func (vectorized)
  outputs = ufunc(*inputs)
3150
2023-11-04 01:11:20
3200
2023-11-04 01:14:31
elapsed:  6601.7  seconds
3250
2023-11-04 01:16:47
3300
2023-11-04 01:18:51
elapsed:  6861.5  seconds
3350
2023-11-04 01:21:44
/projects/muyang@colostate.edu/software/anaconda/envs/testenv/lib/python3.11/site-packages/numpy/lib/function_base.py:2455: RuntimeWarning: divide by zero encountered in func (vectorized)
  outputs = ufunc(*inputs)
/projects/muyang@colostate.edu/software/anaconda/envs/testenv/lib/python3.11/site-packages/numpy/lib/function_base.py:2455: RuntimeWarning: invalid value encountered in func (vectorized)
  outputs = ufunc(*inputs)
3400
2023-11-04 01:24:08
elapsed:  7179.0  seconds
3450
2023-11-04 01:26:25
3500
2023-11-04 01:28:18
elapsed:  7428.8  seconds
3550
2023-11-04 01:31:29
3600
2023-11-04 01:34:49
elapsed:  7820.0  seconds
/projects/muyang@colostate.edu/software/anaconda/envs/testenv/lib/python3.11/site-packages/numpy/lib/function_base.py:2455: RuntimeWarning: divide by zero encountered in func (vectorized)
  outputs = ufunc(*inputs)
/projects/muyang@colostate.edu/software/anaconda/envs/testenv/lib/python3.11/site-packages/numpy/lib/function_base.py:2455: RuntimeWarning: invalid value encountered in func (vectorized)
  outputs = ufunc(*inputs)
3650
2023-11-04 01:38:12
3700
2023-11-04 01:41:00
elapsed:  8190.2  seconds
3750
2023-11-04 01:43:32
/projects/muyang@colostate.edu/software/anaconda/envs/testenv/lib/python3.11/site-packages/numpy/lib/function_base.py:2455: RuntimeWarning: divide by zero encountered in func (vectorized)
  outputs = ufunc(*inputs)
/projects/muyang@colostate.edu/software/anaconda/envs/testenv/lib/python3.11/site-packages/numpy/lib/function_base.py:2455: RuntimeWarning: invalid value encountered in func (vectorized)
  outputs = ufunc(*inputs)
3800
2023-11-04 01:46:21
elapsed:  8511.2  seconds
/projects/muyang@colostate.edu/software/anaconda/envs/testenv/lib/python3.11/site-packages/numpy/lib/function_base.py:2455: RuntimeWarning: divide by zero encountered in func (vectorized)
  outputs = ufunc(*inputs)
/projects/muyang@colostate.edu/software/anaconda/envs/testenv/lib/python3.11/site-packages/numpy/lib/function_base.py:2455: RuntimeWarning: invalid value encountered in func (vectorized)
  outputs = ufunc(*inputs)
3850
2023-11-04 01:48:43
3900
2023-11-04 01:50:10
elapsed:  8740.5  seconds
3950
2023-11-04 01:52:27
4000
2023-11-04 01:54:51
elapsed:  9021.9  seconds
4050
2023-11-04 01:57:24
/projects/muyang@colostate.edu/software/anaconda/envs/testenv/lib/python3.11/site-packages/numpy/lib/function_base.py:2455: RuntimeWarning: divide by zero encountered in func (vectorized)
  outputs = ufunc(*inputs)
/projects/muyang@colostate.edu/software/anaconda/envs/testenv/lib/python3.11/site-packages/numpy/lib/function_base.py:2455: RuntimeWarning: invalid value encountered in func (vectorized)
  outputs = ufunc(*inputs)
4100
2023-11-04 01:59:31
elapsed:  9301.7  seconds
/projects/muyang@colostate.edu/software/anaconda/envs/testenv/lib/python3.11/site-packages/numpy/lib/function_base.py:2455: RuntimeWarning: divide by zero encountered in func (vectorized)
  outputs = ufunc(*inputs)
/projects/muyang@colostate.edu/software/anaconda/envs/testenv/lib/python3.11/site-packages/numpy/lib/function_base.py:2455: RuntimeWarning: invalid value encountered in func (vectorized)
  outputs = ufunc(*inputs)
4150
2023-11-04 02:01:50
4200
2023-11-04 02:04:45
elapsed:  9615.8  seconds
/projects/muyang@colostate.edu/software/anaconda/envs/testenv/lib/python3.11/site-packages/numpy/lib/function_base.py:2455: RuntimeWarning: divide by zero encountered in func (vectorized)
  outputs = ufunc(*inputs)
/projects/muyang@colostate.edu/software/anaconda/envs/testenv/lib/python3.11/site-packages/numpy/lib/function_base.py:2455: RuntimeWarning: invalid value encountered in func (vectorized)
  outputs = ufunc(*inputs)
4250
2023-11-04 02:06:52
4300
2023-11-04 02:09:04
elapsed:  9874.7  seconds
4350
2023-11-04 02:10:48
4400
2023-11-04 02:13:04
elapsed:  10114.4  seconds
/projects/muyang@colostate.edu/software/anaconda/envs/testenv/lib/python3.11/site-packages/numpy/lib/function_base.py:2455: RuntimeWarning: divide by zero encountered in func (vectorized)
  outputs = ufunc(*inputs)
/projects/muyang@colostate.edu/software/anaconda/envs/testenv/lib/python3.11/site-packages/numpy/lib/function_base.py:2455: RuntimeWarning: invalid value encountered in func (vectorized)
  outputs = ufunc(*inputs)
4450
2023-11-04 02:15:29
4500
2023-11-04 02:17:48
elapsed:  10398.5  seconds
4550
2023-11-04 02:20:44
4600
2023-11-04 02:23:19
elapsed:  10730.0  seconds
/projects/muyang@colostate.edu/software/anaconda/envs/testenv/lib/python3.11/site-packages/numpy/lib/function_base.py:2455: RuntimeWarning: divide by zero encountered in func (vectorized)
  outputs = ufunc(*inputs)
/projects/muyang@colostate.edu/software/anaconda/envs/testenv/lib/python3.11/site-packages/numpy/lib/function_base.py:2455: RuntimeWarning: invalid value encountered in func (vectorized)
  outputs = ufunc(*inputs)
4650
2023-11-04 02:25:41
4700
2023-11-04 02:28:43
elapsed:  11054.0  seconds
4750
2023-11-04 02:31:51
4800
2023-11-04 02:35:35
elapsed:  11465.1  seconds
4850
2023-11-04 02:38:05
4900
2023-11-04 02:40:54
elapsed:  11784.3  seconds
4950
2023-11-04 02:43:38
5000
2023-11-04 02:46:54
elapsed:  12144.4  seconds
5050
2023-11-04 02:49:08
5100
2023-11-04 02:51:09
elapsed:  12400.0  seconds
5150
2023-11-04 02:54:28
5200
2023-11-04 02:57:36
elapsed:  12786.8  seconds
5250
2023-11-04 03:01:04
5300
2023-11-04 03:04:21
elapsed:  13191.3  seconds
5350
2023-11-04 03:06:45
5400
2023-11-04 03:09:30
elapsed:  13500.0  seconds
5450
2023-11-04 03:10:59
5500
2023-11-04 03:13:25
elapsed:  13735.4  seconds
/projects/muyang@colostate.edu/software/anaconda/envs/testenv/lib/python3.11/site-packages/numpy/lib/function_base.py:2455: RuntimeWarning: divide by zero encountered in func (vectorized)
  outputs = ufunc(*inputs)
/projects/muyang@colostate.edu/software/anaconda/envs/testenv/lib/python3.11/site-packages/numpy/lib/function_base.py:2455: RuntimeWarning: invalid value encountered in func (vectorized)
  outputs = ufunc(*inputs)
5550
2023-11-04 03:15:29
5600
2023-11-04 03:17:48
elapsed:  13998.7  seconds
/projects/muyang@colostate.edu/software/anaconda/envs/testenv/lib/python3.11/site-packages/numpy/lib/function_base.py:2455: RuntimeWarning: divide by zero encountered in func (vectorized)
  outputs = ufunc(*inputs)
/projects/muyang@colostate.edu/software/anaconda/envs/testenv/lib/python3.11/site-packages/numpy/lib/function_base.py:2455: RuntimeWarning: invalid value encountered in func (vectorized)
  outputs = ufunc(*inputs)
5650
2023-11-04 03:19:57
5700
2023-11-04 03:22:39
elapsed:  14289.3  seconds
5750
2023-11-04 03:25:49
5800
2023-11-04 03:28:46
elapsed:  14656.7  seconds
5850
2023-11-04 03:31:59
/projects/muyang@colostate.edu/software/anaconda/envs/testenv/lib/python3.11/site-packages/numpy/lib/function_base.py:2455: RuntimeWarning: divide by zero encountered in func (vectorized)
  outputs = ufunc(*inputs)
/projects/muyang@colostate.edu/software/anaconda/envs/testenv/lib/python3.11/site-packages/numpy/lib/function_base.py:2455: RuntimeWarning: invalid value encountered in func (vectorized)
  outputs = ufunc(*inputs)
5900
2023-11-04 03:35:18
elapsed:  15048.8  seconds
5950
2023-11-04 03:38:16
6000
2023-11-04 03:40:42
elapsed:  15372.7  seconds
6050
2023-11-04 03:43:53
6100
2023-11-04 03:47:06
elapsed:  15756.2  seconds
6150
2023-11-04 03:49:20
/projects/muyang@colostate.edu/software/anaconda/envs/testenv/lib/python3.11/site-packages/numpy/lib/function_base.py:2455: RuntimeWarning: divide by zero encountered in func (vectorized)
  outputs = ufunc(*inputs)
/projects/muyang@colostate.edu/software/anaconda/envs/testenv/lib/python3.11/site-packages/numpy/lib/function_base.py:2455: RuntimeWarning: invalid value encountered in func (vectorized)
  outputs = ufunc(*inputs)
6200
2023-11-04 03:51:32
elapsed:  16022.4  seconds
6250
2023-11-04 03:55:29
/projects/muyang@colostate.edu/software/anaconda/envs/testenv/lib/python3.11/site-packages/numpy/lib/function_base.py:2455: RuntimeWarning: divide by zero encountered in func (vectorized)
  outputs = ufunc(*inputs)
/projects/muyang@colostate.edu/software/anaconda/envs/testenv/lib/python3.11/site-packages/numpy/lib/function_base.py:2455: RuntimeWarning: invalid value encountered in func (vectorized)
  outputs = ufunc(*inputs)
6300
2023-11-04 03:58:16
elapsed:  16426.7  seconds
/projects/muyang@colostate.edu/software/anaconda/envs/testenv/lib/python3.11/site-packages/numpy/lib/function_base.py:2455: RuntimeWarning: divide by zero encountered in func (vectorized)
  outputs = ufunc(*inputs)
/projects/muyang@colostate.edu/software/anaconda/envs/testenv/lib/python3.11/site-packages/numpy/lib/function_base.py:2455: RuntimeWarning: invalid value encountered in func (vectorized)
  outputs = ufunc(*inputs)
6350
2023-11-04 04:01:31
6400
2023-11-04 04:05:23
elapsed:  16853.3  seconds
6450
2023-11-04 04:08:31
/projects/muyang@colostate.edu/software/anaconda/envs/testenv/lib/python3.11/site-packages/numpy/lib/function_base.py:2455: RuntimeWarning: divide by zero encountered in func (vectorized)
  outputs = ufunc(*inputs)
/projects/muyang@colostate.edu/software/anaconda/envs/testenv/lib/python3.11/site-packages/numpy/lib/function_base.py:2455: RuntimeWarning: invalid value encountered in func (vectorized)
  outputs = ufunc(*inputs)
6500
2023-11-04 04:12:22
elapsed:  17273.0  seconds
/projects/muyang@colostate.edu/software/anaconda/envs/testenv/lib/python3.11/site-packages/numpy/lib/function_base.py:2455: RuntimeWarning: divide by zero encountered in func (vectorized)
  outputs = ufunc(*inputs)
/projects/muyang@colostate.edu/software/anaconda/envs/testenv/lib/python3.11/site-packages/numpy/lib/function_base.py:2455: RuntimeWarning: invalid value encountered in func (vectorized)
  outputs = ufunc(*inputs)
6550
2023-11-04 04:15:47
6600
2023-11-04 04:18:44
elapsed:  17654.6  seconds
6650
2023-11-04 04:21:51
6700
2023-11-04 04:24:32
elapsed:  18002.9  seconds
/projects/muyang@colostate.edu/software/anaconda/envs/testenv/lib/python3.11/site-packages/numpy/lib/function_base.py:2455: RuntimeWarning: divide by zero encountered in func (vectorized)
  outputs = ufunc(*inputs)
/projects/muyang@colostate.edu/software/anaconda/envs/testenv/lib/python3.11/site-packages/numpy/lib/function_base.py:2455: RuntimeWarning: invalid value encountered in func (vectorized)
  outputs = ufunc(*inputs)
6750
2023-11-04 04:26:29
6800
2023-11-04 04:28:52
elapsed:  18262.7  seconds
6850
2023-11-04 04:31:57
6900
2023-11-04 04:35:35
elapsed:  18665.2  seconds
6950
2023-11-04 04:39:20
/projects/muyang@colostate.edu/software/anaconda/envs/testenv/lib/python3.11/site-packages/numpy/lib/function_base.py:2455: RuntimeWarning: divide by zero encountered in func (vectorized)
  outputs = ufunc(*inputs)
/projects/muyang@colostate.edu/software/anaconda/envs/testenv/lib/python3.11/site-packages/numpy/lib/function_base.py:2455: RuntimeWarning: invalid value encountered in func (vectorized)
  outputs = ufunc(*inputs)
7000
2023-11-04 04:42:58
elapsed:  19108.2  seconds
7050
2023-11-04 04:45:37
/projects/muyang@colostate.edu/software/anaconda/envs/testenv/lib/python3.11/site-packages/numpy/lib/function_base.py:2455: RuntimeWarning: divide by zero encountered in func (vectorized)
  outputs = ufunc(*inputs)
/projects/muyang@colostate.edu/software/anaconda/envs/testenv/lib/python3.11/site-packages/numpy/lib/function_base.py:2455: RuntimeWarning: invalid value encountered in func (vectorized)
  outputs = ufunc(*inputs)
7100
2023-11-04 04:47:31
elapsed:  19381.1  seconds
7150
2023-11-04 04:50:06
7200
2023-11-04 04:52:11
elapsed:  19661.5  seconds
7250
2023-11-04 04:55:17
7300
2023-11-04 04:57:34
elapsed:  19984.6  seconds
/projects/muyang@colostate.edu/software/anaconda/envs/testenv/lib/python3.11/site-packages/numpy/lib/function_base.py:2455: RuntimeWarning: divide by zero encountered in func (vectorized)
  outputs = ufunc(*inputs)
/projects/muyang@colostate.edu/software/anaconda/envs/testenv/lib/python3.11/site-packages/numpy/lib/function_base.py:2455: RuntimeWarning: invalid value encountered in func (vectorized)
  outputs = ufunc(*inputs)
7350
2023-11-04 05:01:01
7400
2023-11-04 05:04:12
elapsed:  20382.6  seconds
7450
2023-11-04 05:07:42
7500
2023-11-04 05:09:57
elapsed:  20727.5  seconds
7550
2023-11-04 05:13:03
7600
2023-11-04 05:14:54
elapsed:  21024.6  seconds
7650
2023-11-04 05:17:40
7700
2023-11-04 05:20:15
elapsed:  21346.0  seconds
/projects/muyang@colostate.edu/software/anaconda/envs/testenv/lib/python3.11/site-packages/numpy/lib/function_base.py:2455: RuntimeWarning: divide by zero encountered in func (vectorized)
  outputs = ufunc(*inputs)
/projects/muyang@colostate.edu/software/anaconda/envs/testenv/lib/python3.11/site-packages/numpy/lib/function_base.py:2455: RuntimeWarning: invalid value encountered in func (vectorized)
  outputs = ufunc(*inputs)
7750
2023-11-04 05:23:19
7800
2023-11-04 05:26:29
elapsed:  21719.4  seconds
/projects/muyang@colostate.edu/software/anaconda/envs/testenv/lib/python3.11/site-packages/numpy/lib/function_base.py:2455: RuntimeWarning: divide by zero encountered in func (vectorized)
  outputs = ufunc(*inputs)
/projects/muyang@colostate.edu/software/anaconda/envs/testenv/lib/python3.11/site-packages/numpy/lib/function_base.py:2455: RuntimeWarning: invalid value encountered in func (vectorized)
  outputs = ufunc(*inputs)
7850
2023-11-04 05:29:24
7900
2023-11-04 05:32:29
elapsed:  22079.9  seconds
/projects/muyang@colostate.edu/software/anaconda/envs/testenv/lib/python3.11/site-packages/numpy/lib/function_base.py:2455: RuntimeWarning: divide by zero encountered in func (vectorized)
  outputs = ufunc(*inputs)
/projects/muyang@colostate.edu/software/anaconda/envs/testenv/lib/python3.11/site-packages/numpy/lib/function_base.py:2455: RuntimeWarning: invalid value encountered in func (vectorized)
  outputs = ufunc(*inputs)
7950
2023-11-04 05:36:08
8000
2023-11-04 05:39:07
elapsed:  22477.6  seconds
8050
2023-11-04 05:43:06
8100
2023-11-04 05:46:13
elapsed:  22903.5  seconds
8150
2023-11-04 05:49:39
8200
2023-11-04 05:53:07
elapsed:  23318.0  seconds
8250
2023-11-04 05:56:00
8300
2023-11-04 05:59:54
elapsed:  23724.8  seconds
8350
2023-11-04 06:03:19
8400
2023-11-04 06:06:34
elapsed:  24124.5  seconds
8450
2023-11-04 06:09:18
8500
2023-11-04 06:12:17
elapsed:  24468.0  seconds
/projects/muyang@colostate.edu/software/anaconda/envs/testenv/lib/python3.11/site-packages/numpy/lib/function_base.py:2455: RuntimeWarning: divide by zero encountered in func (vectorized)
  outputs = ufunc(*inputs)
/projects/muyang@colostate.edu/software/anaconda/envs/testenv/lib/python3.11/site-packages/numpy/lib/function_base.py:2455: RuntimeWarning: invalid value encountered in func (vectorized)
  outputs = ufunc(*inputs)
8550
2023-11-04 06:14:29
8600
2023-11-04 06:17:29
elapsed:  24779.9  seconds
8650
2023-11-04 06:20:27
/projects/muyang@colostate.edu/software/anaconda/envs/testenv/lib/python3.11/site-packages/numpy/lib/function_base.py:2455: RuntimeWarning: divide by zero encountered in func (vectorized)
  outputs = ufunc(*inputs)
/projects/muyang@colostate.edu/software/anaconda/envs/testenv/lib/python3.11/site-packages/numpy/lib/function_base.py:2455: RuntimeWarning: invalid value encountered in func (vectorized)
  outputs = ufunc(*inputs)
8700
2023-11-04 06:23:40
elapsed:  25150.3  seconds
8750
2023-11-04 06:26:01
8800
2023-11-04 06:29:31
elapsed:  25501.9  seconds
8850
2023-11-04 06:32:37
8900
2023-11-04 06:35:52
elapsed:  25882.3  seconds
/projects/muyang@colostate.edu/software/anaconda/envs/testenv/lib/python3.11/site-packages/numpy/lib/function_base.py:2455: RuntimeWarning: divide by zero encountered in func (vectorized)
  outputs = ufunc(*inputs)
/projects/muyang@colostate.edu/software/anaconda/envs/testenv/lib/python3.11/site-packages/numpy/lib/function_base.py:2455: RuntimeWarning: invalid value encountered in func (vectorized)
  outputs = ufunc(*inputs)
8950
2023-11-04 06:38:53
9000
2023-11-04 06:42:12
elapsed:  26263.0  seconds
9050
2023-11-04 06:44:36
9100
2023-11-04 06:47:51
elapsed:  26601.2  seconds
9150
2023-11-04 06:50:08
9200
2023-11-04 06:53:51
elapsed:  26961.1  seconds
/projects/muyang@colostate.edu/software/anaconda/envs/testenv/lib/python3.11/site-packages/numpy/lib/function_base.py:2455: RuntimeWarning: divide by zero encountered in func (vectorized)
  outputs = ufunc(*inputs)
/projects/muyang@colostate.edu/software/anaconda/envs/testenv/lib/python3.11/site-packages/numpy/lib/function_base.py:2455: RuntimeWarning: invalid value encountered in func (vectorized)
  outputs = ufunc(*inputs)
9250
2023-11-04 06:56:11
9300
2023-11-04 06:59:09
elapsed:  27279.5  seconds
9350
2023-11-04 07:02:35
/projects/muyang@colostate.edu/software/anaconda/envs/testenv/lib/python3.11/site-packages/numpy/lib/function_base.py:2455: RuntimeWarning: divide by zero encountered in func (vectorized)
  outputs = ufunc(*inputs)
/projects/muyang@colostate.edu/software/anaconda/envs/testenv/lib/python3.11/site-packages/numpy/lib/function_base.py:2455: RuntimeWarning: invalid value encountered in func (vectorized)
  outputs = ufunc(*inputs)
9400
2023-11-04 07:05:39
elapsed:  27669.7  seconds
9450
2023-11-04 07:08:52
9500
2023-11-04 07:12:47
elapsed:  28097.0  seconds
9550
2023-11-04 07:16:12
9600
2023-11-04 07:19:03
elapsed:  28473.3  seconds
/projects/muyang@colostate.edu/software/anaconda/envs/testenv/lib/python3.11/site-packages/numpy/lib/function_base.py:2455: RuntimeWarning: divide by zero encountered in func (vectorized)
  outputs = ufunc(*inputs)
/projects/muyang@colostate.edu/software/anaconda/envs/testenv/lib/python3.11/site-packages/numpy/lib/function_base.py:2455: RuntimeWarning: invalid value encountered in func (vectorized)
  outputs = ufunc(*inputs)
9650
2023-11-04 07:21:50
9700
2023-11-04 07:24:33
elapsed:  28803.9  seconds
/projects/muyang@colostate.edu/software/anaconda/envs/testenv/lib/python3.11/site-packages/numpy/lib/function_base.py:2455: RuntimeWarning: divide by zero encountered in func (vectorized)
  outputs = ufunc(*inputs)
/projects/muyang@colostate.edu/software/anaconda/envs/testenv/lib/python3.11/site-packages/numpy/lib/function_base.py:2455: RuntimeWarning: invalid value encountered in func (vectorized)
  outputs = ufunc(*inputs)
9750
2023-11-04 07:27:29
9800
2023-11-04 07:29:31
elapsed:  29101.2  seconds
/projects/muyang@colostate.edu/software/anaconda/envs/testenv/lib/python3.11/site-packages/numpy/lib/function_base.py:2455: RuntimeWarning: divide by zero encountered in func (vectorized)
  outputs = ufunc(*inputs)
/projects/muyang@colostate.edu/software/anaconda/envs/testenv/lib/python3.11/site-packages/numpy/lib/function_base.py:2455: RuntimeWarning: invalid value encountered in func (vectorized)
  outputs = ufunc(*inputs)
9850
2023-11-04 07:32:24
9900
2023-11-04 07:33:51
elapsed:  29361.4  seconds
9950
2023-11-04 07:35:57
10000
2023-11-04 07:38:30
elapsed:  29640.9  seconds
10050
2023-11-04 07:41:13
/projects/muyang@colostate.edu/software/anaconda/envs/testenv/lib/python3.11/site-packages/numpy/lib/function_base.py:2455: RuntimeWarning: divide by zero encountered in func (vectorized)
  outputs = ufunc(*inputs)
/projects/muyang@colostate.edu/software/anaconda/envs/testenv/lib/python3.11/site-packages/numpy/lib/function_base.py:2455: RuntimeWarning: invalid value encountered in func (vectorized)
  outputs = ufunc(*inputs)
10100
2023-11-04 07:43:19
elapsed:  29930.0  seconds
/projects/muyang@colostate.edu/software/anaconda/envs/testenv/lib/python3.11/site-packages/numpy/lib/function_base.py:2455: RuntimeWarning: divide by zero encountered in func (vectorized)
  outputs = ufunc(*inputs)
/projects/muyang@colostate.edu/software/anaconda/envs/testenv/lib/python3.11/site-packages/numpy/lib/function_base.py:2455: RuntimeWarning: invalid value encountered in func (vectorized)
  outputs = ufunc(*inputs)
10150
2023-11-04 07:45:38
10200
2023-11-04 07:48:48
elapsed:  30258.8  seconds
10250
2023-11-04 07:51:50
/projects/muyang@colostate.edu/software/anaconda/envs/testenv/lib/python3.11/site-packages/numpy/lib/function_base.py:2455: RuntimeWarning: divide by zero encountered in func (vectorized)
  outputs = ufunc(*inputs)
/projects/muyang@colostate.edu/software/anaconda/envs/testenv/lib/python3.11/site-packages/numpy/lib/function_base.py:2455: RuntimeWarning: invalid value encountered in func (vectorized)
  outputs = ufunc(*inputs)
10300
2023-11-04 07:54:39
elapsed:  30609.4  seconds
10350
2023-11-04 07:57:17
10400
2023-11-04 08:00:48
elapsed:  30978.8  seconds
10450
2023-11-04 08:03:33
/projects/muyang@colostate.edu/software/anaconda/envs/testenv/lib/python3.11/site-packages/numpy/lib/function_base.py:2455: RuntimeWarning: divide by zero encountered in func (vectorized)
  outputs = ufunc(*inputs)
/projects/muyang@colostate.edu/software/anaconda/envs/testenv/lib/python3.11/site-packages/numpy/lib/function_base.py:2455: RuntimeWarning: invalid value encountered in func (vectorized)
  outputs = ufunc(*inputs)
10500
2023-11-04 08:06:37
elapsed:  31327.6  seconds
10550
2023-11-04 08:09:14
10600
2023-11-04 08:12:17
elapsed:  31667.2  seconds
/projects/muyang@colostate.edu/software/anaconda/envs/testenv/lib/python3.11/site-packages/numpy/lib/function_base.py:2455: RuntimeWarning: divide by zero encountered in func (vectorized)
  outputs = ufunc(*inputs)
/projects/muyang@colostate.edu/software/anaconda/envs/testenv/lib/python3.11/site-packages/numpy/lib/function_base.py:2455: RuntimeWarning: invalid value encountered in func (vectorized)
  outputs = ufunc(*inputs)
10650
2023-11-04 08:15:10
10700
2023-11-04 08:18:06
elapsed:  32016.7  seconds
10750
2023-11-04 08:21:08
10800
2023-11-04 08:23:50
elapsed:  32360.8  seconds
10850
2023-11-04 08:25:45
/projects/muyang@colostate.edu/software/anaconda/envs/testenv/lib/python3.11/site-packages/numpy/lib/function_base.py:2455: RuntimeWarning: divide by zero encountered in func (vectorized)
  outputs = ufunc(*inputs)
/projects/muyang@colostate.edu/software/anaconda/envs/testenv/lib/python3.11/site-packages/numpy/lib/function_base.py:2455: RuntimeWarning: invalid value encountered in func (vectorized)
  outputs = ufunc(*inputs)
10900
2023-11-04 08:27:55
elapsed:  32606.0  seconds
10950
2023-11-04 08:32:05
11000
2023-11-04 08:35:24
elapsed:  33054.3  seconds
/projects/muyang@colostate.edu/software/anaconda/envs/testenv/lib/python3.11/site-packages/numpy/lib/function_base.py:2455: RuntimeWarning: divide by zero encountered in func (vectorized)
  outputs = ufunc(*inputs)
/projects/muyang@colostate.edu/software/anaconda/envs/testenv/lib/python3.11/site-packages/numpy/lib/function_base.py:2455: RuntimeWarning: invalid value encountered in func (vectorized)
  outputs = ufunc(*inputs)
11050
2023-11-04 08:38:33
11100
2023-11-04 08:41:24
elapsed:  33414.8  seconds
11150
2023-11-04 08:43:59
/projects/muyang@colostate.edu/software/anaconda/envs/testenv/lib/python3.11/site-packages/numpy/lib/function_base.py:2455: RuntimeWarning: divide by zero encountered in func (vectorized)
  outputs = ufunc(*inputs)
/projects/muyang@colostate.edu/software/anaconda/envs/testenv/lib/python3.11/site-packages/numpy/lib/function_base.py:2455: RuntimeWarning: invalid value encountered in func (vectorized)
  outputs = ufunc(*inputs)
11200
2023-11-04 08:46:14
elapsed:  33704.9  seconds
11250
2023-11-04 08:48:52
11300
2023-11-04 08:51:51
elapsed:  34041.8  seconds
/projects/muyang@colostate.edu/software/anaconda/envs/testenv/lib/python3.11/site-packages/numpy/lib/function_base.py:2455: RuntimeWarning: divide by zero encountered in func (vectorized)
  outputs = ufunc(*inputs)
/projects/muyang@colostate.edu/software/anaconda/envs/testenv/lib/python3.11/site-packages/numpy/lib/function_base.py:2455: RuntimeWarning: invalid value encountered in func (vectorized)
  outputs = ufunc(*inputs)
11350
2023-11-04 08:54:07
11400
2023-11-04 08:56:43
elapsed:  34333.6  seconds
11450
2023-11-04 09:00:06
/projects/muyang@colostate.edu/software/anaconda/envs/testenv/lib/python3.11/site-packages/numpy/lib/function_base.py:2455: RuntimeWarning: divide by zero encountered in func (vectorized)
  outputs = ufunc(*inputs)
/projects/muyang@colostate.edu/software/anaconda/envs/testenv/lib/python3.11/site-packages/numpy/lib/function_base.py:2455: RuntimeWarning: invalid value encountered in func (vectorized)
  outputs = ufunc(*inputs)
11500
2023-11-04 09:03:09
elapsed:  34719.3  seconds
/projects/muyang@colostate.edu/software/anaconda/envs/testenv/lib/python3.11/site-packages/numpy/lib/function_base.py:2455: RuntimeWarning: divide by zero encountered in func (vectorized)
  outputs = ufunc(*inputs)
/projects/muyang@colostate.edu/software/anaconda/envs/testenv/lib/python3.11/site-packages/numpy/lib/function_base.py:2455: RuntimeWarning: invalid value encountered in func (vectorized)
  outputs = ufunc(*inputs)
11550
2023-11-04 09:06:40
11600
2023-11-04 09:10:30
elapsed:  35160.2  seconds
/projects/muyang@colostate.edu/software/anaconda/envs/testenv/lib/python3.11/site-packages/numpy/lib/function_base.py:2455: RuntimeWarning: divide by zero encountered in func (vectorized)
  outputs = ufunc(*inputs)
/projects/muyang@colostate.edu/software/anaconda/envs/testenv/lib/python3.11/site-packages/numpy/lib/function_base.py:2455: RuntimeWarning: invalid value encountered in func (vectorized)
  outputs = ufunc(*inputs)
11650
2023-11-04 09:14:15
11700
2023-11-04 09:16:51
elapsed:  35541.7  seconds
/projects/muyang@colostate.edu/software/anaconda/envs/testenv/lib/python3.11/site-packages/numpy/lib/function_base.py:2455: RuntimeWarning: divide by zero encountered in func (vectorized)
  outputs = ufunc(*inputs)
/projects/muyang@colostate.edu/software/anaconda/envs/testenv/lib/python3.11/site-packages/numpy/lib/function_base.py:2455: RuntimeWarning: invalid value encountered in func (vectorized)
  outputs = ufunc(*inputs)
11750
2023-11-04 09:20:09
11800
2023-11-04 09:23:24
elapsed:  35934.7  seconds
11850
2023-11-04 09:26:10
11900
2023-11-04 09:28:16
elapsed:  36226.1  seconds
/projects/muyang@colostate.edu/software/anaconda/envs/testenv/lib/python3.11/site-packages/numpy/lib/function_base.py:2455: RuntimeWarning: divide by zero encountered in func (vectorized)
  outputs = ufunc(*inputs)
/projects/muyang@colostate.edu/software/anaconda/envs/testenv/lib/python3.11/site-packages/numpy/lib/function_base.py:2455: RuntimeWarning: invalid value encountered in func (vectorized)
  outputs = ufunc(*inputs)
11950
2023-11-04 09:31:15
12000
2023-11-04 09:34:02
elapsed:  36572.1  seconds
/projects/muyang@colostate.edu/software/anaconda/envs/testenv/lib/python3.11/site-packages/numpy/lib/function_base.py:2455: RuntimeWarning: divide by zero encountered in func (vectorized)
  outputs = ufunc(*inputs)
/projects/muyang@colostate.edu/software/anaconda/envs/testenv/lib/python3.11/site-packages/numpy/lib/function_base.py:2455: RuntimeWarning: invalid value encountered in func (vectorized)
  outputs = ufunc(*inputs)
12050
2023-11-04 09:37:24
12100
2023-11-04 09:41:28
elapsed:  37018.5  seconds
/projects/muyang@colostate.edu/software/anaconda/envs/testenv/lib/python3.11/site-packages/numpy/lib/function_base.py:2455: RuntimeWarning: divide by zero encountered in func (vectorized)
  outputs = ufunc(*inputs)
/projects/muyang@colostate.edu/software/anaconda/envs/testenv/lib/python3.11/site-packages/numpy/lib/function_base.py:2455: RuntimeWarning: invalid value encountered in func (vectorized)
  outputs = ufunc(*inputs)
12150
2023-11-04 09:45:08
12200
2023-11-04 09:48:08
elapsed:  37418.4  seconds
/projects/muyang@colostate.edu/software/anaconda/envs/testenv/lib/python3.11/site-packages/numpy/lib/function_base.py:2455: RuntimeWarning: divide by zero encountered in func (vectorized)
  outputs = ufunc(*inputs)
/projects/muyang@colostate.edu/software/anaconda/envs/testenv/lib/python3.11/site-packages/numpy/lib/function_base.py:2455: RuntimeWarning: invalid value encountered in func (vectorized)
  outputs = ufunc(*inputs)
12250
2023-11-04 09:52:00
12300
2023-11-04 09:54:32
elapsed:  37802.4  seconds
12350
2023-11-04 09:56:54
12400
2023-11-04 10:00:14
elapsed:  38144.5  seconds
12450
2023-11-04 10:02:53
12500
2023-11-04 10:06:09
elapsed:  38500.0  seconds
12550
2023-11-04 10:09:24
/projects/muyang@colostate.edu/software/anaconda/envs/testenv/lib/python3.11/site-packages/numpy/lib/function_base.py:2455: RuntimeWarning: divide by zero encountered in func (vectorized)
  outputs = ufunc(*inputs)
/projects/muyang@colostate.edu/software/anaconda/envs/testenv/lib/python3.11/site-packages/numpy/lib/function_base.py:2455: RuntimeWarning: invalid value encountered in func (vectorized)
  outputs = ufunc(*inputs)
12600
2023-11-04 10:11:19
elapsed:  38810.0  seconds
/projects/muyang@colostate.edu/software/anaconda/envs/testenv/lib/python3.11/site-packages/numpy/lib/function_base.py:2455: RuntimeWarning: divide by zero encountered in func (vectorized)
  outputs = ufunc(*inputs)
/projects/muyang@colostate.edu/software/anaconda/envs/testenv/lib/python3.11/site-packages/numpy/lib/function_base.py:2455: RuntimeWarning: invalid value encountered in func (vectorized)
  outputs = ufunc(*inputs)
12650
2023-11-04 10:13:46
12700
2023-11-04 10:16:41
elapsed:  39131.5  seconds
12750
2023-11-04 10:19:05
12800
2023-11-04 10:21:58
elapsed:  39448.9  seconds
12850
2023-11-04 10:25:31
/projects/muyang@colostate.edu/software/anaconda/envs/testenv/lib/python3.11/site-packages/numpy/lib/function_base.py:2455: RuntimeWarning: divide by zero encountered in func (vectorized)
  outputs = ufunc(*inputs)
/projects/muyang@colostate.edu/software/anaconda/envs/testenv/lib/python3.11/site-packages/numpy/lib/function_base.py:2455: RuntimeWarning: invalid value encountered in func (vectorized)
  outputs = ufunc(*inputs)
12900
2023-11-04 10:29:21
elapsed:  39891.7  seconds
/projects/muyang@colostate.edu/software/anaconda/envs/testenv/lib/python3.11/site-packages/numpy/lib/function_base.py:2455: RuntimeWarning: divide by zero encountered in func (vectorized)
  outputs = ufunc(*inputs)
/projects/muyang@colostate.edu/software/anaconda/envs/testenv/lib/python3.11/site-packages/numpy/lib/function_base.py:2455: RuntimeWarning: invalid value encountered in func (vectorized)
  outputs = ufunc(*inputs)
12950
2023-11-04 10:32:53
13000
2023-11-04 10:36:26
elapsed:  40316.6  seconds
13050
2023-11-04 10:40:50
/projects/muyang@colostate.edu/software/anaconda/envs/testenv/lib/python3.11/site-packages/numpy/lib/function_base.py:2455: RuntimeWarning: divide by zero encountered in func (vectorized)
  outputs = ufunc(*inputs)
/projects/muyang@colostate.edu/software/anaconda/envs/testenv/lib/python3.11/site-packages/numpy/lib/function_base.py:2455: RuntimeWarning: invalid value encountered in func (vectorized)
  outputs = ufunc(*inputs)
13100
2023-11-04 10:44:50
elapsed:  40820.9  seconds
13150
2023-11-04 10:49:08
13200
2023-11-04 10:53:01
elapsed:  41311.3  seconds
/projects/muyang@colostate.edu/software/anaconda/envs/testenv/lib/python3.11/site-packages/numpy/lib/function_base.py:2455: RuntimeWarning: divide by zero encountered in func (vectorized)
  outputs = ufunc(*inputs)
/projects/muyang@colostate.edu/software/anaconda/envs/testenv/lib/python3.11/site-packages/numpy/lib/function_base.py:2455: RuntimeWarning: invalid value encountered in func (vectorized)
  outputs = ufunc(*inputs)
13250
2023-11-04 10:55:40
13300
2023-11-04 10:58:04
elapsed:  41614.7  seconds
13350
2023-11-04 11:01:44
/projects/muyang@colostate.edu/software/anaconda/envs/testenv/lib/python3.11/site-packages/numpy/lib/function_base.py:2455: RuntimeWarning: divide by zero encountered in func (vectorized)
  outputs = ufunc(*inputs)
/projects/muyang@colostate.edu/software/anaconda/envs/testenv/lib/python3.11/site-packages/numpy/lib/function_base.py:2455: RuntimeWarning: invalid value encountered in func (vectorized)
  outputs = ufunc(*inputs)
13400
2023-11-04 11:05:34
elapsed:  42064.9  seconds
13450
2023-11-04 11:08:36
13500
2023-11-04 11:12:53
elapsed:  42503.6  seconds
13550
2023-11-04 11:16:30
/projects/muyang@colostate.edu/software/anaconda/envs/testenv/lib/python3.11/site-packages/numpy/lib/function_base.py:2455: RuntimeWarning: divide by zero encountered in func (vectorized)
  outputs = ufunc(*inputs)
/projects/muyang@colostate.edu/software/anaconda/envs/testenv/lib/python3.11/site-packages/numpy/lib/function_base.py:2455: RuntimeWarning: invalid value encountered in func (vectorized)
  outputs = ufunc(*inputs)
13600
2023-11-04 11:20:37
elapsed:  42968.0  seconds
/projects/muyang@colostate.edu/software/anaconda/envs/testenv/lib/python3.11/site-packages/numpy/lib/function_base.py:2455: RuntimeWarning: divide by zero encountered in func (vectorized)
  outputs = ufunc(*inputs)
/projects/muyang@colostate.edu/software/anaconda/envs/testenv/lib/python3.11/site-packages/numpy/lib/function_base.py:2455: RuntimeWarning: invalid value encountered in func (vectorized)
  outputs = ufunc(*inputs)
13650
2023-11-04 11:24:14
13700
2023-11-04 11:27:54
elapsed:  43404.5  seconds
13750
2023-11-04 11:31:46
/projects/muyang@colostate.edu/software/anaconda/envs/testenv/lib/python3.11/site-packages/numpy/lib/function_base.py:2455: RuntimeWarning: divide by zero encountered in func (vectorized)
  outputs = ufunc(*inputs)
/projects/muyang@colostate.edu/software/anaconda/envs/testenv/lib/python3.11/site-packages/numpy/lib/function_base.py:2455: RuntimeWarning: invalid value encountered in func (vectorized)
  outputs = ufunc(*inputs)
13800
2023-11-04 11:34:34
elapsed:  43804.5  seconds
13850
2023-11-04 11:38:11
13900
2023-11-04 11:41:18
elapsed:  44208.6  seconds
13950
2023-11-04 11:44:14
14000
2023-11-04 11:47:24
elapsed:  44574.2  seconds
14050
2023-11-04 11:51:30
14100
2023-11-04 11:55:27
elapsed:  45057.4  seconds
14150
2023-11-04 11:59:30
14200
2023-11-04 12:03:12
elapsed:  45522.5  seconds
/projects/muyang@colostate.edu/software/anaconda/envs/testenv/lib/python3.11/site-packages/numpy/lib/function_base.py:2455: RuntimeWarning: divide by zero encountered in func (vectorized)
  outputs = ufunc(*inputs)
/projects/muyang@colostate.edu/software/anaconda/envs/testenv/lib/python3.11/site-packages/numpy/lib/function_base.py:2455: RuntimeWarning: invalid value encountered in func (vectorized)
  outputs = ufunc(*inputs)
14250
2023-11-04 12:07:08
14300
2023-11-04 12:10:01
elapsed:  45931.3  seconds
14350
2023-11-04 12:14:08
/projects/muyang@colostate.edu/software/anaconda/envs/testenv/lib/python3.11/site-packages/numpy/lib/function_base.py:2455: RuntimeWarning: divide by zero encountered in func (vectorized)
  outputs = ufunc(*inputs)
/projects/muyang@colostate.edu/software/anaconda/envs/testenv/lib/python3.11/site-packages/numpy/lib/function_base.py:2455: RuntimeWarning: invalid value encountered in func (vectorized)
  outputs = ufunc(*inputs)
14400
2023-11-04 12:17:28
elapsed:  46379.0  seconds
/projects/muyang@colostate.edu/software/anaconda/envs/testenv/lib/python3.11/site-packages/numpy/lib/function_base.py:2455: RuntimeWarning: divide by zero encountered in func (vectorized)
  outputs = ufunc(*inputs)
/projects/muyang@colostate.edu/software/anaconda/envs/testenv/lib/python3.11/site-packages/numpy/lib/function_base.py:2455: RuntimeWarning: invalid value encountered in func (vectorized)
  outputs = ufunc(*inputs)
14450
2023-11-04 12:20:06
14500
2023-11-04 12:23:09
elapsed:  46720.0  seconds
14550
2023-11-04 12:26:36
/projects/muyang@colostate.edu/software/anaconda/envs/testenv/lib/python3.11/site-packages/numpy/lib/function_base.py:2455: RuntimeWarning: divide by zero encountered in func (vectorized)
  outputs = ufunc(*inputs)
/projects/muyang@colostate.edu/software/anaconda/envs/testenv/lib/python3.11/site-packages/numpy/lib/function_base.py:2455: RuntimeWarning: invalid value encountered in func (vectorized)
  outputs = ufunc(*inputs)
14600
2023-11-04 12:30:50
elapsed:  47180.2  seconds
14650
2023-11-04 12:33:48
14700
2023-11-04 12:37:39
elapsed:  47589.2  seconds
14750
2023-11-04 12:41:01
14800
2023-11-04 12:44:15
elapsed:  47985.2  seconds
14850
2023-11-04 12:47:47
/projects/muyang@colostate.edu/software/anaconda/envs/testenv/lib/python3.11/site-packages/numpy/lib/function_base.py:2455: RuntimeWarning: divide by zero encountered in func (vectorized)
  outputs = ufunc(*inputs)
/projects/muyang@colostate.edu/software/anaconda/envs/testenv/lib/python3.11/site-packages/numpy/lib/function_base.py:2455: RuntimeWarning: invalid value encountered in func (vectorized)
  outputs = ufunc(*inputs)
14900
2023-11-04 12:50:40
elapsed:  48370.8  seconds
14950
2023-11-04 12:54:48
elapsed:  48858.0  seconds
total time:  48865.9  seconds
true R:  [[1.61390362e+00 3.25694596e-01 1.18986546e+02 1.06923006e-01
  2.70817735e-01 5.97995288e-01 9.36596514e+00 3.23288364e+01
  1.51324714e-01 4.44806464e-01 5.62799404e-01 9.10289740e-01
  1.52355535e-01 2.79276652e-01 1.00047592e+01 4.17730950e+00
  1.39868475e+00 3.18140709e-01 6.95880117e-01 1.52453243e+01
  8.43694438e-02 1.62698823e+00 4.29889902e-01 2.53082219e-01
  1.16811473e+00 6.91549441e-02 4.72028765e+01 3.91428081e-01
  9.49600175e+00 1.77390296e+00 7.28712129e-01 1.33329357e+00
  1.74682393e+00 1.03922225e+00 3.44141236e-01 2.99479611e+01
  1.96279090e+02 3.13515533e-01 1.32231951e-01 6.90929093e+01
  6.07850969e+00 1.45753977e-01 5.44911929e+00 1.34584669e+00
  7.01905001e-01 8.78769612e-01 2.70709057e+01 5.94924193e+01
  3.58084137e+00 3.32161863e-01 2.99193015e-01 6.27872133e-01
  1.03553448e-01 4.15017580e+00 1.64781030e-01 2.38002944e-01
  1.80780834e-01 9.25080591e-01 1.01963393e+01 1.06969264e+00
  1.88919885e+01 6.44720509e+04 2.30833048e+00 2.20166613e-01]
 [7.61222404e+01 1.54355027e+01 7.15135388e+01 1.60835023e+00
  7.47725805e+00 1.66726551e+00 6.25739269e-02 9.13363013e-01
  8.12478926e-01 5.86478577e-01 7.56781469e-01 1.69338518e-01
  1.39616184e+00 2.05883709e+01 2.01273394e+00 2.60448868e-01
  2.47350050e-01 2.28972243e-01 4.13816399e+00 5.82134771e-01
  2.41379029e+00 3.79215402e+00 9.04496786e+00 2.78052414e-01
  3.11206546e-01 1.27848737e-01 1.04878432e+00 2.90492045e+01
  4.00820236e+00 1.42455643e+02 4.97093903e+01 2.41384358e-01
  1.60381334e+00 1.97419608e-01 2.42149848e+00 3.53012463e-01
  1.05446215e+00 2.52728455e-01 1.83800906e-01 3.26835573e+01
  7.08999450e+00 1.21080819e+01 1.39375883e+00 2.06551799e-01
  5.89205551e-01 1.91442902e-01 5.74336868e+00 1.11225733e-01
  2.76765966e+00 9.68884751e+00 5.91310430e-01 1.22711040e-01
  5.25555665e-01 7.35473926e-01 2.47540324e+00 8.52104523e-01
  7.20282869e-01 1.98177005e+01 8.59459103e-01 7.41351091e-01
  2.28759254e+01 2.90278804e+00 4.55050584e+00 2.64757554e+00]
 [3.53244627e+00 3.06669369e+02 4.83781344e-01 2.11316834e+00
  1.06718652e+00 3.55123332e+01 9.18510348e-01 1.32037642e-01
  1.95732441e-01 1.10110392e+01 9.30854787e-01 6.63624461e+02
  3.15591957e-01 3.00549402e+01 1.47612707e+01 1.34062373e+01
  1.49862374e-01 8.63739250e-01 9.90979673e+01 1.62092179e-01
  4.15682730e+01 5.69894334e+00 3.41486073e-01 1.78485074e-01
  6.36521281e+00 1.46084564e+00 7.71600143e-01 2.05245043e+00
  1.53625788e-01 2.73526168e-01 3.22577045e+00 2.96622999e-01
  5.56594799e+01 9.73178014e-01 2.01427984e-01 2.02634878e+02
  1.42101461e+01 6.24584497e-01 1.75565524e-01 7.04246421e-01
  3.74602039e-01 1.35990028e-01 1.31153051e+00 8.52148331e-01
  1.68259949e+01 3.15092651e+01 3.07750358e+00 5.13614932e-01
  2.53485439e+00 5.75133633e-01 3.31686853e-01 2.24474116e+01
  9.11937134e-01 1.02772164e+00 8.92144157e-02 1.24552005e+00
  6.77621445e+00 1.04379480e+02 3.81383959e-02 6.12868615e-01
  4.37982458e+00 3.35991972e+00 8.06657227e+02 2.78931258e+00]
 [9.46193504e-01 1.01695922e+01 6.70555808e-01 4.68549842e-01
  1.50732489e+01 4.37826848e-01 1.97917261e+00 4.65972933e+01
  5.11699350e+00 3.02040734e+01 6.24163077e-01 1.09115083e+00
  1.47217414e+00 2.27656852e-01 3.49134169e+00 3.66738712e+00
  3.00657782e+02 3.10364056e-01 1.53264717e+00 1.60872123e-01
  2.57224634e-01 1.11654747e+03 2.96773574e-01 5.32481729e+01
  8.14258180e+00 1.04954023e+00 2.45946837e-01 4.27851281e+00
  9.33341901e-01 6.18111024e+01 1.93651940e-01 8.36780100e+00
  2.83225011e-01 3.71168829e+00 1.47249692e-01 3.17806024e-01
  1.22561363e+04 1.66975614e-01 6.05301291e-01 2.05306591e-01
  2.35016913e+00 2.94104989e-01 3.42215696e+00 9.05514533e-01
  8.92920610e+00 1.07029235e+00 9.24260576e-02 7.96304366e-02
  3.52606799e-01 5.74870431e-01 6.45097190e+00 5.45900195e-01
  1.54921152e+00 8.87974079e-02 3.33561379e-01 5.90533000e+09
  3.05680862e+00 5.51359731e-01 9.51568568e-01 6.87554381e-01
  9.57079680e+00 1.12891581e+00 8.24514516e-01 1.08431594e+00]
 [3.92174448e+00 8.46120582e+03 3.66585977e-01 4.60541171e+00
  1.81858282e+00 1.52642098e+00 1.76349815e+00 3.17370112e-01
  5.29086614e-01 1.93868543e-01 7.48591662e-01 2.67863633e+00
  2.09476522e+02 1.12870504e+00 5.80431142e-01 1.90758614e-01
  1.70633579e+01 5.06662201e-02 1.52340261e+01 1.55642933e-01
  2.08156461e+00 5.62868844e+00 8.78700285e-01 1.09785846e+00
  1.42497996e+01 1.61151157e+01 2.41339862e-01 8.11617960e+00
  2.64824386e+01 1.51797494e+00 2.66805150e-01 2.09311044e+00
  6.40580364e+00 2.81355927e-01 1.08168317e+00 3.67713220e+00
  1.09716461e+00 7.09049309e-01 1.44990079e+02 1.53197394e+01
  2.79371526e+00 1.82962274e+00 8.30530837e+00 2.84206120e-01
  1.36821361e-01 3.11112077e+00 3.75447025e+00 8.90243089e+00
  3.89885899e-01 4.75036169e-01 1.41289004e-01 3.03245670e+00
  2.38506264e-01 1.26082733e-01 9.48308582e-01 2.30525253e+00
  1.11732042e+00 1.24964600e+00 2.05410053e+02 6.56274104e+00
  1.97154721e+01 3.58734576e+02 3.19172218e+01 1.58571608e+01]
 [6.13030406e-01 3.61951861e+00 1.08714085e+00 1.01402964e+00
  5.21646086e-01 2.30173148e-01 2.65440752e-01 3.12333078e-01
  8.94535736e+00 8.38506489e+01 2.51597091e-01 7.33399675e-01
  5.64048611e-01 3.49156843e+00 2.01980305e+02 9.37555149e-01
  5.65211797e-01 7.55895497e-01 1.29142994e+00 1.10780583e+01
  8.57662946e-01 1.92763697e+00 3.77877884e+00 4.51986414e-01
  2.03623930e-01 5.07961460e-01 5.09267467e-01 2.36340702e+00
  8.91048678e-01 1.42611130e+01 4.86213097e-01 3.36742865e-01
  1.90258297e-01 7.37650954e-02 7.56049118e-01 1.13190619e+00
  1.45877532e+00 2.71259891e+01 5.37126620e-01 1.55180032e+00
  7.75943655e-01 8.75667491e-01 1.88647276e-01 4.58933598e+00
  1.30254156e+00 2.97466130e+00 2.41220515e+00 8.33866769e-02
  4.41444265e-01 3.28819756e+00 6.98459700e-01 1.18867989e+01
  2.02774469e+00 1.59818277e+01 6.27726380e-01 2.30857042e+04
  9.24052763e-02 1.27007187e+01 2.33416591e+00 3.38023998e+00
  5.53251730e+00 1.48335323e-01 5.64705573e-01 8.34757331e-01]
 [7.01707435e-01 8.82373314e-01 5.11155811e-01 1.52182538e+00
  1.17578970e+00 2.24644648e+00 2.23773121e+00 2.74374714e-01
  4.45117702e+00 2.14971997e-01 2.58248744e+00 1.75787544e+04
  4.38822622e+00 1.12905497e+02 2.38449595e-01 3.00961115e+00
  2.79729623e+00 3.35451289e+02 6.04112239e+00 1.73929828e+00
  4.49244065e-01 1.16239797e+00 7.90084510e-01 2.75701578e-01
  3.99096923e-01 3.25154105e+00 8.91455713e-01 2.04397933e-01
  3.97253332e-01 2.93261126e-01 4.76404565e-01 4.39859016e-01
  6.85563546e-01 3.69564224e-01 4.88703218e-01 7.79016247e-02
  5.27102767e-01 4.54473358e+00 4.09654110e+00 1.81403631e-01
  2.09294453e+00 1.20858227e+01 1.89412226e+00 1.74013436e+00
  3.32484145e+01 1.07217120e+00 1.85729714e+00 3.25246199e+00
  4.31944310e+01 7.45188290e-01 5.50617077e-01 5.50429569e+01
  2.00994615e+00 1.82517863e+02 2.37729385e-01 6.16963279e-01
  6.20395492e+00 1.41498558e+00 3.23214151e-01 3.15005804e-01
  8.54911417e-02 1.87503042e+01 1.29850177e-01 4.58865973e+00]
 [9.08607095e-02 5.28503487e-01 3.40045382e+00 7.88332878e-01
  3.42831054e-01 1.40225631e-01 3.36337010e+00 1.23837847e+00
  4.33692736e+01 2.49464025e-01 6.57764385e+01 2.71339359e-01
  1.73448832e+00 5.37374366e-01 5.85269184e+01 4.00715008e+00
  1.71919029e+00 2.12444510e+01 4.69431470e+01 1.08343075e+01
  1.02617222e+00 5.31820047e+02 1.97931768e-01 1.14115535e+00
  4.21746237e+00 8.14822390e+00 8.83719368e+00 2.41152879e+00
  2.60478948e-01 6.50569780e-01 3.98340882e-01 7.85306010e-01
  7.03338818e-01 2.24497034e+01 1.56762735e+00 3.77614353e-01
  2.05067953e+01 1.08983930e+00 1.59542142e-01 1.38952517e-01
  3.41132520e-01 5.75241655e+01 3.30712214e-01 1.38119118e+00
  5.05730367e+00 7.39604813e-01 1.66610011e-01 3.80029350e-01
  2.08139353e-01 1.76321993e+00 9.64653067e+04 4.74761383e-02
  1.68227727e+01 2.03870287e+01 3.31863204e+01 1.65819231e-01
  2.30498137e-01 1.53814381e+00 6.44250432e-01 7.49426055e-01
  7.59700337e+00 3.06902560e+01 3.89876257e+01 9.69212068e-02]
 [8.11784520e-01 4.39599393e-01 4.91301691e-01 1.70005406e-01
  3.08333183e-01 8.45036932e-02 1.62303634e+04 4.98826518e-01
  1.28793534e+00 1.18205268e+00 4.81864594e-01 6.85230588e-01
  1.53580712e+00 7.99222127e-01 9.70150121e-01 7.90463131e-01
  9.17731948e-01 4.53674831e-01 3.62310440e-01 1.02744073e+00
  4.24843996e-01 3.71275014e-01 4.33525146e-01 4.26108650e-01
  4.11544269e+00 1.55977686e+04 1.19970012e-01 1.73723851e-01
  1.12493137e-01 8.68766390e+00 5.11933185e-01 1.24433178e+00
  1.41140523e+03 2.63655122e-01 4.39558031e+00 6.18205608e-01
  2.45233037e-01 5.14897451e-01 1.39598944e+02 8.23447443e+00
  7.76208427e+00 3.61743267e-01 9.47857189e-01 1.07725137e+01
  2.70850934e-01 4.36111316e-01 2.45761600e-01 1.56195328e-01
  1.20076797e+00 2.36410545e+00 2.72940690e-01 1.78502167e+00
  1.37468406e+00 2.97549070e+00 8.50625152e+00 2.37975134e+00
  6.76292364e-02 1.15415602e-01 5.41999950e-01 1.85250297e+00
  4.72257701e-01 1.09021948e+00 3.56331789e+00 1.07738150e+00]]
