1
50
2023-11-11 22:33:29
100
2023-11-11 22:35:07
elapsed:  196.4  seconds
150
2023-11-11 22:36:48
200
2023-11-11 22:38:28
elapsed:  396.9  seconds
250
2023-11-11 22:40:08
300
2023-11-11 22:41:44
elapsed:  593.4  seconds
350
2023-11-11 22:43:24
400
2023-11-11 22:45:01
elapsed:  790.0  seconds
450
2023-11-11 22:46:41
500
2023-11-11 22:48:22
elapsed:  991.1  seconds
550
2023-11-11 22:50:06
600
2023-11-11 22:51:46
elapsed:  1195.4  seconds
650
2023-11-11 22:53:28
700
2023-11-11 22:55:08
elapsed:  1397.6  seconds
750
2023-11-11 22:56:49
800
2023-11-11 22:58:28
elapsed:  1597.5  seconds
850
2023-11-11 23:00:09
900
2023-11-11 23:01:47
elapsed:  1796.1  seconds
950
2023-11-11 23:03:29
1000
2023-11-11 23:05:10
elapsed:  1999.1  seconds
1050
2023-11-11 23:06:51
1100
2023-11-11 23:08:30
elapsed:  2198.9  seconds
1150
2023-11-11 23:10:10
1200
2023-11-11 23:11:48
elapsed:  2396.9  seconds
1250
2023-11-11 23:13:28
1300
2023-11-11 23:15:07
elapsed:  2596.3  seconds
1350
2023-11-11 23:16:50
1400
2023-11-11 23:18:31
elapsed:  2799.9  seconds
1450
2023-11-11 23:20:12
1500
2023-11-11 23:21:50
elapsed:  2999.5  seconds
/projects/muyang@colostate.edu/software/anaconda/envs/testenv/lib/python3.11/site-packages/numpy/lib/function_base.py:2455: RuntimeWarning: divide by zero encountered in func (vectorized)
  outputs = ufunc(*inputs)
/projects/muyang@colostate.edu/software/anaconda/envs/testenv/lib/python3.11/site-packages/numpy/lib/function_base.py:2455: RuntimeWarning: invalid value encountered in func (vectorized)
  outputs = ufunc(*inputs)
1550
2023-11-11 23:23:32
1600
2023-11-11 23:25:11
elapsed:  3200.2  seconds
1650
2023-11-11 23:26:53
1700
2023-11-11 23:28:34
elapsed:  3403.1  seconds
1750
2023-11-11 23:30:16
1800
2023-11-11 23:31:54
elapsed:  3602.8  seconds
1850
2023-11-11 23:33:34
1900
2023-11-11 23:35:14
elapsed:  3803.3  seconds
1950
2023-11-11 23:36:55
2000
2023-11-11 23:38:34
elapsed:  4003.5  seconds
2050
2023-11-11 23:40:17
2100
2023-11-11 23:41:58
elapsed:  4207.0  seconds
2150
2023-11-11 23:43:40
2200
2023-11-11 23:45:21
elapsed:  4410.2  seconds
2250
2023-11-11 23:47:03
2300
2023-11-11 23:48:43
elapsed:  4612.5  seconds
2350
2023-11-11 23:50:26
2400
2023-11-11 23:52:06
elapsed:  4815.4  seconds
2450
2023-11-11 23:53:49
2500
2023-11-11 23:55:28
elapsed:  5017.2  seconds
2550
2023-11-11 23:57:11
2600
2023-11-11 23:58:51
elapsed:  5219.8  seconds
2650
2023-11-12 00:00:32
2700
2023-11-12 00:02:12
elapsed:  5421.5  seconds
2750
2023-11-12 00:03:55
2800
2023-11-12 00:05:35
elapsed:  5624.1  seconds
2850
2023-11-12 00:07:18
2900
2023-11-12 00:08:56
elapsed:  5824.9  seconds
2950
2023-11-12 00:10:39
3000
2023-11-12 00:12:19
elapsed:  6028.0  seconds
3050
2023-11-12 00:14:02
3100
2023-11-12 00:15:43
elapsed:  6232.3  seconds
3150
2023-11-12 00:17:24
3200
2023-11-12 00:19:04
elapsed:  6433.3  seconds
3250
2023-11-12 00:20:47
3300
2023-11-12 00:22:29
elapsed:  6638.0  seconds
3350
2023-11-12 00:24:11
3400
2023-11-12 00:25:50
elapsed:  6838.7  seconds
3450
2023-11-12 00:27:33
3500
2023-11-12 00:29:11
elapsed:  7040.6  seconds
3550
2023-11-12 00:30:53
3600
2023-11-12 00:32:32
elapsed:  7241.2  seconds
3650
2023-11-12 00:34:16
3700
2023-11-12 00:35:56
elapsed:  7445.0  seconds
3750
2023-11-12 00:37:39
3800
2023-11-12 00:39:20
elapsed:  7649.0  seconds
3850
2023-11-12 00:41:03
3900
2023-11-12 00:42:43
elapsed:  7851.8  seconds
3950
2023-11-12 00:44:25
4000
2023-11-12 00:46:06
elapsed:  8055.1  seconds
4050
2023-11-12 00:47:50
4100
2023-11-12 00:49:30
elapsed:  8259.3  seconds
4150
2023-11-12 00:51:13
4200
2023-11-12 00:52:55
elapsed:  8463.6  seconds
4250
2023-11-12 00:54:38
4300
2023-11-12 00:56:18
elapsed:  8667.0  seconds
4350
2023-11-12 00:57:59
4400
2023-11-12 00:59:40
elapsed:  8869.0  seconds
4450
2023-11-12 01:01:22
4500
2023-11-12 01:03:02
elapsed:  9071.6  seconds
4550
2023-11-12 01:04:45
4600
2023-11-12 01:06:26
elapsed:  9275.0  seconds
4650
2023-11-12 01:08:08
4700
2023-11-12 01:09:48
elapsed:  9476.9  seconds
4750
2023-11-12 01:11:30
4800
2023-11-12 01:13:10
elapsed:  9678.6  seconds
4850
2023-11-12 01:14:52
4900
2023-11-12 01:16:32
elapsed:  9881.1  seconds
4950
2023-11-12 01:18:14
5000
2023-11-12 01:19:52
elapsed:  10081.0  seconds
5050
2023-11-12 01:21:31
5100
2023-11-12 01:23:10
elapsed:  10279.0  seconds
5150
2023-11-12 01:24:52
5200
2023-11-12 01:26:32
elapsed:  10480.9  seconds
5250
2023-11-12 01:28:14
5300
2023-11-12 01:29:54
elapsed:  10683.2  seconds
5350
2023-11-12 01:31:36
5400
2023-11-12 01:33:17
elapsed:  10886.0  seconds
5450
2023-11-12 01:34:58
5500
2023-11-12 01:36:39
elapsed:  11087.7  seconds
5550
2023-11-12 01:38:21
5600
2023-11-12 01:40:01
elapsed:  11289.8  seconds
5650
2023-11-12 01:41:42
5700
2023-11-12 01:43:22
elapsed:  11491.6  seconds
5750
2023-11-12 01:45:04
5800
2023-11-12 01:46:45
elapsed:  11694.1  seconds
5850
2023-11-12 01:48:26
5900
2023-11-12 01:50:06
elapsed:  11895.1  seconds
5950
2023-11-12 01:51:49
6000
2023-11-12 01:53:29
elapsed:  12097.7  seconds
6050
2023-11-12 01:55:11
6100
2023-11-12 01:56:51
elapsed:  12300.5  seconds
6150
2023-11-12 01:58:33
6200
2023-11-12 02:00:14
elapsed:  12503.1  seconds
6250
2023-11-12 02:01:56
6300
2023-11-12 02:03:37
elapsed:  12705.7  seconds
6350
2023-11-12 02:05:19
6400
2023-11-12 02:06:58
elapsed:  12907.6  seconds
6450
2023-11-12 02:08:37
6500
2023-11-12 02:10:15
elapsed:  13104.2  seconds
6550
2023-11-12 02:11:57
6600
2023-11-12 02:13:38
elapsed:  13307.3  seconds
6650
2023-11-12 02:15:21
6700
2023-11-12 02:16:59
elapsed:  13508.1  seconds
6750
2023-11-12 02:18:41
6800
2023-11-12 02:20:20
elapsed:  13708.8  seconds
6850
2023-11-12 02:22:01
6900
2023-11-12 02:23:42
elapsed:  13911.0  seconds
6950
2023-11-12 02:25:23
7000
2023-11-12 02:27:02
elapsed:  14111.6  seconds
7050
2023-11-12 02:28:46
7100
2023-11-12 02:30:27
elapsed:  14316.0  seconds
7150
2023-11-12 02:32:08
7200
2023-11-12 02:33:49
elapsed:  14518.6  seconds
7250
2023-11-12 02:35:32
7300
2023-11-12 02:37:13
elapsed:  14721.9  seconds
7350
2023-11-12 02:38:54
7400
2023-11-12 02:40:35
elapsed:  14924.5  seconds
7450
2023-11-12 02:42:19
7500
2023-11-12 02:43:58
elapsed:  15127.5  seconds
7550
2023-11-12 02:45:41
7600
2023-11-12 02:47:21
elapsed:  15330.2  seconds
7650
2023-11-12 02:49:04
7700
2023-11-12 02:50:43
elapsed:  15532.0  seconds
7750
2023-11-12 02:52:23
7800
2023-11-12 02:54:01
elapsed:  15730.4  seconds
7850
2023-11-12 02:55:42
7900
2023-11-12 02:57:22
elapsed:  15930.9  seconds
7950
2023-11-12 02:59:00
8000
2023-11-12 03:00:40
elapsed:  16129.5  seconds
8050
2023-11-12 03:02:19
8100
2023-11-12 03:04:00
elapsed:  16329.1  seconds
8150
2023-11-12 03:05:45
8200
2023-11-12 03:07:23
elapsed:  16531.7  seconds
8250
2023-11-12 03:09:04
8300
2023-11-12 03:10:44
elapsed:  16732.7  seconds
8350
2023-11-12 03:12:26
8400
2023-11-12 03:14:03
elapsed:  16931.6  seconds
8450
2023-11-12 03:15:44
8500
2023-11-12 03:17:23
elapsed:  17132.6  seconds
8550
2023-11-12 03:19:06
8600
2023-11-12 03:20:45
elapsed:  17334.1  seconds
8650
2023-11-12 03:22:27
8700
2023-11-12 03:24:08
elapsed:  17536.8  seconds
8750
2023-11-12 03:25:49
8800
2023-11-12 03:27:28
elapsed:  17736.7  seconds
8850
2023-11-12 03:29:05
8900
2023-11-12 03:30:45
elapsed:  17933.8  seconds
8950
2023-11-12 03:32:27
9000
2023-11-12 03:34:07
elapsed:  18136.0  seconds
9050
2023-11-12 03:35:50
9100
2023-11-12 03:37:31
elapsed:  18340.0  seconds
9150
2023-11-12 03:39:13
9200
2023-11-12 03:40:54
elapsed:  18543.2  seconds
9250
2023-11-12 03:42:36
9300
2023-11-12 03:44:15
elapsed:  18743.8  seconds
9350
2023-11-12 03:45:56
9400
2023-11-12 03:47:36
elapsed:  18944.7  seconds
9450
2023-11-12 03:49:16
9500
2023-11-12 03:50:54
elapsed:  19142.9  seconds
9550
2023-11-12 03:52:36
9600
2023-11-12 03:54:16
elapsed:  19344.9  seconds
9650
2023-11-12 03:55:57
9700
2023-11-12 03:57:37
elapsed:  19546.0  seconds
9750
2023-11-12 03:59:18
9800
2023-11-12 04:00:53
elapsed:  19741.9  seconds
9850
2023-11-12 04:02:34
9900
2023-11-12 04:04:15
elapsed:  19943.6  seconds
9950
2023-11-12 04:05:57
10000
2023-11-12 04:07:38
elapsed:  20146.9  seconds
10050
2023-11-12 04:09:20
10100
2023-11-12 04:11:01
elapsed:  20349.9  seconds
10150
2023-11-12 04:12:44
10200
2023-11-12 04:14:24
elapsed:  20553.1  seconds
10250
2023-11-12 04:16:06
10300
2023-11-12 04:17:46
elapsed:  20755.5  seconds
10350
2023-11-12 04:19:27
10400
2023-11-12 04:21:06
elapsed:  20954.6  seconds
10450
2023-11-12 04:22:46
10500
2023-11-12 04:24:23
elapsed:  21151.6  seconds
10550
2023-11-12 04:26:04
10600
2023-11-12 04:27:42
elapsed:  21350.9  seconds
10650
2023-11-12 04:29:22
10700
2023-11-12 04:30:59
elapsed:  21548.1  seconds
10750
2023-11-12 04:32:40
10800
2023-11-12 04:34:19
elapsed:  21748.4  seconds
10850
2023-11-12 04:36:01
10900
2023-11-12 04:37:37
elapsed:  21946.4  seconds
10950
2023-11-12 04:39:14
11000
2023-11-12 04:40:54
elapsed:  22142.8  seconds
11050
2023-11-12 04:42:34
11100
2023-11-12 04:44:10
elapsed:  22338.7  seconds
11150
2023-11-12 04:45:49
11200
2023-11-12 04:47:30
elapsed:  22539.1  seconds
11250
2023-11-12 04:49:12
11300
2023-11-12 04:50:53
elapsed:  22742.1  seconds
11350
2023-11-12 04:52:36
11400
2023-11-12 04:54:14
elapsed:  22943.2  seconds
11450
2023-11-12 04:55:56
11500
2023-11-12 04:57:36
elapsed:  23145.5  seconds
11550
2023-11-12 04:59:15
11600
2023-11-12 05:00:54
elapsed:  23343.6  seconds
11650
2023-11-12 05:02:36
11700
2023-11-12 05:04:12
elapsed:  23541.5  seconds
11750
2023-11-12 05:05:50
11800
2023-11-12 05:07:30
elapsed:  23738.7  seconds
11850
2023-11-12 05:09:12
11900
2023-11-12 05:10:53
elapsed:  23941.8  seconds
11950
2023-11-12 05:12:35
12000
2023-11-12 05:14:16
elapsed:  24144.8  seconds
12050
2023-11-12 05:15:58
12100
2023-11-12 05:17:39
elapsed:  24348.0  seconds
12150
2023-11-12 05:19:21
12200
2023-11-12 05:21:01
elapsed:  24550.1  seconds
12250
2023-11-12 05:22:44
12300
2023-11-12 05:24:23
elapsed:  24752.5  seconds
12350
2023-11-12 05:26:07
12400
2023-11-12 05:27:48
elapsed:  24957.1  seconds
12450
2023-11-12 05:29:30
/projects/muyang@colostate.edu/software/anaconda/envs/testenv/lib/python3.11/site-packages/numpy/lib/function_base.py:2455: RuntimeWarning: divide by zero encountered in func (vectorized)
  outputs = ufunc(*inputs)
/projects/muyang@colostate.edu/software/anaconda/envs/testenv/lib/python3.11/site-packages/numpy/lib/function_base.py:2455: RuntimeWarning: invalid value encountered in func (vectorized)
  outputs = ufunc(*inputs)
12500
2023-11-12 05:31:11
elapsed:  25160.4  seconds
12550
2023-11-12 05:32:54
12600
2023-11-12 05:34:34
elapsed:  25363.1  seconds
12650
2023-11-12 05:36:14
12700
2023-11-12 05:37:52
elapsed:  25561.5  seconds
12750
2023-11-12 05:39:33
12800
2023-11-12 05:41:13
elapsed:  25762.3  seconds
12850
2023-11-12 05:42:54
12900
2023-11-12 05:44:33
elapsed:  25961.9  seconds
12950
2023-11-12 05:46:14
13000
2023-11-12 05:47:53
elapsed:  26162.6  seconds
13050
2023-11-12 05:49:34
13100
2023-11-12 05:51:14
elapsed:  26363.3  seconds
13150
2023-11-12 05:52:56
13200
2023-11-12 05:54:36
elapsed:  26565.4  seconds
13250
2023-11-12 05:56:19
13300
2023-11-12 05:57:57
elapsed:  26765.7  seconds
13350
2023-11-12 05:59:36
13400
2023-11-12 06:01:16
elapsed:  26965.0  seconds
13450
2023-11-12 06:02:57
13500
2023-11-12 06:04:37
elapsed:  27166.1  seconds
13550
2023-11-12 06:06:17
13600
2023-11-12 06:07:56
elapsed:  27365.2  seconds
13650
2023-11-12 06:09:37
13700
2023-11-12 06:11:18
elapsed:  27566.7  seconds
13750
2023-11-12 06:13:00
13800
2023-11-12 06:14:38
elapsed:  27767.5  seconds
13850
2023-11-12 06:16:22
13900
2023-11-12 06:18:02
elapsed:  27971.2  seconds
13950
2023-11-12 06:19:46
14000
2023-11-12 06:21:26
elapsed:  28175.6  seconds
14050
2023-11-12 06:23:07
14100
2023-11-12 06:24:48
elapsed:  28377.3  seconds
14150
2023-11-12 06:26:27
14200
2023-11-12 06:28:03
elapsed:  28571.6  seconds
14250
2023-11-12 06:29:39
14300
2023-11-12 06:31:19
elapsed:  28767.7  seconds
14350
2023-11-12 06:33:01
14400
2023-11-12 06:34:40
elapsed:  28969.0  seconds
14450
2023-11-12 06:36:22
14500
2023-11-12 06:38:02
elapsed:  29171.4  seconds
14550
2023-11-12 06:39:45
14600
2023-11-12 06:41:26
elapsed:  29374.9  seconds
14650
2023-11-12 06:43:08
14700
2023-11-12 06:44:48
elapsed:  29576.7  seconds
14750
2023-11-12 06:46:31
14800
2023-11-12 06:48:11
elapsed:  29779.9  seconds
14850
2023-11-12 06:49:53
14900
2023-11-12 06:51:34
elapsed:  29982.9  seconds
14950
2023-11-12 06:53:14
elapsed:  30180.9  seconds
total time:  30184.9  seconds
true R:  [[4.24514200e-01 3.94455411e+00 3.67433342e+01 4.67024580e-01
  3.00046147e-01 3.42222902e+00 1.20475515e+01 4.98690917e-01
  5.19279855e-01 2.08470711e-01 2.74929165e-01 9.02233009e-01
  1.29836551e+02 1.36198942e+04 1.95687836e+00 5.66758865e-01
  4.25403690e-01 1.05071226e+00 6.83455514e+00 9.20639697e-01
  1.28173243e+00 5.54071120e+01 2.32283612e-01 1.01112210e+00
  4.51205447e+00 1.10083811e+00 5.63082029e-01 3.32382827e+03
  1.49950414e-01 1.38959783e+00 2.33033731e-01 1.14365505e+00
  9.79253502e-01 3.43374985e-01 8.17539119e-01 5.92221277e+00
  2.34326367e+01 3.02934346e-01 2.83693591e-01 2.50983721e-01
  1.42598385e-01 6.33726627e-01 3.79645783e-01 7.04898125e-01
  9.13598233e+00 3.54136934e+00 6.84131226e-01 2.29062406e+00
  3.13843134e+01 3.96658702e-01 1.88977984e+01 1.37557211e+00
  4.06549118e+00 8.46477263e-01 5.97864617e+01 1.36017209e+00
  1.01189978e+00 3.73869614e+00 1.15087470e+01 2.94398845e-01
  9.53965855e-01 4.07238018e+00 3.19406417e-01 6.97266821e-01]
 [1.60066286e-01 1.19838160e+00 4.97945410e+01 2.15984758e-01
  1.28558970e+00 1.47004826e+01 1.05069060e+00 3.37751143e-01
  8.14455742e-01 8.77642519e-02 1.10479441e-01 5.42385685e+02
  1.34437893e+00 1.48128537e-01 1.46602538e+00 3.48096186e+01
  1.80785892e+02 3.51568896e-01 1.45864771e+00 1.50938917e+02
  7.96940482e+00 2.77720692e+00 2.56989660e+00 2.27595028e-01
  3.53279491e-01 4.34994968e+00 1.78251531e-01 2.59290830e-01
  4.44483964e+03 2.57963087e-01 1.28023742e-01 2.75193456e-01
  1.60422733e+00 1.34384031e+01 6.30684284e-01 1.86221953e+01
  3.74761007e+00 8.02625181e+00 3.88392683e-01 4.33034313e+02
  4.38308914e+00 1.49564568e+01 1.52551693e+00 3.93465816e+01
  2.15763416e+00 1.24424579e+00 1.80958722e+00 8.14103865e-02
  4.14375974e-01 9.90552528e-02 2.26638453e+01 3.80785999e+00
  1.84053996e-01 5.80953604e+00 1.14834668e+00 4.32180270e+00
  5.37385445e-01 5.12434129e-01 1.35770995e-01 2.75086921e+00
  7.23292270e-01 4.98391297e+00 2.57688912e+00 3.57074938e-01]
 [2.67106452e+00 7.51526461e-01 5.07733544e+01 5.10511938e+01
  1.03085860e+01 3.55421173e-01 7.50707117e-01 2.77205475e+00
  3.35977353e-01 3.15974634e-01 9.52085197e-02 6.55587527e-01
  7.41620848e+00 1.79568354e+00 3.30905465e+00 6.14675722e+00
  1.53548487e+00 1.26979668e+00 6.16199617e-01 1.53146561e-01
  3.09534947e+01 2.72581440e+00 5.55648472e-01 2.52517593e+00
  1.18822207e+00 3.51071843e+02 3.03483247e-01 1.75953912e+01
  3.58218622e+00 5.30142064e+01 2.40573334e+00 1.16979893e-01
  1.01074206e-01 5.33488096e-01 1.19057686e-01 2.26458397e-01
  2.76947746e-01 6.54295828e-01 2.06707385e+04 1.65363631e-01
  4.23619300e+01 1.25823866e+01 2.42494772e-01 1.70061662e+00
  1.35605227e+00 2.31677599e+01 8.21337875e+00 7.52776204e-01
  4.16324151e-01 2.79988932e+00 1.10368732e+00 3.85708021e+00
  5.67710086e-01 9.76694129e-01 7.83968959e+00 3.39580637e+00
  8.85330184e-01 1.11492011e+01 3.61082514e+00 5.76264160e+00
  1.93219114e+00 3.16491394e+00 5.33617559e+00 1.59864674e+00]
 [2.37163482e-01 3.88917458e-01 2.13273353e+00 9.81580313e-01
  6.55699818e-01 4.02213705e+01 3.29837752e-01 1.67050528e+00
  1.16983907e+00 3.26997104e-01 2.45106969e+00 9.63707540e+00
  3.74097767e-01 6.18779881e-01 3.25127312e-01 2.01858755e+00
  6.17684467e-01 1.47700948e+00 4.25209456e+00 1.32436491e+01
  1.10544959e+01 2.27882026e-01 1.59688375e+00 9.61828539e-01
  5.14691650e-01 9.38129365e+01 4.08539374e+00 1.71691366e+00
  1.36269099e-01 1.31422102e+01 3.67328730e-01 9.78481878e-01
  2.87971759e-01 3.27856745e+01 1.00785570e+00 6.63698052e-01
  8.29277474e-02 5.49890004e-01 1.44247225e-01 1.47465999e+00
  4.28913540e-01 2.61719358e-01 2.23528910e-01 2.15654937e-01
  6.40235501e+00 6.28589085e-01 7.58107965e+00 1.02525116e+01
  6.67239525e+00 6.96458263e-01 1.04156016e+00 6.10446117e-02
  2.44798768e+00 1.28405452e-01 1.56034081e+00 9.10624677e+01
  1.04907297e+00 1.41600533e+00 1.25992889e-01 1.18445573e+01
  2.46312553e-01 5.98210945e-01 5.65853727e-01 2.31326419e-01]
 [8.18450309e-02 1.64697991e+00 4.70049948e-01 2.27796394e-01
  8.70174771e+01 1.43194040e+01 6.94495724e-01 6.76075545e-01
  5.48793659e-01 4.48094144e+00 1.22855501e+00 1.74261650e-01
  6.93018771e-02 6.17494652e-01 1.02873527e-01 4.30652515e+00
  4.50833577e-01 5.62465268e+01 7.47529943e-01 6.81540632e-02
  2.83174298e+00 1.11007216e-01 2.02378127e+02 1.01973485e+00
  1.37782886e+00 3.64168111e-01 9.15534979e-01 6.59225534e+00
  1.21170919e+03 4.61123723e-01 3.20746635e-01 1.51081146e+00
  3.44149366e+00 1.79224183e-01 1.00913190e+01 3.77500680e+01
  1.52555542e+00 2.56952710e-01 1.60957005e-01 1.04586606e+00
  2.59345347e-01 7.56933341e-01 2.61628554e-01 2.60789937e-01
  3.38491506e-01 3.51958464e-01 3.01243171e-01 5.60314553e+00
  2.78290915e+00 8.36944719e-01 1.00877625e+00 8.75685106e+00
  1.23248126e+00 3.51395197e+00 1.84231568e+00 1.02176114e+00
  7.16562733e+00 1.62227518e+02 2.07410126e-01 5.82089676e+00
  1.47276495e+00 1.41006890e+00 1.41426931e+00 2.34864363e+00]
 [2.67036833e+00 2.88653040e-01 2.20460128e+01 1.51972396e+00
  7.90802338e-01 5.66096463e-01 1.34198357e-01 8.36432757e+00
  4.23487958e+01 8.78738843e-01 2.91704329e-01 1.53597161e+00
  1.66052415e+00 1.92402093e+00 6.52195570e-01 7.93034414e+01
  5.36234660e+00 2.02486998e-01 1.66530549e+00 1.55871319e+00
  1.00015687e+02 3.16230742e-01 5.86573896e-01 9.89733395e-02
  4.91945966e+01 2.53253116e-01 1.42663519e+00 9.76016664e+00
  9.44490181e-01 7.65562264e-01 1.63807006e-01 2.59257213e-01
  3.94876556e+00 3.91101172e-01 9.88339600e+01 4.97336295e+00
  5.67735330e+00 6.54141864e+00 1.79419329e-01 1.90303221e+01
  2.93282965e+00 2.14661747e+00 6.24808779e-01 7.94391767e-02
  7.50420397e-02 1.43934533e+01 1.28462220e+00 1.70565201e+01
  1.41589295e-01 2.19777919e-01 7.18019365e-01 3.85633821e-01
  1.58923010e+00 4.61824414e-01 1.37127630e+00 4.49855919e-01
  7.29351327e-02 2.74843077e+00 3.60243259e-01 1.03867392e+00
  9.31502981e-01 2.60890947e+01 1.01166963e+01 2.85850633e+00]
 [6.49102042e-01 9.65788208e-02 3.59588956e+00 7.67069431e+00
  9.53908193e-01 4.92543710e+00 1.08893514e+00 1.80491867e+01
  2.27797421e+01 1.25763297e+00 3.22795347e-01 1.48872901e+02
  1.84165368e+00 1.02826317e+03 3.05911986e+00 1.52242323e+00
  4.38693238e+00 1.27226870e+03 1.54784094e-01 1.46018761e+00
  4.25116821e-01 8.41297259e+02 2.00193601e-01 5.85065811e-01
  1.37047719e+01 1.14898577e+01 9.83859158e+00 2.27378740e-01
  1.30355965e+00 4.30314334e-01 2.09475142e+00 1.89223833e+01
  6.69662820e+00 1.16692864e+00 3.67041656e+00 5.56474208e-01
  7.62858281e+00 1.30158053e-01 1.84149046e+00 8.89727502e-01
  1.68805516e+01 3.73394284e+00 2.60550099e+00 3.40913947e-01
  1.55702877e-01 1.82267506e-01 3.35220669e-01 1.09306793e+00
  2.35751086e+01 6.29279308e-01 1.49443773e+00 2.09971052e-01
  8.82541011e-01 2.71204142e+00 1.58774855e+01 5.04977091e-01
  4.39521007e-01 7.92095318e-01 5.82076079e+00 1.59559611e+00
  2.55826556e+00 3.43438202e-01 1.09629552e+03 1.28129049e-01]
 [2.30344280e-01 1.09811511e+00 1.05330495e+01 2.49041724e+00
  3.37596240e-01 2.08236420e+01 1.29149774e-01 1.30644495e+00
  2.66304330e+01 3.90909781e+00 9.06371263e+00 6.94193714e+00
  1.02508735e+00 1.43630286e-01 2.49936262e+00 4.75148243e+01
  1.64032049e-01 1.15983386e+00 1.11198516e+00 6.33400623e-01
  3.96623331e-01 4.53870848e-02 7.92705159e-02 1.83343290e+00
  1.59995594e+01 2.62524560e-01 2.18672474e+00 8.50291581e-01
  3.95334931e-01 3.54389142e+00 1.74806423e-01 2.06038206e+00
  4.01587511e-01 6.51888404e-01 1.80732377e-01 4.32173598e-01
  8.05686878e-01 8.11921018e-01 5.85642946e-01 3.13500717e+00
  1.48895734e+00 1.11125128e+01 5.96978494e+01 1.63922289e+02
  6.61453965e+01 3.97035258e+01 8.00396203e-01 6.82152782e-02
  1.61634804e+00 1.27115797e+03 1.24108370e-01 1.09280615e+01
  5.48173845e-01 8.40927565e-01 7.87287497e+00 9.83638842e-02
  8.54691598e+00 1.57014081e+01 1.07996471e+00 1.75819689e+00
  4.74606615e+00 2.74564838e+00 1.03967913e+01 1.16141830e+00]
 [3.91783634e+01 2.63241009e+00 2.90745844e+00 6.64219288e-01
  3.68998988e+00 5.56622112e+00 4.53119314e+00 5.14695031e+01
  6.40026624e-01 7.05512447e+00 3.36696965e-01 4.05652418e+00
  3.61177468e-01 1.46657604e-01 4.76942011e+01 4.75606222e+00
  5.43856317e+00 1.17499458e+01 3.61068295e-01 1.87890017e+00
  4.12175289e+00 1.83113573e-01 3.95663115e+01 3.95359237e-01
  8.30020466e-02 3.30549931e+00 1.63121068e+00 1.16317247e+01
  6.23258109e-01 4.70587328e+03 2.40764703e-01 5.95692752e-01
  2.01258145e+00 1.27739224e+01 7.01530213e+00 1.28233831e+00
  3.79059845e-01 7.18391531e-01 5.74387057e+01 7.22129060e+00
  4.13771336e-01 4.78640001e-01 5.97933252e+00 1.90611201e+00
  7.65913306e+00 3.75880531e-01 1.18957415e+00 2.93415874e+01
  2.79130530e+00 8.12817688e-02 4.83719892e-02 7.79247489e-01
  2.15339692e+00 2.19102551e+00 3.67785143e-01 5.54679674e-02
  1.89017386e-01 1.87518014e-01 9.82373372e-01 2.69479727e+01
  7.11166538e-01 2.15892609e-01 2.74795163e+00 4.97034244e+00]]
