1
50
2023-11-17 15:35:53
100
2023-11-17 15:38:17
elapsed:  287.9  seconds
150
2023-11-17 15:40:50
200
2023-11-17 15:43:16
elapsed:  587.2  seconds
250
2023-11-17 15:45:44
300
2023-11-17 15:48:04
elapsed:  874.6  seconds
350
2023-11-17 15:50:34
400
2023-11-17 15:52:57
elapsed:  1168.0  seconds
450
2023-11-17 15:55:25
500
2023-11-17 15:57:50
elapsed:  1461.1  seconds
550
2023-11-17 16:00:16
600
2023-11-17 16:02:42
elapsed:  1753.1  seconds
650
2023-11-17 16:05:13
700
2023-11-17 16:07:38
elapsed:  2049.0  seconds
750
2023-11-17 16:09:58
800
2023-11-17 16:12:21
elapsed:  2331.5  seconds
850
2023-11-17 16:14:49
900
2023-11-17 16:17:15
elapsed:  2625.3  seconds
950
2023-11-17 16:19:38
1000
2023-11-17 16:22:01
elapsed:  2911.4  seconds
1050
2023-11-17 16:24:25
1100
2023-11-17 16:26:49
elapsed:  3199.4  seconds
1150
2023-11-17 16:29:18
1200
2023-11-17 16:31:45
elapsed:  3495.3  seconds
1250
2023-11-17 16:34:12
1300
2023-11-17 16:36:37
elapsed:  3787.8  seconds
1350
2023-11-17 16:39:06
1400
2023-11-17 16:41:34
elapsed:  4084.6  seconds
1450
2023-11-17 16:44:02
1500
2023-11-17 16:46:31
elapsed:  4381.7  seconds
1550
2023-11-17 16:48:59
1600
2023-11-17 16:51:24
elapsed:  4675.0  seconds
1650
2023-11-17 16:53:52
1700
2023-11-17 16:56:20
elapsed:  4970.9  seconds
1750
2023-11-17 16:58:49
1800
2023-11-17 17:01:16
elapsed:  5267.2  seconds
1850
2023-11-17 17:03:42
1900
2023-11-17 17:06:05
elapsed:  5556.3  seconds
1950
2023-11-17 17:08:31
2000
2023-11-17 17:10:55
elapsed:  5845.4  seconds
2050
2023-11-17 17:13:22
2100
2023-11-17 17:15:48
elapsed:  6138.5  seconds
2150
2023-11-17 17:18:17
2200
2023-11-17 17:20:40
elapsed:  6430.7  seconds
/projects/muyang@colostate.edu/software/anaconda/envs/alpine_MCMC/lib/python3.11/site-packages/numpy/lib/function_base.py:2412: RuntimeWarning: divide by zero encountered in func (vectorized)
  outputs = ufunc(*inputs)
/projects/muyang@colostate.edu/software/anaconda/envs/alpine_MCMC/lib/python3.11/site-packages/numpy/lib/function_base.py:2412: RuntimeWarning: invalid value encountered in func (vectorized)
  outputs = ufunc(*inputs)
/projects/muyang@colostate.edu/software/anaconda/envs/alpine_MCMC/lib/python3.11/site-packages/numpy/lib/function_base.py:2412: RuntimeWarning: divide by zero encountered in func (vectorized)
  outputs = ufunc(*inputs)
/projects/muyang@colostate.edu/software/anaconda/envs/alpine_MCMC/lib/python3.11/site-packages/numpy/lib/function_base.py:2412: RuntimeWarning: invalid value encountered in func (vectorized)
  outputs = ufunc(*inputs)
2250
2023-11-17 17:23:09
2300
2023-11-17 17:25:34
elapsed:  6724.6  seconds
2350
2023-11-17 17:28:02
2400
2023-11-17 17:30:25
elapsed:  7015.9  seconds
2450
2023-11-17 17:32:51
2500
2023-11-17 17:35:16
elapsed:  7306.9  seconds
2550
2023-11-17 17:37:40
2600
2023-11-17 17:40:01
elapsed:  7591.4  seconds
2650
2023-11-17 17:42:27
2700
2023-11-17 17:44:53
elapsed:  7883.6  seconds
2750
2023-11-17 17:47:21
2800
2023-11-17 17:49:45
elapsed:  8175.6  seconds
2850
2023-11-17 17:52:09
2900
2023-11-17 17:54:31
elapsed:  8461.8  seconds
2950
2023-11-17 17:56:58
3000
2023-11-17 17:59:20
elapsed:  8750.4  seconds
3050
2023-11-17 18:01:44
3100
2023-11-17 18:04:10
elapsed:  9041.2  seconds
3150
2023-11-17 18:06:39
3200
2023-11-17 18:09:05
elapsed:  9335.8  seconds
3250
2023-11-17 18:11:35
3300
2023-11-17 18:14:03
elapsed:  9633.5  seconds
3350
2023-11-17 18:16:31
3400
2023-11-17 18:18:52
elapsed:  9922.7  seconds
3450
2023-11-17 18:21:18
3500
2023-11-17 18:23:44
elapsed:  10214.4  seconds
3550
2023-11-17 18:26:11
3600
2023-11-17 18:28:37
elapsed:  10507.9  seconds
3650
2023-11-17 18:31:05
/projects/muyang@colostate.edu/software/anaconda/envs/alpine_MCMC/lib/python3.11/site-packages/numpy/lib/function_base.py:2412: RuntimeWarning: divide by zero encountered in func (vectorized)
  outputs = ufunc(*inputs)
/projects/muyang@colostate.edu/software/anaconda/envs/alpine_MCMC/lib/python3.11/site-packages/numpy/lib/function_base.py:2412: RuntimeWarning: invalid value encountered in func (vectorized)
  outputs = ufunc(*inputs)
3700
2023-11-17 18:33:34
elapsed:  10804.3  seconds
3750
2023-11-17 18:36:01
3800
2023-11-17 18:38:26
elapsed:  11097.3  seconds
3850
2023-11-17 18:40:55
3900
2023-11-17 18:43:18
elapsed:  11389.0  seconds
3950
2023-11-17 18:45:45
4000
2023-11-17 18:48:12
elapsed:  11682.7  seconds
4050
2023-11-17 18:50:40
4100
2023-11-17 18:53:02
elapsed:  11973.1  seconds
4150
2023-11-17 18:55:29
4200
2023-11-17 18:57:56
elapsed:  12266.5  seconds
4250
2023-11-17 19:00:21
4300
2023-11-17 19:02:42
elapsed:  12552.5  seconds
4350
2023-11-17 19:05:07
4400
2023-11-17 19:07:28
elapsed:  12839.1  seconds
4450
2023-11-17 19:09:51
4500
2023-11-17 19:12:11
elapsed:  13122.2  seconds
4550
2023-11-17 19:14:33
4600
2023-11-17 19:16:57
elapsed:  13408.2  seconds
4650
2023-11-17 19:19:24
4700
2023-11-17 19:21:52
elapsed:  13702.7  seconds
4750
2023-11-17 19:24:21
4800
2023-11-17 19:26:47
elapsed:  13997.9  seconds
4850
2023-11-17 19:29:14
4900
2023-11-17 19:31:41
elapsed:  14292.2  seconds
4950
2023-11-17 19:34:10
5000
2023-11-17 19:36:36
elapsed:  14587.1  seconds
5050
2023-11-17 19:39:05
5100
2023-11-17 19:41:29
elapsed:  14880.0  seconds
5150
2023-11-17 19:43:59
5200
2023-11-17 19:46:26
elapsed:  15176.4  seconds
5250
2023-11-17 19:48:53
5300
2023-11-17 19:51:19
elapsed:  15469.8  seconds
5350
2023-11-17 19:53:46
5400
2023-11-17 19:56:12
elapsed:  15763.0  seconds
5450
2023-11-17 19:58:36
5500
2023-11-17 20:00:57
elapsed:  16047.7  seconds
5550
2023-11-17 20:03:22
5600
2023-11-17 20:05:47
elapsed:  16338.0  seconds
5650
2023-11-17 20:08:12
5700
2023-11-17 20:10:36
elapsed:  16626.4  seconds
5750
2023-11-17 20:13:01
5800
2023-11-17 20:15:25
elapsed:  16915.5  seconds
5850
2023-11-17 20:17:53
5900
2023-11-17 20:20:15
elapsed:  17205.4  seconds
5950
2023-11-17 20:22:44
6000
2023-11-17 20:25:10
elapsed:  17501.0  seconds
6050
2023-11-17 20:27:37
6100
2023-11-17 20:30:00
elapsed:  17790.7  seconds
6150
2023-11-17 20:32:27
6200
2023-11-17 20:34:52
elapsed:  18082.4  seconds
6250
2023-11-17 20:37:19
6300
2023-11-17 20:39:44
elapsed:  18374.9  seconds
6350
2023-11-17 20:42:13
6400
2023-11-17 20:44:36
elapsed:  18667.1  seconds
6450
2023-11-17 20:47:05
6500
2023-11-17 20:49:30
elapsed:  18961.1  seconds
6550
2023-11-17 20:52:01
6600
2023-11-17 20:54:29
elapsed:  19259.4  seconds
6650
2023-11-17 20:56:49
6700
2023-11-17 20:59:12
elapsed:  19542.7  seconds
6750
2023-11-17 21:01:39
6800
2023-11-17 21:04:04
elapsed:  19835.1  seconds
6850
2023-11-17 21:06:31
6900
2023-11-17 21:08:56
elapsed:  20126.9  seconds
6950
2023-11-17 21:11:25
7000
2023-11-17 21:13:50
elapsed:  20420.9  seconds
7050
2023-11-17 21:16:16
7100
2023-11-17 21:18:38
elapsed:  20708.3  seconds
7150
2023-11-17 21:21:03
7200
2023-11-17 21:23:25
elapsed:  20996.3  seconds
7250
2023-11-17 21:25:52
7300
2023-11-17 21:28:17
elapsed:  21287.9  seconds
7350
2023-11-17 21:30:45
7400
2023-11-17 21:33:10
elapsed:  21580.7  seconds
7450
2023-11-17 21:35:38
7500
2023-11-17 21:38:03
elapsed:  21874.0  seconds
/projects/muyang@colostate.edu/software/anaconda/envs/alpine_MCMC/lib/python3.11/site-packages/numpy/lib/function_base.py:2412: RuntimeWarning: divide by zero encountered in func (vectorized)
  outputs = ufunc(*inputs)
/projects/muyang@colostate.edu/software/anaconda/envs/alpine_MCMC/lib/python3.11/site-packages/numpy/lib/function_base.py:2412: RuntimeWarning: invalid value encountered in func (vectorized)
  outputs = ufunc(*inputs)
7550
2023-11-17 21:40:34
7600
2023-11-17 21:43:01
elapsed:  22172.3  seconds
7650
2023-11-17 21:45:31
7700
2023-11-17 21:47:57
elapsed:  22468.1  seconds
7750
2023-11-17 21:50:26
7800
2023-11-17 21:52:53
elapsed:  22764.1  seconds
7850
2023-11-17 21:55:13
7900
2023-11-17 21:57:31
elapsed:  23042.0  seconds
7950
2023-11-17 21:59:55
8000
2023-11-17 22:02:21
elapsed:  23332.0  seconds
8050
2023-11-17 22:04:50
8100
2023-11-17 22:07:16
elapsed:  23626.5  seconds
8150
2023-11-17 22:09:43
8200
2023-11-17 22:12:09
elapsed:  23920.1  seconds
8250
2023-11-17 22:14:38
8300
2023-11-17 22:17:05
elapsed:  24216.1  seconds
8350
2023-11-17 22:19:34
8400
2023-11-17 22:22:00
elapsed:  24510.8  seconds
8450
2023-11-17 22:24:27
8500
2023-11-17 22:26:51
elapsed:  24802.1  seconds
8550
2023-11-17 22:29:20
8600
2023-11-17 22:31:45
elapsed:  25095.7  seconds
8650
2023-11-17 22:34:12
8700
2023-11-17 22:36:37
elapsed:  25387.8  seconds
8750
2023-11-17 22:39:05
8800
2023-11-17 22:41:30
elapsed:  25681.1  seconds
8850
2023-11-17 22:43:58
8900
2023-11-17 22:46:21
elapsed:  25971.9  seconds
8950
2023-11-17 22:48:48
9000
2023-11-17 22:51:14
elapsed:  26264.5  seconds
9050
2023-11-17 22:53:39
9100
2023-11-17 22:55:59
elapsed:  26550.2  seconds
9150
2023-11-17 22:58:23
9200
2023-11-17 23:00:48
elapsed:  26838.6  seconds
9250
2023-11-17 23:03:14
9300
2023-11-17 23:05:40
elapsed:  27130.9  seconds
9350
2023-11-17 23:08:09
9400
2023-11-17 23:10:36
elapsed:  27426.4  seconds
9450
2023-11-17 23:13:04
9500
2023-11-17 23:15:31
elapsed:  27721.8  seconds
9550
2023-11-17 23:17:59
9600
2023-11-17 23:20:25
elapsed:  28015.8  seconds
9650
2023-11-17 23:22:56
/projects/muyang@colostate.edu/software/anaconda/envs/alpine_MCMC/lib/python3.11/site-packages/numpy/lib/function_base.py:2412: RuntimeWarning: divide by zero encountered in func (vectorized)
  outputs = ufunc(*inputs)
/projects/muyang@colostate.edu/software/anaconda/envs/alpine_MCMC/lib/python3.11/site-packages/numpy/lib/function_base.py:2412: RuntimeWarning: invalid value encountered in func (vectorized)
  outputs = ufunc(*inputs)
9700
2023-11-17 23:25:18
elapsed:  28309.2  seconds
9750
2023-11-17 23:27:45
9800
2023-11-17 23:30:10
elapsed:  28600.7  seconds
9850
2023-11-17 23:32:38
9900
2023-11-17 23:34:59
elapsed:  28889.5  seconds
9950
2023-11-17 23:37:19
elapsed:  29169.0  seconds
total time:  29174.5  seconds
true R:  [[1.92149449e+01 1.12282732e-01 3.25373041e-01 3.10208341e-01
  7.92144270e-01 5.10942865e+00 3.67058429e+00 1.83040383e+00
  1.58568009e-01 3.08593803e+00 6.67737715e-01 3.48634639e-01
  7.59567839e+00 1.13775529e+00 2.30994953e-01 1.20623948e-01
  1.62419224e+00 3.64260166e-01 6.97867660e-01 2.69730105e-01
  2.81294117e-01 7.75107147e-01 5.60704892e+00 7.93958956e+00
  9.29302789e-01 6.56889452e+00 1.74958124e+02 3.91320457e-01
  2.10270981e+00 9.05784897e-02 5.41763752e+00 3.70223760e-01
  7.35819134e-01 8.61935742e-01 5.14442464e+00 7.53910437e-02
  7.65782945e-01 2.49706478e-01 4.38581847e+02 5.03735149e+00
  1.59269237e+00 1.63382013e-01 1.63829811e+01 7.03719448e+01
  9.96836287e-02 1.87769956e+02 3.53851447e+00 9.63019591e+02
  3.52319857e-01 6.01858797e-01 7.83505791e+00 1.27293357e+01
  7.80708067e-02 1.33207631e+01 5.41880842e-01 6.91903331e-01
  3.15139212e-01 2.56757304e+00 4.09013083e+02 4.92823753e+00
  1.63680947e+01 2.62450424e+00 9.68075527e-02 3.22636879e-01]
 [4.36099054e-01 2.49999150e-01 3.77020561e-01 8.15922926e-01
  2.55613732e-01 2.90703118e+00 3.99954175e+01 3.09751141e-01
  9.93293804e-02 7.91178078e+00 9.01092808e+00 1.49096468e+00
  8.57038458e-01 1.31619586e-01 8.39970009e-01 3.39707330e-01
  1.51431206e-01 6.81375055e+00 1.14162867e+01 3.00954590e+00
  4.65761573e-01 2.73629861e-01 1.47399950e-01 3.98469173e+01
  3.18036125e-01 1.47729613e+00 2.29126254e+00 2.65309835e-01
  5.88766363e-01 1.49267835e+00 6.75132785e-02 3.08580538e-01
  6.18264115e+00 2.93328509e+00 3.63593197e-01 4.12628010e+00
  8.71317784e-02 2.51390926e-01 3.81624338e-01 1.11508457e-01
  4.36099907e+01 2.04149616e-01 7.84269424e-01 1.93231780e+01
  3.93488707e+00 8.26267458e+01 1.46784340e+00 1.77845676e-01
  3.57744278e+00 5.47954604e+00 2.73800692e+00 3.53439665e+00
  4.78431723e+00 8.51686854e+01 1.71534755e+00 2.69598452e+00
  1.01766817e+00 2.11969941e+00 1.10967745e-01 2.80138822e-01
  2.02097699e+02 4.71111207e-01 1.07423428e+00 8.98529317e-01]
 [3.07188985e+00 6.91000242e+00 5.55884503e-01 3.65897185e+01
  9.99038049e-01 3.73715141e+00 8.78495762e-01 1.02493430e+03
  6.48472441e+00 1.96466157e+02 3.93872360e+01 8.19881414e+00
  2.70587707e+00 7.10852927e+02 1.52408504e+00 1.32802015e-01
  3.70687729e-01 8.11805508e+00 8.28489640e-02 3.42327032e-01
  6.73533647e+02 5.16219450e-01 3.05653427e+01 1.17402048e-01
  8.08702988e-01 3.02420673e-01 2.16536765e+00 9.60541720e+00
  6.07945340e-01 2.88935478e+00 1.54071960e+01 1.78439640e+00
  2.15080880e-01 6.57384470e+00 9.73181162e-01 5.56840193e-01
  2.43092348e+00 4.63345634e+00 5.45620279e+00 2.49276255e-01
  3.94551192e-01 6.19555173e+00 9.63833792e+00 1.79097446e+00
  4.18965968e-01 8.02586747e-01 9.45795241e-02 5.09908338e+00
  8.79112045e-01 1.51300356e+01 6.95649486e-01 1.90037846e-01
  2.40842508e+00 2.79481987e+00 2.07863605e+01 2.86710855e-01
  3.21620038e-01 9.22395792e-01 5.77372417e-01 1.12464729e+01
  9.44612716e-01 2.23780541e+00 7.18422292e-01 2.71400578e+01]
 [5.69467540e-01 1.29358533e+01 1.66400469e-01 1.30822286e-01
  1.63811050e-01 6.85043329e+02 1.96339220e+02 2.77429303e-01
  4.38339931e+00 1.59324004e-01 2.42559408e+00 4.53906964e+00
  9.49114434e+01 7.24395129e-01 6.75511160e-01 2.67025483e+00
  6.55814791e-01 5.26586770e+00 6.31595416e-01 8.68092092e+00
  1.21573706e-01 6.27630956e-01 1.00124413e+00 7.07939295e+00
  4.26840172e+00 1.65877596e+01 6.63898766e+00 7.77357777e+00
  2.86379151e-01 6.24559635e+01 1.46746807e+01 3.50774092e-01
  4.79452590e-01 6.94721453e+00 1.66197818e-01 9.26317215e-01
  1.54927465e-01 3.81976066e-01 2.77153026e-01 9.58443702e-01
  1.02161534e+01 8.28524476e-01 4.17961218e+01 7.63416348e+00
  2.01130962e+00 1.89417629e+00 3.56047868e+01 8.87152066e+01
  2.71323832e+00 5.78746000e+00 3.95936329e-01 1.91382611e+00
  2.20798106e+01 6.21566298e+01 1.76480051e+02 9.29024853e-02
  5.94830093e-01 4.07848332e+00 3.05236421e+02 1.61632515e+00
  5.66531813e-01 7.35686945e+01 3.64141276e-01 4.22820873e+01]
 [1.07773645e+04 1.20909260e+03 2.98745150e-01 1.56163714e-01
  5.35801037e+00 2.52567975e-01 3.69355924e-01 2.57061726e-01
  1.65055143e+02 1.91200130e-01 1.22285986e-01 4.80780256e+00
  2.77508351e+02 2.57331040e+03 2.25334965e+00 5.50364650e+00
  3.86455326e-01 1.68967049e+00 2.06004350e+00 1.78665809e+01
  1.99179731e-01 7.21414834e+01 2.44837529e+01 2.37430792e+01
  1.67855905e-01 8.40503563e-01 1.37975100e+00 4.05238406e+02
  2.18542482e-01 2.38716160e-01 9.17747402e-01 1.59658205e+00
  8.30762156e-01 1.00298778e+00 3.81217701e-01 3.55609170e+03
  1.60424178e-01 2.39916231e+00 6.36203223e-01 3.94806301e+00
  1.53724240e-01 4.14057142e-01 6.93293658e+00 3.25067387e-01
  8.50373055e+01 5.43358900e+00 2.08723411e-01 2.06196411e-01
  9.69266003e-01 8.75621674e-01 6.12915008e-01 1.23077996e+01
  1.74973357e+01 1.67276448e-01 9.72531563e+00 7.52831562e+01
  2.86616115e-01 4.22184782e-01 2.21411608e+00 8.63541767e-02
  8.73179282e+01 2.38266101e+00 2.81127349e-01 2.39843198e-01]
 [2.21894612e+02 8.21719364e+00 5.29127915e+00 1.23080757e+02
  9.84179862e-01 1.71473081e-01 3.87993236e+00 2.85567002e-01
  8.00802529e+00 2.42090040e-01 1.10547218e+00 4.60628089e-01
  8.36630346e+00 1.16424769e+00 1.65122590e+00 1.19281317e+01
  1.03696238e-01 4.54195166e+01 1.77713093e-01 1.44442480e-01
  4.40876419e+00 1.50647820e+00 1.98940894e+00 8.00100450e-01
  6.88169185e-01 1.20330309e+00 3.63222718e-01 7.78846025e+03
  7.82041666e+01 3.26239643e+02 3.67942371e+02 2.02775391e+00
  2.39954809e+00 2.38717637e-01 1.30440622e+00 7.73334574e-01
  2.50144610e+00 2.68685270e+00 8.04306542e+00 7.13065199e+00
  6.22867134e-01 1.69801260e+00 7.18516325e-01 2.05566962e+00
  2.97631922e+00 9.23068762e+00 6.40992919e+00 7.06909460e-01
  2.26654260e+00 1.54215567e+00 1.32393642e+01 2.93292429e-01
  3.47980590e-01 2.12668212e+00 1.98814656e-01 3.09768482e-01
  8.12260458e-01 3.99438705e+00 1.30519601e+01 3.92514066e-01
  1.31365687e+00 3.12178798e-01 5.58617576e-01 1.13308196e+01]
 [2.39886124e+01 6.20561859e-01 2.71805365e-01 4.62191083e-01
  1.20025408e+00 2.21656315e+00 2.83222696e-01 3.49086689e+00
  1.15033471e+00 6.77193205e+00 1.62282479e+00 1.53416465e+00
  1.85060484e+02 9.40016863e-02 9.16474126e-01 2.32690258e+01
  4.05507965e+00 1.57859870e-01 6.31001204e+02 2.59011865e+02
  6.52313634e-01 1.08981823e-01 6.89078577e-01 3.90293684e+00
  1.49083128e+01 1.18871123e-01 5.68325988e+01 5.77553029e-01
  4.78312133e+01 1.45202280e+00 4.18547150e+00 5.09227374e-01
  5.22101513e-01 2.57335168e+00 1.53639534e+01 1.69258604e+00
  1.91797408e+00 8.46794575e+01 1.34720025e+00 3.31522771e-01
  5.91236863e-02 1.93157975e-01 8.39905528e-01 1.88708080e-01
  7.70049387e-01 3.84271116e-01 3.29435078e-01 8.54974918e-01
  1.86576924e+00 2.64103715e-01 2.28099878e-01 9.66233230e-02
  7.11841760e+00 1.37988438e+00 1.13465179e+00 3.47270907e+00
  2.26075898e-01 7.06872187e-02 4.34065668e-01 2.92583257e+01
  3.41334289e+00 3.02925516e-01 1.22933361e+00 1.62809824e+00]
 [3.47655369e+01 7.23017482e+00 1.68614480e+00 2.67171417e-01
  4.73258905e-01 1.63595997e-01 3.35536171e-01 4.23103634e-01
  1.19476644e+00 1.52477637e+00 1.70854572e+00 2.37648668e-01
  3.37018443e-01 1.85116172e+00 2.51173916e+00 1.82798924e+00
  2.67449477e+00 2.53699090e+00 1.05361603e-01 1.00451348e+00
  6.93619626e-01 2.81624117e+00 4.48820968e+00 6.27726190e+00
  6.00452795e+00 9.81566827e-02 8.96593193e-01 6.63926862e+00
  1.02277624e-01 3.55841318e-01 7.14901282e+01 1.57203343e+00
  4.20819087e-01 1.38843600e+00 1.02709947e+01 3.83516142e-01
  2.79484091e+00 2.18513600e-01 7.60734301e+00 2.96792401e-01
  5.33098045e+00 1.74833051e-01 3.10314305e+00 1.13845823e+00
  4.32195739e-01 5.15824833e-01 1.56356770e+01 9.10223826e+00
  2.85074532e-01 1.13623254e+00 1.55692610e-01 1.30404860e+00
  2.61980983e+02 2.33681887e+00 3.70325947e+00 3.18524529e+00
  8.81526046e-01 1.28092922e+00 1.84170710e-01 2.28787949e+00
  4.30511102e+00 2.95466760e-01 4.05701366e-01 8.79089684e+01]
 [1.55796638e+01 6.22247267e-01 2.01653975e+01 2.16850528e-01
  5.68120319e+00 1.96849210e-01 1.96511035e-01 8.79057366e-01
  2.58089852e-01 6.24896167e-01 2.78547243e-01 1.71502547e+00
  4.12338340e-01 6.85637442e-01 5.44099219e+02 2.68899087e+01
  9.69123709e+00 5.61088809e-01 2.77264109e+00 4.17188540e-01
  1.19337859e+00 2.73688560e+00 1.10496853e+00 1.01768177e-01
  4.75985473e-01 1.02593610e+00 5.49876268e+00 1.15529469e+02
  1.50758010e-01 1.54413587e+00 1.22556822e+01 2.11881393e-01
  7.84244332e+01 3.94341910e+00 3.23591833e-01 1.05791127e+01
  3.48413801e-01 5.74207941e-01 1.83802026e-01 2.84285273e-01
  1.64305606e+00 2.37061857e+00 2.80026549e-01 2.51543636e+00
  1.25867373e+00 3.15184469e+01 2.47091716e-01 5.29200983e-01
  4.10503336e-01 9.83906268e+00 1.91675777e-01 9.34933551e+01
  1.48584600e+01 7.93104105e-01 3.83644669e+00 4.72884205e+00
  2.14718532e+00 5.17642983e-01 2.91509739e-01 3.23386072e+00
  8.61702944e-01 5.19298121e+00 8.67253771e+02 7.20735861e-01]
 [7.12881040e-02 3.33944146e-01 3.32902185e-01 3.90957664e+00
  3.12299511e+00 4.86450359e+00 7.18932617e-01 1.75688314e+00
  4.75790709e+01 1.35048378e+00 6.37589190e-01 1.71723945e+01
  9.09173491e-01 3.78771802e-01 3.40291252e+00 2.17299244e+00
  1.68755881e-01 8.98655853e-02 1.69172927e+02 4.93744014e+00
  1.03634822e+01 7.39363984e-01 1.41416562e+00 1.45472628e-01
  4.14562256e-01 2.40736423e-01 6.55343543e-01 6.15575937e+00
  1.13312189e+00 7.49332431e+00 1.48966863e+00 5.65212897e-01
  3.12313435e+00 4.44355922e+02 1.25126236e+00 9.37582787e-01
  8.54048098e-01 6.28220404e-01 6.83084868e-01 2.01439494e-01
  2.31742894e-01 1.26285911e+00 2.70039908e+00 6.95650727e-01
  9.46032979e-01 4.29725766e+00 2.19186507e+00 3.08246411e-01
  2.01238807e+00 3.88047393e-01 1.08440230e+00 6.91948321e-01
  2.58798807e+00 8.09772135e-01 1.34731229e-01 2.86719467e+01
  1.27452911e+02 1.75584765e-01 1.35727185e-01 1.70721188e+00
  1.83780289e-01 6.92533866e-01 2.40304083e-01 4.29485621e+00]]
