1
50
2023-11-08 10:05:50
100
2023-11-08 10:07:34
elapsed:  204.3  seconds
150
2023-11-08 10:09:21
200
2023-11-08 10:11:06
elapsed:  416.3  seconds
250
2023-11-08 10:12:56
300
2023-11-08 10:14:46
elapsed:  636.3  seconds
350
2023-11-08 10:16:42
400
2023-11-08 10:18:39
elapsed:  868.9  seconds
450
2023-11-08 10:20:42
500
2023-11-08 10:22:35
elapsed:  1105.3  seconds
550
2023-11-08 10:24:35
600
2023-11-08 10:26:34
elapsed:  1344.5  seconds
650
2023-11-08 10:28:27
700
2023-11-08 10:30:29
elapsed:  1578.7  seconds
750
2023-11-08 10:32:32
800
2023-11-08 10:34:33
elapsed:  1823.4  seconds
850
2023-11-08 10:36:25
900
2023-11-08 10:38:20
elapsed:  2050.6  seconds
950
2023-11-08 10:40:25
1000
2023-11-08 10:42:26
elapsed:  2295.7  seconds
1050
2023-11-08 10:44:33
1100
2023-11-08 10:46:22
elapsed:  2531.7  seconds
1150
2023-11-08 10:48:09
1200
2023-11-08 10:50:08
elapsed:  2758.3  seconds
1250
2023-11-08 10:51:59
1300
2023-11-08 10:53:57
elapsed:  2987.0  seconds
1350
2023-11-08 10:55:59
1400
2023-11-08 10:57:52
elapsed:  3222.0  seconds
1450
2023-11-08 10:59:54
1500
2023-11-08 11:01:59
elapsed:  3469.2  seconds
1550
2023-11-08 11:04:00
1600
2023-11-08 11:05:55
elapsed:  3705.0  seconds
1650
2023-11-08 11:08:04
1700
2023-11-08 11:09:57
elapsed:  3947.4  seconds
1750
2023-11-08 11:12:03
1800
2023-11-08 11:14:01
elapsed:  4190.9  seconds
1850
2023-11-08 11:16:01
1900
2023-11-08 11:17:51
elapsed:  4421.3  seconds
1950
2023-11-08 11:19:55
2000
2023-11-08 11:21:53
elapsed:  4663.4  seconds
2050
2023-11-08 11:23:54
2100
2023-11-08 11:26:01
elapsed:  4911.1  seconds
2150
2023-11-08 11:28:09
2200
2023-11-08 11:30:20
elapsed:  5170.3  seconds
2250
2023-11-08 11:32:14
2300
2023-11-08 11:34:11
elapsed:  5400.9  seconds
2350
2023-11-08 11:36:17
2400
2023-11-08 11:38:22
elapsed:  5652.4  seconds
2450
2023-11-08 11:40:32
2500
2023-11-08 11:42:29
elapsed:  5899.6  seconds
2550
2023-11-08 11:44:35
2600
2023-11-08 11:46:34
elapsed:  6144.2  seconds
2650
2023-11-08 11:48:42
2700
2023-11-08 11:50:50
elapsed:  6399.9  seconds
2750
2023-11-08 11:52:54
2800
2023-11-08 11:55:09
elapsed:  6658.9  seconds
2850
2023-11-08 11:57:14
2900
2023-11-08 11:59:15
elapsed:  6905.2  seconds
2950
2023-11-08 12:01:28
3000
2023-11-08 12:03:27
elapsed:  7156.9  seconds
3050
2023-11-08 12:05:33
3100
2023-11-08 12:07:41
elapsed:  7411.2  seconds
3150
2023-11-08 12:09:33
3200
2023-11-08 12:11:33
elapsed:  7643.6  seconds
3250
2023-11-08 12:13:27
3300
2023-11-08 12:15:45
elapsed:  7894.8  seconds
3350
2023-11-08 12:17:40
3400
2023-11-08 12:19:47
elapsed:  8137.5  seconds
3450
2023-11-08 12:21:57
3500
2023-11-08 12:24:08
elapsed:  8397.9  seconds
3550
2023-11-08 12:26:20
3600
2023-11-08 12:28:29
elapsed:  8659.0  seconds
3650
2023-11-08 12:30:36
3700
2023-11-08 12:32:32
elapsed:  8901.7  seconds
3750
2023-11-08 12:34:39
3800
2023-11-08 12:36:36
elapsed:  9146.5  seconds
/projects/muyang@colostate.edu/software/anaconda/envs/testenv/lib/python3.11/site-packages/numpy/lib/function_base.py:2455: RuntimeWarning: divide by zero encountered in func (vectorized)
  outputs = ufunc(*inputs)
/projects/muyang@colostate.edu/software/anaconda/envs/testenv/lib/python3.11/site-packages/numpy/lib/function_base.py:2455: RuntimeWarning: invalid value encountered in func (vectorized)
  outputs = ufunc(*inputs)
3850
2023-11-08 12:38:16
3900
2023-11-08 12:40:11
elapsed:  9361.5  seconds
3950
2023-11-08 12:41:58
4000
2023-11-08 12:43:54
elapsed:  9584.4  seconds
4050
2023-11-08 12:45:55
4100
2023-11-08 12:47:39
elapsed:  9808.8  seconds
/projects/muyang@colostate.edu/software/anaconda/envs/testenv/lib/python3.11/site-packages/numpy/lib/function_base.py:2455: RuntimeWarning: divide by zero encountered in func (vectorized)
  outputs = ufunc(*inputs)
/projects/muyang@colostate.edu/software/anaconda/envs/testenv/lib/python3.11/site-packages/numpy/lib/function_base.py:2455: RuntimeWarning: invalid value encountered in func (vectorized)
  outputs = ufunc(*inputs)
4150
2023-11-08 12:49:37
4200
2023-11-08 12:51:46
elapsed:  10056.6  seconds
4250
2023-11-08 12:54:02
4300
2023-11-08 12:56:07
elapsed:  10317.6  seconds
4350
2023-11-08 12:58:24
4400
2023-11-08 13:00:35
elapsed:  10585.0  seconds
4450
2023-11-08 13:02:43
4500
2023-11-08 13:04:48
elapsed:  10838.2  seconds
4550
2023-11-08 13:07:02
4600
2023-11-08 13:09:07
elapsed:  11097.3  seconds
4650
2023-11-08 13:11:18
/projects/muyang@colostate.edu/software/anaconda/envs/testenv/lib/python3.11/site-packages/numpy/lib/function_base.py:2455: RuntimeWarning: divide by zero encountered in func (vectorized)
  outputs = ufunc(*inputs)
/projects/muyang@colostate.edu/software/anaconda/envs/testenv/lib/python3.11/site-packages/numpy/lib/function_base.py:2455: RuntimeWarning: invalid value encountered in func (vectorized)
  outputs = ufunc(*inputs)
4700
2023-11-08 13:13:28
elapsed:  11358.3  seconds
4750
2023-11-08 13:15:26
4800
2023-11-08 13:17:26
elapsed:  11596.6  seconds
4850
2023-11-08 13:19:35
4900
2023-11-08 13:21:28
elapsed:  11837.7  seconds
4950
2023-11-08 13:23:20
5000
2023-11-08 13:25:07
elapsed:  12056.9  seconds
5050
2023-11-08 13:27:08
5100
2023-11-08 13:28:39
elapsed:  12269.1  seconds
5150
2023-11-08 13:30:14
5200
2023-11-08 13:32:14
elapsed:  12484.2  seconds
5250
2023-11-08 13:34:19
5300
2023-11-08 13:36:20
elapsed:  12730.3  seconds
5350
2023-11-08 13:38:23
5400
2023-11-08 13:40:21
elapsed:  12971.4  seconds
5450
2023-11-08 13:42:15
5500
2023-11-08 13:44:10
elapsed:  13199.6  seconds
5550
2023-11-08 13:46:02
5600
2023-11-08 13:47:53
elapsed:  13423.2  seconds
5650
2023-11-08 13:49:56
5700
2023-11-08 13:51:54
elapsed:  13663.9  seconds
5750
2023-11-08 13:53:58
5800
2023-11-08 13:55:38
elapsed:  13888.3  seconds
5850
2023-11-08 13:57:37
5900
2023-11-08 13:59:42
elapsed:  14132.3  seconds
5950
2023-11-08 14:01:56
6000
2023-11-08 14:03:49
elapsed:  14378.8  seconds
6050
2023-11-08 14:05:18
6100
2023-11-08 14:06:52
elapsed:  14562.5  seconds
/projects/muyang@colostate.edu/software/anaconda/envs/testenv/lib/python3.11/site-packages/numpy/lib/function_base.py:2455: RuntimeWarning: divide by zero encountered in func (vectorized)
  outputs = ufunc(*inputs)
/projects/muyang@colostate.edu/software/anaconda/envs/testenv/lib/python3.11/site-packages/numpy/lib/function_base.py:2455: RuntimeWarning: invalid value encountered in func (vectorized)
  outputs = ufunc(*inputs)
6150
2023-11-08 14:08:39
6200
2023-11-08 14:10:21
elapsed:  14771.3  seconds
6250
2023-11-08 14:12:20
6300
2023-11-08 14:14:26
elapsed:  15015.9  seconds
6350
2023-11-08 14:16:41
6400
2023-11-08 14:18:09
elapsed:  15239.2  seconds
6450
2023-11-08 14:19:35
6500
2023-11-08 14:21:21
elapsed:  15431.0  seconds
6550
2023-11-08 14:23:27
6600
2023-11-08 14:25:41
elapsed:  15691.3  seconds
6650
2023-11-08 14:27:53
6700
2023-11-08 14:29:56
elapsed:  15946.2  seconds
6750
2023-11-08 14:31:55
6800
2023-11-08 14:33:59
elapsed:  16188.7  seconds
/projects/muyang@colostate.edu/software/anaconda/envs/testenv/lib/python3.11/site-packages/numpy/lib/function_base.py:2455: RuntimeWarning: divide by zero encountered in func (vectorized)
  outputs = ufunc(*inputs)
/projects/muyang@colostate.edu/software/anaconda/envs/testenv/lib/python3.11/site-packages/numpy/lib/function_base.py:2455: RuntimeWarning: invalid value encountered in func (vectorized)
  outputs = ufunc(*inputs)
6850
2023-11-08 14:35:56
6900
2023-11-08 14:37:40
elapsed:  16410.1  seconds
6950
2023-11-08 14:39:44
7000
2023-11-08 14:41:17
elapsed:  16626.6  seconds
7050
2023-11-08 14:42:59
7100
2023-11-08 14:45:01
elapsed:  16851.6  seconds
7150
2023-11-08 14:46:57
7200
2023-11-08 14:49:06
elapsed:  17096.1  seconds
7250
2023-11-08 14:51:13
7300
2023-11-08 14:53:15
elapsed:  17345.6  seconds
7350
2023-11-08 14:55:22
7400
2023-11-08 14:57:36
elapsed:  17606.4  seconds
7450
2023-11-08 14:59:46
7500
2023-11-08 15:01:51
elapsed:  17860.9  seconds
7550
2023-11-08 15:03:56
7600
2023-11-08 15:05:52
elapsed:  18102.4  seconds
7650
2023-11-08 15:07:50
7700
2023-11-08 15:09:59
elapsed:  18349.0  seconds
7750
2023-11-08 15:11:55
7800
2023-11-08 15:14:04
elapsed:  18593.9  seconds
7850
2023-11-08 15:16:09
7900
2023-11-08 15:18:09
elapsed:  18838.7  seconds
7950
2023-11-08 15:20:09
8000
2023-11-08 15:22:07
elapsed:  19077.0  seconds
8050
2023-11-08 15:24:15
8100
2023-11-08 15:26:30
elapsed:  19340.0  seconds
8150
2023-11-08 15:28:36
8200
2023-11-08 15:30:36
elapsed:  19585.6  seconds
8250
2023-11-08 15:32:37
8300
2023-11-08 15:34:41
elapsed:  19831.4  seconds
8350
2023-11-08 15:36:37
8400
2023-11-08 15:38:37
elapsed:  20067.4  seconds
8450
2023-11-08 15:40:30
8500
2023-11-08 15:42:34
elapsed:  20304.3  seconds
8550
2023-11-08 15:44:37
8600
2023-11-08 15:46:39
elapsed:  20549.0  seconds
8650
2023-11-08 15:48:40
8700
2023-11-08 15:50:38
elapsed:  20788.4  seconds
8750
2023-11-08 15:52:54
8800
2023-11-08 15:55:01
elapsed:  21050.7  seconds
8850
2023-11-08 15:56:56
8900
2023-11-08 15:58:53
elapsed:  21282.7  seconds
8950
2023-11-08 16:00:56
9000
2023-11-08 16:03:06
elapsed:  21536.3  seconds
9050
2023-11-08 16:05:08
9100
2023-11-08 16:07:07
elapsed:  21776.8  seconds
9150
2023-11-08 16:09:11
9200
2023-11-08 16:11:19
elapsed:  22029.0  seconds
9250
2023-11-08 16:13:28
9300
2023-11-08 16:15:28
elapsed:  22277.6  seconds
9350
2023-11-08 16:17:32
9400
2023-11-08 16:19:36
elapsed:  22525.7  seconds
9450
2023-11-08 16:21:37
9500
2023-11-08 16:23:42
elapsed:  22772.3  seconds
9550
2023-11-08 16:25:46
9600
2023-11-08 16:27:47
elapsed:  23017.3  seconds
9650
2023-11-08 16:30:02
9700
2023-11-08 16:32:17
elapsed:  23287.5  seconds
9750
2023-11-08 16:34:17
9800
2023-11-08 16:36:11
elapsed:  23521.5  seconds
9850
2023-11-08 16:38:20
9900
2023-11-08 16:40:17
elapsed:  23766.9  seconds
9950
2023-11-08 16:42:24
10000
2023-11-08 16:44:29
elapsed:  24019.1  seconds
10050
2023-11-08 16:46:26
/projects/muyang@colostate.edu/software/anaconda/envs/testenv/lib/python3.11/site-packages/numpy/lib/function_base.py:2455: RuntimeWarning: divide by zero encountered in func (vectorized)
  outputs = ufunc(*inputs)
/projects/muyang@colostate.edu/software/anaconda/envs/testenv/lib/python3.11/site-packages/numpy/lib/function_base.py:2455: RuntimeWarning: invalid value encountered in func (vectorized)
  outputs = ufunc(*inputs)
10100
2023-11-08 16:48:25
elapsed:  24254.7  seconds
/projects/muyang@colostate.edu/software/anaconda/envs/testenv/lib/python3.11/site-packages/numpy/lib/function_base.py:2455: RuntimeWarning: divide by zero encountered in func (vectorized)
  outputs = ufunc(*inputs)
/projects/muyang@colostate.edu/software/anaconda/envs/testenv/lib/python3.11/site-packages/numpy/lib/function_base.py:2455: RuntimeWarning: invalid value encountered in func (vectorized)
  outputs = ufunc(*inputs)
10150
2023-11-08 16:50:18
10200
2023-11-08 16:52:28
elapsed:  24498.2  seconds
10250
2023-11-08 16:54:22
10300
2023-11-08 16:56:09
elapsed:  24718.7  seconds
10350
2023-11-08 16:57:53
10400
2023-11-08 16:59:40
elapsed:  24930.5  seconds
10450
2023-11-08 17:01:21
10500
2023-11-08 17:03:18
elapsed:  25148.2  seconds
10550
2023-11-08 17:05:12
10600
2023-11-08 17:07:19
elapsed:  25389.1  seconds
10650
2023-11-08 17:09:28
/projects/muyang@colostate.edu/software/anaconda/envs/testenv/lib/python3.11/site-packages/numpy/lib/function_base.py:2455: RuntimeWarning: divide by zero encountered in func (vectorized)
  outputs = ufunc(*inputs)
/projects/muyang@colostate.edu/software/anaconda/envs/testenv/lib/python3.11/site-packages/numpy/lib/function_base.py:2455: RuntimeWarning: invalid value encountered in func (vectorized)
  outputs = ufunc(*inputs)
10700
2023-11-08 17:11:07
elapsed:  25617.4  seconds
10750
2023-11-08 17:13:31
10800
2023-11-08 17:15:28
elapsed:  25878.4  seconds
10850
2023-11-08 17:17:26
10900
2023-11-08 17:19:43
elapsed:  26133.6  seconds
10950
2023-11-08 17:21:56
11000
2023-11-08 17:24:09
elapsed:  26398.9  seconds
11050
2023-11-08 17:26:06
11100
2023-11-08 17:28:04
elapsed:  26633.8  seconds
11150
2023-11-08 17:30:03
11200
2023-11-08 17:32:06
elapsed:  26876.3  seconds
11250
2023-11-08 17:34:13
11300
2023-11-08 17:36:15
elapsed:  27125.3  seconds
11350
2023-11-08 17:38:18
11400
2023-11-08 17:39:44
elapsed:  27333.7  seconds
11450
2023-11-08 17:41:55
11500
2023-11-08 17:43:50
elapsed:  27579.8  seconds
11550
2023-11-08 17:45:52
11600
2023-11-08 17:47:22
elapsed:  27792.0  seconds
11650
2023-11-08 17:49:28
11700
2023-11-08 17:51:21
elapsed:  28030.8  seconds
11750
2023-11-08 17:53:24
11800
2023-11-08 17:55:07
elapsed:  28256.9  seconds
11850
2023-11-08 17:56:47
11900
2023-11-08 17:58:31
elapsed:  28461.0  seconds
11950
2023-11-08 18:00:33
12000
2023-11-08 18:02:37
elapsed:  28707.2  seconds
12050
2023-11-08 18:04:47
12100
2023-11-08 18:06:46
elapsed:  28956.5  seconds
12150
2023-11-08 18:08:52
12200
2023-11-08 18:10:40
elapsed:  29190.1  seconds
12250
2023-11-08 18:12:33
12300
2023-11-08 18:14:42
elapsed:  29432.6  seconds
12350
2023-11-08 18:16:59
12400
2023-11-08 18:19:08
elapsed:  29698.4  seconds
12450
2023-11-08 18:21:13
12500
2023-11-08 18:23:21
elapsed:  29950.9  seconds
12550
2023-11-08 18:25:40
12600
2023-11-08 18:27:46
elapsed:  30216.3  seconds
12650
2023-11-08 18:29:52
12700
2023-11-08 18:31:46
elapsed:  30456.6  seconds
12750
2023-11-08 18:33:50
12800
2023-11-08 18:35:44
elapsed:  30694.5  seconds
12850
2023-11-08 18:37:42
12900
2023-11-08 18:39:45
elapsed:  30935.2  seconds
12950
2023-11-08 18:41:45
13000
2023-11-08 18:43:43
elapsed:  31173.2  seconds
13050
2023-11-08 18:45:40
13100
2023-11-08 18:47:34
elapsed:  31404.5  seconds
13150
2023-11-08 18:49:37
13200
2023-11-08 18:51:39
elapsed:  31648.9  seconds
13250
2023-11-08 18:53:49
13300
2023-11-08 18:55:48
elapsed:  31897.9  seconds
13350
2023-11-08 18:57:51
13400
2023-11-08 18:59:49
elapsed:  32139.1  seconds
13450
2023-11-08 19:01:53
13500
2023-11-08 19:03:59
elapsed:  32388.9  seconds
13550
2023-11-08 19:05:55
13600
2023-11-08 19:07:56
elapsed:  32626.1  seconds
13650
2023-11-08 19:09:54
13700
2023-11-08 19:11:56
elapsed:  32866.3  seconds
13750
2023-11-08 19:14:04
13800
2023-11-08 19:16:06
elapsed:  33116.2  seconds
13850
2023-11-08 19:18:08
13900
2023-11-08 19:20:08
elapsed:  33358.1  seconds
13950
2023-11-08 19:22:05
14000
2023-11-08 19:24:10
elapsed:  33600.5  seconds
14050
2023-11-08 19:26:18
14100
2023-11-08 19:28:21
elapsed:  33851.5  seconds
14150
2023-11-08 19:30:34
14200
2023-11-08 19:32:34
elapsed:  34103.8  seconds
14250
2023-11-08 19:34:37
14300
2023-11-08 19:36:40
elapsed:  34349.9  seconds
14350
2023-11-08 19:38:43
14400
2023-11-08 19:40:44
elapsed:  34593.8  seconds
14450
2023-11-08 19:42:44
14500
2023-11-08 19:44:43
elapsed:  34833.1  seconds
14550
2023-11-08 19:46:51
14600
2023-11-08 19:48:59
elapsed:  35088.9  seconds
14650
2023-11-08 19:51:04
14700
2023-11-08 19:52:47
elapsed:  35317.2  seconds
14750
2023-11-08 19:54:42
14800
2023-11-08 19:56:31
elapsed:  35541.4  seconds
14850
2023-11-08 19:58:26
14900
2023-11-08 20:00:12
elapsed:  35762.5  seconds
14950
2023-11-08 20:01:47
elapsed:  35966.8  seconds
total time:  35971.0  seconds
true R:  [[4.24514200e-01 3.94455411e+00 3.67433342e+01 4.67024580e-01
  3.00046147e-01 3.42222902e+00 1.20475515e+01 4.98690917e-01
  5.19279855e-01 2.08470711e-01 2.74929165e-01 9.02233009e-01
  1.29836551e+02 1.36198942e+04 1.95687836e+00 5.66758865e-01
  4.25403690e-01 1.05071226e+00 6.83455514e+00 9.20639697e-01
  1.28173243e+00 5.54071120e+01 2.32283612e-01 1.01112210e+00
  4.51205447e+00 1.10083811e+00 5.63082029e-01 3.32382827e+03
  1.49950414e-01 1.38959783e+00 2.33033731e-01 1.14365505e+00
  9.79253502e-01 3.43374985e-01 8.17539119e-01 5.92221277e+00
  2.34326367e+01 3.02934346e-01 2.83693591e-01 2.50983721e-01
  1.42598385e-01 6.33726627e-01 3.79645783e-01 7.04898125e-01
  9.13598233e+00 3.54136934e+00 6.84131226e-01 2.29062406e+00
  3.13843134e+01 3.96658702e-01 1.88977984e+01 1.37557211e+00
  4.06549118e+00 8.46477263e-01 5.97864617e+01 1.36017209e+00
  1.01189978e+00 3.73869614e+00 1.15087470e+01 2.94398845e-01
  9.53965855e-01 4.07238018e+00 3.19406417e-01 6.97266821e-01]
 [1.60066286e-01 1.19838160e+00 4.97945410e+01 2.15984758e-01
  1.28558970e+00 1.47004826e+01 1.05069060e+00 3.37751143e-01
  8.14455742e-01 8.77642519e-02 1.10479441e-01 5.42385685e+02
  1.34437893e+00 1.48128537e-01 1.46602538e+00 3.48096186e+01
  1.80785892e+02 3.51568896e-01 1.45864771e+00 1.50938917e+02
  7.96940482e+00 2.77720692e+00 2.56989660e+00 2.27595028e-01
  3.53279491e-01 4.34994968e+00 1.78251531e-01 2.59290830e-01
  4.44483964e+03 2.57963087e-01 1.28023742e-01 2.75193456e-01
  1.60422733e+00 1.34384031e+01 6.30684284e-01 1.86221953e+01
  3.74761007e+00 8.02625181e+00 3.88392683e-01 4.33034313e+02
  4.38308914e+00 1.49564568e+01 1.52551693e+00 3.93465816e+01
  2.15763416e+00 1.24424579e+00 1.80958722e+00 8.14103865e-02
  4.14375974e-01 9.90552528e-02 2.26638453e+01 3.80785999e+00
  1.84053996e-01 5.80953604e+00 1.14834668e+00 4.32180270e+00
  5.37385445e-01 5.12434129e-01 1.35770995e-01 2.75086921e+00
  7.23292270e-01 4.98391297e+00 2.57688912e+00 3.57074938e-01]
 [2.67106452e+00 7.51526461e-01 5.07733544e+01 5.10511938e+01
  1.03085860e+01 3.55421173e-01 7.50707117e-01 2.77205475e+00
  3.35977353e-01 3.15974634e-01 9.52085197e-02 6.55587527e-01
  7.41620848e+00 1.79568354e+00 3.30905465e+00 6.14675722e+00
  1.53548487e+00 1.26979668e+00 6.16199617e-01 1.53146561e-01
  3.09534947e+01 2.72581440e+00 5.55648472e-01 2.52517593e+00
  1.18822207e+00 3.51071843e+02 3.03483247e-01 1.75953912e+01
  3.58218622e+00 5.30142064e+01 2.40573334e+00 1.16979893e-01
  1.01074206e-01 5.33488096e-01 1.19057686e-01 2.26458397e-01
  2.76947746e-01 6.54295828e-01 2.06707385e+04 1.65363631e-01
  4.23619300e+01 1.25823866e+01 2.42494772e-01 1.70061662e+00
  1.35605227e+00 2.31677599e+01 8.21337875e+00 7.52776204e-01
  4.16324151e-01 2.79988932e+00 1.10368732e+00 3.85708021e+00
  5.67710086e-01 9.76694129e-01 7.83968959e+00 3.39580637e+00
  8.85330184e-01 1.11492011e+01 3.61082514e+00 5.76264160e+00
  1.93219114e+00 3.16491394e+00 5.33617559e+00 1.59864674e+00]
 [2.37163482e-01 3.88917458e-01 2.13273353e+00 9.81580313e-01
  6.55699818e-01 4.02213705e+01 3.29837752e-01 1.67050528e+00
  1.16983907e+00 3.26997104e-01 2.45106969e+00 9.63707540e+00
  3.74097767e-01 6.18779881e-01 3.25127312e-01 2.01858755e+00
  6.17684467e-01 1.47700948e+00 4.25209456e+00 1.32436491e+01
  1.10544959e+01 2.27882026e-01 1.59688375e+00 9.61828539e-01
  5.14691650e-01 9.38129365e+01 4.08539374e+00 1.71691366e+00
  1.36269099e-01 1.31422102e+01 3.67328730e-01 9.78481878e-01
  2.87971759e-01 3.27856745e+01 1.00785570e+00 6.63698052e-01
  8.29277474e-02 5.49890004e-01 1.44247225e-01 1.47465999e+00
  4.28913540e-01 2.61719358e-01 2.23528910e-01 2.15654937e-01
  6.40235501e+00 6.28589085e-01 7.58107965e+00 1.02525116e+01
  6.67239525e+00 6.96458263e-01 1.04156016e+00 6.10446117e-02
  2.44798768e+00 1.28405452e-01 1.56034081e+00 9.10624677e+01
  1.04907297e+00 1.41600533e+00 1.25992889e-01 1.18445573e+01
  2.46312553e-01 5.98210945e-01 5.65853727e-01 2.31326419e-01]
 [8.18450309e-02 1.64697991e+00 4.70049948e-01 2.27796394e-01
  8.70174771e+01 1.43194040e+01 6.94495724e-01 6.76075545e-01
  5.48793659e-01 4.48094144e+00 1.22855501e+00 1.74261650e-01
  6.93018771e-02 6.17494652e-01 1.02873527e-01 4.30652515e+00
  4.50833577e-01 5.62465268e+01 7.47529943e-01 6.81540632e-02
  2.83174298e+00 1.11007216e-01 2.02378127e+02 1.01973485e+00
  1.37782886e+00 3.64168111e-01 9.15534979e-01 6.59225534e+00
  1.21170919e+03 4.61123723e-01 3.20746635e-01 1.51081146e+00
  3.44149366e+00 1.79224183e-01 1.00913190e+01 3.77500680e+01
  1.52555542e+00 2.56952710e-01 1.60957005e-01 1.04586606e+00
  2.59345347e-01 7.56933341e-01 2.61628554e-01 2.60789937e-01
  3.38491506e-01 3.51958464e-01 3.01243171e-01 5.60314553e+00
  2.78290915e+00 8.36944719e-01 1.00877625e+00 8.75685106e+00
  1.23248126e+00 3.51395197e+00 1.84231568e+00 1.02176114e+00
  7.16562733e+00 1.62227518e+02 2.07410126e-01 5.82089676e+00
  1.47276495e+00 1.41006890e+00 1.41426931e+00 2.34864363e+00]
 [2.67036833e+00 2.88653040e-01 2.20460128e+01 1.51972396e+00
  7.90802338e-01 5.66096463e-01 1.34198357e-01 8.36432757e+00
  4.23487958e+01 8.78738843e-01 2.91704329e-01 1.53597161e+00
  1.66052415e+00 1.92402093e+00 6.52195570e-01 7.93034414e+01
  5.36234660e+00 2.02486998e-01 1.66530549e+00 1.55871319e+00
  1.00015687e+02 3.16230742e-01 5.86573896e-01 9.89733395e-02
  4.91945966e+01 2.53253116e-01 1.42663519e+00 9.76016664e+00
  9.44490181e-01 7.65562264e-01 1.63807006e-01 2.59257213e-01
  3.94876556e+00 3.91101172e-01 9.88339600e+01 4.97336295e+00
  5.67735330e+00 6.54141864e+00 1.79419329e-01 1.90303221e+01
  2.93282965e+00 2.14661747e+00 6.24808779e-01 7.94391767e-02
  7.50420397e-02 1.43934533e+01 1.28462220e+00 1.70565201e+01
  1.41589295e-01 2.19777919e-01 7.18019365e-01 3.85633821e-01
  1.58923010e+00 4.61824414e-01 1.37127630e+00 4.49855919e-01
  7.29351327e-02 2.74843077e+00 3.60243259e-01 1.03867392e+00
  9.31502981e-01 2.60890947e+01 1.01166963e+01 2.85850633e+00]
 [6.49102042e-01 9.65788208e-02 3.59588956e+00 7.67069431e+00
  9.53908193e-01 4.92543710e+00 1.08893514e+00 1.80491867e+01
  2.27797421e+01 1.25763297e+00 3.22795347e-01 1.48872901e+02
  1.84165368e+00 1.02826317e+03 3.05911986e+00 1.52242323e+00
  4.38693238e+00 1.27226870e+03 1.54784094e-01 1.46018761e+00
  4.25116821e-01 8.41297259e+02 2.00193601e-01 5.85065811e-01
  1.37047719e+01 1.14898577e+01 9.83859158e+00 2.27378740e-01
  1.30355965e+00 4.30314334e-01 2.09475142e+00 1.89223833e+01
  6.69662820e+00 1.16692864e+00 3.67041656e+00 5.56474208e-01
  7.62858281e+00 1.30158053e-01 1.84149046e+00 8.89727502e-01
  1.68805516e+01 3.73394284e+00 2.60550099e+00 3.40913947e-01
  1.55702877e-01 1.82267506e-01 3.35220669e-01 1.09306793e+00
  2.35751086e+01 6.29279308e-01 1.49443773e+00 2.09971052e-01
  8.82541011e-01 2.71204142e+00 1.58774855e+01 5.04977091e-01
  4.39521007e-01 7.92095318e-01 5.82076079e+00 1.59559611e+00
  2.55826556e+00 3.43438202e-01 1.09629552e+03 1.28129049e-01]
 [2.30344280e-01 1.09811511e+00 1.05330495e+01 2.49041724e+00
  3.37596240e-01 2.08236420e+01 1.29149774e-01 1.30644495e+00
  2.66304330e+01 3.90909781e+00 9.06371263e+00 6.94193714e+00
  1.02508735e+00 1.43630286e-01 2.49936262e+00 4.75148243e+01
  1.64032049e-01 1.15983386e+00 1.11198516e+00 6.33400623e-01
  3.96623331e-01 4.53870848e-02 7.92705159e-02 1.83343290e+00
  1.59995594e+01 2.62524560e-01 2.18672474e+00 8.50291581e-01
  3.95334931e-01 3.54389142e+00 1.74806423e-01 2.06038206e+00
  4.01587511e-01 6.51888404e-01 1.80732377e-01 4.32173598e-01
  8.05686878e-01 8.11921018e-01 5.85642946e-01 3.13500717e+00
  1.48895734e+00 1.11125128e+01 5.96978494e+01 1.63922289e+02
  6.61453965e+01 3.97035258e+01 8.00396203e-01 6.82152782e-02
  1.61634804e+00 1.27115797e+03 1.24108370e-01 1.09280615e+01
  5.48173845e-01 8.40927565e-01 7.87287497e+00 9.83638842e-02
  8.54691598e+00 1.57014081e+01 1.07996471e+00 1.75819689e+00
  4.74606615e+00 2.74564838e+00 1.03967913e+01 1.16141830e+00]
 [3.91783634e+01 2.63241009e+00 2.90745844e+00 6.64219288e-01
  3.68998988e+00 5.56622112e+00 4.53119314e+00 5.14695031e+01
  6.40026624e-01 7.05512447e+00 3.36696965e-01 4.05652418e+00
  3.61177468e-01 1.46657604e-01 4.76942011e+01 4.75606222e+00
  5.43856317e+00 1.17499458e+01 3.61068295e-01 1.87890017e+00
  4.12175289e+00 1.83113573e-01 3.95663115e+01 3.95359237e-01
  8.30020466e-02 3.30549931e+00 1.63121068e+00 1.16317247e+01
  6.23258109e-01 4.70587328e+03 2.40764703e-01 5.95692752e-01
  2.01258145e+00 1.27739224e+01 7.01530213e+00 1.28233831e+00
  3.79059845e-01 7.18391531e-01 5.74387057e+01 7.22129060e+00
  4.13771336e-01 4.78640001e-01 5.97933252e+00 1.90611201e+00
  7.65913306e+00 3.75880531e-01 1.18957415e+00 2.93415874e+01
  2.79130530e+00 8.12817688e-02 4.83719892e-02 7.79247489e-01
  2.15339692e+00 2.19102551e+00 3.67785143e-01 5.54679674e-02
  1.89017386e-01 1.87518014e-01 9.82373372e-01 2.69479727e+01
  7.11166538e-01 2.15892609e-01 2.74795163e+00 4.97034244e+00]]
