1
50
2023-11-04 01:22:40
100
2023-11-04 01:24:24
elapsed:  202.4  seconds
150
2023-11-04 01:26:15
200
2023-11-04 01:28:10
elapsed:  428.7  seconds
250
2023-11-04 01:30:05
300
2023-11-04 01:31:49
elapsed:  647.3  seconds
350
2023-11-04 01:33:34
/projects/muyang@colostate.edu/software/anaconda/envs/testenv/lib/python3.11/site-packages/numpy/lib/function_base.py:2455: RuntimeWarning: divide by zero encountered in func (vectorized)
  outputs = ufunc(*inputs)
/projects/muyang@colostate.edu/software/anaconda/envs/testenv/lib/python3.11/site-packages/numpy/lib/function_base.py:2455: RuntimeWarning: invalid value encountered in func (vectorized)
  outputs = ufunc(*inputs)
400
2023-11-04 01:35:21
elapsed:  859.8  seconds
/projects/muyang@colostate.edu/software/anaconda/envs/testenv/lib/python3.11/site-packages/numpy/lib/function_base.py:2455: RuntimeWarning: divide by zero encountered in func (vectorized)
  outputs = ufunc(*inputs)
/projects/muyang@colostate.edu/software/anaconda/envs/testenv/lib/python3.11/site-packages/numpy/lib/function_base.py:2455: RuntimeWarning: invalid value encountered in func (vectorized)
  outputs = ufunc(*inputs)
450
2023-11-04 01:37:00
500
2023-11-04 01:38:40
elapsed:  1058.2  seconds
550
2023-11-04 01:40:18
600
2023-11-04 01:42:06
elapsed:  1264.1  seconds
650
2023-11-04 01:43:40
700
2023-11-04 01:45:12
elapsed:  1450.0  seconds
750
2023-11-04 01:47:10
800
2023-11-04 01:48:41
elapsed:  1659.2  seconds
850
2023-11-04 01:50:08
900
2023-11-04 01:51:54
elapsed:  1852.5  seconds
950
2023-11-04 01:53:39
1000
2023-11-04 01:55:23
elapsed:  2061.2  seconds
1050
2023-11-04 01:57:12
/projects/muyang@colostate.edu/software/anaconda/envs/testenv/lib/python3.11/site-packages/numpy/lib/function_base.py:2455: RuntimeWarning: divide by zero encountered in func (vectorized)
  outputs = ufunc(*inputs)
/projects/muyang@colostate.edu/software/anaconda/envs/testenv/lib/python3.11/site-packages/numpy/lib/function_base.py:2455: RuntimeWarning: invalid value encountered in func (vectorized)
  outputs = ufunc(*inputs)
1100
2023-11-04 01:59:03
elapsed:  2281.7  seconds
1150
2023-11-04 02:00:25
1200
2023-11-04 02:02:11
elapsed:  2469.5  seconds
1250
2023-11-04 02:03:52
/projects/muyang@colostate.edu/software/anaconda/envs/testenv/lib/python3.11/site-packages/numpy/lib/function_base.py:2455: RuntimeWarning: divide by zero encountered in func (vectorized)
  outputs = ufunc(*inputs)
/projects/muyang@colostate.edu/software/anaconda/envs/testenv/lib/python3.11/site-packages/numpy/lib/function_base.py:2455: RuntimeWarning: invalid value encountered in func (vectorized)
  outputs = ufunc(*inputs)
1300
2023-11-04 02:05:29
elapsed:  2667.6  seconds
1350
2023-11-04 02:07:35
1400
2023-11-04 02:09:26
elapsed:  2904.0  seconds
1450
2023-11-04 02:11:08
/projects/muyang@colostate.edu/software/anaconda/envs/testenv/lib/python3.11/site-packages/numpy/lib/function_base.py:2455: RuntimeWarning: divide by zero encountered in func (vectorized)
  outputs = ufunc(*inputs)
/projects/muyang@colostate.edu/software/anaconda/envs/testenv/lib/python3.11/site-packages/numpy/lib/function_base.py:2455: RuntimeWarning: invalid value encountered in func (vectorized)
  outputs = ufunc(*inputs)
1500
2023-11-04 02:12:59
elapsed:  3117.8  seconds
1550
2023-11-04 02:14:57
1600
2023-11-04 02:16:58
elapsed:  3356.8  seconds
1650
2023-11-04 02:19:04
1700
2023-11-04 02:20:55
elapsed:  3593.6  seconds
1750
2023-11-04 02:22:54
/projects/muyang@colostate.edu/software/anaconda/envs/testenv/lib/python3.11/site-packages/numpy/lib/function_base.py:2455: RuntimeWarning: divide by zero encountered in func (vectorized)
  outputs = ufunc(*inputs)
/projects/muyang@colostate.edu/software/anaconda/envs/testenv/lib/python3.11/site-packages/numpy/lib/function_base.py:2455: RuntimeWarning: invalid value encountered in func (vectorized)
  outputs = ufunc(*inputs)
1800
2023-11-04 02:24:49
elapsed:  3826.9  seconds
1850
2023-11-04 02:26:56
1900
2023-11-04 02:29:05
elapsed:  4083.8  seconds
1950
2023-11-04 02:31:10
2000
2023-11-04 02:33:15
elapsed:  4332.9  seconds
2050
2023-11-04 02:35:06
2100
2023-11-04 02:36:52
elapsed:  4550.1  seconds
2150
2023-11-04 02:38:36
2200
2023-11-04 02:40:18
elapsed:  4756.8  seconds
2250
2023-11-04 02:42:22
2300
2023-11-04 02:44:22
elapsed:  5000.7  seconds
/projects/muyang@colostate.edu/software/anaconda/envs/testenv/lib/python3.11/site-packages/numpy/lib/function_base.py:2455: RuntimeWarning: divide by zero encountered in func (vectorized)
  outputs = ufunc(*inputs)
/projects/muyang@colostate.edu/software/anaconda/envs/testenv/lib/python3.11/site-packages/numpy/lib/function_base.py:2455: RuntimeWarning: invalid value encountered in func (vectorized)
  outputs = ufunc(*inputs)
2350
2023-11-04 02:46:20
2400
2023-11-04 02:48:26
elapsed:  5244.0  seconds
2450
2023-11-04 02:50:23
2500
2023-11-04 02:52:13
elapsed:  5471.5  seconds
2550
2023-11-04 02:53:56
2600
2023-11-04 02:55:33
elapsed:  5671.8  seconds
2650
2023-11-04 02:57:30
2700
2023-11-04 02:59:18
elapsed:  5896.3  seconds
2750
2023-11-04 03:01:06
2800
2023-11-04 03:03:15
elapsed:  6133.5  seconds
/projects/muyang@colostate.edu/software/anaconda/envs/testenv/lib/python3.11/site-packages/numpy/lib/function_base.py:2455: RuntimeWarning: divide by zero encountered in func (vectorized)
  outputs = ufunc(*inputs)
/projects/muyang@colostate.edu/software/anaconda/envs/testenv/lib/python3.11/site-packages/numpy/lib/function_base.py:2455: RuntimeWarning: invalid value encountered in func (vectorized)
  outputs = ufunc(*inputs)
2850
2023-11-04 03:05:32
2900
2023-11-04 03:07:37
elapsed:  6395.6  seconds
2950
2023-11-04 03:09:51
3000
2023-11-04 03:11:58
elapsed:  6656.9  seconds
3050
2023-11-04 03:14:11
3100
2023-11-04 03:16:17
elapsed:  6914.9  seconds
3150
2023-11-04 03:18:10
3200
2023-11-04 03:20:17
elapsed:  7155.6  seconds
3250
2023-11-04 03:22:13
3300
2023-11-04 03:24:13
elapsed:  7391.4  seconds
/projects/muyang@colostate.edu/software/anaconda/envs/testenv/lib/python3.11/site-packages/numpy/lib/function_base.py:2455: RuntimeWarning: divide by zero encountered in func (vectorized)
  outputs = ufunc(*inputs)
/projects/muyang@colostate.edu/software/anaconda/envs/testenv/lib/python3.11/site-packages/numpy/lib/function_base.py:2455: RuntimeWarning: invalid value encountered in func (vectorized)
  outputs = ufunc(*inputs)
3350
2023-11-04 03:26:23
3400
2023-11-04 03:28:23
elapsed:  7640.9  seconds
3450
2023-11-04 03:30:08
3500
2023-11-04 03:32:08
elapsed:  7866.7  seconds
/projects/muyang@colostate.edu/software/anaconda/envs/testenv/lib/python3.11/site-packages/numpy/lib/function_base.py:2455: RuntimeWarning: divide by zero encountered in func (vectorized)
  outputs = ufunc(*inputs)
/projects/muyang@colostate.edu/software/anaconda/envs/testenv/lib/python3.11/site-packages/numpy/lib/function_base.py:2455: RuntimeWarning: invalid value encountered in func (vectorized)
  outputs = ufunc(*inputs)
3550
2023-11-04 03:34:17
3600
2023-11-04 03:36:36
elapsed:  8134.4  seconds
3650
2023-11-04 03:38:56
3700
2023-11-04 03:41:01
elapsed:  8398.9  seconds
3750
2023-11-04 03:43:05
3800
2023-11-04 03:45:01
elapsed:  8639.8  seconds
3850
2023-11-04 03:46:52
3900
2023-11-04 03:49:12
elapsed:  8890.8  seconds
3950
2023-11-04 03:50:58
4000
2023-11-04 03:52:49
elapsed:  9107.7  seconds
4050
2023-11-04 03:54:47
/projects/muyang@colostate.edu/software/anaconda/envs/testenv/lib/python3.11/site-packages/numpy/lib/function_base.py:2455: RuntimeWarning: divide by zero encountered in func (vectorized)
  outputs = ufunc(*inputs)
/projects/muyang@colostate.edu/software/anaconda/envs/testenv/lib/python3.11/site-packages/numpy/lib/function_base.py:2455: RuntimeWarning: invalid value encountered in func (vectorized)
  outputs = ufunc(*inputs)
4100
2023-11-04 03:57:01
elapsed:  9359.4  seconds
4150
2023-11-04 03:59:05
4200
2023-11-04 04:01:04
elapsed:  9602.2  seconds
4250
2023-11-04 04:03:17
4300
2023-11-04 04:05:14
elapsed:  9852.0  seconds
4350
2023-11-04 04:07:22
4400
2023-11-04 04:09:31
elapsed:  10109.5  seconds
4450
2023-11-04 04:11:47
4500
2023-11-04 04:14:03
elapsed:  10381.1  seconds
4550
2023-11-04 04:16:14
4600
2023-11-04 04:18:18
elapsed:  10635.9  seconds
4650
2023-11-04 04:20:19
4700
2023-11-04 04:22:16
elapsed:  10874.8  seconds
4750
2023-11-04 04:24:02
4800
2023-11-04 04:26:09
elapsed:  11107.8  seconds
4850
2023-11-04 04:28:15
4900
2023-11-04 04:30:33
elapsed:  11371.0  seconds
/projects/muyang@colostate.edu/software/anaconda/envs/testenv/lib/python3.11/site-packages/numpy/lib/function_base.py:2455: RuntimeWarning: divide by zero encountered in func (vectorized)
  outputs = ufunc(*inputs)
/projects/muyang@colostate.edu/software/anaconda/envs/testenv/lib/python3.11/site-packages/numpy/lib/function_base.py:2455: RuntimeWarning: invalid value encountered in func (vectorized)
  outputs = ufunc(*inputs)
4950
2023-11-04 04:32:50
5000
2023-11-04 04:34:55
elapsed:  11633.3  seconds
5050
2023-11-04 04:37:03
5100
2023-11-04 04:39:09
elapsed:  11887.5  seconds
/projects/muyang@colostate.edu/software/anaconda/envs/testenv/lib/python3.11/site-packages/numpy/lib/function_base.py:2455: RuntimeWarning: divide by zero encountered in func (vectorized)
  outputs = ufunc(*inputs)
/projects/muyang@colostate.edu/software/anaconda/envs/testenv/lib/python3.11/site-packages/numpy/lib/function_base.py:2455: RuntimeWarning: invalid value encountered in func (vectorized)
  outputs = ufunc(*inputs)
5150
2023-11-04 04:41:05
5200
2023-11-04 04:43:08
elapsed:  12126.5  seconds
5250
2023-11-04 04:45:23
5300
2023-11-04 04:47:41
elapsed:  12399.3  seconds
5350
2023-11-04 04:49:51
5400
2023-11-04 04:52:07
elapsed:  12664.9  seconds
5450
2023-11-04 04:54:17
5500
2023-11-04 04:56:26
elapsed:  12924.0  seconds
/projects/muyang@colostate.edu/software/anaconda/envs/testenv/lib/python3.11/site-packages/numpy/lib/function_base.py:2455: RuntimeWarning: divide by zero encountered in func (vectorized)
  outputs = ufunc(*inputs)
/projects/muyang@colostate.edu/software/anaconda/envs/testenv/lib/python3.11/site-packages/numpy/lib/function_base.py:2455: RuntimeWarning: invalid value encountered in func (vectorized)
  outputs = ufunc(*inputs)
5550
2023-11-04 04:58:34
5600
2023-11-04 05:00:30
elapsed:  13168.7  seconds
5650
2023-11-04 05:02:37
5700
2023-11-04 05:04:38
elapsed:  13416.6  seconds
5750
2023-11-04 05:06:50
5800
2023-11-04 05:08:58
elapsed:  13676.8  seconds
5850
2023-11-04 05:11:06
5900
2023-11-04 05:13:14
elapsed:  13932.1  seconds
5950
2023-11-04 05:15:31
6000
2023-11-04 05:17:35
elapsed:  14193.8  seconds
6050
2023-11-04 05:19:48
6100
2023-11-04 05:21:56
elapsed:  14454.4  seconds
6150
2023-11-04 05:24:13
6200
2023-11-04 05:26:14
elapsed:  14712.0  seconds
6250
2023-11-04 05:28:29
6300
2023-11-04 05:30:40
elapsed:  14978.9  seconds
6350
2023-11-04 05:33:00
/projects/muyang@colostate.edu/software/anaconda/envs/testenv/lib/python3.11/site-packages/numpy/lib/function_base.py:2455: RuntimeWarning: divide by zero encountered in func (vectorized)
  outputs = ufunc(*inputs)
/projects/muyang@colostate.edu/software/anaconda/envs/testenv/lib/python3.11/site-packages/numpy/lib/function_base.py:2455: RuntimeWarning: invalid value encountered in func (vectorized)
  outputs = ufunc(*inputs)
6400
2023-11-04 05:34:55
elapsed:  15233.3  seconds
6450
2023-11-04 05:37:04
6500
2023-11-04 05:39:07
elapsed:  15485.0  seconds
6550
2023-11-04 05:41:15
6600
2023-11-04 05:43:31
elapsed:  15749.8  seconds
6650
2023-11-04 05:45:48
6700
2023-11-04 05:47:35
elapsed:  15993.4  seconds
6750
2023-11-04 05:49:24
6800
2023-11-04 05:51:13
elapsed:  16211.6  seconds
6850
2023-11-04 05:53:21
/projects/muyang@colostate.edu/software/anaconda/envs/testenv/lib/python3.11/site-packages/numpy/lib/function_base.py:2455: RuntimeWarning: divide by zero encountered in func (vectorized)
  outputs = ufunc(*inputs)
/projects/muyang@colostate.edu/software/anaconda/envs/testenv/lib/python3.11/site-packages/numpy/lib/function_base.py:2455: RuntimeWarning: invalid value encountered in func (vectorized)
  outputs = ufunc(*inputs)
6900
2023-11-04 05:55:32
elapsed:  16470.4  seconds
6950
2023-11-04 05:57:51
7000
2023-11-04 06:00:01
elapsed:  16739.1  seconds
7050
2023-11-04 06:02:09
7100
2023-11-04 06:03:57
elapsed:  16975.9  seconds
7150
2023-11-04 06:05:54
7200
2023-11-04 06:07:59
elapsed:  17217.3  seconds
7250
2023-11-04 06:09:35
7300
2023-11-04 06:11:33
elapsed:  17431.5  seconds
/projects/muyang@colostate.edu/software/anaconda/envs/testenv/lib/python3.11/site-packages/numpy/lib/function_base.py:2455: RuntimeWarning: divide by zero encountered in func (vectorized)
  outputs = ufunc(*inputs)
/projects/muyang@colostate.edu/software/anaconda/envs/testenv/lib/python3.11/site-packages/numpy/lib/function_base.py:2455: RuntimeWarning: invalid value encountered in func (vectorized)
  outputs = ufunc(*inputs)
7350
2023-11-04 06:13:44
7400
2023-11-04 06:15:37
elapsed:  17675.8  seconds
7450
2023-11-04 06:17:48
7500
2023-11-04 06:19:33
elapsed:  17911.5  seconds
7550
2023-11-04 06:21:09
7600
2023-11-04 06:23:00
elapsed:  18118.7  seconds
7650
2023-11-04 06:24:45
7700
2023-11-04 06:27:01
elapsed:  18359.3  seconds
7750
2023-11-04 06:29:12
7800
2023-11-04 06:31:23
elapsed:  18621.6  seconds
7850
2023-11-04 06:33:32
7900
2023-11-04 06:35:45
elapsed:  18882.9  seconds
7950
2023-11-04 06:37:51
8000
2023-11-04 06:39:53
elapsed:  19131.0  seconds
8050
2023-11-04 06:42:06
8100
2023-11-04 06:44:09
elapsed:  19387.1  seconds
8150
2023-11-04 06:46:18
8200
2023-11-04 06:48:26
elapsed:  19644.7  seconds
8250
2023-11-04 06:50:43
8300
2023-11-04 06:52:48
elapsed:  19906.0  seconds
8350
2023-11-04 06:54:56
8400
2023-11-04 06:57:11
elapsed:  20168.9  seconds
8450
2023-11-04 06:59:18
8500
2023-11-04 07:01:16
elapsed:  20414.7  seconds
8550
2023-11-04 07:03:16
8600
2023-11-04 07:05:15
elapsed:  20653.6  seconds
8650
2023-11-04 07:07:10
8700
2023-11-04 07:08:57
elapsed:  20875.1  seconds
8750
2023-11-04 07:11:03
8800
2023-11-04 07:13:08
elapsed:  21126.6  seconds
8850
2023-11-04 07:15:06
8900
2023-11-04 07:16:44
elapsed:  21342.4  seconds
8950
2023-11-04 07:18:43
9000
2023-11-04 07:20:57
elapsed:  21595.8  seconds
/projects/muyang@colostate.edu/software/anaconda/envs/testenv/lib/python3.11/site-packages/numpy/lib/function_base.py:2455: RuntimeWarning: divide by zero encountered in func (vectorized)
  outputs = ufunc(*inputs)
/projects/muyang@colostate.edu/software/anaconda/envs/testenv/lib/python3.11/site-packages/numpy/lib/function_base.py:2455: RuntimeWarning: invalid value encountered in func (vectorized)
  outputs = ufunc(*inputs)
9050
2023-11-04 07:22:48
9100
2023-11-04 07:24:45
elapsed:  21823.7  seconds
9150
2023-11-04 07:26:49
/projects/muyang@colostate.edu/software/anaconda/envs/testenv/lib/python3.11/site-packages/numpy/lib/function_base.py:2455: RuntimeWarning: divide by zero encountered in func (vectorized)
  outputs = ufunc(*inputs)
/projects/muyang@colostate.edu/software/anaconda/envs/testenv/lib/python3.11/site-packages/numpy/lib/function_base.py:2455: RuntimeWarning: invalid value encountered in func (vectorized)
  outputs = ufunc(*inputs)
9200
2023-11-04 07:28:52
elapsed:  22070.2  seconds
9250
2023-11-04 07:30:57
9300
2023-11-04 07:33:03
elapsed:  22321.6  seconds
9350
2023-11-04 07:35:02
9400
2023-11-04 07:37:18
elapsed:  22576.3  seconds
9450
2023-11-04 07:39:31
9500
2023-11-04 07:41:38
elapsed:  22836.0  seconds
9550
2023-11-04 07:43:46
9600
2023-11-04 07:45:52
elapsed:  23090.0  seconds
9650
2023-11-04 07:48:12
9700
2023-11-04 07:50:18
elapsed:  23356.9  seconds
9750
2023-11-04 07:52:22
9800
2023-11-04 07:54:39
elapsed:  23617.4  seconds
9850
2023-11-04 07:56:44
9900
2023-11-04 07:58:59
elapsed:  23877.1  seconds
9950
2023-11-04 08:01:12
10000
2023-11-04 08:03:08
elapsed:  24126.8  seconds
10050
2023-11-04 08:04:55
/projects/muyang@colostate.edu/software/anaconda/envs/testenv/lib/python3.11/site-packages/numpy/lib/function_base.py:2455: RuntimeWarning: divide by zero encountered in func (vectorized)
  outputs = ufunc(*inputs)
/projects/muyang@colostate.edu/software/anaconda/envs/testenv/lib/python3.11/site-packages/numpy/lib/function_base.py:2455: RuntimeWarning: invalid value encountered in func (vectorized)
  outputs = ufunc(*inputs)
10100
2023-11-04 08:06:53
elapsed:  24351.5  seconds
10150
2023-11-04 08:08:54
10200
2023-11-04 08:11:11
elapsed:  24609.3  seconds
10250
2023-11-04 08:13:15
10300
2023-11-04 08:15:24
elapsed:  24862.4  seconds
10350
2023-11-04 08:17:29
10400
2023-11-04 08:19:33
elapsed:  25111.5  seconds
10450
2023-11-04 08:21:42
10500
2023-11-04 08:23:40
elapsed:  25358.6  seconds
10550
2023-11-04 08:25:36
10600
2023-11-04 08:27:45
elapsed:  25603.4  seconds
10650
2023-11-04 08:29:49
10700
2023-11-04 08:31:55
elapsed:  25853.4  seconds
10750
2023-11-04 08:34:06
10800
2023-11-04 08:36:10
elapsed:  26108.6  seconds
/projects/muyang@colostate.edu/software/anaconda/envs/testenv/lib/python3.11/site-packages/numpy/lib/function_base.py:2455: RuntimeWarning: divide by zero encountered in func (vectorized)
  outputs = ufunc(*inputs)
/projects/muyang@colostate.edu/software/anaconda/envs/testenv/lib/python3.11/site-packages/numpy/lib/function_base.py:2455: RuntimeWarning: invalid value encountered in func (vectorized)
  outputs = ufunc(*inputs)
10850
2023-11-04 08:38:11
10900
2023-11-04 08:40:22
elapsed:  26360.0  seconds
10950
2023-11-04 08:42:37
11000
2023-11-04 08:44:56
elapsed:  26634.1  seconds
11050
2023-11-04 08:47:12
/projects/muyang@colostate.edu/software/anaconda/envs/testenv/lib/python3.11/site-packages/numpy/lib/function_base.py:2455: RuntimeWarning: divide by zero encountered in func (vectorized)
  outputs = ufunc(*inputs)
/projects/muyang@colostate.edu/software/anaconda/envs/testenv/lib/python3.11/site-packages/numpy/lib/function_base.py:2455: RuntimeWarning: invalid value encountered in func (vectorized)
  outputs = ufunc(*inputs)
11100
2023-11-04 08:49:18
elapsed:  26895.9  seconds
11150
2023-11-04 08:51:34
11200
2023-11-04 08:53:34
elapsed:  27152.2  seconds
11250
2023-11-04 08:55:44
11300
2023-11-04 08:57:42
elapsed:  27400.6  seconds
11350
2023-11-04 08:59:34
11400
2023-11-04 09:01:18
elapsed:  27616.4  seconds
11450
2023-11-04 09:03:45
11500
2023-11-04 09:05:48
elapsed:  27886.4  seconds
11550
2023-11-04 09:07:51
11600
2023-11-04 09:10:02
elapsed:  28140.7  seconds
11650
2023-11-04 09:11:49
11700
2023-11-04 09:13:52
elapsed:  28370.4  seconds
11750
2023-11-04 09:16:04
11800
2023-11-04 09:18:05
elapsed:  28623.1  seconds
11850
2023-11-04 09:20:14
11900
2023-11-04 09:22:20
elapsed:  28878.6  seconds
11950
2023-11-04 09:24:30
12000
2023-11-04 09:26:38
elapsed:  29136.5  seconds
12050
2023-11-04 09:28:48
12100
2023-11-04 09:31:02
elapsed:  29400.2  seconds
12150
2023-11-04 09:33:16
12200
2023-11-04 09:35:23
elapsed:  29661.8  seconds
12250
2023-11-04 09:37:28
12300
2023-11-04 09:39:33
elapsed:  29911.5  seconds
12350
2023-11-04 09:41:58
12400
2023-11-04 09:44:07
elapsed:  30185.9  seconds
12450
2023-11-04 09:46:18
12500
2023-11-04 09:48:37
elapsed:  30455.3  seconds
12550
2023-11-04 09:51:02
12600
2023-11-04 09:53:24
elapsed:  30742.5  seconds
12650
2023-11-04 09:55:34
12700
2023-11-04 09:57:37
elapsed:  30995.8  seconds
12750
2023-11-04 09:59:51
/projects/muyang@colostate.edu/software/anaconda/envs/testenv/lib/python3.11/site-packages/numpy/lib/function_base.py:2455: RuntimeWarning: divide by zero encountered in func (vectorized)
  outputs = ufunc(*inputs)
/projects/muyang@colostate.edu/software/anaconda/envs/testenv/lib/python3.11/site-packages/numpy/lib/function_base.py:2455: RuntimeWarning: invalid value encountered in func (vectorized)
  outputs = ufunc(*inputs)
12800
2023-11-04 10:02:00
elapsed:  31258.7  seconds
12850
2023-11-04 10:04:24
12900
2023-11-04 10:06:43
elapsed:  31541.5  seconds
12950
2023-11-04 10:09:06
13000
2023-11-04 10:11:20
elapsed:  31818.7  seconds
13050
2023-11-04 10:13:51
13100
2023-11-04 10:16:19
elapsed:  32117.0  seconds
13150
2023-11-04 10:18:38
13200
2023-11-04 10:20:47
elapsed:  32385.1  seconds
13250
2023-11-04 10:23:05
13300
2023-11-04 10:25:21
elapsed:  32658.9  seconds
13350
2023-11-04 10:27:39
13400
2023-11-04 10:29:52
elapsed:  32930.9  seconds
13450
2023-11-04 10:32:11
/projects/muyang@colostate.edu/software/anaconda/envs/testenv/lib/python3.11/site-packages/numpy/lib/function_base.py:2455: RuntimeWarning: divide by zero encountered in func (vectorized)
  outputs = ufunc(*inputs)
/projects/muyang@colostate.edu/software/anaconda/envs/testenv/lib/python3.11/site-packages/numpy/lib/function_base.py:2455: RuntimeWarning: invalid value encountered in func (vectorized)
  outputs = ufunc(*inputs)
13500
2023-11-04 10:34:37
elapsed:  33214.9  seconds
13550
2023-11-04 10:37:04
13600
2023-11-04 10:39:17
elapsed:  33495.8  seconds
13650
2023-11-04 10:41:26
13700
2023-11-04 10:43:48
elapsed:  33766.7  seconds
13750
2023-11-04 10:45:54
13800
2023-11-04 10:47:58
elapsed:  34016.5  seconds
13850
2023-11-04 10:50:10
13900
2023-11-04 10:52:23
elapsed:  34281.1  seconds
13950
2023-11-04 10:54:43
14000
2023-11-04 10:57:04
elapsed:  34562.2  seconds
14050
2023-11-04 10:59:06
14100
2023-11-04 11:01:24
elapsed:  34822.0  seconds
14150
2023-11-04 11:03:45
14200
2023-11-04 11:05:55
elapsed:  35093.4  seconds
14250
2023-11-04 11:08:10
14300
2023-11-04 11:10:18
elapsed:  35356.3  seconds
14350
2023-11-04 11:12:33
14400
2023-11-04 11:14:17
elapsed:  35595.4  seconds
14450
2023-11-04 11:16:25
14500
2023-11-04 11:18:23
elapsed:  35841.8  seconds
14550
2023-11-04 11:20:32
14600
2023-11-04 11:22:46
elapsed:  36104.5  seconds
14650
2023-11-04 11:24:56
14700
2023-11-04 11:27:02
elapsed:  36360.0  seconds
14750
2023-11-04 11:29:14
14800
2023-11-04 11:31:34
elapsed:  36632.5  seconds
14850
2023-11-04 11:33:44
14900
2023-11-04 11:35:43
elapsed:  36881.1  seconds
14950
2023-11-04 11:37:32
elapsed:  37116.9  seconds
total time:  37122.3  seconds
true R:  [[4.28210822e-01 2.76652790e+00 2.54954981e+00 3.66323265e+00
  1.90511639e+00 1.30248957e+01 2.16266882e+01 1.79101925e+00
  3.02559602e-01 1.17332793e-01 1.39284219e+00 5.97052117e-01
  1.52726642e+00 4.36474858e-01 5.78671668e+00 3.07436220e-01
  3.96635701e+00 5.32525281e-01 2.91894105e-01 8.53807393e-01
  7.15555437e-01 3.64291180e+01 3.34872468e-01 1.33428148e+00
  6.16364701e-01 1.34152797e+00 4.15686268e-01 2.13626252e-01
  5.76330630e-01 3.66441642e+00 3.65616406e-01 2.81154900e+00
  1.68984552e+01 5.79574413e-01 5.66291388e-01 5.45934892e-01
  9.88579946e-01 1.75588737e+01 1.81896106e+00 1.15705633e+01
  5.70524187e-01 3.30393868e+00 3.85902142e-01 2.58452446e-01
  1.70376803e+00 1.31819503e-01 7.63335417e-01 1.20217033e+00
  5.40794739e-01 1.20250013e+01 2.54478488e-01 1.51191658e+00
  4.53268002e-01 5.86800364e-02 1.23248342e+01 8.47080511e-01
  1.07384774e+04 2.63326938e-01 1.88778007e+01 1.35996159e+00
  2.09113849e+00 2.09982951e+00 5.02686416e+01 5.60832916e-01]
 [1.98238938e+00 2.57904874e-01 3.01488634e+00 1.67999675e+00
  2.11330965e+01 9.88501670e-02 1.04026575e+00 3.43050075e-01
  1.27949994e+01 1.85618550e+01 6.76834367e-01 2.21445851e-01
  8.68121963e+00 6.25899578e+00 4.46809964e+00 1.22765625e+01
  8.01439199e+00 1.04691045e-01 1.17306103e-01 4.07924306e-01
  4.94384160e-01 1.88660775e-01 9.47143288e-01 4.79883726e-01
  7.32053228e+01 3.38596399e+01 1.68257082e+00 2.87764357e+00
  3.12505565e-01 1.32741717e+00 4.47325609e-01 4.32972283e+00
  2.77952918e-01 6.29357776e-01 3.68353116e-01 8.47600329e-01
  6.86373224e-01 4.16366701e+00 9.60949797e-01 2.93275495e+00
  9.54341904e-02 3.63269851e-01 3.74496123e+01 3.53068415e-01
  2.15546296e+00 1.37823919e-01 1.87945947e-01 1.20002435e+00
  1.03967256e-01 7.72910067e+01 3.75103093e-01 2.24300811e+00
  4.02205345e+00 1.80293175e-01 1.70558027e+00 6.14934161e+00
  1.14665717e+00 1.72625191e+00 1.67642024e+01 6.09006577e+00
  3.83141025e+00 3.94554100e+00 2.10124279e+01 3.02679486e-01]
 [2.20651390e+01 6.55979746e+00 2.40276788e+00 5.64810412e+03
  2.93591760e-01 1.16590290e-01 2.75531180e+00 2.73826998e-01
  1.99412076e+01 1.31339533e-01 2.56280667e-01 3.03351600e+02
  3.67710827e-01 6.19839008e-01 3.32155190e+00 6.93706144e-01
  1.65941001e-01 3.81775594e+03 5.75224061e-02 3.94950248e+00
  1.47879412e+01 4.03223871e-01 1.67593865e-01 4.61818430e+00
  3.05635180e-01 8.83667797e-01 1.19764202e+00 3.94293786e-01
  9.99874407e-01 6.12054249e+03 5.83366727e-01 1.81640117e+00
  1.25110924e+00 2.15985866e-01 6.89769613e-01 1.11992726e-01
  1.22332774e+00 9.86311243e-01 2.21239281e-01 1.97689881e+00
  5.81171876e+00 5.00920910e-01 2.84394013e-01 9.69989129e+04
  7.39720746e-01 3.64297793e+00 1.34865773e+00 8.15525643e-01
  1.40628011e+00 3.03134796e-01 8.11836278e-02 5.89123362e+00
  8.81652197e-02 4.73443730e+02 1.12331519e+00 2.39748934e-01
  1.79659647e+01 4.71537387e+00 1.93188097e-01 2.31608492e+01
  9.29745937e+00 7.76268313e-01 9.01902465e-01 6.69240536e-02]
 [2.67750607e+00 1.64231877e+00 2.06761841e+00 2.65244227e+02
  2.44552512e+02 1.87003890e+01 4.10592136e-01 2.81981559e+00
  5.84482263e-01 9.53668579e+01 1.13347083e-01 1.57821636e-01
  1.87450907e-01 8.42405062e+00 7.74454150e-02 1.68092020e-01
  2.60580633e-01 1.74021883e+00 5.87439870e+01 2.43924486e+00
  3.64168740e+00 2.08684154e+00 1.34044492e+00 2.83595638e-01
  7.90244649e-01 1.30728199e+00 2.45972428e-01 3.86256162e-01
  5.78824741e-01 2.08274712e+00 1.12954027e+01 2.64532529e+00
  3.58755403e+00 3.82832718e+00 8.06616697e+03 5.54652757e-01
  1.88582053e+01 4.15170443e-01 1.07650513e+00 2.56747185e-01
  1.32069517e+02 1.42309169e+00 1.45257384e+00 3.57215353e-01
  6.36594902e-01 6.35616785e-01 1.12310941e+00 7.08735141e+00
  3.91657899e+00 2.97691341e-01 4.25155887e+00 2.27625342e-01
  7.12451529e+00 7.16943346e-02 3.63392035e-01 1.52247972e+00
  3.06240544e-01 1.19283399e-01 2.86582639e+00 6.78820686e+00
  1.09475641e+02 5.82275158e+02 1.08698416e+00 2.08348720e+01]
 [2.63065630e-01 7.86785978e-02 1.26314230e-01 2.00184865e-01
  4.14311638e-01 4.17187483e+00 3.93469848e+01 3.85642096e-01
  8.15634789e-01 2.47806973e+00 3.72449238e-01 2.90079818e-01
  2.06724767e-01 7.41838569e+02 1.22463088e+00 5.51996239e-01
  6.92194809e-02 4.46531331e+00 1.85700273e-01 2.15188510e+00
  3.29670354e+00 2.37548766e+01 6.83285956e-01 2.13691638e+00
  8.68253585e-01 1.01049714e+00 2.64420036e+00 2.89376530e+00
  1.45636413e+01 5.20619769e-01 1.19219499e+00 1.01743315e+03
  4.87196219e+01 6.97043963e-01 2.43907275e+00 4.32844160e-01
  2.11987819e-01 2.00809340e-01 2.03039234e-01 6.77746157e+00
  6.77401050e-01 9.92255132e-01 2.56774581e+00 1.22069275e-01
  8.87084405e+00 4.47626737e-01 1.38905721e+00 1.50209054e+02
  9.32959711e-02 5.56861698e-01 5.70941047e+00 3.72883155e-01
  2.51564063e-01 2.78298063e+01 1.42024497e-01 3.06463038e-01
  2.66597839e+00 1.24174858e+00 8.65396154e-01 2.16721216e+00
  3.48844752e+00 1.11231396e+01 1.37322670e-01 1.09763950e+01]
 [2.72875193e-01 5.77191955e-01 3.35344447e+00 9.80801355e-01
  3.22862345e+00 4.17903198e+01 1.86813194e-01 1.08744727e+00
  5.50813406e-01 2.23654952e+00 1.07961280e+00 5.95363752e-02
  3.74506039e-01 2.96692934e+01 1.16833805e+00 7.82545239e+00
  9.93163340e-02 2.49288835e+00 2.85484893e+00 1.50742253e+00
  7.16867774e+04 4.05537130e+00 4.13444956e+00 7.21702854e-01
  8.97930459e-01 2.36048267e-01 4.97541457e-01 3.93736071e+00
  4.84781706e+00 1.62776867e+00 1.57121094e+00 5.21995070e+00
  4.31762478e+00 1.34876159e-01 1.32707303e-01 1.72135963e+00
  1.37204842e+00 1.04749414e+00 1.06149364e+01 2.40363543e-01
  1.83180960e+00 5.08445932e+00 2.91386489e+01 1.28518479e-01
  3.23631290e-01 1.08802115e+00 4.51053983e+00 5.12891058e+01
  4.04034410e+00 2.59095740e-01 5.34233813e+00 2.85192749e+00
  6.74702157e+01 2.46578142e+01 9.62584458e-01 9.15412841e+00
  3.30332617e+00 5.52700615e+00 5.66769162e-01 8.75082371e-01
  3.38420152e-01 9.62247989e-01 9.38656211e-01 1.03313888e-01]
 [7.12359450e-01 3.08192637e+00 3.16647142e-01 3.11076585e+03
  3.30079219e+00 1.50626463e-01 1.40575887e+00 8.17448464e-01
  5.08262833e-01 9.01806691e-01 1.28157751e+00 2.58903060e+00
  7.21675089e-01 1.40210578e-01 1.63123226e-01 7.05441790e+00
  2.60141475e-01 8.60773158e-01 5.16114951e+01 1.88034579e+00
  9.46626880e-01 2.78402010e+00 2.16855354e-01 2.46581476e+00
  7.38617845e-01 2.69550387e-01 2.77783258e+00 2.60755575e+01
  7.99952928e-01 1.79946859e-01 5.50073136e-01 5.75630896e-01
  4.51738134e-01 1.42233729e-01 1.78833558e+01 1.59865498e+00
  1.22924413e+01 7.11310215e+01 8.37040795e-01 2.79010930e+01
  6.29174389e-02 3.59345659e-01 4.16816425e-01 2.29438276e+00
  2.00243077e+00 3.89662373e-01 5.02908571e-01 8.74293365e-01
  1.03168399e+00 3.72711686e-01 8.34397827e-01 2.28475240e+00
  1.62865390e-01 2.12456424e+02 3.83318403e+00 3.30318171e-01
  4.42366452e-01 5.56954754e-01 6.71616729e-01 3.03877885e-01
  1.14677033e+00 1.10393588e-01 1.69670572e-01 1.11874488e+01]
 [3.48519520e+02 1.23525804e-01 1.69380114e+00 2.32533013e+01
  1.19449268e+00 6.55885421e-01 4.25058015e-01 4.58738041e-01
  2.80860822e-01 6.33608171e-01 2.32380354e-01 1.20021301e+00
  1.53587820e+01 7.42706254e-02 4.46804851e-01 2.96479152e+00
  5.27257734e-01 1.50180175e+00 3.05241314e-01 1.96379076e+02
  1.27897071e-01 9.64038859e+00 1.89226424e-01 4.04569042e-01
  4.51424717e-01 3.34814023e-01 1.24528757e+00 2.13881466e-01
  1.51637079e-01 3.00635843e+00 7.07364289e-01 4.91856256e+01
  3.62379661e-01 1.31180938e+00 4.49375370e+00 7.12416293e+00
  3.34753712e-01 1.93203972e+00 1.61901897e-01 1.50188705e-01
  2.33118956e-01 4.81021777e-01 2.70006352e-01 1.31627089e+00
  5.64846222e-01 6.51073881e-01 4.42656873e+00 1.90370263e+00
  5.91645484e-01 1.30349547e+00 1.09084370e+01 4.36599360e+01
  3.68786228e+00 2.37326622e+01 4.21138029e+00 9.03172644e-01
  9.29073889e-01 2.81973818e-01 2.52933542e-01 6.85108696e-01
  2.96932452e-01 7.73580547e+01 2.12413422e-01 1.25670700e-01]
 [1.80671382e-01 2.96389960e-01 4.13676426e+01 1.21693381e+01
  6.59388609e-01 5.18845288e-01 5.16690429e+00 2.88504695e+00
  2.12372350e-01 5.94914533e+00 5.40625118e-01 6.10718973e-01
  2.33552854e+00 5.55379431e-01 2.14348021e-01 2.04264277e+00
  5.85692904e-02 4.73538236e-01 1.37728093e+00 1.86797273e+00
  3.49849165e-01 1.93083086e+01 1.71302438e-01 2.01505271e+00
  2.94342444e-01 2.76218338e-01 1.89297132e-01 2.24898978e+00
  7.14251000e+00 2.66697788e+01 1.15960420e+01 4.96643632e+00
  5.66456249e-01 2.59642349e+00 3.52420609e+01 1.03417881e+01
  6.72326262e+00 1.29626485e+00 2.97256458e+00 1.17284724e+00
  2.26951903e+00 1.66582949e+01 1.09591255e+01 2.63031906e+00
  4.01494352e-01 9.17482709e-01 9.04657662e+00 2.68949253e-01
  2.95717274e-01 8.69592483e-01 2.07282715e-01 3.00045194e-01
  3.36293411e-01 2.99706827e+00 2.77124735e+00 1.09370473e-01
  3.73901777e+03 7.67681211e-01 2.64325649e-01 3.78923550e-01
  2.75764019e+00 3.49742313e-01 1.71595780e+01 2.44248120e+02]]
