1
50
2023-11-17 15:33:09
100
2023-11-17 15:36:12
elapsed:  361.5  seconds
150
2023-11-17 15:39:23
200
2023-11-17 15:42:35
elapsed:  744.5  seconds
250
2023-11-17 15:45:51
300
2023-11-17 15:49:04
elapsed:  1133.2  seconds
350
2023-11-17 15:52:21
400
2023-11-17 15:55:33
elapsed:  1522.6  seconds
450
2023-11-17 15:58:51
500
2023-11-17 16:02:02
elapsed:  1911.7  seconds
550
2023-11-17 16:05:18
600
2023-11-17 16:08:33
elapsed:  2302.1  seconds
650
2023-11-17 16:11:54
700
2023-11-17 16:15:13
elapsed:  2702.2  seconds
750
2023-11-17 16:18:33
800
2023-11-17 16:21:52
elapsed:  3101.0  seconds
850
2023-11-17 16:25:12
900
2023-11-17 16:28:31
elapsed:  3499.9  seconds
950
2023-11-17 16:31:51
1000
2023-11-17 16:35:06
elapsed:  3895.0  seconds
1050
2023-11-17 16:38:25
1100
2023-11-17 16:41:42
elapsed:  4291.0  seconds
1150
2023-11-17 16:45:01
1200
2023-11-17 16:48:23
elapsed:  4692.4  seconds
1250
2023-11-17 16:51:48
1300
2023-11-17 16:55:09
elapsed:  5098.0  seconds
1350
2023-11-17 16:58:31
1400
2023-11-17 17:01:52
elapsed:  5501.1  seconds
1450
2023-11-17 17:05:15
1500
2023-11-17 17:08:35
elapsed:  5904.7  seconds
1550
2023-11-17 17:12:04
1600
2023-11-17 17:15:25
elapsed:  6314.5  seconds
1650
2023-11-17 17:18:50
1700
2023-11-17 17:22:16
elapsed:  6725.6  seconds
1750
2023-11-17 17:25:44
1800
2023-11-17 17:29:11
elapsed:  7140.7  seconds
1850
2023-11-17 17:32:38
1900
2023-11-17 17:36:05
elapsed:  7554.0  seconds
1950
2023-11-17 17:39:31
2000
2023-11-17 17:42:55
elapsed:  7964.6  seconds
2050
2023-11-17 17:46:22
2100
2023-11-17 17:49:48
elapsed:  8377.5  seconds
2150
2023-11-17 17:53:16
2200
2023-11-17 17:56:43
elapsed:  8791.8  seconds
2250
2023-11-17 18:00:08
2300
2023-11-17 18:03:32
elapsed:  9200.8  seconds
2350
2023-11-17 18:06:57
2400
2023-11-17 18:10:19
elapsed:  9607.8  seconds
2450
2023-11-17 18:13:44
2500
2023-11-17 18:17:08
elapsed:  10016.8  seconds
2550
2023-11-17 18:20:32
2600
2023-11-17 18:23:54
elapsed:  10423.3  seconds
2650
2023-11-17 18:27:19
2700
2023-11-17 18:30:42
elapsed:  10831.3  seconds
2750
2023-11-17 18:34:06
2800
2023-11-17 18:37:26
elapsed:  11235.2  seconds
2850
2023-11-17 18:40:48
2900
2023-11-17 18:44:07
elapsed:  11635.9  seconds
2950
2023-11-17 18:47:27
3000
2023-11-17 18:50:45
elapsed:  12034.6  seconds
3050
2023-11-17 18:54:03
3100
2023-11-17 18:57:21
elapsed:  12430.5  seconds
3150
2023-11-17 19:00:43
3200
2023-11-17 19:04:02
elapsed:  12831.3  seconds
3250
2023-11-17 19:07:23
3300
2023-11-17 19:10:43
elapsed:  13231.8  seconds
3350
2023-11-17 19:14:04
3400
2023-11-17 19:17:23
elapsed:  13632.4  seconds
3450
2023-11-17 19:20:44
3500
2023-11-17 19:24:02
elapsed:  14031.0  seconds
3550
2023-11-17 19:27:22
3600
2023-11-17 19:30:41
elapsed:  14430.2  seconds
3650
2023-11-17 19:34:02
3700
2023-11-17 19:37:22
elapsed:  14831.5  seconds
3750
2023-11-17 19:40:44
3800
2023-11-17 19:44:04
elapsed:  15232.9  seconds
3850
2023-11-17 19:47:25
3900
2023-11-17 19:50:45
elapsed:  15633.8  seconds
3950
2023-11-17 19:54:05
4000
2023-11-17 19:57:25
elapsed:  16033.8  seconds
4050
2023-11-17 20:00:45
4100
2023-11-17 20:04:03
elapsed:  16432.0  seconds
4150
2023-11-17 20:07:21
4200
2023-11-17 20:10:39
elapsed:  16828.7  seconds
4250
2023-11-17 20:13:57
4300
2023-11-17 20:17:14
elapsed:  17222.9  seconds
4350
2023-11-17 20:20:33
4400
2023-11-17 20:23:50
elapsed:  17618.9  seconds
4450
2023-11-17 20:27:02
4500
2023-11-17 20:30:19
elapsed:  18008.1  seconds
4550
2023-11-17 20:33:39
4600
2023-11-17 20:36:58
elapsed:  18407.0  seconds
4650
2023-11-17 20:40:18
4700
2023-11-17 20:43:36
elapsed:  18804.8  seconds
4750
2023-11-17 20:46:57
4800
2023-11-17 20:50:16
elapsed:  19205.4  seconds
4850
2023-11-17 20:53:37
4900
2023-11-17 20:56:55
elapsed:  19604.6  seconds
4950
2023-11-17 21:00:17
5000
2023-11-17 21:03:35
elapsed:  20004.4  seconds
5050
2023-11-17 21:06:55
5100
2023-11-17 21:10:12
elapsed:  20401.5  seconds
5150
2023-11-17 21:13:34
5200
2023-11-17 21:16:53
elapsed:  20802.1  seconds
5250
2023-11-17 21:20:13
5300
2023-11-17 21:23:32
elapsed:  21201.1  seconds
5350
2023-11-17 21:26:53
5400
2023-11-17 21:30:12
elapsed:  21601.5  seconds
5450
2023-11-17 21:33:33
5500
2023-11-17 21:36:48
elapsed:  21997.5  seconds
5550
2023-11-17 21:40:09
5600
2023-11-17 21:43:29
elapsed:  22398.5  seconds
5650
2023-11-17 21:46:51
5700
2023-11-17 21:50:10
elapsed:  22799.4  seconds
5750
2023-11-17 21:53:32
5800
2023-11-17 21:56:53
elapsed:  23202.0  seconds
5850
2023-11-17 22:00:15
5900
2023-11-17 22:03:33
elapsed:  23602.0  seconds
/projects/muyang@colostate.edu/software/anaconda/envs/alpine_MCMC/lib/python3.11/site-packages/numpy/lib/function_base.py:2412: RuntimeWarning: divide by zero encountered in func (vectorized)
  outputs = ufunc(*inputs)
/projects/muyang@colostate.edu/software/anaconda/envs/alpine_MCMC/lib/python3.11/site-packages/numpy/lib/function_base.py:2412: RuntimeWarning: invalid value encountered in func (vectorized)
  outputs = ufunc(*inputs)
5950
2023-11-17 22:06:54
6000
2023-11-17 22:10:11
elapsed:  23999.9  seconds
6050
2023-11-17 22:13:32
6100
2023-11-17 22:16:51
elapsed:  24399.9  seconds
6150
2023-11-17 22:20:13
6200
2023-11-17 22:23:32
elapsed:  24801.3  seconds
6250
2023-11-17 22:26:55
6300
2023-11-17 22:30:14
elapsed:  25203.7  seconds
6350
2023-11-17 22:33:38
6400
2023-11-17 22:36:59
elapsed:  25608.6  seconds
6450
2023-11-17 22:40:25
6500
2023-11-17 22:43:51
elapsed:  26020.2  seconds
6550
2023-11-17 22:47:20
6600
2023-11-17 22:50:47
elapsed:  26436.4  seconds
6650
2023-11-17 22:54:18
6700
2023-11-17 22:57:47
elapsed:  26856.6  seconds
6750
2023-11-17 23:01:21
6800
2023-11-17 23:04:50
elapsed:  27279.4  seconds
6850
2023-11-17 23:08:23
6900
2023-11-17 23:11:54
elapsed:  27703.3  seconds
6950
2023-11-17 23:15:26
7000
2023-11-17 23:18:57
elapsed:  28126.3  seconds
7050
2023-11-17 23:22:29
7100
2023-11-17 23:25:59
elapsed:  28548.1  seconds
7150
2023-11-17 23:29:30
7200
2023-11-17 23:33:00
elapsed:  28968.9  seconds
7250
2023-11-17 23:36:34
7300
2023-11-17 23:40:07
elapsed:  29396.3  seconds
7350
2023-11-17 23:43:44
7400
2023-11-17 23:47:16
elapsed:  29824.7  seconds
7450
2023-11-17 23:50:50
7500
2023-11-17 23:54:25
elapsed:  30253.9  seconds
7550
2023-11-17 23:58:02
7600
2023-11-18 00:01:37
elapsed:  30686.2  seconds
7650
2023-11-18 00:05:13
7700
2023-11-18 00:08:46
elapsed:  31115.0  seconds
7750
2023-11-18 00:12:23
7800
2023-11-18 00:15:58
elapsed:  31547.2  seconds
7850
2023-11-18 00:19:32
7900
2023-11-18 00:23:04
elapsed:  31973.3  seconds
7950
2023-11-18 00:26:41
8000
2023-11-18 00:30:15
elapsed:  32404.1  seconds
8050
2023-11-18 00:33:50
8100
2023-11-18 00:37:20
elapsed:  32829.5  seconds
8150
2023-11-18 00:40:50
/projects/muyang@colostate.edu/software/anaconda/envs/alpine_MCMC/lib/python3.11/site-packages/numpy/lib/function_base.py:2412: RuntimeWarning: divide by zero encountered in func (vectorized)
  outputs = ufunc(*inputs)
/projects/muyang@colostate.edu/software/anaconda/envs/alpine_MCMC/lib/python3.11/site-packages/numpy/lib/function_base.py:2412: RuntimeWarning: invalid value encountered in func (vectorized)
  outputs = ufunc(*inputs)
8200
2023-11-18 00:44:24
elapsed:  33253.3  seconds
8250
2023-11-18 00:47:58
8300
2023-11-18 00:51:30
elapsed:  33679.3  seconds
/projects/muyang@colostate.edu/software/anaconda/envs/alpine_MCMC/lib/python3.11/site-packages/numpy/lib/function_base.py:2412: RuntimeWarning: divide by zero encountered in func (vectorized)
  outputs = ufunc(*inputs)
/projects/muyang@colostate.edu/software/anaconda/envs/alpine_MCMC/lib/python3.11/site-packages/numpy/lib/function_base.py:2412: RuntimeWarning: invalid value encountered in func (vectorized)
  outputs = ufunc(*inputs)
8350
2023-11-18 00:55:00
8400
2023-11-18 00:58:31
elapsed:  34100.4  seconds
8450
2023-11-18 01:02:05
8500
2023-11-18 01:05:35
elapsed:  34524.4  seconds
/projects/muyang@colostate.edu/software/anaconda/envs/alpine_MCMC/lib/python3.11/site-packages/numpy/lib/function_base.py:2412: RuntimeWarning: divide by zero encountered in func (vectorized)
  outputs = ufunc(*inputs)
/projects/muyang@colostate.edu/software/anaconda/envs/alpine_MCMC/lib/python3.11/site-packages/numpy/lib/function_base.py:2412: RuntimeWarning: invalid value encountered in func (vectorized)
  outputs = ufunc(*inputs)
8550
2023-11-18 01:09:07
8600
2023-11-18 01:12:38
elapsed:  34946.8  seconds
8650
2023-11-18 01:16:11
8700
2023-11-18 01:19:43
elapsed:  35371.8  seconds
8750
2023-11-18 01:23:17
8800
2023-11-18 01:26:50
elapsed:  35799.1  seconds
8850
2023-11-18 01:30:23
8900
2023-11-18 01:33:57
elapsed:  36225.8  seconds
8950
2023-11-18 01:37:35
9000
2023-11-18 01:41:10
elapsed:  36658.9  seconds
9050
2023-11-18 01:44:45
9100
2023-11-18 01:48:17
elapsed:  37086.0  seconds
9150
2023-11-18 01:51:54
9200
2023-11-18 01:55:27
elapsed:  37515.9  seconds
9250
2023-11-18 01:59:02
9300
2023-11-18 02:02:34
elapsed:  37943.7  seconds
9350
2023-11-18 02:06:11
9400
2023-11-18 02:09:42
elapsed:  38370.8  seconds
9450
2023-11-18 02:13:19
9500
2023-11-18 02:16:53
elapsed:  38802.2  seconds
9550
2023-11-18 02:20:28
9600
2023-11-18 02:24:02
elapsed:  39231.7  seconds
9650
2023-11-18 02:27:38
9700
2023-11-18 02:31:11
elapsed:  39660.3  seconds
9750
2023-11-18 02:34:48
9800
2023-11-18 02:38:22
elapsed:  40091.2  seconds
9850
2023-11-18 02:41:56
9900
2023-11-18 02:45:28
elapsed:  40517.0  seconds
9950
2023-11-18 02:49:03
elapsed:  40942.2  seconds
total time:  40948.5  seconds
true R:  [[2.27233608e-01 2.85719894e+01 4.83796935e+02 1.51155378e+00
  1.09814888e+00 3.12624201e-01 3.32858922e-01 1.81250110e+00
  2.29600987e+00 9.79975578e+00 4.68950057e-01 7.85353612e-02
  9.84526870e-02 3.59360815e-01 3.48743002e-01 6.50621990e+00
  7.78522798e-01 2.24579130e-01 3.41292136e+00 1.13773508e+01
  3.69626657e+00 7.37394142e+00 4.73332815e-01 4.14338983e+01
  1.67504562e+00 6.96892789e+00 4.67554550e-01 9.95535899e-01
  1.28068867e+00 3.33039223e-01 5.00997436e+01 2.97417195e+01
  5.23127877e-01 1.17809385e+00 4.35710994e-01 2.13850126e+00
  2.19066144e+00 1.02965812e-01 1.16195180e+00 2.25825113e+01
  3.78195283e-01 2.80474631e+01 6.91527203e-01 4.22919765e-01
  8.63171186e+00 1.05354926e-01 3.21693526e-01 2.67263472e+01
  2.03016615e-01 5.08311832e-01 2.03928758e-01 1.60847178e+01
  3.34464991e+00 5.93689441e+02 4.92532108e+01 6.88073762e+00
  4.46975826e+00 5.07591550e-01 1.54374430e+00 1.78809968e+00
  1.82626233e+00 3.41125660e-01 7.33498271e-01 2.00281159e+00]
 [1.74865722e-01 6.06402186e-01 9.10255995e+00 2.39281687e-01
  3.00562566e+00 3.14566810e+00 6.18535899e-01 5.21163645e-01
  3.08813173e-01 4.14572825e-01 8.20745066e-01 4.55620130e-01
  2.01824044e-01 1.05186206e-01 7.23105107e-01 1.03440507e+01
  1.16826965e+00 5.22257261e+00 1.81088513e+00 3.36469441e+00
  3.70581221e-01 4.13005717e+00 2.75715046e+00 4.34578164e+01
  1.50504322e+00 5.87962451e-01 6.74298184e+00 1.00796701e+00
  5.72133718e+00 1.09158157e-01 1.10753656e+00 1.61125315e+01
  1.91591235e-01 3.21698029e-01 1.17720830e-01 1.89510240e-01
  5.81320739e-01 2.27009472e-01 9.27443739e+01 1.61200349e+00
  4.31824929e-01 5.87325582e+00 3.60972794e+00 1.19978135e+00
  3.08880914e-01 2.14626404e-01 1.21702280e-01 1.07332751e+00
  2.98727509e-01 1.90665259e+00 1.20670548e+00 8.48514711e-01
  3.75040756e-01 2.83881594e+00 1.79760103e+00 9.24069804e-01
  2.87930089e+00 1.25269975e+00 1.96278479e+00 4.34749947e+02
  2.24333401e-01 6.12142956e-01 4.44312363e+01 8.11292181e-02]
 [1.09707075e+00 6.96441437e+00 1.27259096e-01 3.81344319e-01
  1.67987809e-01 2.86464055e-01 3.41288828e+00 1.30002966e+00
  6.07167076e+00 8.18385256e-01 1.17287866e+00 2.98455157e-01
  2.50522899e+00 4.40495909e-01 2.93032984e+00 4.81498474e+00
  2.99968466e-01 1.11618953e-01 1.80060760e-01 7.69723267e-01
  2.36000064e-01 3.34472172e+01 6.62780234e+00 1.45613102e+02
  9.98159066e-01 5.18789136e-01 1.72292480e+00 2.51008625e+04
  4.46468860e-01 1.18502154e+00 2.39070791e+00 9.65112763e-01
  8.28900036e-01 5.42509781e-01 1.20176050e+00 1.17314091e+00
  4.81909408e-01 1.04937150e+00 1.08144344e-01 1.14964832e+00
  7.95454667e+00 2.82602204e+01 1.29417177e+01 2.36400660e+00
  3.57414903e+00 5.36873650e-01 2.41881445e-01 5.44140070e+01
  4.71995095e-01 4.47143996e+00 5.33733529e-01 3.44869264e+00
  1.52548659e+00 1.17322798e+00 4.83120365e-01 1.55635370e-01
  2.60599132e+00 3.81915926e-01 5.90343957e-01 4.77270979e-01
  9.46504343e-01 1.12317003e-01 3.23406877e+00 1.20045939e+00]
 [1.90110429e+00 3.08659568e-01 4.05418208e-01 2.53416335e-01
  3.45844340e+00 1.24743231e+00 1.31243044e+00 6.02434029e-01
  6.62652144e-01 9.53166597e+00 1.98075778e-01 7.78994646e-02
  6.85636921e-01 4.61713072e+00 3.47418401e+00 1.04841419e-01
  1.25887448e+01 1.91536974e+00 2.52414097e-01 1.38023534e+00
  2.81318235e-01 5.43311859e+00 3.27368372e-01 5.64553289e-01
  1.51081563e-01 1.00068720e+02 2.12635788e+01 2.37236339e+03
  8.15218042e-01 3.79727096e+01 2.31885832e+00 6.34623150e+00
  1.25656233e-01 5.59179302e-01 4.23893224e-01 2.51476887e+00
  5.43874580e-01 2.40776263e+01 4.42521583e+00 9.49158470e+00
  3.70895638e-01 1.90211339e+00 4.32611133e-01 5.92371629e-01
  3.25088873e-01 1.26938850e+00 9.66043497e+01 3.52684922e-01
  3.33259235e+00 3.94006695e+01 2.13595403e-01 4.89927959e-01
  6.35051007e+00 1.49718423e+04 3.58500123e-01 9.31982677e-01
  8.73908202e-01 1.96642387e+02 1.35160348e-01 1.88972679e-01
  4.16237877e-01 7.84150198e+00 5.34052413e-01 4.20427989e-01]
 [4.56397997e-01 1.28131383e+00 5.60231244e-01 1.20260165e+01
  1.62434433e+00 3.40615415e-01 1.64451782e+02 8.64767678e-01
  6.98670160e-02 1.74265628e+00 2.81142345e-01 5.82447728e+01
  1.89024268e-01 9.92921193e-01 3.44755036e-01 2.98191066e+02
  8.74744491e+01 1.21269238e+00 3.13443822e+01 7.54975639e-01
  9.11278540e-02 1.99393438e-01 1.37924523e+00 1.14650163e+01
  1.23940583e+00 9.63139475e+00 4.60680732e+00 9.35079668e-01
  1.31020573e-01 1.82701667e+00 5.91850136e+00 1.02014409e+00
  1.08926240e+00 5.23157478e-01 6.46397538e+00 3.69864130e-01
  4.53330495e+00 2.25540257e-01 5.39983010e-01 2.06601445e-01
  1.22378468e+03 5.51445325e-01 6.30466412e+00 6.96881343e-01
  6.46756308e-01 2.02998965e+00 5.94452107e-01 4.39468043e-01
  1.04579398e+03 4.86473234e-01 2.98923086e-01 1.83020841e-01
  4.08547750e-01 1.41706173e+00 2.29392735e-01 2.55128977e+00
  6.59769332e+01 3.91591999e-01 4.24497805e+00 7.78608993e-01
  1.25386672e-01 2.85137211e-01 3.75359066e+00 1.12780119e+01]
 [7.16125981e-01 2.56745589e+00 1.68700100e+00 5.39801375e-01
  6.90708637e+00 9.90659005e-01 6.07124989e-01 7.08136721e+00
  2.37835590e-01 2.78673366e+01 1.53268895e+00 1.50182740e-01
  4.21529094e+01 2.14975058e+00 2.76711466e+00 4.48342022e-01
  7.62917833e+00 6.29579086e-01 2.99536426e+01 5.33651686e-01
  3.96676872e-01 3.18889029e+00 4.20304776e+01 6.78815348e+00
  4.06588001e+00 1.66630153e+00 6.85422902e-01 1.96248373e+01
  2.85315128e+02 6.17325847e-01 1.31626286e-01 6.09656381e-02
  1.62387648e+00 1.36848963e+00 1.81880187e+00 2.33043199e-01
  4.94681001e+01 3.52886415e+00 2.90796261e+01 8.73411550e-01
  1.99056700e+00 2.32497855e-01 9.07070111e-02 1.72858995e+02
  1.71398978e-01 1.02230110e+00 2.13802694e-01 8.99494679e-01
  9.94685797e-01 6.60848076e+00 1.24830191e+00 4.40576438e+00
  3.50675873e+02 4.66659079e-01 3.71308961e+01 1.53639136e+00
  8.35822101e+00 2.45967806e+01 9.95962752e-01 4.95030582e+03
  1.60349785e-01 2.90915814e-01 3.91993722e-01 5.49512744e+00]
 [7.48258211e+00 3.56956564e+01 2.16619066e-01 9.28230570e+00
  1.92848681e+00 7.86770049e-01 3.97476060e-01 9.26984987e-01
  4.82605581e-01 1.98962054e+00 1.35582578e+00 1.35876415e+00
  5.30470556e+00 2.34382359e-01 5.85033057e+01 7.54385649e-01
  6.60086244e+02 1.61110504e-01 4.96438549e-01 1.93878817e-01
  9.86289830e-02 5.35862991e-01 4.39322959e+01 2.43739292e-01
  1.31810415e-01 9.03738141e-01 7.15329326e-01 5.87051578e+00
  4.79988355e+01 2.14586365e-01 2.28329097e-01 1.83611599e+00
  9.69893721e-01 1.35111105e-01 4.28686246e-01 1.60133821e+00
  8.25746840e+00 2.02188440e-01 1.57258273e-01 2.94407939e+00
  5.25616350e+00 1.56713106e+00 3.04858787e+02 2.96012761e-01
  7.18696203e-01 6.26287387e-01 2.39766916e+01 1.54784221e+00
  2.05940174e-01 1.39861349e+00 4.18203962e+00 1.18639415e+00
  3.46554519e-01 1.23816505e+00 1.20172446e+02 9.27487396e-01
  1.22868040e+01 1.17108975e+00 7.66574838e-01 3.75037184e+00
  5.04095421e+00 3.83672329e+01 5.18438738e+02 4.61307107e-01]
 [5.27365501e-01 6.06894991e-01 3.41023423e-01 7.06790705e+00
  2.88369834e-01 3.53651576e-01 1.53394392e+00 3.99074629e-01
  1.51239061e+00 9.83856535e+00 3.94104096e-01 5.48777552e-01
  1.35793921e+01 7.14329521e-02 8.36543409e-01 5.15606627e-01
  7.93386412e+00 2.41377191e+01 1.74667392e+00 1.24384248e-01
  4.19130510e-01 2.13612767e+00 2.09645304e+00 6.54824875e-01
  2.61323711e+01 3.88747885e+00 1.09748110e-01 7.59964854e-01
  1.75086744e+01 1.09133439e+01 2.96580866e+01 1.15355126e+00
  1.57603554e+01 1.65941883e-01 6.70821140e-01 9.72609914e-01
  5.05894901e+03 5.40255436e+03 6.11919341e+00 1.97957206e+00
  8.56257034e-02 2.64626703e+00 1.35916789e+00 1.15252750e-01
  1.97347279e+00 1.36014285e+01 3.29876668e+00 1.75279246e+00
  7.39629937e-01 2.90739721e+05 6.33605041e+00 2.78145388e-01
  8.14406830e-01 5.00519136e+00 7.10253413e-01 1.57431104e+00
  7.55314340e-01 3.21857730e+00 3.97151953e-01 6.75271540e-01
  3.33132606e+00 6.45538654e-01 6.33119966e-02 5.54535530e-01]
 [2.99186902e-01 7.51129317e-01 5.68013474e+00 1.76080984e+00
  5.76695174e-01 5.98291420e-01 8.40905934e-01 2.03668001e-01
  1.60026237e+00 7.66159426e-01 6.43502209e-02 3.94941936e+00
  1.21026060e+00 6.59715004e+00 4.80764138e-01 1.17660824e-01
  2.47186441e+00 5.38419068e-01 1.18705821e+04 3.81499751e-01
  2.51573984e-01 6.50864710e-01 2.60267027e+01 1.80053643e+01
  5.43849713e-01 1.02832458e+00 6.76692348e-01 6.21875771e-01
  1.35021417e+01 2.81413717e-01 4.56023076e-01 5.52641473e+00
  1.11434898e-01 1.64094149e-01 9.97726493e+01 2.19073512e-01
  2.22292735e+00 3.03267923e-01 1.34033171e-01 2.01906434e-01
  3.66929869e-02 8.92912371e-01 1.00362028e+01 5.71668141e-01
  6.62587133e-01 3.99332663e+00 1.07579232e-01 3.89214814e-01
  3.75478094e-01 5.63364442e+00 7.68951870e-01 7.02568757e-01
  1.07012251e+01 1.96700005e+00 1.91857319e-01 1.73567831e+00
  5.84089550e-01 3.25294256e-01 1.24095431e+00 1.24565495e-01
  2.47137885e-01 1.32564486e+00 9.32314759e-01 2.21227738e+01]
 [9.28848334e-01 3.79143834e+00 1.82562771e-01 5.72574586e+02
  5.56752971e-01 5.40532276e-01 4.88316725e-01 1.74097008e+00
  1.14316549e+00 3.13151428e+00 2.15115611e+00 3.04371781e-01
  3.11131124e+00 5.29728018e-01 9.06344905e-01 2.68511095e-01
  1.20477778e-01 3.60756623e+00 3.17188938e-01 3.69301587e-01
  4.22437596e+01 1.11879736e+00 4.23914226e-01 9.08732078e-01
  2.28353097e-01 1.32094809e+02 1.05926114e+00 6.05769515e-01
  1.21685724e+01 3.64385338e-01 4.43434744e+01 2.06845121e+01
  1.63280810e+00 1.55954455e+01 4.78957895e-01 1.49033048e-01
  1.08455182e+00 7.04952918e-01 1.32659848e+01 5.61708518e-01
  1.34906751e+00 1.01176804e+00 1.95701724e+04 8.51440518e-01
  2.90162054e-01 1.98010975e+01 2.18108044e-01 3.58140620e+00
  3.59035915e+00 2.40085560e+00 3.83755852e-01 9.10241761e-02
  6.54264861e-01 6.43981744e-01 7.55948915e+02 5.39265528e+00
  1.59993788e+00 3.04571860e+00 5.81431011e+00 3.61753376e+01
  3.47919643e+00 7.82313391e-01 1.11759327e+00 7.02391953e-01]]
