--------------------------------------------------------------------------
No OpenFabrics connection schemes reported that they were able to be
used on a specific port.  As such, the openib BTL (OpenFabrics
support) will be disabled for this port.

  Local host:           c3cpu-a2-u28-2
  Local device:         mlx5_0
  Local port:           1
  CPCs attempted:       rdmacm, udcm
--------------------------------------------------------------------------
[c3cpu-a2-u28-2.rc.int.colorado.edu:1618401] 63 more processes have sent help message help-mpi-btl-openib-cpc-base.txt / no cpcs for port
[c3cpu-a2-u28-2.rc.int.colorado.edu:1618401] Set MCA parameter "orte_base_help_aggregate" to 0 to see all help / error messages
1
50
2023-11-04 02:10:44
100
2023-11-04 02:12:05
elapsed:  159.6  seconds
150
2023-11-04 02:13:33
200
2023-11-04 02:15:00
elapsed:  334.9  seconds
250
2023-11-04 02:16:36
300
2023-11-04 02:18:10
elapsed:  524.9  seconds
350
2023-11-04 02:19:50
400
2023-11-04 02:21:22
elapsed:  716.6  seconds
450
2023-11-04 02:22:58
500
2023-11-04 02:24:26
elapsed:  900.5  seconds
550
2023-11-04 02:26:10
600
2023-11-04 02:27:48
elapsed:  1102.9  seconds
650
2023-11-04 02:29:15
700
2023-11-04 02:30:53
elapsed:  1287.5  seconds
750
2023-11-04 02:32:28
800
2023-11-04 02:34:01
elapsed:  1476.3  seconds
850
2023-11-04 02:35:43
900
2023-11-04 02:37:25
elapsed:  1680.1  seconds
950
2023-11-04 02:38:56
1000
2023-11-04 02:40:32
elapsed:  1866.9  seconds
1050
2023-11-04 02:42:14
1100
2023-11-04 02:43:51
elapsed:  2065.8  seconds
1150
2023-11-04 02:45:30
1200
2023-11-04 02:46:49
elapsed:  2243.9  seconds
1250
2023-11-04 02:48:23
1300
2023-11-04 02:50:01
elapsed:  2435.9  seconds
1350
2023-11-04 02:51:42
1400
2023-11-04 02:53:18
elapsed:  2633.0  seconds
1450
2023-11-04 02:54:54
1500
2023-11-04 02:56:34
elapsed:  2828.3  seconds
1550
2023-11-04 02:58:13
1600
2023-11-04 02:59:48
elapsed:  3023.1  seconds
1650
2023-11-04 03:01:31
1700
2023-11-04 03:03:06
elapsed:  3220.5  seconds
1750
2023-11-04 03:04:34
1800
2023-11-04 03:06:07
elapsed:  3401.4  seconds
1850
2023-11-04 03:07:45
1900
2023-11-04 03:09:22
elapsed:  3596.7  seconds
1950
2023-11-04 03:11:07
2000
2023-11-04 03:12:39
elapsed:  3794.2  seconds
2050
2023-11-04 03:14:20
2100
2023-11-04 03:15:49
elapsed:  3983.6  seconds
2150
2023-11-04 03:17:28
2200
2023-11-04 03:19:09
elapsed:  4183.9  seconds
2250
2023-11-04 03:20:43
2300
2023-11-04 03:22:20
elapsed:  4374.6  seconds
2350
2023-11-04 03:23:59
2400
2023-11-04 03:25:41
elapsed:  4576.2  seconds
2450
2023-11-04 03:27:24
2500
2023-11-04 03:28:52
elapsed:  4766.7  seconds
2550
2023-11-04 03:30:29
2600
2023-11-04 03:32:02
elapsed:  4956.6  seconds
2650
2023-11-04 03:33:42
2700
2023-11-04 03:35:19
elapsed:  5153.7  seconds
2750
2023-11-04 03:36:40
2800
2023-11-04 03:38:20
elapsed:  5334.6  seconds
2850
2023-11-04 03:39:57
2900
2023-11-04 03:41:35
elapsed:  5530.3  seconds
2950
2023-11-04 03:43:09
3000
2023-11-04 03:44:46
elapsed:  5720.8  seconds
3050
2023-11-04 03:46:25
3100
2023-11-04 03:47:54
elapsed:  5908.7  seconds
3150
2023-11-04 03:49:25
3200
2023-11-04 03:51:01
elapsed:  6095.9  seconds
3250
2023-11-04 03:52:42
3300
2023-11-04 03:54:26
elapsed:  6300.7  seconds
3350
2023-11-04 03:56:06
3400
2023-11-04 03:57:41
elapsed:  6495.7  seconds
3450
2023-11-04 03:59:18
3500
2023-11-04 04:00:58
elapsed:  6693.2  seconds
3550
2023-11-04 04:02:35
3600
2023-11-04 04:04:16
elapsed:  6891.2  seconds
3650
2023-11-04 04:05:54
3700
2023-11-04 04:07:30
elapsed:  7084.5  seconds
3750
2023-11-04 04:09:12
3800
2023-11-04 04:10:47
elapsed:  7282.1  seconds
3850
2023-11-04 04:12:19
3900
2023-11-04 04:13:55
elapsed:  7469.9  seconds
3950
2023-11-04 04:15:30
4000
2023-11-04 04:17:01
elapsed:  7655.4  seconds
4050
2023-11-04 04:18:39
4100
2023-11-04 04:20:17
elapsed:  7852.3  seconds
4150
2023-11-04 04:21:51
4200
2023-11-04 04:23:30
elapsed:  8044.8  seconds
4250
2023-11-04 04:25:04
4300
2023-11-04 04:26:32
elapsed:  8226.5  seconds
4350
2023-11-04 04:28:09
4400
2023-11-04 04:29:44
elapsed:  8418.4  seconds
4450
2023-11-04 04:31:18
4500
2023-11-04 04:32:46
elapsed:  8600.6  seconds
4550
2023-11-04 04:34:19
4600
2023-11-04 04:36:01
elapsed:  8795.3  seconds
4650
2023-11-04 04:37:32
4700
2023-11-04 04:39:03
elapsed:  8977.5  seconds
4750
2023-11-04 04:40:26
4800
2023-11-04 04:41:57
elapsed:  9151.8  seconds
4850
2023-11-04 04:43:25
4900
2023-11-04 04:45:07
elapsed:  9341.5  seconds
4950
2023-11-04 04:46:47
5000
2023-11-04 04:48:24
elapsed:  9538.9  seconds
5050
2023-11-04 04:50:03
5100
2023-11-04 04:51:35
elapsed:  9729.6  seconds
5150
2023-11-04 04:53:15
5200
2023-11-04 04:54:49
elapsed:  9923.7  seconds
5250
2023-11-04 04:56:25
5300
2023-11-04 04:57:59
elapsed:  10113.7  seconds
5350
2023-11-04 04:59:34
5400
2023-11-04 05:01:16
elapsed:  10310.6  seconds
5450
2023-11-04 05:02:49
5500
2023-11-04 05:04:20
elapsed:  10494.5  seconds
5550
2023-11-04 05:05:57
5600
2023-11-04 05:07:30
elapsed:  10684.7  seconds
5650
2023-11-04 05:09:09
5700
2023-11-04 05:10:43
elapsed:  10877.9  seconds
5750
2023-11-04 05:12:19
5800
2023-11-04 05:13:52
elapsed:  11067.2  seconds
5850
2023-11-04 05:15:27
5900
2023-11-04 05:17:05
elapsed:  11259.5  seconds
5950
2023-11-04 05:18:45
6000
2023-11-04 05:20:24
elapsed:  11459.1  seconds
6050
2023-11-04 05:21:59
6100
2023-11-04 05:23:30
elapsed:  11644.4  seconds
6150
2023-11-04 05:25:09
6200
2023-11-04 05:26:43
elapsed:  11837.5  seconds
6250
2023-11-04 05:28:27
6300
2023-11-04 05:29:55
elapsed:  12029.4  seconds
6350
2023-11-04 05:31:34
6400
2023-11-04 05:33:11
elapsed:  12225.5  seconds
6450
2023-11-04 05:34:46
6500
2023-11-04 05:36:22
elapsed:  12416.3  seconds
6550
2023-11-04 05:38:00
6600
2023-11-04 05:39:37
elapsed:  12612.2  seconds
6650
2023-11-04 05:41:18
6700
2023-11-04 05:42:48
elapsed:  12802.9  seconds
6750
2023-11-04 05:44:35
6800
2023-11-04 05:46:17
elapsed:  13012.1  seconds
6850
2023-11-04 05:47:56
6900
2023-11-04 05:49:36
elapsed:  13210.5  seconds
6950
2023-11-04 05:51:13
7000
2023-11-04 05:52:43
elapsed:  13398.0  seconds
7050
2023-11-04 05:54:17
7100
2023-11-04 05:55:44
elapsed:  13578.8  seconds
7150
2023-11-04 05:57:20
7200
2023-11-04 05:58:54
elapsed:  13768.3  seconds
7250
2023-11-04 06:00:26
7300
2023-11-04 06:02:00
elapsed:  13955.0  seconds
7350
2023-11-04 06:03:30
7400
2023-11-04 06:04:56
elapsed:  14130.3  seconds
7450
2023-11-04 06:06:31
7500
2023-11-04 06:07:47
elapsed:  14302.0  seconds
7550
2023-11-04 06:09:17
7600
2023-11-04 06:10:46
elapsed:  14480.6  seconds
7650
2023-11-04 06:12:10
7700
2023-11-04 06:13:42
elapsed:  14657.1  seconds
7750
2023-11-04 06:15:17
7800
2023-11-04 06:17:01
elapsed:  14855.4  seconds
7850
2023-11-04 06:18:41
7900
2023-11-04 06:20:21
elapsed:  15055.7  seconds
7950
2023-11-04 06:22:05
8000
2023-11-04 06:23:42
elapsed:  15257.0  seconds
8050
2023-11-04 06:25:28
8100
2023-11-04 06:27:08
elapsed:  15462.4  seconds
8150
2023-11-04 06:28:50
8200
2023-11-04 06:30:31
elapsed:  15665.7  seconds
8250
2023-11-04 06:32:11
8300
2023-11-04 06:33:55
elapsed:  15869.6  seconds
8350
2023-11-04 06:35:39
8400
2023-11-04 06:37:21
elapsed:  16075.9  seconds
8450
2023-11-04 06:39:06
8500
2023-11-04 06:40:47
elapsed:  16281.4  seconds
8550
2023-11-04 06:42:24
8600
2023-11-04 06:43:58
elapsed:  16473.0  seconds
8650
2023-11-04 06:45:33
8700
2023-11-04 06:47:10
elapsed:  16664.8  seconds
8750
2023-11-04 06:48:46
8800
2023-11-04 06:50:26
elapsed:  16861.1  seconds
8850
2023-11-04 06:52:05
8900
2023-11-04 06:53:36
elapsed:  17051.0  seconds
8950
2023-11-04 06:55:12
9000
2023-11-04 06:56:57
elapsed:  17251.3  seconds
9050
2023-11-04 06:58:33
9100
2023-11-04 07:00:14
elapsed:  17449.1  seconds
9150
2023-11-04 07:01:51
9200
2023-11-04 07:03:25
elapsed:  17639.6  seconds
9250
2023-11-04 07:04:58
9300
2023-11-04 07:06:28
elapsed:  17822.7  seconds
9350
2023-11-04 07:08:01
9400
2023-11-04 07:09:27
elapsed:  18002.3  seconds
9450
2023-11-04 07:11:00
9500
2023-11-04 07:12:44
elapsed:  18199.0  seconds
9550
2023-11-04 07:14:24
9600
2023-11-04 07:16:06
elapsed:  18401.2  seconds
9650
2023-11-04 07:17:47
9700
2023-11-04 07:19:27
elapsed:  18601.8  seconds
9750
2023-11-04 07:21:02
9800
2023-11-04 07:22:34
elapsed:  18788.9  seconds
9850
2023-11-04 07:24:10
9900
2023-11-04 07:25:49
elapsed:  18983.9  seconds
9950
2023-11-04 07:27:28
10000
2023-11-04 07:29:02
elapsed:  19176.9  seconds
10050
2023-11-04 07:30:36
10100
2023-11-04 07:32:00
elapsed:  19354.4  seconds
10150
2023-11-04 07:33:32
10200
2023-11-04 07:35:09
elapsed:  19543.8  seconds
10250
2023-11-04 07:36:44
10300
2023-11-04 07:38:25
elapsed:  19739.4  seconds
10350
2023-11-04 07:40:05
10400
2023-11-04 07:41:45
elapsed:  19940.1  seconds
10450
2023-11-04 07:43:27
10500
2023-11-04 07:44:50
elapsed:  20124.9  seconds
10550
2023-11-04 07:46:30
10600
2023-11-04 07:48:16
elapsed:  20330.5  seconds
10650
2023-11-04 07:49:54
10700
2023-11-04 07:51:32
elapsed:  20526.3  seconds
10750
2023-11-04 07:53:13
10800
2023-11-04 07:54:46
elapsed:  20720.7  seconds
10850
2023-11-04 07:56:17
10900
2023-11-04 07:58:00
elapsed:  20915.1  seconds
10950
2023-11-04 07:59:37
11000
2023-11-04 08:01:09
elapsed:  21103.9  seconds
11050
2023-11-04 08:02:46
11100
2023-11-04 08:04:19
elapsed:  21293.9  seconds
11150
2023-11-04 08:05:55
11200
2023-11-04 08:07:33
elapsed:  21487.8  seconds
11250
2023-11-04 08:09:10
11300
2023-11-04 08:10:44
elapsed:  21678.4  seconds
11350
2023-11-04 08:12:19
11400
2023-11-04 08:13:50
elapsed:  21864.5  seconds
11450
2023-11-04 08:15:32
11500
2023-11-04 08:17:15
elapsed:  22069.8  seconds
11550
2023-11-04 08:19:00
11600
2023-11-04 08:20:44
elapsed:  22279.0  seconds
11650
2023-11-04 08:22:29
11700
2023-11-04 08:24:05
elapsed:  22479.3  seconds
11750
2023-11-04 08:25:48
11800
2023-11-04 08:27:28
elapsed:  22682.9  seconds
11850
2023-11-04 08:29:12
11900
2023-11-04 08:30:51
elapsed:  22886.3  seconds
11950
2023-11-04 08:32:34
12000
2023-11-04 08:34:07
elapsed:  23081.4  seconds
12050
2023-11-04 08:35:42
12100
2023-11-04 08:37:20
elapsed:  23274.5  seconds
12150
2023-11-04 08:38:58
12200
2023-11-04 08:40:44
elapsed:  23478.9  seconds
12250
2023-11-04 08:42:26
12300
2023-11-04 08:44:06
elapsed:  23681.0  seconds
12350
2023-11-04 08:45:52
12400
2023-11-04 08:47:26
elapsed:  23880.5  seconds
12450
2023-11-04 08:49:10
12500
2023-11-04 08:50:54
elapsed:  24088.8  seconds
12550
2023-11-04 08:52:39
12600
2023-11-04 08:54:12
elapsed:  24286.7  seconds
12650
2023-11-04 08:55:48
12700
2023-11-04 08:57:26
elapsed:  24480.4  seconds
12750
2023-11-04 08:58:57
12800
2023-11-04 09:00:34
elapsed:  24669.3  seconds
12850
2023-11-04 09:02:07
12900
2023-11-04 09:03:48
elapsed:  24862.6  seconds
12950
2023-11-04 09:05:23
13000
2023-11-04 09:07:02
elapsed:  25056.8  seconds
13050
2023-11-04 09:08:53
13100
2023-11-04 09:10:31
elapsed:  25265.8  seconds
13150
2023-11-04 09:12:09
13200
2023-11-04 09:13:37
elapsed:  25451.8  seconds
13250
2023-11-04 09:15:10
13300
2023-11-04 09:16:48
elapsed:  25642.7  seconds
13350
2023-11-04 09:18:20
13400
2023-11-04 09:20:01
elapsed:  25836.2  seconds
13450
2023-11-04 09:21:36
13500
2023-11-04 09:23:11
elapsed:  26025.7  seconds
13550
2023-11-04 09:24:48
13600
2023-11-04 09:26:28
elapsed:  26223.3  seconds
13650
2023-11-04 09:28:04
13700
2023-11-04 09:29:40
elapsed:  26414.8  seconds
13750
2023-11-04 09:31:18
13800
2023-11-04 09:32:59
elapsed:  26613.5  seconds
13850
2023-11-04 09:34:25
13900
2023-11-04 09:35:40
elapsed:  26775.0  seconds
13950
2023-11-04 09:37:18
14000
2023-11-04 09:38:57
elapsed:  26971.6  seconds
14050
2023-11-04 09:40:32
14100
2023-11-04 09:42:07
elapsed:  27161.9  seconds
14150
2023-11-04 09:43:51
14200
2023-11-04 09:45:24
elapsed:  27359.1  seconds
14250
2023-11-04 09:47:03
14300
2023-11-04 09:48:39
elapsed:  27554.1  seconds
14350
2023-11-04 09:50:22
14400
2023-11-04 09:51:56
elapsed:  27751.0  seconds
14450
2023-11-04 09:53:37
14500
2023-11-04 09:55:11
elapsed:  27945.5  seconds
14550
2023-11-04 09:56:41
14600
2023-11-04 09:58:21
elapsed:  28136.3  seconds
14650
2023-11-04 10:00:00
14700
2023-11-04 10:01:38
elapsed:  28332.4  seconds
14750
2023-11-04 10:03:17
14800
2023-11-04 10:05:00
elapsed:  28535.2  seconds
14850
2023-11-04 10:06:27
14900
2023-11-04 10:07:39
elapsed:  28693.3  seconds
14950
2023-11-04 10:09:11
elapsed:  28871.8  seconds
total time:  28875.0  seconds
true R:  [[1.77738029e+02 2.39785969e-01 3.21910700e-01 1.29713273e+01
  2.10761703e+01 4.06508615e-01 3.03856066e+01 2.82550969e+01
  1.45152256e+02 8.86866554e-01 1.69005800e-01 1.65183770e+00
  6.60045787e-01 8.66599791e+00 5.22062096e+00 2.34609324e-01
  1.77385725e+00 8.13354257e+00 9.44730325e-02 2.41220059e-01
  7.97746957e+00 2.73062961e+00 1.89846853e+00 4.77981123e-01
  2.40897823e+02 3.86779911e+00 2.05764330e-01 2.92687619e-01
  5.16541609e+00 5.21917252e-01 1.29237611e+00 1.42040025e+00
  4.28273377e+00 5.27502717e-01 1.97494459e-01 1.22833153e+01
  2.10789857e-01 1.14339970e+01 4.33763670e-01 3.67972959e-01
  3.10842252e-01 2.59550557e+00 5.93569547e-01 1.85556853e-01
  2.02525515e+00 3.43569019e+00 2.90208136e+01 3.47001980e-01
  8.52026669e-01 9.30121657e-01 6.20561615e+05 7.18250164e+01
  2.91045900e+00 6.49564090e-02 7.86851091e-01 3.11807286e-01
  6.43133842e+00 3.39444818e-01 2.50161046e-01 1.38313822e+00
  8.20636518e-01 6.03816679e+02 1.72203891e-01 1.14566365e+01]
 [1.11358383e+00 9.25520902e-02 1.16088480e+00 3.03948116e+02
  1.43243554e+00 4.72567729e+00 5.52876979e+00 2.52567811e-01
  1.66234318e-01 3.29755020e+02 1.25579426e+00 9.67339431e-01
  7.56113073e-01 2.33880064e+00 4.44203385e-01 1.32151212e+00
  4.58331011e-01 1.90047475e-01 2.48490783e-01 1.11974281e+00
  4.23467656e+02 1.58599678e-01 1.26788431e+01 7.19895244e-01
  5.11606480e+00 1.78545744e-01 1.44125387e+01 2.03235579e+00
  6.29194446e-01 5.32834488e-01 3.62377427e-01 5.39239261e-01
  4.04783409e-02 9.56467058e+00 2.88568317e-01 1.14269258e+00
  5.23480036e+00 2.91117462e+00 5.27327744e+00 1.30875171e-01
  1.96274572e-01 1.26467187e+00 3.21436142e+01 2.91251614e+01
  1.82942732e+00 1.55624179e-01 1.17396131e+00 1.05250301e+01
  8.19362024e+01 1.64068628e+00 9.95715867e+00 1.45640654e+00
  3.13720627e+01 5.74095964e-01 3.56360146e-01 2.02357693e-01
  1.54776135e+01 3.28635509e+00 8.54316553e-01 2.19417014e-01
  6.00524020e-01 2.43574939e+00 2.07752635e+01 2.12266077e-01]
 [2.74962700e-01 8.67034521e-01 8.75165619e+00 8.71607692e-02
  1.18054988e+01 4.48669984e-01 2.68530801e-01 3.86622455e+01
  3.01348579e+01 2.11898525e+02 1.14095362e-01 7.98728921e-02
  2.24088461e-01 5.32131007e-01 4.10282927e-01 1.78018695e+00
  9.83718329e-01 6.88867119e-01 9.63066796e+00 2.77612119e-01
  2.86910796e-01 6.60144932e-01 1.67991580e+00 1.08278069e+01
  9.41673926e-02 1.06557344e+01 3.09531653e+02 1.59972863e+01
  1.81113753e+00 2.95897897e-01 2.02186640e+00 5.45264382e-01
  1.16661366e+00 1.93461382e-01 3.48723189e-01 1.43332316e-01
  1.06042136e+00 3.07899462e+00 4.16871553e-01 5.26862382e+00
  5.32220716e-01 1.05982969e+01 2.49113036e+01 8.17203191e+02
  4.99311855e-01 2.29208971e+02 1.21915846e+02 8.91164935e-01
  1.88118387e+00 2.00565364e+00 5.10587913e-01 8.15349841e-01
  9.49321655e-01 2.27267537e+00 4.58758526e-01 2.68955101e+00
  1.31909764e+01 3.14707534e-01 1.23715732e+00 1.45784539e+00
  1.00487114e+01 3.46485670e+00 3.25228600e+01 1.54342146e+00]
 [1.51681897e-01 1.77371734e+00 5.92093901e-01 8.18265428e+00
  2.99975573e+01 2.46621748e+00 2.01002730e+00 1.67846931e+00
  8.60632459e-01 8.68410669e-01 6.57090684e-01 6.99148030e-01
  2.97491353e-01 1.22250433e-01 4.20705714e-01 9.12604009e-01
  1.13492907e+00 3.45095525e+00 6.13976866e-01 7.33264181e+01
  2.49987465e-01 8.38463852e-01 1.82899477e-01 9.39864472e-01
  9.49861198e-01 4.02581813e-01 1.23963835e+00 2.02066301e-01
  3.00122390e+00 5.92974146e-01 2.36277629e-01 1.23481626e+02
  4.30616470e-01 4.83612089e-01 8.72955661e-01 4.11008532e-01
  2.70315155e-01 5.16342704e-01 4.51378570e+01 2.23030729e+00
  1.77884525e-01 4.71088776e+00 2.63876275e+00 1.80957372e-01
  4.19883497e+01 3.38076374e+00 1.40137218e+01 1.56389525e+00
  1.91008194e-01 2.67882856e+00 2.01335706e+00 2.90051663e-01
  3.63619327e-01 7.43942207e-01 3.66483522e-01 3.87605593e-01
  8.65162112e-01 8.88802021e-01 2.73056770e+00 1.09060023e+00
  1.02454260e+02 1.88154620e+00 6.33542109e+01 9.18029341e+00]
 [3.16709680e-01 4.85528178e+01 5.15274707e+00 1.18999309e+01
  2.45475378e+00 4.37436356e+00 1.22033372e+00 5.59080320e-01
  1.32633134e+00 1.50944948e+01 1.08848498e+01 1.63360775e-01
  1.16190398e+00 1.60917271e-01 2.88776762e-01 4.43791289e+01
  3.96200926e-01 1.09642972e+00 2.94527554e-01 1.42857819e+01
  3.24577638e-01 8.77227806e+00 2.23138734e-01 1.05403801e+00
  9.85300548e-01 1.43612111e+00 6.82447445e-01 1.02368328e+00
  1.84435269e+02 6.59784459e-01 8.73359951e-01 8.67349096e-02
  1.54294803e+02 3.24934442e+00 3.66040288e+01 4.70109314e+00
  1.04041931e+00 7.54218259e-01 9.20352578e-01 8.16345732e-02
  1.46647606e-01 1.88126222e+01 3.96210709e+00 7.11987508e+00
  4.04787296e+00 5.80351892e-01 9.13175066e+00 7.65818609e+00
  1.61337428e+00 2.93274022e-01 5.20521804e-01 6.48916744e+00
  9.02161107e-01 3.85070714e+00 9.06580827e-01 1.56213577e+00
  1.53974801e-01 1.62405475e+01 9.79806210e+00 1.58909138e+00
  6.36173560e-01 1.74583878e+00 1.88234496e+00 4.55210691e+02]
 [1.06786634e+00 3.10957624e+02 9.76958886e-02 5.14987312e+01
  4.05403893e+01 1.72456510e+01 1.45376731e-01 2.49720701e-01
  1.96045784e+00 3.48546571e+00 7.02682510e+00 7.42689797e-01
  4.26621934e-01 6.11319419e+00 3.51907511e-01 9.69313085e+00
  1.44263493e+00 7.97584968e-01 2.05797282e-01 7.31398127e-01
  1.26595840e+01 2.71453123e-01 4.84398756e-01 6.68642783e+00
  4.40480669e+00 8.89832047e+01 1.19451233e+01 3.01574022e+00
  5.14071961e-01 8.64693649e+00 2.50908579e-01 1.27780284e-01
  4.91673080e-01 7.47631484e+01 2.37399062e+00 1.52685006e+00
  1.95710734e-01 6.79240714e-01 2.42824083e+01 8.77868185e-01
  2.08714473e+00 2.92222443e+01 2.33275164e+01 3.47924782e-01
  4.49942408e+00 2.59895412e-01 5.48246015e-01 2.70417097e+00
  3.83963011e+00 2.46676362e-01 2.55281036e-01 3.03649423e+00
  2.47572956e+01 4.15187674e+00 1.99616982e-01 2.29524425e-01
  1.11080927e+00 5.70054766e+01 1.79124819e-01 5.31938563e-01
  1.95954792e+00 5.51673295e-01 1.31633297e+00 3.38385379e+00]
 [1.38631845e+00 2.96197871e-01 4.89387814e-01 2.40961212e+01
  1.34960366e+00 3.57093539e-01 9.71166631e-02 6.29135194e+00
  2.19611974e+00 2.32048849e+00 4.54877065e+00 1.25994563e+00
  6.26287915e+00 5.62656475e-01 1.00580755e+00 9.38669474e-01
  7.88524635e-01 4.87439493e-01 3.52073556e+00 4.13384421e-01
  9.63905615e+04 1.35414142e+00 4.35080780e-01 1.30148618e-01
  8.14578385e+00 1.37587758e-01 1.15242219e+02 2.53526145e-01
  3.99981867e+00 2.39679128e+00 1.20612968e+01 3.38534418e+00
  7.48583687e-01 1.04877604e+02 3.79685280e+00 1.19774261e-01
  1.97058617e-01 6.41395799e+01 3.81879108e-01 2.04110432e+00
  4.10000675e+00 1.02072380e+00 1.33443484e+03 5.61491232e+02
  1.73441014e-01 5.75735053e+00 6.68731479e+00 7.31628831e+01
  8.05729851e+00 1.29831319e+00 3.07540553e+00 4.64494647e-01
  9.60191196e-01 5.12731245e-01 1.68869689e+00 3.36952130e+02
  8.12339077e-01 3.11178407e+00 1.28270633e+01 5.93766256e-01
  2.81695776e-01 1.13561331e+00 2.12817043e+01 6.79588265e+00]
 [1.44500759e+00 1.88310385e-01 8.50195187e-01 2.84427852e-01
  5.32616573e-01 2.35162732e+02 1.79474232e+00 4.31793027e-01
  2.27160713e-01 7.52661515e-01 2.99805934e-01 2.51002373e+00
  2.49332333e+00 1.32322784e-01 2.30240087e+00 2.56158386e-01
  1.02146345e+00 5.93466971e-01 1.28177240e+01 2.01029010e+00
  3.00369165e+01 1.65080669e+01 1.31355811e+00 9.25074437e+00
  1.29501519e+01 1.84456930e+00 1.09379327e-01 2.34921248e+00
  1.44084717e+00 4.77133254e+00 6.39703354e-01 6.91863446e+01
  8.95448139e+01 4.65209939e-01 1.73430054e+00 3.10947062e-01
  1.55287266e+00 2.50837344e+00 4.68570903e-01 3.25913941e+00
  4.11806246e-01 3.11340940e-01 8.64116910e+01 1.32667698e+00
  1.23580283e+00 1.04735375e+01 3.91971539e-01 1.54179775e+00
  2.17051370e-01 1.52894740e+01 1.37542150e-01 1.17828945e-01
  7.02736029e-01 2.69241406e-01 5.39203560e-01 1.23551771e+00
  3.89515207e-01 9.20588889e-01 2.52098125e-01 3.28850399e+00
  4.91834970e-01 1.59026265e+00 1.64802505e+00 1.81376731e-01]
 [3.24164324e-01 1.73398033e+00 1.65594544e+01 2.09973714e+01
  8.56248534e+02 2.55727226e+01 4.90276012e-01 3.59798926e-01
  3.80060057e+00 1.84302014e+01 2.10580599e+00 1.49733583e+00
  1.02519226e+01 5.46999850e-01 3.11770626e-01 6.76078006e-01
  8.36776174e-01 2.69601190e+00 6.63921108e-01 1.28884553e+00
  4.33134825e-01 1.09395473e+02 1.60452376e+02 3.50871589e-01
  2.71854771e+01 8.82869165e+00 8.43774602e-01 9.39230935e-01
  7.96773466e-01 5.41675119e-01 7.33804119e-01 2.55608011e-01
  1.48826101e-01 2.50232784e+02 4.82551529e+00 3.26129107e+00
  3.07509308e+00 1.64448802e-01 3.89999242e-01 1.18499597e+00
  8.97024741e-01 1.26596058e-01 3.23680554e+01 9.63492724e-01
  2.46780312e+00 5.08943329e+00 3.60998742e-01 1.11391172e+03
  1.16779917e+01 4.88913500e-01 3.48603221e-01 5.39963855e-01
  1.95488488e+02 2.39050647e-01 1.44317666e-01 4.37249217e-01
  3.53080830e+00 1.74007120e-01 7.95094139e+00 3.63449191e-01
  1.58393643e+00 1.19259133e+01 3.30585508e+01 9.73437916e-02]]
