1
50
2023-11-11 22:33:41
100
2023-11-11 22:35:23
elapsed:  202.8  seconds
150
2023-11-11 22:37:06
200
2023-11-11 22:38:46
elapsed:  405.4  seconds
250
2023-11-11 22:40:28
300
2023-11-11 22:42:09
elapsed:  608.9  seconds
350
2023-11-11 22:43:51
400
2023-11-11 22:45:32
elapsed:  811.4  seconds
450
2023-11-11 22:47:16
500
2023-11-11 22:48:56
elapsed:  1016.1  seconds
550
2023-11-11 22:50:39
600
2023-11-11 22:52:20
elapsed:  1220.0  seconds
650
2023-11-11 22:54:04
700
2023-11-11 22:55:45
elapsed:  1424.6  seconds
750
2023-11-11 22:57:29
800
2023-11-11 22:59:11
elapsed:  1630.2  seconds
850
2023-11-11 23:00:53
900
2023-11-11 23:02:34
elapsed:  1833.6  seconds
950
2023-11-11 23:04:17
1000
2023-11-11 23:05:58
elapsed:  2037.8  seconds
1050
2023-11-11 23:07:41
1100
2023-11-11 23:09:23
elapsed:  2242.4  seconds
1150
2023-11-11 23:11:06
1200
2023-11-11 23:12:47
elapsed:  2446.1  seconds
1250
2023-11-11 23:14:30
1300
2023-11-11 23:16:12
elapsed:  2651.2  seconds
1350
2023-11-11 23:17:54
1400
2023-11-11 23:19:36
elapsed:  2855.4  seconds
1450
2023-11-11 23:21:19
1500
2023-11-11 23:23:00
elapsed:  3059.4  seconds
1550
2023-11-11 23:24:42
1600
2023-11-11 23:26:24
elapsed:  3263.2  seconds
1650
2023-11-11 23:28:05
1700
2023-11-11 23:29:44
elapsed:  3463.3  seconds
1750
2023-11-11 23:31:26
1800
2023-11-11 23:33:06
elapsed:  3665.4  seconds
1850
2023-11-11 23:34:48
1900
2023-11-11 23:36:30
elapsed:  3869.4  seconds
1950
2023-11-11 23:38:13
2000
2023-11-11 23:39:54
elapsed:  4074.0  seconds
2050
2023-11-11 23:41:37
2100
2023-11-11 23:43:17
elapsed:  4277.1  seconds
2150
2023-11-11 23:45:02
2200
2023-11-11 23:46:43
elapsed:  4482.6  seconds
2250
2023-11-11 23:48:25
2300
2023-11-11 23:50:06
elapsed:  4685.6  seconds
2350
2023-11-11 23:51:49
2400
2023-11-11 23:53:30
elapsed:  4889.9  seconds
2450
2023-11-11 23:55:14
2500
2023-11-11 23:56:54
elapsed:  5094.0  seconds
2550
2023-11-11 23:58:37
2600
2023-11-12 00:00:18
elapsed:  5298.0  seconds
2650
2023-11-12 00:02:01
2700
2023-11-12 00:03:42
elapsed:  5501.5  seconds
2750
2023-11-12 00:05:25
2800
2023-11-12 00:07:06
elapsed:  5705.2  seconds
2850
2023-11-12 00:08:50
2900
2023-11-12 00:10:30
elapsed:  5910.0  seconds
2950
2023-11-12 00:12:14
3000
2023-11-12 00:13:55
elapsed:  6114.6  seconds
3050
2023-11-12 00:15:40
3100
2023-11-12 00:17:21
elapsed:  6320.7  seconds
3150
2023-11-12 00:19:03
3200
2023-11-12 00:20:45
elapsed:  6525.1  seconds
3250
2023-11-12 00:22:28
3300
2023-11-12 00:24:08
elapsed:  6727.5  seconds
3350
2023-11-12 00:25:50
3400
2023-11-12 00:27:33
elapsed:  6932.1  seconds
3450
2023-11-12 00:29:16
3500
2023-11-12 00:30:58
elapsed:  7137.4  seconds
3550
2023-11-12 00:32:41
3600
2023-11-12 00:34:23
elapsed:  7342.1  seconds
3650
2023-11-12 00:36:06
3700
2023-11-12 00:37:48
elapsed:  7547.5  seconds
3750
2023-11-12 00:39:31
3800
2023-11-12 00:41:13
elapsed:  7752.2  seconds
3850
2023-11-12 00:42:55
3900
2023-11-12 00:44:37
elapsed:  7956.6  seconds
3950
2023-11-12 00:46:21
4000
2023-11-12 00:48:01
elapsed:  8160.4  seconds
4050
2023-11-12 00:49:45
4100
2023-11-12 00:51:27
elapsed:  8366.3  seconds
4150
2023-11-12 00:53:11
4200
2023-11-12 00:54:52
elapsed:  8571.9  seconds
4250
2023-11-12 00:56:35
4300
2023-11-12 00:58:14
elapsed:  8774.0  seconds
4350
2023-11-12 00:59:59
4400
2023-11-12 01:01:40
elapsed:  8979.3  seconds
4450
2023-11-12 01:03:23
4500
2023-11-12 01:05:04
elapsed:  9183.7  seconds
4550
2023-11-12 01:06:48
4600
2023-11-12 01:08:29
elapsed:  9389.1  seconds
4650
2023-11-12 01:10:14
4700
2023-11-12 01:11:55
elapsed:  9594.3  seconds
4750
2023-11-12 01:13:38
4800
2023-11-12 01:15:20
elapsed:  9799.9  seconds
4850
2023-11-12 01:17:03
4900
2023-11-12 01:18:43
elapsed:  10002.8  seconds
4950
2023-11-12 01:20:26
5000
2023-11-12 01:22:07
elapsed:  10206.6  seconds
5050
2023-11-12 01:23:50
5100
2023-11-12 01:25:32
elapsed:  10411.3  seconds
5150
2023-11-12 01:27:15
5200
2023-11-12 01:28:56
elapsed:  10615.5  seconds
5250
2023-11-12 01:30:39
5300
2023-11-12 01:32:19
elapsed:  10818.5  seconds
5350
2023-11-12 01:34:02
5400
2023-11-12 01:35:44
elapsed:  11023.6  seconds
5450
2023-11-12 01:37:26
5500
2023-11-12 01:39:07
elapsed:  11226.6  seconds
5550
2023-11-12 01:40:51
5600
2023-11-12 01:42:32
elapsed:  11431.2  seconds
5650
2023-11-12 01:44:16
5700
2023-11-12 01:45:58
elapsed:  11637.3  seconds
5750
2023-11-12 01:47:42
5800
2023-11-12 01:49:23
elapsed:  11843.1  seconds
5850
2023-11-12 01:51:07
5900
2023-11-12 01:52:50
elapsed:  12049.2  seconds
5950
2023-11-12 01:54:33
6000
2023-11-12 01:56:14
elapsed:  12253.7  seconds
6050
2023-11-12 01:57:57
6100
2023-11-12 01:59:38
elapsed:  12457.9  seconds
6150
2023-11-12 02:01:20
6200
2023-11-12 02:03:00
elapsed:  12659.8  seconds
6250
2023-11-12 02:04:43
6300
2023-11-12 02:06:25
elapsed:  12864.7  seconds
6350
2023-11-12 02:08:06
6400
2023-11-12 02:09:46
elapsed:  13066.0  seconds
6450
2023-11-12 02:11:29
6500
2023-11-12 02:13:11
elapsed:  13270.4  seconds
6550
2023-11-12 02:14:54
6600
2023-11-12 02:16:34
elapsed:  13473.8  seconds
6650
2023-11-12 02:18:17
6700
2023-11-12 02:19:57
elapsed:  13676.6  seconds
6750
2023-11-12 02:21:40
6800
2023-11-12 02:23:20
elapsed:  13880.0  seconds
6850
2023-11-12 02:25:03
6900
2023-11-12 02:26:44
elapsed:  14084.1  seconds
6950
2023-11-12 02:28:28
7000
2023-11-12 02:30:09
elapsed:  14288.5  seconds
7050
2023-11-12 02:31:51
7100
2023-11-12 02:33:34
elapsed:  14493.6  seconds
7150
2023-11-12 02:35:18
7200
2023-11-12 02:37:01
elapsed:  14700.3  seconds
7250
2023-11-12 02:38:45
7300
2023-11-12 02:40:27
elapsed:  14906.5  seconds
7350
2023-11-12 02:42:10
7400
2023-11-12 02:43:52
elapsed:  15111.6  seconds
7450
2023-11-12 02:45:35
7500
2023-11-12 02:47:16
elapsed:  15316.0  seconds
7550
2023-11-12 02:48:58
7600
2023-11-12 02:50:39
elapsed:  15518.6  seconds
7650
2023-11-12 02:52:23
7700
2023-11-12 02:54:04
elapsed:  15723.8  seconds
7750
2023-11-12 02:55:47
7800
2023-11-12 02:57:27
elapsed:  15926.5  seconds
7850
2023-11-12 02:59:11
7900
2023-11-12 03:00:52
elapsed:  16131.6  seconds
7950
2023-11-12 03:02:35
8000
2023-11-12 03:04:16
elapsed:  16335.9  seconds
8050
2023-11-12 03:05:59
8100
2023-11-12 03:07:41
elapsed:  16540.3  seconds
8150
2023-11-12 03:09:24
8200
2023-11-12 03:11:05
elapsed:  16744.6  seconds
8250
2023-11-12 03:12:48
8300
2023-11-12 03:14:30
elapsed:  16949.3  seconds
8350
2023-11-12 03:16:13
8400
2023-11-12 03:17:55
elapsed:  17154.5  seconds
8450
2023-11-12 03:19:37
8500
2023-11-12 03:21:18
elapsed:  17357.9  seconds
8550
2023-11-12 03:23:02
8600
2023-11-12 03:24:43
elapsed:  17562.9  seconds
8650
2023-11-12 03:26:27
8700
2023-11-12 03:28:08
elapsed:  17767.9  seconds
8750
2023-11-12 03:29:51
8800
2023-11-12 03:31:32
elapsed:  17971.4  seconds
8850
2023-11-12 03:33:12
8900
2023-11-12 03:34:53
elapsed:  18172.6  seconds
8950
2023-11-12 03:36:36
9000
2023-11-12 03:38:18
elapsed:  18378.0  seconds
9050
2023-11-12 03:40:01
9100
2023-11-12 03:41:42
elapsed:  18581.9  seconds
9150
2023-11-12 03:43:24
9200
2023-11-12 03:45:05
elapsed:  18784.7  seconds
9250
2023-11-12 03:46:48
9300
2023-11-12 03:48:31
elapsed:  18990.2  seconds
9350
2023-11-12 03:50:13
9400
2023-11-12 03:51:54
elapsed:  19193.7  seconds
9450
2023-11-12 03:53:37
9500
2023-11-12 03:55:17
elapsed:  19396.7  seconds
9550
2023-11-12 03:57:00
9600
2023-11-12 03:58:41
elapsed:  19600.9  seconds
9650
2023-11-12 04:00:24
9700
2023-11-12 04:02:02
elapsed:  19801.4  seconds
9750
2023-11-12 04:03:43
9800
2023-11-12 04:05:24
elapsed:  20003.4  seconds
9850
2023-11-12 04:07:06
9900
2023-11-12 04:08:47
elapsed:  20206.3  seconds
9950
2023-11-12 04:10:30
10000
2023-11-12 04:12:04
elapsed:  20403.8  seconds
10050
2023-11-12 04:13:45
10100
2023-11-12 04:15:23
elapsed:  20603.0  seconds
10150
2023-11-12 04:17:06
10200
2023-11-12 04:18:47
elapsed:  20807.1  seconds
10250
2023-11-12 04:20:31
10300
2023-11-12 04:22:11
elapsed:  21010.8  seconds
10350
2023-11-12 04:23:55
10400
2023-11-12 04:25:36
elapsed:  21215.7  seconds
10450
2023-11-12 04:27:18
10500
2023-11-12 04:28:59
elapsed:  21418.4  seconds
10550
2023-11-12 04:30:42
10600
2023-11-12 04:32:23
elapsed:  21622.7  seconds
10650
2023-11-12 04:34:06
10700
2023-11-12 04:35:48
elapsed:  21827.7  seconds
10750
2023-11-12 04:37:31
10800
2023-11-12 04:39:12
elapsed:  22031.3  seconds
10850
2023-11-12 04:40:55
10900
2023-11-12 04:42:35
elapsed:  22234.7  seconds
10950
2023-11-12 04:44:16
11000
2023-11-12 04:45:56
elapsed:  22436.0  seconds
11050
2023-11-12 04:47:39
11100
2023-11-12 04:49:20
elapsed:  22639.2  seconds
11150
2023-11-12 04:51:02
11200
2023-11-12 04:52:44
elapsed:  22843.2  seconds
11250
2023-11-12 04:54:27
11300
2023-11-12 04:56:09
elapsed:  23048.6  seconds
11350
2023-11-12 04:57:52
11400
2023-11-12 04:59:33
elapsed:  23252.7  seconds
11450
2023-11-12 05:01:15
11500
2023-11-12 05:02:56
elapsed:  23455.3  seconds
11550
2023-11-12 05:04:38
11600
2023-11-12 05:06:18
elapsed:  23657.7  seconds
11650
2023-11-12 05:08:02
11700
2023-11-12 05:09:43
elapsed:  23863.1  seconds
11750
2023-11-12 05:11:28
11800
2023-11-12 05:13:09
elapsed:  24068.7  seconds
11850
2023-11-12 05:14:52
11900
2023-11-12 05:16:34
elapsed:  24273.5  seconds
11950
2023-11-12 05:18:17
12000
2023-11-12 05:19:58
elapsed:  24477.7  seconds
12050
2023-11-12 05:21:42
12100
2023-11-12 05:23:23
elapsed:  24683.0  seconds
12150
2023-11-12 05:25:06
12200
2023-11-12 05:26:46
elapsed:  24885.7  seconds
12250
2023-11-12 05:28:28
12300
2023-11-12 05:30:08
elapsed:  25087.8  seconds
12350
2023-11-12 05:31:50
12400
2023-11-12 05:33:30
elapsed:  25289.9  seconds
12450
2023-11-12 05:35:13
12500
2023-11-12 05:36:54
elapsed:  25493.5  seconds
12550
2023-11-12 05:38:36
12600
2023-11-12 05:40:16
elapsed:  25696.1  seconds
12650
2023-11-12 05:41:59
12700
2023-11-12 05:43:38
elapsed:  25897.9  seconds
12750
2023-11-12 05:45:20
12800
2023-11-12 05:47:00
elapsed:  26099.8  seconds
12850
2023-11-12 05:48:41
12900
2023-11-12 05:50:19
elapsed:  26299.1  seconds
12950
2023-11-12 05:52:03
13000
2023-11-12 05:53:43
elapsed:  26502.5  seconds
13050
2023-11-12 05:55:26
13100
2023-11-12 05:57:07
elapsed:  26707.1  seconds
13150
2023-11-12 05:58:51
13200
2023-11-12 06:00:32
elapsed:  26912.1  seconds
13250
2023-11-12 06:02:15
13300
2023-11-12 06:03:55
elapsed:  27114.9  seconds
13350
2023-11-12 06:05:39
13400
2023-11-12 06:07:20
elapsed:  27319.8  seconds
13450
2023-11-12 06:09:03
13500
2023-11-12 06:10:44
elapsed:  27523.5  seconds
13550
2023-11-12 06:12:26
13600
2023-11-12 06:14:07
elapsed:  27726.7  seconds
13650
2023-11-12 06:15:51
13700
2023-11-12 06:17:32
elapsed:  27931.5  seconds
13750
2023-11-12 06:19:15
13800
2023-11-12 06:20:55
elapsed:  28135.1  seconds
13850
2023-11-12 06:22:38
13900
2023-11-12 06:24:18
elapsed:  28338.0  seconds
13950
2023-11-12 06:26:02
14000
2023-11-12 06:27:43
elapsed:  28542.8  seconds
14050
2023-11-12 06:29:28
14100
2023-11-12 06:31:09
elapsed:  28748.8  seconds
14150
2023-11-12 06:32:52
14200
2023-11-12 06:34:33
elapsed:  28953.1  seconds
14250
2023-11-12 06:36:17
14300
2023-11-12 06:37:59
elapsed:  29158.6  seconds
14350
2023-11-12 06:39:43
14400
2023-11-12 06:41:23
elapsed:  29362.3  seconds
14450
2023-11-12 06:43:05
14500
2023-11-12 06:44:45
elapsed:  29564.9  seconds
14550
2023-11-12 06:46:28
14600
2023-11-12 06:48:10
elapsed:  29769.2  seconds
14650
2023-11-12 06:49:52
14700
2023-11-12 06:51:32
elapsed:  29971.9  seconds
14750
2023-11-12 06:53:14
14800
2023-11-12 06:54:55
elapsed:  30174.2  seconds
14850
2023-11-12 06:56:38
14900
2023-11-12 06:58:19
elapsed:  30378.4  seconds
14950
2023-11-12 07:00:02
elapsed:  30580.4  seconds
total time:  30584.4  seconds
true R:  [[1.77738029e+02 2.39785969e-01 3.21910700e-01 1.29713273e+01
  2.10761703e+01 4.06508615e-01 3.03856066e+01 2.82550969e+01
  1.45152256e+02 8.86866554e-01 1.69005800e-01 1.65183770e+00
  6.60045787e-01 8.66599791e+00 5.22062096e+00 2.34609324e-01
  1.77385725e+00 8.13354257e+00 9.44730325e-02 2.41220059e-01
  7.97746957e+00 2.73062961e+00 1.89846853e+00 4.77981123e-01
  2.40897823e+02 3.86779911e+00 2.05764330e-01 2.92687619e-01
  5.16541609e+00 5.21917252e-01 1.29237611e+00 1.42040025e+00
  4.28273377e+00 5.27502717e-01 1.97494459e-01 1.22833153e+01
  2.10789857e-01 1.14339970e+01 4.33763670e-01 3.67972959e-01
  3.10842252e-01 2.59550557e+00 5.93569547e-01 1.85556853e-01
  2.02525515e+00 3.43569019e+00 2.90208136e+01 3.47001980e-01
  8.52026669e-01 9.30121657e-01 6.20561615e+05 7.18250164e+01
  2.91045900e+00 6.49564090e-02 7.86851091e-01 3.11807286e-01
  6.43133842e+00 3.39444818e-01 2.50161046e-01 1.38313822e+00
  8.20636518e-01 6.03816679e+02 1.72203891e-01 1.14566365e+01]
 [1.11358383e+00 9.25520902e-02 1.16088480e+00 3.03948116e+02
  1.43243554e+00 4.72567729e+00 5.52876979e+00 2.52567811e-01
  1.66234318e-01 3.29755020e+02 1.25579426e+00 9.67339431e-01
  7.56113073e-01 2.33880064e+00 4.44203385e-01 1.32151212e+00
  4.58331011e-01 1.90047475e-01 2.48490783e-01 1.11974281e+00
  4.23467656e+02 1.58599678e-01 1.26788431e+01 7.19895244e-01
  5.11606480e+00 1.78545744e-01 1.44125387e+01 2.03235579e+00
  6.29194446e-01 5.32834488e-01 3.62377427e-01 5.39239261e-01
  4.04783409e-02 9.56467058e+00 2.88568317e-01 1.14269258e+00
  5.23480036e+00 2.91117462e+00 5.27327744e+00 1.30875171e-01
  1.96274572e-01 1.26467187e+00 3.21436142e+01 2.91251614e+01
  1.82942732e+00 1.55624179e-01 1.17396131e+00 1.05250301e+01
  8.19362024e+01 1.64068628e+00 9.95715867e+00 1.45640654e+00
  3.13720627e+01 5.74095964e-01 3.56360146e-01 2.02357693e-01
  1.54776135e+01 3.28635509e+00 8.54316553e-01 2.19417014e-01
  6.00524020e-01 2.43574939e+00 2.07752635e+01 2.12266077e-01]
 [2.74962700e-01 8.67034521e-01 8.75165619e+00 8.71607692e-02
  1.18054988e+01 4.48669984e-01 2.68530801e-01 3.86622455e+01
  3.01348579e+01 2.11898525e+02 1.14095362e-01 7.98728921e-02
  2.24088461e-01 5.32131007e-01 4.10282927e-01 1.78018695e+00
  9.83718329e-01 6.88867119e-01 9.63066796e+00 2.77612119e-01
  2.86910796e-01 6.60144932e-01 1.67991580e+00 1.08278069e+01
  9.41673926e-02 1.06557344e+01 3.09531653e+02 1.59972863e+01
  1.81113753e+00 2.95897897e-01 2.02186640e+00 5.45264382e-01
  1.16661366e+00 1.93461382e-01 3.48723189e-01 1.43332316e-01
  1.06042136e+00 3.07899462e+00 4.16871553e-01 5.26862382e+00
  5.32220716e-01 1.05982969e+01 2.49113036e+01 8.17203191e+02
  4.99311855e-01 2.29208971e+02 1.21915846e+02 8.91164935e-01
  1.88118387e+00 2.00565364e+00 5.10587913e-01 8.15349841e-01
  9.49321655e-01 2.27267537e+00 4.58758526e-01 2.68955101e+00
  1.31909764e+01 3.14707534e-01 1.23715732e+00 1.45784539e+00
  1.00487114e+01 3.46485670e+00 3.25228600e+01 1.54342146e+00]
 [1.51681897e-01 1.77371734e+00 5.92093901e-01 8.18265428e+00
  2.99975573e+01 2.46621748e+00 2.01002730e+00 1.67846931e+00
  8.60632459e-01 8.68410669e-01 6.57090684e-01 6.99148030e-01
  2.97491353e-01 1.22250433e-01 4.20705714e-01 9.12604009e-01
  1.13492907e+00 3.45095525e+00 6.13976866e-01 7.33264181e+01
  2.49987465e-01 8.38463852e-01 1.82899477e-01 9.39864472e-01
  9.49861198e-01 4.02581813e-01 1.23963835e+00 2.02066301e-01
  3.00122390e+00 5.92974146e-01 2.36277629e-01 1.23481626e+02
  4.30616470e-01 4.83612089e-01 8.72955661e-01 4.11008532e-01
  2.70315155e-01 5.16342704e-01 4.51378570e+01 2.23030729e+00
  1.77884525e-01 4.71088776e+00 2.63876275e+00 1.80957372e-01
  4.19883497e+01 3.38076374e+00 1.40137218e+01 1.56389525e+00
  1.91008194e-01 2.67882856e+00 2.01335706e+00 2.90051663e-01
  3.63619327e-01 7.43942207e-01 3.66483522e-01 3.87605593e-01
  8.65162112e-01 8.88802021e-01 2.73056770e+00 1.09060023e+00
  1.02454260e+02 1.88154620e+00 6.33542109e+01 9.18029341e+00]
 [3.16709680e-01 4.85528178e+01 5.15274707e+00 1.18999309e+01
  2.45475378e+00 4.37436356e+00 1.22033372e+00 5.59080320e-01
  1.32633134e+00 1.50944948e+01 1.08848498e+01 1.63360775e-01
  1.16190398e+00 1.60917271e-01 2.88776762e-01 4.43791289e+01
  3.96200926e-01 1.09642972e+00 2.94527554e-01 1.42857819e+01
  3.24577638e-01 8.77227806e+00 2.23138734e-01 1.05403801e+00
  9.85300548e-01 1.43612111e+00 6.82447445e-01 1.02368328e+00
  1.84435269e+02 6.59784459e-01 8.73359951e-01 8.67349096e-02
  1.54294803e+02 3.24934442e+00 3.66040288e+01 4.70109314e+00
  1.04041931e+00 7.54218259e-01 9.20352578e-01 8.16345732e-02
  1.46647606e-01 1.88126222e+01 3.96210709e+00 7.11987508e+00
  4.04787296e+00 5.80351892e-01 9.13175066e+00 7.65818609e+00
  1.61337428e+00 2.93274022e-01 5.20521804e-01 6.48916744e+00
  9.02161107e-01 3.85070714e+00 9.06580827e-01 1.56213577e+00
  1.53974801e-01 1.62405475e+01 9.79806210e+00 1.58909138e+00
  6.36173560e-01 1.74583878e+00 1.88234496e+00 4.55210691e+02]
 [1.06786634e+00 3.10957624e+02 9.76958886e-02 5.14987312e+01
  4.05403893e+01 1.72456510e+01 1.45376731e-01 2.49720701e-01
  1.96045784e+00 3.48546571e+00 7.02682510e+00 7.42689797e-01
  4.26621934e-01 6.11319419e+00 3.51907511e-01 9.69313085e+00
  1.44263493e+00 7.97584968e-01 2.05797282e-01 7.31398127e-01
  1.26595840e+01 2.71453123e-01 4.84398756e-01 6.68642783e+00
  4.40480669e+00 8.89832047e+01 1.19451233e+01 3.01574022e+00
  5.14071961e-01 8.64693649e+00 2.50908579e-01 1.27780284e-01
  4.91673080e-01 7.47631484e+01 2.37399062e+00 1.52685006e+00
  1.95710734e-01 6.79240714e-01 2.42824083e+01 8.77868185e-01
  2.08714473e+00 2.92222443e+01 2.33275164e+01 3.47924782e-01
  4.49942408e+00 2.59895412e-01 5.48246015e-01 2.70417097e+00
  3.83963011e+00 2.46676362e-01 2.55281036e-01 3.03649423e+00
  2.47572956e+01 4.15187674e+00 1.99616982e-01 2.29524425e-01
  1.11080927e+00 5.70054766e+01 1.79124819e-01 5.31938563e-01
  1.95954792e+00 5.51673295e-01 1.31633297e+00 3.38385379e+00]
 [1.38631845e+00 2.96197871e-01 4.89387814e-01 2.40961212e+01
  1.34960366e+00 3.57093539e-01 9.71166631e-02 6.29135194e+00
  2.19611974e+00 2.32048849e+00 4.54877065e+00 1.25994563e+00
  6.26287915e+00 5.62656475e-01 1.00580755e+00 9.38669474e-01
  7.88524635e-01 4.87439493e-01 3.52073556e+00 4.13384421e-01
  9.63905615e+04 1.35414142e+00 4.35080780e-01 1.30148618e-01
  8.14578385e+00 1.37587758e-01 1.15242219e+02 2.53526145e-01
  3.99981867e+00 2.39679128e+00 1.20612968e+01 3.38534418e+00
  7.48583687e-01 1.04877604e+02 3.79685280e+00 1.19774261e-01
  1.97058617e-01 6.41395799e+01 3.81879108e-01 2.04110432e+00
  4.10000675e+00 1.02072380e+00 1.33443484e+03 5.61491232e+02
  1.73441014e-01 5.75735053e+00 6.68731479e+00 7.31628831e+01
  8.05729851e+00 1.29831319e+00 3.07540553e+00 4.64494647e-01
  9.60191196e-01 5.12731245e-01 1.68869689e+00 3.36952130e+02
  8.12339077e-01 3.11178407e+00 1.28270633e+01 5.93766256e-01
  2.81695776e-01 1.13561331e+00 2.12817043e+01 6.79588265e+00]
 [1.44500759e+00 1.88310385e-01 8.50195187e-01 2.84427852e-01
  5.32616573e-01 2.35162732e+02 1.79474232e+00 4.31793027e-01
  2.27160713e-01 7.52661515e-01 2.99805934e-01 2.51002373e+00
  2.49332333e+00 1.32322784e-01 2.30240087e+00 2.56158386e-01
  1.02146345e+00 5.93466971e-01 1.28177240e+01 2.01029010e+00
  3.00369165e+01 1.65080669e+01 1.31355811e+00 9.25074437e+00
  1.29501519e+01 1.84456930e+00 1.09379327e-01 2.34921248e+00
  1.44084717e+00 4.77133254e+00 6.39703354e-01 6.91863446e+01
  8.95448139e+01 4.65209939e-01 1.73430054e+00 3.10947062e-01
  1.55287266e+00 2.50837344e+00 4.68570903e-01 3.25913941e+00
  4.11806246e-01 3.11340940e-01 8.64116910e+01 1.32667698e+00
  1.23580283e+00 1.04735375e+01 3.91971539e-01 1.54179775e+00
  2.17051370e-01 1.52894740e+01 1.37542150e-01 1.17828945e-01
  7.02736029e-01 2.69241406e-01 5.39203560e-01 1.23551771e+00
  3.89515207e-01 9.20588889e-01 2.52098125e-01 3.28850399e+00
  4.91834970e-01 1.59026265e+00 1.64802505e+00 1.81376731e-01]
 [3.24164324e-01 1.73398033e+00 1.65594544e+01 2.09973714e+01
  8.56248534e+02 2.55727226e+01 4.90276012e-01 3.59798926e-01
  3.80060057e+00 1.84302014e+01 2.10580599e+00 1.49733583e+00
  1.02519226e+01 5.46999850e-01 3.11770626e-01 6.76078006e-01
  8.36776174e-01 2.69601190e+00 6.63921108e-01 1.28884553e+00
  4.33134825e-01 1.09395473e+02 1.60452376e+02 3.50871589e-01
  2.71854771e+01 8.82869165e+00 8.43774602e-01 9.39230935e-01
  7.96773466e-01 5.41675119e-01 7.33804119e-01 2.55608011e-01
  1.48826101e-01 2.50232784e+02 4.82551529e+00 3.26129107e+00
  3.07509308e+00 1.64448802e-01 3.89999242e-01 1.18499597e+00
  8.97024741e-01 1.26596058e-01 3.23680554e+01 9.63492724e-01
  2.46780312e+00 5.08943329e+00 3.60998742e-01 1.11391172e+03
  1.16779917e+01 4.88913500e-01 3.48603221e-01 5.39963855e-01
  1.95488488e+02 2.39050647e-01 1.44317666e-01 4.37249217e-01
  3.53080830e+00 1.74007120e-01 7.95094139e+00 3.63449191e-01
  1.58393643e+00 1.19259133e+01 3.30585508e+01 9.73437916e-02]]
