1
50
2023-11-08 10:06:13
100
2023-11-08 10:07:54
elapsed:  223.9  seconds
150
2023-11-08 10:09:56
200
2023-11-08 10:11:59
elapsed:  469.1  seconds
250
2023-11-08 10:13:06
/projects/muyang@colostate.edu/software/anaconda/envs/testenv/lib/python3.11/site-packages/numpy/lib/function_base.py:2455: RuntimeWarning: divide by zero encountered in func (vectorized)
  outputs = ufunc(*inputs)
/projects/muyang@colostate.edu/software/anaconda/envs/testenv/lib/python3.11/site-packages/numpy/lib/function_base.py:2455: RuntimeWarning: invalid value encountered in func (vectorized)
  outputs = ufunc(*inputs)
300
2023-11-08 10:14:08
elapsed:  598.4  seconds
/projects/muyang@colostate.edu/software/anaconda/envs/testenv/lib/python3.11/site-packages/numpy/lib/function_base.py:2455: RuntimeWarning: divide by zero encountered in func (vectorized)
  outputs = ufunc(*inputs)
/projects/muyang@colostate.edu/software/anaconda/envs/testenv/lib/python3.11/site-packages/numpy/lib/function_base.py:2455: RuntimeWarning: invalid value encountered in func (vectorized)
  outputs = ufunc(*inputs)
350
2023-11-08 10:15:22
400
2023-11-08 10:16:37
elapsed:  747.1  seconds
450
2023-11-08 10:18:04
500
2023-11-08 10:19:47
elapsed:  937.8  seconds
550
2023-11-08 10:21:15
600
2023-11-08 10:23:07
elapsed:  1136.9  seconds
650
2023-11-08 10:24:50
700
2023-11-08 10:26:35
elapsed:  1345.4  seconds
750
2023-11-08 10:28:47
800
2023-11-08 10:31:04
elapsed:  1614.7  seconds
/projects/muyang@colostate.edu/software/anaconda/envs/testenv/lib/python3.11/site-packages/numpy/lib/function_base.py:2455: RuntimeWarning: divide by zero encountered in func (vectorized)
  outputs = ufunc(*inputs)
/projects/muyang@colostate.edu/software/anaconda/envs/testenv/lib/python3.11/site-packages/numpy/lib/function_base.py:2455: RuntimeWarning: invalid value encountered in func (vectorized)
  outputs = ufunc(*inputs)
850
2023-11-08 10:33:04
900
2023-11-08 10:35:06
elapsed:  1856.4  seconds
950
2023-11-08 10:37:30
/projects/muyang@colostate.edu/software/anaconda/envs/testenv/lib/python3.11/site-packages/numpy/lib/function_base.py:2455: RuntimeWarning: divide by zero encountered in func (vectorized)
  outputs = ufunc(*inputs)
/projects/muyang@colostate.edu/software/anaconda/envs/testenv/lib/python3.11/site-packages/numpy/lib/function_base.py:2455: RuntimeWarning: invalid value encountered in func (vectorized)
  outputs = ufunc(*inputs)
1000
2023-11-08 10:40:03
elapsed:  2153.5  seconds
/projects/muyang@colostate.edu/software/anaconda/envs/testenv/lib/python3.11/site-packages/numpy/lib/function_base.py:2455: RuntimeWarning: divide by zero encountered in func (vectorized)
  outputs = ufunc(*inputs)
/projects/muyang@colostate.edu/software/anaconda/envs/testenv/lib/python3.11/site-packages/numpy/lib/function_base.py:2455: RuntimeWarning: invalid value encountered in func (vectorized)
  outputs = ufunc(*inputs)
1050
2023-11-08 10:42:26
1100
2023-11-08 10:44:46
elapsed:  2436.6  seconds
1150
2023-11-08 10:47:31
1200
2023-11-08 10:49:40
elapsed:  2730.7  seconds
1250
2023-11-08 10:52:00
1300
2023-11-08 10:54:38
elapsed:  3028.2  seconds
1350
2023-11-08 10:56:52
1400
2023-11-08 10:59:15
elapsed:  3305.5  seconds
1450
2023-11-08 11:00:49
1500
2023-11-08 11:01:55
elapsed:  3465.4  seconds
1550
2023-11-08 11:04:04
1600
2023-11-08 11:06:01
elapsed:  3710.9  seconds
/projects/muyang@colostate.edu/software/anaconda/envs/testenv/lib/python3.11/site-packages/numpy/lib/function_base.py:2455: RuntimeWarning: divide by zero encountered in func (vectorized)
  outputs = ufunc(*inputs)
/projects/muyang@colostate.edu/software/anaconda/envs/testenv/lib/python3.11/site-packages/numpy/lib/function_base.py:2455: RuntimeWarning: invalid value encountered in func (vectorized)
  outputs = ufunc(*inputs)
1650
2023-11-08 11:08:12
1700
2023-11-08 11:10:42
elapsed:  3992.6  seconds
1750
2023-11-08 11:12:26
1800
2023-11-08 11:14:45
elapsed:  4235.0  seconds
1850
2023-11-08 11:17:13
1900
2023-11-08 11:19:57
elapsed:  4547.4  seconds
/projects/muyang@colostate.edu/software/anaconda/envs/testenv/lib/python3.11/site-packages/numpy/lib/function_base.py:2455: RuntimeWarning: divide by zero encountered in func (vectorized)
  outputs = ufunc(*inputs)
/projects/muyang@colostate.edu/software/anaconda/envs/testenv/lib/python3.11/site-packages/numpy/lib/function_base.py:2455: RuntimeWarning: invalid value encountered in func (vectorized)
  outputs = ufunc(*inputs)
/projects/muyang@colostate.edu/software/anaconda/envs/testenv/lib/python3.11/site-packages/numpy/lib/function_base.py:2455: RuntimeWarning: divide by zero encountered in func (vectorized)
  outputs = ufunc(*inputs)
/projects/muyang@colostate.edu/software/anaconda/envs/testenv/lib/python3.11/site-packages/numpy/lib/function_base.py:2455: RuntimeWarning: invalid value encountered in func (vectorized)
  outputs = ufunc(*inputs)
1950
2023-11-08 11:22:06
/projects/muyang@colostate.edu/software/anaconda/envs/testenv/lib/python3.11/site-packages/numpy/lib/function_base.py:2455: RuntimeWarning: divide by zero encountered in func (vectorized)
  outputs = ufunc(*inputs)
/projects/muyang@colostate.edu/software/anaconda/envs/testenv/lib/python3.11/site-packages/numpy/lib/function_base.py:2455: RuntimeWarning: invalid value encountered in func (vectorized)
  outputs = ufunc(*inputs)
2000
2023-11-08 11:24:15
elapsed:  4805.2  seconds
2050
2023-11-08 11:26:26
/projects/muyang@colostate.edu/software/anaconda/envs/testenv/lib/python3.11/site-packages/numpy/lib/function_base.py:2455: RuntimeWarning: divide by zero encountered in func (vectorized)
  outputs = ufunc(*inputs)
/projects/muyang@colostate.edu/software/anaconda/envs/testenv/lib/python3.11/site-packages/numpy/lib/function_base.py:2455: RuntimeWarning: invalid value encountered in func (vectorized)
  outputs = ufunc(*inputs)
2100
2023-11-08 11:29:25
elapsed:  5115.3  seconds
2150
2023-11-08 11:31:30
2200
2023-11-08 11:33:34
elapsed:  5363.9  seconds
2250
2023-11-08 11:35:48
2300
2023-11-08 11:37:52
elapsed:  5622.1  seconds
2350
2023-11-08 11:39:59
2400
2023-11-08 11:42:29
elapsed:  5899.1  seconds
/projects/muyang@colostate.edu/software/anaconda/envs/testenv/lib/python3.11/site-packages/numpy/lib/function_base.py:2455: RuntimeWarning: divide by zero encountered in func (vectorized)
  outputs = ufunc(*inputs)
/projects/muyang@colostate.edu/software/anaconda/envs/testenv/lib/python3.11/site-packages/numpy/lib/function_base.py:2455: RuntimeWarning: invalid value encountered in func (vectorized)
  outputs = ufunc(*inputs)
2450
2023-11-08 11:44:55
/projects/muyang@colostate.edu/software/anaconda/envs/testenv/lib/python3.11/site-packages/numpy/lib/function_base.py:2455: RuntimeWarning: divide by zero encountered in func (vectorized)
  outputs = ufunc(*inputs)
/projects/muyang@colostate.edu/software/anaconda/envs/testenv/lib/python3.11/site-packages/numpy/lib/function_base.py:2455: RuntimeWarning: invalid value encountered in func (vectorized)
  outputs = ufunc(*inputs)
2500
2023-11-08 11:46:37
elapsed:  6147.6  seconds
/projects/muyang@colostate.edu/software/anaconda/envs/testenv/lib/python3.11/site-packages/numpy/lib/function_base.py:2455: RuntimeWarning: divide by zero encountered in func (vectorized)
  outputs = ufunc(*inputs)
/projects/muyang@colostate.edu/software/anaconda/envs/testenv/lib/python3.11/site-packages/numpy/lib/function_base.py:2455: RuntimeWarning: invalid value encountered in func (vectorized)
  outputs = ufunc(*inputs)
2550
2023-11-08 11:48:47
2600
2023-11-08 11:51:06
elapsed:  6416.8  seconds
2650
2023-11-08 11:53:48
2700
2023-11-08 11:56:39
elapsed:  6749.6  seconds
2750
2023-11-08 11:58:57
2800
2023-11-08 12:01:46
elapsed:  7056.0  seconds
2850
2023-11-08 12:04:18
2900
2023-11-08 12:06:40
elapsed:  7349.9  seconds
2950
2023-11-08 12:09:11
/projects/muyang@colostate.edu/software/anaconda/envs/testenv/lib/python3.11/site-packages/numpy/lib/function_base.py:2455: RuntimeWarning: divide by zero encountered in func (vectorized)
  outputs = ufunc(*inputs)
/projects/muyang@colostate.edu/software/anaconda/envs/testenv/lib/python3.11/site-packages/numpy/lib/function_base.py:2455: RuntimeWarning: invalid value encountered in func (vectorized)
  outputs = ufunc(*inputs)
3000
2023-11-08 12:12:01
elapsed:  7671.2  seconds
3050
2023-11-08 12:13:47
3100
2023-11-08 12:15:45
elapsed:  7895.0  seconds
3150
2023-11-08 12:17:59
3200
2023-11-08 12:20:29
elapsed:  8179.1  seconds
3250
2023-11-08 12:22:55
3300
2023-11-08 12:25:42
elapsed:  8491.9  seconds
3350
2023-11-08 12:28:23
3400
2023-11-08 12:30:54
elapsed:  8804.7  seconds
3450
2023-11-08 12:33:15
3500
2023-11-08 12:35:50
elapsed:  9099.8  seconds
3550
2023-11-08 12:38:27
3600
2023-11-08 12:41:12
elapsed:  9422.2  seconds
3650
2023-11-08 12:43:51
3700
2023-11-08 12:46:17
elapsed:  9726.8  seconds
3750
2023-11-08 12:47:58
3800
2023-11-08 12:50:25
elapsed:  9975.6  seconds
3850
2023-11-08 12:53:17
3900
2023-11-08 12:55:50
elapsed:  10300.7  seconds
3950
2023-11-08 12:58:14
4000
2023-11-08 13:00:43
elapsed:  10593.6  seconds
4050
2023-11-08 13:03:39
4100
2023-11-08 13:06:11
elapsed:  10921.6  seconds
4150
2023-11-08 13:08:13
4200
2023-11-08 13:10:12
elapsed:  11162.0  seconds
4250
2023-11-08 13:13:06
4300
2023-11-08 13:15:55
elapsed:  11505.4  seconds
4350
2023-11-08 13:18:19
4400
2023-11-08 13:20:59
elapsed:  11809.0  seconds
/projects/muyang@colostate.edu/software/anaconda/envs/testenv/lib/python3.11/site-packages/numpy/lib/function_base.py:2455: RuntimeWarning: divide by zero encountered in func (vectorized)
  outputs = ufunc(*inputs)
/projects/muyang@colostate.edu/software/anaconda/envs/testenv/lib/python3.11/site-packages/numpy/lib/function_base.py:2455: RuntimeWarning: invalid value encountered in func (vectorized)
  outputs = ufunc(*inputs)
4450
2023-11-08 13:23:46
4500
2023-11-08 13:26:26
elapsed:  12136.5  seconds
/projects/muyang@colostate.edu/software/anaconda/envs/testenv/lib/python3.11/site-packages/numpy/lib/function_base.py:2455: RuntimeWarning: divide by zero encountered in func (vectorized)
  outputs = ufunc(*inputs)
/projects/muyang@colostate.edu/software/anaconda/envs/testenv/lib/python3.11/site-packages/numpy/lib/function_base.py:2455: RuntimeWarning: invalid value encountered in func (vectorized)
  outputs = ufunc(*inputs)
/projects/muyang@colostate.edu/software/anaconda/envs/testenv/lib/python3.11/site-packages/numpy/lib/function_base.py:2455: RuntimeWarning: divide by zero encountered in func (vectorized)
  outputs = ufunc(*inputs)
/projects/muyang@colostate.edu/software/anaconda/envs/testenv/lib/python3.11/site-packages/numpy/lib/function_base.py:2455: RuntimeWarning: invalid value encountered in func (vectorized)
  outputs = ufunc(*inputs)
4550
2023-11-08 13:29:11
4600
2023-11-08 13:32:04
elapsed:  12474.2  seconds
4650
2023-11-08 13:34:51
4700
2023-11-08 13:37:42
elapsed:  12812.1  seconds
4750
2023-11-08 13:40:30
4800
2023-11-08 13:43:08
elapsed:  13137.9  seconds
4850
2023-11-08 13:45:32
4900
2023-11-08 13:48:12
elapsed:  13442.3  seconds
4950
2023-11-08 13:50:31
5000
2023-11-08 13:52:59
elapsed:  13729.0  seconds
5050
2023-11-08 13:55:25
5100
2023-11-08 13:57:28
elapsed:  13998.2  seconds
5150
2023-11-08 13:59:55
5200
2023-11-08 14:02:47
elapsed:  14317.6  seconds
5250
2023-11-08 14:05:43
5300
2023-11-08 14:08:31
elapsed:  14661.8  seconds
5350
2023-11-08 14:10:57
5400
2023-11-08 14:13:35
elapsed:  14964.8  seconds
5450
2023-11-08 14:15:20
/projects/muyang@colostate.edu/software/anaconda/envs/testenv/lib/python3.11/site-packages/numpy/lib/function_base.py:2455: RuntimeWarning: divide by zero encountered in func (vectorized)
  outputs = ufunc(*inputs)
/projects/muyang@colostate.edu/software/anaconda/envs/testenv/lib/python3.11/site-packages/numpy/lib/function_base.py:2455: RuntimeWarning: invalid value encountered in func (vectorized)
  outputs = ufunc(*inputs)
5500
2023-11-08 14:17:40
elapsed:  15210.5  seconds
5550
2023-11-08 14:20:23
5600
2023-11-08 14:22:48
elapsed:  15518.3  seconds
5650
2023-11-08 14:24:56
5700
2023-11-08 14:27:44
elapsed:  15814.2  seconds
5750
2023-11-08 14:30:00
5800
2023-11-08 14:31:52
elapsed:  16061.8  seconds
5850
2023-11-08 14:34:31
5900
2023-11-08 14:36:45
elapsed:  16355.2  seconds
5950
2023-11-08 14:39:32
6000
2023-11-08 14:42:12
elapsed:  16682.4  seconds
6050
2023-11-08 14:44:43
6100
2023-11-08 14:46:43
elapsed:  16952.8  seconds
6150
2023-11-08 14:48:53
6200
2023-11-08 14:51:20
elapsed:  17230.4  seconds
6250
2023-11-08 14:54:02
/projects/muyang@colostate.edu/software/anaconda/envs/testenv/lib/python3.11/site-packages/numpy/lib/function_base.py:2455: RuntimeWarning: divide by zero encountered in func (vectorized)
  outputs = ufunc(*inputs)
/projects/muyang@colostate.edu/software/anaconda/envs/testenv/lib/python3.11/site-packages/numpy/lib/function_base.py:2455: RuntimeWarning: invalid value encountered in func (vectorized)
  outputs = ufunc(*inputs)
6300
2023-11-08 14:56:29
elapsed:  17538.9  seconds
6350
2023-11-08 14:59:16
6400
2023-11-08 15:01:49
elapsed:  17859.5  seconds
6450
2023-11-08 15:04:34
6500
2023-11-08 15:07:20
elapsed:  18189.9  seconds
6550
2023-11-08 15:10:11
6600
2023-11-08 15:12:57
elapsed:  18527.4  seconds
6650
2023-11-08 15:15:32
6700
2023-11-08 15:18:31
elapsed:  18861.6  seconds
6750
2023-11-08 15:21:28
6800
2023-11-08 15:23:29
elapsed:  19159.2  seconds
6850
2023-11-08 15:25:56
6900
2023-11-08 15:28:38
elapsed:  19467.8  seconds
6950
2023-11-08 15:31:17
7000
2023-11-08 15:34:07
elapsed:  19797.3  seconds
7050
2023-11-08 15:36:47
7100
2023-11-08 15:39:36
elapsed:  20126.3  seconds
/projects/muyang@colostate.edu/software/anaconda/envs/testenv/lib/python3.11/site-packages/numpy/lib/function_base.py:2455: RuntimeWarning: divide by zero encountered in func (vectorized)
  outputs = ufunc(*inputs)
/projects/muyang@colostate.edu/software/anaconda/envs/testenv/lib/python3.11/site-packages/numpy/lib/function_base.py:2455: RuntimeWarning: invalid value encountered in func (vectorized)
  outputs = ufunc(*inputs)
7150
2023-11-08 15:42:16
7200
2023-11-08 15:45:03
elapsed:  20453.3  seconds
7250
2023-11-08 15:47:52
7300
2023-11-08 15:50:21
elapsed:  20771.6  seconds
7350
2023-11-08 15:53:14
7400
2023-11-08 15:56:15
elapsed:  21125.2  seconds
/projects/muyang@colostate.edu/software/anaconda/envs/testenv/lib/python3.11/site-packages/numpy/lib/function_base.py:2455: RuntimeWarning: divide by zero encountered in func (vectorized)
  outputs = ufunc(*inputs)
/projects/muyang@colostate.edu/software/anaconda/envs/testenv/lib/python3.11/site-packages/numpy/lib/function_base.py:2455: RuntimeWarning: invalid value encountered in func (vectorized)
  outputs = ufunc(*inputs)
7450
2023-11-08 15:58:42
7500
2023-11-08 16:01:11
elapsed:  21420.9  seconds
7550
2023-11-08 16:03:57
7600
2023-11-08 16:06:39
elapsed:  21749.7  seconds
7650
2023-11-08 16:09:23
7700
2023-11-08 16:12:00
elapsed:  22070.4  seconds
7750
2023-11-08 16:13:53
/projects/muyang@colostate.edu/software/anaconda/envs/testenv/lib/python3.11/site-packages/numpy/lib/function_base.py:2455: RuntimeWarning: divide by zero encountered in func (vectorized)
  outputs = ufunc(*inputs)
/projects/muyang@colostate.edu/software/anaconda/envs/testenv/lib/python3.11/site-packages/numpy/lib/function_base.py:2455: RuntimeWarning: invalid value encountered in func (vectorized)
  outputs = ufunc(*inputs)
7800
2023-11-08 16:15:58
elapsed:  22308.4  seconds
7850
2023-11-08 16:18:00
/projects/muyang@colostate.edu/software/anaconda/envs/testenv/lib/python3.11/site-packages/numpy/lib/function_base.py:2455: RuntimeWarning: divide by zero encountered in func (vectorized)
  outputs = ufunc(*inputs)
/projects/muyang@colostate.edu/software/anaconda/envs/testenv/lib/python3.11/site-packages/numpy/lib/function_base.py:2455: RuntimeWarning: invalid value encountered in func (vectorized)
  outputs = ufunc(*inputs)
7900
2023-11-08 16:20:01
elapsed:  22551.0  seconds
7950
2023-11-08 16:21:58
8000
2023-11-08 16:24:42
elapsed:  22832.3  seconds
8050
2023-11-08 16:27:13
8100
2023-11-08 16:29:19
elapsed:  23109.6  seconds
8150
2023-11-08 16:31:31
8200
2023-11-08 16:33:34
elapsed:  23364.3  seconds
8250
2023-11-08 16:35:35
8300
2023-11-08 16:37:59
elapsed:  23629.6  seconds
8350
2023-11-08 16:40:43
8400
2023-11-08 16:42:49
elapsed:  23919.2  seconds
8450
2023-11-08 16:45:59
8500
2023-11-08 16:48:43
elapsed:  24273.7  seconds
8550
2023-11-08 16:51:29
8600
2023-11-08 16:53:53
elapsed:  24583.7  seconds
8650
2023-11-08 16:56:34
8700
2023-11-08 16:59:10
elapsed:  24900.7  seconds
8750
2023-11-08 17:02:14
8800
2023-11-08 17:04:09
elapsed:  25199.3  seconds
8850
2023-11-08 17:07:07
8900
2023-11-08 17:09:52
elapsed:  25542.4  seconds
8950
2023-11-08 17:12:38
9000
2023-11-08 17:15:45
elapsed:  25895.2  seconds
9050
2023-11-08 17:18:37
9100
2023-11-08 17:21:27
elapsed:  26237.1  seconds
9150
2023-11-08 17:24:13
9200
2023-11-08 17:27:09
elapsed:  26579.4  seconds
9250
2023-11-08 17:30:08
/projects/muyang@colostate.edu/software/anaconda/envs/testenv/lib/python3.11/site-packages/numpy/lib/function_base.py:2455: RuntimeWarning: divide by zero encountered in func (vectorized)
  outputs = ufunc(*inputs)
/projects/muyang@colostate.edu/software/anaconda/envs/testenv/lib/python3.11/site-packages/numpy/lib/function_base.py:2455: RuntimeWarning: invalid value encountered in func (vectorized)
  outputs = ufunc(*inputs)
9300
2023-11-08 17:33:08
elapsed:  26938.2  seconds
9350
2023-11-08 17:35:53
9400
2023-11-08 17:38:39
elapsed:  27269.1  seconds
9450
2023-11-08 17:41:26
9500
2023-11-08 17:44:08
elapsed:  27598.5  seconds
/projects/muyang@colostate.edu/software/anaconda/envs/testenv/lib/python3.11/site-packages/numpy/lib/function_base.py:2455: RuntimeWarning: divide by zero encountered in func (vectorized)
  outputs = ufunc(*inputs)
/projects/muyang@colostate.edu/software/anaconda/envs/testenv/lib/python3.11/site-packages/numpy/lib/function_base.py:2455: RuntimeWarning: invalid value encountered in func (vectorized)
  outputs = ufunc(*inputs)
9550
2023-11-08 17:47:22
9600
2023-11-08 17:50:35
elapsed:  27985.5  seconds
9650
2023-11-08 17:53:41
9700
2023-11-08 17:56:07
elapsed:  28317.6  seconds
9750
2023-11-08 17:58:46
9800
2023-11-08 18:01:06
elapsed:  28616.4  seconds
9850
2023-11-08 18:03:40
9900
2023-11-08 18:06:18
elapsed:  28928.8  seconds
9950
2023-11-08 18:09:21
10000
2023-11-08 18:11:34
elapsed:  29244.4  seconds
10050
2023-11-08 18:14:17
10100
2023-11-08 18:16:57
elapsed:  29567.2  seconds
10150
2023-11-08 18:19:37
/projects/muyang@colostate.edu/software/anaconda/envs/testenv/lib/python3.11/site-packages/numpy/lib/function_base.py:2455: RuntimeWarning: divide by zero encountered in func (vectorized)
  outputs = ufunc(*inputs)
/projects/muyang@colostate.edu/software/anaconda/envs/testenv/lib/python3.11/site-packages/numpy/lib/function_base.py:2455: RuntimeWarning: invalid value encountered in func (vectorized)
  outputs = ufunc(*inputs)
10200
2023-11-08 18:22:25
elapsed:  29895.6  seconds
10250
2023-11-08 18:25:37
10300
2023-11-08 18:28:00
elapsed:  30230.2  seconds
10350
2023-11-08 18:30:36
10400
2023-11-08 18:33:34
elapsed:  30563.8  seconds
10450
2023-11-08 18:36:27
10500
2023-11-08 18:39:06
elapsed:  30896.7  seconds
10550
2023-11-08 18:41:49
10600
2023-11-08 18:44:29
elapsed:  31219.5  seconds
10650
2023-11-08 18:46:45
10700
2023-11-08 18:49:23
elapsed:  31513.0  seconds
/projects/muyang@colostate.edu/software/anaconda/envs/testenv/lib/python3.11/site-packages/numpy/lib/function_base.py:2455: RuntimeWarning: divide by zero encountered in func (vectorized)
  outputs = ufunc(*inputs)
/projects/muyang@colostate.edu/software/anaconda/envs/testenv/lib/python3.11/site-packages/numpy/lib/function_base.py:2455: RuntimeWarning: invalid value encountered in func (vectorized)
  outputs = ufunc(*inputs)
10750
2023-11-08 18:52:32
10800
2023-11-08 18:54:55
elapsed:  31845.2  seconds
/projects/muyang@colostate.edu/software/anaconda/envs/testenv/lib/python3.11/site-packages/numpy/lib/function_base.py:2455: RuntimeWarning: divide by zero encountered in func (vectorized)
  outputs = ufunc(*inputs)
/projects/muyang@colostate.edu/software/anaconda/envs/testenv/lib/python3.11/site-packages/numpy/lib/function_base.py:2455: RuntimeWarning: invalid value encountered in func (vectorized)
  outputs = ufunc(*inputs)
10850
2023-11-08 18:57:52
10900
2023-11-08 19:00:37
elapsed:  32187.6  seconds
10950
2023-11-08 19:03:37
11000
2023-11-08 19:06:20
elapsed:  32529.9  seconds
/projects/muyang@colostate.edu/software/anaconda/envs/testenv/lib/python3.11/site-packages/numpy/lib/function_base.py:2455: RuntimeWarning: divide by zero encountered in func (vectorized)
  outputs = ufunc(*inputs)
/projects/muyang@colostate.edu/software/anaconda/envs/testenv/lib/python3.11/site-packages/numpy/lib/function_base.py:2455: RuntimeWarning: invalid value encountered in func (vectorized)
  outputs = ufunc(*inputs)
11050
2023-11-08 19:09:10
11100
2023-11-08 19:12:16
elapsed:  32886.4  seconds
11150
2023-11-08 19:15:16
11200
2023-11-08 19:18:31
elapsed:  33261.0  seconds
11250
2023-11-08 19:21:28
11300
2023-11-08 19:24:23
elapsed:  33613.6  seconds
11350
2023-11-08 19:27:00
11400
2023-11-08 19:29:07
elapsed:  33897.7  seconds
11450
2023-11-08 19:31:56
11500
2023-11-08 19:35:05
elapsed:  34255.4  seconds
11550
2023-11-08 19:38:09
11600
2023-11-08 19:40:58
elapsed:  34608.4  seconds
11650
2023-11-08 19:43:52
11700
2023-11-08 19:46:42
elapsed:  34952.7  seconds
11750
2023-11-08 19:49:26
11800
2023-11-08 19:51:51
elapsed:  35261.1  seconds
11850
2023-11-08 19:54:26
11900
2023-11-08 19:57:14
elapsed:  35584.2  seconds
11950
2023-11-08 19:59:41
12000
2023-11-08 20:02:48
elapsed:  35918.2  seconds
12050
2023-11-08 20:06:08
12100
2023-11-08 20:08:35
elapsed:  36265.7  seconds
12150
2023-11-08 20:11:09
12200
2023-11-08 20:14:13
elapsed:  36602.8  seconds
12250
2023-11-08 20:16:59
12300
2023-11-08 20:19:31
elapsed:  36920.9  seconds
12350
2023-11-08 20:22:07
12400
2023-11-08 20:24:49
elapsed:  37239.4  seconds
12450
2023-11-08 20:27:47
12500
2023-11-08 20:30:46
elapsed:  37596.1  seconds
12550
2023-11-08 20:33:39
12600
2023-11-08 20:36:56
elapsed:  37966.2  seconds
12650
2023-11-08 20:40:02
12700
2023-11-08 20:43:06
elapsed:  38336.2  seconds
12750
2023-11-08 20:45:55
12800
2023-11-08 20:48:36
elapsed:  38666.7  seconds
12850
2023-11-08 20:51:29
12900
2023-11-08 20:54:29
elapsed:  39018.9  seconds
12950
2023-11-08 20:57:27
/projects/muyang@colostate.edu/software/anaconda/envs/testenv/lib/python3.11/site-packages/numpy/lib/function_base.py:2455: RuntimeWarning: divide by zero encountered in func (vectorized)
  outputs = ufunc(*inputs)
/projects/muyang@colostate.edu/software/anaconda/envs/testenv/lib/python3.11/site-packages/numpy/lib/function_base.py:2455: RuntimeWarning: invalid value encountered in func (vectorized)
  outputs = ufunc(*inputs)
13000
2023-11-08 21:00:35
elapsed:  39384.9  seconds
13050
2023-11-08 21:03:55
13100
2023-11-08 21:06:53
elapsed:  39763.6  seconds
/projects/muyang@colostate.edu/software/anaconda/envs/testenv/lib/python3.11/site-packages/numpy/lib/function_base.py:2455: RuntimeWarning: divide by zero encountered in func (vectorized)
  outputs = ufunc(*inputs)
/projects/muyang@colostate.edu/software/anaconda/envs/testenv/lib/python3.11/site-packages/numpy/lib/function_base.py:2455: RuntimeWarning: invalid value encountered in func (vectorized)
  outputs = ufunc(*inputs)
13150
2023-11-08 21:09:32
13200
2023-11-08 21:12:28
elapsed:  40097.9  seconds
13250
2023-11-08 21:15:45
13300
2023-11-08 21:18:52
elapsed:  40482.1  seconds
13350
2023-11-08 21:21:56
13400
2023-11-08 21:25:13
elapsed:  40863.4  seconds
13450
2023-11-08 21:28:19
13500
2023-11-08 21:31:18
elapsed:  41228.7  seconds
13550
2023-11-08 21:34:35
13600
2023-11-08 21:37:24
elapsed:  41594.6  seconds
13650
2023-11-08 21:40:05
13700
2023-11-08 21:42:44
elapsed:  41913.9  seconds
13750
2023-11-08 21:45:49
13800
2023-11-08 21:48:46
elapsed:  42276.1  seconds
/projects/muyang@colostate.edu/software/anaconda/envs/testenv/lib/python3.11/site-packages/numpy/lib/function_base.py:2455: RuntimeWarning: divide by zero encountered in func (vectorized)
  outputs = ufunc(*inputs)
/projects/muyang@colostate.edu/software/anaconda/envs/testenv/lib/python3.11/site-packages/numpy/lib/function_base.py:2455: RuntimeWarning: invalid value encountered in func (vectorized)
  outputs = ufunc(*inputs)
13850
2023-11-08 21:51:40
13900
2023-11-08 21:54:23
elapsed:  42613.1  seconds
13950
2023-11-08 21:57:02
14000
2023-11-08 21:59:50
elapsed:  42940.1  seconds
14050
2023-11-08 22:02:39
14100
2023-11-08 22:05:23
elapsed:  43272.9  seconds
/projects/muyang@colostate.edu/software/anaconda/envs/testenv/lib/python3.11/site-packages/numpy/lib/function_base.py:2455: RuntimeWarning: divide by zero encountered in func (vectorized)
  outputs = ufunc(*inputs)
/projects/muyang@colostate.edu/software/anaconda/envs/testenv/lib/python3.11/site-packages/numpy/lib/function_base.py:2455: RuntimeWarning: invalid value encountered in func (vectorized)
  outputs = ufunc(*inputs)
14150
2023-11-08 22:08:20
14200
2023-11-08 22:11:09
elapsed:  43619.6  seconds
14250
2023-11-08 22:13:53
14300
2023-11-08 22:16:50
elapsed:  43960.1  seconds
14350
2023-11-08 22:19:57
14400
2023-11-08 22:22:47
elapsed:  44317.2  seconds
14450
2023-11-08 22:25:38
14500
2023-11-08 22:28:16
elapsed:  44646.3  seconds
14550
2023-11-08 22:31:06
/projects/muyang@colostate.edu/software/anaconda/envs/testenv/lib/python3.11/site-packages/numpy/lib/function_base.py:2455: RuntimeWarning: divide by zero encountered in func (vectorized)
  outputs = ufunc(*inputs)
/projects/muyang@colostate.edu/software/anaconda/envs/testenv/lib/python3.11/site-packages/numpy/lib/function_base.py:2455: RuntimeWarning: invalid value encountered in func (vectorized)
  outputs = ufunc(*inputs)
14600
2023-11-08 22:33:56
elapsed:  44985.8  seconds
/projects/muyang@colostate.edu/software/anaconda/envs/testenv/lib/python3.11/site-packages/numpy/lib/function_base.py:2455: RuntimeWarning: divide by zero encountered in func (vectorized)
  outputs = ufunc(*inputs)
/projects/muyang@colostate.edu/software/anaconda/envs/testenv/lib/python3.11/site-packages/numpy/lib/function_base.py:2455: RuntimeWarning: invalid value encountered in func (vectorized)
  outputs = ufunc(*inputs)
14650
2023-11-08 22:36:54
14700
2023-11-08 22:39:49
elapsed:  45339.4  seconds
14750
2023-11-08 22:42:40
14800
2023-11-08 22:45:44
elapsed:  45694.3  seconds
14850
2023-11-08 22:48:46
14900
2023-11-08 22:51:51
elapsed:  46061.6  seconds
14950
2023-11-08 22:54:40
elapsed:  46402.4  seconds
total time:  46409.5  seconds
true R:  [[2.43905946e+00 7.68723805e-01 7.95860616e-01 4.18131960e-01
  4.86863135e+00 4.21399634e+01 3.39596751e-01 3.51676952e-01
  1.00207942e+00 2.32599317e-01 1.64968360e-01 3.84106118e+00
  1.51855577e-01 1.76938279e+00 2.75161337e-01 5.79022296e-01
  8.91622749e-01 1.97339515e+00 8.59642406e-02 1.70977494e+00
  4.94286960e-01 1.56709122e+00 3.91386989e-01 1.49552995e+00
  4.45684204e+00 2.20048216e+01 1.62586392e-01 2.50543685e+00
  2.78024620e-01 3.48853698e-01 1.55418440e-01 1.58322393e-01
  5.94052039e+00 4.68235055e+00 1.63149575e+01 5.12827053e-02
  1.48317942e-01 7.04650892e-02 2.05864955e+00 1.14242019e+00
  1.05722911e-01 3.28974087e+01 7.16066378e+01 5.51912752e-01
  2.79956368e+00 3.06459247e-01 7.67250008e+01 1.88670089e-01
  2.22159493e+00 1.90708745e+00 7.34606130e-01 2.69672861e-01
  9.46745797e-02 8.20721376e+01 6.34482877e+00 1.28897644e+00
  5.86042243e-01 1.02171652e+01 3.36289655e+00 2.10320199e-01
  2.91127730e-01 7.84328332e-01 4.46179651e-01 1.04683225e+02]
 [2.47754937e+00 1.45701135e+00 2.00083090e-01 8.56792091e-02
  1.70839447e+00 2.65254654e-01 9.74988928e-02 4.01911674e+00
  1.61065294e+00 3.31403524e-01 9.51702889e-02 1.71643667e+01
  6.68026469e+00 1.62754961e+00 1.52679392e+01 2.96516859e+00
  4.97171216e-01 1.40602268e+00 1.14979955e+02 1.25399529e+00
  3.71399613e+00 1.81965250e-01 1.90550625e+01 6.29390663e+00
  1.85370589e+06 3.76014563e+01 1.12782619e+00 4.71783509e-01
  1.05251273e-01 1.82300175e-01 3.80571221e+01 2.63477944e+02
  1.94170849e+01 3.73374519e-01 7.39018652e-01 6.63540303e-01
  3.20676592e+01 7.19367098e-01 2.16846942e+02 6.09514646e+01
  5.67432372e-01 6.44218240e+00 4.02452445e-01 7.55196329e-01
  5.52545983e-01 9.34798809e-01 4.82948834e+00 1.90474641e-01
  8.94452796e-01 2.13436592e-01 1.64383388e+00 3.64979279e-01
  2.25590447e-01 1.60608124e+00 6.34268814e-01 1.79450725e-01
  9.53348998e-01 3.71225279e-01 6.25215940e-01 3.02889751e+00
  4.24927659e-01 1.36470438e+00 4.31991767e+01 1.92728932e+01]
 [2.40453067e-01 3.38372062e-01 1.50900998e-01 7.79439408e+00
  2.96074009e+00 4.87293628e-01 1.19545023e+04 5.30617607e+00
  3.11130014e-01 6.25636963e+00 8.09657778e-01 7.00533353e+02
  2.05237676e+04 3.16003304e-01 1.40749704e+01 5.58724208e-01
  1.57492841e+01 1.67040364e-01 1.53175707e-01 1.27926405e+02
  2.93449932e-01 3.84317847e-01 6.85475625e+00 8.92655450e-01
  1.22893300e+00 9.90781818e-02 4.90197968e-01 4.35488289e+00
  2.48733911e+00 1.00303390e-01 2.82908443e-01 7.72952090e+00
  8.71399494e+00 1.13663967e+00 5.00900230e-01 5.65377944e-01
  3.52890439e+00 1.20428788e+00 2.89062654e+00 6.72135493e+00
  1.10699956e+01 1.04519085e+01 1.50236699e+02 4.36021514e-01
  2.05213180e-01 2.33324601e+01 1.67298367e+00 5.62194820e-01
  2.28794930e-01 3.09764015e-01 1.16748883e+00 1.35676898e+00
  2.17395784e+00 1.30908763e-01 9.81752723e-01 8.00487849e-01
  1.40704797e+00 1.75842327e-01 2.28685073e+02 2.62003248e-01
  6.73511160e-01 4.40982729e-01 1.31759408e+00 1.69233206e+01]
 [2.03238794e-01 2.67176396e-01 1.07024643e+00 8.05641443e-02
  6.10303666e-01 2.81062970e-01 6.96674821e-01 2.45732446e-01
  1.24391167e+00 3.06003866e-01 5.95865431e+00 2.96320209e+01
  2.24561811e+00 5.37155215e+00 1.08303469e+00 1.55414953e+00
  4.36219808e+00 7.09873979e-01 5.35255340e-01 2.23396355e+00
  2.17245599e-01 2.70580062e+01 2.34731027e+00 1.52011823e+00
  3.11761799e+02 2.31135023e+02 3.02560805e-01 1.30321314e+00
  1.49707345e+00 9.97550179e-01 1.66172522e+01 1.92973873e+01
  1.58610516e+01 3.31014156e-01 1.03139036e+02 5.99386585e-01
  1.24856087e-01 3.30987694e+02 4.29521601e+03 2.59414164e+00
  7.32228370e+01 3.01305878e-01 1.28171800e+00 3.75400273e+00
  9.85444341e+00 1.04641059e+00 7.93839553e+00 2.44364368e-01
  3.99942148e+02 1.58105825e-01 2.75073780e-01 3.75110394e-01
  5.94919191e+00 1.87488644e-01 1.05020079e-01 1.18606674e+01
  6.54716098e-01 1.61189738e-01 5.57508100e-01 1.28443173e-01
  5.61699654e-01 2.45833293e-01 1.65044039e+02 8.38001997e-01]
 [5.04504139e+01 1.17404075e+00 1.70339482e+00 1.06722834e+03
  2.11871295e-01 4.83488123e-01 3.63891835e-01 6.22222492e-01
  5.82220133e-01 3.60595309e+06 5.04862916e-01 1.76044489e-01
  3.73207557e-01 4.15786941e+00 1.54378136e+01 5.29157100e-01
  1.05369045e+01 2.60040566e-01 5.73697849e-01 5.53186522e+00
  2.77884524e+00 1.33811808e+00 1.11057231e-01 6.54063184e-01
  2.06765272e+00 1.44638666e+00 7.80311742e+01 4.33399625e+01
  2.50170076e-01 1.90966530e+00 3.53394242e-01 2.76926600e-01
  1.58238036e+01 3.86865360e+00 5.49109773e+00 5.47368365e-01
  7.19638187e+00 3.47009805e+00 4.40156732e-01 3.20099056e+00
  8.93999795e-01 1.18428041e+00 3.56965642e+00 3.44383128e+00
  5.25783544e+00 4.82964605e-01 2.05798650e-01 4.49020482e-01
  1.56717967e+00 1.52006823e+01 7.52463922e-01 4.73224784e+02
  5.54025653e-01 1.90585601e-01 1.19868880e+00 1.46184145e+01
  5.77267898e+00 2.79118062e-01 1.79051943e+00 3.70017712e-01
  2.31528422e-01 5.23716155e+00 3.21906873e-01 5.62676659e-01]
 [1.84942679e+00 1.23626817e+03 2.41733804e+00 1.89184646e-01
  2.61979304e-01 7.07944753e-01 2.35768992e-01 1.64991693e+00
  2.14830497e-01 3.46129804e+01 2.59287325e-01 1.38280135e-01
  2.65430004e-01 4.89174061e-01 8.88340790e-01 4.05815605e-01
  5.63646907e-01 3.90530803e-01 2.84618670e+01 2.89791708e-01
  1.93453818e+00 1.28268699e+00 1.77030170e+01 7.55564297e-02
  1.27989904e+03 3.70809022e+00 2.33195940e-01 6.67656623e-01
  2.28294698e+00 4.93918720e+00 2.40995791e+00 2.02057206e+01
  2.66280096e-01 2.01677262e-01 1.79640262e+00 6.82278426e-01
  2.41722338e+01 4.67020520e+00 9.24492520e+00 9.47172712e-01
  1.00586508e-01 1.09514512e+01 4.13794341e+00 9.58483073e-02
  9.00604822e-01 1.33123620e-01 5.18660185e-01 4.42429912e+00
  6.48900166e+01 2.24245177e+00 6.24856922e-01 1.30797575e-01
  3.10248317e+00 4.21986723e-01 3.55448088e-01 5.81713911e-01
  1.17215605e-01 2.34704599e+01 7.31834726e-01 4.79239820e-01
  3.67143996e+00 4.49609502e-01 7.16973635e+00 5.15704207e-01]
 [9.58285802e-02 1.84052249e+00 1.56715394e-01 4.78212502e-01
  2.51429266e-01 8.27466321e-01 3.18098327e+00 1.44338709e+01
  3.37674443e-01 1.79553153e+00 4.48479444e-01 8.63900688e+00
  1.71241178e+00 7.39441062e-01 1.17311850e+00 3.10877072e+00
  5.05233329e+00 2.78928619e+00 5.53594444e+00 3.00466108e+00
  2.06696384e+01 2.22372684e+00 2.47269967e+00 7.71567228e+01
  7.95740711e-01 2.40816896e-01 7.04410139e-01 2.74577032e+01
  6.63338526e-01 4.72677246e-01 3.55152233e-01 2.20581887e-01
  4.96675278e-01 2.44920491e+00 5.75411582e-01 2.29151309e-01
  3.80593674e-01 9.60942706e+00 1.80195924e-01 1.33757658e+00
  2.72991821e+00 4.06551058e+01 3.61110918e-01 1.62200976e+00
  1.93120853e+01 5.75761118e-01 2.36036935e-01 2.20265189e+00
  2.12381421e-01 1.64410387e+00 1.02302062e+00 1.45912764e-01
  3.89588055e+00 4.05465859e-01 1.11529242e+02 2.71454195e+01
  2.28012705e-01 1.15527265e+00 1.46132181e-01 1.47263962e-01
  2.25351279e+00 4.81194452e-01 9.06157589e+00 2.47708411e+01]
 [1.07519346e+01 3.01213831e-01 1.49667707e+00 7.96530261e-01
  4.85310402e-01 1.95325664e-01 6.59596682e-01 1.46202177e-01
  1.58239499e+00 1.88130071e-01 2.03033441e-01 2.34356683e-01
  4.90156009e+00 1.09605263e+00 1.88243100e+01 1.73851200e+01
  2.59235682e+04 2.34697334e+01 7.69654453e+00 6.51773925e+04
  3.51796041e+00 3.83836979e-01 3.80246697e+00 5.35161626e-01
  1.92104081e+01 6.95390129e+00 1.00357183e+01 7.70059214e-01
  8.39191815e+00 8.53515314e+00 7.20157767e-01 4.01189113e+01
  9.05193708e-02 3.89572913e+01 3.11928218e+04 4.84348120e-01
  2.77021421e-01 4.94766926e+00 3.54162528e+00 1.79576886e-01
  3.29748741e+00 1.95289176e+01 2.16833099e+00 1.49027124e-01
  1.17289501e+00 5.24891567e-01 4.48292545e-01 1.06327915e-01
  1.37312820e+00 8.80976079e+00 7.48704580e-01 2.06816948e+00
  1.34166306e+00 8.82616665e+00 6.34726533e-01 4.83095627e-01
  5.95662160e-01 9.49522418e-01 6.80952425e-01 2.09483293e+00
  3.55384153e+00 1.07526461e+00 3.04641060e-01 2.14518528e-01]
 [5.89011601e-01 5.10932542e-01 5.39419715e+00 6.53260806e-01
  7.06037878e+01 3.09439123e-01 1.91210753e-01 2.19704828e+03
  1.09065504e-01 6.78570407e+00 1.51917039e+00 3.23599542e-01
  2.51030491e-01 7.27977749e-01 3.73160633e-01 4.17462703e+00
  7.86603382e-01 1.09516882e+00 9.48561857e+00 1.35341546e+02
  2.63251524e-01 2.38629006e-01 4.61535772e-01 5.66946403e-01
  1.19322527e+00 6.43438790e+00 6.58697741e-01 1.87814010e-01
  2.80142799e-01 1.23515903e+00 2.16389077e-01 1.20736610e+03
  5.58459739e-01 5.40964181e-01 4.15859935e+00 9.05565604e-01
  1.09517121e+00 7.53633665e-02 8.54922725e-01 1.93036184e+00
  3.85783196e+01 3.06575695e+02 3.77943642e+01 1.57953740e+00
  5.93028482e-01 3.31740498e+00 4.03861185e+00 1.58065978e-01
  2.19753495e-01 1.46357261e+00 2.46625988e+00 2.17547737e+00
  1.28780992e-01 3.51053737e-01 1.14713331e+01 9.45091779e+01
  4.50020117e-01 1.72408802e-01 1.06662215e+00 7.13016572e-02
  1.05355820e+00 6.42859216e+01 1.78324373e+00 1.23663877e+02]]
