--------------------------------------------------------------------------
No OpenFabrics connection schemes reported that they were able to be
used on a specific port.  As such, the openib BTL (OpenFabrics
support) will be disabled for this port.

  Local host:           c3cpu-a2-u21-2
  Local device:         mlx5_0
  Local port:           1
  CPCs attempted:       rdmacm, udcm
--------------------------------------------------------------------------
[c3cpu-a2-u21-2.rc.int.colorado.edu:4037089] 63 more processes have sent help message help-mpi-btl-openib-cpc-base.txt / no cpcs for port
[c3cpu-a2-u21-2.rc.int.colorado.edu:4037089] Set MCA parameter "orte_base_help_aggregate" to 0 to see all help / error messages
1
50
2023-11-11 22:28:44
100
2023-11-11 22:30:12
elapsed:  172.1  seconds
150
2023-11-11 22:31:40
200
2023-11-11 22:32:55
elapsed:  335.1  seconds
250
2023-11-11 22:34:18
300
2023-11-11 22:35:48
elapsed:  507.8  seconds
350
2023-11-11 22:37:19
400
2023-11-11 22:38:47
elapsed:  687.2  seconds
450
2023-11-11 22:40:15
/projects/muyang@colostate.edu/software/anaconda/envs/testenv/lib/python3.11/site-packages/numpy/lib/function_base.py:2455: RuntimeWarning: divide by zero encountered in func (vectorized)
  outputs = ufunc(*inputs)
/projects/muyang@colostate.edu/software/anaconda/envs/testenv/lib/python3.11/site-packages/numpy/lib/function_base.py:2455: RuntimeWarning: invalid value encountered in func (vectorized)
  outputs = ufunc(*inputs)
500
2023-11-11 22:41:44
elapsed:  863.6  seconds
550
2023-11-11 22:43:15
600
2023-11-11 22:44:44
elapsed:  1044.0  seconds
650
2023-11-11 22:46:15
700
2023-11-11 22:47:45
elapsed:  1224.9  seconds
750
2023-11-11 22:49:19
800
2023-11-11 22:50:51
elapsed:  1410.9  seconds
850
2023-11-11 22:52:26
900
2023-11-11 22:53:59
elapsed:  1599.1  seconds
950
2023-11-11 22:55:35
1000
2023-11-11 22:57:08
elapsed:  1787.6  seconds
/projects/muyang@colostate.edu/software/anaconda/envs/testenv/lib/python3.11/site-packages/numpy/lib/function_base.py:2455: RuntimeWarning: divide by zero encountered in func (vectorized)
  outputs = ufunc(*inputs)
/projects/muyang@colostate.edu/software/anaconda/envs/testenv/lib/python3.11/site-packages/numpy/lib/function_base.py:2455: RuntimeWarning: invalid value encountered in func (vectorized)
  outputs = ufunc(*inputs)
1050
2023-11-11 22:58:44
1100
2023-11-11 23:00:17
elapsed:  1977.2  seconds
1150
2023-11-11 23:01:51
1200
2023-11-11 23:03:26
elapsed:  2165.4  seconds
1250
2023-11-11 23:05:01
/projects/muyang@colostate.edu/software/anaconda/envs/testenv/lib/python3.11/site-packages/numpy/lib/function_base.py:2455: RuntimeWarning: divide by zero encountered in func (vectorized)
  outputs = ufunc(*inputs)
/projects/muyang@colostate.edu/software/anaconda/envs/testenv/lib/python3.11/site-packages/numpy/lib/function_base.py:2455: RuntimeWarning: invalid value encountered in func (vectorized)
  outputs = ufunc(*inputs)
1300
2023-11-11 23:06:37
elapsed:  2356.6  seconds
/projects/muyang@colostate.edu/software/anaconda/envs/testenv/lib/python3.11/site-packages/numpy/lib/function_base.py:2455: RuntimeWarning: divide by zero encountered in func (vectorized)
  outputs = ufunc(*inputs)
/projects/muyang@colostate.edu/software/anaconda/envs/testenv/lib/python3.11/site-packages/numpy/lib/function_base.py:2455: RuntimeWarning: invalid value encountered in func (vectorized)
  outputs = ufunc(*inputs)
/projects/muyang@colostate.edu/software/anaconda/envs/testenv/lib/python3.11/site-packages/numpy/lib/function_base.py:2455: RuntimeWarning: divide by zero encountered in func (vectorized)
  outputs = ufunc(*inputs)
/projects/muyang@colostate.edu/software/anaconda/envs/testenv/lib/python3.11/site-packages/numpy/lib/function_base.py:2455: RuntimeWarning: invalid value encountered in func (vectorized)
  outputs = ufunc(*inputs)
/projects/muyang@colostate.edu/software/anaconda/envs/testenv/lib/python3.11/site-packages/numpy/lib/function_base.py:2455: RuntimeWarning: divide by zero encountered in func (vectorized)
  outputs = ufunc(*inputs)
/projects/muyang@colostate.edu/software/anaconda/envs/testenv/lib/python3.11/site-packages/numpy/lib/function_base.py:2455: RuntimeWarning: invalid value encountered in func (vectorized)
  outputs = ufunc(*inputs)
/projects/muyang@colostate.edu/software/anaconda/envs/testenv/lib/python3.11/site-packages/numpy/lib/function_base.py:2455: RuntimeWarning: divide by zero encountered in func (vectorized)
  outputs = ufunc(*inputs)
/projects/muyang@colostate.edu/software/anaconda/envs/testenv/lib/python3.11/site-packages/numpy/lib/function_base.py:2455: RuntimeWarning: invalid value encountered in func (vectorized)
  outputs = ufunc(*inputs)
/projects/muyang@colostate.edu/software/anaconda/envs/testenv/lib/python3.11/site-packages/numpy/lib/function_base.py:2455: RuntimeWarning: divide by zero encountered in func (vectorized)
  outputs = ufunc(*inputs)
/projects/muyang@colostate.edu/software/anaconda/envs/testenv/lib/python3.11/site-packages/numpy/lib/function_base.py:2455: RuntimeWarning: invalid value encountered in func (vectorized)
  outputs = ufunc(*inputs)
/projects/muyang@colostate.edu/software/anaconda/envs/testenv/lib/python3.11/site-packages/numpy/lib/function_base.py:2455: RuntimeWarning: divide by zero encountered in func (vectorized)
  outputs = ufunc(*inputs)
/projects/muyang@colostate.edu/software/anaconda/envs/testenv/lib/python3.11/site-packages/numpy/lib/function_base.py:2455: RuntimeWarning: invalid value encountered in func (vectorized)
  outputs = ufunc(*inputs)
/projects/muyang@colostate.edu/software/anaconda/envs/testenv/lib/python3.11/site-packages/numpy/lib/function_base.py:2455: RuntimeWarning: divide by zero encountered in func (vectorized)
  outputs = ufunc(*inputs)
/projects/muyang@colostate.edu/software/anaconda/envs/testenv/lib/python3.11/site-packages/numpy/lib/function_base.py:2455: RuntimeWarning: invalid value encountered in func (vectorized)
  outputs = ufunc(*inputs)
/projects/muyang@colostate.edu/software/anaconda/envs/testenv/lib/python3.11/site-packages/numpy/lib/function_base.py:2455: RuntimeWarning: divide by zero encountered in func (vectorized)
  outputs = ufunc(*inputs)
/projects/muyang@colostate.edu/software/anaconda/envs/testenv/lib/python3.11/site-packages/numpy/lib/function_base.py:2455: RuntimeWarning: invalid value encountered in func (vectorized)
  outputs = ufunc(*inputs)
1350
2023-11-11 23:08:15
1400
2023-11-11 23:09:51
elapsed:  2550.9  seconds
1450
2023-11-11 23:11:29
1500
2023-11-11 23:13:05
elapsed:  2744.5  seconds
1550
2023-11-11 23:14:42
1600
2023-11-11 23:16:17
elapsed:  2937.2  seconds
1650
2023-11-11 23:17:54
1700
2023-11-11 23:19:29
elapsed:  3128.6  seconds
1750
2023-11-11 23:21:04
1800
2023-11-11 23:22:39
elapsed:  3318.3  seconds
1850
2023-11-11 23:24:16
1900
2023-11-11 23:25:52
elapsed:  3511.5  seconds
1950
2023-11-11 23:27:29
2000
2023-11-11 23:29:04
elapsed:  3703.5  seconds
2050
2023-11-11 23:30:39
2100
2023-11-11 23:32:13
elapsed:  3893.1  seconds
2150
2023-11-11 23:33:49
2200
2023-11-11 23:35:25
elapsed:  4084.7  seconds
2250
2023-11-11 23:37:00
2300
2023-11-11 23:38:36
elapsed:  4275.4  seconds
2350
2023-11-11 23:40:12
/projects/muyang@colostate.edu/software/anaconda/envs/testenv/lib/python3.11/site-packages/numpy/lib/function_base.py:2455: RuntimeWarning: divide by zero encountered in func (vectorized)
  outputs = ufunc(*inputs)
/projects/muyang@colostate.edu/software/anaconda/envs/testenv/lib/python3.11/site-packages/numpy/lib/function_base.py:2455: RuntimeWarning: invalid value encountered in func (vectorized)
  outputs = ufunc(*inputs)
2400
2023-11-11 23:41:47
elapsed:  4467.1  seconds
/projects/muyang@colostate.edu/software/anaconda/envs/testenv/lib/python3.11/site-packages/numpy/lib/function_base.py:2455: RuntimeWarning: divide by zero encountered in func (vectorized)
  outputs = ufunc(*inputs)
/projects/muyang@colostate.edu/software/anaconda/envs/testenv/lib/python3.11/site-packages/numpy/lib/function_base.py:2455: RuntimeWarning: invalid value encountered in func (vectorized)
  outputs = ufunc(*inputs)
2450
2023-11-11 23:43:24
2500
2023-11-11 23:44:59
elapsed:  4659.0  seconds
2550
2023-11-11 23:46:37
2600
2023-11-11 23:48:12
elapsed:  4851.6  seconds
2650
2023-11-11 23:49:49
2700
2023-11-11 23:51:24
elapsed:  5043.4  seconds
2750
2023-11-11 23:52:59
2800
2023-11-11 23:54:34
elapsed:  5234.1  seconds
/projects/muyang@colostate.edu/software/anaconda/envs/testenv/lib/python3.11/site-packages/numpy/lib/function_base.py:2455: RuntimeWarning: divide by zero encountered in func (vectorized)
  outputs = ufunc(*inputs)
/projects/muyang@colostate.edu/software/anaconda/envs/testenv/lib/python3.11/site-packages/numpy/lib/function_base.py:2455: RuntimeWarning: invalid value encountered in func (vectorized)
  outputs = ufunc(*inputs)
2850
2023-11-11 23:56:12
2900
2023-11-11 23:57:46
elapsed:  5425.4  seconds
2950
2023-11-11 23:59:22
3000
2023-11-12 00:00:57
elapsed:  5616.9  seconds
3050
2023-11-12 00:02:34
3100
2023-11-12 00:04:09
elapsed:  5808.8  seconds
3150
2023-11-12 00:05:45
3200
2023-11-12 00:07:20
elapsed:  5999.5  seconds
3250
2023-11-12 00:08:57
3300
2023-11-12 00:10:32
elapsed:  6192.2  seconds
3350
2023-11-12 00:12:09
3400
2023-11-12 00:13:44
elapsed:  6383.7  seconds
3450
2023-11-12 00:15:21
3500
2023-11-12 00:16:53
elapsed:  6573.2  seconds
3550
2023-11-12 00:18:30
3600
2023-11-12 00:20:03
elapsed:  6762.9  seconds
3650
2023-11-12 00:21:39
3700
2023-11-12 00:23:14
elapsed:  6954.2  seconds
3750
2023-11-12 00:24:50
3800
2023-11-12 00:26:25
elapsed:  7144.4  seconds
3850
2023-11-12 00:28:02
3900
2023-11-12 00:29:37
elapsed:  7336.8  seconds
3950
2023-11-12 00:31:13
/projects/muyang@colostate.edu/software/anaconda/envs/testenv/lib/python3.11/site-packages/numpy/lib/function_base.py:2455: RuntimeWarning: divide by zero encountered in func (vectorized)
  outputs = ufunc(*inputs)
/projects/muyang@colostate.edu/software/anaconda/envs/testenv/lib/python3.11/site-packages/numpy/lib/function_base.py:2455: RuntimeWarning: invalid value encountered in func (vectorized)
  outputs = ufunc(*inputs)
4000
2023-11-12 00:32:47
elapsed:  7527.0  seconds
4050
2023-11-12 00:34:23
4100
2023-11-12 00:35:55
elapsed:  7714.7  seconds
4150
2023-11-12 00:37:32
4200
2023-11-12 00:39:08
elapsed:  7907.6  seconds
4250
2023-11-12 00:40:44
4300
2023-11-12 00:42:17
elapsed:  8096.7  seconds
4350
2023-11-12 00:43:52
/projects/muyang@colostate.edu/software/anaconda/envs/testenv/lib/python3.11/site-packages/numpy/lib/function_base.py:2455: RuntimeWarning: divide by zero encountered in func (vectorized)
  outputs = ufunc(*inputs)
/projects/muyang@colostate.edu/software/anaconda/envs/testenv/lib/python3.11/site-packages/numpy/lib/function_base.py:2455: RuntimeWarning: invalid value encountered in func (vectorized)
  outputs = ufunc(*inputs)
4400
2023-11-12 00:45:25
elapsed:  8284.4  seconds
4450
2023-11-12 00:46:59
4500
2023-11-12 00:48:35
elapsed:  8474.4  seconds
4550
2023-11-12 00:50:12
4600
2023-11-12 00:51:47
elapsed:  8666.6  seconds
4650
2023-11-12 00:53:23
4700
2023-11-12 00:54:59
elapsed:  8858.3  seconds
/projects/muyang@colostate.edu/software/anaconda/envs/testenv/lib/python3.11/site-packages/numpy/lib/function_base.py:2455: RuntimeWarning: divide by zero encountered in func (vectorized)
  outputs = ufunc(*inputs)
/projects/muyang@colostate.edu/software/anaconda/envs/testenv/lib/python3.11/site-packages/numpy/lib/function_base.py:2455: RuntimeWarning: invalid value encountered in func (vectorized)
  outputs = ufunc(*inputs)
4750
2023-11-12 00:56:36
4800
2023-11-12 00:58:11
elapsed:  9050.9  seconds
4850
2023-11-12 00:59:48
4900
2023-11-12 01:01:23
elapsed:  9242.5  seconds
4950
2023-11-12 01:02:57
5000
2023-11-12 01:04:32
elapsed:  9431.3  seconds
5050
2023-11-12 01:06:08
5100
2023-11-12 01:07:42
elapsed:  9621.7  seconds
5150
2023-11-12 01:09:19
5200
2023-11-12 01:10:53
elapsed:  9812.3  seconds
5250
2023-11-12 01:12:30
5300
2023-11-12 01:14:04
elapsed:  10003.8  seconds
5350
2023-11-12 01:15:40
5400
2023-11-12 01:17:15
elapsed:  10194.7  seconds
5450
2023-11-12 01:18:52
5500
2023-11-12 01:20:28
elapsed:  10387.3  seconds
5550
2023-11-12 01:22:03
5600
2023-11-12 01:23:36
elapsed:  10576.0  seconds
5650
2023-11-12 01:25:12
5700
2023-11-12 01:26:48
elapsed:  10767.6  seconds
5750
2023-11-12 01:28:24
5800
2023-11-12 01:29:59
elapsed:  10958.5  seconds
5850
2023-11-12 01:31:35
5900
2023-11-12 01:33:09
elapsed:  11148.8  seconds
5950
2023-11-12 01:34:46
6000
2023-11-12 01:36:20
elapsed:  11340.1  seconds
/projects/muyang@colostate.edu/software/anaconda/envs/testenv/lib/python3.11/site-packages/numpy/lib/function_base.py:2455: RuntimeWarning: divide by zero encountered in func (vectorized)
  outputs = ufunc(*inputs)
/projects/muyang@colostate.edu/software/anaconda/envs/testenv/lib/python3.11/site-packages/numpy/lib/function_base.py:2455: RuntimeWarning: invalid value encountered in func (vectorized)
  outputs = ufunc(*inputs)
6050
2023-11-12 01:37:56
6100
2023-11-12 01:39:31
elapsed:  11531.0  seconds
6150
2023-11-12 01:41:07
6200
2023-11-12 01:42:41
elapsed:  11720.9  seconds
6250
2023-11-12 01:44:18
6300
2023-11-12 01:45:53
elapsed:  11912.5  seconds
6350
2023-11-12 01:47:30
6400
2023-11-12 01:49:05
elapsed:  12104.2  seconds
/projects/muyang@colostate.edu/software/anaconda/envs/testenv/lib/python3.11/site-packages/numpy/lib/function_base.py:2455: RuntimeWarning: divide by zero encountered in func (vectorized)
  outputs = ufunc(*inputs)
/projects/muyang@colostate.edu/software/anaconda/envs/testenv/lib/python3.11/site-packages/numpy/lib/function_base.py:2455: RuntimeWarning: invalid value encountered in func (vectorized)
  outputs = ufunc(*inputs)
6450
2023-11-12 01:50:41
6500
2023-11-12 01:52:17
elapsed:  12296.3  seconds
6550
2023-11-12 01:53:53
6600
2023-11-12 01:55:29
elapsed:  12488.3  seconds
6650
2023-11-12 01:57:06
6700
2023-11-12 01:58:42
elapsed:  12681.6  seconds
6750
2023-11-12 02:00:18
6800
2023-11-12 02:01:54
elapsed:  12873.3  seconds
6850
2023-11-12 02:03:30
6900
2023-11-12 02:05:05
elapsed:  13064.3  seconds
6950
2023-11-12 02:06:43
7000
2023-11-12 02:08:18
elapsed:  13257.8  seconds
7050
2023-11-12 02:09:54
7100
2023-11-12 02:11:29
elapsed:  13448.8  seconds
7150
2023-11-12 02:13:04
7200
2023-11-12 02:14:37
elapsed:  13636.3  seconds
7250
2023-11-12 02:16:12
7300
2023-11-12 02:17:47
elapsed:  13827.0  seconds
7350
2023-11-12 02:19:23
7400
2023-11-12 02:20:57
elapsed:  14016.6  seconds
7450
2023-11-12 02:22:33
7500
2023-11-12 02:24:05
elapsed:  14204.4  seconds
7550
2023-11-12 02:25:41
7600
2023-11-12 02:27:16
elapsed:  14395.7  seconds
7650
2023-11-12 02:28:52
7700
2023-11-12 02:30:27
elapsed:  14586.4  seconds
7750
2023-11-12 02:32:03
7800
2023-11-12 02:33:37
elapsed:  14776.4  seconds
7850
2023-11-12 02:35:14
7900
2023-11-12 02:36:49
elapsed:  14969.2  seconds
7950
2023-11-12 02:38:27
8000
2023-11-12 02:40:01
elapsed:  15161.1  seconds
/projects/muyang@colostate.edu/software/anaconda/envs/testenv/lib/python3.11/site-packages/numpy/lib/function_base.py:2455: RuntimeWarning: divide by zero encountered in func (vectorized)
  outputs = ufunc(*inputs)
/projects/muyang@colostate.edu/software/anaconda/envs/testenv/lib/python3.11/site-packages/numpy/lib/function_base.py:2455: RuntimeWarning: invalid value encountered in func (vectorized)
  outputs = ufunc(*inputs)
8050
2023-11-12 02:41:39
8100
2023-11-12 02:43:15
elapsed:  15354.7  seconds
8150
2023-11-12 02:44:52
8200
2023-11-12 02:46:27
elapsed:  15547.2  seconds
8250
2023-11-12 02:48:04
8300
2023-11-12 02:49:38
elapsed:  15737.6  seconds
8350
2023-11-12 02:51:13
8400
2023-11-12 02:52:49
elapsed:  15928.4  seconds
8450
2023-11-12 02:54:26
8500
2023-11-12 02:56:00
elapsed:  16120.0  seconds
8550
2023-11-12 02:57:37
/projects/muyang@colostate.edu/software/anaconda/envs/testenv/lib/python3.11/site-packages/numpy/lib/function_base.py:2455: RuntimeWarning: divide by zero encountered in func (vectorized)
  outputs = ufunc(*inputs)
/projects/muyang@colostate.edu/software/anaconda/envs/testenv/lib/python3.11/site-packages/numpy/lib/function_base.py:2455: RuntimeWarning: invalid value encountered in func (vectorized)
  outputs = ufunc(*inputs)
8600
2023-11-12 02:59:12
elapsed:  16312.2  seconds
8650
2023-11-12 03:00:49
8700
2023-11-12 03:02:24
elapsed:  16503.3  seconds
8750
2023-11-12 03:03:59
8800
2023-11-12 03:05:34
elapsed:  16693.9  seconds
8850
2023-11-12 03:07:11
/projects/muyang@colostate.edu/software/anaconda/envs/testenv/lib/python3.11/site-packages/numpy/lib/function_base.py:2455: RuntimeWarning: divide by zero encountered in func (vectorized)
  outputs = ufunc(*inputs)
/projects/muyang@colostate.edu/software/anaconda/envs/testenv/lib/python3.11/site-packages/numpy/lib/function_base.py:2455: RuntimeWarning: invalid value encountered in func (vectorized)
  outputs = ufunc(*inputs)
8900
2023-11-12 03:08:47
elapsed:  16886.4  seconds
/projects/muyang@colostate.edu/software/anaconda/envs/testenv/lib/python3.11/site-packages/numpy/lib/function_base.py:2455: RuntimeWarning: divide by zero encountered in func (vectorized)
  outputs = ufunc(*inputs)
/projects/muyang@colostate.edu/software/anaconda/envs/testenv/lib/python3.11/site-packages/numpy/lib/function_base.py:2455: RuntimeWarning: invalid value encountered in func (vectorized)
  outputs = ufunc(*inputs)
8950
2023-11-12 03:10:24
9000
2023-11-12 03:11:58
elapsed:  17078.0  seconds
9050
2023-11-12 03:13:33
9100
2023-11-12 03:15:07
elapsed:  17266.4  seconds
9150
2023-11-12 03:16:42
/projects/muyang@colostate.edu/software/anaconda/envs/testenv/lib/python3.11/site-packages/numpy/lib/function_base.py:2455: RuntimeWarning: divide by zero encountered in func (vectorized)
  outputs = ufunc(*inputs)
/projects/muyang@colostate.edu/software/anaconda/envs/testenv/lib/python3.11/site-packages/numpy/lib/function_base.py:2455: RuntimeWarning: invalid value encountered in func (vectorized)
  outputs = ufunc(*inputs)
9200
2023-11-12 03:18:16
elapsed:  17455.4  seconds
9250
2023-11-12 03:19:53
9300
2023-11-12 03:21:28
elapsed:  17648.1  seconds
9350
2023-11-12 03:23:05
9400
2023-11-12 03:24:40
elapsed:  17839.9  seconds
9450
2023-11-12 03:26:17
/projects/muyang@colostate.edu/software/anaconda/envs/testenv/lib/python3.11/site-packages/numpy/lib/function_base.py:2455: RuntimeWarning: divide by zero encountered in func (vectorized)
  outputs = ufunc(*inputs)
/projects/muyang@colostate.edu/software/anaconda/envs/testenv/lib/python3.11/site-packages/numpy/lib/function_base.py:2455: RuntimeWarning: invalid value encountered in func (vectorized)
  outputs = ufunc(*inputs)
9500
2023-11-12 03:27:52
elapsed:  18031.4  seconds
9550
2023-11-12 03:29:28
9600
2023-11-12 03:31:04
elapsed:  18223.4  seconds
9650
2023-11-12 03:32:41
9700
2023-11-12 03:34:16
elapsed:  18415.6  seconds
9750
2023-11-12 03:35:53
9800
2023-11-12 03:37:28
elapsed:  18608.2  seconds
9850
2023-11-12 03:39:06
9900
2023-11-12 03:40:40
elapsed:  18799.6  seconds
/projects/muyang@colostate.edu/software/anaconda/envs/testenv/lib/python3.11/site-packages/numpy/lib/function_base.py:2455: RuntimeWarning: divide by zero encountered in func (vectorized)
  outputs = ufunc(*inputs)
/projects/muyang@colostate.edu/software/anaconda/envs/testenv/lib/python3.11/site-packages/numpy/lib/function_base.py:2455: RuntimeWarning: invalid value encountered in func (vectorized)
  outputs = ufunc(*inputs)
9950
2023-11-12 03:42:15
10000
2023-11-12 03:43:48
elapsed:  18988.2  seconds
10050
2023-11-12 03:45:23
10100
2023-11-12 03:46:56
elapsed:  19176.0  seconds
10150
2023-11-12 03:48:33
10200
2023-11-12 03:50:06
elapsed:  19365.6  seconds
10250
2023-11-12 03:51:43
10300
2023-11-12 03:53:17
elapsed:  19556.7  seconds
10350
2023-11-12 03:54:52
10400
2023-11-12 03:56:27
elapsed:  19747.1  seconds
10450
2023-11-12 03:58:04
10500
2023-11-12 03:59:39
elapsed:  19939.2  seconds
10550
2023-11-12 04:01:16
10600
2023-11-12 04:02:52
elapsed:  20131.3  seconds
10650
2023-11-12 04:04:28
10700
2023-11-12 04:06:03
elapsed:  20323.1  seconds
10750
2023-11-12 04:07:40
10800
2023-11-12 04:09:12
elapsed:  20511.9  seconds
10850
2023-11-12 04:10:48
10900
2023-11-12 04:12:24
elapsed:  20703.4  seconds
10950
2023-11-12 04:14:00
11000
2023-11-12 04:15:35
elapsed:  20894.5  seconds
11050
2023-11-12 04:17:10
11100
2023-11-12 04:18:46
elapsed:  21085.2  seconds
/projects/muyang@colostate.edu/software/anaconda/envs/testenv/lib/python3.11/site-packages/numpy/lib/function_base.py:2455: RuntimeWarning: divide by zero encountered in func (vectorized)
  outputs = ufunc(*inputs)
/projects/muyang@colostate.edu/software/anaconda/envs/testenv/lib/python3.11/site-packages/numpy/lib/function_base.py:2455: RuntimeWarning: invalid value encountered in func (vectorized)
  outputs = ufunc(*inputs)
11150
2023-11-12 04:20:20
11200
2023-11-12 04:21:55
elapsed:  21274.9  seconds
11250
2023-11-12 04:23:32
11300
2023-11-12 04:25:06
elapsed:  21465.3  seconds
11350
2023-11-12 04:26:42
11400
2023-11-12 04:28:16
elapsed:  21655.9  seconds
11450
2023-11-12 04:29:53
11500
2023-11-12 04:31:28
elapsed:  21847.8  seconds
11550
2023-11-12 04:33:04
11600
2023-11-12 04:34:38
elapsed:  22037.5  seconds
11650
2023-11-12 04:36:15
11700
2023-11-12 04:37:47
elapsed:  22227.0  seconds
11750
2023-11-12 04:39:23
11800
2023-11-12 04:40:58
elapsed:  22417.5  seconds
11850
2023-11-12 04:42:31
11900
2023-11-12 04:44:05
elapsed:  22604.8  seconds
11950
2023-11-12 04:45:42
12000
2023-11-12 04:47:18
elapsed:  22798.2  seconds
12050
2023-11-12 04:48:56
12100
2023-11-12 04:50:33
elapsed:  22992.5  seconds
12150
2023-11-12 04:52:10
12200
2023-11-12 04:53:46
elapsed:  23185.5  seconds
12250
2023-11-12 04:55:23
12300
2023-11-12 04:56:58
elapsed:  23377.6  seconds
/projects/muyang@colostate.edu/software/anaconda/envs/testenv/lib/python3.11/site-packages/numpy/lib/function_base.py:2455: RuntimeWarning: divide by zero encountered in func (vectorized)
  outputs = ufunc(*inputs)
/projects/muyang@colostate.edu/software/anaconda/envs/testenv/lib/python3.11/site-packages/numpy/lib/function_base.py:2455: RuntimeWarning: invalid value encountered in func (vectorized)
  outputs = ufunc(*inputs)
12350
2023-11-12 04:58:36
12400
2023-11-12 05:00:11
elapsed:  23571.2  seconds
12450
2023-11-12 05:01:49
12500
2023-11-12 05:03:24
elapsed:  23763.8  seconds
12550
2023-11-12 05:05:00
12600
2023-11-12 05:06:37
elapsed:  23956.3  seconds
12650
2023-11-12 05:08:13
12700
2023-11-12 05:09:50
elapsed:  24149.3  seconds
12750
2023-11-12 05:11:28
/projects/muyang@colostate.edu/software/anaconda/envs/testenv/lib/python3.11/site-packages/numpy/lib/function_base.py:2455: RuntimeWarning: divide by zero encountered in func (vectorized)
  outputs = ufunc(*inputs)
/projects/muyang@colostate.edu/software/anaconda/envs/testenv/lib/python3.11/site-packages/numpy/lib/function_base.py:2455: RuntimeWarning: invalid value encountered in func (vectorized)
  outputs = ufunc(*inputs)
12800
2023-11-12 05:13:03
elapsed:  24342.8  seconds
12850
2023-11-12 05:14:39
12900
2023-11-12 05:16:14
elapsed:  24533.6  seconds
12950
2023-11-12 05:17:51
13000
2023-11-12 05:19:27
elapsed:  24726.3  seconds
13050
2023-11-12 05:21:03
13100
2023-11-12 05:22:37
elapsed:  24916.6  seconds
13150
2023-11-12 05:24:14
/projects/muyang@colostate.edu/software/anaconda/envs/testenv/lib/python3.11/site-packages/numpy/lib/function_base.py:2455: RuntimeWarning: divide by zero encountered in func (vectorized)
  outputs = ufunc(*inputs)
/projects/muyang@colostate.edu/software/anaconda/envs/testenv/lib/python3.11/site-packages/numpy/lib/function_base.py:2455: RuntimeWarning: invalid value encountered in func (vectorized)
  outputs = ufunc(*inputs)
/projects/muyang@colostate.edu/software/anaconda/envs/testenv/lib/python3.11/site-packages/numpy/lib/function_base.py:2455: RuntimeWarning: divide by zero encountered in func (vectorized)
  outputs = ufunc(*inputs)
/projects/muyang@colostate.edu/software/anaconda/envs/testenv/lib/python3.11/site-packages/numpy/lib/function_base.py:2455: RuntimeWarning: invalid value encountered in func (vectorized)
  outputs = ufunc(*inputs)
13200
2023-11-12 05:25:49
elapsed:  25109.2  seconds
13250
2023-11-12 05:27:26
13300
2023-11-12 05:29:02
elapsed:  25301.8  seconds
13350
2023-11-12 05:30:38
13400
2023-11-12 05:32:13
elapsed:  25492.9  seconds
13450
2023-11-12 05:33:51
13500
2023-11-12 05:35:26
elapsed:  25685.4  seconds
13550
2023-11-12 05:37:00
13600
2023-11-12 05:38:35
elapsed:  25874.6  seconds
13650
2023-11-12 05:40:13
13700
2023-11-12 05:41:48
elapsed:  26067.8  seconds
13750
2023-11-12 05:43:23
13800
2023-11-12 05:44:56
elapsed:  26255.8  seconds
13850
2023-11-12 05:46:30
13900
2023-11-12 05:48:02
elapsed:  26441.8  seconds
13950
2023-11-12 05:49:37
14000
2023-11-12 05:51:10
elapsed:  26630.0  seconds
14050
2023-11-12 05:52:45
14100
2023-11-12 05:54:20
elapsed:  26819.5  seconds
14150
2023-11-12 05:55:57
14200
2023-11-12 05:57:32
elapsed:  27011.9  seconds
14250
2023-11-12 05:59:09
14300
2023-11-12 06:00:43
elapsed:  27202.8  seconds
14350
2023-11-12 06:02:20
14400
2023-11-12 06:03:55
elapsed:  27394.3  seconds
14450
2023-11-12 06:05:31
14500
2023-11-12 06:07:06
elapsed:  27586.1  seconds
14550
2023-11-12 06:08:43
14600
2023-11-12 06:10:19
elapsed:  27779.1  seconds
14650
2023-11-12 06:11:55
14700
2023-11-12 06:13:29
elapsed:  27969.0  seconds
14750
2023-11-12 06:15:07
14800
2023-11-12 06:16:42
elapsed:  28161.8  seconds
14850
2023-11-12 06:18:20
/projects/muyang@colostate.edu/software/anaconda/envs/testenv/lib/python3.11/site-packages/numpy/lib/function_base.py:2455: RuntimeWarning: divide by zero encountered in func (vectorized)
  outputs = ufunc(*inputs)
/projects/muyang@colostate.edu/software/anaconda/envs/testenv/lib/python3.11/site-packages/numpy/lib/function_base.py:2455: RuntimeWarning: invalid value encountered in func (vectorized)
  outputs = ufunc(*inputs)
14900
2023-11-12 06:19:55
elapsed:  28354.5  seconds
14950
2023-11-12 06:21:32
elapsed:  28543.4  seconds
total time:  28547.2  seconds
true R:  [[2.46658071e-01 3.67050414e+00 8.11268065e-01 4.45856099e+03
  4.50283186e-01 8.55765456e-01 1.61084084e+01 6.60968710e-01
  5.74291110e-01 1.74496990e-01 3.66914513e+01 1.32824148e+00
  1.60585839e+01 8.01775438e-01 1.24496250e-01 5.67803932e+00
  6.43022919e-01 6.21839651e-01 8.11098399e-01 7.52524099e-01
  4.32055774e-01 2.44256132e-01 3.85727938e-01 7.01292100e-01
  6.15589814e+01 1.47413744e+00 3.26766191e-01 2.78312900e+00
  2.53807465e+02 1.36209734e+00 7.28305915e+00 1.23359389e+00
  3.87963315e-01 9.46097535e-01 1.19897721e+00 1.76684455e-01
  2.13172405e+00 7.68277871e+00 1.52449684e-01 9.79604982e+01
  4.25233570e+00 2.07298068e-01 1.55916397e-01 1.10329439e-01
  9.15659761e-01 5.06218870e-01 2.93247793e+01 1.07485773e+01
  1.09344369e-01 1.09639119e-01 1.20036675e+00 2.03844388e-01
  7.37226489e-01 1.03288568e-01 6.63787780e+01 1.41158227e-01
  5.58965942e-01 1.97866139e+00 1.05500455e-01 2.54882079e+01
  1.21729486e+00 9.23265823e-01 8.66505262e-02 4.55753116e-01]
 [1.35750814e-01 2.01724891e+00 3.49883303e-01 1.80653303e-01
  1.89616701e-01 3.07329114e+01 1.40052554e+01 1.27237734e-01
  3.56357100e-01 9.48901197e+00 5.86472063e+00 5.50566756e-01
  7.61224897e+01 2.00288778e+00 1.00172526e+00 3.15064930e-01
  8.22272862e-01 1.41822691e+00 1.79148656e+00 3.07772860e+00
  3.28390536e+00 3.00967384e-01 2.08042847e-01 2.86807471e+01
  9.23398971e+00 3.25526763e-01 2.53758233e-01 8.79429805e-02
  1.29375463e-01 2.57044391e+00 4.54408284e-02 2.67351059e-01
  3.89499873e+00 1.25041988e+00 1.15382851e+03 4.01197678e-01
  4.40581912e+01 1.62076175e+00 7.08141081e+01 6.56517207e-01
  3.14616072e-01 6.97378922e-01 1.18706272e-01 9.35580034e-01
  2.61470177e-01 5.16524557e+00 4.93883349e+00 2.15404934e+00
  1.16346349e-01 4.36180057e+01 1.09451882e+00 1.11272253e+00
  3.70834785e-01 1.97815901e+00 1.27394401e+00 3.40166304e-01
  1.09445482e+02 4.17230405e-01 2.54612430e-01 2.97391566e-01
  1.03906499e+00 6.33285371e-01 7.30247148e-01 1.40739096e-01]
 [6.21176158e+00 8.67386169e-02 1.46704253e-01 3.36399950e+00
  4.52200407e+00 6.51916891e-01 6.70062247e-01 4.11772879e+00
  8.20338113e-01 4.98186369e-01 9.00742899e-01 2.01758738e-01
  1.58165215e+01 4.95548550e-01 1.05163492e+00 2.64445328e-01
  7.78670822e+00 2.17035919e+00 1.60261300e+00 2.05786268e+01
  1.98463251e-01 6.19862770e+00 7.97569050e+00 1.62918883e+01
  1.31197169e+00 7.32715489e-01 1.89335138e+01 5.05282022e-01
  3.16028531e+00 9.13760026e+01 6.93605047e-01 9.43353918e+01
  8.76604010e-01 2.63264375e+02 7.87071406e-01 6.11365731e-01
  5.99466805e-01 4.74008905e+00 2.69016534e-01 1.41329680e+01
  6.49388672e-01 2.75845570e+00 2.35502667e-01 6.37128813e-01
  2.57929612e-01 2.41173273e+00 9.77167113e-01 7.26672886e-01
  2.37511104e-01 3.49524998e-01 3.96678341e-01 3.48913357e-01
  1.58250486e+01 7.44866191e-01 1.34538069e-01 5.73045013e-01
  2.80233219e+00 5.62935184e-01 1.37913468e+00 2.53715477e-01
  2.98120380e+00 2.17425402e-01 1.49367522e-01 4.89812760e+00]
 [5.73849201e-01 2.13842442e-01 2.03511335e-01 9.39839451e-01
  1.39490514e+00 8.96697232e+01 6.05370900e-01 1.66793964e+00
  9.71401757e+00 3.68979152e+00 1.38380720e+00 3.75834125e+00
  1.07181857e+00 2.58325952e+01 4.53659785e+01 1.87381904e+00
  2.40644866e+00 3.56928292e+00 9.78882519e+01 1.06368251e+00
  1.36170653e+00 4.60180319e+00 4.01760990e-01 1.51175555e-01
  8.40408289e-01 2.03497519e+00 5.64524442e+01 1.21186897e+00
  1.52417707e+03 5.87928608e-01 2.54783316e+00 3.79976187e+01
  4.72116654e+01 4.67500039e+02 2.24018491e+00 2.24094442e-01
  1.46206784e-01 5.45049581e-01 4.33635078e+01 6.71234905e-01
  2.03949073e-01 2.39946579e+00 3.90571657e+00 1.53446624e+02
  5.90568931e+00 1.44289859e-01 9.20865638e-01 1.71250042e+01
  4.52789517e-01 1.80201489e+00 5.15470152e+00 1.01792125e+02
  1.04450017e+00 1.35816361e+00 1.61731799e-01 1.90303325e+00
  5.00119278e-01 3.69767384e-01 6.28796494e+00 7.59548850e-01
  4.05947394e-01 7.12451182e+00 3.82832259e-01 1.66782523e-01]
 [2.26952714e+00 9.48041775e-01 8.32621764e-01 5.15329092e+01
  6.85071029e-01 7.80635014e-01 5.55704587e-01 5.30961552e-01
  1.15844633e-01 4.67977015e-01 5.91176716e+00 2.08554604e-01
  1.36138582e+00 2.56805689e+01 2.10166169e+00 1.23944640e-01
  7.17654408e-01 9.12531013e+01 9.90281544e-01 8.01361304e-01
  2.76776490e+00 2.29615019e+02 2.81043553e-01 1.89893925e+00
  4.39838425e-01 6.30030691e-01 5.62567531e-01 6.39365548e-01
  1.77650355e+02 8.57306312e-01 1.05377912e-01 2.64600542e+00
  2.33811275e-01 4.79871688e+01 3.43390420e-01 1.00318922e+01
  3.43799506e+00 7.82080457e-02 8.23825596e+00 3.15069095e-01
  4.09976620e+01 2.05104321e+00 1.66748497e+01 6.30978506e+00
  1.44261059e-01 6.12508441e-01 1.24911381e+00 1.70909179e-01
  1.94519386e-01 3.13710467e-01 1.19924097e+00 5.55073225e+00
  1.58070909e+00 5.35870659e+00 8.07577549e-01 5.41993482e-01
  1.97085111e+00 3.87379843e-01 2.43644378e+00 1.27376419e+01
  1.19422479e+01 3.79583535e+00 1.94169448e+00 1.10804262e+00]
 [5.27170724e+00 3.92671239e+00 1.77424399e-01 9.51253240e-01
  1.21361422e+01 1.22433519e+01 2.35546576e+00 9.83790335e-02
  9.99130782e-01 1.20632365e+01 6.85378405e-01 1.00632450e+01
  3.85242749e-01 1.91265079e-01 1.16940569e+00 1.22847609e-01
  4.58742709e-01 1.91530825e-01 4.86483012e+00 1.00029873e+01
  1.82499575e-01 7.95989355e-01 2.79841240e+03 8.82492346e+01
  4.21955087e-01 2.20808822e-01 1.07935692e+01 3.99393750e+01
  7.89025053e+02 2.58966037e+02 7.41273587e-01 3.35594238e-01
  3.83479700e-01 2.75838926e-01 5.87466138e+00 4.43740361e-01
  1.55828143e-01 3.63060458e+00 2.95036829e+01 3.36336941e+00
  2.56742237e-01 6.39145024e-02 7.60446032e+00 1.84174579e-01
  4.60105115e-01 3.77905050e+00 6.42780857e+00 2.78724348e+00
  3.04936272e-01 5.81972306e+00 8.28702922e-01 9.93920770e-01
  1.49881299e+00 5.98901362e+00 9.47055996e+00 3.11612138e+02
  2.64527841e+00 6.39390835e+02 1.12986821e+00 2.40039128e-01
  2.46539336e+04 1.58953312e+00 1.98105699e-01 1.37235716e+00]
 [2.73455644e-01 1.69995992e+00 6.18327005e+00 6.70221999e-01
  2.66967304e+01 7.02428147e-01 4.07631949e+01 5.59798316e-01
  4.51206357e-01 1.18681829e-01 3.43976689e+01 4.45288346e+01
  4.92583081e-01 1.59030928e-01 3.61589768e-01 2.03138349e+01
  1.07359971e+00 1.08480901e+00 1.28151850e+00 3.16905449e-01
  3.16577503e-01 2.60078696e+01 1.22016811e+01 1.95759602e+00
  1.36470399e+00 4.98636644e+01 1.98489151e+00 5.94941307e-01
  4.54910455e+01 8.87817974e-02 7.24210897e-01 4.97036888e-01
  3.23298545e-01 7.96333522e-01 1.47832598e-01 1.39551736e+00
  4.30555082e-01 9.67837085e+02 7.06280204e+00 1.41893964e+00
  3.73512170e+00 5.88410328e-01 1.46003602e+01 3.22856548e-01
  1.83343713e+03 2.42622138e+00 6.98650004e-01 4.98768553e+00
  2.34334238e-01 8.57104486e+00 2.97095757e+01 1.44664692e+00
  5.68772993e+00 2.94490988e+00 7.40658607e+00 8.90827271e+00
  3.50451989e-01 9.98501313e-01 9.00084759e-01 1.29735790e+00
  2.36993705e+00 5.09518242e-01 5.57557052e-01 1.81811050e-01]
 [3.74082183e+01 1.28534710e+00 5.57883811e+00 8.06188126e-01
  8.35674909e-01 1.03236355e+01 3.63844900e-01 4.54081739e-01
  1.55016734e+01 3.59408550e-01 1.70364283e+01 6.52076045e-01
  5.64489030e+01 3.11310625e+00 9.26622906e-01 5.36988308e-01
  3.11868930e+00 1.40648787e+01 1.84103675e-01 1.40730902e+00
  7.72047391e-01 9.21151078e+01 2.03745031e-01 1.55947400e-01
  2.82244876e+00 9.47636177e-01 2.46855672e-01 2.41956870e+00
  1.85064468e+01 1.68110796e+00 8.15967959e-02 3.88745042e+03
  1.22670071e+00 8.87430286e+02 2.07514955e-01 3.65764865e-01
  1.79332789e+01 9.00690121e+00 1.83001627e+03 6.09081459e+00
  2.34700286e+00 1.56175477e-01 8.31203523e+00 2.68861398e+00
  1.32254592e+00 3.80015199e+00 2.13498018e+02 1.93886106e+00
  2.87384145e+00 3.85781804e-01 3.77945951e+01 5.67685263e-01
  7.57245543e-01 9.98591077e+00 2.36549279e+00 5.13486724e+00
  2.42996667e+00 4.03076477e-01 2.87578486e-01 3.85208474e+00
  2.63322505e+00 1.00449452e+00 1.01100918e+00 1.11782694e+01]
 [1.00274515e+01 7.13226310e-01 1.04024479e+00 9.36120558e+04
  3.19492662e+00 9.20688810e-01 1.44987255e+02 2.79238883e+02
  3.79886117e+01 1.98715114e+01 6.13626689e-01 1.20560113e-01
  4.51530015e+01 1.02386876e+00 9.02306052e-02 7.53930978e-02
  2.37565947e+01 2.67887995e+00 1.60031423e+00 2.08248075e-01
  7.45721282e+01 1.63961214e+00 3.50188132e-01 2.82988211e+02
  8.71786144e-02 2.74559287e-01 1.38468666e-01 1.37230464e+01
  1.26952699e+01 3.83626304e+01 3.62924510e-01 1.98482347e-01
  1.11213491e-01 4.43518458e-01 6.03304046e-02 3.51959510e-01
  4.56640023e-01 8.00338471e-01 6.80706871e-01 1.05798122e+01
  2.96179671e+00 1.91994127e-01 1.15215335e+01 3.58507998e+01
  1.95809915e-01 4.36268103e-01 1.96691672e+01 5.68594444e+01
  1.41761380e+00 4.81188701e+00 1.80230312e-01 2.74033410e+02
  7.04485187e-01 3.38134418e-01 1.87898037e-01 4.62087946e-01
  7.87692055e-01 9.16817115e+00 8.84091744e+00 2.70062814e-01
  1.47291626e+00 2.43492902e+01 3.21615491e-01 7.40227120e-01]]
