1
50
2023-11-11 22:33:43
100
2023-11-11 22:35:24
elapsed:  199.8  seconds
150
2023-11-11 22:37:06
200
2023-11-11 22:38:46
elapsed:  402.1  seconds
250
2023-11-11 22:40:26
300
2023-11-11 22:42:08
elapsed:  604.2  seconds
350
2023-11-11 22:43:51
400
2023-11-11 22:45:31
elapsed:  807.0  seconds
450
2023-11-11 22:47:12
500
2023-11-11 22:48:53
elapsed:  1009.0  seconds
550
2023-11-11 22:50:36
600
2023-11-11 22:52:18
elapsed:  1214.2  seconds
650
2023-11-11 22:54:00
700
2023-11-11 22:55:41
elapsed:  1416.8  seconds
750
2023-11-11 22:57:22
800
2023-11-11 22:59:03
elapsed:  1619.5  seconds
850
2023-11-11 23:00:46
900
2023-11-11 23:02:28
elapsed:  1824.3  seconds
950
2023-11-11 23:04:11
1000
2023-11-11 23:05:52
elapsed:  2028.2  seconds
1050
2023-11-11 23:07:32
1100
2023-11-11 23:09:12
elapsed:  2228.2  seconds
1150
2023-11-11 23:10:56
1200
2023-11-11 23:12:37
elapsed:  2433.5  seconds
1250
2023-11-11 23:14:20
1300
2023-11-11 23:16:01
elapsed:  2637.4  seconds
1350
2023-11-11 23:17:45
1400
2023-11-11 23:19:25
elapsed:  2840.9  seconds
1450
2023-11-11 23:21:08
1500
2023-11-11 23:22:47
elapsed:  3043.0  seconds
1550
2023-11-11 23:24:24
1600
2023-11-11 23:26:03
elapsed:  3239.1  seconds
1650
2023-11-11 23:27:45
1700
2023-11-11 23:29:25
elapsed:  3441.6  seconds
1750
2023-11-11 23:31:08
1800
2023-11-11 23:32:48
elapsed:  3644.6  seconds
1850
2023-11-11 23:34:33
1900
2023-11-11 23:36:14
elapsed:  3850.3  seconds
1950
2023-11-11 23:37:56
2000
2023-11-11 23:39:37
elapsed:  4053.4  seconds
2050
2023-11-11 23:41:20
2100
2023-11-11 23:43:01
elapsed:  4257.5  seconds
2150
2023-11-11 23:44:44
2200
2023-11-11 23:46:24
elapsed:  4460.2  seconds
2250
2023-11-11 23:48:06
2300
2023-11-11 23:49:48
elapsed:  4664.4  seconds
2350
2023-11-11 23:51:31
2400
2023-11-11 23:53:11
elapsed:  4867.6  seconds
2450
2023-11-11 23:54:54
2500
2023-11-11 23:56:34
elapsed:  5070.6  seconds
2550
2023-11-11 23:58:19
2600
2023-11-12 00:00:01
elapsed:  5276.8  seconds
2650
2023-11-12 00:01:43
2700
2023-11-12 00:03:24
elapsed:  5480.4  seconds
2750
2023-11-12 00:05:07
2800
2023-11-12 00:06:49
elapsed:  5684.9  seconds
2850
2023-11-12 00:08:32
2900
2023-11-12 00:10:12
elapsed:  5888.0  seconds
2950
2023-11-12 00:11:54
3000
2023-11-12 00:13:35
elapsed:  6091.5  seconds
3050
2023-11-12 00:15:18
3100
2023-11-12 00:16:59
elapsed:  6295.5  seconds
3150
2023-11-12 00:18:41
3200
2023-11-12 00:20:22
elapsed:  6498.2  seconds
3250
2023-11-12 00:22:06
3300
2023-11-12 00:23:46
elapsed:  6702.3  seconds
3350
2023-11-12 00:25:28
3400
2023-11-12 00:27:09
elapsed:  6905.0  seconds
3450
2023-11-12 00:28:52
3500
2023-11-12 00:30:35
elapsed:  7111.2  seconds
3550
2023-11-12 00:32:17
3600
2023-11-12 00:33:57
elapsed:  7313.0  seconds
3650
2023-11-12 00:35:40
3700
2023-11-12 00:37:22
elapsed:  7518.2  seconds
3750
2023-11-12 00:39:04
3800
2023-11-12 00:40:45
elapsed:  7721.0  seconds
3850
2023-11-12 00:42:27
3900
2023-11-12 00:44:06
elapsed:  7922.1  seconds
3950
2023-11-12 00:45:48
4000
2023-11-12 00:47:29
elapsed:  8125.2  seconds
4050
2023-11-12 00:49:12
4100
2023-11-12 00:50:53
elapsed:  8329.1  seconds
4150
2023-11-12 00:52:35
4200
2023-11-12 00:54:16
elapsed:  8531.7  seconds
4250
2023-11-12 00:55:56
4300
2023-11-12 00:57:35
elapsed:  8731.5  seconds
4350
2023-11-12 00:59:18
4400
2023-11-12 01:01:00
elapsed:  8935.9  seconds
4450
2023-11-12 01:02:43
4500
2023-11-12 01:04:23
elapsed:  9139.2  seconds
4550
2023-11-12 01:06:06
4600
2023-11-12 01:07:46
elapsed:  9342.3  seconds
4650
2023-11-12 01:09:30
4700
2023-11-12 01:11:10
elapsed:  9546.5  seconds
4750
2023-11-12 01:12:53
4800
2023-11-12 01:14:33
elapsed:  9749.2  seconds
4850
2023-11-12 01:16:17
4900
2023-11-12 01:17:58
elapsed:  9953.7  seconds
4950
2023-11-12 01:19:41
5000
2023-11-12 01:21:22
elapsed:  10157.9  seconds
5050
2023-11-12 01:23:05
5100
2023-11-12 01:24:47
elapsed:  10363.1  seconds
5150
2023-11-12 01:26:30
5200
2023-11-12 01:28:11
elapsed:  10567.1  seconds
5250
2023-11-12 01:29:54
5300
2023-11-12 01:31:34
elapsed:  10770.5  seconds
5350
2023-11-12 01:33:17
5400
2023-11-12 01:34:58
elapsed:  10974.5  seconds
5450
2023-11-12 01:36:42
5500
2023-11-12 01:38:23
elapsed:  11179.6  seconds
5550
2023-11-12 01:40:07
5600
2023-11-12 01:41:49
elapsed:  11385.7  seconds
5650
2023-11-12 01:43:33
5700
2023-11-12 01:45:14
elapsed:  11590.1  seconds
5750
2023-11-12 01:46:57
5800
2023-11-12 01:48:38
elapsed:  11794.6  seconds
5850
2023-11-12 01:50:22
5900
2023-11-12 01:52:03
elapsed:  11999.4  seconds
5950
2023-11-12 01:53:46
6000
2023-11-12 01:55:27
elapsed:  12203.7  seconds
6050
2023-11-12 01:57:13
6100
2023-11-12 01:58:55
elapsed:  12411.6  seconds
6150
2023-11-12 02:00:40
6200
2023-11-12 02:02:20
elapsed:  12616.1  seconds
6250
2023-11-12 02:04:03
6300
2023-11-12 02:05:45
elapsed:  12820.8  seconds
6350
2023-11-12 02:07:28
6400
2023-11-12 02:09:08
elapsed:  13024.6  seconds
6450
2023-11-12 02:10:51
6500
2023-11-12 02:12:32
elapsed:  13228.2  seconds
6550
2023-11-12 02:14:14
6600
2023-11-12 02:15:56
elapsed:  13432.2  seconds
6650
2023-11-12 02:17:39
6700
2023-11-12 02:19:20
elapsed:  13636.7  seconds
6750
2023-11-12 02:21:05
6800
2023-11-12 02:22:46
elapsed:  13842.1  seconds
6850
2023-11-12 02:24:26
6900
2023-11-12 02:26:07
elapsed:  14043.5  seconds
6950
2023-11-12 02:27:49
7000
2023-11-12 02:29:26
elapsed:  14242.1  seconds
7050
2023-11-12 02:31:08
7100
2023-11-12 02:32:49
elapsed:  14445.7  seconds
7150
2023-11-12 02:34:32
7200
2023-11-12 02:36:13
elapsed:  14649.2  seconds
7250
2023-11-12 02:37:55
7300
2023-11-12 02:39:35
elapsed:  14851.7  seconds
7350
2023-11-12 02:41:19
7400
2023-11-12 02:42:59
elapsed:  15055.7  seconds
7450
2023-11-12 02:44:43
7500
2023-11-12 02:46:25
elapsed:  15261.4  seconds
7550
2023-11-12 02:48:08
7600
2023-11-12 02:49:49
elapsed:  15464.7  seconds
7650
2023-11-12 02:51:31
7700
2023-11-12 02:53:11
elapsed:  15667.6  seconds
7750
2023-11-12 02:54:48
7800
2023-11-12 02:56:27
elapsed:  15863.3  seconds
7850
2023-11-12 02:58:10
7900
2023-11-12 02:59:49
elapsed:  16065.6  seconds
7950
2023-11-12 03:01:33
8000
2023-11-12 03:03:13
elapsed:  16269.4  seconds
8050
2023-11-12 03:04:56
8100
2023-11-12 03:06:37
elapsed:  16473.4  seconds
8150
2023-11-12 03:08:20
8200
2023-11-12 03:10:00
elapsed:  16676.5  seconds
8250
2023-11-12 03:11:44
8300
2023-11-12 03:13:26
elapsed:  16881.7  seconds
8350
2023-11-12 03:15:08
8400
2023-11-12 03:16:50
elapsed:  17086.0  seconds
8450
2023-11-12 03:18:33
8500
2023-11-12 03:20:14
elapsed:  17290.2  seconds
8550
2023-11-12 03:21:57
8600
2023-11-12 03:23:35
elapsed:  17491.2  seconds
8650
2023-11-12 03:25:17
8700
2023-11-12 03:26:58
elapsed:  17693.9  seconds
8750
2023-11-12 03:28:41
8800
2023-11-12 03:30:21
elapsed:  17897.7  seconds
8850
2023-11-12 03:32:02
8900
2023-11-12 03:33:44
elapsed:  18099.9  seconds
8950
2023-11-12 03:35:27
9000
2023-11-12 03:37:06
elapsed:  18302.7  seconds
9050
2023-11-12 03:38:47
9100
2023-11-12 03:40:27
elapsed:  18503.7  seconds
9150
2023-11-12 03:42:09
9200
2023-11-12 03:43:50
elapsed:  18705.8  seconds
9250
2023-11-12 03:45:33
9300
2023-11-12 03:47:13
elapsed:  18909.6  seconds
9350
2023-11-12 03:48:55
9400
2023-11-12 03:50:35
elapsed:  19110.9  seconds
9450
2023-11-12 03:52:16
9500
2023-11-12 03:53:56
elapsed:  19311.9  seconds
9550
2023-11-12 03:55:38
9600
2023-11-12 03:57:18
elapsed:  19514.2  seconds
9650
2023-11-12 03:59:00
9700
2023-11-12 04:00:39
elapsed:  19715.6  seconds
9750
2023-11-12 04:02:21
9800
2023-11-12 04:04:01
elapsed:  19917.4  seconds
9850
2023-11-12 04:05:44
9900
2023-11-12 04:07:26
elapsed:  20122.2  seconds
9950
2023-11-12 04:09:09
10000
2023-11-12 04:10:50
elapsed:  20326.5  seconds
10050
2023-11-12 04:12:32
10100
2023-11-12 04:14:14
elapsed:  20530.1  seconds
10150
2023-11-12 04:15:57
10200
2023-11-12 04:17:38
elapsed:  20733.9  seconds
10250
2023-11-12 04:19:21
10300
2023-11-12 04:21:03
elapsed:  20938.9  seconds
10350
2023-11-12 04:22:45
10400
2023-11-12 04:24:26
elapsed:  21142.1  seconds
10450
2023-11-12 04:26:10
10500
2023-11-12 04:27:51
elapsed:  21347.3  seconds
10550
2023-11-12 04:29:34
10600
2023-11-12 04:31:15
elapsed:  21551.0  seconds
10650
2023-11-12 04:32:58
10700
2023-11-12 04:34:38
elapsed:  21754.7  seconds
/projects/muyang@colostate.edu/software/anaconda/envs/testenv/lib/python3.11/site-packages/numpy/lib/function_base.py:2455: RuntimeWarning: divide by zero encountered in func (vectorized)
  outputs = ufunc(*inputs)
/projects/muyang@colostate.edu/software/anaconda/envs/testenv/lib/python3.11/site-packages/numpy/lib/function_base.py:2455: RuntimeWarning: invalid value encountered in func (vectorized)
  outputs = ufunc(*inputs)
10750
2023-11-12 04:36:21
10800
2023-11-12 04:38:02
elapsed:  21958.5  seconds
10850
2023-11-12 04:39:45
10900
2023-11-12 04:41:26
elapsed:  22161.8  seconds
10950
2023-11-12 04:43:07
11000
2023-11-12 04:44:46
elapsed:  22362.4  seconds
11050
2023-11-12 04:46:29
11100
2023-11-12 04:48:09
elapsed:  22565.2  seconds
11150
2023-11-12 04:49:51
11200
2023-11-12 04:51:31
elapsed:  22767.5  seconds
/projects/muyang@colostate.edu/software/anaconda/envs/testenv/lib/python3.11/site-packages/numpy/lib/function_base.py:2455: RuntimeWarning: divide by zero encountered in func (vectorized)
  outputs = ufunc(*inputs)
/projects/muyang@colostate.edu/software/anaconda/envs/testenv/lib/python3.11/site-packages/numpy/lib/function_base.py:2455: RuntimeWarning: invalid value encountered in func (vectorized)
  outputs = ufunc(*inputs)
11250
2023-11-12 04:53:14
11300
2023-11-12 04:54:55
elapsed:  22970.9  seconds
11350
2023-11-12 04:56:39
11400
2023-11-12 04:58:20
elapsed:  23176.0  seconds
11450
2023-11-12 05:00:03
11500
2023-11-12 05:01:44
elapsed:  23380.1  seconds
11550
2023-11-12 05:03:26
11600
2023-11-12 05:05:05
elapsed:  23581.5  seconds
11650
2023-11-12 05:06:49
11700
2023-11-12 05:08:26
elapsed:  23782.2  seconds
11750
2023-11-12 05:10:08
11800
2023-11-12 05:11:48
elapsed:  23984.3  seconds
11850
2023-11-12 05:13:32
11900
2023-11-12 05:15:14
elapsed:  24190.7  seconds
11950
2023-11-12 05:16:58
12000
2023-11-12 05:18:39
elapsed:  24395.4  seconds
12050
2023-11-12 05:20:21
12100
2023-11-12 05:22:02
elapsed:  24598.6  seconds
12150
2023-11-12 05:23:46
12200
2023-11-12 05:25:26
elapsed:  24802.5  seconds
12250
2023-11-12 05:27:09
12300
2023-11-12 05:28:50
elapsed:  25006.6  seconds
12350
2023-11-12 05:30:34
12400
2023-11-12 05:32:13
elapsed:  25209.5  seconds
12450
2023-11-12 05:33:57
/projects/muyang@colostate.edu/software/anaconda/envs/testenv/lib/python3.11/site-packages/numpy/lib/function_base.py:2455: RuntimeWarning: divide by zero encountered in func (vectorized)
  outputs = ufunc(*inputs)
/projects/muyang@colostate.edu/software/anaconda/envs/testenv/lib/python3.11/site-packages/numpy/lib/function_base.py:2455: RuntimeWarning: invalid value encountered in func (vectorized)
  outputs = ufunc(*inputs)
12500
2023-11-12 05:35:38
elapsed:  25414.1  seconds
12550
2023-11-12 05:37:20
12600
2023-11-12 05:38:57
elapsed:  25613.4  seconds
12650
2023-11-12 05:40:39
12700
2023-11-12 05:42:17
elapsed:  25813.1  seconds
12750
2023-11-12 05:43:59
12800
2023-11-12 05:45:39
elapsed:  26015.4  seconds
12850
2023-11-12 05:47:19
12900
2023-11-12 05:48:58
elapsed:  26214.4  seconds
12950
2023-11-12 05:50:41
13000
2023-11-12 05:52:21
elapsed:  26416.8  seconds
13050
2023-11-12 05:54:03
13100
2023-11-12 05:55:45
elapsed:  26621.5  seconds
13150
2023-11-12 05:57:27
13200
2023-11-12 05:59:09
elapsed:  26824.9  seconds
13250
2023-11-12 06:00:54
13300
2023-11-12 06:02:34
elapsed:  27029.9  seconds
13350
2023-11-12 06:04:17
13400
2023-11-12 06:05:58
elapsed:  27234.1  seconds
13450
2023-11-12 06:07:40
13500
2023-11-12 06:09:20
elapsed:  27436.4  seconds
13550
2023-11-12 06:11:03
13600
2023-11-12 06:12:44
elapsed:  27640.6  seconds
13650
2023-11-12 06:14:28
13700
2023-11-12 06:16:10
elapsed:  27845.9  seconds
13750
2023-11-12 06:17:53
13800
2023-11-12 06:19:33
elapsed:  28049.1  seconds
13850
2023-11-12 06:21:16
13900
2023-11-12 06:22:58
elapsed:  28254.2  seconds
13950
2023-11-12 06:24:41
14000
2023-11-12 06:26:22
elapsed:  28458.7  seconds
14050
2023-11-12 06:28:07
14100
2023-11-12 06:29:49
elapsed:  28664.9  seconds
14150
2023-11-12 06:31:32
14200
2023-11-12 06:33:10
elapsed:  28866.7  seconds
14250
2023-11-12 06:34:50
14300
2023-11-12 06:36:31
elapsed:  29067.0  seconds
14350
2023-11-12 06:38:14
14400
2023-11-12 06:39:55
elapsed:  29271.5  seconds
14450
2023-11-12 06:41:38
14500
2023-11-12 06:43:18
elapsed:  29474.3  seconds
14550
2023-11-12 06:45:02
14600
2023-11-12 06:46:43
elapsed:  29679.3  seconds
14650
2023-11-12 06:48:25
14700
2023-11-12 06:50:06
elapsed:  29882.3  seconds
14750
2023-11-12 06:51:49
14800
2023-11-12 06:53:30
elapsed:  30086.2  seconds
14850
2023-11-12 06:55:13
14900
2023-11-12 06:56:54
elapsed:  30290.7  seconds
14950
2023-11-12 06:58:38
elapsed:  30493.3  seconds
total time:  30497.5  seconds
true R:  [[4.92938919e-01 1.13744024e+00 1.41082502e-01 3.99063138e-01
  2.93178655e-01 2.56224169e-01 2.20840428e-01 5.00317814e-01
  1.45270631e+01 1.27458251e+01 1.33353915e+00 1.27176035e+01
  3.28134616e-01 1.32228004e+00 7.00046442e+00 1.17712282e+00
  1.46415007e+00 1.01460730e+00 6.80373560e-01 1.88308857e-01
  3.99409360e+00 2.30733823e+00 8.02289076e+00 1.21370057e+00
  8.88652471e+00 3.51083290e+00 1.06369557e+02 1.82089559e-01
  1.79628418e+00 2.12066758e+00 3.13048775e-01 4.73166019e+00
  1.32399700e-01 3.77272806e+00 4.16228863e+00 1.75471867e+01
  2.25602946e-01 1.52608649e+02 6.70675092e+01 1.94808534e-01
  2.27122944e+00 2.37211854e+00 1.16391942e+01 1.06772125e-01
  2.29311444e-01 7.64577966e+00 2.46945198e+00 3.89397693e+00
  6.75313352e-02 9.66245010e-01 5.45196333e-01 3.53274329e-01
  4.53718342e-01 2.94214242e-01 4.28288334e+00 4.28347097e-01
  4.16694528e-01 2.75334273e-01 1.69665893e+01 1.53695718e+02
  3.51750447e-01 1.97027036e+00 2.69308681e+01 4.14508393e+00]
 [1.47425330e+01 3.07806064e-01 1.92013929e-01 1.19693902e+01
  2.83025124e-01 2.02853973e-01 6.04608272e+00 3.33369147e-01
  9.74942760e-01 9.91412433e+01 1.52567135e-01 2.98865383e-01
  7.60578497e+00 4.31105044e+00 1.36279954e+01 4.28163920e+00
  4.66046716e+00 4.77846430e-01 5.19136713e+00 2.18530554e+00
  6.33602982e+03 1.49562591e-01 3.96625528e-01 5.99529394e-02
  1.02376207e+00 1.52744739e-01 1.43778050e-01 1.62529378e-01
  1.69478374e+00 4.16396253e-01 2.23471824e+00 8.75189607e-01
  3.29502674e-01 2.13485991e+00 2.58517712e+01 5.28203088e-01
  1.82446749e-01 2.10689874e-01 2.52225938e+01 7.86035886e+00
  5.02218598e+04 5.81362150e-01 1.99558592e+01 1.60141114e-01
  1.39474768e+00 3.08058170e+00 4.91405038e+00 7.06707408e-01
  2.82607783e-01 5.36527043e-01 2.77039084e-01 4.76287863e-01
  3.09486096e+00 7.41952903e+00 2.40602025e-01 1.66942376e+01
  2.67481872e+00 6.97974123e-01 4.17116971e+00 7.13643398e-01
  1.00966413e+00 1.20232689e+00 7.60857738e-02 9.39141768e-01]
 [1.68817477e+01 2.35928863e-01 1.88550155e-01 6.79225320e+02
  2.67354745e-01 3.66759855e-01 3.57251121e-01 4.84924657e-01
  2.48998527e+00 1.42441179e+00 4.81573572e-01 1.92431510e-01
  8.05018628e-01 4.21277148e+00 6.15548103e-01 3.46523151e-01
  3.44927426e-01 1.01916509e+02 3.19721389e+00 3.78720370e-01
  7.45548261e+00 2.77441401e-01 4.06877793e+00 2.67254307e+00
  1.45865530e+00 1.09577213e+00 3.31698482e-01 2.65440149e-01
  6.03102978e+02 1.47944660e+00 4.79099865e-01 6.82944986e-01
  1.44224300e+00 4.16902021e-01 3.40009072e-01 1.75935091e-01
  8.77298639e+00 8.77259704e+03 3.06694786e+00 2.25324550e-01
  1.70426969e-01 3.91048750e-01 6.57961011e+04 5.85679438e-01
  1.51019858e+00 4.53384653e+00 3.86468902e-01 2.68440731e-01
  3.54608998e+00 9.44901463e+00 6.98488144e-01 1.19519379e+00
  1.13639333e+00 8.37782735e-01 3.21850615e-01 5.65071916e-01
  4.19268817e+02 3.46710378e-01 1.40876118e+00 1.70941004e+02
  1.27024479e+01 9.00589878e-01 1.31370150e+00 1.63290051e+01]
 [9.05570999e-01 4.76590149e-01 5.17972623e+00 6.16368305e-01
  2.54720966e+00 2.12468591e-01 4.37716095e-01 4.53648531e-02
  2.88089185e-01 3.86330541e-01 1.58594650e-01 1.95085186e-01
  2.98428870e+00 1.43390856e+03 2.32833690e-01 4.40368487e-01
  5.89280722e-01 7.22200375e+01 2.90854150e+00 3.25000911e-01
  7.17607510e+02 2.50165040e+00 1.15813496e+01 2.62940586e+01
  3.59544446e+00 4.05488018e-01 3.26496896e+00 5.03240328e-01
  3.61889820e+01 8.54282846e-01 1.13083829e+00 1.28935113e+01
  2.40987721e-01 1.39788259e-01 7.51943900e-01 9.31302555e-01
  1.80927212e-01 2.93072487e+01 4.38443892e-02 4.39872883e-01
  3.65881880e-01 5.53200931e-01 2.13673418e-01 2.94934292e-01
  7.24301694e-01 2.75238674e-01 1.04473368e+02 3.82005905e+00
  7.74317530e-02 2.35272120e-01 3.67825292e-01 6.45732008e-01
  2.50721617e-01 2.39593744e-01 2.45871428e+00 7.14753794e-01
  7.68381256e-01 1.53749291e+00 1.35290370e+00 5.81908656e-01
  3.94825862e-01 7.45138887e-01 1.04761475e+00 3.81721177e+01]
 [1.70681285e+01 3.48591276e+00 1.69807858e+00 1.36538283e+00
  1.36971881e+02 4.94523519e-02 1.22293201e+00 1.12387226e+01
  1.36695842e+01 8.46270147e-01 2.22672636e-01 1.70673883e+00
  3.16871522e-01 1.64673386e+01 2.44413862e+00 3.82224487e+00
  1.88022198e+00 1.98338706e+01 3.35476256e-01 7.85358132e+00
  2.13715425e+00 5.09303958e-01 1.58491287e-01 4.42239787e+00
  1.18869197e+00 6.47257874e-01 9.64511985e-01 6.02175079e-01
  6.20873505e+01 1.23869624e+00 4.87945636e+00 2.67753933e-01
  5.19511546e-01 1.94899820e-01 9.82635876e-01 1.09033106e-01
  3.10077920e-01 7.94964237e-01 3.02064814e-01 5.02392166e-01
  4.58214982e+02 2.36429681e+00 7.23723654e-01 5.45019653e-01
  3.26572744e+00 5.91734136e+00 7.31473835e+00 4.51328334e-01
  1.94202914e-01 6.75324732e+00 3.11506970e+00 1.46238317e-01
  3.39732375e-01 6.90453726e-01 1.02513393e+00 7.75246414e-01
  8.76669742e-01 2.01611024e+00 1.86068559e+00 2.29328996e-01
  3.59338659e+00 5.58749362e-01 1.84217839e-01 8.72246217e-02]
 [9.25646552e+00 1.42073094e-01 4.82650562e-01 3.65277153e+00
  9.93915508e-01 1.36461332e+01 1.66928392e+00 5.23589020e-01
  1.56600407e+01 3.07475195e-01 7.72232392e+00 4.29052321e-01
  6.73404922e-01 9.55042672e-01 4.11117557e+02 7.21129034e-01
  3.51611846e+00 6.58436812e-01 2.63525442e-01 1.40638632e+01
  3.44283735e+00 3.79032949e+04 4.90732238e-01 1.54414731e+00
  3.18412508e+00 5.10591086e+00 1.60649835e+00 2.56741814e+01
  6.73572839e+00 3.59179039e+00 4.67111719e+02 8.08104591e-01
  2.60450386e+04 1.95070811e+00 1.65600193e+00 3.40487176e+00
  1.69141019e+00 2.84078525e+02 5.78047541e+01 2.69846550e-01
  1.31603873e+00 1.48310619e-01 1.39642513e+00 2.43920504e+00
  9.14293051e-01 4.75219883e-01 1.63564768e+00 2.24298073e+00
  1.34790803e+00 1.96097355e-01 8.77420409e-01 5.03560630e+01
  7.08745969e-01 1.39114580e+00 8.05055744e-01 1.56159946e-01
  9.58083080e-01 6.77181668e-01 6.16158660e-01 8.00141712e-01
  2.90553224e-01 7.80390046e-01 1.23377073e+00 2.83185179e+01]
 [5.74890842e-01 3.17200755e+00 6.05728887e+00 1.07918357e-01
  3.40520507e-01 8.57254099e-01 9.77322957e-02 9.50095721e+01
  1.46939516e-01 1.98402734e+00 6.09342432e-01 2.45539473e+00
  1.12203790e+00 2.04240982e+00 9.51829880e-01 2.17056769e-01
  3.17640495e+00 1.58605951e-01 4.38897636e-01 7.23378666e+00
  8.00747196e+00 5.96031941e-01 1.09581827e+02 2.52317168e-01
  8.21136988e-01 6.36449962e-02 2.66420136e-01 1.23303788e+02
  4.21451732e+00 1.12569073e-01 8.47640406e-01 3.56283420e+00
  8.75717016e-01 1.42320376e-01 1.13455855e+00 1.54124811e+00
  1.58926175e+01 5.98858821e-01 7.89321697e-01 2.08040347e-01
  2.55185783e-01 1.55225814e-01 1.66727072e-01 1.65174351e+00
  6.97844472e+01 3.33298166e+01 8.39641840e-01 2.82031957e+00
  6.47153412e-01 7.57023800e-01 1.22674376e+00 5.79453659e-01
  2.27896423e+00 4.32947238e-01 3.62246778e-01 4.33171860e-01
  5.37910584e-01 1.01348039e+01 9.90365175e-01 2.98501607e-01
  4.41166743e-02 2.48286103e+01 2.93853116e+00 5.19199251e-01]
 [1.15143239e+00 2.64748016e+00 1.36928253e+01 1.38523163e+01
  1.99007730e-01 3.70555611e+00 9.83124589e-01 2.65406487e-01
  2.91420293e+00 6.79856741e+00 4.37224004e+00 3.81105131e-01
  1.55048897e+00 1.93011144e-01 9.59377272e-01 6.82858581e-01
  1.14486828e+00 5.08213176e-01 2.71467314e-01 7.77416500e-01
  2.05170507e+00 2.58969413e-01 6.24952587e-01 1.07650086e+00
  3.83867323e+00 1.57750960e-01 2.57753377e+02 1.54410440e+01
  1.86813531e-01 1.02053166e-01 1.19281109e+00 1.02191408e+00
  2.74942682e-01 2.40770975e-01 7.35836168e-01 1.34643036e+03
  3.42429825e-01 2.18959361e+01 3.34504482e+02 1.17186206e+01
  1.50191226e+00 6.32075946e-01 9.99277414e-02 9.41512788e-01
  3.84943001e-01 7.96019245e-01 1.63927197e+01 4.81384851e-01
  1.83001556e+00 1.27938020e+01 1.64863539e-01 5.80659522e+00
  3.39557010e-01 1.73751802e+00 1.58440354e+01 3.20599522e-01
  9.45158158e-01 1.67887125e-01 6.20400226e+00 3.43554342e+00
  6.44085272e+00 9.91246191e+01 7.27658836e-01 2.70945160e+02]
 [3.07543028e+00 1.12363448e-01 1.28032211e+00 4.33613018e+01
  1.63613628e-01 8.71551962e+00 1.48379185e+01 1.58419930e+03
  1.03005358e+00 8.46265732e-02 4.92612764e-01 6.70371445e-01
  1.33259594e+00 7.58742290e-01 7.07479482e-01 6.85877833e-01
  1.15786586e+00 8.83262280e-01 2.57254196e+00 1.30546386e-01
  2.39143369e+03 4.12256415e-01 1.02859633e+00 1.19885941e+00
  2.43559449e+01 5.71461391e+00 8.82895174e-02 2.73460671e+00
  2.09872806e+00 1.48553528e-01 9.10289848e-01 1.73064579e+00
  4.23670621e+00 5.32905625e-02 1.80452776e+00 4.28900505e+01
  6.09492307e-01 1.07874988e+01 3.36992951e+00 9.84019555e-02
  4.37131873e-01 4.22103965e+01 2.75862014e-01 2.99888260e-01
  7.88413607e+00 5.07717320e-01 2.14847441e+00 1.83828553e+00
  2.14318040e-01 1.51716743e+00 4.97530743e+02 3.01423672e+01
  3.47979932e+01 1.83174129e-01 3.08702716e+00 2.13313907e+01
  5.31961907e-01 1.00678323e+00 1.75097910e+00 1.64223065e+00
  3.37093380e+00 2.17081011e+02 1.54837896e-01 1.23867833e+01]]
