1
50
2023-11-03 22:44:14
100
2023-11-03 22:46:08
elapsed:  221.9  seconds
150
2023-11-03 22:48:11
200
2023-11-03 22:50:09
elapsed:  462.6  seconds
250
2023-11-03 22:52:03
300
2023-11-03 22:54:02
elapsed:  695.8  seconds
350
2023-11-03 22:56:14
400
2023-11-03 22:58:22
elapsed:  955.2  seconds
450
2023-11-03 23:00:37
500
2023-11-03 23:02:52
elapsed:  1225.3  seconds
550
2023-11-03 23:04:57
/projects/muyang@colostate.edu/software/anaconda/envs/testenv/lib/python3.11/site-packages/numpy/lib/function_base.py:2455: RuntimeWarning: divide by zero encountered in func (vectorized)
  outputs = ufunc(*inputs)
/projects/muyang@colostate.edu/software/anaconda/envs/testenv/lib/python3.11/site-packages/numpy/lib/function_base.py:2455: RuntimeWarning: invalid value encountered in func (vectorized)
  outputs = ufunc(*inputs)
600
2023-11-03 23:07:11
elapsed:  1484.1  seconds
650
2023-11-03 23:09:04
700
2023-11-03 23:11:13
elapsed:  1725.9  seconds
750
2023-11-03 23:13:21
800
2023-11-03 23:14:56
elapsed:  1948.9  seconds
850
2023-11-03 23:16:42
/projects/muyang@colostate.edu/software/anaconda/envs/testenv/lib/python3.11/site-packages/numpy/lib/function_base.py:2455: RuntimeWarning: divide by zero encountered in func (vectorized)
  outputs = ufunc(*inputs)
/projects/muyang@colostate.edu/software/anaconda/envs/testenv/lib/python3.11/site-packages/numpy/lib/function_base.py:2455: RuntimeWarning: invalid value encountered in func (vectorized)
  outputs = ufunc(*inputs)
900
2023-11-03 23:18:10
elapsed:  2142.9  seconds
950
2023-11-03 23:19:55
1000
2023-11-03 23:21:38
elapsed:  2351.5  seconds
1050
2023-11-03 23:23:49
1100
2023-11-03 23:25:44
elapsed:  2597.0  seconds
1150
2023-11-03 23:27:29
1200
2023-11-03 23:29:14
elapsed:  2807.3  seconds
1250
2023-11-03 23:30:34
1300
2023-11-03 23:32:52
elapsed:  3025.6  seconds
1350
2023-11-03 23:35:11
1400
2023-11-03 23:36:58
elapsed:  3271.0  seconds
1450
2023-11-03 23:38:47
1500
2023-11-03 23:41:02
elapsed:  3515.0  seconds
1550
2023-11-03 23:43:02
1600
2023-11-03 23:45:20
elapsed:  3773.5  seconds
/projects/muyang@colostate.edu/software/anaconda/envs/testenv/lib/python3.11/site-packages/numpy/lib/function_base.py:2455: RuntimeWarning: divide by zero encountered in func (vectorized)
  outputs = ufunc(*inputs)
/projects/muyang@colostate.edu/software/anaconda/envs/testenv/lib/python3.11/site-packages/numpy/lib/function_base.py:2455: RuntimeWarning: invalid value encountered in func (vectorized)
  outputs = ufunc(*inputs)
1650
2023-11-03 23:47:37
1700
2023-11-03 23:49:32
elapsed:  4025.3  seconds
/projects/muyang@colostate.edu/software/anaconda/envs/testenv/lib/python3.11/site-packages/numpy/lib/function_base.py:2455: RuntimeWarning: divide by zero encountered in func (vectorized)
  outputs = ufunc(*inputs)
/projects/muyang@colostate.edu/software/anaconda/envs/testenv/lib/python3.11/site-packages/numpy/lib/function_base.py:2455: RuntimeWarning: invalid value encountered in func (vectorized)
  outputs = ufunc(*inputs)
1750
2023-11-03 23:51:43
1800
2023-11-03 23:53:55
elapsed:  4288.8  seconds
1850
2023-11-03 23:56:01
1900
2023-11-03 23:57:52
elapsed:  4525.5  seconds
1950
2023-11-04 00:00:04
2000
2023-11-04 00:02:12
elapsed:  4785.7  seconds
2050
2023-11-04 00:04:22
2100
2023-11-04 00:06:30
elapsed:  5042.9  seconds
2150
2023-11-04 00:08:33
2200
2023-11-04 00:10:49
elapsed:  5301.9  seconds
2250
2023-11-04 00:12:59
2300
2023-11-04 00:15:16
elapsed:  5569.1  seconds
2350
2023-11-04 00:17:37
2400
2023-11-04 00:19:47
elapsed:  5840.3  seconds
2450
2023-11-04 00:22:12
2500
2023-11-04 00:24:19
elapsed:  6111.9  seconds
2550
2023-11-04 00:26:41
2600
2023-11-04 00:28:45
elapsed:  6378.2  seconds
2650
2023-11-04 00:30:55
2700
2023-11-04 00:33:18
elapsed:  6651.2  seconds
2750
2023-11-04 00:35:23
2800
2023-11-04 00:37:35
elapsed:  6908.4  seconds
2850
2023-11-04 00:39:58
2900
2023-11-04 00:41:57
elapsed:  7170.5  seconds
2950
2023-11-04 00:44:17
3000
2023-11-04 00:46:27
elapsed:  7440.7  seconds
3050
2023-11-04 00:48:25
3100
2023-11-04 00:50:05
elapsed:  7658.1  seconds
3150
2023-11-04 00:51:48
3200
2023-11-04 00:53:40
elapsed:  7873.3  seconds
3250
2023-11-04 00:55:48
3300
2023-11-04 00:57:43
elapsed:  8116.1  seconds
3350
2023-11-04 00:59:55
3400
2023-11-04 01:02:02
elapsed:  8375.1  seconds
3450
2023-11-04 01:04:22
3500
2023-11-04 01:06:32
elapsed:  8645.3  seconds
3550
2023-11-04 01:08:35
3600
2023-11-04 01:10:49
elapsed:  8902.1  seconds
3650
2023-11-04 01:12:56
3700
2023-11-04 01:14:44
elapsed:  9137.8  seconds
3750
2023-11-04 01:16:47
3800
2023-11-04 01:18:53
elapsed:  9386.5  seconds
3850
2023-11-04 01:21:09
3900
2023-11-04 01:23:32
elapsed:  9665.3  seconds
3950
2023-11-04 01:25:42
4000
2023-11-04 01:27:24
elapsed:  9897.0  seconds
4050
2023-11-04 01:29:26
4100
2023-11-04 01:31:34
elapsed:  10147.9  seconds
4150
2023-11-04 01:33:42
4200
2023-11-04 01:35:49
elapsed:  10401.9  seconds
4250
2023-11-04 01:38:03
4300
2023-11-04 01:40:17
elapsed:  10670.6  seconds
4350
2023-11-04 01:42:42
4400
2023-11-04 01:45:02
elapsed:  10955.8  seconds
4450
2023-11-04 01:47:03
4500
2023-11-04 01:48:35
elapsed:  11168.1  seconds
4550
2023-11-04 01:50:47
4600
2023-11-04 01:53:02
elapsed:  11435.4  seconds
4650
2023-11-04 01:54:43
4700
2023-11-04 01:56:05
elapsed:  11618.5  seconds
4750
2023-11-04 01:57:34
4800
2023-11-04 01:59:32
elapsed:  11825.2  seconds
4850
2023-11-04 02:01:28
4900
2023-11-04 02:03:17
elapsed:  12050.2  seconds
4950
2023-11-04 02:05:18
5000
2023-11-04 02:07:20
elapsed:  12293.1  seconds
5050
2023-11-04 02:09:37
5100
2023-11-04 02:11:21
elapsed:  12534.1  seconds
5150
2023-11-04 02:13:23
5200
2023-11-04 02:15:37
elapsed:  12790.4  seconds
5250
2023-11-04 02:17:56
5300
2023-11-04 02:20:20
elapsed:  13073.3  seconds
5350
2023-11-04 02:22:44
5400
2023-11-04 02:25:18
elapsed:  13371.4  seconds
5450
2023-11-04 02:27:34
5500
2023-11-04 02:29:51
elapsed:  13644.6  seconds
5550
2023-11-04 02:32:11
5600
2023-11-04 02:34:22
elapsed:  13915.1  seconds
5650
2023-11-04 02:36:45
5700
2023-11-04 02:38:55
elapsed:  14188.7  seconds
5750
2023-11-04 02:40:55
5800
2023-11-04 02:43:00
elapsed:  14433.4  seconds
5850
2023-11-04 02:45:00
5900
2023-11-04 02:47:24
elapsed:  14697.0  seconds
5950
2023-11-04 02:49:42
6000
2023-11-04 02:51:57
elapsed:  14970.5  seconds
6050
2023-11-04 02:53:11
6100
2023-11-04 02:54:27
elapsed:  15120.0  seconds
6150
2023-11-04 02:56:01
6200
2023-11-04 02:57:44
elapsed:  15317.0  seconds
6250
2023-11-04 02:59:56
6300
2023-11-04 03:01:49
elapsed:  15562.6  seconds
6350
2023-11-04 03:04:01
6400
2023-11-04 03:05:38
elapsed:  15791.5  seconds
6450
2023-11-04 03:07:19
6500
2023-11-04 03:09:17
elapsed:  16010.2  seconds
6550
2023-11-04 03:11:31
6600
2023-11-04 03:13:56
elapsed:  16289.8  seconds
6650
2023-11-04 03:15:47
6700
2023-11-04 03:17:43
elapsed:  16516.1  seconds
/projects/muyang@colostate.edu/software/anaconda/envs/testenv/lib/python3.11/site-packages/numpy/lib/function_base.py:2455: RuntimeWarning: divide by zero encountered in func (vectorized)
  outputs = ufunc(*inputs)
/projects/muyang@colostate.edu/software/anaconda/envs/testenv/lib/python3.11/site-packages/numpy/lib/function_base.py:2455: RuntimeWarning: invalid value encountered in func (vectorized)
  outputs = ufunc(*inputs)
6750
2023-11-04 03:19:52
6800
2023-11-04 03:22:11
elapsed:  16784.4  seconds
6850
2023-11-04 03:24:19
6900
2023-11-04 03:26:34
elapsed:  17047.5  seconds
6950
2023-11-04 03:28:44
7000
2023-11-04 03:31:04
elapsed:  17317.7  seconds
7050
2023-11-04 03:33:23
7100
2023-11-04 03:35:20
elapsed:  17573.8  seconds
7150
2023-11-04 03:37:26
7200
2023-11-04 03:39:41
elapsed:  17834.7  seconds
7250
2023-11-04 03:41:52
7300
2023-11-04 03:44:11
elapsed:  18104.8  seconds
/projects/muyang@colostate.edu/software/anaconda/envs/testenv/lib/python3.11/site-packages/numpy/lib/function_base.py:2455: RuntimeWarning: divide by zero encountered in func (vectorized)
  outputs = ufunc(*inputs)
/projects/muyang@colostate.edu/software/anaconda/envs/testenv/lib/python3.11/site-packages/numpy/lib/function_base.py:2455: RuntimeWarning: invalid value encountered in func (vectorized)
  outputs = ufunc(*inputs)
7350
2023-11-04 03:46:39
7400
2023-11-04 03:48:55
elapsed:  18388.4  seconds
7450
2023-11-04 03:51:00
7500
2023-11-04 03:53:08
elapsed:  18641.6  seconds
7550
2023-11-04 03:55:14
7600
2023-11-04 03:57:13
elapsed:  18886.5  seconds
7650
2023-11-04 03:59:33
7700
2023-11-04 04:01:53
elapsed:  19166.6  seconds
7750
2023-11-04 04:03:36
7800
2023-11-04 04:06:04
elapsed:  19417.0  seconds
7850
2023-11-04 04:08:23
7900
2023-11-04 04:10:38
elapsed:  19691.1  seconds
7950
2023-11-04 04:12:48
8000
2023-11-04 04:14:49
elapsed:  19942.6  seconds
8050
2023-11-04 04:17:13
8100
2023-11-04 04:19:34
elapsed:  20227.1  seconds
8150
2023-11-04 04:22:07
8200
2023-11-04 04:24:19
elapsed:  20512.9  seconds
8250
2023-11-04 04:26:23
/projects/muyang@colostate.edu/software/anaconda/envs/testenv/lib/python3.11/site-packages/numpy/lib/function_base.py:2455: RuntimeWarning: divide by zero encountered in func (vectorized)
  outputs = ufunc(*inputs)
/projects/muyang@colostate.edu/software/anaconda/envs/testenv/lib/python3.11/site-packages/numpy/lib/function_base.py:2455: RuntimeWarning: invalid value encountered in func (vectorized)
  outputs = ufunc(*inputs)
8300
2023-11-04 04:28:47
elapsed:  20780.3  seconds
8350
2023-11-04 04:30:57
8400
2023-11-04 04:33:07
elapsed:  21040.0  seconds
8450
2023-11-04 04:35:19
8500
2023-11-04 04:37:42
elapsed:  21315.2  seconds
8550
2023-11-04 04:40:03
8600
2023-11-04 04:42:25
elapsed:  21598.3  seconds
8650
2023-11-04 04:44:42
8700
2023-11-04 04:46:54
elapsed:  21867.4  seconds
8750
2023-11-04 04:49:19
8800
2023-11-04 04:51:44
elapsed:  22157.4  seconds
8850
2023-11-04 04:53:49
8900
2023-11-04 04:55:57
elapsed:  22410.3  seconds
8950
2023-11-04 04:58:17
9000
2023-11-04 05:00:37
elapsed:  22690.4  seconds
9050
2023-11-04 05:02:56
9100
2023-11-04 05:05:30
elapsed:  22983.2  seconds
9150
2023-11-04 05:07:55
9200
2023-11-04 05:10:24
elapsed:  23277.6  seconds
9250
2023-11-04 05:12:53
9300
2023-11-04 05:15:14
elapsed:  23567.8  seconds
9350
2023-11-04 05:17:45
9400
2023-11-04 05:20:08
elapsed:  23861.8  seconds
9450
2023-11-04 05:22:33
9500
2023-11-04 05:25:08
elapsed:  24161.9  seconds
9550
2023-11-04 05:27:39
9600
2023-11-04 05:29:56
elapsed:  24449.7  seconds
9650
2023-11-04 05:32:12
9700
2023-11-04 05:34:21
elapsed:  24714.8  seconds
9750
2023-11-04 05:36:48
9800
2023-11-04 05:38:52
elapsed:  24985.7  seconds
9850
2023-11-04 05:40:58
9900
2023-11-04 05:43:11
elapsed:  25244.1  seconds
9950
2023-11-04 05:45:33
10000
2023-11-04 05:47:39
elapsed:  25512.4  seconds
10050
2023-11-04 05:49:52
10100
2023-11-04 05:52:04
elapsed:  25776.9  seconds
10150
2023-11-04 05:54:07
10200
2023-11-04 05:56:33
elapsed:  26045.9  seconds
10250
2023-11-04 05:58:49
10300
2023-11-04 06:01:03
elapsed:  26316.5  seconds
10350
2023-11-04 06:03:29
10400
2023-11-04 06:06:00
elapsed:  26613.1  seconds
10450
2023-11-04 06:08:24
10500
2023-11-04 06:10:52
elapsed:  26905.7  seconds
10550
2023-11-04 06:13:20
10600
2023-11-04 06:15:40
elapsed:  27193.8  seconds
/projects/muyang@colostate.edu/software/anaconda/envs/testenv/lib/python3.11/site-packages/numpy/lib/function_base.py:2455: RuntimeWarning: divide by zero encountered in func (vectorized)
  outputs = ufunc(*inputs)
/projects/muyang@colostate.edu/software/anaconda/envs/testenv/lib/python3.11/site-packages/numpy/lib/function_base.py:2455: RuntimeWarning: invalid value encountered in func (vectorized)
  outputs = ufunc(*inputs)
10650
2023-11-04 06:18:07
10700
2023-11-04 06:20:02
elapsed:  27455.8  seconds
10750
2023-11-04 06:22:15
10800
2023-11-04 06:24:10
elapsed:  27703.0  seconds
10850
2023-11-04 06:26:12
10900
2023-11-04 06:28:36
elapsed:  27969.0  seconds
10950
2023-11-04 06:31:07
/projects/muyang@colostate.edu/software/anaconda/envs/testenv/lib/python3.11/site-packages/numpy/lib/function_base.py:2455: RuntimeWarning: divide by zero encountered in func (vectorized)
  outputs = ufunc(*inputs)
/projects/muyang@colostate.edu/software/anaconda/envs/testenv/lib/python3.11/site-packages/numpy/lib/function_base.py:2455: RuntimeWarning: invalid value encountered in func (vectorized)
  outputs = ufunc(*inputs)
11000
2023-11-04 06:33:26
elapsed:  28258.9  seconds
11050
2023-11-04 06:35:48
11100
2023-11-04 06:38:11
elapsed:  28544.0  seconds
11150
2023-11-04 06:40:44
11200
2023-11-04 06:43:13
elapsed:  28846.5  seconds
11250
2023-11-04 06:45:35
11300
2023-11-04 06:47:58
elapsed:  29131.5  seconds
11350
2023-11-04 06:50:17
11400
2023-11-04 06:52:32
elapsed:  29405.5  seconds
11450
2023-11-04 06:55:04
11500
2023-11-04 06:57:35
elapsed:  29708.0  seconds
11550
2023-11-04 06:59:54
11600
2023-11-04 07:02:16
elapsed:  29989.4  seconds
11650
2023-11-04 07:04:44
11700
2023-11-04 07:06:53
elapsed:  30266.4  seconds
11750
2023-11-04 07:09:16
11800
2023-11-04 07:11:31
elapsed:  30544.1  seconds
11850
2023-11-04 07:14:00
11900
2023-11-04 07:16:12
elapsed:  30825.7  seconds
11950
2023-11-04 07:18:34
12000
2023-11-04 07:20:46
elapsed:  31099.2  seconds
12050
2023-11-04 07:23:08
12100
2023-11-04 07:25:37
elapsed:  31390.8  seconds
12150
2023-11-04 07:27:56
12200
2023-11-04 07:30:30
elapsed:  31683.0  seconds
12250
2023-11-04 07:33:00
12300
2023-11-04 07:35:23
elapsed:  31976.4  seconds
12350
2023-11-04 07:37:52
12400
2023-11-04 07:40:15
elapsed:  32268.1  seconds
12450
2023-11-04 07:42:34
12500
2023-11-04 07:44:44
elapsed:  32537.4  seconds
12550
2023-11-04 07:47:05
12600
2023-11-04 07:49:24
elapsed:  32816.9  seconds
12650
2023-11-04 07:51:44
12700
2023-11-04 07:54:03
elapsed:  33096.0  seconds
12750
2023-11-04 07:56:24
12800
2023-11-04 07:58:35
elapsed:  33367.9  seconds
12850
2023-11-04 08:00:42
12900
2023-11-04 08:03:10
elapsed:  33643.6  seconds
12950
2023-11-04 08:05:19
13000
2023-11-04 08:07:29
elapsed:  33902.7  seconds
13050
2023-11-04 08:09:49
13100
2023-11-04 08:12:19
elapsed:  34192.2  seconds
13150
2023-11-04 08:14:44
13200
2023-11-04 08:17:02
elapsed:  34475.3  seconds
13250
2023-11-04 08:19:24
13300
2023-11-04 08:21:46
elapsed:  34759.2  seconds
13350
2023-11-04 08:24:09
13400
2023-11-04 08:26:30
elapsed:  35043.0  seconds
13450
2023-11-04 08:28:50
13500
2023-11-04 08:31:11
elapsed:  35323.9  seconds
13550
2023-11-04 08:33:44
13600
2023-11-04 08:36:03
elapsed:  35616.4  seconds
13650
2023-11-04 08:38:28
13700
2023-11-04 08:40:50
elapsed:  35903.4  seconds
13750
2023-11-04 08:43:12
13800
2023-11-04 08:45:39
elapsed:  36192.6  seconds
13850
2023-11-04 08:48:15
13900
2023-11-04 08:50:33
elapsed:  36485.9  seconds
13950
2023-11-04 08:52:58
14000
2023-11-04 08:55:18
elapsed:  36771.4  seconds
14050
2023-11-04 08:57:41
14100
2023-11-04 08:59:58
elapsed:  37051.5  seconds
14150
2023-11-04 09:02:32
14200
2023-11-04 09:04:58
elapsed:  37351.8  seconds
14250
2023-11-04 09:07:25
14300
2023-11-04 09:09:43
elapsed:  37636.2  seconds
14350
2023-11-04 09:12:01
14400
2023-11-04 09:14:13
elapsed:  37906.4  seconds
14450
2023-11-04 09:16:30
14500
2023-11-04 09:18:50
elapsed:  38183.8  seconds
14550
2023-11-04 09:20:58
14600
2023-11-04 09:23:18
elapsed:  38451.7  seconds
14650
2023-11-04 09:25:41
14700
2023-11-04 09:28:05
elapsed:  38738.5  seconds
14750
2023-11-04 09:30:20
14800
2023-11-04 09:32:38
elapsed:  39011.2  seconds
14850
2023-11-04 09:34:59
14900
2023-11-04 09:37:19
elapsed:  39292.6  seconds
14950
2023-11-04 09:39:41
elapsed:  39571.0  seconds
total time:  39575.1  seconds
true R:  [[6.48835461e-01 2.16713303e+00 5.59789954e+01 1.11882834e+01
  9.29826067e-01 9.36622950e-01 7.05936264e-01 3.24087672e+00
  7.84493145e-01 2.49469407e-01 4.80693368e+00 2.83136684e+03
  4.98546496e-01 1.97079147e-01 5.43665771e-01 1.21482121e+01
  1.38220049e+00 1.70296964e+01 1.92575881e+00 2.63334795e-01
  3.46156148e-01 1.35694310e+00 2.48447834e+00 5.96255115e+01
  4.69060775e-01 3.49768712e+00 6.70824718e+00 3.86077129e+00
  1.76168801e-01 4.98042333e-01 8.45908503e-01 5.49824827e+00
  1.54112166e-01 8.66073657e-02 9.56064658e-02 3.63265806e+00
  3.21141833e+01 3.49334166e-01 2.50049077e-01 1.14514224e+00
  1.98495684e+00 3.96919646e-01 2.74435941e+01 1.47301420e-01
  4.44622967e-01 1.28034860e+00 5.01353817e-01 7.88978678e+00
  2.05810800e-01 9.64613354e-01 1.54886830e+00 9.79979230e-01
  1.86870431e+02 4.28606197e-01 1.91669745e-01 5.85278487e-01
  1.85820985e-01 7.54341970e-01 6.43165825e+02 1.13227378e-01
  2.82736479e+00 6.52934885e-01 1.04625764e-01 1.45699350e+00]
 [1.62427919e+01 6.91690095e+02 3.66821851e-01 1.56854319e+00
  1.58311123e+02 8.04581836e-01 3.43885401e+01 7.40069885e+01
  4.63082463e-01 1.70330830e+03 2.31335675e+00 3.77384918e+04
  3.29385045e-01 2.88230103e+00 3.42957195e-01 1.54570564e+01
  1.93846423e-01 8.83562503e+00 7.30920379e-02 5.24981519e-01
  1.93934025e-01 4.73454876e-01 5.71177656e-01 6.92463913e+02
  5.65629162e+01 1.62644397e-01 6.45930112e+01 4.96680257e-01
  2.56990776e-01 2.98006266e-01 8.97332700e-01 3.74673913e-01
  8.19957373e-02 9.73826635e-01 2.08814822e+01 1.20404523e+00
  4.28585657e-01 1.64166309e+00 9.05400548e-02 6.00677178e-01
  1.10449271e+01 6.14513073e-01 4.73531734e+02 1.09331136e+01
  8.85718413e-01 1.23828006e+00 6.51611449e-01 1.89865550e+02
  5.80813207e-02 8.41380057e+01 6.22699136e+00 2.01814189e+00
  1.25518692e+00 3.81391060e+00 7.02314489e-01 2.30505859e-01
  5.37829310e-01 3.37049964e-01 4.61522953e-01 4.57118602e-01
  1.91282970e-01 2.13790151e+02 1.82301073e+00 1.24608591e+00]
 [3.60800460e-01 6.95274680e+01 2.20310313e-01 4.39866466e-01
  1.28421312e+01 1.67209586e+01 2.21218614e+00 2.10716362e+00
  3.39806198e+00 4.01610436e+00 3.83719098e+00 1.25598315e-01
  1.70562863e+00 2.39542703e+00 2.19726118e+00 3.88824836e-01
  1.78818718e+00 5.28559082e-01 3.18485965e-01 1.28185772e+03
  8.48853659e-01 7.39676510e-01 1.46264893e+01 2.52604939e+00
  3.57400287e+00 1.53625431e+01 8.17832435e-01 2.76747031e+00
  1.34284325e+01 3.67485036e+01 1.52848954e+00 8.12514650e+00
  3.24310503e-01 3.76472844e+00 2.34617159e-01 3.95108005e-01
  1.26013288e-01 1.22697757e+00 2.91269716e-01 7.12166903e+00
  4.32793673e+00 3.31968065e-01 1.30335926e+00 1.16870216e-01
  4.39397845e+00 6.72238592e+00 5.61548358e+00 1.39309430e+00
  7.11122905e-01 4.00072540e+00 3.40799707e+00 5.54584430e-01
  4.71456000e+00 4.25146594e-01 3.43221730e+01 4.99423198e+00
  3.80406241e+01 2.03165379e+00 3.07844591e-01 3.27789562e+00
  4.12820271e+00 7.00500975e+00 2.02331115e+00 3.06813091e+00]
 [1.78247646e+00 1.34938821e+02 3.26654502e-01 7.63727031e+00
  6.54540198e-01 5.01550087e+00 3.30709237e+00 5.57756278e+00
  1.07162436e+01 3.37648965e-01 1.71410229e+00 9.85177681e-01
  1.88246271e+01 4.17205964e-01 1.05827008e+01 4.21116761e+00
  1.60119000e-01 1.03669069e+00 1.33412723e-01 9.46603700e-01
  1.09296698e+01 1.24859435e+00 1.08001564e+01 3.55865981e-01
  4.69655146e-01 9.29308766e-01 1.63154712e+02 1.68418860e-01
  1.18631409e+01 4.16582426e+00 4.26875689e-01 3.10697361e-01
  4.29081728e-01 1.18536399e+01 4.95618360e-01 1.76563824e+00
  1.07119838e-01 1.27324655e+00 1.98178466e+00 8.38850240e-01
  1.79841867e-01 2.34208257e-01 1.82279425e-01 1.49603305e+00
  3.12781159e-01 5.45237718e+00 1.50522474e+00 4.31640596e+00
  1.12773845e+00 4.08936929e+00 2.42210779e+00 1.70105987e+00
  2.62477289e+00 1.55576208e+00 9.83203755e-01 2.10677040e+01
  8.50330657e+00 1.84660478e-01 1.54473006e-01 1.88594189e-01
  2.41040761e+00 6.44359173e+00 5.33682066e+00 1.19692843e+00]
 [1.87190004e+01 2.18753802e+00 1.11482512e+00 3.20529582e-01
  2.44211095e+00 4.27345158e-01 7.31264550e+02 1.18298645e+01
  1.27852985e+00 1.23951380e-01 4.44856838e-01 9.18810074e-01
  8.17448915e+00 5.68400889e-01 7.15123716e+00 7.79165821e-01
  6.42721008e+00 1.42008372e-01 2.57892599e+00 8.03291241e-01
  8.40452265e-01 6.98111705e+00 8.04751260e-01 6.89556721e-01
  6.13726377e-01 5.01875711e+00 3.82635022e-01 1.18155095e-01
  4.66145187e-01 4.10081029e-01 8.67232249e-01 3.37108453e-01
  6.81835476e+00 8.80225632e-01 9.48921417e-01 1.23932537e-01
  2.40670508e+04 9.00726115e-01 2.76606608e+01 1.33761782e+01
  3.11666279e+00 7.32121403e-01 3.12280364e+01 1.01022416e+01
  2.69337107e+02 2.45245477e+00 9.63931478e-01 3.64098377e-01
  6.32333839e-01 6.55045287e-01 3.22498042e+00 1.05318775e+01
  4.33914149e-01 8.73487781e-01 1.72789810e-01 1.46126072e-01
  4.59062603e-01 1.24161828e+01 5.92467048e-02 3.89254580e+00
  6.36831168e-01 1.07228786e+00 1.89681733e+01 1.15339614e+00]
 [4.68784982e+00 5.12373994e-01 4.28124934e+00 5.58575676e-01
  1.65489654e+00 3.47540728e-01 6.53377649e+00 2.28667501e+00
  9.05081181e-01 6.14690637e-02 8.49981664e-01 6.98313548e-01
  1.64869829e+00 1.91148661e+00 1.17356898e-01 4.65377864e-01
  3.45729518e-01 1.01322965e+01 1.31350510e-01 1.45418534e+00
  1.18150109e+00 4.75142606e+00 6.48616423e-01 1.62923459e+02
  3.80891150e-01 2.43975320e+00 1.96486196e-01 4.00845085e+00
  2.10092322e+00 2.32340919e-01 6.06025688e+00 6.16507335e+01
  2.26196680e+00 2.78530798e-01 3.77279032e+01 3.03605698e-01
  1.26282624e+00 4.22350583e-01 7.75964612e-01 2.31092306e-01
  2.02274914e+01 4.32095520e+00 3.60414206e-01 1.12305025e+01
  2.94675736e+00 2.89496970e-01 1.61937719e+00 8.17106213e-01
  7.61611541e-02 4.91644042e+00 3.23036399e+00 1.31533359e+00
  1.39722095e-01 6.81122756e-01 7.02108357e-01 7.06365688e-01
  3.13004205e-01 2.30484103e-01 4.06872867e-01 4.47429403e-01
  8.15023214e+00 9.11539256e-02 9.96379035e-01 6.82269280e-01]
 [3.63187141e+00 3.43726471e-01 2.57124891e-01 1.66890329e-01
  4.36099558e+02 2.25929887e+01 2.27390654e+01 2.31044387e-01
  5.73015876e-01 3.95451899e+00 8.23228669e-01 7.98837175e-01
  3.82302186e+02 4.35307136e+00 1.88057585e+00 3.40735762e-01
  2.16585887e+00 9.93734259e+00 3.51802218e-01 2.30945409e-01
  1.07008010e+01 2.99467459e-01 6.38355513e-01 7.35463334e-01
  1.37667561e-01 9.27876131e-02 1.77195785e+00 1.11617642e-01
  1.16630828e+01 6.04188973e-01 1.12461441e-01 7.70459664e-01
  2.05489016e+00 1.20998475e+00 8.39438656e-01 8.55979494e-01
  5.01182529e+00 2.82421615e+00 1.24362448e+00 4.19210883e-01
  1.33293879e+01 3.05043686e+00 3.47734988e-01 1.31471015e-01
  2.06943336e-01 1.79781816e-01 9.69393289e-02 1.80745827e-01
  5.70110978e-01 1.05988142e+00 4.65432347e-01 4.91638263e-01
  2.86243771e+01 1.72420369e+00 5.33017424e+05 4.54497183e-01
  4.26432297e+02 3.42092065e-01 1.20446265e+00 3.90448049e+00
  5.56630475e+00 9.17467078e-01 1.21792227e+02 2.16292746e-01]
 [4.49630251e+00 2.17161792e+06 3.52289718e-01 3.87197588e-01
  3.13928927e+00 3.20835932e+00 1.12139749e+01 1.20300451e+00
  5.31749012e-01 7.15081333e+00 4.70282223e-01 4.05595791e+00
  3.79092782e+03 1.37029354e+00 3.65997030e-01 9.02571237e-02
  9.59236124e-02 1.57375465e+03 3.38255222e-01 4.50062451e+00
  3.45478834e+00 4.03950205e+00 1.29415477e+02 1.39813978e+00
  1.55873677e+01 2.11901027e+01 8.96915474e+00 2.51346995e+00
  1.17509793e+01 1.06713829e+02 3.55644717e-01 8.28858043e-01
  7.64707347e-01 6.56187038e+00 1.84735057e-01 4.30358217e-01
  5.80992672e+00 1.48196961e-01 8.37529894e+01 2.81511439e-01
  1.43383890e+01 1.21626770e+02 6.99434549e-02 2.10433521e-01
  2.90346569e+00 1.04592075e+00 3.75541737e+00 4.41333461e-01
  3.56775110e-01 7.45196942e+00 9.69513603e-01 3.50727659e-01
  1.28799112e+00 1.11826971e-01 3.36771621e-01 2.00778110e+00
  3.97437541e-01 3.31202023e-01 1.53639536e-01 1.36259630e+00
  5.44289479e+00 2.92056491e+00 4.33540332e-01 1.74310829e+00]
 [3.34209652e-01 1.21297759e-01 2.40723913e+00 3.30957734e+00
  2.67353931e-01 2.76699913e-01 1.89679768e+00 2.04364159e-01
  9.52758442e+02 4.37158568e-01 2.90325946e-01 1.79212876e+01
  7.03719944e+00 1.10227711e+01 7.05721960e+01 4.44227079e-01
  2.51025217e+01 1.21170208e+01 3.22993802e-01 1.38431981e+01
  4.13697022e-01 1.41212602e-01 1.30909979e+00 8.98248030e-01
  9.44277688e-01 3.23115912e-01 1.02987968e+02 3.96527683e-01
  1.03199246e+01 2.64765067e+00 3.19515396e+02 1.46722559e+00
  1.62852390e+00 8.82501322e-01 1.31519380e+00 2.26065544e+00
  5.73388964e+00 1.85425944e+00 8.04862801e-01 1.91434460e-01
  2.27450498e+00 7.92613750e-02 2.25462706e-01 2.09111922e+04
  1.38774652e+00 4.03561462e+00 1.33945005e-01 5.87670278e-01
  1.52751391e-01 6.66438314e+00 3.83369899e-01 2.56418234e+00
  2.47758844e+00 5.93251602e-01 7.13298414e-01 3.20574669e+00
  7.65763788e-01 2.60897691e+00 1.61751908e+00 2.01500673e-01
  2.35228014e+00 1.42768691e-01 1.02694065e+00 2.67292457e+00]]
