--------------------------------------------------------------------------
No OpenFabrics connection schemes reported that they were able to be
used on a specific port.  As such, the openib BTL (OpenFabrics
support) will be disabled for this port.

  Local host:           c3cpu-a2-u19-2
  Local device:         mlx5_0
  Local port:           1
  CPCs attempted:       rdmacm, udcm
--------------------------------------------------------------------------
[c3cpu-a2-u19-2.rc.int.colorado.edu:3474737] 63 more processes have sent help message help-mpi-btl-openib-cpc-base.txt / no cpcs for port
[c3cpu-a2-u19-2.rc.int.colorado.edu:3474737] Set MCA parameter "orte_base_help_aggregate" to 0 to see all help / error messages
1
50
2023-11-08 10:05:20
100
2023-11-08 10:06:28
elapsed:  139.2  seconds
150
2023-11-08 10:07:49
200
2023-11-08 10:09:07
elapsed:  298.1  seconds
250
2023-11-08 10:10:31
300
2023-11-08 10:11:53
elapsed:  463.4  seconds
350
2023-11-08 10:13:21
400
2023-11-08 10:14:36
elapsed:  626.4  seconds
450
2023-11-08 10:16:06
500
2023-11-08 10:17:29
elapsed:  799.7  seconds
550
2023-11-08 10:18:54
600
2023-11-08 10:20:23
elapsed:  974.2  seconds
650
2023-11-08 10:21:45
700
2023-11-08 10:23:13
elapsed:  1144.0  seconds
750
2023-11-08 10:24:41
800
2023-11-08 10:26:04
elapsed:  1314.6  seconds
850
2023-11-08 10:27:27
900
2023-11-08 10:28:52
elapsed:  1483.2  seconds
950
2023-11-08 10:30:17
1000
2023-11-08 10:31:44
elapsed:  1655.0  seconds
1050
2023-11-08 10:33:13
1100
2023-11-08 10:34:35
elapsed:  1825.9  seconds
1150
2023-11-08 10:36:04
1200
2023-11-08 10:37:29
elapsed:  1999.8  seconds
1250
2023-11-08 10:38:46
1300
2023-11-08 10:40:08
elapsed:  2159.0  seconds
/projects/muyang@colostate.edu/software/anaconda/envs/testenv/lib/python3.11/site-packages/numpy/lib/function_base.py:2455: RuntimeWarning: divide by zero encountered in func (vectorized)
  outputs = ufunc(*inputs)
/projects/muyang@colostate.edu/software/anaconda/envs/testenv/lib/python3.11/site-packages/numpy/lib/function_base.py:2455: RuntimeWarning: invalid value encountered in func (vectorized)
  outputs = ufunc(*inputs)
1350
2023-11-08 10:41:44
1400
2023-11-08 10:43:10
elapsed:  2341.2  seconds
1450
2023-11-08 10:44:30
1500
2023-11-08 10:46:01
elapsed:  2512.3  seconds
1550
2023-11-08 10:47:40
1600
2023-11-08 10:49:00
elapsed:  2690.5  seconds
1650
2023-11-08 10:50:33
1700
2023-11-08 10:51:45
elapsed:  2856.0  seconds
1750
2023-11-08 10:53:11
1800
2023-11-08 10:54:42
elapsed:  3032.9  seconds
1850
2023-11-08 10:56:12
/projects/muyang@colostate.edu/software/anaconda/envs/testenv/lib/python3.11/site-packages/numpy/lib/function_base.py:2455: RuntimeWarning: divide by zero encountered in func (vectorized)
  outputs = ufunc(*inputs)
/projects/muyang@colostate.edu/software/anaconda/envs/testenv/lib/python3.11/site-packages/numpy/lib/function_base.py:2455: RuntimeWarning: invalid value encountered in func (vectorized)
  outputs = ufunc(*inputs)
/projects/muyang@colostate.edu/software/anaconda/envs/testenv/lib/python3.11/site-packages/numpy/lib/function_base.py:2455: RuntimeWarning: divide by zero encountered in func (vectorized)
  outputs = ufunc(*inputs)
/projects/muyang@colostate.edu/software/anaconda/envs/testenv/lib/python3.11/site-packages/numpy/lib/function_base.py:2455: RuntimeWarning: invalid value encountered in func (vectorized)
  outputs = ufunc(*inputs)
1900
2023-11-08 10:57:36
elapsed:  3206.6  seconds
1950
2023-11-08 10:59:07
2000
2023-11-08 11:00:30
elapsed:  3380.8  seconds
2050
2023-11-08 11:01:47
2100
2023-11-08 11:02:55
elapsed:  3525.4  seconds
2150
2023-11-08 11:04:23
2200
2023-11-08 11:05:57
elapsed:  3707.4  seconds
2250
2023-11-08 11:07:30
2300
2023-11-08 11:08:56
elapsed:  3887.1  seconds
/projects/muyang@colostate.edu/software/anaconda/envs/testenv/lib/python3.11/site-packages/numpy/lib/function_base.py:2455: RuntimeWarning: divide by zero encountered in func (vectorized)
  outputs = ufunc(*inputs)
/projects/muyang@colostate.edu/software/anaconda/envs/testenv/lib/python3.11/site-packages/numpy/lib/function_base.py:2455: RuntimeWarning: invalid value encountered in func (vectorized)
  outputs = ufunc(*inputs)
2350
2023-11-08 11:10:26
2400
2023-11-08 11:11:50
elapsed:  4061.2  seconds
2450
2023-11-08 11:13:25
2500
2023-11-08 11:14:52
elapsed:  4242.9  seconds
2550
2023-11-08 11:16:24
2600
2023-11-08 11:17:50
elapsed:  4420.4  seconds
2650
2023-11-08 11:19:20
2700
2023-11-08 11:20:50
elapsed:  4601.2  seconds
2750
2023-11-08 11:22:07
2800
2023-11-08 11:23:39
elapsed:  4769.4  seconds
2850
2023-11-08 11:25:08
2900
2023-11-08 11:26:32
elapsed:  4943.0  seconds
2950
2023-11-08 11:28:09
3000
2023-11-08 11:29:41
elapsed:  5131.4  seconds
3050
2023-11-08 11:31:10
3100
2023-11-08 11:32:41
elapsed:  5311.6  seconds
3150
2023-11-08 11:34:10
3200
2023-11-08 11:35:39
elapsed:  5490.0  seconds
3250
2023-11-08 11:37:09
3300
2023-11-08 11:38:34
elapsed:  5664.9  seconds
3350
2023-11-08 11:40:02
3400
2023-11-08 11:41:36
elapsed:  5846.8  seconds
3450
2023-11-08 11:42:47
3500
2023-11-08 11:44:07
elapsed:  5997.5  seconds
3550
2023-11-08 11:45:30
3600
2023-11-08 11:46:55
elapsed:  6165.5  seconds
3650
2023-11-08 11:48:23
3700
2023-11-08 11:49:52
elapsed:  6342.3  seconds
3750
2023-11-08 11:51:21
3800
2023-11-08 11:52:47
elapsed:  6517.8  seconds
3850
2023-11-08 11:54:19
3900
2023-11-08 11:55:55
elapsed:  6706.3  seconds
3950
2023-11-08 11:57:28
4000
2023-11-08 11:58:54
elapsed:  6884.9  seconds
4050
2023-11-08 12:00:27
4100
2023-11-08 12:01:59
elapsed:  7069.3  seconds
4150
2023-11-08 12:03:22
4200
2023-11-08 12:04:39
elapsed:  7230.0  seconds
4250
2023-11-08 12:06:03
4300
2023-11-08 12:07:11
elapsed:  7381.6  seconds
4350
2023-11-08 12:08:37
4400
2023-11-08 12:10:00
elapsed:  7550.5  seconds
4450
2023-11-08 12:11:36
4500
2023-11-08 12:13:05
elapsed:  7735.7  seconds
4550
2023-11-08 12:14:44
4600
2023-11-08 12:16:18
elapsed:  7928.6  seconds
4650
2023-11-08 12:17:51
4700
2023-11-08 12:19:25
elapsed:  8115.8  seconds
4750
2023-11-08 12:20:48
4800
2023-11-08 12:22:01
elapsed:  8271.9  seconds
4850
2023-11-08 12:23:22
4900
2023-11-08 12:24:50
elapsed:  8440.7  seconds
4950
2023-11-08 12:26:22
5000
2023-11-08 12:27:43
elapsed:  8613.9  seconds
5050
2023-11-08 12:29:21
5100
2023-11-08 12:30:35
elapsed:  8786.1  seconds
5150
2023-11-08 12:32:03
5200
2023-11-08 12:33:35
elapsed:  8965.4  seconds
5250
2023-11-08 12:35:02
5300
2023-11-08 12:36:35
elapsed:  9146.1  seconds
5350
2023-11-08 12:38:01
5400
2023-11-08 12:39:37
elapsed:  9327.9  seconds
5450
2023-11-08 12:41:13
5500
2023-11-08 12:42:36
elapsed:  9506.9  seconds
5550
2023-11-08 12:43:53
5600
2023-11-08 12:45:16
elapsed:  9666.7  seconds
5650
2023-11-08 12:46:43
5700
2023-11-08 12:48:12
elapsed:  9842.3  seconds
5750
2023-11-08 12:49:46
5800
2023-11-08 12:51:15
elapsed:  10025.8  seconds
5850
2023-11-08 12:52:34
5900
2023-11-08 12:54:01
elapsed:  10191.6  seconds
5950
2023-11-08 12:55:39
6000
2023-11-08 12:57:06
elapsed:  10376.5  seconds
6050
2023-11-08 12:58:36
6100
2023-11-08 12:59:58
elapsed:  10549.2  seconds
6150
2023-11-08 13:01:26
6200
2023-11-08 13:02:39
elapsed:  10709.6  seconds
6250
2023-11-08 13:04:09
6300
2023-11-08 13:05:23
elapsed:  10873.3  seconds
6350
2023-11-08 13:06:51
6400
2023-11-08 13:08:27
elapsed:  11057.4  seconds
6450
2023-11-08 13:09:55
6500
2023-11-08 13:11:22
elapsed:  11232.7  seconds
6550
2023-11-08 13:12:52
6600
2023-11-08 13:14:25
elapsed:  11415.7  seconds
6650
2023-11-08 13:15:52
6700
2023-11-08 13:17:19
elapsed:  11589.5  seconds
6750
2023-11-08 13:18:54
6800
2023-11-08 13:20:32
elapsed:  11782.4  seconds
6850
2023-11-08 13:22:16
6900
2023-11-08 13:23:54
elapsed:  11984.4  seconds
6950
2023-11-08 13:25:32
7000
2023-11-08 13:27:09
elapsed:  12179.6  seconds
7050
2023-11-08 13:28:37
7100
2023-11-08 13:30:08
elapsed:  12359.0  seconds
7150
2023-11-08 13:31:44
7200
2023-11-08 13:33:11
elapsed:  12541.6  seconds
7250
2023-11-08 13:34:44
7300
2023-11-08 13:36:17
elapsed:  12727.9  seconds
7350
2023-11-08 13:37:54
7400
2023-11-08 13:39:17
elapsed:  12907.8  seconds
7450
2023-11-08 13:40:42
7500
2023-11-08 13:42:02
elapsed:  13072.8  seconds
7550
2023-11-08 13:43:40
7600
2023-11-08 13:45:09
elapsed:  13260.2  seconds
7650
2023-11-08 13:46:41
7700
2023-11-08 13:48:12
elapsed:  13442.8  seconds
7750
2023-11-08 13:49:46
7800
2023-11-08 13:51:21
elapsed:  13631.6  seconds
7850
2023-11-08 13:52:56
7900
2023-11-08 13:54:31
elapsed:  13822.2  seconds
7950
2023-11-08 13:56:10
8000
2023-11-08 13:57:36
elapsed:  14007.3  seconds
8050
2023-11-08 13:59:14
8100
2023-11-08 14:00:51
elapsed:  14201.4  seconds
8150
2023-11-08 14:02:24
8200
2023-11-08 14:03:57
elapsed:  14387.8  seconds
8250
2023-11-08 14:05:28
8300
2023-11-08 14:06:57
elapsed:  14568.2  seconds
8350
2023-11-08 14:08:27
8400
2023-11-08 14:10:02
elapsed:  14753.1  seconds
8450
2023-11-08 14:11:41
8500
2023-11-08 14:13:08
elapsed:  14938.4  seconds
8550
2023-11-08 14:14:36
8600
2023-11-08 14:16:05
elapsed:  15116.1  seconds
8650
2023-11-08 14:17:39
8700
2023-11-08 14:19:10
elapsed:  15301.0  seconds
8750
2023-11-08 14:20:46
8800
2023-11-08 14:22:20
elapsed:  15490.5  seconds
8850
2023-11-08 14:23:54
8900
2023-11-08 14:25:21
elapsed:  15672.0  seconds
/projects/muyang@colostate.edu/software/anaconda/envs/testenv/lib/python3.11/site-packages/numpy/lib/function_base.py:2455: RuntimeWarning: divide by zero encountered in func (vectorized)
  outputs = ufunc(*inputs)
/projects/muyang@colostate.edu/software/anaconda/envs/testenv/lib/python3.11/site-packages/numpy/lib/function_base.py:2455: RuntimeWarning: invalid value encountered in func (vectorized)
  outputs = ufunc(*inputs)
8950
2023-11-08 14:26:51
9000
2023-11-08 14:28:21
elapsed:  15851.5  seconds
9050
2023-11-08 14:29:45
9100
2023-11-08 14:31:14
elapsed:  16025.1  seconds
9150
2023-11-08 14:32:56
9200
2023-11-08 14:34:25
elapsed:  16215.4  seconds
9250
2023-11-08 14:36:01
9300
2023-11-08 14:37:29
elapsed:  16399.9  seconds
9350
2023-11-08 14:38:53
9400
2023-11-08 14:40:27
elapsed:  16577.4  seconds
9450
2023-11-08 14:41:52
/projects/muyang@colostate.edu/software/anaconda/envs/testenv/lib/python3.11/site-packages/numpy/lib/function_base.py:2455: RuntimeWarning: divide by zero encountered in func (vectorized)
  outputs = ufunc(*inputs)
/projects/muyang@colostate.edu/software/anaconda/envs/testenv/lib/python3.11/site-packages/numpy/lib/function_base.py:2455: RuntimeWarning: invalid value encountered in func (vectorized)
  outputs = ufunc(*inputs)
9500
2023-11-08 14:43:26
elapsed:  16756.3  seconds
9550
2023-11-08 14:45:00
9600
2023-11-08 14:46:30
elapsed:  16940.4  seconds
9650
2023-11-08 14:48:10
9700
2023-11-08 14:49:48
elapsed:  17139.0  seconds
9750
2023-11-08 14:51:16
9800
2023-11-08 14:52:52
elapsed:  17322.8  seconds
9850
2023-11-08 14:54:24
9900
2023-11-08 14:55:56
elapsed:  17506.6  seconds
9950
2023-11-08 14:57:23
10000
2023-11-08 14:58:43
elapsed:  17673.4  seconds
10050
2023-11-08 15:00:18
10100
2023-11-08 15:01:39
elapsed:  17850.2  seconds
10150
2023-11-08 15:03:03
10200
2023-11-08 15:04:37
elapsed:  18028.1  seconds
10250
2023-11-08 15:06:02
10300
2023-11-08 15:07:32
elapsed:  18202.6  seconds
10350
2023-11-08 15:09:04
10400
2023-11-08 15:10:27
elapsed:  18378.2  seconds
10450
2023-11-08 15:11:59
10500
2023-11-08 15:13:29
elapsed:  18559.8  seconds
10550
2023-11-08 15:15:01
10600
2023-11-08 15:16:33
elapsed:  18743.5  seconds
10650
2023-11-08 15:18:06
10700
2023-11-08 15:19:33
elapsed:  18924.1  seconds
10750
2023-11-08 15:21:10
10800
2023-11-08 15:22:34
elapsed:  19105.1  seconds
10850
2023-11-08 15:24:05
10900
2023-11-08 15:25:31
elapsed:  19282.1  seconds
10950
2023-11-08 15:27:11
11000
2023-11-08 15:28:46
elapsed:  19476.3  seconds
11050
2023-11-08 15:30:14
11100
2023-11-08 15:31:49
elapsed:  19659.7  seconds
11150
2023-11-08 15:33:18
11200
2023-11-08 15:34:52
elapsed:  19842.8  seconds
11250
2023-11-08 15:36:26
11300
2023-11-08 15:37:52
elapsed:  20022.9  seconds
11350
2023-11-08 15:39:24
11400
2023-11-08 15:40:52
elapsed:  20202.3  seconds
11450
2023-11-08 15:42:24
11500
2023-11-08 15:43:59
elapsed:  20390.1  seconds
11550
2023-11-08 15:45:30
11600
2023-11-08 15:47:06
elapsed:  20577.2  seconds
11650
2023-11-08 15:48:45
11700
2023-11-08 15:50:14
elapsed:  20764.7  seconds
11750
2023-11-08 15:51:41
11800
2023-11-08 15:53:12
elapsed:  20943.2  seconds
11850
2023-11-08 15:54:47
11900
2023-11-08 15:56:08
elapsed:  21118.6  seconds
11950
2023-11-08 15:57:40
12000
2023-11-08 15:59:08
elapsed:  21299.1  seconds
12050
2023-11-08 16:00:39
12100
2023-11-08 16:02:04
elapsed:  21474.6  seconds
12150
2023-11-08 16:03:32
12200
2023-11-08 16:05:03
elapsed:  21653.9  seconds
12250
2023-11-08 16:06:32
12300
2023-11-08 16:07:58
elapsed:  21828.4  seconds
12350
2023-11-08 16:09:30
12400
2023-11-08 16:10:51
elapsed:  22001.9  seconds
12450
2023-11-08 16:12:20
12500
2023-11-08 16:13:48
elapsed:  22179.2  seconds
12550
2023-11-08 16:15:26
12600
2023-11-08 16:16:50
elapsed:  22361.2  seconds
12650
2023-11-08 16:18:25
12700
2023-11-08 16:19:54
elapsed:  22544.7  seconds
12750
2023-11-08 16:21:21
12800
2023-11-08 16:23:03
elapsed:  22733.4  seconds
12850
2023-11-08 16:24:36
12900
2023-11-08 16:26:09
elapsed:  22919.5  seconds
12950
2023-11-08 16:27:48
13000
2023-11-08 16:29:18
elapsed:  23108.5  seconds
13050
2023-11-08 16:30:48
13100
2023-11-08 16:32:21
elapsed:  23292.0  seconds
13150
2023-11-08 16:33:50
13200
2023-11-08 16:35:21
elapsed:  23471.8  seconds
13250
2023-11-08 16:36:54
13300
2023-11-08 16:38:27
elapsed:  23658.1  seconds
13350
2023-11-08 16:40:00
13400
2023-11-08 16:41:28
elapsed:  23838.5  seconds
13450
2023-11-08 16:43:02
13500
2023-11-08 16:44:34
elapsed:  24024.6  seconds
13550
2023-11-08 16:46:01
13600
2023-11-08 16:47:32
elapsed:  24202.8  seconds
13650
2023-11-08 16:49:05
13700
2023-11-08 16:50:29
elapsed:  24380.2  seconds
13750
2023-11-08 16:52:03
13800
2023-11-08 16:53:28
elapsed:  24558.8  seconds
13850
2023-11-08 16:54:57
13900
2023-11-08 16:56:27
elapsed:  24737.4  seconds
13950
2023-11-08 16:57:58
14000
2023-11-08 16:59:24
elapsed:  24914.9  seconds
14050
2023-11-08 17:00:43
14100
2023-11-08 17:02:06
elapsed:  25076.5  seconds
14150
2023-11-08 17:03:38
14200
2023-11-08 17:05:03
elapsed:  25253.3  seconds
14250
2023-11-08 17:06:32
14300
2023-11-08 17:08:02
elapsed:  25432.3  seconds
14350
2023-11-08 17:09:39
14400
2023-11-08 17:11:11
elapsed:  25621.5  seconds
14450
2023-11-08 17:12:41
14500
2023-11-08 17:14:03
elapsed:  25793.4  seconds
14550
2023-11-08 17:15:26
14600
2023-11-08 17:16:57
elapsed:  25968.0  seconds
14650
2023-11-08 17:18:28
14700
2023-11-08 17:20:03
elapsed:  26153.8  seconds
14750
2023-11-08 17:21:30
14800
2023-11-08 17:23:02
elapsed:  26332.8  seconds
14850
2023-11-08 17:24:27
14900
2023-11-08 17:25:52
elapsed:  26503.1  seconds
14950
2023-11-08 17:27:19
elapsed:  26676.1  seconds
total time:  26679.4  seconds
true R:  [[3.78841348e+00 1.17533707e-01 7.09381674e-01 1.08464077e+01
  1.46942453e+00 3.58382638e-01 4.98071738e-01 9.64139853e+00
  1.09363382e-01 1.32310000e+00 4.43308722e-01 5.00705929e-01
  4.07600537e-01 3.99570640e+00 3.78400705e-01 1.11584258e+00
  1.88763908e+00 6.63763187e-01 6.37466853e+00 5.23051511e-01
  1.28690261e+00 1.52235042e+00 3.36641673e-01 6.38242112e-01
  7.25272640e+01 1.62466128e+01 2.35837168e+00 7.36484963e-02
  1.43505205e+03 9.99704699e+01 1.21517974e+00 1.85532532e+00
  1.19294665e-01 1.19349726e+01 3.01113239e+01 9.10402527e+00
  1.01883199e+02 1.04597677e+00 3.06931969e+00 2.43029066e-01
  9.19818142e-01 1.62482016e-01 7.04955180e-01 5.86552359e-01
  2.59240811e+01 3.04246525e-01 2.00647286e-01 4.69065270e-01
  4.87104332e+00 2.00618376e-01 3.29397697e-01 1.77946853e-01
  5.12271104e-01 4.85905089e+00 6.15603549e+01 1.08274649e+00
  2.81491722e-01 2.55641926e-01 2.25112436e-01 6.63380563e+03
  5.17277797e-01 1.24411419e+00 2.37760156e+02 3.26493127e-01]
 [1.10874246e+00 1.19918749e+00 7.34977240e-01 7.28275724e+00
  4.61225659e-01 1.26397044e+00 1.56330849e+01 5.35076426e-01
  8.29946379e-01 1.10117865e+00 8.14702959e-01 3.56596588e+00
  1.74007228e-01 5.82963373e+00 1.24492527e-01 1.08320767e-01
  1.13601147e-01 1.83206180e+01 2.37113496e-01 1.75233602e+00
  1.42162497e+02 6.56549647e+00 3.33860017e-01 1.47345603e+00
  7.45009185e-01 4.92983435e+01 1.27399715e-01 1.48982273e+00
  3.80269276e+01 1.18000930e+00 1.28381246e+02 4.41588026e+00
  3.34004773e+01 6.89616919e+01 2.31532486e-01 2.18920904e-01
  2.39302706e-01 4.85542718e-01 2.05862648e+01 3.24477451e-01
  7.00787524e+00 8.48128470e-01 2.12859975e+00 4.92654743e-01
  1.60556810e+01 5.47327702e+02 2.24548482e-01 1.86217118e+00
  2.09912325e+00 2.35346730e-01 1.31932879e+00 3.04484595e+00
  7.48697300e-01 2.41297193e-01 5.06563072e-01 2.16715849e+00
  7.18346297e+00 3.93217591e+01 2.80188514e-01 1.06379375e+01
  2.89606111e-01 5.99449437e+02 5.61908221e+00 2.02526397e+01]
 [1.14547652e+00 1.54205708e+00 1.31514690e+02 1.70566436e+00
  2.69704359e-01 1.20296359e-01 9.70671244e-01 2.55215268e+01
  5.12983720e+00 4.14863080e+01 2.76935069e+00 3.97508452e-01
  4.90424894e-01 4.49180180e+04 1.68723994e+00 6.91285261e-01
  1.70818095e+00 7.87271855e-01 9.48205506e+00 6.24714498e+00
  3.79945160e+00 7.14031438e-01 3.32902973e+00 1.97152031e-01
  7.42313569e-02 4.29591384e-01 1.27816946e+02 4.97882267e+00
  7.10404621e-01 5.78212660e+01 2.14182586e+00 1.31353738e+00
  4.22740979e+00 1.37143475e+00 1.73136333e+00 3.12975879e+01
  3.88743217e-01 3.40965202e-01 3.02651996e+00 1.33397503e+00
  5.32256537e-01 4.58508117e-01 4.83127456e+00 1.25088677e+01
  3.73692870e+00 3.96351878e-01 7.43900759e-01 1.31856084e+00
  2.90554540e+00 9.94703931e-01 4.40836180e+00 1.44380759e-01
  5.66802491e-01 4.60711298e+02 5.17586736e-01 1.27611608e+01
  2.71986353e+01 1.03702865e+00 5.19671045e-01 7.87586035e-01
  5.90398581e+00 3.65679824e+00 3.45688365e-01 3.73107644e+01]
 [5.12828476e+03 3.87506443e+00 1.30160148e+00 1.01146310e+00
  8.34790271e-02 1.09153847e+03 6.64211105e-01 1.14952784e+02
  1.01100132e+00 1.91196418e-01 7.28096749e-01 3.44661952e+00
  4.62040258e-01 1.39437939e+01 3.46950470e-01 3.98605195e+01
  8.78995792e-01 6.20868460e+02 6.48212619e+00 1.48909325e-01
  1.22762062e+00 1.77907485e+01 1.57331658e+00 1.63130540e-01
  7.43132492e-01 3.76593115e+00 6.13309270e-01 1.41304148e+01
  6.94350478e+01 1.79137525e+00 1.62970842e+00 6.55986355e-01
  1.39830044e+00 2.92573287e-01 8.52744901e-01 2.76727542e-01
  2.39354961e+00 2.89357452e-01 3.53625729e+00 7.52053999e-01
  7.74753465e-01 5.13635504e-01 1.22919306e+00 4.37229072e+02
  6.51352402e+00 4.01162452e+01 3.87157099e-01 4.05351429e-01
  5.23774427e-01 1.42528781e+00 1.24892201e+00 1.90618901e+01
  7.90141902e-02 3.81297738e-01 1.07317163e+00 5.40786623e+00
  1.34460412e-01 6.17665581e-01 5.32507248e-01 1.16553290e-01
  1.90348707e+02 1.02206574e+01 2.51984690e-01 1.59076089e-01]
 [9.59679661e-02 1.31346321e+00 2.91417709e-01 1.23957804e+01
  8.95169843e+00 9.43029644e+00 1.47821572e+01 5.58664693e-02
  3.81003421e+00 5.56119527e-01 1.57783923e+00 2.86666103e-01
  8.02950692e-01 6.43390973e+00 1.47780076e-01 6.01683264e-01
  1.47827989e+00 4.74251283e+00 1.03900932e+00 1.03387611e-01
  2.89221561e+03 3.27871391e-01 8.34882488e-02 4.58287402e-01
  6.36588791e-01 3.46536343e+00 1.94253284e-01 6.08448701e-01
  7.69858263e-01 3.46003420e+01 1.85386161e-01 1.40129604e+00
  1.13907798e+00 2.04439462e+00 2.69367463e-01 1.70292769e+00
  5.03094156e-01 1.13219725e+00 1.19292947e+00 6.06367004e+00
  5.65315674e+00 3.67290611e+00 6.79108641e-01 8.75374225e-01
  2.32537446e+00 2.23807966e+00 5.04572052e+01 1.01592203e+00
  1.06180943e+00 3.60407881e-02 4.65291611e-01 2.11708061e-01
  1.50080752e+00 2.45961917e-01 1.77070211e-01 2.43077103e+00
  1.42066687e+00 2.37066130e-01 4.45673070e+00 4.63798807e+01
  7.81257757e-01 6.27639225e-01 1.02354833e+00 4.33440910e-01]
 [6.04132920e+00 3.12373562e+02 1.36227618e+00 6.60151570e-01
  8.11256137e-01 6.69927382e+00 2.79582833e-01 1.58076190e+00
  2.56498380e+00 2.59862243e-01 6.92618330e+00 9.41743952e+00
  2.95328950e+00 5.14702934e+00 7.58032843e-02 2.68435800e+00
  1.34321704e-01 2.06954959e+00 3.97590568e-01 5.84488360e-01
  9.88591292e-01 2.71702236e+01 8.63803849e-01 7.23414403e+01
  3.23916615e-01 2.01093065e-01 3.51290778e+00 2.49183295e+00
  1.27085399e+00 7.73395248e-01 2.44993902e-01 7.53958753e-02
  4.91523463e+03 1.52908903e+01 4.61471402e-01 3.42051321e-01
  3.25133561e-01 5.72286426e-01 7.58214299e-01 2.66292942e-01
  1.36917622e-01 3.81983090e-01 2.02275793e+02 7.45247850e+01
  5.90541202e-01 2.43555365e+00 5.35635304e+01 5.58692565e-01
  6.39054297e-02 5.03938694e-01 1.17773321e-01 3.66978617e+00
  2.97727793e-01 1.18589446e+00 4.24567889e-01 2.47260854e+00
  6.19594962e-01 7.30195038e+01 2.35366440e-01 1.53581707e-01
  1.67833575e-01 3.20672238e-01 3.12255293e-01 1.35700809e-01]
 [7.19412128e-01 5.28963613e+00 3.30794422e-01 8.38285578e+00
  5.17894521e-01 1.68425803e-01 6.81510483e-01 1.60862665e-01
  4.01282627e+00 7.90909107e-01 1.27972640e-01 5.04613111e-01
  3.84728295e+00 8.22662498e+01 5.64549578e+01 2.57189950e-01
  2.10946105e-01 2.54074866e+00 6.92065982e-01 1.64787059e-01
  2.01541911e-01 2.37997583e+00 2.73922273e-01 9.08040238e-02
  9.49684811e+00 2.10767421e+00 7.24191467e-02 7.36373903e+00
  1.67463228e-01 2.25058707e+00 1.67338724e+00 2.36698493e+00
  6.22687408e-01 5.47915434e-02 1.10634837e+00 9.03920389e-01
  2.89505601e+00 3.47234701e+01 1.53617755e-01 4.88250695e-01
  5.76899851e+01 3.97593937e+00 3.53178353e+00 2.88759390e-01
  9.39030030e-01 1.25462319e+00 2.85981670e-01 1.41773634e+00
  6.14191937e-01 4.15694126e+00 2.72283700e+03 1.80178654e+01
  5.34123186e+00 5.45147834e-01 3.14507169e-01 3.76807428e+01
  8.97947105e-01 6.55924119e+01 6.06883556e-01 6.99568417e+00
  1.89799187e+00 5.35191660e+01 5.53633000e+04 1.21111531e+00]
 [9.07708003e-01 1.05841718e+01 5.80619385e-01 2.85262567e+01
  2.89327119e-01 2.00128138e-01 4.41904622e+01 4.47668295e+00
  9.70897213e-01 6.25345105e+00 3.17821407e-01 2.08559433e+00
  1.80438750e+01 2.89046561e-01 1.47272374e-01 5.07323765e+00
  2.17667681e+01 2.91701079e-01 7.23361664e+00 3.44806562e+01
  5.63534723e+00 2.07270472e+00 4.09500417e+01 8.74152365e-01
  7.05666029e-01 7.92732822e-01 6.77713895e-01 9.05475133e-02
  1.60728071e-01 5.59329237e-01 2.80509745e-01 3.75188368e+01
  3.52778906e+00 2.76430758e+00 4.75055799e-01 2.62838865e+00
  3.12532004e-01 2.73375932e+00 5.22251039e-01 6.76035357e-01
  1.00448136e+00 3.31966817e+01 2.19679086e-01 2.45565374e+00
  1.72508474e-01 2.98695642e+00 5.33587023e+00 3.39392586e-01
  8.46133687e-01 2.88542403e+00 9.74257052e-02 1.36043766e-01
  1.18390232e-01 4.82122027e+01 6.39192029e+00 2.21659345e-01
  2.20426750e+00 1.27588149e-01 1.73709157e+00 3.94368309e-01
  3.00224620e+00 2.60577321e+00 9.24425231e-01 5.86567021e-01]
 [1.28087242e-01 8.37245379e-01 2.04926475e-01 6.77978320e-01
  9.72895039e-02 2.87391658e+01 2.17356477e-01 2.91166207e+00
  5.09866726e+03 4.40287694e-01 7.34774053e+01 1.90616296e+02
  2.35653033e+00 2.33738682e+00 5.44748567e-01 7.37390716e-01
  7.09972147e-01 1.47778693e+00 2.50395209e-01 9.33809606e+02
  2.76698092e+00 1.41658238e-01 4.38534731e-01 6.62334127e+00
  1.56740761e-01 8.70646138e-01 3.38022058e-01 2.38598484e-01
  6.98700435e+00 1.03748411e+00 5.78418536e-01 2.14153212e-01
  1.12806204e+00 1.57207547e+01 1.66859161e+00 7.87369159e+00
  6.48597092e-01 1.46454202e+00 3.13616523e+00 2.30711704e+01
  9.65096567e-01 6.92183757e-01 1.55397422e+01 2.38828310e-01
  8.08698485e-01 5.29976081e-01 3.84027817e+02 3.14432460e-01
  5.60213655e+02 2.16589917e+01 2.94579303e+01 9.20103059e-01
  3.80433460e-01 1.60092472e+01 9.94889576e+00 1.81114917e-01
  8.11571125e-01 1.08372786e-01 9.36599923e-01 1.67893237e+00
  3.55477434e+00 5.02811290e+00 3.47420833e-01 1.20564038e+04]]
