1
50
2023-11-17 15:30:33
100
2023-11-17 15:33:37
elapsed:  362.1  seconds
150
2023-11-17 15:36:54
200
2023-11-17 15:40:08
elapsed:  752.9  seconds
/projects/muyang@colostate.edu/software/anaconda/envs/alpine_MCMC/lib/python3.11/site-packages/numpy/lib/function_base.py:2412: RuntimeWarning: divide by zero encountered in func (vectorized)
  outputs = ufunc(*inputs)
/projects/muyang@colostate.edu/software/anaconda/envs/alpine_MCMC/lib/python3.11/site-packages/numpy/lib/function_base.py:2412: RuntimeWarning: invalid value encountered in func (vectorized)
  outputs = ufunc(*inputs)
250
2023-11-17 15:43:27
/projects/muyang@colostate.edu/software/anaconda/envs/alpine_MCMC/lib/python3.11/site-packages/numpy/lib/function_base.py:2412: RuntimeWarning: divide by zero encountered in func (vectorized)
  outputs = ufunc(*inputs)
/projects/muyang@colostate.edu/software/anaconda/envs/alpine_MCMC/lib/python3.11/site-packages/numpy/lib/function_base.py:2412: RuntimeWarning: invalid value encountered in func (vectorized)
  outputs = ufunc(*inputs)
/projects/muyang@colostate.edu/software/anaconda/envs/alpine_MCMC/lib/python3.11/site-packages/numpy/lib/function_base.py:2412: RuntimeWarning: divide by zero encountered in func (vectorized)
  outputs = ufunc(*inputs)
/projects/muyang@colostate.edu/software/anaconda/envs/alpine_MCMC/lib/python3.11/site-packages/numpy/lib/function_base.py:2412: RuntimeWarning: invalid value encountered in func (vectorized)
  outputs = ufunc(*inputs)
300
2023-11-17 15:46:51
elapsed:  1155.1  seconds
350
2023-11-17 15:50:18
/projects/muyang@colostate.edu/software/anaconda/envs/alpine_MCMC/lib/python3.11/site-packages/numpy/lib/function_base.py:2412: RuntimeWarning: divide by zero encountered in func (vectorized)
  outputs = ufunc(*inputs)
/projects/muyang@colostate.edu/software/anaconda/envs/alpine_MCMC/lib/python3.11/site-packages/numpy/lib/function_base.py:2412: RuntimeWarning: invalid value encountered in func (vectorized)
  outputs = ufunc(*inputs)
/projects/muyang@colostate.edu/software/anaconda/envs/alpine_MCMC/lib/python3.11/site-packages/numpy/lib/function_base.py:2412: RuntimeWarning: divide by zero encountered in func (vectorized)
  outputs = ufunc(*inputs)
/projects/muyang@colostate.edu/software/anaconda/envs/alpine_MCMC/lib/python3.11/site-packages/numpy/lib/function_base.py:2412: RuntimeWarning: invalid value encountered in func (vectorized)
  outputs = ufunc(*inputs)
400
2023-11-17 15:53:45
elapsed:  1569.3  seconds
/projects/muyang@colostate.edu/software/anaconda/envs/alpine_MCMC/lib/python3.11/site-packages/numpy/lib/function_base.py:2412: RuntimeWarning: divide by zero encountered in func (vectorized)
  outputs = ufunc(*inputs)
/projects/muyang@colostate.edu/software/anaconda/envs/alpine_MCMC/lib/python3.11/site-packages/numpy/lib/function_base.py:2412: RuntimeWarning: invalid value encountered in func (vectorized)
  outputs = ufunc(*inputs)
/projects/muyang@colostate.edu/software/anaconda/envs/alpine_MCMC/lib/python3.11/site-packages/numpy/lib/function_base.py:2412: RuntimeWarning: divide by zero encountered in func (vectorized)
  outputs = ufunc(*inputs)
/projects/muyang@colostate.edu/software/anaconda/envs/alpine_MCMC/lib/python3.11/site-packages/numpy/lib/function_base.py:2412: RuntimeWarning: invalid value encountered in func (vectorized)
  outputs = ufunc(*inputs)
450
2023-11-17 15:57:12
500
2023-11-17 16:00:37
elapsed:  1981.7  seconds
550
2023-11-17 16:04:02
600
2023-11-17 16:07:24
elapsed:  2389.1  seconds
/projects/muyang@colostate.edu/software/anaconda/envs/alpine_MCMC/lib/python3.11/site-packages/numpy/lib/function_base.py:2412: RuntimeWarning: divide by zero encountered in func (vectorized)
  outputs = ufunc(*inputs)
/projects/muyang@colostate.edu/software/anaconda/envs/alpine_MCMC/lib/python3.11/site-packages/numpy/lib/function_base.py:2412: RuntimeWarning: invalid value encountered in func (vectorized)
  outputs = ufunc(*inputs)
/projects/muyang@colostate.edu/software/anaconda/envs/alpine_MCMC/lib/python3.11/site-packages/numpy/lib/function_base.py:2412: RuntimeWarning: divide by zero encountered in func (vectorized)
  outputs = ufunc(*inputs)
/projects/muyang@colostate.edu/software/anaconda/envs/alpine_MCMC/lib/python3.11/site-packages/numpy/lib/function_base.py:2412: RuntimeWarning: invalid value encountered in func (vectorized)
  outputs = ufunc(*inputs)
650
2023-11-17 16:10:52
/projects/muyang@colostate.edu/software/anaconda/envs/alpine_MCMC/lib/python3.11/site-packages/numpy/lib/function_base.py:2412: RuntimeWarning: divide by zero encountered in func (vectorized)
  outputs = ufunc(*inputs)
/projects/muyang@colostate.edu/software/anaconda/envs/alpine_MCMC/lib/python3.11/site-packages/numpy/lib/function_base.py:2412: RuntimeWarning: invalid value encountered in func (vectorized)
  outputs = ufunc(*inputs)
700
2023-11-17 16:14:20
elapsed:  2805.0  seconds
750
2023-11-17 16:17:51
800
2023-11-17 16:21:17
elapsed:  3221.7  seconds
/projects/muyang@colostate.edu/software/anaconda/envs/alpine_MCMC/lib/python3.11/site-packages/numpy/lib/function_base.py:2412: RuntimeWarning: divide by zero encountered in func (vectorized)
  outputs = ufunc(*inputs)
/projects/muyang@colostate.edu/software/anaconda/envs/alpine_MCMC/lib/python3.11/site-packages/numpy/lib/function_base.py:2412: RuntimeWarning: invalid value encountered in func (vectorized)
  outputs = ufunc(*inputs)
/projects/muyang@colostate.edu/software/anaconda/envs/alpine_MCMC/lib/python3.11/site-packages/numpy/lib/function_base.py:2412: RuntimeWarning: divide by zero encountered in func (vectorized)
  outputs = ufunc(*inputs)
/projects/muyang@colostate.edu/software/anaconda/envs/alpine_MCMC/lib/python3.11/site-packages/numpy/lib/function_base.py:2412: RuntimeWarning: invalid value encountered in func (vectorized)
  outputs = ufunc(*inputs)
850
2023-11-17 16:24:49
900
2023-11-17 16:28:20
elapsed:  3644.8  seconds
950
2023-11-17 16:31:48
/projects/muyang@colostate.edu/software/anaconda/envs/alpine_MCMC/lib/python3.11/site-packages/numpy/lib/function_base.py:2412: RuntimeWarning: divide by zero encountered in func (vectorized)
  outputs = ufunc(*inputs)
/projects/muyang@colostate.edu/software/anaconda/envs/alpine_MCMC/lib/python3.11/site-packages/numpy/lib/function_base.py:2412: RuntimeWarning: invalid value encountered in func (vectorized)
  outputs = ufunc(*inputs)
1000
2023-11-17 16:35:12
elapsed:  4056.8  seconds
1050
2023-11-17 16:38:40
1100
2023-11-17 16:42:07
elapsed:  4471.2  seconds
1150
2023-11-17 16:45:42
/projects/muyang@colostate.edu/software/anaconda/envs/alpine_MCMC/lib/python3.11/site-packages/numpy/lib/function_base.py:2412: RuntimeWarning: divide by zero encountered in func (vectorized)
  outputs = ufunc(*inputs)
/projects/muyang@colostate.edu/software/anaconda/envs/alpine_MCMC/lib/python3.11/site-packages/numpy/lib/function_base.py:2412: RuntimeWarning: invalid value encountered in func (vectorized)
  outputs = ufunc(*inputs)
1200
2023-11-17 16:49:15
elapsed:  4899.8  seconds
/projects/muyang@colostate.edu/software/anaconda/envs/alpine_MCMC/lib/python3.11/site-packages/numpy/lib/function_base.py:2412: RuntimeWarning: divide by zero encountered in func (vectorized)
  outputs = ufunc(*inputs)
/projects/muyang@colostate.edu/software/anaconda/envs/alpine_MCMC/lib/python3.11/site-packages/numpy/lib/function_base.py:2412: RuntimeWarning: invalid value encountered in func (vectorized)
  outputs = ufunc(*inputs)
1250
2023-11-17 16:52:51
1300
2023-11-17 16:56:24
elapsed:  5328.1  seconds
1350
2023-11-17 16:59:59
/projects/muyang@colostate.edu/software/anaconda/envs/alpine_MCMC/lib/python3.11/site-packages/numpy/lib/function_base.py:2412: RuntimeWarning: divide by zero encountered in func (vectorized)
  outputs = ufunc(*inputs)
/projects/muyang@colostate.edu/software/anaconda/envs/alpine_MCMC/lib/python3.11/site-packages/numpy/lib/function_base.py:2412: RuntimeWarning: invalid value encountered in func (vectorized)
  outputs = ufunc(*inputs)
1400
2023-11-17 17:03:43
elapsed:  5767.9  seconds
1450
2023-11-17 17:07:29
1500
2023-11-17 17:11:16
elapsed:  6220.8  seconds
1550
2023-11-17 17:15:03
1600
2023-11-17 17:18:45
elapsed:  6669.5  seconds
1650
2023-11-17 17:22:29
/projects/muyang@colostate.edu/software/anaconda/envs/alpine_MCMC/lib/python3.11/site-packages/numpy/lib/function_base.py:2412: RuntimeWarning: divide by zero encountered in func (vectorized)
  outputs = ufunc(*inputs)
/projects/muyang@colostate.edu/software/anaconda/envs/alpine_MCMC/lib/python3.11/site-packages/numpy/lib/function_base.py:2412: RuntimeWarning: invalid value encountered in func (vectorized)
  outputs = ufunc(*inputs)
/projects/muyang@colostate.edu/software/anaconda/envs/alpine_MCMC/lib/python3.11/site-packages/numpy/lib/function_base.py:2412: RuntimeWarning: divide by zero encountered in func (vectorized)
  outputs = ufunc(*inputs)
/projects/muyang@colostate.edu/software/anaconda/envs/alpine_MCMC/lib/python3.11/site-packages/numpy/lib/function_base.py:2412: RuntimeWarning: invalid value encountered in func (vectorized)
  outputs = ufunc(*inputs)
1700
2023-11-17 17:26:15
elapsed:  7119.3  seconds
/projects/muyang@colostate.edu/software/anaconda/envs/alpine_MCMC/lib/python3.11/site-packages/numpy/lib/function_base.py:2412: RuntimeWarning: divide by zero encountered in func (vectorized)
  outputs = ufunc(*inputs)
/projects/muyang@colostate.edu/software/anaconda/envs/alpine_MCMC/lib/python3.11/site-packages/numpy/lib/function_base.py:2412: RuntimeWarning: invalid value encountered in func (vectorized)
  outputs = ufunc(*inputs)
1750
2023-11-17 17:30:05
/projects/muyang@colostate.edu/software/anaconda/envs/alpine_MCMC/lib/python3.11/site-packages/numpy/lib/function_base.py:2412: RuntimeWarning: divide by zero encountered in func (vectorized)
  outputs = ufunc(*inputs)
/projects/muyang@colostate.edu/software/anaconda/envs/alpine_MCMC/lib/python3.11/site-packages/numpy/lib/function_base.py:2412: RuntimeWarning: invalid value encountered in func (vectorized)
  outputs = ufunc(*inputs)
1800
2023-11-17 17:33:52
elapsed:  7576.2  seconds
/projects/muyang@colostate.edu/software/anaconda/envs/alpine_MCMC/lib/python3.11/site-packages/numpy/lib/function_base.py:2412: RuntimeWarning: divide by zero encountered in func (vectorized)
  outputs = ufunc(*inputs)
/projects/muyang@colostate.edu/software/anaconda/envs/alpine_MCMC/lib/python3.11/site-packages/numpy/lib/function_base.py:2412: RuntimeWarning: invalid value encountered in func (vectorized)
  outputs = ufunc(*inputs)
/projects/muyang@colostate.edu/software/anaconda/envs/alpine_MCMC/lib/python3.11/site-packages/numpy/lib/function_base.py:2412: RuntimeWarning: divide by zero encountered in func (vectorized)
  outputs = ufunc(*inputs)
/projects/muyang@colostate.edu/software/anaconda/envs/alpine_MCMC/lib/python3.11/site-packages/numpy/lib/function_base.py:2412: RuntimeWarning: invalid value encountered in func (vectorized)
  outputs = ufunc(*inputs)
1850
2023-11-17 17:37:41
/projects/muyang@colostate.edu/software/anaconda/envs/alpine_MCMC/lib/python3.11/site-packages/numpy/lib/function_base.py:2412: RuntimeWarning: divide by zero encountered in func (vectorized)
  outputs = ufunc(*inputs)
/projects/muyang@colostate.edu/software/anaconda/envs/alpine_MCMC/lib/python3.11/site-packages/numpy/lib/function_base.py:2412: RuntimeWarning: invalid value encountered in func (vectorized)
  outputs = ufunc(*inputs)
/projects/muyang@colostate.edu/software/anaconda/envs/alpine_MCMC/lib/python3.11/site-packages/numpy/lib/function_base.py:2412: RuntimeWarning: divide by zero encountered in func (vectorized)
  outputs = ufunc(*inputs)
/projects/muyang@colostate.edu/software/anaconda/envs/alpine_MCMC/lib/python3.11/site-packages/numpy/lib/function_base.py:2412: RuntimeWarning: invalid value encountered in func (vectorized)
  outputs = ufunc(*inputs)
/projects/muyang@colostate.edu/software/anaconda/envs/alpine_MCMC/lib/python3.11/site-packages/numpy/lib/function_base.py:2412: RuntimeWarning: divide by zero encountered in func (vectorized)
  outputs = ufunc(*inputs)
/projects/muyang@colostate.edu/software/anaconda/envs/alpine_MCMC/lib/python3.11/site-packages/numpy/lib/function_base.py:2412: RuntimeWarning: invalid value encountered in func (vectorized)
  outputs = ufunc(*inputs)
1900
2023-11-17 17:41:29
elapsed:  8033.2  seconds
/projects/muyang@colostate.edu/software/anaconda/envs/alpine_MCMC/lib/python3.11/site-packages/numpy/lib/function_base.py:2412: RuntimeWarning: divide by zero encountered in func (vectorized)
  outputs = ufunc(*inputs)
/projects/muyang@colostate.edu/software/anaconda/envs/alpine_MCMC/lib/python3.11/site-packages/numpy/lib/function_base.py:2412: RuntimeWarning: invalid value encountered in func (vectorized)
  outputs = ufunc(*inputs)
1950
2023-11-17 17:45:14
2000
2023-11-17 17:48:58
elapsed:  8482.7  seconds
2050
2023-11-17 17:52:49
2100
2023-11-17 17:56:38
elapsed:  8942.2  seconds
/projects/muyang@colostate.edu/software/anaconda/envs/alpine_MCMC/lib/python3.11/site-packages/numpy/lib/function_base.py:2412: RuntimeWarning: divide by zero encountered in func (vectorized)
  outputs = ufunc(*inputs)
/projects/muyang@colostate.edu/software/anaconda/envs/alpine_MCMC/lib/python3.11/site-packages/numpy/lib/function_base.py:2412: RuntimeWarning: invalid value encountered in func (vectorized)
  outputs = ufunc(*inputs)
2150
2023-11-17 18:00:28
2200
2023-11-17 18:04:16
elapsed:  9400.2  seconds
/projects/muyang@colostate.edu/software/anaconda/envs/alpine_MCMC/lib/python3.11/site-packages/numpy/lib/function_base.py:2412: RuntimeWarning: divide by zero encountered in func (vectorized)
  outputs = ufunc(*inputs)
/projects/muyang@colostate.edu/software/anaconda/envs/alpine_MCMC/lib/python3.11/site-packages/numpy/lib/function_base.py:2412: RuntimeWarning: invalid value encountered in func (vectorized)
  outputs = ufunc(*inputs)
2250
2023-11-17 18:08:03
2300
2023-11-17 18:11:47
elapsed:  9851.8  seconds
2350
2023-11-17 18:15:31
2400
2023-11-17 18:19:14
elapsed:  10299.1  seconds
/projects/muyang@colostate.edu/software/anaconda/envs/alpine_MCMC/lib/python3.11/site-packages/numpy/lib/function_base.py:2412: RuntimeWarning: divide by zero encountered in func (vectorized)
  outputs = ufunc(*inputs)
/projects/muyang@colostate.edu/software/anaconda/envs/alpine_MCMC/lib/python3.11/site-packages/numpy/lib/function_base.py:2412: RuntimeWarning: invalid value encountered in func (vectorized)
  outputs = ufunc(*inputs)
2450
2023-11-17 18:23:03
2500
2023-11-17 18:26:47
elapsed:  10751.9  seconds
/projects/muyang@colostate.edu/software/anaconda/envs/alpine_MCMC/lib/python3.11/site-packages/numpy/lib/function_base.py:2412: RuntimeWarning: divide by zero encountered in func (vectorized)
  outputs = ufunc(*inputs)
/projects/muyang@colostate.edu/software/anaconda/envs/alpine_MCMC/lib/python3.11/site-packages/numpy/lib/function_base.py:2412: RuntimeWarning: invalid value encountered in func (vectorized)
  outputs = ufunc(*inputs)
2550
2023-11-17 18:30:34
/projects/muyang@colostate.edu/software/anaconda/envs/alpine_MCMC/lib/python3.11/site-packages/numpy/lib/function_base.py:2412: RuntimeWarning: divide by zero encountered in func (vectorized)
  outputs = ufunc(*inputs)
/projects/muyang@colostate.edu/software/anaconda/envs/alpine_MCMC/lib/python3.11/site-packages/numpy/lib/function_base.py:2412: RuntimeWarning: invalid value encountered in func (vectorized)
  outputs = ufunc(*inputs)
/projects/muyang@colostate.edu/software/anaconda/envs/alpine_MCMC/lib/python3.11/site-packages/numpy/lib/function_base.py:2412: RuntimeWarning: divide by zero encountered in func (vectorized)
  outputs = ufunc(*inputs)
/projects/muyang@colostate.edu/software/anaconda/envs/alpine_MCMC/lib/python3.11/site-packages/numpy/lib/function_base.py:2412: RuntimeWarning: invalid value encountered in func (vectorized)
  outputs = ufunc(*inputs)
2600
2023-11-17 18:34:22
elapsed:  11206.4  seconds
2650
2023-11-17 18:38:09
2700
2023-11-17 18:41:56
elapsed:  11661.0  seconds
2750
2023-11-17 18:45:45
2800
2023-11-17 18:49:33
elapsed:  12117.2  seconds
2850
2023-11-17 18:53:22
2900
2023-11-17 18:57:09
elapsed:  12573.4  seconds
/projects/muyang@colostate.edu/software/anaconda/envs/alpine_MCMC/lib/python3.11/site-packages/numpy/lib/function_base.py:2412: RuntimeWarning: divide by zero encountered in func (vectorized)
  outputs = ufunc(*inputs)
/projects/muyang@colostate.edu/software/anaconda/envs/alpine_MCMC/lib/python3.11/site-packages/numpy/lib/function_base.py:2412: RuntimeWarning: invalid value encountered in func (vectorized)
  outputs = ufunc(*inputs)
/projects/muyang@colostate.edu/software/anaconda/envs/alpine_MCMC/lib/python3.11/site-packages/numpy/lib/function_base.py:2412: RuntimeWarning: divide by zero encountered in func (vectorized)
  outputs = ufunc(*inputs)
/projects/muyang@colostate.edu/software/anaconda/envs/alpine_MCMC/lib/python3.11/site-packages/numpy/lib/function_base.py:2412: RuntimeWarning: invalid value encountered in func (vectorized)
  outputs = ufunc(*inputs)
2950
2023-11-17 19:00:52
3000
2023-11-17 19:04:38
elapsed:  13023.1  seconds
3050
2023-11-17 19:08:23
/projects/muyang@colostate.edu/software/anaconda/envs/alpine_MCMC/lib/python3.11/site-packages/numpy/lib/function_base.py:2412: RuntimeWarning: divide by zero encountered in func (vectorized)
  outputs = ufunc(*inputs)
/projects/muyang@colostate.edu/software/anaconda/envs/alpine_MCMC/lib/python3.11/site-packages/numpy/lib/function_base.py:2412: RuntimeWarning: invalid value encountered in func (vectorized)
  outputs = ufunc(*inputs)
3100
2023-11-17 19:12:09
elapsed:  13473.2  seconds
/projects/muyang@colostate.edu/software/anaconda/envs/alpine_MCMC/lib/python3.11/site-packages/numpy/lib/function_base.py:2412: RuntimeWarning: divide by zero encountered in func (vectorized)
  outputs = ufunc(*inputs)
/projects/muyang@colostate.edu/software/anaconda/envs/alpine_MCMC/lib/python3.11/site-packages/numpy/lib/function_base.py:2412: RuntimeWarning: invalid value encountered in func (vectorized)
  outputs = ufunc(*inputs)
3150
2023-11-17 19:15:58
/projects/muyang@colostate.edu/software/anaconda/envs/alpine_MCMC/lib/python3.11/site-packages/numpy/lib/function_base.py:2412: RuntimeWarning: divide by zero encountered in func (vectorized)
  outputs = ufunc(*inputs)
/projects/muyang@colostate.edu/software/anaconda/envs/alpine_MCMC/lib/python3.11/site-packages/numpy/lib/function_base.py:2412: RuntimeWarning: invalid value encountered in func (vectorized)
  outputs = ufunc(*inputs)
3200
2023-11-17 19:19:46
elapsed:  13930.3  seconds
3250
2023-11-17 19:23:35
/projects/muyang@colostate.edu/software/anaconda/envs/alpine_MCMC/lib/python3.11/site-packages/numpy/lib/function_base.py:2412: RuntimeWarning: divide by zero encountered in func (vectorized)
  outputs = ufunc(*inputs)
/projects/muyang@colostate.edu/software/anaconda/envs/alpine_MCMC/lib/python3.11/site-packages/numpy/lib/function_base.py:2412: RuntimeWarning: invalid value encountered in func (vectorized)
  outputs = ufunc(*inputs)
3300
2023-11-17 19:27:21
elapsed:  14385.6  seconds
/projects/muyang@colostate.edu/software/anaconda/envs/alpine_MCMC/lib/python3.11/site-packages/numpy/lib/function_base.py:2412: RuntimeWarning: divide by zero encountered in func (vectorized)
  outputs = ufunc(*inputs)
/projects/muyang@colostate.edu/software/anaconda/envs/alpine_MCMC/lib/python3.11/site-packages/numpy/lib/function_base.py:2412: RuntimeWarning: invalid value encountered in func (vectorized)
  outputs = ufunc(*inputs)
3350
2023-11-17 19:31:10
3400
2023-11-17 19:34:53
elapsed:  14837.9  seconds
3450
2023-11-17 19:38:42
/projects/muyang@colostate.edu/software/anaconda/envs/alpine_MCMC/lib/python3.11/site-packages/numpy/lib/function_base.py:2412: RuntimeWarning: divide by zero encountered in func (vectorized)
  outputs = ufunc(*inputs)
/projects/muyang@colostate.edu/software/anaconda/envs/alpine_MCMC/lib/python3.11/site-packages/numpy/lib/function_base.py:2412: RuntimeWarning: invalid value encountered in func (vectorized)
  outputs = ufunc(*inputs)
3500
2023-11-17 19:42:29
elapsed:  15293.5  seconds
3550
2023-11-17 19:46:17
3600
2023-11-17 19:50:05
elapsed:  15749.2  seconds
/projects/muyang@colostate.edu/software/anaconda/envs/alpine_MCMC/lib/python3.11/site-packages/numpy/lib/function_base.py:2412: RuntimeWarning: divide by zero encountered in func (vectorized)
  outputs = ufunc(*inputs)
/projects/muyang@colostate.edu/software/anaconda/envs/alpine_MCMC/lib/python3.11/site-packages/numpy/lib/function_base.py:2412: RuntimeWarning: invalid value encountered in func (vectorized)
  outputs = ufunc(*inputs)
3650
2023-11-17 19:53:55
3700
2023-11-17 19:57:42
elapsed:  16207.1  seconds
3750
2023-11-17 20:01:33
3800
2023-11-17 20:05:22
elapsed:  16666.6  seconds
3850
2023-11-17 20:09:11
3900
2023-11-17 20:12:58
elapsed:  17122.1  seconds
3950
2023-11-17 20:16:47
4000
2023-11-17 20:20:40
elapsed:  17584.9  seconds
4050
2023-11-17 20:24:33
4100
2023-11-17 20:28:22
elapsed:  18046.2  seconds
/projects/muyang@colostate.edu/software/anaconda/envs/alpine_MCMC/lib/python3.11/site-packages/numpy/lib/function_base.py:2412: RuntimeWarning: divide by zero encountered in func (vectorized)
  outputs = ufunc(*inputs)
/projects/muyang@colostate.edu/software/anaconda/envs/alpine_MCMC/lib/python3.11/site-packages/numpy/lib/function_base.py:2412: RuntimeWarning: invalid value encountered in func (vectorized)
  outputs = ufunc(*inputs)
/projects/muyang@colostate.edu/software/anaconda/envs/alpine_MCMC/lib/python3.11/site-packages/numpy/lib/function_base.py:2412: RuntimeWarning: divide by zero encountered in func (vectorized)
  outputs = ufunc(*inputs)
/projects/muyang@colostate.edu/software/anaconda/envs/alpine_MCMC/lib/python3.11/site-packages/numpy/lib/function_base.py:2412: RuntimeWarning: invalid value encountered in func (vectorized)
  outputs = ufunc(*inputs)
4150
2023-11-17 20:32:08
/projects/muyang@colostate.edu/software/anaconda/envs/alpine_MCMC/lib/python3.11/site-packages/numpy/lib/function_base.py:2412: RuntimeWarning: divide by zero encountered in func (vectorized)
  outputs = ufunc(*inputs)
/projects/muyang@colostate.edu/software/anaconda/envs/alpine_MCMC/lib/python3.11/site-packages/numpy/lib/function_base.py:2412: RuntimeWarning: invalid value encountered in func (vectorized)
  outputs = ufunc(*inputs)
4200
2023-11-17 20:35:54
elapsed:  18498.5  seconds
4250
2023-11-17 20:39:40
4300
2023-11-17 20:43:26
elapsed:  18950.5  seconds
4350
2023-11-17 20:47:15
4400
2023-11-17 20:51:02
elapsed:  19406.3  seconds
4450
2023-11-17 20:54:51
/projects/muyang@colostate.edu/software/anaconda/envs/alpine_MCMC/lib/python3.11/site-packages/numpy/lib/function_base.py:2412: RuntimeWarning: divide by zero encountered in func (vectorized)
  outputs = ufunc(*inputs)
/projects/muyang@colostate.edu/software/anaconda/envs/alpine_MCMC/lib/python3.11/site-packages/numpy/lib/function_base.py:2412: RuntimeWarning: invalid value encountered in func (vectorized)
  outputs = ufunc(*inputs)
4500
2023-11-17 20:58:39
elapsed:  19864.0  seconds
4550
2023-11-17 21:02:36
4600
2023-11-17 21:06:33
elapsed:  20337.5  seconds
4650
2023-11-17 21:10:32
4700
2023-11-17 21:14:29
elapsed:  20813.6  seconds
4750
2023-11-17 21:18:28
4800
2023-11-17 21:22:24
elapsed:  21289.1  seconds
4850
2023-11-17 21:26:24
/projects/muyang@colostate.edu/software/anaconda/envs/alpine_MCMC/lib/python3.11/site-packages/numpy/lib/function_base.py:2412: RuntimeWarning: divide by zero encountered in func (vectorized)
  outputs = ufunc(*inputs)
/projects/muyang@colostate.edu/software/anaconda/envs/alpine_MCMC/lib/python3.11/site-packages/numpy/lib/function_base.py:2412: RuntimeWarning: invalid value encountered in func (vectorized)
  outputs = ufunc(*inputs)
4900
2023-11-17 21:30:22
elapsed:  21766.2  seconds
4950
2023-11-17 21:34:19
/projects/muyang@colostate.edu/software/anaconda/envs/alpine_MCMC/lib/python3.11/site-packages/numpy/lib/function_base.py:2412: RuntimeWarning: divide by zero encountered in func (vectorized)
  outputs = ufunc(*inputs)
/projects/muyang@colostate.edu/software/anaconda/envs/alpine_MCMC/lib/python3.11/site-packages/numpy/lib/function_base.py:2412: RuntimeWarning: invalid value encountered in func (vectorized)
  outputs = ufunc(*inputs)
/projects/muyang@colostate.edu/software/anaconda/envs/alpine_MCMC/lib/python3.11/site-packages/numpy/lib/function_base.py:2412: RuntimeWarning: divide by zero encountered in func (vectorized)
  outputs = ufunc(*inputs)
/projects/muyang@colostate.edu/software/anaconda/envs/alpine_MCMC/lib/python3.11/site-packages/numpy/lib/function_base.py:2412: RuntimeWarning: invalid value encountered in func (vectorized)
  outputs = ufunc(*inputs)
5000
2023-11-17 21:38:16
elapsed:  22240.5  seconds
/projects/muyang@colostate.edu/software/anaconda/envs/alpine_MCMC/lib/python3.11/site-packages/numpy/lib/function_base.py:2412: RuntimeWarning: divide by zero encountered in func (vectorized)
  outputs = ufunc(*inputs)
/projects/muyang@colostate.edu/software/anaconda/envs/alpine_MCMC/lib/python3.11/site-packages/numpy/lib/function_base.py:2412: RuntimeWarning: invalid value encountered in func (vectorized)
  outputs = ufunc(*inputs)
5050
2023-11-17 21:42:14
5100
2023-11-17 21:46:11
elapsed:  22716.1  seconds
5150
2023-11-17 21:50:08
5200
2023-11-17 21:54:02
elapsed:  23186.4  seconds
5250
2023-11-17 21:57:50
5300
2023-11-17 22:01:41
elapsed:  23646.1  seconds
5350
2023-11-17 22:05:35
5400
2023-11-17 22:09:29
elapsed:  24113.2  seconds
/projects/muyang@colostate.edu/software/anaconda/envs/alpine_MCMC/lib/python3.11/site-packages/numpy/lib/function_base.py:2412: RuntimeWarning: divide by zero encountered in func (vectorized)
  outputs = ufunc(*inputs)
/projects/muyang@colostate.edu/software/anaconda/envs/alpine_MCMC/lib/python3.11/site-packages/numpy/lib/function_base.py:2412: RuntimeWarning: invalid value encountered in func (vectorized)
  outputs = ufunc(*inputs)
/projects/muyang@colostate.edu/software/anaconda/envs/alpine_MCMC/lib/python3.11/site-packages/numpy/lib/function_base.py:2412: RuntimeWarning: divide by zero encountered in func (vectorized)
  outputs = ufunc(*inputs)
/projects/muyang@colostate.edu/software/anaconda/envs/alpine_MCMC/lib/python3.11/site-packages/numpy/lib/function_base.py:2412: RuntimeWarning: invalid value encountered in func (vectorized)
  outputs = ufunc(*inputs)
/projects/muyang@colostate.edu/software/anaconda/envs/alpine_MCMC/lib/python3.11/site-packages/numpy/lib/function_base.py:2412: RuntimeWarning: divide by zero encountered in func (vectorized)
  outputs = ufunc(*inputs)
/projects/muyang@colostate.edu/software/anaconda/envs/alpine_MCMC/lib/python3.11/site-packages/numpy/lib/function_base.py:2412: RuntimeWarning: invalid value encountered in func (vectorized)
  outputs = ufunc(*inputs)
5450
2023-11-17 22:13:25
5500
2023-11-17 22:17:21
elapsed:  24586.0  seconds
5550
2023-11-17 22:21:19
5600
2023-11-17 22:25:17
elapsed:  25061.2  seconds
5650
2023-11-17 22:29:14
5700
2023-11-17 22:33:10
elapsed:  25534.4  seconds
5750
2023-11-17 22:37:09
5800
2023-11-17 22:41:04
elapsed:  26008.5  seconds
5850
2023-11-17 22:45:01
5900
2023-11-17 22:48:58
elapsed:  26482.1  seconds
5950
2023-11-17 22:52:56
6000
2023-11-17 22:56:49
elapsed:  26954.0  seconds
6050
2023-11-17 23:00:45
6100
2023-11-17 23:04:40
elapsed:  27424.5  seconds
6150
2023-11-17 23:08:39
6200
2023-11-17 23:12:37
elapsed:  27901.4  seconds
6250
2023-11-17 23:16:35
6300
2023-11-17 23:20:32
elapsed:  28376.5  seconds
6350
2023-11-17 23:24:30
6400
2023-11-17 23:28:28
elapsed:  28852.4  seconds
6450
2023-11-17 23:32:26
6500
2023-11-17 23:36:22
elapsed:  29326.8  seconds
6550
2023-11-17 23:40:20
6600
2023-11-17 23:44:17
elapsed:  29801.5  seconds
6650
2023-11-17 23:48:16
6700
2023-11-17 23:52:14
elapsed:  30278.3  seconds
6750
2023-11-17 23:56:12
6800
2023-11-18 00:00:10
elapsed:  30754.3  seconds
6850
2023-11-18 00:04:10
6900
2023-11-18 00:08:07
elapsed:  31231.2  seconds
6950
2023-11-18 00:12:05
7000
2023-11-18 00:16:01
elapsed:  31705.8  seconds
7050
2023-11-18 00:19:59
/projects/muyang@colostate.edu/software/anaconda/envs/alpine_MCMC/lib/python3.11/site-packages/numpy/lib/function_base.py:2412: RuntimeWarning: divide by zero encountered in func (vectorized)
  outputs = ufunc(*inputs)
/projects/muyang@colostate.edu/software/anaconda/envs/alpine_MCMC/lib/python3.11/site-packages/numpy/lib/function_base.py:2412: RuntimeWarning: invalid value encountered in func (vectorized)
  outputs = ufunc(*inputs)
7100
2023-11-18 00:23:52
elapsed:  32176.8  seconds
7150
2023-11-18 00:27:52
7200
2023-11-18 00:31:49
elapsed:  32653.4  seconds
7250
2023-11-18 00:35:47
7300
2023-11-18 00:39:44
elapsed:  33128.7  seconds
7350
2023-11-18 00:43:43
7400
2023-11-18 00:47:39
elapsed:  33603.6  seconds
7450
2023-11-18 00:51:38
7500
2023-11-18 00:55:35
elapsed:  34079.1  seconds
7550
2023-11-18 00:59:32
7600
2023-11-18 01:03:26
elapsed:  34550.1  seconds
7650
2023-11-18 01:07:21
7700
2023-11-18 01:11:19
elapsed:  35023.4  seconds
7750
2023-11-18 01:15:17
/projects/muyang@colostate.edu/software/anaconda/envs/alpine_MCMC/lib/python3.11/site-packages/numpy/lib/function_base.py:2412: RuntimeWarning: divide by zero encountered in func (vectorized)
  outputs = ufunc(*inputs)
/projects/muyang@colostate.edu/software/anaconda/envs/alpine_MCMC/lib/python3.11/site-packages/numpy/lib/function_base.py:2412: RuntimeWarning: invalid value encountered in func (vectorized)
  outputs = ufunc(*inputs)
7800
2023-11-18 01:19:10
elapsed:  35494.5  seconds
7850
2023-11-18 01:23:04
7900
2023-11-18 01:26:56
elapsed:  35960.5  seconds
7950
2023-11-18 01:30:53
8000
2023-11-18 01:34:48
elapsed:  36432.8  seconds
8050
2023-11-18 01:38:43
8100
2023-11-18 01:42:39
elapsed:  36903.8  seconds
8150
2023-11-18 01:46:36
8200
2023-11-18 01:50:30
elapsed:  37375.0  seconds
8250
2023-11-18 01:54:27
8300
2023-11-18 01:58:23
elapsed:  37847.6  seconds
/projects/muyang@colostate.edu/software/anaconda/envs/alpine_MCMC/lib/python3.11/site-packages/numpy/lib/function_base.py:2412: RuntimeWarning: divide by zero encountered in func (vectorized)
  outputs = ufunc(*inputs)
/projects/muyang@colostate.edu/software/anaconda/envs/alpine_MCMC/lib/python3.11/site-packages/numpy/lib/function_base.py:2412: RuntimeWarning: invalid value encountered in func (vectorized)
  outputs = ufunc(*inputs)
8350
2023-11-18 02:02:22
8400
2023-11-18 02:06:18
elapsed:  38322.2  seconds
8450
2023-11-18 02:10:15
8500
2023-11-18 02:14:09
elapsed:  38794.0  seconds
/projects/muyang@colostate.edu/software/anaconda/envs/alpine_MCMC/lib/python3.11/site-packages/numpy/lib/function_base.py:2412: RuntimeWarning: divide by zero encountered in func (vectorized)
  outputs = ufunc(*inputs)
/projects/muyang@colostate.edu/software/anaconda/envs/alpine_MCMC/lib/python3.11/site-packages/numpy/lib/function_base.py:2412: RuntimeWarning: invalid value encountered in func (vectorized)
  outputs = ufunc(*inputs)
8550
2023-11-18 02:18:08
8600
2023-11-18 02:22:06
elapsed:  39270.2  seconds
8650
2023-11-18 02:26:02
8700
2023-11-18 02:29:59
elapsed:  39743.5  seconds
/projects/muyang@colostate.edu/software/anaconda/envs/alpine_MCMC/lib/python3.11/site-packages/numpy/lib/function_base.py:2412: RuntimeWarning: divide by zero encountered in func (vectorized)
  outputs = ufunc(*inputs)
/projects/muyang@colostate.edu/software/anaconda/envs/alpine_MCMC/lib/python3.11/site-packages/numpy/lib/function_base.py:2412: RuntimeWarning: invalid value encountered in func (vectorized)
  outputs = ufunc(*inputs)
8750
2023-11-18 02:33:57
8800
2023-11-18 02:37:54
elapsed:  40218.3  seconds
8850
2023-11-18 02:41:51
8900
2023-11-18 02:45:47
elapsed:  40691.6  seconds
8950
2023-11-18 02:49:42
9000
2023-11-18 02:53:36
elapsed:  41160.9  seconds
9050
2023-11-18 02:57:35
9100
2023-11-18 03:01:33
elapsed:  41637.2  seconds
/projects/muyang@colostate.edu/software/anaconda/envs/alpine_MCMC/lib/python3.11/site-packages/numpy/lib/function_base.py:2412: RuntimeWarning: divide by zero encountered in func (vectorized)
  outputs = ufunc(*inputs)
/projects/muyang@colostate.edu/software/anaconda/envs/alpine_MCMC/lib/python3.11/site-packages/numpy/lib/function_base.py:2412: RuntimeWarning: invalid value encountered in func (vectorized)
  outputs = ufunc(*inputs)
9150
2023-11-18 03:05:30
9200
2023-11-18 03:09:27
elapsed:  42111.3  seconds
9250
2023-11-18 03:13:26
9300
2023-11-18 03:17:24
elapsed:  42588.6  seconds
9350
2023-11-18 03:21:22
9400
2023-11-18 03:25:18
elapsed:  43062.5  seconds
9450
2023-11-18 03:29:15
9500
2023-11-18 03:33:05
elapsed:  43530.1  seconds
9550
2023-11-18 03:37:01
9600
2023-11-18 03:40:58
elapsed:  44002.3  seconds
9650
2023-11-18 03:44:52
9700
2023-11-18 03:48:45
elapsed:  44469.2  seconds
9750
2023-11-18 03:52:42
9800
2023-11-18 03:56:35
elapsed:  44939.7  seconds
9850
2023-11-18 04:00:29
9900
2023-11-18 04:04:24
elapsed:  45408.3  seconds
/projects/muyang@colostate.edu/software/anaconda/envs/alpine_MCMC/lib/python3.11/site-packages/numpy/lib/function_base.py:2412: RuntimeWarning: divide by zero encountered in func (vectorized)
  outputs = ufunc(*inputs)
/projects/muyang@colostate.edu/software/anaconda/envs/alpine_MCMC/lib/python3.11/site-packages/numpy/lib/function_base.py:2412: RuntimeWarning: invalid value encountered in func (vectorized)
  outputs = ufunc(*inputs)
9950
2023-11-18 04:08:18
/projects/muyang@colostate.edu/software/anaconda/envs/alpine_MCMC/lib/python3.11/site-packages/numpy/lib/function_base.py:2412: RuntimeWarning: divide by zero encountered in func (vectorized)
  outputs = ufunc(*inputs)
/projects/muyang@colostate.edu/software/anaconda/envs/alpine_MCMC/lib/python3.11/site-packages/numpy/lib/function_base.py:2412: RuntimeWarning: invalid value encountered in func (vectorized)
  outputs = ufunc(*inputs)
elapsed:  45873.1  seconds
total time:  45880.1  seconds
true R:  [[2.46658071e-01 2.01724891e+00 1.46704253e-01 9.39839451e-01
  6.85071029e-01 1.22433519e+01 4.07631949e+01 4.54081739e-01
  3.79886117e+01 3.66914513e+01 5.50566756e-01 1.58165215e+01
  2.58325952e+01 2.10166169e+00 1.22847609e-01 1.07359971e+00
  1.40648787e+01 1.60031423e+00 4.32055774e-01 3.00967384e-01
  7.97569050e+00 1.51175555e-01 4.39838425e-01 2.20808822e-01
  1.98489151e+00 2.41956870e+00 1.26952699e+01 7.28305915e+00
  2.67351059e-01 8.76604010e-01 4.67500039e+02 3.43390420e-01
  4.43740361e-01 4.30555082e-01 9.00690121e+00 6.80706871e-01
  4.25233570e+00 6.97378922e-01 2.35502667e-01 1.53446624e+02
  1.44261059e-01 3.77905050e+00 6.98650004e-01 1.93886106e+00
  1.41761380e+00 1.20036675e+00 1.11272253e+00 1.58250486e+01
  1.35816361e+00 8.07577549e-01 3.11612138e+02 3.50451989e-01
  4.03076477e-01 8.84091744e+00 1.21729486e+00 6.33285371e-01
  1.49367522e-01 1.66782523e-01 2.52620015e-01 9.62684114e-01
  1.39552814e-01 8.44008523e+01 4.73220136e+01 8.23366976e-01]
 [1.35750814e-01 8.67386169e-02 2.03511335e-01 5.15329092e+01
  1.21361422e+01 7.02428147e-01 3.63844900e-01 2.79238883e+02
  1.74496990e-01 5.86472063e+00 2.01758738e-01 1.07181857e+00
  2.56805689e+01 1.16940569e+00 2.03138349e+01 3.11868930e+00
  2.67887995e+00 7.52524099e-01 3.28390536e+00 6.19862770e+00
  4.01760990e-01 1.89893925e+00 4.21955087e-01 4.98636644e+01
  2.46855672e-01 1.37230464e+01 1.36209734e+00 4.54408284e-02
  9.43353918e+01 4.72116654e+01 4.79871688e+01 5.87466138e+00
  1.39551736e+00 1.79332789e+01 8.00338471e-01 9.79604982e+01
  3.14616072e-01 2.75845570e+00 3.90571657e+00 6.30978506e+00
  4.60105115e-01 2.42622138e+00 2.13498018e+02 5.68594444e+01
  1.09639119e-01 1.09451882e+00 3.48913357e-01 1.04450017e+00
  5.35870659e+00 9.47055996e+00 8.90827271e+00 2.42996667e+00
  9.16817115e+00 2.54882079e+01 1.03906499e+00 2.17425402e-01
  3.82832259e-01 1.10804262e+00 3.78078262e+01 1.03908888e+04
  1.57292948e-01 5.48146221e+00 1.01873782e+01 2.35480755e+01]
 [6.21176158e+00 2.13842442e-01 8.32621764e-01 9.51253240e-01
  2.66967304e+01 1.03236355e+01 1.44987255e+02 5.74291110e-01
  9.48901197e+00 9.00742899e-01 3.75834125e+00 1.36138582e+00
  1.91265079e-01 3.61589768e-01 5.36988308e-01 2.37565947e+01
  8.11098399e-01 3.07772860e+00 1.98463251e-01 4.60180319e+00
  2.81043553e-01 8.82492346e+01 1.36470399e+00 9.47636177e-01
  1.38468666e-01 2.53807465e+02 2.57044391e+00 6.93605047e-01
  3.79976187e+01 2.33811275e-01 2.75838926e-01 1.47832598e-01
  3.65764865e-01 4.56640023e-01 1.52449684e-01 6.56517207e-01
  6.49388672e-01 2.39946579e+00 1.66748497e+01 1.84174579e-01
  1.83343713e+03 3.80015199e+00 1.96691672e+01 1.09344369e-01
  4.36180057e+01 3.96678341e-01 1.01792125e+02 1.58070909e+00
  5.98901362e+00 7.40658607e+00 5.13486724e+00 7.87692055e-01
  1.05500455e-01 2.97391566e-01 2.98120380e+00 7.12451182e+00
  1.94169448e+00 1.37235716e+00 2.74647535e+00 2.41057627e+01
  2.89713068e-01 1.57294504e-01 1.35598929e+00 2.19418005e+01]
 [5.73849201e-01 9.48041775e-01 1.77424399e-01 6.70221999e-01
  8.35674909e-01 9.20688810e-01 6.60968710e-01 3.56357100e-01
  4.98186369e-01 1.38380720e+00 2.08554604e-01 3.85242749e-01
  1.59030928e-01 9.26622906e-01 7.53930978e-02 6.21839651e-01
  1.79148656e+00 2.05786268e+01 1.36170653e+00 2.29615019e+02
  2.79841240e+03 1.95759602e+00 2.82244876e+00 2.74559287e-01
  2.78312900e+00 1.29375463e-01 9.13760026e+01 2.54783316e+00
  2.64600542e+00 3.83479700e-01 7.96333522e-01 2.07514955e-01
  3.51959510e-01 7.68277871e+00 7.08141081e+01 1.41329680e+01
  2.03949073e-01 2.05104321e+00 7.60446032e+00 3.22856548e-01
  1.32254592e+00 4.36268103e-01 1.07485773e+01 1.16346349e-01
  3.49524998e-01 5.15470152e+00 5.55073225e+00 1.49881299e+00
  2.94490988e+00 2.36549279e+00 4.62087946e-01 1.97866139e+00
  2.54612430e-01 2.53715477e-01 4.05947394e-01 3.79583535e+00
  1.98105699e-01 1.81811050e-01 7.19590538e-01 6.48441924e-01
  1.39697461e+00 3.23933715e-01 5.47007702e+00 8.63445543e-01]
 [2.26952714e+00 3.92671239e+00 6.18327005e+00 8.06188126e-01
  3.19492662e+00 1.61084084e+01 1.27237734e-01 8.20338113e-01
  3.68979152e+00 5.91176716e+00 1.00632450e+01 4.92583081e-01
  3.11310625e+00 9.02306052e-02 6.43022919e-01 1.41822691e+00
  1.60261300e+00 1.06368251e+00 2.76776490e+00 7.95989355e-01
  1.22016811e+01 1.55947400e-01 8.71786144e-02 3.26766191e-01
  8.79429805e-02 3.16028531e+00 5.87928608e-01 1.05377912e-01
  3.35594238e-01 3.23298545e-01 8.87430286e+02 6.03304046e-02
  2.13172405e+00 1.62076175e+00 2.69016534e-01 6.71234905e-01
  4.09976620e+01 6.39145024e-02 1.46003602e+01 2.68861398e+00
  1.95809915e-01 2.93247793e+01 2.15404934e+00 2.37511104e-01
  1.80201489e+00 1.19924097e+00 9.93920770e-01 5.68772993e+00
  9.98591077e+00 1.87898037e-01 5.58965942e-01 4.17230405e-01
  1.37913468e+00 7.59548850e-01 1.19422479e+01 1.58953312e+00
  5.57557052e-01 1.11782694e+01 1.82936605e+01 2.30925994e-01
  2.56655739e+00 2.66346303e+01 1.23585434e+01 8.21705913e+01]
 [5.27170724e+00 1.69995992e+00 5.57883811e+00 9.36120558e+04
  8.55765456e-01 1.40052554e+01 4.11772879e+00 9.71401757e+00
  4.67977015e-01 6.85378405e-01 4.45288346e+01 5.64489030e+01
  1.02386876e+00 5.67803932e+00 8.22272862e-01 2.17035919e+00
  9.78882519e+01 8.01361304e-01 1.82499575e-01 2.60078696e+01
  2.03745031e-01 2.82988211e+02 1.47413744e+00 2.53758233e-01
  5.05282022e-01 1.52417707e+03 8.57306312e-01 7.41273587e-01
  4.97036888e-01 1.22670071e+00 4.43518458e-01 1.76684455e-01
  4.40581912e+01 4.74008905e+00 4.33635078e+01 3.15069095e-01
  2.56742237e-01 5.88410328e-01 8.31203523e+00 3.58507998e+01
  5.06218870e-01 4.93883349e+00 7.26672886e-01 4.52789517e-01
  3.13710467e-01 8.28702922e-01 1.44664692e+00 7.57245543e-01
  3.38134418e-01 1.41158227e-01 1.09445482e+02 5.62935184e-01
  6.28796494e+00 1.27376419e+01 2.46539336e+04 5.09518242e-01
  1.01100918e+00 7.40227120e-01 2.61238501e-01 9.41458788e-01
  1.19124130e+01 3.30169662e-01 5.73106967e+00 1.11792271e+02]
 [2.73455644e-01 1.28534710e+00 1.04024479e+00 4.50283186e-01
  3.07329114e+01 6.70062247e-01 1.66793964e+00 1.15844633e-01
  1.20632365e+01 3.43976689e+01 6.52076045e-01 4.51530015e+01
  1.24496250e-01 3.15064930e-01 7.78670822e+00 3.56928292e+00
  9.90281544e-01 1.00029873e+01 3.16577503e-01 9.21151078e+01
  3.50188132e-01 6.15589814e+01 3.25526763e-01 1.89335138e+01
  1.21186897e+00 1.77650355e+02 2.58966037e+02 7.24210897e-01
  3.88745042e+03 1.11213491e-01 1.19897721e+00 4.01197678e-01
  5.99466805e-01 5.45049581e-01 8.23825596e+00 3.36336941e+00
  3.73512170e+00 1.56175477e-01 1.15215335e+01 9.15659761e-01
  5.16524557e+00 9.77167113e-01 1.71250042e+01 1.94519386e-01
  5.81972306e+00 2.97095757e+01 5.67685263e-01 7.04485187e-01
  6.63787780e+01 3.40166304e-01 2.80233219e+00 3.69767384e-01
  2.43644378e+00 2.40039128e-01 2.36993705e+00 1.00449452e+00
  3.21615491e-01 6.63989665e+01 1.98923040e+03 2.16263228e+01
  6.25169521e-01 7.05879842e-01 1.09043232e+00 6.17600844e+00]
 [3.74082183e+01 7.13226310e-01 4.45856099e+03 1.89616701e-01
  6.51916891e-01 6.05370900e-01 5.30961552e-01 9.99130782e-01
  1.18681829e-01 1.70364283e+01 1.20560113e-01 8.01775438e-01
  1.00172526e+00 2.64445328e-01 2.40644866e+00 9.12531013e+01
  4.86483012e+00 3.16905449e-01 7.72047391e-01 1.63961214e+00
  7.01292100e-01 9.23398971e+00 7.32715489e-01 5.64524442e+01
  6.39365548e-01 7.89025053e+02 8.87817974e-02 8.15967959e-02
  1.98482347e-01 9.46097535e-01 1.15382851e+03 6.11365731e-01
  1.46206784e-01 7.82080457e-02 2.95036829e+01 1.41893964e+00
  2.34700286e+00 1.91994127e-01 1.10329439e-01 2.61470177e-01
  2.41173273e+00 9.20865638e-01 1.70909179e-01 3.04936272e-01
  8.57104486e+00 3.77945951e+01 2.74033410e+02 1.03288568e-01
  1.27394401e+00 5.73045013e-01 5.00119278e-01 3.87379843e-01
  1.12986821e+00 1.29735790e+00 2.63322505e+00 2.43492902e+01
  4.55753116e-01 2.22522386e+00 6.49734586e+00 5.38746072e-01
  4.40086890e+00 1.79098073e+00 3.97427819e-01 7.45206016e-01]
 [1.00274515e+01 8.11268065e-01 1.80653303e-01 4.52200407e+00
  8.96697232e+01 5.55704587e-01 9.83790335e-02 4.51206357e-01
  3.59408550e-01 6.13626689e-01 1.60585839e+01 2.00288778e+00
  1.05163492e+00 1.87381904e+00 7.17654408e-01 1.91530825e-01
  1.28151850e+00 1.40730902e+00 7.45721282e+01 3.85727938e-01
  2.86807471e+01 1.31197169e+00 2.03497519e+00 5.62567531e-01
  3.99393750e+01 4.54910455e+01 1.68110796e+00 3.62924510e-01
  3.87963315e-01 1.25041988e+00 7.87071406e-01 2.24094442e-01
  3.43799506e+00 3.63060458e+00 7.06280204e+00 6.09081459e+00
  2.96179671e+00 1.55916397e-01 9.35580034e-01 2.57929612e-01
  1.44289859e-01 1.24911381e+00 2.78724348e+00 2.34334238e-01
  3.85781804e-01 1.80230312e-01 7.37226489e-01 1.97815901e+00
  1.34538069e-01 1.90303325e+00 1.97085111e+00 6.39390835e+02
  9.00084759e-01 3.85208474e+00 1.47291626e+00 8.66505262e-02
  1.40739096e-01 5.70127741e+00 5.96903184e-01 4.08916396e-01
  4.03860222e-01 1.32081432e+03 7.07124874e-01 1.16352121e+00]
 [3.67050414e+00 3.49883303e-01 3.36399950e+00 1.39490514e+00
  7.80635014e-01 2.35546576e+00 5.59798316e-01 1.55016734e+01
  1.98715114e+01 1.32824148e+00 7.61224897e+01 4.95548550e-01
  4.53659785e+01 1.23944640e-01 4.58742709e-01 1.08480901e+00
  1.84103675e-01 2.08248075e-01 2.44256132e-01 2.08042847e-01
  1.62918883e+01 8.40408289e-01 6.30030691e-01 1.07935692e+01
  5.94941307e-01 1.85064468e+01 3.83626304e+01 1.23359389e+00
  3.89499873e+00 2.63264375e+02 2.24018491e+00 1.00318922e+01
  1.55828143e-01 9.67837085e+02 1.83001627e+03 1.05798122e+01
  2.07298068e-01 1.18706272e-01 6.37128813e-01 5.90568931e+00
  6.12508441e-01 6.42780857e+00 4.98768553e+00 2.87384145e+00
  4.81188701e+00 2.03844388e-01 3.70834785e-01 7.44866191e-01
  1.61731799e-01 5.41993482e-01 2.64527841e+00 9.98501313e-01
  2.87578486e-01 2.70062814e-01 9.23265823e-01 7.30247148e-01
  4.89812760e+00 3.48285707e+00 4.35739426e+00 9.05711619e-02
  2.23314291e+02 2.31246296e-01 9.75096122e-01 2.66493032e-01]]
