1
10
2023-10-25 11:40:02
20
2023-10-25 11:40:44
30
2023-10-25 11:41:28
40
2023-10-25 11:42:11
50
2023-10-25 11:42:53
60
2023-10-25 11:43:36
70
2023-10-25 11:44:22
80
2023-10-25 11:45:08
90
2023-10-25 11:45:51
100
2023-10-25 11:46:32
elapsed:  431.3  seconds
110
2023-10-25 11:47:23
120
2023-10-25 11:48:10
130
2023-10-25 11:49:00
140
2023-10-25 11:49:51
150
2023-10-25 11:50:40
160
2023-10-25 11:51:33
170
2023-10-25 11:52:24
180
2023-10-25 11:53:18
190
2023-10-25 11:54:14
200
2023-10-25 11:54:59
elapsed:  937.6  seconds
210
2023-10-25 11:55:44
220
2023-10-25 11:56:31
230
2023-10-25 11:57:22
240
2023-10-25 11:58:13
250
2023-10-25 11:59:03
260
2023-10-25 11:59:57
270
2023-10-25 12:00:46
280
2023-10-25 12:01:40
290
2023-10-25 12:02:30
300
2023-10-25 12:03:26
elapsed:  1444.5  seconds
310
2023-10-25 12:04:22
320
2023-10-25 12:05:08
330
2023-10-25 12:06:02
340
2023-10-25 12:06:50
350
2023-10-25 12:07:41
360
2023-10-25 12:08:30
370
2023-10-25 12:09:24
380
2023-10-25 12:10:18
390
2023-10-25 12:11:17
400
2023-10-25 12:12:08
elapsed:  1967.1  seconds
410
2023-10-25 12:13:03
420
2023-10-25 12:13:54
430
2023-10-25 12:14:41
440
2023-10-25 12:15:46
450
2023-10-25 12:16:36
460
2023-10-25 12:17:30
470
2023-10-25 12:18:25
480
2023-10-25 12:19:18
490
2023-10-25 12:20:10
500
2023-10-25 12:20:59
elapsed:  2497.6  seconds
510
2023-10-25 12:21:51
520
2023-10-25 12:22:43
530
2023-10-25 12:23:37
540
2023-10-25 12:24:24
550
2023-10-25 12:25:08
560
2023-10-25 12:25:59
570
2023-10-25 12:26:57
580
2023-10-25 12:27:50
590
2023-10-25 12:28:40
600
2023-10-25 12:29:31
elapsed:  3010.0  seconds
610
2023-10-25 12:30:23
620
2023-10-25 12:31:08
630
2023-10-25 12:31:56
640
2023-10-25 12:32:49
650
2023-10-25 12:33:45
660
2023-10-25 12:34:39
670
2023-10-25 12:35:29
680
2023-10-25 12:36:20
690
2023-10-25 12:37:11
700
2023-10-25 12:38:03
elapsed:  3521.5  seconds
710
2023-10-25 12:38:56
720
2023-10-25 12:39:47
730
2023-10-25 12:40:41
740
2023-10-25 12:41:33
750
2023-10-25 12:42:26
760
2023-10-25 12:43:23
770
2023-10-25 12:44:14
780
2023-10-25 12:45:10
790
2023-10-25 12:46:03
800
2023-10-25 12:47:00
elapsed:  4059.3  seconds
810
2023-10-25 12:47:56
820
2023-10-25 12:48:51
830
2023-10-25 12:49:48
840
2023-10-25 12:50:39
850
2023-10-25 12:51:36
860
2023-10-25 12:52:34
870
2023-10-25 12:53:32
880
2023-10-25 12:54:24
890
2023-10-25 12:55:12
900
2023-10-25 12:56:07
elapsed:  4605.8  seconds
910
2023-10-25 12:57:00
920
2023-10-25 12:57:50
930
2023-10-25 12:58:41
940
2023-10-25 12:59:35
950
2023-10-25 13:00:35
960
2023-10-25 13:01:29
970
2023-10-25 13:02:22
980
2023-10-25 13:03:17
990
2023-10-25 13:04:11
1000
2023-10-25 13:05:07
elapsed:  5146.0  seconds
1010
2023-10-25 13:06:08
1020
2023-10-25 13:07:05
1030
2023-10-25 13:08:01
1040
2023-10-25 13:08:57
1050
2023-10-25 13:09:53
1060
2023-10-25 13:10:51
1070
2023-10-25 13:11:46
1080
2023-10-25 13:12:36
1090
2023-10-25 13:13:24
1100
2023-10-25 13:14:17
elapsed:  5695.7  seconds
1110
2023-10-25 13:15:18
1120
2023-10-25 13:16:16
1130
2023-10-25 13:17:14
1140
2023-10-25 13:18:05
1150
2023-10-25 13:18:53
1160
2023-10-25 13:19:45
1170
2023-10-25 13:20:34
1180
2023-10-25 13:21:27
1190
2023-10-25 13:22:25
1200
2023-10-25 13:23:20
elapsed:  6238.8  seconds
1210
2023-10-25 13:24:24
1220
2023-10-25 13:25:22
1230
2023-10-25 13:26:16
1240
2023-10-25 13:27:15
1250
2023-10-25 13:28:04
1260
2023-10-25 13:28:52
1270
2023-10-25 13:29:48
1280
2023-10-25 13:30:45
1290
2023-10-25 13:31:44
1300
2023-10-25 13:32:37
elapsed:  6795.9  seconds
1310
2023-10-25 13:33:34
1320
2023-10-25 13:34:30
1330
2023-10-25 13:35:29
1340
2023-10-25 13:36:30
1350
2023-10-25 13:37:30
1360
2023-10-25 13:38:25
1370
2023-10-25 13:39:19
1380
2023-10-25 13:40:09
1390
2023-10-25 13:41:07
1400
2023-10-25 13:42:00
elapsed:  7358.9  seconds
1410
2023-10-25 13:42:53
1420
2023-10-25 13:43:45
1430
2023-10-25 13:44:38
1440
2023-10-25 13:45:29
1450
2023-10-25 13:46:18
1460
2023-10-25 13:47:09
1470
2023-10-25 13:47:57
1480
2023-10-25 13:48:53
1490
2023-10-25 13:49:48
1500
2023-10-25 13:50:37
elapsed:  7875.5  seconds
1510
2023-10-25 13:51:30
1520
2023-10-25 13:52:23
1530
2023-10-25 13:53:13
1540
2023-10-25 13:54:06
1550
2023-10-25 13:54:57
1560
2023-10-25 13:55:47
1570
2023-10-25 13:56:35
1580
2023-10-25 13:57:23
1590
2023-10-25 13:58:08
1600
2023-10-25 13:59:01
elapsed:  8379.8  seconds
1610
2023-10-25 13:59:53
1620
2023-10-25 14:00:43
1630
2023-10-25 14:01:38
1640
2023-10-25 14:02:32
1650
2023-10-25 14:03:29
1660
2023-10-25 14:04:22
1670
2023-10-25 14:05:12
1680
2023-10-25 14:06:03
1690
2023-10-25 14:06:57
1700
2023-10-25 14:07:51
elapsed:  8909.9  seconds
1710
2023-10-25 14:08:48
1720
2023-10-25 14:09:38
1730
2023-10-25 14:10:28
1740
2023-10-25 14:11:31
1750
2023-10-25 14:12:24
1760
2023-10-25 14:13:25
1770
2023-10-25 14:14:18
1780
2023-10-25 14:15:14
1790
2023-10-25 14:16:07
1800
2023-10-25 14:16:59
elapsed:  9458.1  seconds
1810
2023-10-25 14:18:01
1820
2023-10-25 14:18:57
1830
2023-10-25 14:20:00
1840
2023-10-25 14:21:01
1850
2023-10-25 14:21:58
1860
2023-10-25 14:23:02
1870
2023-10-25 14:23:59
1880
2023-10-25 14:24:54
1890
2023-10-25 14:25:43
1900
2023-10-25 14:26:32
elapsed:  10030.7  seconds
1910
2023-10-25 14:27:32
1920
2023-10-25 14:28:25
1930
2023-10-25 14:29:17
1940
2023-10-25 14:30:16
1950
2023-10-25 14:31:17
1960
2023-10-25 14:32:14
1970
2023-10-25 14:33:06
1980
2023-10-25 14:33:57
1990
2023-10-25 14:34:55
2000
2023-10-25 14:35:52
elapsed:  10591.2  seconds
2010
2023-10-25 14:36:51
2020
2023-10-25 14:37:47
2030
2023-10-25 14:38:44
2040
2023-10-25 14:39:34
2050
2023-10-25 14:40:32
2060
2023-10-25 14:41:26
2070
2023-10-25 14:42:18
2080
2023-10-25 14:43:14
2090
2023-10-25 14:44:11
2100
2023-10-25 14:45:01
elapsed:  11139.9  seconds
2110
2023-10-25 14:45:57
2120
2023-10-25 14:46:49
2130
2023-10-25 14:47:49
2140
2023-10-25 14:48:38
2150
2023-10-25 14:49:27
2160
2023-10-25 14:50:12
2170
2023-10-25 14:51:02
2180
2023-10-25 14:52:01
2190
2023-10-25 14:52:50
2200
2023-10-25 14:53:47
elapsed:  11666.4  seconds
2210
2023-10-25 14:54:42
2220
2023-10-25 14:55:33
2230
2023-10-25 14:56:23
2240
2023-10-25 14:57:18
2250
2023-10-25 14:58:06
2260
2023-10-25 14:59:11
2270
2023-10-25 15:00:01
2280
2023-10-25 15:00:49
2290
2023-10-25 15:01:42
2300
2023-10-25 15:02:31
elapsed:  12189.8  seconds
2310
2023-10-25 15:03:29
2320
2023-10-25 15:04:17
2330
2023-10-25 15:05:12
2340
2023-10-25 15:06:06
2350
2023-10-25 15:07:02
2360
2023-10-25 15:07:59
2370
2023-10-25 15:08:59
2380
2023-10-25 15:09:52
2390
2023-10-25 15:10:58
2400
2023-10-25 15:12:01
elapsed:  12759.6  seconds
2410
2023-10-25 15:13:06
2420
2023-10-25 15:14:09
2430
2023-10-25 15:15:00
2440
2023-10-25 15:15:55
2450
2023-10-25 15:16:53
2460
2023-10-25 15:17:59
2470
2023-10-25 15:18:50
2480
2023-10-25 15:19:51
2490
2023-10-25 15:20:44
2500
2023-10-25 15:21:39
elapsed:  13337.5  seconds
2510
2023-10-25 15:22:33
2520
2023-10-25 15:23:32
2530
2023-10-25 15:24:28
2540
2023-10-25 15:25:25
2550
2023-10-25 15:26:22
2560
2023-10-25 15:27:18
2570
2023-10-25 15:28:20
2580
2023-10-25 15:29:15
2590
2023-10-25 15:30:06
2600
2023-10-25 15:31:02
elapsed:  13901.2  seconds
2610
2023-10-25 15:32:05
2620
2023-10-25 15:33:02
2630
2023-10-25 15:33:55
2640
2023-10-25 15:34:48
2650
2023-10-25 15:35:37
2660
2023-10-25 15:36:30
2670
2023-10-25 15:37:31
2680
2023-10-25 15:38:38
2690
2023-10-25 15:39:33
2700
2023-10-25 15:40:29
elapsed:  14468.2  seconds
2710
2023-10-25 15:41:26
2720
2023-10-25 15:42:26
2730
2023-10-25 15:43:21
2740
2023-10-25 15:44:23
2750
2023-10-25 15:45:22
2760
2023-10-25 15:46:25
2770
2023-10-25 15:47:28
2780
2023-10-25 15:48:28
2790
2023-10-25 15:49:26
2800
2023-10-25 15:50:21
elapsed:  15059.8  seconds
2810
2023-10-25 15:51:19
2820
2023-10-25 15:52:15
2830
2023-10-25 15:53:15
2840
2023-10-25 15:54:15
2850
2023-10-25 15:55:10
2860
2023-10-25 15:56:12
2870
2023-10-25 15:56:58
2880
2023-10-25 15:57:44
2890
2023-10-25 15:58:46
2900
2023-10-25 15:59:39
elapsed:  15617.4  seconds
2910
2023-10-25 16:00:34
2920
2023-10-25 16:01:26
2930
2023-10-25 16:02:19
2940
2023-10-25 16:03:11
2950
2023-10-25 16:04:04
2960
2023-10-25 16:05:02
2970
2023-10-25 16:05:52
2980
2023-10-25 16:06:47
2990
2023-10-25 16:07:39
3000
2023-10-25 16:08:33
elapsed:  16152.1  seconds
3010
2023-10-25 16:09:23
3020
2023-10-25 16:10:09
3030
2023-10-25 16:10:50
3040
2023-10-25 16:11:33
3050
2023-10-25 16:12:11
3060
2023-10-25 16:12:54
3070
2023-10-25 16:13:47
3080
2023-10-25 16:14:38
3090
2023-10-25 16:15:28
3100
2023-10-25 16:16:13
elapsed:  16611.9  seconds
3110
2023-10-25 16:17:08
3120
2023-10-25 16:17:52
3130
2023-10-25 16:18:37
3140
2023-10-25 16:19:22
3150
2023-10-25 16:20:00
3160
2023-10-25 16:20:39
3170
2023-10-25 16:21:15
3180
2023-10-25 16:21:58
3190
2023-10-25 16:22:43
3200
2023-10-25 16:23:29
elapsed:  17048.0  seconds
3210
2023-10-25 16:24:12
3220
2023-10-25 16:24:50
3230
2023-10-25 16:25:42
3240
2023-10-25 16:26:41
3250
2023-10-25 16:27:32
3260
2023-10-25 16:28:16
3270
2023-10-25 16:29:01
3280
2023-10-25 16:29:48
3290
2023-10-25 16:30:43
3300
2023-10-25 16:31:32
elapsed:  17531.1  seconds
3310
2023-10-25 16:32:18
3320
2023-10-25 16:33:04
3330
2023-10-25 16:34:05
3340
2023-10-25 16:34:53
3350
2023-10-25 16:35:52
3360
2023-10-25 16:36:45
3370
2023-10-25 16:37:48
3380
2023-10-25 16:38:46
3390
2023-10-25 16:39:35
3400
2023-10-25 16:40:26
elapsed:  18064.5  seconds
3410
2023-10-25 16:41:22
3420
2023-10-25 16:42:14
3430
2023-10-25 16:43:08
3440
2023-10-25 16:44:02
3450
2023-10-25 16:44:58
/projects/muyang@colostate.edu/software/anaconda/envs/testenv/lib/python3.11/site-packages/numpy/lib/function_base.py:2455: RuntimeWarning: divide by zero encountered in func (vectorized)
  outputs = ufunc(*inputs)
/projects/muyang@colostate.edu/software/anaconda/envs/testenv/lib/python3.11/site-packages/numpy/lib/function_base.py:2455: RuntimeWarning: invalid value encountered in func (vectorized)
  outputs = ufunc(*inputs)
3460
2023-10-25 16:45:57
3470
2023-10-25 16:46:54
3480
2023-10-25 16:47:53
3490
2023-10-25 16:48:50
3500
2023-10-25 16:49:54
elapsed:  18632.9  seconds
3510
2023-10-25 16:50:59
3520
2023-10-25 16:51:58
3530
2023-10-25 16:52:57
3540
2023-10-25 16:54:00
3550
2023-10-25 16:54:59
3560
2023-10-25 16:56:01
3570
2023-10-25 16:57:14
3580
2023-10-25 16:58:06
3590
2023-10-25 16:59:01
3600
2023-10-25 16:59:57
elapsed:  19236.2  seconds
3610
2023-10-25 17:01:01
3620
2023-10-25 17:01:57
3630
2023-10-25 17:02:55
/projects/muyang@colostate.edu/software/anaconda/envs/testenv/lib/python3.11/site-packages/numpy/lib/function_base.py:2455: RuntimeWarning: divide by zero encountered in func (vectorized)
  outputs = ufunc(*inputs)
/projects/muyang@colostate.edu/software/anaconda/envs/testenv/lib/python3.11/site-packages/numpy/lib/function_base.py:2455: RuntimeWarning: invalid value encountered in func (vectorized)
  outputs = ufunc(*inputs)
3640
2023-10-25 17:03:46
3650
2023-10-25 17:04:47
3660
2023-10-25 17:05:43
3670
2023-10-25 17:06:34
3680
2023-10-25 17:07:30
3690
2023-10-25 17:08:25
3700
2023-10-25 17:09:22
elapsed:  19801.1  seconds
/projects/muyang@colostate.edu/software/anaconda/envs/testenv/lib/python3.11/site-packages/numpy/lib/function_base.py:2455: RuntimeWarning: divide by zero encountered in func (vectorized)
  outputs = ufunc(*inputs)
/projects/muyang@colostate.edu/software/anaconda/envs/testenv/lib/python3.11/site-packages/numpy/lib/function_base.py:2455: RuntimeWarning: invalid value encountered in func (vectorized)
  outputs = ufunc(*inputs)
3710
2023-10-25 17:10:14
3720
2023-10-25 17:11:07
3730
2023-10-25 17:11:53
3740
2023-10-25 17:12:54
3750
2023-10-25 17:13:49
/projects/muyang@colostate.edu/software/anaconda/envs/testenv/lib/python3.11/site-packages/numpy/lib/function_base.py:2455: RuntimeWarning: divide by zero encountered in func (vectorized)
  outputs = ufunc(*inputs)
/projects/muyang@colostate.edu/software/anaconda/envs/testenv/lib/python3.11/site-packages/numpy/lib/function_base.py:2455: RuntimeWarning: invalid value encountered in func (vectorized)
  outputs = ufunc(*inputs)
3760
2023-10-25 17:14:45
3770
2023-10-25 17:15:41
3780
2023-10-25 17:16:45
3790
2023-10-25 17:17:58
3800
2023-10-25 17:19:05
elapsed:  20383.8  seconds
/projects/muyang@colostate.edu/software/anaconda/envs/testenv/lib/python3.11/site-packages/numpy/lib/function_base.py:2455: RuntimeWarning: divide by zero encountered in func (vectorized)
  outputs = ufunc(*inputs)
/projects/muyang@colostate.edu/software/anaconda/envs/testenv/lib/python3.11/site-packages/numpy/lib/function_base.py:2455: RuntimeWarning: invalid value encountered in func (vectorized)
  outputs = ufunc(*inputs)
3810
2023-10-25 17:20:07
3820
2023-10-25 17:21:05
3830
2023-10-25 17:21:59
3840
2023-10-25 17:22:57
3850
2023-10-25 17:23:52
3860
2023-10-25 17:24:40
3870
2023-10-25 17:25:29
3880
2023-10-25 17:26:27
3890
2023-10-25 17:27:30
3900
2023-10-25 17:28:35
elapsed:  20953.9  seconds
3910
2023-10-25 17:29:35
3920
2023-10-25 17:30:26
3930
2023-10-25 17:31:20
3940
2023-10-25 17:32:15
3950
2023-10-25 17:33:17
3960
2023-10-25 17:34:11
3970
2023-10-25 17:34:56
/projects/muyang@colostate.edu/software/anaconda/envs/testenv/lib/python3.11/site-packages/numpy/lib/function_base.py:2455: RuntimeWarning: divide by zero encountered in func (vectorized)
  outputs = ufunc(*inputs)
/projects/muyang@colostate.edu/software/anaconda/envs/testenv/lib/python3.11/site-packages/numpy/lib/function_base.py:2455: RuntimeWarning: invalid value encountered in func (vectorized)
  outputs = ufunc(*inputs)
3980
2023-10-25 17:35:50
3990
2023-10-25 17:36:38
4000
2023-10-25 17:37:30
elapsed:  21489.0  seconds
4010
2023-10-25 17:38:30
4020
2023-10-25 17:39:26
4030
2023-10-25 17:40:17
4040
2023-10-25 17:41:15
4050
2023-10-25 17:42:01
4060
2023-10-25 17:42:45
4070
2023-10-25 17:43:38
4080
2023-10-25 17:44:31
4090
2023-10-25 17:45:26
4100
2023-10-25 17:46:20
elapsed:  22019.2  seconds
4110
2023-10-25 17:47:17
4120
2023-10-25 17:48:18
4130
2023-10-25 17:49:19
/projects/muyang@colostate.edu/software/anaconda/envs/testenv/lib/python3.11/site-packages/numpy/lib/function_base.py:2455: RuntimeWarning: divide by zero encountered in func (vectorized)
  outputs = ufunc(*inputs)
/projects/muyang@colostate.edu/software/anaconda/envs/testenv/lib/python3.11/site-packages/numpy/lib/function_base.py:2455: RuntimeWarning: invalid value encountered in func (vectorized)
  outputs = ufunc(*inputs)
4140
2023-10-25 17:50:20
4150
2023-10-25 17:51:19
4160
2023-10-25 17:52:14
4170
2023-10-25 17:53:16
4180
2023-10-25 17:54:20
4190
2023-10-25 17:55:17
4200
2023-10-25 17:56:15
elapsed:  22613.5  seconds
4210
2023-10-25 17:57:09
4220
2023-10-25 17:57:58
4230
2023-10-25 17:59:05
/projects/muyang@colostate.edu/software/anaconda/envs/testenv/lib/python3.11/site-packages/numpy/lib/function_base.py:2455: RuntimeWarning: divide by zero encountered in func (vectorized)
  outputs = ufunc(*inputs)
/projects/muyang@colostate.edu/software/anaconda/envs/testenv/lib/python3.11/site-packages/numpy/lib/function_base.py:2455: RuntimeWarning: invalid value encountered in func (vectorized)
  outputs = ufunc(*inputs)
4240
2023-10-25 18:00:05
4250
2023-10-25 18:01:03
4260
2023-10-25 18:02:00
4270
2023-10-25 18:03:03
4280
2023-10-25 18:04:04
4290
2023-10-25 18:05:03
4300
2023-10-25 18:05:59
elapsed:  23198.1  seconds
4310
2023-10-25 18:07:08
4320
2023-10-25 18:08:09
4330
2023-10-25 18:09:06
4340
2023-10-25 18:10:07
4350
2023-10-25 18:11:00
4360
2023-10-25 18:11:50
4370
2023-10-25 18:12:43
/projects/muyang@colostate.edu/software/anaconda/envs/testenv/lib/python3.11/site-packages/numpy/lib/function_base.py:2455: RuntimeWarning: divide by zero encountered in func (vectorized)
  outputs = ufunc(*inputs)
/projects/muyang@colostate.edu/software/anaconda/envs/testenv/lib/python3.11/site-packages/numpy/lib/function_base.py:2455: RuntimeWarning: invalid value encountered in func (vectorized)
  outputs = ufunc(*inputs)
4380
2023-10-25 18:13:56
4390
2023-10-25 18:15:01
4400
2023-10-25 18:15:59
elapsed:  23797.9  seconds
4410
2023-10-25 18:16:58
4420
2023-10-25 18:18:00
4430
2023-10-25 18:19:06
4440
2023-10-25 18:20:05
/projects/muyang@colostate.edu/software/anaconda/envs/testenv/lib/python3.11/site-packages/numpy/lib/function_base.py:2455: RuntimeWarning: divide by zero encountered in func (vectorized)
  outputs = ufunc(*inputs)
/projects/muyang@colostate.edu/software/anaconda/envs/testenv/lib/python3.11/site-packages/numpy/lib/function_base.py:2455: RuntimeWarning: invalid value encountered in func (vectorized)
  outputs = ufunc(*inputs)
4450
2023-10-25 18:20:47
4460
2023-10-25 18:21:35
/projects/muyang@colostate.edu/software/anaconda/envs/testenv/lib/python3.11/site-packages/numpy/lib/function_base.py:2455: RuntimeWarning: divide by zero encountered in func (vectorized)
  outputs = ufunc(*inputs)
/projects/muyang@colostate.edu/software/anaconda/envs/testenv/lib/python3.11/site-packages/numpy/lib/function_base.py:2455: RuntimeWarning: invalid value encountered in func (vectorized)
  outputs = ufunc(*inputs)
4470
2023-10-25 18:22:27
4480
2023-10-25 18:23:23
4490
2023-10-25 18:24:16
4500
2023-10-25 18:25:11
elapsed:  24350.1  seconds
4510
2023-10-25 18:26:19
4520
2023-10-25 18:27:23
4530
2023-10-25 18:28:26
4540
2023-10-25 18:29:24
4550
2023-10-25 18:30:07
4560
2023-10-25 18:30:59
4570
2023-10-25 18:31:46
4580
2023-10-25 18:32:35
4590
2023-10-25 18:33:22
4600
2023-10-25 18:34:09
elapsed:  24888.2  seconds
4610
2023-10-25 18:34:57
4620
2023-10-25 18:35:50
4630
2023-10-25 18:36:42
4640
2023-10-25 18:37:35
4650
2023-10-25 18:38:26
4660
2023-10-25 18:39:27
4670
2023-10-25 18:40:26
/projects/muyang@colostate.edu/software/anaconda/envs/testenv/lib/python3.11/site-packages/numpy/lib/function_base.py:2455: RuntimeWarning: divide by zero encountered in func (vectorized)
  outputs = ufunc(*inputs)
/projects/muyang@colostate.edu/software/anaconda/envs/testenv/lib/python3.11/site-packages/numpy/lib/function_base.py:2455: RuntimeWarning: invalid value encountered in func (vectorized)
  outputs = ufunc(*inputs)
4680
2023-10-25 18:41:26
4690
2023-10-25 18:42:27
4700
2023-10-25 18:43:17
elapsed:  25436.2  seconds
4710
2023-10-25 18:44:15
4720
2023-10-25 18:45:09
/projects/muyang@colostate.edu/software/anaconda/envs/testenv/lib/python3.11/site-packages/numpy/lib/function_base.py:2455: RuntimeWarning: divide by zero encountered in func (vectorized)
  outputs = ufunc(*inputs)
/projects/muyang@colostate.edu/software/anaconda/envs/testenv/lib/python3.11/site-packages/numpy/lib/function_base.py:2455: RuntimeWarning: invalid value encountered in func (vectorized)
  outputs = ufunc(*inputs)
4730
2023-10-25 18:46:03
4740
2023-10-25 18:47:09
4750
2023-10-25 18:48:10
4760
2023-10-25 18:49:16
4770
2023-10-25 18:50:14
4780
2023-10-25 18:51:15
4790
2023-10-25 18:52:19
4800
2023-10-25 18:53:25
elapsed:  26044.2  seconds
4810
2023-10-25 18:54:29
4820
2023-10-25 18:55:31
4830
2023-10-25 18:56:24
4840
2023-10-25 18:57:27
4850
2023-10-25 18:58:30
4860
2023-10-25 18:59:35
4870
2023-10-25 19:00:33
4880
2023-10-25 19:01:34
4890
2023-10-25 19:02:35
4900
2023-10-25 19:03:29
elapsed:  26647.6  seconds
4910
2023-10-25 19:04:32
4920
2023-10-25 19:05:36
4930
2023-10-25 19:06:42
4940
2023-10-25 19:07:45
4950
2023-10-25 19:08:50
4960
2023-10-25 19:09:51
4970
2023-10-25 19:10:50
/projects/muyang@colostate.edu/software/anaconda/envs/testenv/lib/python3.11/site-packages/numpy/lib/function_base.py:2455: RuntimeWarning: divide by zero encountered in func (vectorized)
  outputs = ufunc(*inputs)
/projects/muyang@colostate.edu/software/anaconda/envs/testenv/lib/python3.11/site-packages/numpy/lib/function_base.py:2455: RuntimeWarning: invalid value encountered in func (vectorized)
  outputs = ufunc(*inputs)
4980
2023-10-25 19:11:44
4990
2023-10-25 19:12:40
5000
2023-10-25 19:13:47
elapsed:  27265.9  seconds
5010
2023-10-25 19:14:42
5020
2023-10-25 19:15:46
/projects/muyang@colostate.edu/software/anaconda/envs/testenv/lib/python3.11/site-packages/numpy/lib/function_base.py:2455: RuntimeWarning: divide by zero encountered in func (vectorized)
  outputs = ufunc(*inputs)
/projects/muyang@colostate.edu/software/anaconda/envs/testenv/lib/python3.11/site-packages/numpy/lib/function_base.py:2455: RuntimeWarning: invalid value encountered in func (vectorized)
  outputs = ufunc(*inputs)
5030
2023-10-25 19:16:48
5040
2023-10-25 19:17:48
5050
2023-10-25 19:18:45
5060
2023-10-25 19:19:38
5070
2023-10-25 19:20:32
5080
2023-10-25 19:21:27
5090
2023-10-25 19:22:29
5100
2023-10-25 19:23:19
elapsed:  27838.3  seconds
5110
2023-10-25 19:24:22
5120
2023-10-25 19:25:27
5130
2023-10-25 19:26:29
5140
2023-10-25 19:27:35
5150
2023-10-25 19:28:42
/projects/muyang@colostate.edu/software/anaconda/envs/testenv/lib/python3.11/site-packages/numpy/lib/function_base.py:2455: RuntimeWarning: divide by zero encountered in func (vectorized)
  outputs = ufunc(*inputs)
/projects/muyang@colostate.edu/software/anaconda/envs/testenv/lib/python3.11/site-packages/numpy/lib/function_base.py:2455: RuntimeWarning: invalid value encountered in func (vectorized)
  outputs = ufunc(*inputs)
5160
2023-10-25 19:29:53
5170
2023-10-25 19:30:57
5180
2023-10-25 19:32:06
5190
2023-10-25 19:33:13
5200
2023-10-25 19:34:20
elapsed:  28499.4  seconds
5210
2023-10-25 19:35:23
5220
2023-10-25 19:36:22
5230
2023-10-25 19:37:14
5240
2023-10-25 19:38:18
5250
2023-10-25 19:39:21
5260
2023-10-25 19:40:23
5270
2023-10-25 19:41:21
5280
2023-10-25 19:42:24
5290
2023-10-25 19:43:25
5300
2023-10-25 19:44:22
elapsed:  29100.9  seconds
5310
2023-10-25 19:45:16
5320
2023-10-25 19:46:06
5330
2023-10-25 19:47:02
5340
2023-10-25 19:47:53
5350
2023-10-25 19:48:46
5360
2023-10-25 19:49:44
5370
2023-10-25 19:50:46
5380
2023-10-25 19:51:51
5390
2023-10-25 19:52:54
5400
2023-10-25 19:53:58
elapsed:  29677.3  seconds
5410
2023-10-25 19:55:04
5420
2023-10-25 19:56:09
5430
2023-10-25 19:57:11
5440
2023-10-25 19:58:07
5450
2023-10-25 19:59:13
5460
2023-10-25 20:00:19
5470
2023-10-25 20:01:12
5480
2023-10-25 20:02:10
5490
2023-10-25 20:03:05
5500
2023-10-25 20:04:05
elapsed:  30283.4  seconds
5510
2023-10-25 20:05:15
5520
2023-10-25 20:06:15
5530
2023-10-25 20:07:15
5540
2023-10-25 20:08:19
5550
2023-10-25 20:09:24
5560
2023-10-25 20:10:26
5570
2023-10-25 20:11:18
5580
2023-10-25 20:12:12
5590
2023-10-25 20:13:15
5600
2023-10-25 20:14:16
elapsed:  30894.6  seconds
5610
2023-10-25 20:15:24
5620
2023-10-25 20:16:34
5630
2023-10-25 20:17:38
5640
2023-10-25 20:18:40
5650
2023-10-25 20:19:34
5660
2023-10-25 20:20:30
5670
2023-10-25 20:21:28
5680
2023-10-25 20:22:24
5690
2023-10-25 20:23:24
/projects/muyang@colostate.edu/software/anaconda/envs/testenv/lib/python3.11/site-packages/numpy/lib/function_base.py:2455: RuntimeWarning: divide by zero encountered in func (vectorized)
  outputs = ufunc(*inputs)
/projects/muyang@colostate.edu/software/anaconda/envs/testenv/lib/python3.11/site-packages/numpy/lib/function_base.py:2455: RuntimeWarning: invalid value encountered in func (vectorized)
  outputs = ufunc(*inputs)
5700
2023-10-25 20:24:20
elapsed:  31499.4  seconds
5710
2023-10-25 20:25:24
5720
2023-10-25 20:26:21
5730
2023-10-25 20:27:22
5740
2023-10-25 20:28:16
5750
2023-10-25 20:29:09
5760
2023-10-25 20:30:03
5770
2023-10-25 20:31:00
5780
2023-10-25 20:31:55
5790
2023-10-25 20:32:51
5800
2023-10-25 20:33:56
elapsed:  32074.7  seconds
5810
2023-10-25 20:34:55
5820
2023-10-25 20:35:58
5830
2023-10-25 20:37:00
5840
2023-10-25 20:38:06
5850
2023-10-25 20:39:02
5860
2023-10-25 20:39:59
5870
2023-10-25 20:40:53
5880
2023-10-25 20:41:46
5890
2023-10-25 20:42:37
5900
2023-10-25 20:43:38
elapsed:  32656.5  seconds
5910
2023-10-25 20:44:46
5920
2023-10-25 20:45:47
5930
2023-10-25 20:46:43
5940
2023-10-25 20:47:38
5950
2023-10-25 20:48:42
5960
2023-10-25 20:49:41
/projects/muyang@colostate.edu/software/anaconda/envs/testenv/lib/python3.11/site-packages/numpy/lib/function_base.py:2455: RuntimeWarning: divide by zero encountered in func (vectorized)
  outputs = ufunc(*inputs)
/projects/muyang@colostate.edu/software/anaconda/envs/testenv/lib/python3.11/site-packages/numpy/lib/function_base.py:2455: RuntimeWarning: invalid value encountered in func (vectorized)
  outputs = ufunc(*inputs)
5970
2023-10-25 20:50:38
5980
2023-10-25 20:51:31
5990
2023-10-25 20:52:15
6000
2023-10-25 20:53:09
elapsed:  33227.7  seconds
6010
2023-10-25 20:54:09
6020
2023-10-25 20:54:59
6030
2023-10-25 20:55:51
6040
2023-10-25 20:56:47
6050
2023-10-25 20:57:43
6060
2023-10-25 20:58:43
6070
2023-10-25 20:59:34
6080
2023-10-25 21:00:20
6090
2023-10-25 21:01:05
6100
2023-10-25 21:01:43
elapsed:  33741.8  seconds
6110
2023-10-25 21:02:26
6120
2023-10-25 21:03:17
6130
2023-10-25 21:04:13
6140
2023-10-25 21:05:07
6150
2023-10-25 21:06:07
6160
2023-10-25 21:07:02
6170
2023-10-25 21:07:53
6180
2023-10-25 21:08:50
6190
2023-10-25 21:09:44
6200
2023-10-25 21:10:31
elapsed:  34269.9  seconds
6210
2023-10-25 21:11:26
6220
2023-10-25 21:12:25
6230
2023-10-25 21:13:23
6240
2023-10-25 21:14:22
6250
2023-10-25 21:15:17
6260
2023-10-25 21:16:11
6270
2023-10-25 21:17:05
6280
2023-10-25 21:18:06
6290
2023-10-25 21:19:03
6300
2023-10-25 21:20:09
elapsed:  34847.9  seconds
6310
2023-10-25 21:21:03
6320
2023-10-25 21:21:58
6330
2023-10-25 21:22:56
6340
2023-10-25 21:23:46
6350
2023-10-25 21:24:40
6360
2023-10-25 21:25:42
6370
2023-10-25 21:26:38
6380
2023-10-25 21:27:36
6390
2023-10-25 21:28:38
6400
2023-10-25 21:29:33
elapsed:  35412.1  seconds
6410
2023-10-25 21:30:30
6420
2023-10-25 21:31:33
6430
2023-10-25 21:32:32
6440
2023-10-25 21:33:34
6450
2023-10-25 21:34:30
6460
2023-10-25 21:35:27
6470
2023-10-25 21:36:22
6480
2023-10-25 21:37:23
6490
2023-10-25 21:38:20
6500
2023-10-25 21:39:19
elapsed:  35998.3  seconds
6510
2023-10-25 21:40:24
6520
2023-10-25 21:41:28
6530
2023-10-25 21:42:34
6540
2023-10-25 21:43:39
6550
2023-10-25 21:44:34
6560
2023-10-25 21:45:31
6570
2023-10-25 21:46:28
6580
2023-10-25 21:47:25
6590
2023-10-25 21:48:20
6600
2023-10-25 21:49:23
elapsed:  36602.4  seconds
6610
2023-10-25 21:50:33
6620
2023-10-25 21:51:29
6630
2023-10-25 21:52:33
6640
2023-10-25 21:53:38
6650
2023-10-25 21:54:41
6660
2023-10-25 21:55:40
6670
2023-10-25 21:56:42
6680
2023-10-25 21:57:43
6690
2023-10-25 21:58:35
6700
2023-10-25 21:59:40
elapsed:  37218.7  seconds
6710
2023-10-25 22:00:53
6720
2023-10-25 22:02:03
6730
2023-10-25 22:02:56
6740
2023-10-25 22:03:58
6750
2023-10-25 22:05:05
6760
2023-10-25 22:06:16
6770
2023-10-25 22:07:22
6780
2023-10-25 22:08:33
6790
2023-10-25 22:09:31
/projects/muyang@colostate.edu/software/anaconda/envs/testenv/lib/python3.11/site-packages/numpy/lib/function_base.py:2455: RuntimeWarning: divide by zero encountered in func (vectorized)
  outputs = ufunc(*inputs)
/projects/muyang@colostate.edu/software/anaconda/envs/testenv/lib/python3.11/site-packages/numpy/lib/function_base.py:2455: RuntimeWarning: invalid value encountered in func (vectorized)
  outputs = ufunc(*inputs)
6800
2023-10-25 22:10:32
elapsed:  37870.9  seconds
/projects/muyang@colostate.edu/software/anaconda/envs/testenv/lib/python3.11/site-packages/numpy/lib/function_base.py:2455: RuntimeWarning: divide by zero encountered in func (vectorized)
  outputs = ufunc(*inputs)
/projects/muyang@colostate.edu/software/anaconda/envs/testenv/lib/python3.11/site-packages/numpy/lib/function_base.py:2455: RuntimeWarning: invalid value encountered in func (vectorized)
  outputs = ufunc(*inputs)
6810
2023-10-25 22:11:34
6820
2023-10-25 22:12:36
6830
2023-10-25 22:13:40
6840
2023-10-25 22:14:37
6850
2023-10-25 22:15:36
6860
2023-10-25 22:16:38
6870
2023-10-25 22:17:47
6880
2023-10-25 22:18:48
6890
2023-10-25 22:19:50
6900
2023-10-25 22:20:54
elapsed:  38492.9  seconds
6910
2023-10-25 22:21:55
6920
2023-10-25 22:23:02
6930
2023-10-25 22:24:03
6940
2023-10-25 22:25:07
6950
2023-10-25 22:26:12
6960
2023-10-25 22:27:15
6970
2023-10-25 22:28:16
6980
2023-10-25 22:29:31
6990
2023-10-25 22:30:28
7000
2023-10-25 22:31:26
elapsed:  39125.0  seconds
7010
2023-10-25 22:32:28
7020
2023-10-25 22:33:35
7030
2023-10-25 22:34:34
7040
2023-10-25 22:35:43
7050
2023-10-25 22:36:40
7060
2023-10-25 22:37:46
7070
2023-10-25 22:38:41
7080
2023-10-25 22:39:37
7090
2023-10-25 22:40:46
7100
2023-10-25 22:41:53
elapsed:  39751.6  seconds
7110
2023-10-25 22:42:54
7120
2023-10-25 22:43:57
7130
2023-10-25 22:44:58
7140
2023-10-25 22:46:09
7150
2023-10-25 22:47:14
7160
2023-10-25 22:48:27
7170
2023-10-25 22:49:30
7180
2023-10-25 22:50:39
7190
2023-10-25 22:51:39
/projects/muyang@colostate.edu/software/anaconda/envs/testenv/lib/python3.11/site-packages/numpy/lib/function_base.py:2455: RuntimeWarning: divide by zero encountered in func (vectorized)
  outputs = ufunc(*inputs)
/projects/muyang@colostate.edu/software/anaconda/envs/testenv/lib/python3.11/site-packages/numpy/lib/function_base.py:2455: RuntimeWarning: invalid value encountered in func (vectorized)
  outputs = ufunc(*inputs)
7200
2023-10-25 22:52:42
elapsed:  40400.9  seconds
7210
2023-10-25 22:53:35
7220
2023-10-25 22:54:37
7230
2023-10-25 22:55:38
7240
2023-10-25 22:56:51
7250
2023-10-25 22:57:42
7260
2023-10-25 22:58:43
7270
2023-10-25 22:59:47
7280
2023-10-25 23:00:45
7290
2023-10-25 23:01:46
7300
2023-10-25 23:02:48
elapsed:  41006.6  seconds
7310
2023-10-25 23:03:56
7320
2023-10-25 23:04:53
7330
2023-10-25 23:05:50
7340
2023-10-25 23:06:55
7350
2023-10-25 23:07:55
7360
2023-10-25 23:09:07
7370
2023-10-25 23:10:14
7380
2023-10-25 23:11:14
7390
2023-10-25 23:12:15
7400
2023-10-25 23:13:15
elapsed:  41634.2  seconds
7410
2023-10-25 23:14:25
7420
2023-10-25 23:15:29
7430
2023-10-25 23:16:31
7440
2023-10-25 23:17:38
7450
2023-10-25 23:18:41
7460
2023-10-25 23:19:48
7470
2023-10-25 23:20:45
7480
2023-10-25 23:21:43
7490
2023-10-25 23:22:51
7500
2023-10-25 23:23:51
elapsed:  42270.2  seconds
7510
2023-10-25 23:24:53
7520
2023-10-25 23:25:48
7530
2023-10-25 23:26:49
7540
2023-10-25 23:27:52
7550
2023-10-25 23:28:59
7560
2023-10-25 23:30:04
7570
2023-10-25 23:31:13
7580
2023-10-25 23:31:58
7590
2023-10-25 23:32:47
7600
2023-10-25 23:33:33
elapsed:  42851.7  seconds
7610
2023-10-25 23:34:33
7620
2023-10-25 23:35:14
7630
2023-10-25 23:36:26
7640
2023-10-25 23:37:30
7650
2023-10-25 23:38:30
7660
2023-10-25 23:39:30
7670
2023-10-25 23:40:33
7680
2023-10-25 23:41:28
7690
2023-10-25 23:42:26
7700
2023-10-25 23:43:33
elapsed:  43452.4  seconds
7710
2023-10-25 23:44:49
7720
2023-10-25 23:45:46
7730
2023-10-25 23:46:43
7740
2023-10-25 23:47:47
7750
2023-10-25 23:48:49
7760
2023-10-25 23:49:54
7770
2023-10-25 23:51:01
7780
2023-10-25 23:52:05
7790
2023-10-25 23:53:12
7800
2023-10-25 23:54:12
elapsed:  44090.8  seconds
7810
2023-10-25 23:55:20
7820
2023-10-25 23:56:26
7830
2023-10-25 23:57:29
7840
2023-10-25 23:58:39
7850
2023-10-25 23:59:53
7860
2023-10-26 00:00:59
7870
2023-10-26 00:02:03
7880
2023-10-26 00:03:07
7890
2023-10-26 00:04:04
7900
2023-10-26 00:05:10
elapsed:  44748.6  seconds
7910
2023-10-26 00:06:14
7920
2023-10-26 00:07:17
7930
2023-10-26 00:08:07
7940
2023-10-26 00:09:12
7950
2023-10-26 00:10:21
7960
2023-10-26 00:11:25
7970
2023-10-26 00:12:25
7980
2023-10-26 00:13:25
7990
2023-10-26 00:14:36
8000
2023-10-26 00:15:38
elapsed:  45377.4  seconds
8010
2023-10-26 00:16:37
8020
2023-10-26 00:17:39
/projects/muyang@colostate.edu/software/anaconda/envs/testenv/lib/python3.11/site-packages/numpy/lib/function_base.py:2455: RuntimeWarning: divide by zero encountered in func (vectorized)
  outputs = ufunc(*inputs)
/projects/muyang@colostate.edu/software/anaconda/envs/testenv/lib/python3.11/site-packages/numpy/lib/function_base.py:2455: RuntimeWarning: invalid value encountered in func (vectorized)
  outputs = ufunc(*inputs)
8030
2023-10-26 00:18:46
8040
2023-10-26 00:19:50
8050
2023-10-26 00:20:52
8060
2023-10-26 00:21:59
8070
2023-10-26 00:23:08
8080
2023-10-26 00:24:14
8090
2023-10-26 00:25:15
8100
2023-10-26 00:26:28
elapsed:  46026.6  seconds
8110
2023-10-26 00:27:34
8120
2023-10-26 00:28:35
8130
2023-10-26 00:29:40
8140
2023-10-26 00:30:39
8150
2023-10-26 00:31:47
8160
2023-10-26 00:32:59
8170
2023-10-26 00:34:03
8180
2023-10-26 00:35:16
8190
2023-10-26 00:36:18
8200
2023-10-26 00:37:23
elapsed:  46681.9  seconds
8210
2023-10-26 00:38:26
8220
2023-10-26 00:39:31
/projects/muyang@colostate.edu/software/anaconda/envs/testenv/lib/python3.11/site-packages/numpy/lib/function_base.py:2455: RuntimeWarning: divide by zero encountered in func (vectorized)
  outputs = ufunc(*inputs)
/projects/muyang@colostate.edu/software/anaconda/envs/testenv/lib/python3.11/site-packages/numpy/lib/function_base.py:2455: RuntimeWarning: invalid value encountered in func (vectorized)
  outputs = ufunc(*inputs)
8230
2023-10-26 00:40:31
8240
2023-10-26 00:41:32
8250
2023-10-26 00:42:28
8260
2023-10-26 00:43:29
8270
2023-10-26 00:44:34
8280
2023-10-26 00:45:40
8290
2023-10-26 00:46:39
8300
2023-10-26 00:47:41
elapsed:  47300.0  seconds
8310
2023-10-26 00:48:48
8320
2023-10-26 00:49:45
8330
2023-10-26 00:50:57
8340
2023-10-26 00:52:04
8350
2023-10-26 00:53:05
8360
2023-10-26 00:54:01
8370
2023-10-26 00:55:01
8380
2023-10-26 00:56:01
8390
2023-10-26 00:57:01
8400
2023-10-26 00:58:06
elapsed:  47924.8  seconds
8410
2023-10-26 00:59:15
8420
2023-10-26 01:00:20
8430
2023-10-26 01:01:21
/projects/muyang@colostate.edu/software/anaconda/envs/testenv/lib/python3.11/site-packages/numpy/lib/function_base.py:2455: RuntimeWarning: divide by zero encountered in func (vectorized)
  outputs = ufunc(*inputs)
/projects/muyang@colostate.edu/software/anaconda/envs/testenv/lib/python3.11/site-packages/numpy/lib/function_base.py:2455: RuntimeWarning: invalid value encountered in func (vectorized)
  outputs = ufunc(*inputs)
8440
2023-10-26 01:02:25
8450
2023-10-26 01:03:33
8460
2023-10-26 01:04:44
8470
2023-10-26 01:05:48
8480
2023-10-26 01:06:55
8490
2023-10-26 01:07:49
8500
2023-10-26 01:08:50
elapsed:  48568.8  seconds
8510
2023-10-26 01:09:50
8520
2023-10-26 01:10:47
8530
2023-10-26 01:11:44
8540
2023-10-26 01:12:47
8550
2023-10-26 01:13:51
8560
2023-10-26 01:14:57
8570
2023-10-26 01:16:00
8580
2023-10-26 01:17:06
8590
2023-10-26 01:18:08
8600
2023-10-26 01:19:04
elapsed:  49183.3  seconds
8610
2023-10-26 01:20:05
8620
2023-10-26 01:21:21
8630
2023-10-26 01:22:20
8640
2023-10-26 01:23:20
8650
2023-10-26 01:24:23
8660
2023-10-26 01:25:29
8670
2023-10-26 01:26:29
8680
2023-10-26 01:27:27
8690
2023-10-26 01:28:27
8700
2023-10-26 01:29:35
elapsed:  49813.8  seconds
8710
2023-10-26 01:30:39
8720
2023-10-26 01:31:44
8730
2023-10-26 01:32:58
8740
2023-10-26 01:34:08
8750
2023-10-26 01:35:08
8760
2023-10-26 01:36:08
8770
2023-10-26 01:37:15
8780
2023-10-26 01:38:18
8790
2023-10-26 01:39:25
8800
2023-10-26 01:40:35
elapsed:  50473.5  seconds
8810
2023-10-26 01:41:40
8820
2023-10-26 01:42:30
8830
2023-10-26 01:43:34
8840
2023-10-26 01:44:36
8850
2023-10-26 01:45:33
8860
2023-10-26 01:46:31
8870
2023-10-26 01:47:34
8880
2023-10-26 01:48:35
8890
2023-10-26 01:49:36
8900
2023-10-26 01:50:42
elapsed:  51080.6  seconds
8910
2023-10-26 01:51:49
8920
2023-10-26 01:52:49
/projects/muyang@colostate.edu/software/anaconda/envs/testenv/lib/python3.11/site-packages/numpy/lib/function_base.py:2455: RuntimeWarning: divide by zero encountered in func (vectorized)
  outputs = ufunc(*inputs)
/projects/muyang@colostate.edu/software/anaconda/envs/testenv/lib/python3.11/site-packages/numpy/lib/function_base.py:2455: RuntimeWarning: invalid value encountered in func (vectorized)
  outputs = ufunc(*inputs)
8930
2023-10-26 01:54:07
8940
2023-10-26 01:55:21
8950
2023-10-26 01:56:29
8960
2023-10-26 01:57:27
8970
2023-10-26 01:58:27
8980
2023-10-26 01:59:28
8990
2023-10-26 02:00:29
9000
2023-10-26 02:01:29
elapsed:  51728.0  seconds
9010
2023-10-26 02:02:23
9020
2023-10-26 02:03:21
9030
2023-10-26 02:04:18
9040
2023-10-26 02:05:21
9050
2023-10-26 02:06:25
9060
2023-10-26 02:07:16
9070
2023-10-26 02:08:16
9080
2023-10-26 02:09:23
9090
2023-10-26 02:10:29
9100
2023-10-26 02:11:30
elapsed:  52328.5  seconds
9110
2023-10-26 02:12:34
/projects/muyang@colostate.edu/software/anaconda/envs/testenv/lib/python3.11/site-packages/numpy/lib/function_base.py:2455: RuntimeWarning: divide by zero encountered in func (vectorized)
  outputs = ufunc(*inputs)
/projects/muyang@colostate.edu/software/anaconda/envs/testenv/lib/python3.11/site-packages/numpy/lib/function_base.py:2455: RuntimeWarning: invalid value encountered in func (vectorized)
  outputs = ufunc(*inputs)
9120
2023-10-26 02:13:39
9130
2023-10-26 02:14:42
9140
2023-10-26 02:15:42
9150
2023-10-26 02:16:52
9160
2023-10-26 02:17:49
9170
2023-10-26 02:18:47
9180
2023-10-26 02:19:59
9190
2023-10-26 02:21:05
9200
2023-10-26 02:22:01
elapsed:  52960.4  seconds
9210
2023-10-26 02:23:06
9220
2023-10-26 02:24:11
9230
2023-10-26 02:25:16
9240
2023-10-26 02:26:22
9250
2023-10-26 02:27:15
9260
2023-10-26 02:28:03
9270
2023-10-26 02:28:59
9280
2023-10-26 02:29:56
/projects/muyang@colostate.edu/software/anaconda/envs/testenv/lib/python3.11/site-packages/numpy/lib/function_base.py:2455: RuntimeWarning: divide by zero encountered in func (vectorized)
  outputs = ufunc(*inputs)
/projects/muyang@colostate.edu/software/anaconda/envs/testenv/lib/python3.11/site-packages/numpy/lib/function_base.py:2455: RuntimeWarning: invalid value encountered in func (vectorized)
  outputs = ufunc(*inputs)
9290
2023-10-26 02:30:56
9300
2023-10-26 02:32:05
elapsed:  53563.5  seconds
9310
2023-10-26 02:33:14
9320
2023-10-26 02:34:12
9330
2023-10-26 02:35:04
9340
2023-10-26 02:35:43
9350
2023-10-26 02:36:28
9360
2023-10-26 02:37:12
9370
2023-10-26 02:37:56
9380
2023-10-26 02:38:53
9390
2023-10-26 02:39:48
9400
2023-10-26 02:40:47
elapsed:  54085.6  seconds
9410
2023-10-26 02:41:53
9420
2023-10-26 02:42:52
9430
2023-10-26 02:43:40
9440
2023-10-26 02:44:32
9450
2023-10-26 02:45:26
9460
2023-10-26 02:46:20
9470
2023-10-26 02:47:21
9480
2023-10-26 02:48:11
9490
2023-10-26 02:49:05
9500
2023-10-26 02:50:03
elapsed:  54641.8  seconds
9510
2023-10-26 02:51:05
9520
2023-10-26 02:51:55
9530
2023-10-26 02:52:47
9540
2023-10-26 02:53:45
9550
2023-10-26 02:54:49
9560
2023-10-26 02:55:50
9570
2023-10-26 02:56:54
9580
2023-10-26 02:58:01
9590
2023-10-26 02:59:00
9600
2023-10-26 03:00:04
elapsed:  55243.3  seconds
9610
2023-10-26 03:01:11
9620
2023-10-26 03:02:15
9630
2023-10-26 03:03:11
9640
2023-10-26 03:04:12
9650
2023-10-26 03:05:02
9660
2023-10-26 03:05:56
9670
2023-10-26 03:06:47
9680
2023-10-26 03:07:53
9690
2023-10-26 03:08:50
9700
2023-10-26 03:09:35
elapsed:  55814.0  seconds
9710
2023-10-26 03:10:32
9720
2023-10-26 03:11:30
9730
2023-10-26 03:12:36
9740
2023-10-26 03:13:42
9750
2023-10-26 03:14:50
9760
2023-10-26 03:15:47
9770
2023-10-26 03:16:54
9780
2023-10-26 03:18:05
9790
2023-10-26 03:19:05
9800
2023-10-26 03:20:12
elapsed:  56450.8  seconds
9810
2023-10-26 03:21:09
9820
2023-10-26 03:22:10
9830
2023-10-26 03:23:13
9840
2023-10-26 03:24:21
9850
2023-10-26 03:25:20
9860
2023-10-26 03:26:11
9870
2023-10-26 03:27:13
9880
2023-10-26 03:28:14
9890
2023-10-26 03:29:18
9900
2023-10-26 03:30:19
elapsed:  57057.9  seconds
9910
2023-10-26 03:31:21
9920
2023-10-26 03:32:27
9930
2023-10-26 03:33:21
9940
2023-10-26 03:34:22
9950
2023-10-26 03:35:26
9960
2023-10-26 03:36:22
9970
2023-10-26 03:37:15
9980
2023-10-26 03:38:09
9990
2023-10-26 03:39:11
elapsed:  57646.5  seconds
total time:  57657.2  seconds
true R:  [[1.98331887e-01 3.17235054e-01 6.26591881e+00 2.19772721e+00
  1.93818126e-01 2.26379087e-01 1.87605309e+01 3.98306044e-01
  1.15581895e+00 1.26885817e+00 1.77547118e+00 1.44350981e-01
  4.08110596e+01 5.47812743e+00 8.99763792e-01 8.79171414e-02
  1.22066497e+00 1.09883040e+00 4.45102200e-01 2.53371563e-01
  2.77497504e+00 5.46862598e+00 1.86214645e+00 4.06164720e-01
  5.66930872e-01 8.98315447e+00 3.31929482e+00 8.46166329e+01
  1.51579863e+00 7.83675407e-01 5.12179355e+00 2.35409146e+00
  2.46807004e-01 1.62600796e+00 1.27443526e-01 7.73902679e+00
  1.87025030e-01 1.22541360e+05 1.16666551e-01 5.52523631e+00
  7.01874713e+00 1.08726708e+00 1.48086478e+01 3.00636305e-01
  7.29877187e+00 2.84862178e-01 6.84028280e-01 8.30321913e+02
  1.28223792e+00 2.43169785e-01 5.84150017e-01 8.81011403e+00
  1.31244051e-01 6.20632100e+00 2.84381419e-01 1.38426854e+01
  3.76410190e+00 2.15475829e+00 2.76064890e-01 5.08848922e+01
  1.03597812e+00 3.97282631e-01 2.44439803e-01 6.03177903e-01]
 [2.73149105e-01 2.23066152e+01 3.53282935e-01 4.86434781e-01
  1.24628163e+02 1.39769206e-01 1.03613493e+00 1.22193779e+02
  3.38850075e+02 3.35375682e-01 2.03003977e-01 2.67992977e-01
  8.58831894e-01 6.66461897e-01 6.44795739e-01 6.00179985e+00
  2.07578822e+02 4.31760508e+00 4.09125976e-02 9.10839240e+00
  2.31098414e+01 8.01291757e-02 8.76263786e+00 9.77740011e-02
  6.67561360e-02 1.49017060e+00 2.03678963e-01 3.07434650e+01
  4.54300731e+00 5.68610732e+00 1.25391116e+00 2.76495511e+00
  3.66910036e+00 1.43752146e+00 1.28708769e+00 7.06154995e+00
  1.83240848e+00 1.66989004e+01 4.15155366e+03 9.74569058e-01
  1.74559931e-01 1.31011482e+00 1.98625119e+02 9.24112142e-01
  6.17205147e+00 1.82955717e-01 5.14982148e+00 9.82266143e+00
  1.65841929e-01 8.61532489e+01 4.21338211e-01 7.02704585e-01
  2.29016201e-01 2.93334427e-01 2.74453078e-01 1.70271220e+01
  1.32346454e+00 1.29545109e+00 2.05716382e+00 1.76247597e-01
  7.52374711e+00 3.08652234e-01 2.26058520e+00 1.61076731e+00]
 [2.69570863e+00 7.03972387e-01 2.02716557e-01 8.27556546e-01
  7.03474941e-01 6.97849159e-01 9.65798862e+01 1.05961419e+00
  1.39330358e+00 2.95972168e-01 1.31027559e+00 1.63976185e-01
  3.99985083e-01 2.41268777e-01 3.76659349e+00 6.22558649e+00
  3.43583103e-01 4.16351380e-01 1.21839406e-01 1.28214847e+03
  4.32601486e+01 1.31532825e-01 2.31495746e-01 3.13968347e-01
  1.62039164e-01 1.15156880e+01 1.43161999e-01 3.09525734e+01
  1.03428398e+00 2.73137351e+00 8.06511952e-01 1.44066368e-01
  6.31257539e-01 1.18056842e+00 4.48229621e+00 7.95333570e+01
  6.48891361e+00 8.23922549e+01 1.19034830e+02 4.96399087e-01
  3.65581271e+00 2.47269919e-01 7.35124641e+00 4.48758518e-01
  7.53082890e+00 2.33207977e-01 8.53224896e-01 3.67015150e-01
  3.57170629e-01 1.34155714e-01 7.04647752e+00 3.13986763e-01
  5.65410154e+00 5.07896945e-01 1.57397609e+00 8.46406929e+01
  2.96320423e-01 3.64238785e-01 2.70417562e-01 8.64003695e-01
  1.02721938e+01 2.69694050e-01 3.76856304e-01 2.01001150e+01]
 [8.47978346e+00 4.02771528e-01 3.22139865e+00 4.05381812e+01
  1.85115513e+01 4.05649986e+00 3.49755109e-01 1.54105194e-01
  4.37479474e-01 5.54194694e+00 7.67020300e-01 3.39740103e+00
  1.49573683e-01 1.79705670e+01 6.69225802e-01 1.62388326e+01
  1.38399009e+00 1.68979179e-01 9.36040045e-01 9.58676366e-01
  5.31683664e-02 8.87717637e-01 4.42215403e-01 6.80653609e+01
  9.47098577e-01 9.03469784e-01 5.98110726e+00 2.59004405e-01
  2.66815362e-01 4.52075237e+02 4.29880382e-01 8.59865152e+00
  1.60150778e+04 6.29812858e+00 2.26690248e+00 1.11688571e+01
  1.86458797e+00 9.56695995e+00 5.53162364e-01 5.12712220e-01
  4.15355194e-01 3.67334870e-01 4.96532187e+00 5.85277886e-01
  7.82662509e+00 1.90702776e-01 4.90820519e+00 2.64070786e-01
  4.16072369e+00 3.39104820e+00 8.01440530e+02 1.00014258e+00
  5.62492550e+00 1.68088319e+00 5.47824071e-01 6.70600348e-01
  4.96922526e+00 3.82212716e-01 2.12661973e+00 6.17153794e+00
  1.71408047e-01 1.04251164e+00 3.95481179e-01 5.36057493e-01]
 [3.42033751e+00 6.55600833e-01 2.60938373e+00 1.99495500e+00
  2.12107858e+03 4.91977218e-01 1.00759896e+00 4.19408095e-01
  1.10813873e-01 2.45897099e+02 3.03172426e+01 2.87098834e-01
  7.09074537e+00 4.75192355e-01 9.43312707e-01 4.51360006e-01
  4.18748010e-01 4.98299145e+00 9.20649441e-01 1.01277355e+00
  2.40981574e-01 4.64194242e-01 4.40266445e+01 4.98371769e+00
  6.44984570e-01 2.19340928e+00 1.44057780e-01 3.92438873e-01
  1.47170623e-01 6.72302879e+01 1.68186336e+00 1.98286574e-01
  3.63148770e+00 2.04011914e+00 2.89483922e-01 3.51861006e-01
  1.42965031e-01 4.70898127e-01 3.62229355e-01 6.13661953e+00
  1.09318314e+01 3.97071219e-01 1.07176464e+00 9.41810427e+00
  4.14250676e-01 8.45234002e-01 9.58660159e-01 9.89699225e-01
  1.99869312e+00 8.89139274e-01 2.60699786e+00 7.00019386e-01
  6.18763979e+00 9.29588284e-01 8.22240115e-01 5.54126466e-02
  2.02486671e+00 2.66004576e+01 1.65091594e+00 5.96067299e-01
  4.17675501e-01 9.57344732e-01 5.16557800e+00 1.93164666e-01]
 [2.06639807e-01 6.17479767e-02 6.49693630e-01 2.34945185e+01
  7.41266550e-02 3.82584340e+01 4.20223464e-01 9.39313884e-02
  1.52382039e+00 3.38583963e+01 3.33843092e-01 2.63070585e-01
  1.16615212e+00 7.82037886e-01 8.05938759e-01 3.27294116e-01
  1.07761946e+01 6.93115750e-01 2.44601716e+01 4.03062653e-01
  5.71066363e+00 5.07853475e-01 1.40046978e+00 9.58286811e-01
  3.24594098e+02 2.46904369e-01 5.83233698e+01 4.30504645e-01
  2.09134976e-01 3.11295548e-01 1.40950085e+00 2.09220504e-01
  3.96664365e-01 2.51438739e+00 1.41983473e+02 5.58910622e-01
  5.15420170e-01 2.52545417e-01 2.16780308e+00 3.70875644e+00
  3.39200029e+00 1.36455529e-01 1.01972967e+00 3.00735245e+00
  9.27056939e-02 1.64049552e+00 5.12616752e+01 3.38980840e-01
  3.59486951e-01 7.81288806e+00 5.87850710e-01 3.57941408e+00
  2.16273248e-01 1.33536069e-01 1.43155522e+00 4.32284275e+00
  1.17728173e-01 1.63945017e+01 1.36722659e-01 2.03721986e+00
  3.40852201e-01 2.50696253e+00 6.56885352e+00 1.16742483e+00]
 [3.01272217e+00 3.26963714e-01 4.01215856e+00 6.76142345e-01
  6.33671950e-02 2.62262209e+00 1.39892632e+00 1.60025697e-01
  3.13407007e-01 9.63844160e-02 9.13705666e-01 7.72689226e+00
  8.68400873e+00 3.29467755e-01 8.27433969e-02 2.47744281e+00
  8.13525621e-01 4.77851400e+00 6.24565903e+00 9.74473718e-02
  3.65923064e-01 4.15325138e-01 5.20969344e+00 1.83015169e+00
  1.17311249e+01 1.16979806e+00 9.05402997e+00 3.27046295e-01
  2.81259059e+03 2.77343753e-01 5.34507183e-01 2.71965356e+00
  4.28060269e-01 2.48858008e+00 1.74274681e-01 2.20783564e-01
  9.32945237e-01 1.49373640e-01 8.09031070e-01 1.83170028e-01
  2.49500252e+00 1.55826154e-01 4.68051278e+01 3.22457122e+01
  8.62847953e-01 5.78072822e+01 6.36627591e+00 1.81859237e+00
  1.12976977e-01 2.80243204e+03 4.38985158e+00 2.27650483e-01
  1.01639071e+00 3.81340646e-01 2.49979679e+00 1.91142307e-01
  7.95577875e+00 2.83985329e+00 5.05373258e-01 8.89311677e-01
  2.37179780e+00 2.10812643e+00 1.04174719e+01 3.58072510e+00]
 [5.21749455e+00 4.42671909e-01 2.49285594e+00 3.62838697e-01
  4.02708705e-01 2.73548262e+01 1.82890714e+01 2.00758708e-01
  9.47386560e+00 2.23279641e+00 2.39396885e-01 7.61244907e-01
  9.80225529e-01 4.08608085e-01 1.07964168e+00 1.64480754e-01
  2.58050739e-01 3.17152500e-01 2.35138136e+00 6.84304328e-01
  3.32131201e+00 7.40300685e+00 1.69459262e+00 1.81839198e-01
  7.03005502e-01 2.69419835e-01 4.84013637e+00 2.33884344e+00
  4.14168954e-01 1.04689365e+00 4.42472790e-01 2.89791728e-01
  1.06229158e+01 2.86984859e-01 1.92231346e+00 6.89623668e+01
  2.58103728e+00 1.95513413e-01 3.55714167e-01 1.91888564e+02
  4.01305349e-01 1.87436056e-01 4.68352531e+00 6.42787205e-01
  1.76988913e-01 1.56169811e+01 9.56930944e+01 8.94762106e-02
  4.37848658e+00 2.95376852e+01 2.91094052e-01 8.90174380e+01
  8.94706909e+01 1.26626001e+00 7.88208521e-01 8.90131291e-01
  1.30559037e+00 2.24986542e+00 9.15204163e-01 2.48187576e+00
  3.15368045e-01 1.07084647e+01 4.25915910e-01 1.09747997e+00]
 [1.90553343e+00 1.86559859e+01 8.70170945e-01 9.07723889e+01
  1.01410324e+00 1.34695876e-01 2.23397727e+00 1.04348758e+00
  1.07491966e+00 2.48923376e-01 9.70561453e+00 4.53872863e-01
  3.51362445e+00 2.81467005e+02 4.38915256e+00 5.72739343e+01
  7.85821042e+00 2.65075179e-01 1.37936228e+00 3.97267519e-01
  5.23913629e+01 1.15451396e+00 2.22830082e-01 1.50264825e+01
  2.18592191e+00 1.18501211e-01 1.16201770e-01 3.37699694e+00
  2.12563036e-01 2.28621378e+00 5.43489224e-01 2.07422241e-01
  1.08191725e-01 3.86986478e-01 2.60278067e+00 3.32745778e-01
  3.81381819e+01 1.61962504e+01 1.04449791e-01 2.44455384e-01
  7.80271417e-01 2.25575959e+00 1.92387344e+00 6.21701038e-01
  1.57224152e+00 3.09301942e+01 3.53206271e-01 3.22147030e-01
  3.44837570e-01 2.04412769e-01 6.56082815e+01 4.83632496e+00
  3.53562583e-01 2.68771484e+03 4.40475081e-01 2.97653064e+01
  5.35786137e-01 6.09059058e-01 1.07731038e+01 4.57861146e+01
  3.80244475e+00 1.11459088e-01 9.82589580e+00 5.21927088e+00]]
