1
/projects/muyang@colostate.edu/software/anaconda/envs/testenv/lib/python3.11/site-packages/numpy/lib/function_base.py:2455: RuntimeWarning: divide by zero encountered in func (vectorized)
  outputs = ufunc(*inputs)
/projects/muyang@colostate.edu/software/anaconda/envs/testenv/lib/python3.11/site-packages/numpy/lib/function_base.py:2455: RuntimeWarning: invalid value encountered in func (vectorized)
  outputs = ufunc(*inputs)
50
2023-11-14 18:59:16
100
2023-11-14 19:02:30
elapsed:  376.7  seconds
150
2023-11-14 19:05:44
/projects/muyang@colostate.edu/software/anaconda/envs/testenv/lib/python3.11/site-packages/numpy/lib/function_base.py:2455: RuntimeWarning: divide by zero encountered in func (vectorized)
  outputs = ufunc(*inputs)
/projects/muyang@colostate.edu/software/anaconda/envs/testenv/lib/python3.11/site-packages/numpy/lib/function_base.py:2455: RuntimeWarning: invalid value encountered in func (vectorized)
  outputs = ufunc(*inputs)
200
2023-11-14 19:09:01
elapsed:  767.6  seconds
250
2023-11-14 19:12:32
/projects/muyang@colostate.edu/software/anaconda/envs/testenv/lib/python3.11/site-packages/numpy/lib/function_base.py:2455: RuntimeWarning: divide by zero encountered in func (vectorized)
  outputs = ufunc(*inputs)
/projects/muyang@colostate.edu/software/anaconda/envs/testenv/lib/python3.11/site-packages/numpy/lib/function_base.py:2455: RuntimeWarning: invalid value encountered in func (vectorized)
  outputs = ufunc(*inputs)
300
2023-11-14 19:16:01
elapsed:  1187.9  seconds
/projects/muyang@colostate.edu/software/anaconda/envs/testenv/lib/python3.11/site-packages/numpy/lib/function_base.py:2455: RuntimeWarning: divide by zero encountered in func (vectorized)
  outputs = ufunc(*inputs)
/projects/muyang@colostate.edu/software/anaconda/envs/testenv/lib/python3.11/site-packages/numpy/lib/function_base.py:2455: RuntimeWarning: invalid value encountered in func (vectorized)
  outputs = ufunc(*inputs)
350
2023-11-14 19:19:32
/projects/muyang@colostate.edu/software/anaconda/envs/testenv/lib/python3.11/site-packages/numpy/lib/function_base.py:2455: RuntimeWarning: divide by zero encountered in func (vectorized)
  outputs = ufunc(*inputs)
/projects/muyang@colostate.edu/software/anaconda/envs/testenv/lib/python3.11/site-packages/numpy/lib/function_base.py:2455: RuntimeWarning: invalid value encountered in func (vectorized)
  outputs = ufunc(*inputs)
400
2023-11-14 19:23:02
elapsed:  1608.6  seconds
/projects/muyang@colostate.edu/software/anaconda/envs/testenv/lib/python3.11/site-packages/numpy/lib/function_base.py:2455: RuntimeWarning: divide by zero encountered in func (vectorized)
  outputs = ufunc(*inputs)
/projects/muyang@colostate.edu/software/anaconda/envs/testenv/lib/python3.11/site-packages/numpy/lib/function_base.py:2455: RuntimeWarning: invalid value encountered in func (vectorized)
  outputs = ufunc(*inputs)
450
2023-11-14 19:26:36
500
2023-11-14 19:30:05
elapsed:  2031.2  seconds
550
2023-11-14 19:33:41
600
2023-11-14 19:37:18
elapsed:  2464.8  seconds
/projects/muyang@colostate.edu/software/anaconda/envs/testenv/lib/python3.11/site-packages/numpy/lib/function_base.py:2455: RuntimeWarning: divide by zero encountered in func (vectorized)
  outputs = ufunc(*inputs)
/projects/muyang@colostate.edu/software/anaconda/envs/testenv/lib/python3.11/site-packages/numpy/lib/function_base.py:2455: RuntimeWarning: invalid value encountered in func (vectorized)
  outputs = ufunc(*inputs)
650
2023-11-14 19:40:59
/projects/muyang@colostate.edu/software/anaconda/envs/testenv/lib/python3.11/site-packages/numpy/lib/function_base.py:2455: RuntimeWarning: divide by zero encountered in func (vectorized)
  outputs = ufunc(*inputs)
/projects/muyang@colostate.edu/software/anaconda/envs/testenv/lib/python3.11/site-packages/numpy/lib/function_base.py:2455: RuntimeWarning: invalid value encountered in func (vectorized)
  outputs = ufunc(*inputs)
700
2023-11-14 19:44:38
elapsed:  2904.4  seconds
750
2023-11-14 19:48:18
/projects/muyang@colostate.edu/software/anaconda/envs/testenv/lib/python3.11/site-packages/numpy/lib/function_base.py:2455: RuntimeWarning: divide by zero encountered in func (vectorized)
  outputs = ufunc(*inputs)
/projects/muyang@colostate.edu/software/anaconda/envs/testenv/lib/python3.11/site-packages/numpy/lib/function_base.py:2455: RuntimeWarning: invalid value encountered in func (vectorized)
  outputs = ufunc(*inputs)
/projects/muyang@colostate.edu/software/anaconda/envs/testenv/lib/python3.11/site-packages/numpy/lib/function_base.py:2455: RuntimeWarning: divide by zero encountered in func (vectorized)
  outputs = ufunc(*inputs)
/projects/muyang@colostate.edu/software/anaconda/envs/testenv/lib/python3.11/site-packages/numpy/lib/function_base.py:2455: RuntimeWarning: invalid value encountered in func (vectorized)
  outputs = ufunc(*inputs)
800
2023-11-14 19:51:55
elapsed:  3342.1  seconds
850
2023-11-14 19:55:36
900
2023-11-14 19:59:13
elapsed:  3779.2  seconds
/projects/muyang@colostate.edu/software/anaconda/envs/testenv/lib/python3.11/site-packages/numpy/lib/function_base.py:2455: RuntimeWarning: divide by zero encountered in func (vectorized)
  outputs = ufunc(*inputs)
/projects/muyang@colostate.edu/software/anaconda/envs/testenv/lib/python3.11/site-packages/numpy/lib/function_base.py:2455: RuntimeWarning: invalid value encountered in func (vectorized)
  outputs = ufunc(*inputs)
950
2023-11-14 20:02:54
1000
2023-11-14 20:06:31
elapsed:  4217.5  seconds
/projects/muyang@colostate.edu/software/anaconda/envs/testenv/lib/python3.11/site-packages/numpy/lib/function_base.py:2455: RuntimeWarning: divide by zero encountered in func (vectorized)
  outputs = ufunc(*inputs)
/projects/muyang@colostate.edu/software/anaconda/envs/testenv/lib/python3.11/site-packages/numpy/lib/function_base.py:2455: RuntimeWarning: invalid value encountered in func (vectorized)
  outputs = ufunc(*inputs)
1050
2023-11-14 20:10:12
1100
2023-11-14 20:13:50
elapsed:  4656.9  seconds
1150
2023-11-14 20:17:31
/projects/muyang@colostate.edu/software/anaconda/envs/testenv/lib/python3.11/site-packages/numpy/lib/function_base.py:2455: RuntimeWarning: divide by zero encountered in func (vectorized)
  outputs = ufunc(*inputs)
/projects/muyang@colostate.edu/software/anaconda/envs/testenv/lib/python3.11/site-packages/numpy/lib/function_base.py:2455: RuntimeWarning: invalid value encountered in func (vectorized)
  outputs = ufunc(*inputs)
1200
2023-11-14 20:21:06
elapsed:  5092.5  seconds
1250
2023-11-14 20:24:47
1300
2023-11-14 20:28:26
elapsed:  5533.1  seconds
/projects/muyang@colostate.edu/software/anaconda/envs/testenv/lib/python3.11/site-packages/numpy/lib/function_base.py:2455: RuntimeWarning: divide by zero encountered in func (vectorized)
  outputs = ufunc(*inputs)
/projects/muyang@colostate.edu/software/anaconda/envs/testenv/lib/python3.11/site-packages/numpy/lib/function_base.py:2455: RuntimeWarning: invalid value encountered in func (vectorized)
  outputs = ufunc(*inputs)
1350
2023-11-14 20:32:06
1400
2023-11-14 20:35:44
elapsed:  5970.3  seconds
/projects/muyang@colostate.edu/software/anaconda/envs/testenv/lib/python3.11/site-packages/numpy/lib/function_base.py:2455: RuntimeWarning: divide by zero encountered in func (vectorized)
  outputs = ufunc(*inputs)
/projects/muyang@colostate.edu/software/anaconda/envs/testenv/lib/python3.11/site-packages/numpy/lib/function_base.py:2455: RuntimeWarning: invalid value encountered in func (vectorized)
  outputs = ufunc(*inputs)
1450
2023-11-14 20:39:22
1500
2023-11-14 20:43:01
elapsed:  6407.3  seconds
1550
2023-11-14 20:46:40
1600
2023-11-14 20:50:18
elapsed:  6844.7  seconds
/projects/muyang@colostate.edu/software/anaconda/envs/testenv/lib/python3.11/site-packages/numpy/lib/function_base.py:2455: RuntimeWarning: divide by zero encountered in func (vectorized)
  outputs = ufunc(*inputs)
/projects/muyang@colostate.edu/software/anaconda/envs/testenv/lib/python3.11/site-packages/numpy/lib/function_base.py:2455: RuntimeWarning: invalid value encountered in func (vectorized)
  outputs = ufunc(*inputs)
/projects/muyang@colostate.edu/software/anaconda/envs/testenv/lib/python3.11/site-packages/numpy/lib/function_base.py:2455: RuntimeWarning: divide by zero encountered in func (vectorized)
  outputs = ufunc(*inputs)
/projects/muyang@colostate.edu/software/anaconda/envs/testenv/lib/python3.11/site-packages/numpy/lib/function_base.py:2455: RuntimeWarning: invalid value encountered in func (vectorized)
  outputs = ufunc(*inputs)
/projects/muyang@colostate.edu/software/anaconda/envs/testenv/lib/python3.11/site-packages/numpy/lib/function_base.py:2455: RuntimeWarning: divide by zero encountered in func (vectorized)
  outputs = ufunc(*inputs)
/projects/muyang@colostate.edu/software/anaconda/envs/testenv/lib/python3.11/site-packages/numpy/lib/function_base.py:2455: RuntimeWarning: invalid value encountered in func (vectorized)
  outputs = ufunc(*inputs)
1650
2023-11-14 20:53:56
1700
2023-11-14 20:57:34
elapsed:  7280.6  seconds
1750
2023-11-14 21:01:14
1800
2023-11-14 21:04:52
elapsed:  7718.4  seconds
1850
2023-11-14 21:08:32
1900
2023-11-14 21:12:12
elapsed:  8158.3  seconds
1950
2023-11-14 21:15:54
2000
2023-11-14 21:19:33
elapsed:  8599.4  seconds
2050
2023-11-14 21:23:14
2100
2023-11-14 21:26:51
elapsed:  9037.7  seconds
/projects/muyang@colostate.edu/software/anaconda/envs/testenv/lib/python3.11/site-packages/numpy/lib/function_base.py:2455: RuntimeWarning: divide by zero encountered in func (vectorized)
  outputs = ufunc(*inputs)
/projects/muyang@colostate.edu/software/anaconda/envs/testenv/lib/python3.11/site-packages/numpy/lib/function_base.py:2455: RuntimeWarning: invalid value encountered in func (vectorized)
  outputs = ufunc(*inputs)
/projects/muyang@colostate.edu/software/anaconda/envs/testenv/lib/python3.11/site-packages/numpy/lib/function_base.py:2455: RuntimeWarning: divide by zero encountered in func (vectorized)
  outputs = ufunc(*inputs)
/projects/muyang@colostate.edu/software/anaconda/envs/testenv/lib/python3.11/site-packages/numpy/lib/function_base.py:2455: RuntimeWarning: invalid value encountered in func (vectorized)
  outputs = ufunc(*inputs)
2150
2023-11-14 21:30:32
/projects/muyang@colostate.edu/software/anaconda/envs/testenv/lib/python3.11/site-packages/numpy/lib/function_base.py:2455: RuntimeWarning: divide by zero encountered in func (vectorized)
  outputs = ufunc(*inputs)
/projects/muyang@colostate.edu/software/anaconda/envs/testenv/lib/python3.11/site-packages/numpy/lib/function_base.py:2455: RuntimeWarning: invalid value encountered in func (vectorized)
  outputs = ufunc(*inputs)
2200
2023-11-14 21:34:11
elapsed:  9477.6  seconds
2250
2023-11-14 21:37:49
2300
2023-11-14 21:41:27
elapsed:  9913.5  seconds
/projects/muyang@colostate.edu/software/anaconda/envs/testenv/lib/python3.11/site-packages/numpy/lib/function_base.py:2455: RuntimeWarning: divide by zero encountered in func (vectorized)
  outputs = ufunc(*inputs)
/projects/muyang@colostate.edu/software/anaconda/envs/testenv/lib/python3.11/site-packages/numpy/lib/function_base.py:2455: RuntimeWarning: invalid value encountered in func (vectorized)
  outputs = ufunc(*inputs)
2350
2023-11-14 21:45:07
/projects/muyang@colostate.edu/software/anaconda/envs/testenv/lib/python3.11/site-packages/numpy/lib/function_base.py:2455: RuntimeWarning: divide by zero encountered in func (vectorized)
  outputs = ufunc(*inputs)
/projects/muyang@colostate.edu/software/anaconda/envs/testenv/lib/python3.11/site-packages/numpy/lib/function_base.py:2455: RuntimeWarning: invalid value encountered in func (vectorized)
  outputs = ufunc(*inputs)
2400
2023-11-14 21:48:46
elapsed:  10352.3  seconds
/projects/muyang@colostate.edu/software/anaconda/envs/testenv/lib/python3.11/site-packages/numpy/lib/function_base.py:2455: RuntimeWarning: divide by zero encountered in func (vectorized)
  outputs = ufunc(*inputs)
/projects/muyang@colostate.edu/software/anaconda/envs/testenv/lib/python3.11/site-packages/numpy/lib/function_base.py:2455: RuntimeWarning: invalid value encountered in func (vectorized)
  outputs = ufunc(*inputs)
2450
2023-11-14 21:52:26
2500
2023-11-14 21:56:04
elapsed:  10791.1  seconds
2550
2023-11-14 21:59:45
2600
2023-11-14 22:03:24
elapsed:  11231.0  seconds
2650
2023-11-14 22:07:04
/projects/muyang@colostate.edu/software/anaconda/envs/testenv/lib/python3.11/site-packages/numpy/lib/function_base.py:2455: RuntimeWarning: divide by zero encountered in func (vectorized)
  outputs = ufunc(*inputs)
/projects/muyang@colostate.edu/software/anaconda/envs/testenv/lib/python3.11/site-packages/numpy/lib/function_base.py:2455: RuntimeWarning: invalid value encountered in func (vectorized)
  outputs = ufunc(*inputs)
/projects/muyang@colostate.edu/software/anaconda/envs/testenv/lib/python3.11/site-packages/numpy/lib/function_base.py:2455: RuntimeWarning: divide by zero encountered in func (vectorized)
  outputs = ufunc(*inputs)
/projects/muyang@colostate.edu/software/anaconda/envs/testenv/lib/python3.11/site-packages/numpy/lib/function_base.py:2455: RuntimeWarning: invalid value encountered in func (vectorized)
  outputs = ufunc(*inputs)
2700
2023-11-14 22:10:41
elapsed:  11668.0  seconds
2750
2023-11-14 22:14:18
/projects/muyang@colostate.edu/software/anaconda/envs/testenv/lib/python3.11/site-packages/numpy/lib/function_base.py:2455: RuntimeWarning: divide by zero encountered in func (vectorized)
  outputs = ufunc(*inputs)
/projects/muyang@colostate.edu/software/anaconda/envs/testenv/lib/python3.11/site-packages/numpy/lib/function_base.py:2455: RuntimeWarning: invalid value encountered in func (vectorized)
  outputs = ufunc(*inputs)
2800
2023-11-14 22:17:54
elapsed:  12100.7  seconds
2850
2023-11-14 22:21:31
2900
2023-11-14 22:25:06
elapsed:  12532.6  seconds
2950
2023-11-14 22:28:44
3000
2023-11-14 22:32:21
elapsed:  12967.7  seconds
/projects/muyang@colostate.edu/software/anaconda/envs/testenv/lib/python3.11/site-packages/numpy/lib/function_base.py:2455: RuntimeWarning: divide by zero encountered in func (vectorized)
  outputs = ufunc(*inputs)
/projects/muyang@colostate.edu/software/anaconda/envs/testenv/lib/python3.11/site-packages/numpy/lib/function_base.py:2455: RuntimeWarning: invalid value encountered in func (vectorized)
  outputs = ufunc(*inputs)
3050
2023-11-14 22:35:56
3100
2023-11-14 22:39:29
elapsed:  13395.2  seconds
3150
2023-11-14 22:43:04
3200
2023-11-14 22:46:38
elapsed:  13824.8  seconds
3250
2023-11-14 22:50:12
3300
2023-11-14 22:53:46
elapsed:  14252.7  seconds
3350
2023-11-14 22:57:20
3400
2023-11-14 23:00:54
elapsed:  14680.9  seconds
3450
2023-11-14 23:04:31
3500
2023-11-14 23:08:04
elapsed:  15110.9  seconds
/projects/muyang@colostate.edu/software/anaconda/envs/testenv/lib/python3.11/site-packages/numpy/lib/function_base.py:2455: RuntimeWarning: divide by zero encountered in func (vectorized)
  outputs = ufunc(*inputs)
/projects/muyang@colostate.edu/software/anaconda/envs/testenv/lib/python3.11/site-packages/numpy/lib/function_base.py:2455: RuntimeWarning: invalid value encountered in func (vectorized)
  outputs = ufunc(*inputs)
3550
2023-11-14 23:11:42
3600
2023-11-14 23:15:16
elapsed:  15543.1  seconds
3650
2023-11-14 23:18:52
3700
2023-11-14 23:22:28
elapsed:  15974.8  seconds
3750
2023-11-14 23:26:02
3800
2023-11-14 23:29:36
elapsed:  16402.7  seconds
3850
2023-11-14 23:33:14
/projects/muyang@colostate.edu/software/anaconda/envs/testenv/lib/python3.11/site-packages/numpy/lib/function_base.py:2455: RuntimeWarning: divide by zero encountered in func (vectorized)
  outputs = ufunc(*inputs)
/projects/muyang@colostate.edu/software/anaconda/envs/testenv/lib/python3.11/site-packages/numpy/lib/function_base.py:2455: RuntimeWarning: invalid value encountered in func (vectorized)
  outputs = ufunc(*inputs)
3900
2023-11-14 23:36:50
elapsed:  16836.7  seconds
3950
2023-11-14 23:40:27
/projects/muyang@colostate.edu/software/anaconda/envs/testenv/lib/python3.11/site-packages/numpy/lib/function_base.py:2455: RuntimeWarning: divide by zero encountered in func (vectorized)
  outputs = ufunc(*inputs)
/projects/muyang@colostate.edu/software/anaconda/envs/testenv/lib/python3.11/site-packages/numpy/lib/function_base.py:2455: RuntimeWarning: invalid value encountered in func (vectorized)
  outputs = ufunc(*inputs)
4000
2023-11-14 23:44:04
elapsed:  17270.8  seconds
4050
2023-11-14 23:47:44
4100
2023-11-14 23:51:16
elapsed:  17702.8  seconds
4150
2023-11-14 23:54:55
4200
2023-11-14 23:58:31
elapsed:  18137.8  seconds
/projects/muyang@colostate.edu/software/anaconda/envs/testenv/lib/python3.11/site-packages/numpy/lib/function_base.py:2455: RuntimeWarning: divide by zero encountered in func (vectorized)
  outputs = ufunc(*inputs)
/projects/muyang@colostate.edu/software/anaconda/envs/testenv/lib/python3.11/site-packages/numpy/lib/function_base.py:2455: RuntimeWarning: invalid value encountered in func (vectorized)
  outputs = ufunc(*inputs)
4250
2023-11-15 00:02:08
4300
2023-11-15 00:05:39
elapsed:  18565.1  seconds
4350
2023-11-15 00:09:14
4400
2023-11-15 00:12:48
elapsed:  18994.8  seconds
4450
2023-11-15 00:16:22
4500
2023-11-15 00:20:00
elapsed:  19427.1  seconds
4550
2023-11-15 00:23:42
4600
2023-11-15 00:27:19
elapsed:  19865.7  seconds
4650
2023-11-15 00:30:57
4700
2023-11-15 00:34:35
elapsed:  20301.5  seconds
4750
2023-11-15 00:38:14
/projects/muyang@colostate.edu/software/anaconda/envs/testenv/lib/python3.11/site-packages/numpy/lib/function_base.py:2455: RuntimeWarning: divide by zero encountered in func (vectorized)
  outputs = ufunc(*inputs)
/projects/muyang@colostate.edu/software/anaconda/envs/testenv/lib/python3.11/site-packages/numpy/lib/function_base.py:2455: RuntimeWarning: invalid value encountered in func (vectorized)
  outputs = ufunc(*inputs)
4800
2023-11-15 00:41:54
elapsed:  20740.3  seconds
4850
2023-11-15 00:45:35
4900
2023-11-15 00:49:11
elapsed:  21177.8  seconds
4950
2023-11-15 00:52:50
elapsed:  21610.7  seconds
total time:  21616.7  seconds
true R:  [[6.08460831e-01 4.23544174e-01 1.94149162e+00 9.41921156e-01
  8.14696406e-01 1.05472601e+00 3.47622908e-01 6.84644415e-01
  6.08337521e-01 3.02721196e-01 3.09182436e+00 1.98276569e+01
  1.81874560e-01 1.86251369e-01 4.56674565e-01 1.23196165e+00
  2.16173045e+00 5.88351315e-01 4.82399248e+00 6.61648860e+00
  1.63448194e-01 5.23196682e-01 1.52224036e+00 1.76651786e+01
  2.69679228e-01 6.51822886e-01 4.51756812e-01 9.64022701e-01
  5.23932992e-01 9.15211384e-02 4.90139500e-01 4.51259299e+00
  4.43040292e-01 2.75676405e-01 1.11319281e+01 8.11556215e+00
  7.60303610e+00 3.44508259e+00 6.10040874e-01 4.20804120e-01
  1.03395474e+00 4.51634555e+00 2.41713745e-01 1.01094527e+00
  6.88183144e-01 3.55740588e+00 1.48602327e+02 1.64422270e-01
  3.59071925e+00 3.81648073e+01 1.58501197e+02 2.38639916e+00
  2.49856507e+00 1.56431904e+01 1.77566268e+02 2.56208448e+00
  1.18221286e+00 1.20853574e+00 5.04509772e+00 2.21936732e+01
  1.35490857e+00 7.66249061e-01 2.72858632e+00 1.31001266e+00]
 [2.65123956e+01 1.74901573e+00 1.14667958e-01 7.09638831e-01
  5.07413182e+01 2.04178541e-01 1.79302057e-01 3.53667963e-01
  4.48782691e-01 7.94660599e+00 1.90662923e+00 1.81654707e+00
  8.47343261e-01 7.25969044e-01 3.26247212e-01 5.94888039e-01
  4.54207234e+00 1.04219403e+00 1.25981913e+00 1.89071209e+02
  5.31801087e-01 1.34981799e+00 6.26570009e-01 5.69326779e+01
  7.39008152e+00 3.69901544e-01 9.72692905e+00 5.06449516e+00
  1.10139082e-01 1.51282252e-01 2.79199652e-01 7.26697299e-02
  2.65488775e+02 1.67696545e+00 2.58853385e+01 1.54995546e+02
  6.81026815e-01 9.60105071e-01 2.46962720e+01 1.17856851e+00
  1.13922622e+01 1.67888511e+00 4.55689768e+02 2.78186012e+01
  1.98221156e+00 1.54504808e+00 1.39879776e+00 6.30685542e-01
  6.93414474e-01 4.35928542e-01 2.77414945e-01 1.32890747e+00
  1.52363404e+00 8.91628161e-02 5.92082645e+02 2.25440315e-01
  9.96638895e-01 1.26395442e-01 1.01656238e+00 2.00993257e-01
  3.91446530e-01 9.30476655e-01 3.31433388e+00 2.57091648e+01]
 [6.73001970e+00 1.39162982e+00 1.35064258e-01 6.83876621e-01
  3.32476716e-01 2.51195877e+01 5.01034459e+00 5.81197223e-01
  1.54824481e+00 6.65508007e-01 2.13290585e-01 3.58573607e-01
  5.27003852e-01 1.75765197e-01 8.41244173e+01 1.01548414e+00
  5.86355131e+00 2.29302690e-01 4.01807456e+00 7.30682399e+01
  4.24792749e-01 1.98155194e+00 5.76337480e+00 2.97209933e+01
  1.22750632e+00 4.14156325e+00 3.82390912e+00 1.58192057e+01
  4.11817937e-01 3.12358784e-01 3.00410128e+00 3.93198061e-01
  1.69209827e+01 2.35800238e-01 2.32651137e+00 6.20788538e+00
  9.18811252e-01 1.61490985e+02 2.54259012e+00 8.35055870e+01
  3.26027209e+00 1.56607532e+00 2.19203798e+01 2.47534343e-01
  3.13617246e-01 2.82171977e-01 6.13536692e+01 4.55767956e-01
  2.31447900e+00 1.91256833e+00 1.53624411e-01 1.31418786e+01
  2.81086669e-01 1.39900767e+00 3.97965601e-01 5.18128866e-01
  1.94593171e-01 4.62911143e-01 1.98729843e-01 2.16244073e-01
  1.57667264e-01 2.23374579e-01 3.93292369e-01 5.07378787e+00]
 [7.69243224e+00 1.17971722e+00 1.72060366e+00 1.64118728e-01
  4.90048730e-01 2.92679832e+00 1.63315627e+00 1.10885217e-01
  1.78366264e+00 7.85894159e-01 7.03931009e-01 1.74663511e-01
  5.02574419e+01 2.15029157e-01 1.57252215e-01 4.63050597e-01
  6.93484407e+02 5.97174504e-01 4.66348384e+00 5.29155200e-01
  1.32895288e-01 5.55354548e-01 2.64244812e+02 1.60273237e+00
  1.89842045e+00 6.62291991e+01 2.76541534e-01 1.86616631e-01
  6.91337683e+03 4.27884248e+00 1.61507620e-01 2.61419118e+01
  7.15082002e-01 3.12189685e-01 5.91382752e+00 2.05816754e+02
  4.18658471e+01 1.87024727e+01 4.64808709e+00 1.01867326e+01
  2.67071888e-01 3.87082748e+00 4.92350770e-01 7.69580142e-01
  1.45636994e+00 5.34144774e-01 2.67670721e-01 3.49393115e-01
  1.11170363e+01 2.42474216e+00 2.29736449e+01 3.66825888e+01
  3.77684958e+00 1.08155185e+00 3.40782626e+00 1.63096895e+00
  2.69312379e+00 7.91447058e-01 1.77359375e+01 1.66036996e+01
  1.48691436e+00 5.85543372e+00 1.15732426e+00 1.87146626e+00]
 [6.24300695e+00 2.09423338e-01 1.23135905e+00 1.57436900e-01
  1.82212069e-01 2.84075229e-01 1.02370704e+00 5.81810538e+00
  8.01112468e-01 2.43727876e+02 1.34044539e+00 9.94100846e+01
  6.53824088e+01 1.29899018e+00 2.49176316e-01 6.97380592e+00
  3.26781040e-01 4.32911899e-01 1.87886879e+01 6.61475852e-01
  2.21864831e-01 4.06374891e-01 8.34718908e-01 7.86021379e+00
  9.83438585e-01 1.76223316e-01 2.06739852e+00 1.58302626e+00
  3.77510188e+01 3.34136945e+00 2.28985843e+00 1.98711115e+00
  3.38339920e-01 2.68951808e+01 1.86022579e+00 8.29521929e-01
  8.97696342e+00 3.74225109e-01 2.36800688e+00 1.82944862e-01
  4.15795264e+01 2.56757276e+00 5.36071055e-01 5.42257514e-01
  4.48657766e+02 2.12582891e+01 6.88468375e+00 1.00841904e-01
  2.48794081e+00 4.28585889e+00 1.92787238e-01 1.07986721e+00
  7.66150170e-01 1.59742103e+00 5.24203158e+01 4.43013651e+03
  6.88252832e-01 3.16855397e-01 1.41498666e-01 1.36909849e+00
  8.35466319e-01 1.07024441e+00 3.42890753e-01 5.47141733e-01]
 [7.16270475e-01 1.39813968e+00 1.94437717e-01 1.65166589e+01
  9.77776259e+00 1.20335468e+02 2.16065035e+00 1.16492016e+01
  7.33636177e-01 1.98457138e-01 6.00813765e+00 9.93518649e+01
  4.56722624e-02 3.41779793e+01 1.21118751e+01 1.97418275e+00
  6.26130022e-01 2.60769231e+00 2.49663872e+01 1.66764861e+00
  6.89312205e-01 1.81413698e-01 2.11288165e+00 3.54258662e-01
  8.47975242e+01 2.70033761e+00 1.32228111e+00 2.55111560e+00
  1.91428097e-01 5.27445629e-01 5.00022730e+00 9.95518074e+02
  1.11834845e-01 1.75530476e+00 3.02613688e+01 6.54372190e-01
  2.40615164e+01 2.18050986e+00 1.73851992e+00 8.80746480e-01
  1.90197302e-01 4.16826668e-01 1.33636673e+00 2.37459976e+00
  1.00527567e+00 4.46826155e-01 3.43930816e+00 5.29508037e+00
  3.56281532e+00 2.07112044e-01 1.47348980e+03 8.91654546e-01
  2.10595563e+00 5.00938768e-01 8.00552386e+00 1.32324299e+01
  1.89242008e-01 3.96835857e+00 9.25900200e-01 3.88304637e-01
  8.34816751e-01 6.36792315e+01 8.18494696e+01 4.14835614e+01]
 [2.52737407e-01 3.29125019e+01 3.94886576e-01 5.52306378e-01
  1.25598473e+01 5.75822765e-01 9.51484634e+00 6.14819923e-01
  2.20208985e+01 1.19235291e+00 3.07816382e-01 8.70467832e+01
  4.52057961e+00 4.74599825e-01 1.99983214e+00 9.52791578e-02
  2.56441315e-01 1.19517066e+00 3.20862636e+00 2.79953789e+06
  2.12066465e+01 2.73240384e-01 1.72829216e+01 1.15679367e+00
  3.07771322e-01 4.07034042e-01 5.67779805e+00 1.71114603e-01
  1.39584738e-01 1.48227515e+01 2.07588045e-01 2.90050595e+00
  1.05018025e+00 1.35284042e+00 9.68877365e-02 5.79435434e-01
  3.12906368e-01 2.36522907e-01 6.81260200e-01 7.05956260e+00
  1.51478640e+00 4.19207817e+00 1.63184635e+00 7.22677085e+00
  9.63135732e-01 1.41567867e+00 2.11660868e+00 1.41115011e+00
  7.04327489e-01 3.19927888e-01 3.02525312e-01 1.00729164e+00
  1.03923706e-01 7.63955661e-01 4.71078160e+01 1.15410098e-01
  1.23673736e+00 8.89424254e+00 2.31749187e+01 1.76350701e+00
  6.51396380e+00 1.25783219e+00 1.40349237e+00 1.29748481e+03]
 [1.50037321e+01 2.90617979e-01 4.54225171e-01 8.04894736e+01
  3.43010460e+00 1.30761394e+00 1.37612384e-01 1.91083570e+01
  1.02201964e+01 7.11563165e-01 4.45271158e-01 1.34523236e+00
  1.56292632e+01 4.32389061e-01 7.06456431e-01 1.11530665e+01
  4.42322560e-01 1.91743501e+03 6.57287931e+02 1.45673783e-01
  9.26130388e+01 1.77047250e-01 8.96504310e+01 1.15344838e+00
  2.40286186e+01 7.36331208e-01 5.07076103e+03 2.67804386e+01
  6.06549895e-01 3.43394045e+04 2.66040005e-01 1.94499647e-01
  2.49311680e-01 1.21330101e-01 3.38306491e+00 2.71578327e+00
  5.40450324e-01 2.20830530e+00 4.84780635e-01 1.89568168e+00
  1.26533319e+00 2.03895334e-01 3.66248273e-01 4.95606763e-02
  2.11823773e-01 1.18341352e+00 9.73414288e-01 6.63137449e+00
  3.39250891e-01 4.95341374e-02 2.93008860e-01 1.97916062e+00
  9.34225041e+00 2.33987143e+00 2.73660280e-01 7.01170767e-01
  1.71650584e+01 4.21829412e+00 3.47799088e-01 1.17098076e+00
  2.29484694e-01 4.77278247e+00 7.10514801e+00 3.02472449e+01]
 [1.48160296e-01 3.35820230e-01 5.03192209e-01 2.43182486e+00
  5.92030864e-01 6.82199540e-01 7.83442180e+00 1.80731783e-01
  2.10329212e+00 1.49123171e-01 6.24821177e-01 2.65777256e-01
  2.66277018e+00 8.60310920e-01 7.39819148e+01 1.01664766e+00
  7.50216747e-01 3.02915228e+00 1.62299737e+00 5.31693166e+00
  1.39000423e-01 3.40168135e+01 2.26997741e+01 2.06119126e-01
  4.04330421e-01 4.24348457e-01 1.68503842e+00 1.68895790e+02
  1.87705539e+01 1.05384774e-01 2.07476369e-01 1.11710055e+01
  1.17746833e+00 2.51308395e+00 1.81102593e+00 6.01355158e-01
  4.82017241e+00 1.75528402e-01 1.47560281e+00 4.31779579e-01
  2.94196606e+03 1.75003937e-01 1.74279976e+01 5.35090833e-01
  1.61928159e+00 1.70317296e+03 1.54580546e+00 5.20939955e+00
  2.77406695e-01 1.36703782e+01 2.24531052e+00 1.78606602e-01
  8.33231593e-01 4.38662524e-01 5.31215687e+01 4.39663665e+00
  8.44650141e-01 2.57202761e-01 3.57450489e-01 3.00064020e-01
  5.07430723e+00 4.90828466e-01 2.11053450e-01 2.89806597e+00]]
