1
50
2023-11-04 00:55:55
100
2023-11-04 00:57:35
elapsed:  201.7  seconds
150
2023-11-04 00:59:28
200
2023-11-04 01:01:23
elapsed:  429.4  seconds
250
2023-11-04 01:03:23
300
2023-11-04 01:05:23
elapsed:  669.1  seconds
350
2023-11-04 01:07:20
400
2023-11-04 01:09:20
elapsed:  905.9  seconds
450
2023-11-04 01:11:22
500
2023-11-04 01:13:26
elapsed:  1152.0  seconds
550
2023-11-04 01:15:23
600
2023-11-04 01:17:13
elapsed:  1379.0  seconds
650
2023-11-04 01:19:03
700
2023-11-04 01:21:03
elapsed:  1609.2  seconds
750
2023-11-04 01:23:12
800
2023-11-04 01:25:23
elapsed:  1869.2  seconds
850
2023-11-04 01:27:24
900
2023-11-04 01:29:31
elapsed:  2117.7  seconds
950
2023-11-04 01:31:33
1000
2023-11-04 01:33:41
elapsed:  2367.2  seconds
1050
2023-11-04 01:35:51
1100
2023-11-04 01:37:58
elapsed:  2624.6  seconds
1150
2023-11-04 01:40:07
1200
2023-11-04 01:42:01
elapsed:  2867.7  seconds
1250
2023-11-04 01:43:59
1300
2023-11-04 01:46:04
elapsed:  3109.9  seconds
1350
2023-11-04 01:48:15
1400
2023-11-04 01:50:23
elapsed:  3369.0  seconds
1450
2023-11-04 01:52:27
1500
2023-11-04 01:54:24
elapsed:  3610.0  seconds
1550
2023-11-04 01:56:25
1600
2023-11-04 01:58:19
elapsed:  3845.0  seconds
1650
2023-11-04 02:00:14
1700
2023-11-04 02:02:15
elapsed:  4081.3  seconds
1750
2023-11-04 02:04:22
1800
2023-11-04 02:06:28
elapsed:  4333.9  seconds
1850
2023-11-04 02:08:43
1900
2023-11-04 02:10:49
elapsed:  4594.9  seconds
1950
2023-11-04 02:12:55
2000
2023-11-04 02:15:00
elapsed:  4846.2  seconds
2050
2023-11-04 02:17:03
2100
2023-11-04 02:18:51
elapsed:  5077.5  seconds
2150
2023-11-04 02:20:41
2200
2023-11-04 02:22:53
elapsed:  5319.0  seconds
2250
2023-11-04 02:24:55
2300
2023-11-04 02:26:50
elapsed:  5556.6  seconds
2350
2023-11-04 02:28:58
2400
2023-11-04 02:31:00
elapsed:  5806.2  seconds
2450
2023-11-04 02:33:16
2500
2023-11-04 02:35:16
elapsed:  6062.8  seconds
2550
2023-11-04 02:37:28
2600
2023-11-04 02:39:30
elapsed:  6316.2  seconds
2650
2023-11-04 02:41:33
2700
2023-11-04 02:43:45
elapsed:  6571.2  seconds
2750
2023-11-04 02:45:50
2800
2023-11-04 02:48:02
elapsed:  6828.3  seconds
2850
2023-11-04 02:50:09
2900
2023-11-04 02:52:14
elapsed:  7080.4  seconds
2950
2023-11-04 02:54:20
3000
2023-11-04 02:56:25
elapsed:  7331.5  seconds
3050
2023-11-04 02:58:30
3100
2023-11-04 03:00:38
elapsed:  7584.4  seconds
3150
2023-11-04 03:02:46
3200
2023-11-04 03:04:47
elapsed:  7833.4  seconds
3250
2023-11-04 03:06:46
3300
2023-11-04 03:08:51
elapsed:  8077.6  seconds
3350
2023-11-04 03:11:00
3400
2023-11-04 03:13:10
elapsed:  8336.6  seconds
3450
2023-11-04 03:14:54
3500
2023-11-04 03:17:00
elapsed:  8566.8  seconds
3550
2023-11-04 03:19:01
3600
2023-11-04 03:21:13
elapsed:  8819.3  seconds
3650
2023-11-04 03:23:24
3700
2023-11-04 03:25:36
elapsed:  9082.4  seconds
3750
2023-11-04 03:27:46
3800
2023-11-04 03:29:49
elapsed:  9335.2  seconds
3850
2023-11-04 03:31:49
3900
2023-11-04 03:34:03
elapsed:  9589.0  seconds
3950
2023-11-04 03:36:14
4000
2023-11-04 03:38:15
elapsed:  9841.0  seconds
4050
2023-11-04 03:40:31
4100
2023-11-04 03:42:36
elapsed:  10102.3  seconds
4150
2023-11-04 03:44:39
4200
2023-11-04 03:46:47
elapsed:  10353.5  seconds
4250
2023-11-04 03:48:50
4300
2023-11-04 03:50:52
elapsed:  10598.6  seconds
4350
2023-11-04 03:53:00
4400
2023-11-04 03:55:09
elapsed:  10855.9  seconds
4450
2023-11-04 03:57:12
4500
2023-11-04 03:59:21
elapsed:  11106.9  seconds
4550
2023-11-04 04:01:31
4600
2023-11-04 04:03:44
elapsed:  11370.3  seconds
4650
2023-11-04 04:05:44
4700
2023-11-04 04:07:50
elapsed:  11616.6  seconds
4750
2023-11-04 04:09:58
4800
2023-11-04 04:12:08
elapsed:  11874.6  seconds
4850
2023-11-04 04:14:03
4900
2023-11-04 04:16:08
elapsed:  12114.4  seconds
4950
2023-11-04 04:18:22
5000
2023-11-04 04:20:30
elapsed:  12376.1  seconds
5050
2023-11-04 04:22:39
5100
2023-11-04 04:24:46
elapsed:  12632.0  seconds
5150
2023-11-04 04:26:55
5200
2023-11-04 04:28:58
elapsed:  12884.3  seconds
5250
2023-11-04 04:31:01
5300
2023-11-04 04:33:08
elapsed:  13134.8  seconds
5350
2023-11-04 04:35:14
5400
2023-11-04 04:37:31
elapsed:  13397.7  seconds
5450
2023-11-04 04:39:43
5500
2023-11-04 04:41:47
elapsed:  13653.4  seconds
5550
2023-11-04 04:44:00
5600
2023-11-04 04:46:00
elapsed:  13906.6  seconds
5650
2023-11-04 04:48:04
5700
2023-11-04 04:50:08
elapsed:  14154.8  seconds
5750
2023-11-04 04:52:14
5800
2023-11-04 04:54:17
elapsed:  14403.2  seconds
5850
2023-11-04 04:56:13
5900
2023-11-04 04:58:18
elapsed:  14644.7  seconds
5950
2023-11-04 05:00:34
6000
2023-11-04 05:02:32
elapsed:  14898.0  seconds
6050
2023-11-04 05:04:29
6100
2023-11-04 05:06:34
elapsed:  15139.9  seconds
6150
2023-11-04 05:08:18
6200
2023-11-04 05:09:52
elapsed:  15338.8  seconds
6250
2023-11-04 05:11:51
6300
2023-11-04 05:13:23
elapsed:  15549.5  seconds
6350
2023-11-04 05:15:22
6400
2023-11-04 05:17:06
elapsed:  15772.1  seconds
6450
2023-11-04 05:19:10
6500
2023-11-04 05:21:09
elapsed:  16015.1  seconds
6550
2023-11-04 05:23:10
6600
2023-11-04 05:25:17
elapsed:  16263.0  seconds
6650
2023-11-04 05:27:27
6700
2023-11-04 05:29:33
elapsed:  16519.0  seconds
6750
2023-11-04 05:31:41
6800
2023-11-04 05:33:47
elapsed:  16773.5  seconds
6850
2023-11-04 05:35:56
6900
2023-11-04 05:38:13
elapsed:  17039.7  seconds
6950
2023-11-04 05:40:21
7000
2023-11-04 05:42:30
elapsed:  17296.6  seconds
7050
2023-11-04 05:44:41
7100
2023-11-04 05:46:54
elapsed:  17560.1  seconds
7150
2023-11-04 05:49:01
7200
2023-11-04 05:51:09
elapsed:  17815.0  seconds
7250
2023-11-04 05:53:18
7300
2023-11-04 05:55:12
elapsed:  18058.2  seconds
7350
2023-11-04 05:57:21
7400
2023-11-04 05:59:32
elapsed:  18318.6  seconds
7450
2023-11-04 06:01:36
7500
2023-11-04 06:03:43
elapsed:  18569.8  seconds
7550
2023-11-04 06:05:45
7600
2023-11-04 06:07:41
elapsed:  18807.8  seconds
7650
2023-11-04 06:09:46
7700
2023-11-04 06:11:48
elapsed:  19054.1  seconds
7750
2023-11-04 06:13:57
7800
2023-11-04 06:16:11
elapsed:  19317.6  seconds
7850
2023-11-04 06:18:19
7900
2023-11-04 06:20:26
elapsed:  19572.4  seconds
7950
2023-11-04 06:22:32
8000
2023-11-04 06:24:33
elapsed:  19819.6  seconds
8050
2023-11-04 06:26:45
8100
2023-11-04 06:28:51
elapsed:  20077.5  seconds
8150
2023-11-04 06:30:53
8200
2023-11-04 06:33:01
elapsed:  20327.1  seconds
8250
2023-11-04 06:35:10
8300
2023-11-04 06:37:14
elapsed:  20580.0  seconds
8350
2023-11-04 06:39:25
8400
2023-11-04 06:41:33
elapsed:  20838.9  seconds
8450
2023-11-04 06:43:49
8500
2023-11-04 06:45:48
elapsed:  21094.6  seconds
8550
2023-11-04 06:47:51
8600
2023-11-04 06:49:53
elapsed:  21338.9  seconds
8650
2023-11-04 06:51:52
8700
2023-11-04 06:53:48
elapsed:  21574.3  seconds
8750
2023-11-04 06:56:01
8800
2023-11-04 06:58:02
elapsed:  21828.0  seconds
8850
2023-11-04 07:00:07
8900
2023-11-04 07:02:15
elapsed:  22081.6  seconds
8950
2023-11-04 07:04:24
9000
2023-11-04 07:06:29
elapsed:  22335.4  seconds
9050
2023-11-04 07:08:32
9100
2023-11-04 07:10:36
elapsed:  22582.2  seconds
9150
2023-11-04 07:12:34
9200
2023-11-04 07:14:46
elapsed:  22832.0  seconds
9250
2023-11-04 07:16:58
9300
2023-11-04 07:19:06
elapsed:  23092.4  seconds
9350
2023-11-04 07:21:17
9400
2023-11-04 07:23:25
elapsed:  23351.3  seconds
9450
2023-11-04 07:25:29
9500
2023-11-04 07:27:28
elapsed:  23594.0  seconds
9550
2023-11-04 07:29:36
9600
2023-11-04 07:31:43
elapsed:  23849.3  seconds
9650
2023-11-04 07:33:53
9700
2023-11-04 07:36:00
elapsed:  24106.2  seconds
9750
2023-11-04 07:37:57
9800
2023-11-04 07:40:05
elapsed:  24351.2  seconds
9850
2023-11-04 07:42:11
9900
2023-11-04 07:44:13
elapsed:  24599.4  seconds
9950
2023-11-04 07:46:16
10000
2023-11-04 07:48:21
elapsed:  24847.2  seconds
10050
2023-11-04 07:50:29
10100
2023-11-04 07:52:33
elapsed:  25099.5  seconds
10150
2023-11-04 07:54:33
10200
2023-11-04 07:56:35
elapsed:  25341.2  seconds
10250
2023-11-04 07:58:50
10300
2023-11-04 08:00:59
elapsed:  25604.9  seconds
10350
2023-11-04 08:02:58
10400
2023-11-04 08:05:08
elapsed:  25854.4  seconds
10450
2023-11-04 08:07:07
10500
2023-11-04 08:09:06
elapsed:  26092.3  seconds
10550
2023-11-04 08:10:54
10600
2023-11-04 08:12:56
elapsed:  26322.0  seconds
10650
2023-11-04 08:14:53
10700
2023-11-04 08:16:41
elapsed:  26546.9  seconds
10750
2023-11-04 08:18:49
10800
2023-11-04 08:20:52
elapsed:  26798.3  seconds
10850
2023-11-04 08:22:53
10900
2023-11-04 08:25:01
elapsed:  27047.2  seconds
10950
2023-11-04 08:27:07
11000
2023-11-04 08:29:09
elapsed:  27295.7  seconds
11050
2023-11-04 08:31:21
11100
2023-11-04 08:33:34
elapsed:  27560.2  seconds
11150
2023-11-04 08:35:42
11200
2023-11-04 08:37:49
elapsed:  27815.6  seconds
11250
2023-11-04 08:39:48
11300
2023-11-04 08:41:49
elapsed:  28055.3  seconds
11350
2023-11-04 08:44:00
11400
2023-11-04 08:46:07
elapsed:  28313.5  seconds
11450
2023-11-04 08:48:19
11500
2023-11-04 08:50:30
elapsed:  28576.0  seconds
11550
2023-11-04 08:52:44
11600
2023-11-04 08:54:52
elapsed:  28838.6  seconds
11650
2023-11-04 08:57:11
11700
2023-11-04 08:59:15
elapsed:  29101.6  seconds
11750
2023-11-04 09:01:21
11800
2023-11-04 09:03:18
elapsed:  29344.4  seconds
11850
2023-11-04 09:05:25
11900
2023-11-04 09:07:28
elapsed:  29594.4  seconds
11950
2023-11-04 09:09:44
12000
2023-11-04 09:11:44
elapsed:  29850.2  seconds
12050
2023-11-04 09:13:49
12100
2023-11-04 09:15:54
elapsed:  30100.6  seconds
12150
2023-11-04 09:18:04
12200
2023-11-04 09:20:24
elapsed:  30370.1  seconds
12250
2023-11-04 09:22:26
12300
2023-11-04 09:24:27
elapsed:  30613.7  seconds
12350
2023-11-04 09:26:33
12400
2023-11-04 09:28:37
elapsed:  30863.0  seconds
12450
2023-11-04 09:30:52
12500
2023-11-04 09:33:01
elapsed:  31127.4  seconds
12550
2023-11-04 09:35:17
12600
2023-11-04 09:37:22
elapsed:  31388.0  seconds
12650
2023-11-04 09:39:21
12700
2023-11-04 09:41:25
elapsed:  31631.7  seconds
12750
2023-11-04 09:43:25
12800
2023-11-04 09:45:17
elapsed:  31863.0  seconds
12850
2023-11-04 09:47:05
12900
2023-11-04 09:49:10
elapsed:  32096.1  seconds
12950
2023-11-04 09:51:18
13000
2023-11-04 09:53:20
elapsed:  32346.4  seconds
13050
2023-11-04 09:55:19
13100
2023-11-04 09:57:31
elapsed:  32597.4  seconds
13150
2023-11-04 09:59:40
13200
2023-11-04 10:01:43
elapsed:  32849.0  seconds
13250
2023-11-04 10:03:45
13300
2023-11-04 10:05:45
elapsed:  33091.0  seconds
13350
2023-11-04 10:07:43
13400
2023-11-04 10:09:50
elapsed:  33335.9  seconds
13450
2023-11-04 10:11:59
13500
2023-11-04 10:14:07
elapsed:  33593.5  seconds
13550
2023-11-04 10:16:19
13600
2023-11-04 10:18:21
elapsed:  33847.5  seconds
13650
2023-11-04 10:20:28
13700
2023-11-04 10:22:31
elapsed:  34097.1  seconds
13750
2023-11-04 10:24:38
13800
2023-11-04 10:26:38
elapsed:  34344.2  seconds
13850
2023-11-04 10:28:45
13900
2023-11-04 10:30:42
elapsed:  34588.9  seconds
13950
2023-11-04 10:32:57
14000
2023-11-04 10:35:03
elapsed:  34849.6  seconds
14050
2023-11-04 10:37:06
14100
2023-11-04 10:39:03
elapsed:  35089.4  seconds
14150
2023-11-04 10:41:09
14200
2023-11-04 10:43:20
elapsed:  35346.5  seconds
14250
2023-11-04 10:45:26
14300
2023-11-04 10:47:28
elapsed:  35594.8  seconds
14350
2023-11-04 10:49:40
14400
2023-11-04 10:51:38
elapsed:  35844.4  seconds
14450
2023-11-04 10:53:46
14500
2023-11-04 10:55:47
elapsed:  36093.4  seconds
14550
2023-11-04 10:57:43
14600
2023-11-04 10:59:49
elapsed:  36335.4  seconds
14650
2023-11-04 11:01:55
14700
2023-11-04 11:04:04
elapsed:  36590.8  seconds
14750
2023-11-04 11:06:12
14800
2023-11-04 11:08:20
elapsed:  36846.8  seconds
14850
2023-11-04 11:10:26
14900
2023-11-04 11:12:25
elapsed:  37091.5  seconds
14950
2023-11-04 11:14:28
elapsed:  37328.9  seconds
total time:  37333.1  seconds
true R:  [[2.58822169e-01 5.71901540e-01 2.56906188e-01 5.61353839e+00
  1.38964472e-01 1.28523534e+00 7.46214431e+00 1.59273996e-01
  6.22063914e-01 2.24652363e+00 2.17229630e-01 1.99295175e+00
  2.91560387e+00 1.05974604e-01 5.09145745e+00 5.14346634e-01
  3.86466339e+00 3.91598522e+00 3.49630224e+00 8.01221206e-02
  6.55205988e-01 1.39804208e+00 5.51073415e+00 2.80241164e+03
  3.14454635e+00 6.01606300e+00 4.05765946e+01 5.75231441e-01
  1.28666640e-01 1.27901492e+01 3.25501664e-01 5.64633309e-01
  2.06479595e+00 4.84839471e-01 6.68136726e+00 2.00610143e-01
  2.50619473e+00 5.66705988e+00 7.58293606e-01 2.97984701e+00
  8.82302733e-01 1.09621612e+00 4.25923226e-01 2.18952847e+03
  1.55911573e+00 4.27890082e-01 1.17023361e+00 3.17473831e+00
  2.34438482e+00 1.50062957e-01 6.07703850e+00 4.43514506e+00
  8.21705525e+00 1.85620484e+00 7.71878683e-01 1.90730621e-01
  7.29855703e-01 8.89275075e-01 2.04884762e+00 2.37359089e+00
  1.73494923e-01 4.48571662e-01 1.76275857e+02 2.59411211e+03]
 [5.25299474e+01 1.82589981e+00 7.26489950e-01 1.56186268e+00
  4.84375783e+03 3.65681014e-01 5.43063503e+00 6.58347588e+00
  2.03154037e+00 5.45462993e+00 6.90846133e-01 9.05197775e+04
  1.60269884e+01 1.90024348e-01 4.12813044e-01 2.78175615e+00
  2.63272128e+00 1.05639490e+00 4.53957287e+01 2.14485073e-01
  1.78766797e-01 7.70954706e+00 3.69030071e+00 3.58966724e+01
  2.87910236e+00 1.29965102e-01 9.37669455e+00 2.82586134e+00
  1.02970414e-01 2.90700297e-01 7.79978912e+00 9.86534794e-01
  3.17539576e+00 4.90033928e-01 3.32680948e+00 1.92505813e+02
  1.01919842e+00 1.36105784e+00 1.88670523e+01 2.84507212e+01
  7.12323938e-01 6.35564097e-02 5.16608397e+00 6.07886317e-01
  2.47612858e+00 7.77298757e-02 4.65955729e-01 1.36132943e+01
  2.96988062e-01 1.11462899e+02 1.01874869e+00 4.40497014e-01
  9.66223917e-02 1.70823314e+00 1.18814442e+00 1.10584242e+01
  3.12986653e-01 4.29010920e-01 5.50642897e-01 2.37501283e-01
  4.30790470e-01 8.01770729e+00 2.60893356e-01 6.85072421e-02]
 [2.99573232e-01 1.33810625e-01 2.19374147e+00 4.40777638e+01
  1.47912436e+01 1.81671804e-01 3.73769466e-01 5.73556804e-01
  3.48149995e+00 2.34544199e+03 1.00774269e+00 4.39447978e-01
  3.44371192e+00 5.13432125e-01 3.20538666e-01 5.53247157e+00
  2.81640167e+00 2.11267482e+01 5.12788330e-01 4.39410224e-01
  5.64549231e-01 1.64801844e+02 2.65511404e+00 3.61793688e+01
  6.71743546e+00 1.10448372e+00 6.52224641e-01 1.65669707e+00
  1.43898227e+01 1.41043681e+00 9.13565673e-01 4.09093250e+02
  7.55609762e-01 4.03287710e-01 3.35463522e-01 1.56381781e+00
  6.50462130e-01 2.17906963e-01 2.83691385e-01 1.10158625e+03
  4.30124094e+00 5.94103443e-01 4.49009054e-01 4.82243760e+00
  7.73471730e-02 2.57180985e+00 1.33879783e-01 2.34707667e-01
  4.69913511e-01 1.59462130e+00 9.59087205e-01 3.88852269e+00
  2.29049853e+01 2.61787553e-01 3.95723777e-01 5.72374165e+01
  7.18511526e-01 7.83845926e-01 1.07288488e+02 8.83848862e-02
  3.22802111e+02 6.84374009e+00 5.30169034e-01 6.80217510e+00]
 [8.91802187e-01 6.30162856e+00 3.88027032e+01 1.45235453e+00
  2.80078488e-01 5.68934498e-01 1.50762364e-01 3.23550338e-01
  1.92332714e-01 1.16481273e+01 7.97043405e-01 4.88957596e+01
  2.55379846e+00 9.05199206e+00 9.88792206e-01 1.26658708e+00
  1.41827295e-01 5.38955579e+00 4.99106754e+00 2.87532459e+00
  5.32749592e+01 1.46863046e+00 2.86588764e+00 4.80927796e-01
  2.51222701e-01 7.59279892e+00 7.45921635e-01 7.63037873e-01
  4.74281627e-01 4.67969179e-01 2.38582357e-01 1.94049207e+01
  1.48654329e+01 4.73198080e-01 2.14907913e+00 1.06182093e+00
  1.42076976e+02 1.53368629e+02 3.67681186e+03 1.67044257e+00
  1.67654927e-01 2.93479448e-01 5.89175025e-01 2.76672549e-01
  2.92617918e-01 1.02390151e+00 2.50374537e+01 2.96774808e-01
  4.65321364e+00 9.10307500e-01 8.87730332e+00 7.99784349e-01
  1.20642887e+02 2.76973891e+00 6.43439299e-01 1.74115739e+01
  2.89561640e+00 1.63785318e+01 9.59600951e+01 1.66235579e+00
  4.97562150e+00 4.00653012e-01 1.50593183e+00 1.17264689e+00]
 [2.79990427e-01 2.43918197e+00 2.06814468e+01 3.02833342e-01
  7.36253501e-01 7.37509717e+03 5.41920115e-02 1.00313236e+00
  8.03975378e-01 3.40819507e-01 7.05926226e-01 1.07735751e+01
  2.84465003e-01 1.66593677e+02 1.57883461e-01 6.16025315e-01
  3.87442783e-01 5.20556186e+01 8.40005445e-01 8.15018664e-01
  3.09971757e-01 9.26009962e-01 8.38772407e-02 7.04122274e-01
  1.57406157e-01 7.62174410e-01 3.02269999e-01 1.75072748e+01
  2.71419008e+00 3.29950179e-01 6.39694353e-01 1.07955520e-01
  8.29884101e-01 6.61041355e+01 4.56566801e-01 2.53580157e+00
  5.25546396e+01 1.96513555e+01 1.50396656e-01 2.26576797e+01
  3.32166132e+01 3.31476626e+01 3.38945566e-01 2.25086468e+00
  2.32179070e+01 1.28733812e-01 1.29679299e+00 1.04365101e-01
  3.61158489e-01 3.19389979e-01 8.16703089e-01 9.36832223e-02
  1.18466266e+01 3.20700626e+00 1.47625260e+01 2.09317611e+01
  1.34014347e-01 4.24652586e+00 4.91526746e+01 1.26965890e+01
  1.26388111e+01 3.53008004e-01 4.58934431e-01 6.65948049e+00]
 [7.33649683e-01 9.46104085e+01 2.38943827e+00 1.71642972e-01
  7.01421546e-01 5.89000438e-01 2.59657536e-01 8.27028553e+01
  1.93879468e-01 9.31319492e-01 3.28171770e+01 7.65375062e-01
  1.07564075e+03 1.34736655e+00 1.26683390e+00 1.45531289e+00
  4.15827696e-01 2.41278211e+01 4.32678228e+00 7.53378788e+04
  2.61185835e+00 1.11981855e+00 5.32028836e+00 8.95269514e-01
  1.01646529e-01 1.09723712e+02 3.65199079e-01 4.67057934e+00
  1.39751589e+04 3.25046151e-01 4.57737357e-01 6.91109942e-01
  4.53002309e+01 6.18327515e-01 1.32129622e-01 5.58785862e+00
  5.84799275e-01 3.25132793e-01 2.98663668e+00 2.62373053e+00
  4.60038940e-01 3.10459520e-01 9.22312774e-02 6.56196513e-01
  2.71272457e-01 6.54927801e+01 4.42245940e+00 3.12037622e+00
  1.04330999e+00 4.08014579e-01 2.40931081e+00 1.10838639e+00
  1.12841508e+00 2.02173809e+00 1.34300429e-01 4.29095789e-01
  2.43968398e+00 5.94030164e-01 5.41548142e-02 1.99696287e+00
  1.30279227e-01 1.57568354e+00 2.54087096e-01 4.18616841e-01]
 [2.02872486e-01 3.91293383e-01 8.23485380e-01 6.91832613e-01
  5.67433102e-01 7.11520055e-01 7.81916542e+00 6.65032479e-01
  7.22777869e-01 1.99031716e+00 2.81438017e+00 2.34481802e+01
  9.06916591e-01 7.23784985e-01 5.54149542e-01 1.81108663e-01
  7.65046697e-02 1.07817205e+00 2.15513005e+00 3.02166133e-01
  3.77165760e-01 1.04311460e+00 6.33356725e-02 1.56633044e+00
  1.27798492e+00 5.30605456e-01 1.94534300e-01 1.42979065e+01
  1.30628666e+00 8.93212900e-01 3.24558844e-01 8.22282253e+01
  5.21413769e+01 4.27626401e-01 1.32579278e+00 1.56693859e+01
  4.50837887e+00 7.59884828e-01 1.47778592e+01 5.89048378e-01
  8.67464415e-01 1.16931991e+00 1.75261940e+00 3.08027637e-01
  3.84793660e-01 8.63753801e-01 8.75831175e-02 1.07033178e+00
  1.85959644e-01 2.91439478e+00 3.00633397e+02 2.34872034e+00
  1.94867083e+00 4.80217113e-01 1.54209320e+01 4.62157092e+00
  1.69390279e+00 1.04174635e-01 5.59723772e-01 5.87773698e+00
  2.10365908e-01 2.17167398e-01 4.08242099e-01 4.55505907e+01]
 [4.20156444e-01 5.27558907e-01 9.83302283e-01 6.46098485e+01
  3.27152893e+00 1.05976293e+00 6.09453346e+01 2.20112510e+03
  1.66152217e-01 9.97280576e-02 8.51103702e-01 3.75304567e+01
  5.46236220e-01 1.57240900e+00 1.49653245e+01 6.14863706e+00
  5.73566545e+00 1.69145065e+00 8.63271226e-02 3.46953463e+00
  8.70397430e-01 3.45020548e-01 3.39225881e-01 4.87661881e-01
  1.01641549e-01 7.37512219e+04 1.46208126e-01 1.59990274e-01
  1.99507469e-01 8.30989413e-01 4.07761619e+00 8.68795086e-01
  2.76179964e+01 3.54520369e-01 3.97021403e+00 4.31015658e+01
  1.89947932e-01 1.21223234e+00 3.43922000e-01 2.21668081e-01
  4.83578082e-01 1.46445874e+02 7.50323039e-01 8.51249077e-01
  1.14600277e+03 1.09236109e-01 6.18712283e+00 2.65274783e+00
  2.23472240e+02 5.41960995e+00 1.28791857e+01 7.50951527e-01
  2.34202150e-01 9.72410527e+00 7.96258070e-01 4.62310822e-01
  4.95198309e-01 3.68650328e-01 2.45228257e+00 7.44372981e+00
  6.10376824e+00 4.73025778e+00 1.08272758e+00 8.80314548e-01]
 [5.58571570e-01 8.05412126e-01 6.73948539e+00 6.30772282e-01
  3.84071854e+00 1.81623171e-01 3.54724011e+00 1.33693876e+00
  2.41500742e-01 1.78159962e-01 6.99947000e+00 1.38664793e-01
  6.33831555e-01 5.64860737e-01 2.56651123e+01 1.01135859e-01
  6.66517688e-01 1.23643071e-01 6.47667105e-01 2.68042786e+01
  3.60961169e-01 2.31498782e+01 5.23723622e-01 8.74058795e+01
  6.02201588e-01 6.42424946e-01 2.00606283e+00 3.75620704e+00
  1.08650323e+01 1.50598411e+00 5.14833764e-01 6.22065783e-01
  1.15098814e+01 2.57887331e-01 1.80045280e+02 5.15080966e+00
  2.15525941e-01 9.04454581e-01 6.18021510e-01 8.00282690e-01
  1.28022498e+00 2.30989715e-01 8.97155937e+01 3.22708064e+00
  2.66679685e+01 7.50962228e-01 1.04675186e+00 2.76336244e+01
  1.21744358e+00 4.94839905e+01 9.39760350e+00 1.37890122e+02
  3.60825334e+00 7.98838423e+00 2.23287849e-01 9.74668245e-02
  5.46223905e-01 1.94316331e+00 4.32258292e-01 2.42203369e+00
  4.82501959e-01 2.15794741e+01 1.99578016e+00 2.88715127e+00]]
