1
50
2023-11-17 15:30:19
100
2023-11-17 15:33:00
elapsed:  321.0  seconds
150
2023-11-17 15:35:44
200
2023-11-17 15:38:21
elapsed:  642.3  seconds
250
2023-11-17 15:41:06
300
2023-11-17 15:43:50
elapsed:  971.3  seconds
/projects/muyang@colostate.edu/software/anaconda/envs/alpine_MCMC/lib/python3.11/site-packages/numpy/lib/function_base.py:2412: RuntimeWarning: divide by zero encountered in func (vectorized)
  outputs = ufunc(*inputs)
/projects/muyang@colostate.edu/software/anaconda/envs/alpine_MCMC/lib/python3.11/site-packages/numpy/lib/function_base.py:2412: RuntimeWarning: invalid value encountered in func (vectorized)
  outputs = ufunc(*inputs)
350
2023-11-17 15:46:36
400
2023-11-17 15:49:21
elapsed:  1302.3  seconds
450
2023-11-17 15:52:05
500
2023-11-17 15:54:48
elapsed:  1628.9  seconds
/projects/muyang@colostate.edu/software/anaconda/envs/alpine_MCMC/lib/python3.11/site-packages/numpy/lib/function_base.py:2412: RuntimeWarning: divide by zero encountered in func (vectorized)
  outputs = ufunc(*inputs)
/projects/muyang@colostate.edu/software/anaconda/envs/alpine_MCMC/lib/python3.11/site-packages/numpy/lib/function_base.py:2412: RuntimeWarning: invalid value encountered in func (vectorized)
  outputs = ufunc(*inputs)
550
2023-11-17 15:57:32
600
2023-11-17 16:00:16
elapsed:  1956.8  seconds
650
2023-11-17 16:02:59
700
2023-11-17 16:05:39
elapsed:  2279.7  seconds
750
2023-11-17 16:08:24
800
2023-11-17 16:11:08
elapsed:  2609.1  seconds
850
2023-11-17 16:13:56
900
2023-11-17 16:16:41
elapsed:  2941.8  seconds
950
2023-11-17 16:19:28
1000
2023-11-17 16:22:12
elapsed:  3273.0  seconds
1050
2023-11-17 16:25:00
1100
2023-11-17 16:27:49
elapsed:  3609.9  seconds
1150
2023-11-17 16:30:36
1200
2023-11-17 16:33:21
elapsed:  3942.5  seconds
1250
2023-11-17 16:36:09
1300
2023-11-17 16:38:52
elapsed:  4273.4  seconds
1350
2023-11-17 16:41:44
1400
2023-11-17 16:44:33
elapsed:  4614.1  seconds
1450
2023-11-17 16:47:24
1500
2023-11-17 16:50:16
elapsed:  4956.9  seconds
1550
2023-11-17 16:53:11
1600
2023-11-17 16:56:03
elapsed:  5304.5  seconds
1650
2023-11-17 16:59:00
1700
2023-11-17 17:01:52
elapsed:  5653.0  seconds
1750
2023-11-17 17:04:47
1800
2023-11-17 17:07:43
elapsed:  6004.2  seconds
1850
2023-11-17 17:10:42
/projects/muyang@colostate.edu/software/anaconda/envs/alpine_MCMC/lib/python3.11/site-packages/numpy/lib/function_base.py:2412: RuntimeWarning: divide by zero encountered in func (vectorized)
  outputs = ufunc(*inputs)
/projects/muyang@colostate.edu/software/anaconda/envs/alpine_MCMC/lib/python3.11/site-packages/numpy/lib/function_base.py:2412: RuntimeWarning: invalid value encountered in func (vectorized)
  outputs = ufunc(*inputs)
1900
2023-11-17 17:13:39
elapsed:  6360.2  seconds
1950
2023-11-17 17:16:36
2000
2023-11-17 17:19:29
elapsed:  6710.0  seconds
2050
2023-11-17 17:22:27
2100
2023-11-17 17:25:23
elapsed:  7064.1  seconds
2150
2023-11-17 17:28:22
2200
2023-11-17 17:31:11
elapsed:  7412.0  seconds
2250
2023-11-17 17:34:06
2300
2023-11-17 17:36:59
elapsed:  7760.2  seconds
2350
2023-11-17 17:39:56
2400
2023-11-17 17:42:51
elapsed:  8111.7  seconds
2450
2023-11-17 17:45:45
2500
2023-11-17 17:48:38
elapsed:  8459.5  seconds
2550
2023-11-17 17:51:31
2600
2023-11-17 17:54:21
elapsed:  8802.2  seconds
2650
2023-11-17 17:57:12
2700
2023-11-17 17:59:59
elapsed:  9140.2  seconds
2750
2023-11-17 18:02:49
2800
2023-11-17 18:05:39
elapsed:  9480.3  seconds
2850
2023-11-17 18:08:28
2900
2023-11-17 18:11:14
elapsed:  9815.0  seconds
2950
2023-11-17 18:14:01
3000
2023-11-17 18:16:45
elapsed:  10146.0  seconds
3050
2023-11-17 18:19:27
3100
2023-11-17 18:22:09
elapsed:  10469.8  seconds
3150
2023-11-17 18:24:51
3200
2023-11-17 18:27:34
elapsed:  10794.6  seconds
3250
2023-11-17 18:30:19
3300
2023-11-17 18:33:04
elapsed:  11124.7  seconds
3350
2023-11-17 18:35:48
3400
2023-11-17 18:38:31
elapsed:  11452.3  seconds
3450
2023-11-17 18:41:16
3500
2023-11-17 18:44:01
elapsed:  11782.3  seconds
3550
2023-11-17 18:46:48
3600
2023-11-17 18:49:33
elapsed:  12114.2  seconds
3650
2023-11-17 18:52:19
3700
2023-11-17 18:55:05
elapsed:  12445.8  seconds
3750
2023-11-17 18:57:54
3800
2023-11-17 19:00:40
elapsed:  12781.5  seconds
3850
2023-11-17 19:03:26
3900
2023-11-17 19:06:09
elapsed:  13110.3  seconds
3950
2023-11-17 19:08:55
/projects/muyang@colostate.edu/software/anaconda/envs/alpine_MCMC/lib/python3.11/site-packages/numpy/lib/function_base.py:2412: RuntimeWarning: divide by zero encountered in func (vectorized)
  outputs = ufunc(*inputs)
/projects/muyang@colostate.edu/software/anaconda/envs/alpine_MCMC/lib/python3.11/site-packages/numpy/lib/function_base.py:2412: RuntimeWarning: invalid value encountered in func (vectorized)
  outputs = ufunc(*inputs)
4000
2023-11-17 19:11:42
elapsed:  13443.2  seconds
/projects/muyang@colostate.edu/software/anaconda/envs/alpine_MCMC/lib/python3.11/site-packages/numpy/lib/function_base.py:2412: RuntimeWarning: divide by zero encountered in func (vectorized)
  outputs = ufunc(*inputs)
/projects/muyang@colostate.edu/software/anaconda/envs/alpine_MCMC/lib/python3.11/site-packages/numpy/lib/function_base.py:2412: RuntimeWarning: invalid value encountered in func (vectorized)
  outputs = ufunc(*inputs)
4050
2023-11-17 19:14:30
4100
2023-11-17 19:17:16
elapsed:  13776.6  seconds
/projects/muyang@colostate.edu/software/anaconda/envs/alpine_MCMC/lib/python3.11/site-packages/numpy/lib/function_base.py:2412: RuntimeWarning: divide by zero encountered in func (vectorized)
  outputs = ufunc(*inputs)
/projects/muyang@colostate.edu/software/anaconda/envs/alpine_MCMC/lib/python3.11/site-packages/numpy/lib/function_base.py:2412: RuntimeWarning: invalid value encountered in func (vectorized)
  outputs = ufunc(*inputs)
4150
2023-11-17 19:20:05
4200
2023-11-17 19:22:52
elapsed:  14112.7  seconds
4250
2023-11-17 19:25:44
4300
2023-11-17 19:28:34
elapsed:  14455.1  seconds
4350
2023-11-17 19:31:24
4400
2023-11-17 19:34:11
elapsed:  14792.4  seconds
4450
2023-11-17 19:36:59
4500
2023-11-17 19:39:45
elapsed:  15126.0  seconds
4550
2023-11-17 19:42:35
4600
2023-11-17 19:45:22
elapsed:  15463.3  seconds
4650
2023-11-17 19:48:11
4700
2023-11-17 19:50:59
elapsed:  15800.0  seconds
4750
2023-11-17 19:53:49
4800
2023-11-17 19:56:39
elapsed:  16139.9  seconds
4850
2023-11-17 19:59:29
/projects/muyang@colostate.edu/software/anaconda/envs/alpine_MCMC/lib/python3.11/site-packages/numpy/lib/function_base.py:2412: RuntimeWarning: divide by zero encountered in func (vectorized)
  outputs = ufunc(*inputs)
/projects/muyang@colostate.edu/software/anaconda/envs/alpine_MCMC/lib/python3.11/site-packages/numpy/lib/function_base.py:2412: RuntimeWarning: invalid value encountered in func (vectorized)
  outputs = ufunc(*inputs)
4900
2023-11-17 20:02:17
elapsed:  16478.4  seconds
/projects/muyang@colostate.edu/software/anaconda/envs/alpine_MCMC/lib/python3.11/site-packages/numpy/lib/function_base.py:2412: RuntimeWarning: divide by zero encountered in func (vectorized)
  outputs = ufunc(*inputs)
/projects/muyang@colostate.edu/software/anaconda/envs/alpine_MCMC/lib/python3.11/site-packages/numpy/lib/function_base.py:2412: RuntimeWarning: invalid value encountered in func (vectorized)
  outputs = ufunc(*inputs)
4950
2023-11-17 20:05:09
5000
2023-11-17 20:07:57
elapsed:  16818.0  seconds
5050
2023-11-17 20:10:42
/projects/muyang@colostate.edu/software/anaconda/envs/alpine_MCMC/lib/python3.11/site-packages/numpy/lib/function_base.py:2412: RuntimeWarning: divide by zero encountered in func (vectorized)
  outputs = ufunc(*inputs)
/projects/muyang@colostate.edu/software/anaconda/envs/alpine_MCMC/lib/python3.11/site-packages/numpy/lib/function_base.py:2412: RuntimeWarning: invalid value encountered in func (vectorized)
  outputs = ufunc(*inputs)
5100
2023-11-17 20:13:29
elapsed:  17150.3  seconds
5150
2023-11-17 20:16:25
5200
2023-11-17 20:19:20
elapsed:  17501.1  seconds
5250
2023-11-17 20:22:15
5300
2023-11-17 20:25:10
elapsed:  17851.4  seconds
5350
2023-11-17 20:28:04
5400
2023-11-17 20:30:57
elapsed:  18198.4  seconds
5450
2023-11-17 20:33:54
5500
2023-11-17 20:36:49
elapsed:  18549.9  seconds
5550
2023-11-17 20:39:45
5600
2023-11-17 20:42:36
elapsed:  18896.6  seconds
5650
2023-11-17 20:45:28
5700
2023-11-17 20:48:17
elapsed:  19238.0  seconds
5750
2023-11-17 20:51:12
5800
2023-11-17 20:54:06
elapsed:  19586.9  seconds
5850
2023-11-17 20:57:02
5900
2023-11-17 20:59:57
elapsed:  19937.6  seconds
5950
2023-11-17 21:02:53
6000
2023-11-17 21:05:48
elapsed:  20289.3  seconds
6050
2023-11-17 21:08:43
6100
2023-11-17 21:11:37
elapsed:  20637.7  seconds
/projects/muyang@colostate.edu/software/anaconda/envs/alpine_MCMC/lib/python3.11/site-packages/numpy/lib/function_base.py:2412: RuntimeWarning: divide by zero encountered in func (vectorized)
  outputs = ufunc(*inputs)
/projects/muyang@colostate.edu/software/anaconda/envs/alpine_MCMC/lib/python3.11/site-packages/numpy/lib/function_base.py:2412: RuntimeWarning: invalid value encountered in func (vectorized)
  outputs = ufunc(*inputs)
6150
2023-11-17 21:14:33
6200
2023-11-17 21:17:30
elapsed:  20991.0  seconds
6250
2023-11-17 21:20:26
6300
2023-11-17 21:23:20
elapsed:  21340.7  seconds
6350
2023-11-17 21:26:20
/projects/muyang@colostate.edu/software/anaconda/envs/alpine_MCMC/lib/python3.11/site-packages/numpy/lib/function_base.py:2412: RuntimeWarning: divide by zero encountered in func (vectorized)
  outputs = ufunc(*inputs)
/projects/muyang@colostate.edu/software/anaconda/envs/alpine_MCMC/lib/python3.11/site-packages/numpy/lib/function_base.py:2412: RuntimeWarning: invalid value encountered in func (vectorized)
  outputs = ufunc(*inputs)
6400
2023-11-17 21:29:16
elapsed:  21696.7  seconds
6450
2023-11-17 21:32:13
6500
2023-11-17 21:35:07
elapsed:  22048.1  seconds
6550
2023-11-17 21:38:06
6600
2023-11-17 21:41:04
elapsed:  22405.6  seconds
/projects/muyang@colostate.edu/software/anaconda/envs/alpine_MCMC/lib/python3.11/site-packages/numpy/lib/function_base.py:2412: RuntimeWarning: divide by zero encountered in func (vectorized)
  outputs = ufunc(*inputs)
/projects/muyang@colostate.edu/software/anaconda/envs/alpine_MCMC/lib/python3.11/site-packages/numpy/lib/function_base.py:2412: RuntimeWarning: invalid value encountered in func (vectorized)
  outputs = ufunc(*inputs)
6650
2023-11-17 21:44:03
6700
2023-11-17 21:47:02
elapsed:  22763.2  seconds
/projects/muyang@colostate.edu/software/anaconda/envs/alpine_MCMC/lib/python3.11/site-packages/numpy/lib/function_base.py:2412: RuntimeWarning: divide by zero encountered in func (vectorized)
  outputs = ufunc(*inputs)
/projects/muyang@colostate.edu/software/anaconda/envs/alpine_MCMC/lib/python3.11/site-packages/numpy/lib/function_base.py:2412: RuntimeWarning: invalid value encountered in func (vectorized)
  outputs = ufunc(*inputs)
6750
2023-11-17 21:50:02
/projects/muyang@colostate.edu/software/anaconda/envs/alpine_MCMC/lib/python3.11/site-packages/numpy/lib/function_base.py:2412: RuntimeWarning: divide by zero encountered in func (vectorized)
  outputs = ufunc(*inputs)
/projects/muyang@colostate.edu/software/anaconda/envs/alpine_MCMC/lib/python3.11/site-packages/numpy/lib/function_base.py:2412: RuntimeWarning: invalid value encountered in func (vectorized)
  outputs = ufunc(*inputs)
6800
2023-11-17 21:53:03
elapsed:  23124.0  seconds
6850
2023-11-17 21:56:04
6900
2023-11-17 21:58:58
elapsed:  23479.1  seconds
6950
2023-11-17 22:01:57
7000
2023-11-17 22:04:58
elapsed:  23839.0  seconds
/projects/muyang@colostate.edu/software/anaconda/envs/alpine_MCMC/lib/python3.11/site-packages/numpy/lib/function_base.py:2412: RuntimeWarning: divide by zero encountered in func (vectorized)
  outputs = ufunc(*inputs)
/projects/muyang@colostate.edu/software/anaconda/envs/alpine_MCMC/lib/python3.11/site-packages/numpy/lib/function_base.py:2412: RuntimeWarning: invalid value encountered in func (vectorized)
  outputs = ufunc(*inputs)
7050
2023-11-17 22:08:00
7100
2023-11-17 22:10:57
elapsed:  24197.7  seconds
7150
2023-11-17 22:13:55
7200
2023-11-17 22:16:56
elapsed:  24557.5  seconds
7250
2023-11-17 22:19:55
7300
2023-11-17 22:22:51
elapsed:  24912.5  seconds
/projects/muyang@colostate.edu/software/anaconda/envs/alpine_MCMC/lib/python3.11/site-packages/numpy/lib/function_base.py:2412: RuntimeWarning: divide by zero encountered in func (vectorized)
  outputs = ufunc(*inputs)
/projects/muyang@colostate.edu/software/anaconda/envs/alpine_MCMC/lib/python3.11/site-packages/numpy/lib/function_base.py:2412: RuntimeWarning: invalid value encountered in func (vectorized)
  outputs = ufunc(*inputs)
7350
2023-11-17 22:25:55
7400
2023-11-17 22:28:53
elapsed:  25274.0  seconds
7450
2023-11-17 22:31:55
7500
2023-11-17 22:34:52
elapsed:  25633.3  seconds
7550
2023-11-17 22:37:55
7600
2023-11-17 22:40:55
elapsed:  25996.4  seconds
7650
2023-11-17 22:43:57
7700
2023-11-17 22:46:56
elapsed:  26357.0  seconds
/projects/muyang@colostate.edu/software/anaconda/envs/alpine_MCMC/lib/python3.11/site-packages/numpy/lib/function_base.py:2412: RuntimeWarning: divide by zero encountered in func (vectorized)
  outputs = ufunc(*inputs)
/projects/muyang@colostate.edu/software/anaconda/envs/alpine_MCMC/lib/python3.11/site-packages/numpy/lib/function_base.py:2412: RuntimeWarning: invalid value encountered in func (vectorized)
  outputs = ufunc(*inputs)
7750
2023-11-17 22:49:59
7800
2023-11-17 22:52:59
elapsed:  26720.0  seconds
7850
2023-11-17 22:56:00
7900
2023-11-17 22:58:55
elapsed:  27075.9  seconds
7950
2023-11-17 23:01:56
8000
2023-11-17 23:04:55
elapsed:  27436.2  seconds
8050
2023-11-17 23:07:55
8100
2023-11-17 23:10:53
elapsed:  27794.5  seconds
8150
2023-11-17 23:13:57
8200
2023-11-17 23:16:55
elapsed:  28156.2  seconds
/projects/muyang@colostate.edu/software/anaconda/envs/alpine_MCMC/lib/python3.11/site-packages/numpy/lib/function_base.py:2412: RuntimeWarning: divide by zero encountered in func (vectorized)
  outputs = ufunc(*inputs)
/projects/muyang@colostate.edu/software/anaconda/envs/alpine_MCMC/lib/python3.11/site-packages/numpy/lib/function_base.py:2412: RuntimeWarning: invalid value encountered in func (vectorized)
  outputs = ufunc(*inputs)
8250
2023-11-17 23:19:57
8300
2023-11-17 23:23:00
elapsed:  28520.8  seconds
8350
2023-11-17 23:26:03
8400
2023-11-17 23:29:02
elapsed:  28882.8  seconds
8450
2023-11-17 23:32:04
8500
2023-11-17 23:35:02
elapsed:  29243.5  seconds
8550
2023-11-17 23:38:05
8600
2023-11-17 23:41:04
elapsed:  29605.2  seconds
8650
2023-11-17 23:44:04
8700
2023-11-17 23:47:05
elapsed:  29965.7  seconds
8750
2023-11-17 23:50:05
8800
2023-11-17 23:53:00
elapsed:  30320.8  seconds
8850
2023-11-17 23:56:00
8900
2023-11-17 23:58:57
elapsed:  30677.8  seconds
8950
2023-11-18 00:01:56
9000
2023-11-18 00:04:55
elapsed:  31035.7  seconds
9050
2023-11-18 00:07:57
9100
2023-11-18 00:10:55
elapsed:  31396.4  seconds
9150
2023-11-18 00:13:56
9200
2023-11-18 00:16:58
elapsed:  31759.4  seconds
9250
2023-11-18 00:20:02
/projects/muyang@colostate.edu/software/anaconda/envs/alpine_MCMC/lib/python3.11/site-packages/numpy/lib/function_base.py:2412: RuntimeWarning: divide by zero encountered in func (vectorized)
  outputs = ufunc(*inputs)
/projects/muyang@colostate.edu/software/anaconda/envs/alpine_MCMC/lib/python3.11/site-packages/numpy/lib/function_base.py:2412: RuntimeWarning: invalid value encountered in func (vectorized)
  outputs = ufunc(*inputs)
9300
2023-11-18 00:23:01
elapsed:  32122.3  seconds
9350
2023-11-18 00:26:04
9400
2023-11-18 00:29:02
elapsed:  32482.6  seconds
9450
2023-11-18 00:32:04
/projects/muyang@colostate.edu/software/anaconda/envs/alpine_MCMC/lib/python3.11/site-packages/numpy/lib/function_base.py:2412: RuntimeWarning: divide by zero encountered in func (vectorized)
  outputs = ufunc(*inputs)
/projects/muyang@colostate.edu/software/anaconda/envs/alpine_MCMC/lib/python3.11/site-packages/numpy/lib/function_base.py:2412: RuntimeWarning: invalid value encountered in func (vectorized)
  outputs = ufunc(*inputs)
9500
2023-11-18 00:35:01
elapsed:  32842.0  seconds
9550
2023-11-18 00:38:02
9600
2023-11-18 00:41:00
elapsed:  33201.3  seconds
9650
2023-11-18 00:44:01
9700
2023-11-18 00:46:59
elapsed:  33559.9  seconds
9750
2023-11-18 00:49:58
9800
2023-11-18 00:52:57
elapsed:  33918.4  seconds
9850
2023-11-18 00:55:57
9900
2023-11-18 00:58:50
elapsed:  34270.9  seconds
9950
2023-11-18 01:01:48
elapsed:  34618.0  seconds
total time:  34623.4  seconds
true R:  [[2.58822169e-01 1.82589981e+00 2.19374147e+00 1.45235453e+00
  7.36253501e-01 5.89000438e-01 7.81916542e+00 2.20112510e+03
  2.41500742e-01 2.17229630e-01 9.05197775e+04 3.44371192e+00
  9.05199206e+00 1.57883461e-01 1.45531289e+00 7.65046697e-02
  1.69145065e+00 6.47667105e-01 6.55205988e-01 7.70954706e+00
  2.65511404e+00 4.80927796e-01 1.57406157e-01 1.09723712e+02
  1.94534300e-01 1.59990274e-01 1.08650323e+01 3.25501664e-01
  9.86534794e-01 7.55609762e-01 4.73198080e-01 4.56566801e-01
  5.58785862e+00 4.50837887e+00 1.21223234e+00 6.18021510e-01
  8.82302733e-01 6.35564097e-02 4.49009054e-01 2.76672549e-01
  2.32179070e+01 6.54927801e+01 8.75831175e-02 2.65274783e+00
  1.21744358e+00 6.07703850e+00 4.40497014e-01 2.29049853e+01
  2.76973891e+00 1.47625260e+01 4.29095789e-01 1.69390279e+00
  3.68650328e-01 4.32258292e-01 1.73494923e-01 8.01770729e+00
  5.30169034e-01 1.17264689e+00 3.23386563e-01 2.76501591e+00
  2.01730140e+00 1.38205741e+01 2.08171144e+00 2.80747639e+02]
 [5.25299474e+01 1.33810625e-01 3.88027032e+01 3.02833342e-01
  7.01421546e-01 7.11520055e-01 6.09453346e+01 1.33693876e+00
  2.24652363e+00 6.90846133e-01 4.39447978e-01 2.55379846e+00
  1.66593677e+02 1.26683390e+00 1.81108663e-01 5.73566545e+00
  1.23643071e-01 8.01221206e-02 1.78766797e-01 1.64801844e+02
  2.86588764e+00 7.04122274e-01 1.01646529e-01 5.30605456e-01
  1.46208126e-01 3.75620704e+00 1.27901492e+01 7.79978912e+00
  4.09093250e+02 1.48654329e+01 6.61041355e+01 1.32129622e-01
  1.56693859e+01 1.89947932e-01 9.04454581e-01 2.97984701e+00
  7.12323938e-01 5.94103443e-01 5.89175025e-01 2.25086468e+00
  2.71272457e-01 8.63753801e-01 6.18712283e+00 2.76336244e+01
  1.50062957e-01 1.01874869e+00 3.88852269e+00 1.20642887e+02
  3.20700626e+00 1.34300429e-01 4.62157092e+00 4.95198309e-01
  1.94316331e+00 2.37359089e+00 4.30790470e-01 6.84374009e+00
  1.50593183e+00 6.65948049e+00 6.88067562e-01 1.49313870e+02
  1.61632724e-01 3.85204220e-01 2.22767517e-01 4.74599521e-01]
 [2.99573232e-01 6.30162856e+00 2.06814468e+01 1.71642972e-01
  5.67433102e-01 1.05976293e+00 3.54724011e+00 6.22063914e-01
  5.45462993e+00 1.00774269e+00 4.88957596e+01 2.84465003e-01
  1.34736655e+00 5.54149542e-01 6.14863706e+00 6.66517688e-01
  3.49630224e+00 2.14485073e-01 5.64549231e-01 1.46863046e+00
  8.38772407e-02 8.95269514e-01 1.27798492e+00 7.37512219e+04
  2.00606283e+00 1.28666640e-01 2.90700297e-01 9.13565673e-01
  1.94049207e+01 8.29884101e-01 6.18327515e-01 1.32579278e+00
  4.31015658e+01 2.15525941e-01 7.58293606e-01 2.84507212e+01
  4.30124094e+00 2.93479448e-01 3.38945566e-01 6.56196513e-01
  3.84793660e-01 1.09236109e-01 1.04675186e+00 2.34438482e+00
  1.11462899e+02 9.59087205e-01 7.99784349e-01 1.18466266e+01
  2.02173809e+00 1.54209320e+01 4.62310822e-01 5.46223905e-01
  2.04884762e+00 2.37501283e-01 3.22802111e+02 4.00653012e-01
  4.58934431e-01 4.18616841e-01 5.82790207e+00 1.78063329e-01
  1.67525885e+00 4.05018667e-01 3.42354525e-01 2.58822259e-01]
 [8.91802187e-01 2.43918197e+00 2.38943827e+00 6.91832613e-01
  3.27152893e+00 1.81623171e-01 1.59273996e-01 2.03154037e+00
  2.34544199e+03 7.97043405e-01 1.07735751e+01 1.07564075e+03
  7.23784985e-01 1.49653245e+01 1.01135859e-01 3.91598522e+00
  4.53957287e+01 4.39410224e-01 5.32749592e+01 9.26009962e-01
  5.32028836e+00 1.56633044e+00 1.01641549e-01 6.42424946e-01
  5.75231441e-01 1.02970414e-01 1.41043681e+00 2.38582357e-01
  1.07955520e-01 4.53002309e+01 4.27626401e-01 3.97021403e+00
  5.15080966e+00 5.66705988e+00 1.88670523e+01 1.10158625e+03
  1.67654927e-01 3.31476626e+01 9.22312774e-02 3.08027637e-01
  1.14600277e+03 7.50962228e-01 3.17473831e+00 2.96988062e-01
  1.59462130e+00 8.87730332e+00 9.36832223e-02 1.12841508e+00
  4.80217113e-01 7.96258070e-01 9.74668245e-02 8.89275075e-01
  5.50642897e-01 8.83848862e-02 4.97562150e+00 3.53008004e-01
  2.54087096e-01 4.55505907e+01 3.66553487e+00 1.34961099e+01
  1.44080148e-01 8.35785379e+00 2.37189397e+00 8.37818054e-01]
 [2.79990427e-01 9.46104085e+01 8.23485380e-01 6.46098485e+01
  3.84071854e+00 7.46214431e+00 6.58347588e+00 3.48149995e+00
  1.16481273e+01 7.05926226e-01 7.65375062e-01 9.06916591e-01
  1.57240900e+00 2.56651123e+01 3.86466339e+00 1.05639490e+00
  5.12788330e-01 2.87532459e+00 3.09971757e-01 1.11981855e+00
  6.33356725e-02 4.87661881e-01 6.02201588e-01 4.05765946e+01
  2.82586134e+00 1.43898227e+01 4.67969179e-01 6.39694353e-01
  6.91109942e-01 5.21413769e+01 3.54520369e-01 1.80045280e+02
  2.50619473e+00 1.36105784e+00 2.83691385e-01 1.67044257e+00
  3.32166132e+01 3.10459520e-01 1.75261940e+00 8.51249077e-01
  2.66679685e+01 1.17023361e+00 1.36132943e+01 4.69913511e-01
  9.10307500e-01 8.16703089e-01 1.10838639e+00 1.94867083e+00
  9.72410527e+00 2.23287849e-01 7.29855703e-01 4.29010920e-01
  1.07288488e+02 1.66235579e+00 1.26388111e+01 1.57568354e+00
  4.08242099e-01 8.80314548e-01 2.35955070e-01 1.70125114e+01
  4.42834782e+02 3.11191121e-01 2.42142387e+03 5.50778899e-01]
 [7.33649683e-01 3.91293383e-01 9.83302283e-01 6.30772282e-01
  1.28523534e+00 5.43063503e+00 5.73556804e-01 1.92332714e-01
  3.40819507e-01 3.28171770e+01 2.34481802e+01 5.46236220e-01
  5.64860737e-01 5.14346634e-01 2.63272128e+00 2.11267482e+01
  4.99106754e+00 8.15018664e-01 2.61185835e+00 1.04311460e+00
  3.39225881e-01 8.74058795e+01 6.01606300e+00 9.37669455e+00
  1.65669707e+00 4.74281627e-01 3.29950179e-01 4.57737357e-01
  8.22282253e+01 2.76179964e+01 2.57887331e-01 2.00610143e-01
  1.01919842e+00 2.17906963e-01 3.67681186e+03 2.26576797e+01
  4.60038940e-01 1.16931991e+00 7.50323039e-01 3.22708064e+00
  4.27890082e-01 4.65955729e-01 2.34707667e-01 4.65321364e+00
  3.19389979e-01 2.40931081e+00 2.34872034e+00 2.34202150e-01
  7.98838423e+00 1.90730621e-01 3.12986653e-01 7.83845926e-01
  9.59600951e+01 1.26965890e+01 1.30279227e-01 2.17167398e-01
  1.08272758e+00 2.88715127e+00 1.69884511e-01 4.12169461e-01
  4.11815013e-01 1.81419917e+00 1.60907180e+00 8.47664799e-01]
 [2.02872486e-01 5.27558907e-01 6.73948539e+00 1.38964472e-01
  3.65681014e-01 3.73769466e-01 3.23550338e-01 8.03975378e-01
  9.31319492e-01 2.81438017e+00 3.75304567e+01 6.33831555e-01
  5.09145745e+00 2.78175615e+00 2.81640167e+00 5.38955579e+00
  8.40005445e-01 7.53378788e+04 3.77165760e-01 3.45020548e-01
  5.23723622e-01 3.14454635e+00 1.29965102e-01 6.52224641e-01
  7.63037873e-01 2.71419008e+00 3.25046151e-01 3.24558844e-01
  8.68795086e-01 1.15098814e+01 6.68136726e+00 1.92505813e+02
  6.50462130e-01 1.53368629e+02 1.50396656e-01 2.62373053e+00
  8.67464415e-01 1.46445874e+02 8.97155937e+01 1.55911573e+00
  7.77298757e-02 1.33879783e-01 2.96774808e-01 3.61158489e-01
  4.08014579e-01 3.00633397e+02 7.50951527e-01 3.60825334e+00
  7.71878683e-01 1.10584242e+01 7.18511526e-01 1.63785318e+01
  4.91526746e+01 1.99696287e+00 2.10365908e-01 4.73025778e+00
  1.99578016e+00 4.87300286e-01 1.59291097e+00 4.41779717e+00
  1.31449521e+00 7.52401078e-02 1.46643571e+00 3.52265337e+00]
 [4.20156444e-01 8.05412126e-01 5.61353839e+00 4.84375783e+03
  1.81671804e-01 1.50762364e-01 1.00313236e+00 1.93879468e-01
  1.99031716e+00 8.51103702e-01 1.38664793e-01 1.05974604e-01
  4.12813044e-01 5.53247157e+00 1.41827295e-01 5.20556186e+01
  4.32678228e+00 3.02166133e-01 8.70397430e-01 2.31498782e+01
  2.80241164e+03 2.87910236e+00 1.10448372e+00 7.45921635e-01
  1.75072748e+01 1.39751589e+04 8.93212900e-01 4.07761619e+00
  6.22065783e-01 4.84839471e-01 3.32680948e+00 1.56381781e+00
  1.42076976e+02 1.96513555e+01 2.98663668e+00 5.89048378e-01
  4.83578082e-01 2.30989715e-01 2.18952847e+03 2.47612858e+00
  2.57180985e+00 2.50374537e+01 1.04365101e-01 1.04330999e+00
  2.91439478e+00 1.28791857e+01 1.37890122e+02 1.85620484e+00
  1.18814442e+00 5.72374165e+01 2.89561640e+00 4.24652586e+00
  5.41548142e-02 5.87773698e+00 6.10376824e+00 2.15794741e+01
  2.59411211e+03 1.02426876e+01 9.86482482e-01 1.86475278e+01
  7.49499753e-01 2.40708184e+00 2.32419848e-01 7.69205873e+00]
 [5.58571570e-01 2.56906188e-01 1.56186268e+00 1.47912436e+01
  5.68934498e-01 5.41920115e-02 8.27028553e+01 7.22777869e-01
  9.97280576e-02 6.99947000e+00 2.91560387e+00 1.90024348e-01
  3.20538666e-01 1.26658708e+00 3.87442783e-01 2.41278211e+01
  2.15513005e+00 3.46953463e+00 3.60961169e-01 5.51073415e+00
  3.58966724e+01 6.71743546e+00 7.59279892e+00 3.02269999e-01
  4.67057934e+00 1.30628666e+00 8.30989413e-01 5.14833764e-01
  2.06479595e+00 4.90033928e-01 3.35463522e-01 1.06182093e+00
  5.25546396e+01 3.25132793e-01 1.47778592e+01 2.21668081e-01
  1.28022498e+00 4.25923226e-01 6.07886317e-01 7.73471730e-02
  1.02390151e+00 1.29679299e+00 3.12037622e+00 1.85959644e-01
  5.41960995e+00 9.39760350e+00 8.21705525e+00 1.70823314e+00
  3.95723777e-01 1.74115739e+01 1.34014347e-01 5.94030164e-01
  5.59723772e-01 7.44372981e+00 4.82501959e-01 1.76275857e+02
  6.85072421e-02 4.71135017e-01 3.71982538e+00 5.78394068e-01
  1.03918804e+00 6.08961721e-02 3.59710134e-01 3.64938732e-01]
 [5.71901540e-01 7.26489950e-01 4.40777638e+01 2.80078488e-01
  7.37509717e+03 2.59657536e-01 6.65032479e-01 1.66152217e-01
  1.78159962e-01 1.99295175e+00 1.60269884e+01 5.13432125e-01
  9.88792206e-01 6.16025315e-01 4.15827696e-01 1.07817205e+00
  8.63271226e-02 2.68042786e+01 1.39804208e+00 3.69030071e+00
  3.61793688e+01 2.51222701e-01 7.62174410e-01 3.65199079e-01
  1.42979065e+01 1.99507469e-01 1.50598411e+00 5.64633309e-01
  3.17539576e+00 4.03287710e-01 2.14907913e+00 2.53580157e+00
  5.84799275e-01 7.59884828e-01 3.43922000e-01 8.00282690e-01
  1.09621612e+00 5.16608397e+00 4.82243760e+00 2.92617918e-01
  1.28733812e-01 4.42245940e+00 1.07033178e+00 2.23472240e+02
  4.94839905e+01 4.43514506e+00 9.66223917e-02 2.61787553e-01
  6.43439299e-01 2.09317611e+01 2.43968398e+00 1.04174635e-01
  2.45228257e+00 2.42203369e+00 4.48571662e-01 2.60893356e-01
  6.80217510e+00 2.17300524e+00 4.66034126e+01 3.23140647e+00
  5.69493693e-01 1.90283170e-01 1.23073310e+00 1.87299181e-01]]
