1
50
2023-11-08 10:05:43
100
2023-11-08 10:07:19
elapsed:  189.5  seconds
150
2023-11-08 10:09:00
200
2023-11-08 10:10:41
elapsed:  390.9  seconds
250
2023-11-08 10:12:19
300
2023-11-08 10:14:05
elapsed:  595.2  seconds
350
2023-11-08 10:15:51
400
2023-11-08 10:17:36
elapsed:  806.7  seconds
450
2023-11-08 10:19:26
500
2023-11-08 10:20:52
elapsed:  1001.9  seconds
550
2023-11-08 10:22:29
/projects/muyang@colostate.edu/software/anaconda/envs/testenv/lib/python3.11/site-packages/numpy/lib/function_base.py:2455: RuntimeWarning: divide by zero encountered in func (vectorized)
  outputs = ufunc(*inputs)
/projects/muyang@colostate.edu/software/anaconda/envs/testenv/lib/python3.11/site-packages/numpy/lib/function_base.py:2455: RuntimeWarning: invalid value encountered in func (vectorized)
  outputs = ufunc(*inputs)
600
2023-11-08 10:24:28
elapsed:  1218.3  seconds
650
2023-11-08 10:26:25
700
2023-11-08 10:28:20
elapsed:  1450.1  seconds
750
2023-11-08 10:30:14
800
2023-11-08 10:31:58
elapsed:  1668.7  seconds
850
2023-11-08 10:33:40
900
2023-11-08 10:35:24
elapsed:  1874.1  seconds
950
2023-11-08 10:37:14
1000
2023-11-08 10:39:04
elapsed:  2094.8  seconds
1050
2023-11-08 10:41:05
1100
2023-11-08 10:43:07
elapsed:  2337.2  seconds
1150
2023-11-08 10:45:01
1200
2023-11-08 10:46:47
elapsed:  2557.6  seconds
1250
2023-11-08 10:48:41
1300
2023-11-08 10:50:35
elapsed:  2785.7  seconds
1350
2023-11-08 10:52:40
1400
2023-11-08 10:54:31
elapsed:  3020.9  seconds
1450
2023-11-08 10:56:20
1500
2023-11-08 10:58:20
elapsed:  3250.6  seconds
1550
2023-11-08 11:00:17
1600
2023-11-08 11:02:09
elapsed:  3479.3  seconds
1650
2023-11-08 11:04:16
/projects/muyang@colostate.edu/software/anaconda/envs/testenv/lib/python3.11/site-packages/numpy/lib/function_base.py:2455: RuntimeWarning: divide by zero encountered in func (vectorized)
  outputs = ufunc(*inputs)
/projects/muyang@colostate.edu/software/anaconda/envs/testenv/lib/python3.11/site-packages/numpy/lib/function_base.py:2455: RuntimeWarning: invalid value encountered in func (vectorized)
  outputs = ufunc(*inputs)
1700
2023-11-08 11:05:59
elapsed:  3709.0  seconds
1750
2023-11-08 11:07:50
1800
2023-11-08 11:09:44
elapsed:  3934.2  seconds
1850
2023-11-08 11:11:46
1900
2023-11-08 11:13:38
elapsed:  4168.4  seconds
1950
2023-11-08 11:15:31
2000
2023-11-08 11:17:25
elapsed:  4395.1  seconds
2050
2023-11-08 11:19:20
2100
2023-11-08 11:21:07
elapsed:  4617.0  seconds
2150
2023-11-08 11:23:06
2200
2023-11-08 11:25:08
elapsed:  4857.9  seconds
2250
2023-11-08 11:27:09
2300
2023-11-08 11:28:56
elapsed:  5085.9  seconds
2350
2023-11-08 11:30:59
2400
2023-11-08 11:33:00
elapsed:  5330.4  seconds
2450
2023-11-08 11:35:06
2500
2023-11-08 11:36:57
elapsed:  5567.5  seconds
2550
2023-11-08 11:38:49
2600
2023-11-08 11:40:44
elapsed:  5794.4  seconds
2650
2023-11-08 11:42:42
2700
2023-11-08 11:44:41
elapsed:  6031.7  seconds
2750
2023-11-08 11:46:31
2800
2023-11-08 11:48:32
elapsed:  6262.6  seconds
2850
2023-11-08 11:50:32
2900
2023-11-08 11:52:36
elapsed:  6506.7  seconds
2950
2023-11-08 11:54:26
3000
2023-11-08 11:56:12
elapsed:  6722.7  seconds
3050
2023-11-08 11:58:15
3100
2023-11-08 12:00:12
elapsed:  6961.9  seconds
3150
2023-11-08 12:02:12
3200
2023-11-08 12:04:14
elapsed:  7204.0  seconds
3250
2023-11-08 12:06:08
3300
2023-11-08 12:08:08
elapsed:  7438.4  seconds
3350
2023-11-08 12:10:10
3400
2023-11-08 12:11:57
elapsed:  7666.8  seconds
3450
2023-11-08 12:13:47
3500
2023-11-08 12:15:37
elapsed:  7887.3  seconds
3550
2023-11-08 12:17:38
3600
2023-11-08 12:19:25
elapsed:  8115.8  seconds
3650
2023-11-08 12:21:25
3700
2023-11-08 12:23:17
elapsed:  8347.0  seconds
3750
2023-11-08 12:25:17
3800
2023-11-08 12:27:11
elapsed:  8581.1  seconds
3850
2023-11-08 12:29:07
3900
2023-11-08 12:31:06
elapsed:  8816.6  seconds
3950
2023-11-08 12:33:00
4000
2023-11-08 12:34:50
elapsed:  9040.5  seconds
4050
2023-11-08 12:36:48
4100
2023-11-08 12:38:51
elapsed:  9281.7  seconds
4150
2023-11-08 12:40:47
4200
2023-11-08 12:42:42
elapsed:  9512.7  seconds
4250
2023-11-08 12:44:33
4300
2023-11-08 12:46:25
elapsed:  9735.1  seconds
4350
2023-11-08 12:48:31
4400
2023-11-08 12:50:24
elapsed:  9974.1  seconds
4450
2023-11-08 12:52:21
4500
2023-11-08 12:54:20
elapsed:  10210.8  seconds
4550
2023-11-08 12:56:12
4600
2023-11-08 12:58:01
elapsed:  10431.6  seconds
4650
2023-11-08 13:00:04
4700
2023-11-08 13:02:03
elapsed:  10673.5  seconds
4750
2023-11-08 13:03:57
4800
2023-11-08 13:06:00
elapsed:  10910.4  seconds
4850
2023-11-08 13:07:57
4900
2023-11-08 13:09:57
elapsed:  11147.1  seconds
4950
2023-11-08 13:11:56
5000
2023-11-08 13:13:57
elapsed:  11387.0  seconds
5050
2023-11-08 13:15:52
5100
2023-11-08 13:17:46
elapsed:  11616.7  seconds
5150
2023-11-08 13:19:35
5200
2023-11-08 13:21:32
elapsed:  11842.0  seconds
5250
2023-11-08 13:23:31
5300
2023-11-08 13:25:29
elapsed:  12079.4  seconds
5350
2023-11-08 13:27:26
5400
2023-11-08 13:29:31
elapsed:  12321.4  seconds
5450
2023-11-08 13:31:30
5500
2023-11-08 13:33:23
elapsed:  12553.0  seconds
5550
2023-11-08 13:35:23
5600
2023-11-08 13:37:10
elapsed:  12780.6  seconds
5650
2023-11-08 13:39:01
5700
2023-11-08 13:40:55
elapsed:  13004.9  seconds
5750
2023-11-08 13:42:52
5800
2023-11-08 13:44:52
elapsed:  13242.2  seconds
5850
2023-11-08 13:46:35
5900
2023-11-08 13:48:18
elapsed:  13448.8  seconds
5950
2023-11-08 13:50:15
6000
2023-11-08 13:52:07
elapsed:  13677.6  seconds
6050
2023-11-08 13:54:05
6100
2023-11-08 13:55:51
elapsed:  13901.0  seconds
6150
2023-11-08 13:57:42
6200
2023-11-08 13:59:39
elapsed:  14128.9  seconds
6250
2023-11-08 14:01:41
6300
2023-11-08 14:03:38
elapsed:  14367.9  seconds
6350
2023-11-08 14:05:34
6400
2023-11-08 14:07:35
elapsed:  14605.3  seconds
6450
2023-11-08 14:09:39
6500
2023-11-08 14:11:53
elapsed:  14862.9  seconds
6550
2023-11-08 14:13:51
6600
2023-11-08 14:15:50
elapsed:  15100.1  seconds
6650
2023-11-08 14:17:55
6700
2023-11-08 14:20:04
elapsed:  15354.7  seconds
6750
2023-11-08 14:22:00
6800
2023-11-08 14:24:09
elapsed:  15599.1  seconds
6850
2023-11-08 14:26:13
6900
2023-11-08 14:28:15
elapsed:  15845.8  seconds
6950
2023-11-08 14:30:16
7000
2023-11-08 14:32:19
elapsed:  16089.0  seconds
7050
2023-11-08 14:34:21
7100
2023-11-08 14:36:28
elapsed:  16338.3  seconds
7150
2023-11-08 14:38:34
7200
2023-11-08 14:40:39
elapsed:  16589.4  seconds
7250
2023-11-08 14:42:45
7300
2023-11-08 14:44:53
elapsed:  16843.1  seconds
7350
2023-11-08 14:46:52
7400
2023-11-08 14:48:36
elapsed:  17065.9  seconds
7450
2023-11-08 14:50:28
7500
2023-11-08 14:52:20
elapsed:  17290.1  seconds
7550
2023-11-08 14:54:21
7600
2023-11-08 14:56:16
elapsed:  17526.5  seconds
7650
2023-11-08 14:58:15
7700
2023-11-08 15:00:14
elapsed:  17764.8  seconds
7750
2023-11-08 15:02:04
7800
2023-11-08 15:04:00
elapsed:  17990.5  seconds
7850
2023-11-08 15:06:04
7900
2023-11-08 15:07:54
elapsed:  18224.5  seconds
7950
2023-11-08 15:09:42
8000
2023-11-08 15:11:32
elapsed:  18442.4  seconds
8050
2023-11-08 15:13:28
8100
2023-11-08 15:15:18
elapsed:  18668.4  seconds
8150
2023-11-08 15:17:15
8200
2023-11-08 15:19:13
elapsed:  18903.4  seconds
8250
2023-11-08 15:21:03
8300
2023-11-08 15:23:04
elapsed:  19134.4  seconds
8350
2023-11-08 15:25:03
8400
2023-11-08 15:26:51
elapsed:  19361.4  seconds
8450
2023-11-08 15:28:52
8500
2023-11-08 15:30:53
elapsed:  19603.4  seconds
8550
2023-11-08 15:32:44
8600
2023-11-08 15:34:40
elapsed:  19830.6  seconds
8650
2023-11-08 15:36:40
8700
2023-11-08 15:38:38
elapsed:  20067.9  seconds
8750
2023-11-08 15:40:56
8800
2023-11-08 15:43:00
elapsed:  20330.5  seconds
8850
2023-11-08 15:45:00
8900
2023-11-08 15:47:17
elapsed:  20587.0  seconds
8950
2023-11-08 15:49:26
9000
2023-11-08 15:51:29
elapsed:  20839.2  seconds
9050
2023-11-08 15:53:25
9100
2023-11-08 15:55:23
elapsed:  21073.2  seconds
9150
2023-11-08 15:57:22
9200
2023-11-08 15:59:25
elapsed:  21315.2  seconds
9250
2023-11-08 16:01:36
9300
2023-11-08 16:03:39
elapsed:  21569.7  seconds
9350
2023-11-08 16:05:35
9400
2023-11-08 16:07:29
elapsed:  21799.6  seconds
9450
2023-11-08 16:09:24
9500
2023-11-08 16:11:20
elapsed:  22030.2  seconds
9550
2023-11-08 16:13:19
9600
2023-11-08 16:15:14
elapsed:  22263.9  seconds
9650
2023-11-08 16:17:22
9700
2023-11-08 16:19:28
elapsed:  22518.0  seconds
9750
2023-11-08 16:21:26
9800
2023-11-08 16:23:28
elapsed:  22758.1  seconds
9850
2023-11-08 16:25:36
9900
2023-11-08 16:27:46
elapsed:  23016.2  seconds
9950
2023-11-08 16:29:55
10000
2023-11-08 16:31:52
elapsed:  23262.6  seconds
10050
2023-11-08 16:33:48
10100
2023-11-08 16:35:43
elapsed:  23493.8  seconds
10150
2023-11-08 16:37:48
10200
2023-11-08 16:39:39
elapsed:  23729.2  seconds
10250
2023-11-08 16:41:27
10300
2023-11-08 16:43:26
elapsed:  23956.4  seconds
10350
2023-11-08 16:45:39
10400
2023-11-08 16:47:53
elapsed:  24223.5  seconds
10450
2023-11-08 16:50:08
10500
2023-11-08 16:52:09
elapsed:  24478.9  seconds
10550
2023-11-08 16:54:09
10600
2023-11-08 16:56:13
elapsed:  24723.0  seconds
10650
2023-11-08 16:58:18
10700
2023-11-08 17:00:14
elapsed:  24964.2  seconds
10750
2023-11-08 17:02:17
10800
2023-11-08 17:04:05
elapsed:  25195.2  seconds
10850
2023-11-08 17:06:00
10900
2023-11-08 17:07:57
elapsed:  25427.4  seconds
10950
2023-11-08 17:10:01
11000
2023-11-08 17:12:05
elapsed:  25675.3  seconds
11050
2023-11-08 17:14:15
11100
2023-11-08 17:16:25
elapsed:  25935.3  seconds
11150
2023-11-08 17:18:17
11200
2023-11-08 17:20:17
elapsed:  26167.8  seconds
11250
2023-11-08 17:22:10
11300
2023-11-08 17:24:04
elapsed:  26394.1  seconds
11350
2023-11-08 17:26:10
11400
2023-11-08 17:28:03
elapsed:  26633.6  seconds
11450
2023-11-08 17:29:48
11500
2023-11-08 17:31:49
elapsed:  26859.6  seconds
11550
2023-11-08 17:33:53
11600
2023-11-08 17:36:05
elapsed:  27115.1  seconds
11650
2023-11-08 17:38:06
11700
2023-11-08 17:39:56
elapsed:  27346.4  seconds
11750
2023-11-08 17:42:01
11800
2023-11-08 17:44:10
elapsed:  27600.7  seconds
11850
2023-11-08 17:46:14
11900
2023-11-08 17:48:12
elapsed:  27842.4  seconds
11950
2023-11-08 17:50:11
12000
2023-11-08 17:52:06
elapsed:  28076.1  seconds
12050
2023-11-08 17:54:15
12100
2023-11-08 17:56:14
elapsed:  28324.2  seconds
12150
2023-11-08 17:58:19
12200
2023-11-08 18:00:24
elapsed:  28574.5  seconds
12250
2023-11-08 18:02:16
12300
2023-11-08 18:04:16
elapsed:  28806.3  seconds
12350
2023-11-08 18:06:30
12400
2023-11-08 18:08:36
elapsed:  29065.9  seconds
12450
2023-11-08 18:10:44
12500
2023-11-08 18:12:52
elapsed:  29322.4  seconds
12550
2023-11-08 18:15:02
12600
2023-11-08 18:17:02
elapsed:  29572.5  seconds
12650
2023-11-08 18:19:03
12700
2023-11-08 18:20:58
elapsed:  29808.4  seconds
12750
2023-11-08 18:23:00
12800
2023-11-08 18:25:06
elapsed:  30056.5  seconds
12850
2023-11-08 18:27:11
12900
2023-11-08 18:29:22
elapsed:  30312.1  seconds
12950
2023-11-08 18:31:31
13000
2023-11-08 18:33:33
elapsed:  30563.6  seconds
13050
2023-11-08 18:35:40
13100
2023-11-08 18:37:48
elapsed:  30818.0  seconds
13150
2023-11-08 18:40:00
13200
2023-11-08 18:42:03
elapsed:  31073.3  seconds
13250
2023-11-08 18:44:06
13300
2023-11-08 18:46:16
elapsed:  31325.9  seconds
13350
2023-11-08 18:48:22
13400
2023-11-08 18:50:31
elapsed:  31581.2  seconds
13450
2023-11-08 18:52:46
13500
2023-11-08 18:54:52
elapsed:  31842.7  seconds
13550
2023-11-08 18:57:05
13600
2023-11-08 18:59:05
elapsed:  32095.3  seconds
13650
2023-11-08 19:01:07
13700
2023-11-08 19:03:07
elapsed:  32337.4  seconds
13750
2023-11-08 19:05:17
13800
2023-11-08 19:07:23
elapsed:  32593.5  seconds
13850
2023-11-08 19:09:31
13900
2023-11-08 19:11:38
elapsed:  32848.6  seconds
13950
2023-11-08 19:13:47
14000
2023-11-08 19:15:56
elapsed:  33106.8  seconds
14050
2023-11-08 19:17:58
14100
2023-11-08 19:20:07
elapsed:  33357.6  seconds
14150
2023-11-08 19:22:22
14200
2023-11-08 19:24:21
elapsed:  33611.0  seconds
14250
2023-11-08 19:26:26
14300
2023-11-08 19:28:30
elapsed:  33860.2  seconds
14350
2023-11-08 19:30:43
14400
2023-11-08 19:32:39
elapsed:  34108.8  seconds
14450
2023-11-08 19:34:37
14500
2023-11-08 19:36:29
elapsed:  34339.8  seconds
14550
2023-11-08 19:38:33
14600
2023-11-08 19:40:42
elapsed:  34592.8  seconds
/projects/muyang@colostate.edu/software/anaconda/envs/testenv/lib/python3.11/site-packages/numpy/lib/function_base.py:2455: RuntimeWarning: divide by zero encountered in func (vectorized)
  outputs = ufunc(*inputs)
/projects/muyang@colostate.edu/software/anaconda/envs/testenv/lib/python3.11/site-packages/numpy/lib/function_base.py:2455: RuntimeWarning: invalid value encountered in func (vectorized)
  outputs = ufunc(*inputs)
14650
2023-11-08 19:42:43
14700
2023-11-08 19:44:49
elapsed:  34838.9  seconds
14750
2023-11-08 19:46:43
14800
2023-11-08 19:48:41
elapsed:  35071.2  seconds
14850
2023-11-08 19:50:43
14900
2023-11-08 19:52:39
elapsed:  35308.8  seconds
14950
2023-11-08 19:54:42
elapsed:  35540.0  seconds
total time:  35545.5  seconds
true R:  [[5.61280214e+00 1.95009871e-01 4.33512236e+00 8.54011978e-01
  4.14656580e+00 2.11178638e+00 3.64120270e-01 1.00508302e+01
  1.47835269e+00 3.59445910e+01 1.45427472e+00 3.18716677e+00
  1.09608593e+00 7.79797050e-01 3.63274013e-01 6.59062090e+00
  2.28165800e+00 7.88168492e+00 6.34491722e-01 2.31185289e+00
  1.14178810e+01 1.12814088e+00 8.13516105e-01 3.13278611e+01
  1.64631371e+00 2.92404942e-01 1.55808413e+00 4.49628373e+04
  1.38442520e+01 1.80303922e+00 1.80697169e+01 9.36982245e-01
  2.81545184e-01 2.38680272e+01 1.33403069e+00 1.10559186e+02
  5.72408780e-01 2.01633338e-01 2.96061891e+02 7.78563835e-01
  3.33556052e-01 8.79039627e+00 1.94584587e+00 3.74259555e-01
  9.42732005e+02 9.17155053e-02 1.39386441e-01 1.42003362e+01
  6.09859713e-01 5.17271440e+00 3.04644802e-01 9.42437090e-01
  9.37642843e+02 7.38013968e-01 6.83607775e+01 1.71370545e+00
  5.29264434e+00 1.89123420e+00 1.90139942e-01 2.13641078e-01
  1.80470483e+01 5.16914529e-01 1.37949837e+00 1.83509758e-01]
 [2.79606469e+00 9.53677897e-01 4.99327749e+00 8.96081128e-01
  6.45988673e+00 7.53714122e+02 2.01126461e-01 3.54295935e-01
  2.09888379e+01 2.54347973e+00 3.42144065e-01 8.36901210e+01
  1.16543513e+01 1.53439371e+01 2.22153860e-01 8.26655342e-01
  6.94768127e+00 2.65025565e+01 1.15359876e+01 6.15905286e+01
  2.99986640e-01 2.12417091e-01 9.24720701e+01 7.13714137e-01
  3.37602935e-01 3.63324139e+00 3.20185219e+00 1.03873675e+00
  8.55292571e-01 7.38349383e+01 1.84630613e+00 4.07865166e+01
  6.44961607e+00 9.14754092e-01 4.89167795e-01 2.79035633e-01
  1.41615773e-01 6.51665100e-01 1.91038909e-01 2.38745784e+00
  1.07543180e-01 9.27564274e+00 4.24392751e+02 3.61576405e+00
  5.28288768e-01 3.11795473e-01 4.80259959e+02 1.87788587e-01
  5.10475229e+00 5.59357176e-01 8.51989189e-02 1.17393621e-01
  5.77953552e-01 6.65278286e+02 3.99166239e-01 1.68952698e+00
  8.84268841e-01 2.03407936e-01 2.58802368e-01 1.59003775e+00
  1.34292420e+01 8.47072513e-01 1.08353438e-01 1.51578903e+00]
 [1.21094726e+02 9.80289922e-02 4.40627720e-01 7.95122675e-01
  2.60000381e-01 1.56712241e-01 3.23100014e-01 1.26906005e+00
  1.24866464e+00 2.96534246e-01 1.04053717e+00 3.32170246e+00
  4.48176639e-01 1.78946709e-01 6.60544496e-01 2.25317017e+00
  2.49672672e+01 4.56452391e+00 2.06917913e+01 2.57270812e+00
  1.12851510e+00 2.12351334e+00 1.04422245e+00 2.89866956e+00
  1.01728950e+02 5.66479942e+00 6.61053765e-01 7.59302748e+01
  3.92873627e+02 2.22816182e+02 3.03225084e+00 1.68618494e+00
  3.49921568e+00 1.85366966e+00 1.41183582e+00 1.32210531e+02
  3.68759548e-01 8.20250023e-01 6.02575963e-01 5.77261876e-01
  4.86269500e-01 8.61819625e-01 4.18503630e-01 4.56144300e+00
  6.16927415e+00 6.59925592e-01 1.81074332e+01 4.97396952e-01
  2.62619451e+00 1.51369587e+00 4.51091296e-02 2.14518037e-01
  1.83406123e-01 4.10824960e+01 8.66650356e-02 7.16207120e-01
  1.90686284e-01 2.61810557e-01 1.26477369e+04 9.37416282e-01
  2.52392314e+00 3.67445080e+00 5.62554164e-01 8.97068996e-01]
 [2.95273457e+00 8.22582396e+00 1.93715879e+00 4.75332988e-01
  5.46487424e+00 4.06718192e-01 2.55946163e+01 1.53711221e+04
  8.64028841e-01 4.35370569e-01 1.01574391e-01 7.35281182e+00
  7.09864637e-01 4.60660117e-01 1.77708923e+00 1.64312848e+03
  6.47691265e+00 4.69540977e-01 2.97536317e+00 3.69800105e+01
  4.19974579e-01 3.15960546e-01 2.17274639e+01 1.92081313e+00
  3.82352420e-01 4.43046384e+00 5.50156890e-01 9.40809910e-01
  5.86520812e+00 5.56144560e+01 1.50384254e-01 5.03368464e-01
  4.36899005e+00 2.19357441e+01 1.30358411e+01 2.54505323e+03
  5.94631773e-01 1.26107987e+00 6.55170611e+00 1.97506628e+00
  7.17402669e-01 6.43014071e-01 1.05114691e+00 5.96990721e-01
  8.57623495e-01 1.22755514e+02 3.83131827e-01 2.18738753e+00
  2.65125830e-01 6.26094337e-02 3.24905810e-01 5.85085558e-01
  8.37836247e-01 1.61991832e-01 2.37924421e-01 3.73487388e-01
  1.87176288e+00 2.38800336e-01 5.04122248e-01 3.48257457e-01
  1.53762605e-01 4.00410458e+00 1.45497407e-01 6.09540290e+01]
 [2.34203671e-01 8.90930102e-01 2.77555273e-01 4.88890940e-01
  2.78119663e+00 5.84875402e-02 1.01553062e+02 1.23540615e-01
  1.14941150e+01 1.38761748e-01 8.00643805e-02 9.05579680e+00
  6.49147827e-01 7.38876961e+00 2.44693115e-01 3.35505456e+00
  4.19851125e+00 2.38897009e+03 1.04545589e+00 3.76475942e-01
  8.41471834e-01 2.13987234e-01 2.15426575e-01 9.00996939e-01
  1.18921583e+00 8.78983253e-02 2.64119678e-01 3.91016663e+02
  7.44740348e+00 5.35138299e-01 8.26646272e-01 4.65328882e+01
  1.45514990e+02 2.60034277e+00 2.92417251e+02 1.62505260e+00
  4.52812953e+00 7.00883150e+00 2.52469973e+01 1.35470878e+00
  1.43816752e+00 1.16612965e+00 3.89355567e+00 1.15154552e-01
  2.58107256e+00 3.67649940e+01 9.62423808e+00 1.03614640e+00
  5.47736022e-01 1.48797498e-01 7.84506793e-01 1.45611874e-01
  7.86888330e-01 4.17972022e+01 2.24460485e-01 6.83474217e-01
  1.57824488e-01 4.36829893e+00 2.46069315e+01 5.03362945e-01
  5.14503693e-01 3.72410773e-01 4.49886170e-01 4.23479715e-01]
 [6.83661624e+02 1.49154823e-01 2.43474360e-01 1.65212256e-01
  9.60055591e-01 4.55133235e+00 2.35165803e+00 1.49748937e-01
  1.86720970e+00 7.08153947e+00 2.01213123e+00 1.30161987e+00
  2.40777474e+00 5.79432955e-01 2.01584067e-01 8.38711479e-02
  9.18956842e+00 1.92117723e-01 1.86528323e+00 1.41015280e+01
  1.41285092e+00 1.06387486e+00 4.47110619e+00 7.37665710e-01
  4.03060405e-01 1.99948502e+00 1.18834048e+00 7.48520954e+00
  5.06465056e+00 2.66822022e-01 6.30419781e-01 2.04562409e+02
  4.05254233e-01 3.04611691e-01 3.20939078e-01 2.26598071e+00
  6.75275199e+01 4.68052455e-01 2.77981333e+00 2.75805867e-01
  8.62696668e+01 2.19628498e-01 9.37623919e-01 1.10132319e+00
  2.86564419e+01 7.21517937e+01 1.29262484e+01 9.25300111e-01
  2.21666716e+00 1.40213122e-01 4.08573719e-01 2.52242861e-01
  3.91455820e+00 2.61570593e+00 5.81312228e-01 1.97951387e+01
  1.22300048e-01 2.54661955e+00 2.80187527e+00 9.05068905e-01
  4.86785854e-01 2.22077733e-01 1.53461022e-01 3.54861721e-01]
 [2.54085935e+00 6.07321625e-01 1.02640844e+00 2.54578460e-01
  1.51525606e-01 1.27413581e-01 1.70437231e+00 5.61312124e-01
  2.75975315e-01 5.71040527e+01 1.24622602e+00 2.04935923e+00
  2.25990769e+01 1.81780804e+01 4.41725619e+00 1.09346391e-01
  1.33392486e-01 1.11880923e+01 2.12161706e+02 2.13115491e+00
  1.12118005e+00 1.26671350e-01 2.83976038e-01 9.31367132e+00
  4.39989092e-01 6.11681630e-01 3.54727400e+00 3.73283002e-01
  3.13095461e-01 1.40067519e+00 7.03833259e-01 8.53987145e-01
  5.97387425e+00 8.68663909e-01 8.32456736e-01 9.15776542e-02
  1.15262360e+00 2.98534379e+00 2.03075017e-01 3.75609234e+00
  3.13527680e-01 2.84987116e+01 2.23411466e-01 3.04760261e+00
  6.82942048e-01 8.42276426e+01 9.26051631e-01 2.97018949e+01
  2.52335691e+00 2.98332438e-01 3.85681070e-01 3.05375812e+00
  1.45388672e-01 5.20039477e-01 1.56525850e+02 3.10532597e+00
  5.28228576e+01 9.76473676e-02 7.55766618e-01 1.43829442e+01
  2.76143821e-01 1.29223928e+00 1.84507424e+00 1.38545339e+02]
 [3.86400635e-01 6.01797083e-01 4.00745764e-01 1.62714884e-01
  1.01954321e+00 4.78079697e-01 2.07337794e+00 3.92391055e-01
  1.43101779e-01 4.05844630e-01 4.38045823e+00 2.45331958e+00
  9.01006900e+01 2.33370230e+00 5.30874646e-02 4.31824678e-01
  1.04308399e-01 1.04624220e-01 9.36231662e+00 7.21184095e-01
  5.56539632e+00 1.20825832e+00 1.31476039e-01 5.27606516e-01
  1.97105988e+00 7.82061441e+00 1.45416216e-01 8.72491807e+00
  5.56763455e-01 1.24975453e-01 2.02881026e+00 2.51489240e-01
  1.10674342e+00 1.77125433e+02 1.35277123e-01 2.57782026e-01
  1.56030997e-01 3.90793378e-01 6.74324743e-01 4.16189854e-01
  1.21771956e+02 4.97085998e-01 3.99954256e+00 4.34974359e-01
  4.10953099e+00 1.35606058e-01 2.48287387e+00 5.47218103e+00
  6.35244501e-01 5.56133258e-01 2.48843122e-01 3.60365968e+01
  7.30283047e+00 9.70914278e-01 8.39932173e-01 3.40288485e+01
  1.17594114e+00 3.14818545e+01 3.35794882e-01 1.40472056e+01
  4.53595778e+00 3.05531307e+01 4.99917809e+00 1.68235365e+00]
 [2.18677109e+00 2.58186322e-01 4.69398156e-01 6.43411376e-01
  4.30514493e-01 2.79499265e-01 2.87014057e-01 2.70522699e+00
  4.93973458e+00 1.93284065e-01 1.51141587e+01 1.41626752e+01
  2.45513996e+02 3.38370695e-01 8.16704676e+00 1.99646265e+02
  2.54750885e+01 7.60534280e+00 1.12937469e+00 4.71509327e-01
  1.44804563e+00 4.65705651e+00 3.40770574e+00 6.11668920e+00
  4.12293800e-01 4.44440226e+01 2.27650402e+01 6.28083954e-01
  5.07303875e-01 2.40984160e-01 2.44225244e+00 1.11153752e+00
  2.44407000e-01 2.53589599e-01 3.17514724e+00 3.19733518e-01
  2.09322817e-01 2.48940140e-01 9.18211913e-02 4.06664682e+02
  8.16872804e-02 6.42485679e+01 3.68456548e+01 1.36204409e+00
  3.60983862e+00 1.89664662e-01 1.11967004e-01 9.94923522e+00
  2.81704089e+00 4.28607238e-01 2.43247941e-01 2.85734998e+05
  2.77197413e+00 2.03823453e+01 2.75753750e-01 2.56637287e+00
  1.13343125e+00 8.04517472e-01 2.53620902e-01 1.57217252e+00
  3.85496359e-01 2.29924822e+00 9.55915653e-01 5.35745443e-01]]
