1
50
2023-11-11 22:35:08
/projects/muyang@colostate.edu/software/anaconda/envs/testenv/lib/python3.11/site-packages/numpy/lib/function_base.py:2455: RuntimeWarning: divide by zero encountered in func (vectorized)
  outputs = ufunc(*inputs)
/projects/muyang@colostate.edu/software/anaconda/envs/testenv/lib/python3.11/site-packages/numpy/lib/function_base.py:2455: RuntimeWarning: invalid value encountered in func (vectorized)
  outputs = ufunc(*inputs)
100
2023-11-11 22:37:22
elapsed:  266.1  seconds
150
2023-11-11 22:39:39
200
2023-11-11 22:41:55
elapsed:  539.0  seconds
250
2023-11-11 22:44:13
300
2023-11-11 22:46:29
elapsed:  812.6  seconds
350
2023-11-11 22:48:45
400
2023-11-11 22:51:00
elapsed:  1084.2  seconds
450
2023-11-11 22:53:18
500
2023-11-11 22:55:32
elapsed:  1356.4  seconds
550
2023-11-11 22:57:52
600
2023-11-11 23:00:09
elapsed:  1632.8  seconds
650
2023-11-11 23:02:27
700
2023-11-11 23:04:45
elapsed:  1909.1  seconds
750
2023-11-11 23:07:05
800
2023-11-11 23:09:22
elapsed:  2186.3  seconds
850
2023-11-11 23:11:43
900
2023-11-11 23:13:57
elapsed:  2460.6  seconds
950
2023-11-11 23:16:16
1000
2023-11-11 23:18:33
elapsed:  2736.7  seconds
1050
2023-11-11 23:20:53
1100
2023-11-11 23:23:09
elapsed:  3012.9  seconds
1150
2023-11-11 23:25:26
/projects/muyang@colostate.edu/software/anaconda/envs/testenv/lib/python3.11/site-packages/numpy/lib/function_base.py:2455: RuntimeWarning: divide by zero encountered in func (vectorized)
  outputs = ufunc(*inputs)
/projects/muyang@colostate.edu/software/anaconda/envs/testenv/lib/python3.11/site-packages/numpy/lib/function_base.py:2455: RuntimeWarning: invalid value encountered in func (vectorized)
  outputs = ufunc(*inputs)
1200
2023-11-11 23:27:43
elapsed:  3287.0  seconds
1250
2023-11-11 23:30:02
1300
2023-11-11 23:32:17
elapsed:  3560.7  seconds
1350
2023-11-11 23:34:38
1400
2023-11-11 23:36:58
elapsed:  3841.5  seconds
1450
2023-11-11 23:39:18
1500
2023-11-11 23:41:34
elapsed:  4118.2  seconds
1550
2023-11-11 23:43:52
1600
2023-11-11 23:46:07
elapsed:  4391.0  seconds
1650
2023-11-11 23:48:27
1700
2023-11-11 23:50:46
elapsed:  4669.4  seconds
1750
2023-11-11 23:53:06
1800
2023-11-11 23:55:22
elapsed:  4945.4  seconds
1850
2023-11-11 23:57:40
/projects/muyang@colostate.edu/software/anaconda/envs/testenv/lib/python3.11/site-packages/numpy/lib/function_base.py:2455: RuntimeWarning: divide by zero encountered in func (vectorized)
  outputs = ufunc(*inputs)
/projects/muyang@colostate.edu/software/anaconda/envs/testenv/lib/python3.11/site-packages/numpy/lib/function_base.py:2455: RuntimeWarning: invalid value encountered in func (vectorized)
  outputs = ufunc(*inputs)
1900
2023-11-11 23:59:56
elapsed:  5220.0  seconds
1950
2023-11-12 00:02:14
2000
2023-11-12 00:04:28
elapsed:  5491.9  seconds
2050
2023-11-12 00:06:45
2100
2023-11-12 00:09:00
elapsed:  5764.2  seconds
2150
2023-11-12 00:11:16
2200
2023-11-12 00:13:32
elapsed:  6035.9  seconds
2250
2023-11-12 00:15:51
2300
2023-11-12 00:18:05
elapsed:  6309.3  seconds
2350
2023-11-12 00:20:21
2400
2023-11-12 00:22:36
elapsed:  6580.4  seconds
2450
2023-11-12 00:24:54
2500
2023-11-12 00:27:09
elapsed:  6852.6  seconds
2550
2023-11-12 00:29:28
2600
2023-11-12 00:31:47
elapsed:  7130.7  seconds
2650
2023-11-12 00:34:07
2700
2023-11-12 00:36:27
elapsed:  7410.4  seconds
2750
2023-11-12 00:38:47
2800
2023-11-12 00:41:03
elapsed:  7686.4  seconds
2850
2023-11-12 00:43:19
2900
2023-11-12 00:45:34
elapsed:  7958.0  seconds
2950
2023-11-12 00:47:52
3000
2023-11-12 00:50:06
elapsed:  8230.0  seconds
3050
2023-11-12 00:52:25
3100
2023-11-12 00:54:42
elapsed:  8505.8  seconds
3150
2023-11-12 00:56:55
3200
2023-11-12 00:59:13
elapsed:  8776.7  seconds
3250
2023-11-12 01:01:30
3300
2023-11-12 01:03:45
elapsed:  9049.1  seconds
3350
2023-11-12 01:06:03
3400
2023-11-12 01:08:19
elapsed:  9323.2  seconds
3450
2023-11-12 01:10:39
3500
2023-11-12 01:12:56
elapsed:  9599.5  seconds
3550
2023-11-12 01:15:15
3600
2023-11-12 01:17:31
elapsed:  9874.5  seconds
3650
2023-11-12 01:19:51
3700
2023-11-12 01:22:07
elapsed:  10150.7  seconds
3750
2023-11-12 01:24:24
3800
2023-11-12 01:26:42
elapsed:  10426.0  seconds
3850
2023-11-12 01:29:03
3900
2023-11-12 01:31:21
elapsed:  10704.8  seconds
3950
2023-11-12 01:33:42
4000
2023-11-12 01:36:02
elapsed:  10985.8  seconds
4050
2023-11-12 01:38:23
4100
2023-11-12 01:40:40
elapsed:  11264.1  seconds
4150
2023-11-12 01:43:00
4200
2023-11-12 01:45:18
elapsed:  11542.1  seconds
4250
2023-11-12 01:47:34
4300
2023-11-12 01:49:52
elapsed:  11815.7  seconds
4350
2023-11-12 01:52:11
4400
2023-11-12 01:54:29
elapsed:  12093.0  seconds
4450
2023-11-12 01:56:49
4500
2023-11-12 01:59:08
elapsed:  12371.6  seconds
4550
2023-11-12 02:01:29
4600
2023-11-12 02:03:47
elapsed:  12651.0  seconds
4650
2023-11-12 02:06:07
4700
2023-11-12 02:08:24
elapsed:  12927.5  seconds
4750
2023-11-12 02:10:43
4800
2023-11-12 02:12:59
elapsed:  13202.7  seconds
4850
2023-11-12 02:15:15
4900
2023-11-12 02:17:32
elapsed:  13476.1  seconds
/projects/muyang@colostate.edu/software/anaconda/envs/testenv/lib/python3.11/site-packages/numpy/lib/function_base.py:2455: RuntimeWarning: divide by zero encountered in func (vectorized)
  outputs = ufunc(*inputs)
/projects/muyang@colostate.edu/software/anaconda/envs/testenv/lib/python3.11/site-packages/numpy/lib/function_base.py:2455: RuntimeWarning: invalid value encountered in func (vectorized)
  outputs = ufunc(*inputs)
4950
2023-11-12 02:19:54
5000
2023-11-12 02:22:12
elapsed:  13756.1  seconds
5050
2023-11-12 02:24:32
5100
2023-11-12 02:26:49
elapsed:  14033.3  seconds
5150
2023-11-12 02:29:09
5200
2023-11-12 02:31:26
elapsed:  14309.9  seconds
5250
2023-11-12 02:33:44
5300
2023-11-12 02:36:03
elapsed:  14586.5  seconds
5350
2023-11-12 02:38:19
/projects/muyang@colostate.edu/software/anaconda/envs/testenv/lib/python3.11/site-packages/numpy/lib/function_base.py:2455: RuntimeWarning: divide by zero encountered in func (vectorized)
  outputs = ufunc(*inputs)
/projects/muyang@colostate.edu/software/anaconda/envs/testenv/lib/python3.11/site-packages/numpy/lib/function_base.py:2455: RuntimeWarning: invalid value encountered in func (vectorized)
  outputs = ufunc(*inputs)
5400
2023-11-12 02:40:35
elapsed:  14859.3  seconds
5450
2023-11-12 02:42:53
5500
2023-11-12 02:45:09
elapsed:  15133.3  seconds
5550
2023-11-12 02:47:25
5600
2023-11-12 02:49:43
elapsed:  15406.5  seconds
5650
2023-11-12 02:52:00
5700
2023-11-12 02:54:19
elapsed:  15682.7  seconds
5750
2023-11-12 02:56:39
5800
2023-11-12 02:58:57
elapsed:  15960.6  seconds
5850
2023-11-12 03:01:17
5900
2023-11-12 03:03:35
elapsed:  16239.3  seconds
5950
2023-11-12 03:05:55
6000
2023-11-12 03:08:10
elapsed:  16513.7  seconds
6050
2023-11-12 03:10:29
6100
2023-11-12 03:12:44
elapsed:  16788.2  seconds
/projects/muyang@colostate.edu/software/anaconda/envs/testenv/lib/python3.11/site-packages/numpy/lib/function_base.py:2455: RuntimeWarning: divide by zero encountered in func (vectorized)
  outputs = ufunc(*inputs)
/projects/muyang@colostate.edu/software/anaconda/envs/testenv/lib/python3.11/site-packages/numpy/lib/function_base.py:2455: RuntimeWarning: invalid value encountered in func (vectorized)
  outputs = ufunc(*inputs)
6150
2023-11-12 03:15:04
6200
2023-11-12 03:17:24
elapsed:  17067.7  seconds
6250
2023-11-12 03:19:43
6300
2023-11-12 03:22:01
elapsed:  17345.2  seconds
6350
2023-11-12 03:24:19
6400
2023-11-12 03:26:37
elapsed:  17620.6  seconds
6450
2023-11-12 03:28:57
6500
2023-11-12 03:31:14
elapsed:  17898.0  seconds
6550
2023-11-12 03:33:35
6600
2023-11-12 03:35:50
elapsed:  18173.5  seconds
6650
2023-11-12 03:38:07
6700
2023-11-12 03:40:23
elapsed:  18447.3  seconds
6750
2023-11-12 03:42:43
6800
2023-11-12 03:45:02
elapsed:  18725.6  seconds
6850
2023-11-12 03:47:21
6900
2023-11-12 03:49:38
elapsed:  19002.3  seconds
6950
2023-11-12 03:51:57
7000
2023-11-12 03:54:13
elapsed:  19277.0  seconds
7050
2023-11-12 03:56:35
7100
2023-11-12 03:58:56
elapsed:  19559.4  seconds
7150
2023-11-12 04:01:14
7200
2023-11-12 04:03:34
elapsed:  19837.4  seconds
7250
2023-11-12 04:05:51
7300
2023-11-12 04:08:12
elapsed:  20116.0  seconds
7350
2023-11-12 04:10:35
7400
2023-11-12 04:12:54
elapsed:  20398.2  seconds
7450
2023-11-12 04:15:15
7500
2023-11-12 04:17:35
elapsed:  20679.1  seconds
7550
2023-11-12 04:19:57
7600
2023-11-12 04:22:18
elapsed:  20961.8  seconds
/projects/muyang@colostate.edu/software/anaconda/envs/testenv/lib/python3.11/site-packages/numpy/lib/function_base.py:2455: RuntimeWarning: divide by zero encountered in func (vectorized)
  outputs = ufunc(*inputs)
/projects/muyang@colostate.edu/software/anaconda/envs/testenv/lib/python3.11/site-packages/numpy/lib/function_base.py:2455: RuntimeWarning: invalid value encountered in func (vectorized)
  outputs = ufunc(*inputs)
7650
2023-11-12 04:24:40
7700
2023-11-12 04:26:59
elapsed:  21242.9  seconds
/projects/muyang@colostate.edu/software/anaconda/envs/testenv/lib/python3.11/site-packages/numpy/lib/function_base.py:2455: RuntimeWarning: divide by zero encountered in func (vectorized)
  outputs = ufunc(*inputs)
/projects/muyang@colostate.edu/software/anaconda/envs/testenv/lib/python3.11/site-packages/numpy/lib/function_base.py:2455: RuntimeWarning: invalid value encountered in func (vectorized)
  outputs = ufunc(*inputs)
7750
2023-11-12 04:29:19
7800
2023-11-12 04:31:38
elapsed:  21521.6  seconds
7850
2023-11-12 04:33:59
7900
2023-11-12 04:36:18
elapsed:  21801.8  seconds
7950
2023-11-12 04:38:40
8000
2023-11-12 04:41:02
elapsed:  22086.0  seconds
8050
2023-11-12 04:43:23
8100
2023-11-12 04:45:44
elapsed:  22368.2  seconds
/projects/muyang@colostate.edu/software/anaconda/envs/testenv/lib/python3.11/site-packages/numpy/lib/function_base.py:2455: RuntimeWarning: divide by zero encountered in func (vectorized)
  outputs = ufunc(*inputs)
/projects/muyang@colostate.edu/software/anaconda/envs/testenv/lib/python3.11/site-packages/numpy/lib/function_base.py:2455: RuntimeWarning: invalid value encountered in func (vectorized)
  outputs = ufunc(*inputs)
8150
2023-11-12 04:48:08
8200
2023-11-12 04:50:30
elapsed:  22653.6  seconds
8250
2023-11-12 04:52:53
8300
2023-11-12 04:55:12
elapsed:  22935.8  seconds
8350
2023-11-12 04:57:34
/projects/muyang@colostate.edu/software/anaconda/envs/testenv/lib/python3.11/site-packages/numpy/lib/function_base.py:2455: RuntimeWarning: divide by zero encountered in func (vectorized)
  outputs = ufunc(*inputs)
/projects/muyang@colostate.edu/software/anaconda/envs/testenv/lib/python3.11/site-packages/numpy/lib/function_base.py:2455: RuntimeWarning: invalid value encountered in func (vectorized)
  outputs = ufunc(*inputs)
8400
2023-11-12 04:59:54
elapsed:  23217.6  seconds
8450
2023-11-12 05:02:16
/projects/muyang@colostate.edu/software/anaconda/envs/testenv/lib/python3.11/site-packages/numpy/lib/function_base.py:2455: RuntimeWarning: divide by zero encountered in func (vectorized)
  outputs = ufunc(*inputs)
/projects/muyang@colostate.edu/software/anaconda/envs/testenv/lib/python3.11/site-packages/numpy/lib/function_base.py:2455: RuntimeWarning: invalid value encountered in func (vectorized)
  outputs = ufunc(*inputs)
8500
2023-11-12 05:04:36
elapsed:  23499.7  seconds
8550
2023-11-12 05:06:55
/projects/muyang@colostate.edu/software/anaconda/envs/testenv/lib/python3.11/site-packages/numpy/lib/function_base.py:2455: RuntimeWarning: divide by zero encountered in func (vectorized)
  outputs = ufunc(*inputs)
/projects/muyang@colostate.edu/software/anaconda/envs/testenv/lib/python3.11/site-packages/numpy/lib/function_base.py:2455: RuntimeWarning: invalid value encountered in func (vectorized)
  outputs = ufunc(*inputs)
8600
2023-11-12 05:09:13
elapsed:  23776.4  seconds
8650
2023-11-12 05:11:35
8700
2023-11-12 05:13:56
elapsed:  24060.2  seconds
8750
2023-11-12 05:16:18
8800
2023-11-12 05:18:34
elapsed:  24338.3  seconds
8850
2023-11-12 05:20:50
8900
2023-11-12 05:23:09
elapsed:  24613.0  seconds
/projects/muyang@colostate.edu/software/anaconda/envs/testenv/lib/python3.11/site-packages/numpy/lib/function_base.py:2455: RuntimeWarning: divide by zero encountered in func (vectorized)
  outputs = ufunc(*inputs)
/projects/muyang@colostate.edu/software/anaconda/envs/testenv/lib/python3.11/site-packages/numpy/lib/function_base.py:2455: RuntimeWarning: invalid value encountered in func (vectorized)
  outputs = ufunc(*inputs)
/projects/muyang@colostate.edu/software/anaconda/envs/testenv/lib/python3.11/site-packages/numpy/lib/function_base.py:2455: RuntimeWarning: divide by zero encountered in func (vectorized)
  outputs = ufunc(*inputs)
/projects/muyang@colostate.edu/software/anaconda/envs/testenv/lib/python3.11/site-packages/numpy/lib/function_base.py:2455: RuntimeWarning: invalid value encountered in func (vectorized)
  outputs = ufunc(*inputs)
8950
2023-11-12 05:25:28
9000
2023-11-12 05:27:44
elapsed:  24888.3  seconds
9050
2023-11-12 05:30:06
9100
2023-11-12 05:32:26
elapsed:  25169.4  seconds
9150
2023-11-12 05:34:47
9200
2023-11-12 05:37:07
elapsed:  25450.9  seconds
9250
2023-11-12 05:39:28
9300
2023-11-12 05:41:48
elapsed:  25731.9  seconds
9350
2023-11-12 05:44:07
9400
2023-11-12 05:46:27
elapsed:  26010.8  seconds
9450
2023-11-12 05:48:46
9500
2023-11-12 05:51:05
elapsed:  26288.6  seconds
9550
2023-11-12 05:53:28
9600
2023-11-12 05:55:45
elapsed:  26568.4  seconds
9650
2023-11-12 05:58:06
9700
2023-11-12 06:00:27
elapsed:  26851.0  seconds
9750
2023-11-12 06:02:49
9800
2023-11-12 06:05:09
elapsed:  27133.1  seconds
9850
2023-11-12 06:07:32
9900
2023-11-12 06:09:52
elapsed:  27416.3  seconds
9950
2023-11-12 06:12:13
10000
2023-11-12 06:14:34
elapsed:  27698.1  seconds
10050
2023-11-12 06:16:56
10100
2023-11-12 06:19:14
elapsed:  27978.3  seconds
/projects/muyang@colostate.edu/software/anaconda/envs/testenv/lib/python3.11/site-packages/numpy/lib/function_base.py:2455: RuntimeWarning: divide by zero encountered in func (vectorized)
  outputs = ufunc(*inputs)
/projects/muyang@colostate.edu/software/anaconda/envs/testenv/lib/python3.11/site-packages/numpy/lib/function_base.py:2455: RuntimeWarning: invalid value encountered in func (vectorized)
  outputs = ufunc(*inputs)
10150
2023-11-12 06:21:37
10200
2023-11-12 06:23:59
elapsed:  28262.7  seconds
10250
2023-11-12 06:26:18
/projects/muyang@colostate.edu/software/anaconda/envs/testenv/lib/python3.11/site-packages/numpy/lib/function_base.py:2455: RuntimeWarning: divide by zero encountered in func (vectorized)
  outputs = ufunc(*inputs)
/projects/muyang@colostate.edu/software/anaconda/envs/testenv/lib/python3.11/site-packages/numpy/lib/function_base.py:2455: RuntimeWarning: invalid value encountered in func (vectorized)
  outputs = ufunc(*inputs)
10300
2023-11-12 06:28:40
elapsed:  28543.7  seconds
/projects/muyang@colostate.edu/software/anaconda/envs/testenv/lib/python3.11/site-packages/numpy/lib/function_base.py:2455: RuntimeWarning: divide by zero encountered in func (vectorized)
  outputs = ufunc(*inputs)
/projects/muyang@colostate.edu/software/anaconda/envs/testenv/lib/python3.11/site-packages/numpy/lib/function_base.py:2455: RuntimeWarning: invalid value encountered in func (vectorized)
  outputs = ufunc(*inputs)
10350
2023-11-12 06:31:01
10400
2023-11-12 06:33:21
elapsed:  28824.4  seconds
10450
2023-11-12 06:35:42
10500
2023-11-12 06:38:04
elapsed:  29108.1  seconds
10550
2023-11-12 06:40:29
10600
2023-11-12 06:42:53
elapsed:  29396.4  seconds
10650
2023-11-12 06:45:17
10700
2023-11-12 06:47:38
elapsed:  29681.8  seconds
10750
2023-11-12 06:50:04
10800
2023-11-12 06:52:27
elapsed:  29971.0  seconds
10850
2023-11-12 06:54:52
10900
2023-11-12 06:57:12
elapsed:  30256.1  seconds
10950
2023-11-12 06:59:34
11000
2023-11-12 07:01:53
elapsed:  30537.1  seconds
11050
2023-11-12 07:04:15
11100
2023-11-12 07:06:37
elapsed:  30821.1  seconds
/projects/muyang@colostate.edu/software/anaconda/envs/testenv/lib/python3.11/site-packages/numpy/lib/function_base.py:2455: RuntimeWarning: divide by zero encountered in func (vectorized)
  outputs = ufunc(*inputs)
/projects/muyang@colostate.edu/software/anaconda/envs/testenv/lib/python3.11/site-packages/numpy/lib/function_base.py:2455: RuntimeWarning: invalid value encountered in func (vectorized)
  outputs = ufunc(*inputs)
11150
2023-11-12 07:09:01
11200
2023-11-12 07:11:20
elapsed:  31103.5  seconds
11250
2023-11-12 07:13:44
11300
2023-11-12 07:16:06
elapsed:  31390.2  seconds
11350
2023-11-12 07:18:30
/projects/muyang@colostate.edu/software/anaconda/envs/testenv/lib/python3.11/site-packages/numpy/lib/function_base.py:2455: RuntimeWarning: divide by zero encountered in func (vectorized)
  outputs = ufunc(*inputs)
/projects/muyang@colostate.edu/software/anaconda/envs/testenv/lib/python3.11/site-packages/numpy/lib/function_base.py:2455: RuntimeWarning: invalid value encountered in func (vectorized)
  outputs = ufunc(*inputs)
11400
2023-11-12 07:20:52
elapsed:  31675.8  seconds
11450
2023-11-12 07:23:17
/projects/muyang@colostate.edu/software/anaconda/envs/testenv/lib/python3.11/site-packages/numpy/lib/function_base.py:2455: RuntimeWarning: divide by zero encountered in func (vectorized)
  outputs = ufunc(*inputs)
/projects/muyang@colostate.edu/software/anaconda/envs/testenv/lib/python3.11/site-packages/numpy/lib/function_base.py:2455: RuntimeWarning: invalid value encountered in func (vectorized)
  outputs = ufunc(*inputs)
/projects/muyang@colostate.edu/software/anaconda/envs/testenv/lib/python3.11/site-packages/numpy/lib/function_base.py:2455: RuntimeWarning: divide by zero encountered in func (vectorized)
  outputs = ufunc(*inputs)
/projects/muyang@colostate.edu/software/anaconda/envs/testenv/lib/python3.11/site-packages/numpy/lib/function_base.py:2455: RuntimeWarning: invalid value encountered in func (vectorized)
  outputs = ufunc(*inputs)
11500
2023-11-12 07:25:41
elapsed:  31964.6  seconds
11550
2023-11-12 07:28:00
11600
2023-11-12 07:30:20
elapsed:  32244.1  seconds
/projects/muyang@colostate.edu/software/anaconda/envs/testenv/lib/python3.11/site-packages/numpy/lib/function_base.py:2455: RuntimeWarning: divide by zero encountered in func (vectorized)
  outputs = ufunc(*inputs)
/projects/muyang@colostate.edu/software/anaconda/envs/testenv/lib/python3.11/site-packages/numpy/lib/function_base.py:2455: RuntimeWarning: invalid value encountered in func (vectorized)
  outputs = ufunc(*inputs)
11650
2023-11-12 07:32:43
11700
2023-11-12 07:35:02
elapsed:  32526.1  seconds
11750
2023-11-12 07:37:26
11800
2023-11-12 07:39:49
elapsed:  32813.2  seconds
11850
2023-11-12 07:42:13
11900
2023-11-12 07:44:36
elapsed:  33099.5  seconds
11950
2023-11-12 07:47:02
/projects/muyang@colostate.edu/software/anaconda/envs/testenv/lib/python3.11/site-packages/numpy/lib/function_base.py:2455: RuntimeWarning: divide by zero encountered in func (vectorized)
  outputs = ufunc(*inputs)
/projects/muyang@colostate.edu/software/anaconda/envs/testenv/lib/python3.11/site-packages/numpy/lib/function_base.py:2455: RuntimeWarning: invalid value encountered in func (vectorized)
  outputs = ufunc(*inputs)
12000
2023-11-12 07:49:23
elapsed:  33386.6  seconds
12050
2023-11-12 07:51:48
12100
2023-11-12 07:54:11
elapsed:  33674.5  seconds
12150
2023-11-12 07:56:35
12200
2023-11-12 07:58:55
elapsed:  33958.5  seconds
/projects/muyang@colostate.edu/software/anaconda/envs/testenv/lib/python3.11/site-packages/numpy/lib/function_base.py:2455: RuntimeWarning: divide by zero encountered in func (vectorized)
  outputs = ufunc(*inputs)
/projects/muyang@colostate.edu/software/anaconda/envs/testenv/lib/python3.11/site-packages/numpy/lib/function_base.py:2455: RuntimeWarning: invalid value encountered in func (vectorized)
  outputs = ufunc(*inputs)
12250
2023-11-12 08:01:18
12300
2023-11-12 08:03:41
elapsed:  34245.2  seconds
12350
2023-11-12 08:06:06
12400
2023-11-12 08:08:29
elapsed:  34533.3  seconds
/projects/muyang@colostate.edu/software/anaconda/envs/testenv/lib/python3.11/site-packages/numpy/lib/function_base.py:2455: RuntimeWarning: divide by zero encountered in func (vectorized)
  outputs = ufunc(*inputs)
/projects/muyang@colostate.edu/software/anaconda/envs/testenv/lib/python3.11/site-packages/numpy/lib/function_base.py:2455: RuntimeWarning: invalid value encountered in func (vectorized)
  outputs = ufunc(*inputs)
12450
2023-11-12 08:10:52
12500
2023-11-12 08:13:11
elapsed:  34815.2  seconds
12550
2023-11-12 08:15:35
12600
2023-11-12 08:17:58
elapsed:  35101.7  seconds
/projects/muyang@colostate.edu/software/anaconda/envs/testenv/lib/python3.11/site-packages/numpy/lib/function_base.py:2455: RuntimeWarning: divide by zero encountered in func (vectorized)
  outputs = ufunc(*inputs)
/projects/muyang@colostate.edu/software/anaconda/envs/testenv/lib/python3.11/site-packages/numpy/lib/function_base.py:2455: RuntimeWarning: invalid value encountered in func (vectorized)
  outputs = ufunc(*inputs)
12650
2023-11-12 08:20:20
12700
2023-11-12 08:22:39
elapsed:  35382.8  seconds
12750
2023-11-12 08:25:03
12800
2023-11-12 08:27:27
elapsed:  35670.5  seconds
/projects/muyang@colostate.edu/software/anaconda/envs/testenv/lib/python3.11/site-packages/numpy/lib/function_base.py:2455: RuntimeWarning: divide by zero encountered in func (vectorized)
  outputs = ufunc(*inputs)
/projects/muyang@colostate.edu/software/anaconda/envs/testenv/lib/python3.11/site-packages/numpy/lib/function_base.py:2455: RuntimeWarning: invalid value encountered in func (vectorized)
  outputs = ufunc(*inputs)
12850
2023-11-12 08:29:50
12900
2023-11-12 08:32:11
elapsed:  35954.9  seconds
12950
2023-11-12 08:34:38
13000
2023-11-12 08:37:03
elapsed:  36247.2  seconds
13050
2023-11-12 08:39:28
/projects/muyang@colostate.edu/software/anaconda/envs/testenv/lib/python3.11/site-packages/numpy/lib/function_base.py:2455: RuntimeWarning: divide by zero encountered in func (vectorized)
  outputs = ufunc(*inputs)
/projects/muyang@colostate.edu/software/anaconda/envs/testenv/lib/python3.11/site-packages/numpy/lib/function_base.py:2455: RuntimeWarning: invalid value encountered in func (vectorized)
  outputs = ufunc(*inputs)
13100
2023-11-12 08:41:52
elapsed:  36535.6  seconds
13150
2023-11-12 08:44:18
/projects/muyang@colostate.edu/software/anaconda/envs/testenv/lib/python3.11/site-packages/numpy/lib/function_base.py:2455: RuntimeWarning: divide by zero encountered in func (vectorized)
  outputs = ufunc(*inputs)
/projects/muyang@colostate.edu/software/anaconda/envs/testenv/lib/python3.11/site-packages/numpy/lib/function_base.py:2455: RuntimeWarning: invalid value encountered in func (vectorized)
  outputs = ufunc(*inputs)
13200
2023-11-12 08:46:43
elapsed:  36826.6  seconds
13250
2023-11-12 08:49:09
/projects/muyang@colostate.edu/software/anaconda/envs/testenv/lib/python3.11/site-packages/numpy/lib/function_base.py:2455: RuntimeWarning: divide by zero encountered in func (vectorized)
  outputs = ufunc(*inputs)
/projects/muyang@colostate.edu/software/anaconda/envs/testenv/lib/python3.11/site-packages/numpy/lib/function_base.py:2455: RuntimeWarning: invalid value encountered in func (vectorized)
  outputs = ufunc(*inputs)
13300
2023-11-12 08:51:35
elapsed:  37119.0  seconds
13350
2023-11-12 08:54:01
13400
2023-11-12 08:56:25
elapsed:  37409.0  seconds
13450
2023-11-12 08:58:50
13500
2023-11-12 09:01:15
elapsed:  37699.1  seconds
13550
2023-11-12 09:03:43
13600
2023-11-12 09:06:06
elapsed:  37989.9  seconds
13650
2023-11-12 09:08:33
13700
2023-11-12 09:10:58
elapsed:  38281.8  seconds
/projects/muyang@colostate.edu/software/anaconda/envs/testenv/lib/python3.11/site-packages/numpy/lib/function_base.py:2455: RuntimeWarning: divide by zero encountered in func (vectorized)
  outputs = ufunc(*inputs)
/projects/muyang@colostate.edu/software/anaconda/envs/testenv/lib/python3.11/site-packages/numpy/lib/function_base.py:2455: RuntimeWarning: invalid value encountered in func (vectorized)
  outputs = ufunc(*inputs)
13750
2023-11-12 09:13:25
13800
2023-11-12 09:15:48
elapsed:  38571.9  seconds
13850
2023-11-12 09:18:15
/projects/muyang@colostate.edu/software/anaconda/envs/testenv/lib/python3.11/site-packages/numpy/lib/function_base.py:2455: RuntimeWarning: divide by zero encountered in func (vectorized)
  outputs = ufunc(*inputs)
/projects/muyang@colostate.edu/software/anaconda/envs/testenv/lib/python3.11/site-packages/numpy/lib/function_base.py:2455: RuntimeWarning: invalid value encountered in func (vectorized)
  outputs = ufunc(*inputs)
13900
2023-11-12 09:20:41
elapsed:  38864.6  seconds
13950
2023-11-12 09:23:09
14000
2023-11-12 09:25:35
elapsed:  39159.1  seconds
/projects/muyang@colostate.edu/software/anaconda/envs/testenv/lib/python3.11/site-packages/numpy/lib/function_base.py:2455: RuntimeWarning: divide by zero encountered in func (vectorized)
  outputs = ufunc(*inputs)
/projects/muyang@colostate.edu/software/anaconda/envs/testenv/lib/python3.11/site-packages/numpy/lib/function_base.py:2455: RuntimeWarning: invalid value encountered in func (vectorized)
  outputs = ufunc(*inputs)
14050
2023-11-12 09:28:00
/projects/muyang@colostate.edu/software/anaconda/envs/testenv/lib/python3.11/site-packages/numpy/lib/function_base.py:2455: RuntimeWarning: divide by zero encountered in func (vectorized)
  outputs = ufunc(*inputs)
/projects/muyang@colostate.edu/software/anaconda/envs/testenv/lib/python3.11/site-packages/numpy/lib/function_base.py:2455: RuntimeWarning: invalid value encountered in func (vectorized)
  outputs = ufunc(*inputs)
14100
2023-11-12 09:30:25
elapsed:  39449.1  seconds
14150
2023-11-12 09:32:53
14200
2023-11-12 09:35:15
elapsed:  39739.2  seconds
14250
2023-11-12 09:37:38
14300
2023-11-12 09:40:00
elapsed:  40024.3  seconds
14350
2023-11-12 09:42:28
14400
2023-11-12 09:44:53
elapsed:  40317.3  seconds
14450
2023-11-12 09:47:20
14500
2023-11-12 09:49:45
elapsed:  40608.6  seconds
/projects/muyang@colostate.edu/software/anaconda/envs/testenv/lib/python3.11/site-packages/numpy/lib/function_base.py:2455: RuntimeWarning: divide by zero encountered in func (vectorized)
  outputs = ufunc(*inputs)
/projects/muyang@colostate.edu/software/anaconda/envs/testenv/lib/python3.11/site-packages/numpy/lib/function_base.py:2455: RuntimeWarning: invalid value encountered in func (vectorized)
  outputs = ufunc(*inputs)
14550
2023-11-12 09:52:11
14600
2023-11-12 09:54:35
elapsed:  40898.7  seconds
14650
2023-11-12 09:57:01
14700
2023-11-12 09:59:21
elapsed:  41185.2  seconds
/projects/muyang@colostate.edu/software/anaconda/envs/testenv/lib/python3.11/site-packages/numpy/lib/function_base.py:2455: RuntimeWarning: divide by zero encountered in func (vectorized)
  outputs = ufunc(*inputs)
/projects/muyang@colostate.edu/software/anaconda/envs/testenv/lib/python3.11/site-packages/numpy/lib/function_base.py:2455: RuntimeWarning: invalid value encountered in func (vectorized)
  outputs = ufunc(*inputs)
14750
2023-11-12 10:01:50
/projects/muyang@colostate.edu/software/anaconda/envs/testenv/lib/python3.11/site-packages/numpy/lib/function_base.py:2455: RuntimeWarning: divide by zero encountered in func (vectorized)
  outputs = ufunc(*inputs)
/projects/muyang@colostate.edu/software/anaconda/envs/testenv/lib/python3.11/site-packages/numpy/lib/function_base.py:2455: RuntimeWarning: invalid value encountered in func (vectorized)
  outputs = ufunc(*inputs)
/projects/muyang@colostate.edu/software/anaconda/envs/testenv/lib/python3.11/site-packages/numpy/lib/function_base.py:2455: RuntimeWarning: divide by zero encountered in func (vectorized)
  outputs = ufunc(*inputs)
/projects/muyang@colostate.edu/software/anaconda/envs/testenv/lib/python3.11/site-packages/numpy/lib/function_base.py:2455: RuntimeWarning: invalid value encountered in func (vectorized)
  outputs = ufunc(*inputs)
14800
2023-11-12 10:04:12
elapsed:  41476.2  seconds
14850
2023-11-12 10:06:39
14900
2023-11-12 10:08:59
elapsed:  41763.0  seconds
14950
2023-11-12 10:11:21
elapsed:  42046.6  seconds
total time:  42052.0  seconds
true R:  [[3.33939359e+00 2.84666258e+02 9.16363019e+00 1.35813478e-01
  2.56611726e-01 3.55009877e+00 6.67060337e-01 1.86710564e+01
  3.58053644e-01 2.38884275e-01 8.14005017e+00 4.56706019e-01
  5.19496117e-01 7.06694053e+00 7.71921972e+00 3.34531260e+00
  1.34042255e-01 1.52238853e-01 5.18064798e+00 2.77543230e+00
  1.84585912e-01 5.15397885e+00 4.39707363e-01 1.42843767e+00
  7.26857134e+02 4.00627110e+00 3.00207584e-01 1.95351078e-01
  8.08788828e-01 4.25284630e-01 4.77168557e+01 8.12626198e+00
  7.54635645e+00 3.85015574e-01 2.38181304e+01 1.46318154e-01
  6.33103413e+02 1.05168961e+02 2.05332653e+01 2.21907190e-01
  9.23420179e-02 2.70526905e-01 1.43261266e-01 4.37942665e-01
  2.34368670e-01 1.25254513e-01 1.70135656e+00 2.79772831e+01
  2.44871474e+00 7.17685964e+00 2.42777829e-01 2.25112848e+00
  9.36883413e+01 3.86272116e+02 1.48772987e+00 9.68861617e-01
  3.75181509e+00 3.38193849e+01 9.49262064e-02 4.56046511e+00
  2.81446360e+00 9.05350880e-02 1.03830963e+01 1.25560239e-01]
 [2.00136499e-01 2.54197439e+03 4.32813940e+00 1.19056117e-01
  7.63709781e-01 2.03409568e+00 9.62529863e-02 1.86718441e-01
  1.81844888e+01 2.53521153e-01 2.88304018e-01 2.10562141e+00
  4.09725761e+00 3.65366016e-01 2.99791976e+01 1.94958721e+00
  1.83442923e-01 9.92453155e-01 3.64192351e-01 4.43501961e-01
  5.74363639e+00 4.68641917e-01 7.12074174e-01 1.55130143e+00
  1.98232296e+00 1.96587638e+00 1.46293544e+00 1.35661235e+00
  1.69331870e+00 2.61796834e+00 9.72012952e+02 5.58484800e+00
  1.48350773e+00 3.32098575e+00 3.38813191e-01 7.24651958e+00
  4.10166603e+00 1.01370168e-01 1.22817162e+00 4.49980894e+00
  3.37153919e+00 2.50784379e-01 1.12315626e-01 1.66219510e+01
  9.67929880e+00 1.69720546e+01 3.49670768e-01 1.55157168e+00
  4.43397701e-01 6.13953007e+01 1.35555961e+00 3.24078661e+01
  9.75821053e-02 5.75944620e-01 1.16592838e+00 3.10989920e-01
  1.01206176e+02 4.55700639e-01 3.54637434e+00 1.75069786e+00
  3.92909801e-01 1.97630394e+01 2.28203955e+00 5.16910505e+00]
 [5.69839495e+00 1.67572039e-01 2.86206967e-01 3.57836177e-01
  3.84539549e-01 2.31678813e+00 4.05404438e+02 3.08636429e+00
  8.60230772e-01 9.75175622e+00 4.17259054e+01 2.54710159e+01
  1.13179002e+01 6.24174923e+00 8.13564125e-01 7.15873358e+00
  6.65815981e-01 2.17841799e-01 2.44381595e-01 1.99305998e+01
  2.39938897e+00 2.57530564e-01 1.36853403e-01 3.66926407e-01
  1.77032448e+00 1.34968918e-01 5.28456572e+00 5.19487467e-01
  7.81413112e-01 2.14944199e-01 1.73615875e+00 5.72855844e-01
  4.13074067e+00 8.31463652e+00 5.02469815e-01 9.96791443e-02
  3.38131240e+01 1.55821861e-01 1.29525341e-01 2.01295123e+00
  5.48851226e-01 2.10470116e-01 1.87898306e+00 1.49252348e-01
  1.54221264e-01 1.30530976e-01 1.23742932e+00 6.57096454e+00
  3.15224954e+02 2.03093079e+01 1.20724467e-01 1.27358106e-01
  1.58596180e+00 2.08939101e-01 7.77737234e-01 3.77445437e-01
  2.07673845e+00 8.54402685e+00 3.31119801e-02 1.15304464e+00
  5.28470420e+00 1.49619431e-01 8.78986317e-01 2.23942124e-01]
 [2.43608639e+06 1.60131302e+00 3.80728808e-01 3.52780735e-01
  1.35972430e+00 2.61203108e+01 2.17447553e-01 2.72626932e-01
  4.40448394e+00 8.42461701e+02 1.25441177e+01 3.82372510e-01
  1.83821098e+02 6.39448299e-01 3.93872583e-01 7.31824124e-01
  4.76480356e+00 6.69429133e-01 3.02143407e+00 6.40228820e-01
  2.25406511e+01 2.49983914e-01 1.12161511e+00 1.36961769e+00
  2.91771110e+00 1.84151036e+00 1.88939782e+01 5.20870583e+00
  2.15338760e+00 1.06564228e+01 1.30492682e+00 5.11162717e-01
  2.10329662e+00 3.10628159e+00 1.63681572e+00 1.76434097e+00
  1.15355809e+04 2.88435700e-01 1.11949448e+00 1.48097711e+00
  2.20060633e+02 2.99515373e-01 3.90804896e-01 1.50832996e+00
  1.67424728e-01 5.85365221e+00 4.77861881e+01 8.57920705e-01
  3.75586820e+00 1.35761519e+01 3.14526819e+00 7.33791393e-01
  7.81055458e-01 1.69982748e+00 2.82326828e-01 1.63355286e+01
  2.84223269e-01 1.40432141e+00 1.34268282e+01 2.29441735e-01
  1.00479882e+00 3.03956694e-01 1.86228019e-01 2.90424080e+00]
 [4.55137538e+00 2.19611726e-01 5.33476267e-01 2.31471174e+00
  3.33955441e-01 4.72664346e-01 2.06168877e+00 5.02416495e-01
  7.16969402e-01 1.47422639e+00 2.88721519e-01 2.97469624e+01
  5.23665641e+00 9.54551928e-02 4.47822768e-01 3.10102639e+00
  3.14861180e+00 3.09931066e-01 4.19295687e-01 7.39978032e+00
  1.72312362e-01 3.66938411e+00 1.09984562e+00 3.33890885e+01
  2.22375511e+03 9.42848164e-01 5.80135713e-01 4.60397526e+00
  1.70163011e+01 2.29748906e-01 1.06071090e+00 1.65982472e+00
  1.84718128e+00 5.01933285e-01 2.08951266e-01 8.08211056e-01
  3.99842337e+00 1.68603097e+03 8.94473422e-01 6.03083918e+00
  3.00725778e-01 1.50124055e+00 1.78418601e+00 2.30026066e+00
  1.28870165e-01 8.35879532e+01 1.27658112e+00 9.10886101e-02
  6.93514847e+00 2.42046906e+01 1.43628676e-01 5.83027034e+01
  1.58401518e+00 1.75613536e-01 1.59161845e+00 2.52147802e+00
  6.06908298e-02 1.58188156e+01 6.04159569e+00 1.17414093e-01
  1.60461637e+02 3.03942904e-01 1.80388802e+00 8.66429036e-01]
 [5.77696660e-01 3.37314811e+00 1.56171724e-01 8.79627660e+01
  1.38718989e+00 1.70264034e-01 2.10953024e-01 1.56551835e+00
  2.08663429e+01 2.86676244e+00 6.85032072e+03 2.71438970e+00
  6.26947600e-01 5.06671436e+00 6.94792874e+00 2.33967695e+00
  9.30974628e+00 2.21559683e-01 2.30911771e+00 4.97395881e-01
  1.93388541e-01 2.89871291e-01 5.05040151e-01 1.05444762e+02
  8.73107037e+01 1.12999665e-01 3.19985773e+00 5.37995811e+01
  3.80073441e-01 2.62288880e+00 1.15476566e-01 2.07588459e+00
  2.14671429e-01 8.08757482e-01 9.73456738e-01 4.62889951e+00
  1.39610311e-01 6.31601707e-01 3.70386322e-01 1.72905550e+01
  7.70865479e-01 8.83106779e-01 2.48131301e+00 1.54926037e-01
  2.76669427e-01 1.54394579e+01 2.69561707e+00 3.26843235e+01
  3.09539998e-01 3.66577983e-01 1.80763535e+01 2.02263602e-01
  5.98770283e-01 5.36098334e+02 1.04828744e+00 3.45026450e-01
  5.38898822e+00 7.76879622e-01 7.23981927e-01 3.19319853e+01
  2.32182625e+00 4.57433195e-01 1.27177771e+00 1.00639845e-01]
 [1.67952487e+00 1.47366880e-01 6.16575257e-01 1.40119153e-01
  5.76748563e-01 3.94753912e+00 1.42738992e+01 2.32630120e+01
  1.07509528e+00 6.63635278e-01 3.82708246e-01 7.19589766e-01
  1.47860749e+01 1.28016207e+00 1.31374130e-01 1.01593664e-01
  9.49535968e-01 3.01981979e+01 2.74745283e-01 4.55434987e-01
  3.63713114e+00 6.92671766e+00 1.01665671e+00 4.72170759e+00
  2.43704495e+00 2.20749192e+00 2.51178553e+00 1.61854989e+01
  2.68611067e-01 4.18265417e-01 3.65241291e-01 3.93171462e-01
  8.36809096e-01 1.95122460e-01 3.29693802e+00 2.19735843e+00
  5.36777395e-01 2.39004958e-01 1.17030613e-01 5.81796722e+00
  1.06597327e+00 2.02448258e+00 1.81284784e-01 1.87271587e-01
  1.99796856e-01 2.99812205e-01 2.49010303e+00 4.24997061e+01
  2.75633811e+00 5.12297975e+03 9.03636338e+02 1.04734247e+00
  2.30604993e+00 2.15332605e-01 1.33535908e+01 2.42230700e-01
  1.54712220e-01 6.64457832e+00 3.95804179e+00 7.63873783e-01
  7.53708985e+00 2.72574089e+02 1.09572456e+00 8.14942517e-01]
 [9.71432782e-01 3.36807908e-01 5.35399605e+00 3.82632144e+00
  5.86712762e+00 1.48031261e-01 8.23339905e-01 4.64009338e-01
  4.43479668e+03 7.24619867e-01 2.62762722e+02 7.45598105e-01
  6.41150860e-02 1.71964290e+00 1.67191920e+00 1.95265833e+00
  2.97148193e+01 7.09364337e+00 7.18765171e-01 2.90255799e-01
  3.04401721e-01 1.00989677e-01 1.11689650e-01 2.96307237e-01
  7.94077942e-02 1.15358272e+01 9.55834624e+01 2.18366265e+00
  1.26318932e+00 4.56463833e+01 1.29554913e+01 9.12396660e-01
  1.51196094e+03 7.12841895e-01 1.98234802e+00 3.55205631e+00
  2.65193973e+00 1.95160316e+02 5.47278539e-01 1.63114570e+00
  3.69980957e-01 8.42849901e-01 7.37278634e-01 4.87369075e+03
  6.95630324e-01 2.58238179e-01 5.51542806e+00 3.71615493e+00
  1.43382036e+01 1.96947670e+01 6.30841720e-01 1.88210408e-01
  1.22228427e+00 1.53300372e+00 9.28266308e-01 2.35415879e+00
  2.75409744e-01 5.05187563e+00 1.66534990e+01 8.44498998e-01
  3.86460054e-01 1.27303702e+01 4.88364346e+01 9.63079480e-02]
 [3.79153317e+03 3.35191290e+01 1.02709128e-01 7.14030365e+00
  8.11986337e-01 1.87448668e+00 1.14288168e+00 7.58590389e-01
  1.37495414e-01 1.48551959e+02 3.95585856e+00 2.07455452e+00
  2.44623607e-01 1.71392492e-01 4.70199250e+01 5.22672137e+00
  2.12652811e+00 2.49786596e+00 1.74874396e+01 5.46961513e-01
  1.56056627e-01 2.49026983e+00 1.47044148e+01 2.86814479e+00
  5.31103754e-01 3.19454599e-01 5.96968252e-01 1.24575995e+00
  2.83704118e-01 1.90198909e+00 2.97024614e+01 1.65504914e-01
  5.29056888e+02 6.29698632e-01 1.24833307e+00 6.73245248e+04
  2.48536037e+01 7.35097146e-01 6.54576216e-01 1.71744591e+00
  9.82981107e-01 5.17712938e-01 8.00439203e-02 4.37567014e-01
  4.50441273e-01 5.37011741e-01 8.70133413e-01 3.00066536e+02
  4.26306152e-01 1.05102637e+00 1.47024603e+00 5.71199573e-01
  7.27093916e-02 4.26937697e+00 6.58877891e-01 1.34063167e-01
  3.07810308e+00 7.52030690e-01 2.36679020e+00 1.90507088e-01
  4.78508168e+00 3.31328163e+00 1.71892131e+00 1.83559716e-01]]
