--------------------------------------------------------------------------
No OpenFabrics connection schemes reported that they were able to be
used on a specific port.  As such, the openib BTL (OpenFabrics
support) will be disabled for this port.

  Local host:           c3cpu-a2-u13-4
  Local device:         mlx5_0
  Local port:           1
  CPCs attempted:       rdmacm, udcm
--------------------------------------------------------------------------
[c3cpu-a2-u13-4.rc.int.colorado.edu:1218803] 63 more processes have sent help message help-mpi-btl-openib-cpc-base.txt / no cpcs for port
[c3cpu-a2-u13-4.rc.int.colorado.edu:1218803] Set MCA parameter "orte_base_help_aggregate" to 0 to see all help / error messages
1
50
2023-11-17 15:42:35
100
2023-11-17 15:44:35
elapsed:  238.4  seconds
150
2023-11-17 15:46:40
200
2023-11-17 15:48:43
elapsed:  486.0  seconds
250
2023-11-17 15:50:46
300
2023-11-17 15:52:49
elapsed:  732.0  seconds
350
2023-11-17 15:54:54
400
2023-11-17 15:57:02
elapsed:  985.2  seconds
450
2023-11-17 15:59:08
500
2023-11-17 16:01:15
elapsed:  1238.8  seconds
550
2023-11-17 16:03:23
600
2023-11-17 16:05:28
elapsed:  1491.9  seconds
650
2023-11-17 16:07:36
700
2023-11-17 16:09:42
elapsed:  1745.4  seconds
750
2023-11-17 16:11:50
800
2023-11-17 16:13:56
elapsed:  1999.5  seconds
850
2023-11-17 16:16:05
900
2023-11-17 16:18:11
elapsed:  2254.8  seconds
950
2023-11-17 16:20:18
1000
2023-11-17 16:22:23
elapsed:  2506.5  seconds
1050
2023-11-17 16:24:30
1100
2023-11-17 16:26:37
elapsed:  2760.2  seconds
/projects/muyang@colostate.edu/software/anaconda/envs/alpine_MCMC/lib/python3.11/site-packages/numpy/lib/function_base.py:2412: RuntimeWarning: divide by zero encountered in func (vectorized)
  outputs = ufunc(*inputs)
/projects/muyang@colostate.edu/software/anaconda/envs/alpine_MCMC/lib/python3.11/site-packages/numpy/lib/function_base.py:2412: RuntimeWarning: invalid value encountered in func (vectorized)
  outputs = ufunc(*inputs)
1150
2023-11-17 16:28:45
1200
2023-11-17 16:30:54
elapsed:  3017.1  seconds
1250
2023-11-17 16:33:02
/projects/muyang@colostate.edu/software/anaconda/envs/alpine_MCMC/lib/python3.11/site-packages/numpy/lib/function_base.py:2412: RuntimeWarning: divide by zero encountered in func (vectorized)
  outputs = ufunc(*inputs)
/projects/muyang@colostate.edu/software/anaconda/envs/alpine_MCMC/lib/python3.11/site-packages/numpy/lib/function_base.py:2412: RuntimeWarning: invalid value encountered in func (vectorized)
  outputs = ufunc(*inputs)
1300
2023-11-17 16:35:12
elapsed:  3275.4  seconds
1350
2023-11-17 16:37:25
1400
2023-11-17 16:39:36
elapsed:  3539.0  seconds
1450
2023-11-17 16:41:48
1500
2023-11-17 16:43:58
elapsed:  3801.3  seconds
1550
2023-11-17 16:46:11
1600
2023-11-17 16:48:20
elapsed:  4064.0  seconds
1650
2023-11-17 16:50:31
1700
2023-11-17 16:52:40
elapsed:  4323.5  seconds
1750
2023-11-17 16:54:52
1800
2023-11-17 16:57:01
elapsed:  4584.9  seconds
1850
2023-11-17 16:59:12
1900
2023-11-17 17:01:19
elapsed:  4842.9  seconds
1950
2023-11-17 17:03:26
2000
2023-11-17 17:05:30
elapsed:  5093.7  seconds
2050
2023-11-17 17:07:38
2100
2023-11-17 17:09:45
elapsed:  5348.2  seconds
2150
2023-11-17 17:11:52
2200
2023-11-17 17:13:58
elapsed:  5601.6  seconds
2250
2023-11-17 17:16:05
2300
2023-11-17 17:18:11
elapsed:  5854.8  seconds
2350
2023-11-17 17:20:20
2400
2023-11-17 17:22:26
elapsed:  6109.3  seconds
2450
2023-11-17 17:24:34
2500
2023-11-17 17:26:42
elapsed:  6365.6  seconds
2550
2023-11-17 17:28:49
2600
2023-11-17 17:30:57
elapsed:  6620.2  seconds
2650
2023-11-17 17:33:04
2700
2023-11-17 17:35:12
elapsed:  6875.8  seconds
2750
2023-11-17 17:37:22
2800
2023-11-17 17:39:29
elapsed:  7132.1  seconds
2850
2023-11-17 17:41:38
2900
2023-11-17 17:43:45
elapsed:  7388.2  seconds
2950
2023-11-17 17:45:52
3000
2023-11-17 17:47:58
elapsed:  7641.2  seconds
3050
2023-11-17 17:50:06
3100
2023-11-17 17:52:13
elapsed:  7896.2  seconds
3150
2023-11-17 17:54:22
3200
2023-11-17 17:56:29
elapsed:  8152.8  seconds
3250
2023-11-17 17:58:38
3300
2023-11-17 18:00:45
elapsed:  8408.2  seconds
3350
2023-11-17 18:02:52
3400
2023-11-17 18:04:59
elapsed:  8662.3  seconds
3450
2023-11-17 18:07:07
3500
2023-11-17 18:09:13
elapsed:  8916.8  seconds
/projects/muyang@colostate.edu/software/anaconda/envs/alpine_MCMC/lib/python3.11/site-packages/numpy/lib/function_base.py:2412: RuntimeWarning: divide by zero encountered in func (vectorized)
  outputs = ufunc(*inputs)
/projects/muyang@colostate.edu/software/anaconda/envs/alpine_MCMC/lib/python3.11/site-packages/numpy/lib/function_base.py:2412: RuntimeWarning: invalid value encountered in func (vectorized)
  outputs = ufunc(*inputs)
3550
2023-11-17 18:11:21
3600
2023-11-17 18:13:27
elapsed:  9170.8  seconds
3650
2023-11-17 18:15:35
3700
2023-11-17 18:17:46
elapsed:  9429.0  seconds
/projects/muyang@colostate.edu/software/anaconda/envs/alpine_MCMC/lib/python3.11/site-packages/numpy/lib/function_base.py:2412: RuntimeWarning: divide by zero encountered in func (vectorized)
  outputs = ufunc(*inputs)
/projects/muyang@colostate.edu/software/anaconda/envs/alpine_MCMC/lib/python3.11/site-packages/numpy/lib/function_base.py:2412: RuntimeWarning: invalid value encountered in func (vectorized)
  outputs = ufunc(*inputs)
3750
2023-11-17 18:19:58
3800
2023-11-17 18:22:07
elapsed:  9690.5  seconds
3850
2023-11-17 18:24:15
3900
2023-11-17 18:26:22
elapsed:  9945.5  seconds
3950
2023-11-17 18:28:31
/projects/muyang@colostate.edu/software/anaconda/envs/alpine_MCMC/lib/python3.11/site-packages/numpy/lib/function_base.py:2412: RuntimeWarning: divide by zero encountered in func (vectorized)
  outputs = ufunc(*inputs)
/projects/muyang@colostate.edu/software/anaconda/envs/alpine_MCMC/lib/python3.11/site-packages/numpy/lib/function_base.py:2412: RuntimeWarning: invalid value encountered in func (vectorized)
  outputs = ufunc(*inputs)
4000
2023-11-17 18:30:41
elapsed:  10204.1  seconds
4050
2023-11-17 18:32:52
4100
2023-11-17 18:35:00
elapsed:  10463.9  seconds
4150
2023-11-17 18:37:10
4200
2023-11-17 18:39:17
elapsed:  10720.5  seconds
4250
2023-11-17 18:41:25
4300
2023-11-17 18:43:32
elapsed:  10975.6  seconds
4350
2023-11-17 18:45:43
4400
2023-11-17 18:47:52
elapsed:  11235.5  seconds
4450
2023-11-17 18:50:01
4500
2023-11-17 18:52:09
elapsed:  11492.0  seconds
4550
2023-11-17 18:54:19
4600
2023-11-17 18:56:28
elapsed:  11751.2  seconds
4650
2023-11-17 18:58:36
4700
2023-11-17 19:00:43
elapsed:  12006.5  seconds
4750
2023-11-17 19:02:51
4800
2023-11-17 19:04:58
elapsed:  12261.9  seconds
4850
2023-11-17 19:07:08
4900
2023-11-17 19:09:15
elapsed:  12518.2  seconds
4950
2023-11-17 19:11:22
5000
2023-11-17 19:13:29
elapsed:  12772.3  seconds
5050
2023-11-17 19:15:35
5100
2023-11-17 19:17:41
elapsed:  13024.8  seconds
/projects/muyang@colostate.edu/software/anaconda/envs/alpine_MCMC/lib/python3.11/site-packages/numpy/lib/function_base.py:2412: RuntimeWarning: divide by zero encountered in func (vectorized)
  outputs = ufunc(*inputs)
/projects/muyang@colostate.edu/software/anaconda/envs/alpine_MCMC/lib/python3.11/site-packages/numpy/lib/function_base.py:2412: RuntimeWarning: invalid value encountered in func (vectorized)
  outputs = ufunc(*inputs)
5150
2023-11-17 19:19:49
5200
2023-11-17 19:21:56
elapsed:  13279.4  seconds
5250
2023-11-17 19:24:04
5300
2023-11-17 19:26:08
elapsed:  13531.8  seconds
5350
2023-11-17 19:28:14
5400
2023-11-17 19:30:18
elapsed:  13781.3  seconds
5450
2023-11-17 19:32:23
5500
2023-11-17 19:34:27
elapsed:  14030.8  seconds
5550
2023-11-17 19:36:35
5600
2023-11-17 19:38:39
elapsed:  14282.1  seconds
5650
2023-11-17 19:40:45
5700
2023-11-17 19:42:50
elapsed:  14533.8  seconds
5750
2023-11-17 19:44:58
5800
2023-11-17 19:47:02
elapsed:  14785.9  seconds
5850
2023-11-17 19:49:09
5900
2023-11-17 19:51:15
elapsed:  15038.6  seconds
5950
2023-11-17 19:53:24
6000
2023-11-17 19:55:30
elapsed:  15293.5  seconds
6050
2023-11-17 19:57:38
6100
2023-11-17 19:59:44
elapsed:  15547.6  seconds
6150
2023-11-17 20:01:54
6200
2023-11-17 20:04:01
elapsed:  15804.0  seconds
6250
2023-11-17 20:06:10
6300
2023-11-17 20:08:15
elapsed:  16058.5  seconds
6350
2023-11-17 20:10:26
6400
2023-11-17 20:12:33
elapsed:  16316.5  seconds
6450
2023-11-17 20:14:41
6500
2023-11-17 20:16:49
elapsed:  16572.5  seconds
6550
2023-11-17 20:18:58
6600
2023-11-17 20:21:08
elapsed:  16831.2  seconds
/projects/muyang@colostate.edu/software/anaconda/envs/alpine_MCMC/lib/python3.11/site-packages/numpy/lib/function_base.py:2412: RuntimeWarning: divide by zero encountered in func (vectorized)
  outputs = ufunc(*inputs)
/projects/muyang@colostate.edu/software/anaconda/envs/alpine_MCMC/lib/python3.11/site-packages/numpy/lib/function_base.py:2412: RuntimeWarning: invalid value encountered in func (vectorized)
  outputs = ufunc(*inputs)
6650
2023-11-17 20:23:18
6700
2023-11-17 20:25:28
elapsed:  17091.7  seconds
6750
2023-11-17 20:27:40
6800
2023-11-17 20:29:47
elapsed:  17351.0  seconds
6850
2023-11-17 20:31:57
6900
2023-11-17 20:34:04
elapsed:  17607.4  seconds
6950
2023-11-17 20:36:12
7000
2023-11-17 20:38:20
elapsed:  17863.0  seconds
7050
2023-11-17 20:40:29
7100
2023-11-17 20:42:35
elapsed:  18118.2  seconds
7150
2023-11-17 20:44:41
7200
2023-11-17 20:46:45
elapsed:  18368.6  seconds
7250
2023-11-17 20:48:52
7300
2023-11-17 20:50:58
elapsed:  18621.4  seconds
7350
2023-11-17 20:53:05
7400
2023-11-17 20:55:11
elapsed:  18874.2  seconds
7450
2023-11-17 20:57:18
7500
2023-11-17 20:59:26
elapsed:  19129.0  seconds
7550
2023-11-17 21:01:34
7600
2023-11-17 21:03:44
elapsed:  19387.1  seconds
7650
2023-11-17 21:05:54
7700
2023-11-17 21:08:02
elapsed:  19645.6  seconds
7750
2023-11-17 21:10:12
7800
2023-11-17 21:12:20
elapsed:  19903.7  seconds
7850
2023-11-17 21:14:30
7900
2023-11-17 21:16:38
elapsed:  20161.7  seconds
7950
2023-11-17 21:18:46
8000
2023-11-17 21:20:53
elapsed:  20416.5  seconds
8050
2023-11-17 21:23:01
8100
2023-11-17 21:25:09
elapsed:  20672.4  seconds
8150
2023-11-17 21:27:20
8200
2023-11-17 21:29:28
elapsed:  20931.1  seconds
8250
2023-11-17 21:31:38
8300
2023-11-17 21:33:46
elapsed:  21189.1  seconds
8350
2023-11-17 21:35:52
8400
2023-11-17 21:37:58
elapsed:  21441.6  seconds
8450
2023-11-17 21:40:07
8500
2023-11-17 21:42:13
elapsed:  21696.8  seconds
8550
2023-11-17 21:44:22
8600
2023-11-17 21:46:30
elapsed:  21953.1  seconds
8650
2023-11-17 21:48:40
/projects/muyang@colostate.edu/software/anaconda/envs/alpine_MCMC/lib/python3.11/site-packages/numpy/lib/function_base.py:2412: RuntimeWarning: divide by zero encountered in func (vectorized)
  outputs = ufunc(*inputs)
/projects/muyang@colostate.edu/software/anaconda/envs/alpine_MCMC/lib/python3.11/site-packages/numpy/lib/function_base.py:2412: RuntimeWarning: invalid value encountered in func (vectorized)
  outputs = ufunc(*inputs)
8700
2023-11-17 21:50:48
elapsed:  22211.4  seconds
8750
2023-11-17 21:52:56
8800
2023-11-17 21:55:03
elapsed:  22466.1  seconds
8850
2023-11-17 21:57:13
8900
2023-11-17 21:59:22
elapsed:  22725.3  seconds
8950
2023-11-17 22:01:32
9000
2023-11-17 22:03:41
elapsed:  22984.2  seconds
9050
2023-11-17 22:05:51
9100
2023-11-17 22:07:59
elapsed:  23242.6  seconds
9150
2023-11-17 22:10:07
9200
2023-11-17 22:12:14
elapsed:  23497.7  seconds
9250
2023-11-17 22:14:22
9300
2023-11-17 22:16:27
elapsed:  23750.5  seconds
9350
2023-11-17 22:18:35
9400
2023-11-17 22:20:41
elapsed:  24004.1  seconds
9450
2023-11-17 22:22:48
9500
2023-11-17 22:24:53
elapsed:  24256.6  seconds
9550
2023-11-17 22:27:01
9600
2023-11-17 22:29:07
elapsed:  24510.4  seconds
9650
2023-11-17 22:31:15
9700
2023-11-17 22:33:24
elapsed:  24767.6  seconds
9750
2023-11-17 22:35:34
9800
2023-11-17 22:37:44
elapsed:  25027.3  seconds
/projects/muyang@colostate.edu/software/anaconda/envs/alpine_MCMC/lib/python3.11/site-packages/numpy/lib/function_base.py:2412: RuntimeWarning: divide by zero encountered in func (vectorized)
  outputs = ufunc(*inputs)
/projects/muyang@colostate.edu/software/anaconda/envs/alpine_MCMC/lib/python3.11/site-packages/numpy/lib/function_base.py:2412: RuntimeWarning: invalid value encountered in func (vectorized)
  outputs = ufunc(*inputs)
9850
2023-11-17 22:39:54
9900
2023-11-17 22:42:02
elapsed:  25285.9  seconds
9950
2023-11-17 22:44:12
elapsed:  25541.9  seconds
total time:  25546.0  seconds
true R:  [[4.92938919e-01 3.07806064e-01 1.88550155e-01 6.16368305e-01
  1.36971881e+02 1.36461332e+01 9.77322957e-02 2.65406487e-01
  1.03005358e+00 1.33353915e+00 2.98865383e-01 8.05018628e-01
  1.43390856e+03 2.44413862e+00 7.21129034e-01 3.17640495e+00
  5.08213176e-01 2.57254196e+00 3.99409360e+00 1.49562591e-01
  4.06877793e+00 2.62940586e+01 1.18869197e+00 5.10591086e+00
  2.66420136e-01 1.54410440e+01 2.09872806e+00 3.13048775e-01
  8.75189607e-01 1.44224300e+00 1.39788259e-01 9.82635876e-01
  3.40487176e+00 1.58926175e+01 2.18959361e+01 3.36992951e+00
  2.27122944e+00 5.81362150e-01 6.57961011e+04 2.94934292e-01
  3.26572744e+00 4.75219883e-01 8.39641840e-01 4.81384851e-01
  2.14318040e-01 5.45196333e-01 4.76287863e-01 1.13639333e+00
  2.39593744e-01 1.02513393e+00 1.56159946e-01 5.37910584e-01
  1.67887125e-01 1.75097910e+00 3.51750447e-01 1.20232689e+00
  1.31370150e+00 3.81721177e+01 7.96790147e-01 3.23480317e-01
  2.78518099e-01 3.73442864e+01 2.53306498e-01 5.08399249e-01]
 [1.47425330e+01 2.35928863e-01 5.17972623e+00 1.36538283e+00
  9.93915508e-01 8.57254099e-01 9.83124589e-01 1.58419930e+03
  1.27458251e+01 1.52567135e-01 1.92431510e-01 2.98428870e+00
  1.64673386e+01 4.11117557e+02 2.17056769e-01 1.14486828e+00
  8.83262280e-01 1.88308857e-01 6.33602982e+03 2.77441401e-01
  1.15813496e+01 4.42239787e+00 3.18412508e+00 6.36449962e-02
  2.57753377e+02 2.73460671e+00 2.12066758e+00 2.23471824e+00
  6.82944986e-01 2.40987721e-01 1.94899820e-01 1.65600193e+00
  1.54124811e+00 3.42429825e-01 1.07874988e+01 1.94808534e-01
  5.02218598e+04 3.91048750e-01 2.13673418e-01 5.45019653e-01
  9.14293051e-01 3.33298166e+01 1.63927197e+01 1.83828553e+00
  9.66245010e-01 2.77039084e-01 1.19519379e+00 2.50721617e-01
  6.90453726e-01 8.05055744e-01 4.33171860e-01 9.45158158e-01
  1.00678323e+00 1.53695718e+02 1.00966413e+00 9.00589878e-01
  1.04761475e+00 8.72246217e-02 3.00081657e+00 1.74779120e+02
  8.98088598e-01 9.40131608e-02 3.59915671e+00 7.53134649e+01]
 [1.68817477e+01 4.76590149e-01 1.69807858e+00 3.65277153e+00
  3.40520507e-01 3.70555611e+00 1.48379185e+01 1.45270631e+01
  9.91412433e+01 4.81573572e-01 1.95085186e-01 3.16871522e-01
  9.55042672e-01 9.51829880e-01 6.82858581e-01 1.15786586e+00
  6.80373560e-01 2.18530554e+00 7.45548261e+00 2.50165040e+00
  1.58491287e-01 1.54414731e+00 8.21136988e-01 1.57750960e-01
  8.82895174e-02 1.79628418e+00 4.16396253e-01 4.79099865e-01
  1.28935113e+01 5.19511546e-01 1.95070811e+00 1.13455855e+00
  1.34643036e+03 6.09492307e-01 6.70675092e+01 7.86035886e+00
  1.70426969e-01 5.53200931e-01 7.23723654e-01 2.43920504e+00
  6.97844472e+01 7.96019245e-01 2.14847441e+00 6.75313352e-02
  5.36527043e-01 6.98488144e-01 6.45732008e-01 3.39732375e-01
  1.39114580e+00 3.62246778e-01 3.20599522e-01 5.31961907e-01
  1.69665893e+01 7.13643398e-01 1.27024479e+01 7.45138887e-01
  1.84217839e-01 2.83185179e+01 5.93824339e+00 5.93302627e-01
  9.21969130e-01 9.63917654e-01 6.39640715e+00 9.38243847e+00]
 [9.05570999e-01 3.48591276e+00 4.82650562e-01 1.07918357e-01
  1.99007730e-01 8.71551962e+00 5.00317814e-01 9.74942760e-01
  1.42441179e+00 1.58594650e-01 1.70673883e+00 6.73404922e-01
  2.04240982e+00 9.59377272e-01 6.85877833e-01 1.01460730e+00
  5.19136713e+00 3.78720370e-01 7.17607510e+02 5.09303958e-01
  4.90732238e-01 2.52317168e-01 3.83867323e+00 5.71461391e+00
  1.82089559e-01 1.69478374e+00 1.47944660e+00 1.13083829e+00
  2.67753933e-01 2.60450386e+04 1.42320376e-01 7.35836168e-01
  4.28900505e+01 1.52608649e+02 2.52225938e+01 2.25324550e-01
  3.65881880e-01 2.36429681e+00 1.39642513e+00 1.65174351e+00
  3.84943001e-01 5.07717320e-01 3.89397693e+00 2.82607783e-01
  9.44901463e+00 3.67825292e-01 1.46238317e-01 7.08745969e-01
  4.32947238e-01 1.58440354e+01 2.13313907e+01 2.75334273e-01
  4.17116971e+00 1.70941004e+02 3.94825862e-01 5.58749362e-01
  1.23377073e+00 5.19199251e-01 3.98474762e-01 1.57766823e+00
  2.03984781e+02 5.61420597e+00 2.05681054e+00 4.52311954e+01]
 [1.70681285e+01 1.42073094e-01 6.05728887e+00 1.38523163e+01
  1.63613628e-01 2.20840428e-01 3.33369147e-01 2.48998527e+00
  3.86330541e-01 2.22672636e-01 4.29052321e-01 1.12203790e+00
  1.93011144e-01 7.07479482e-01 1.46415007e+00 4.77846430e-01
  3.19721389e+00 3.25000911e-01 2.13715425e+00 3.79032949e+04
  1.09581827e+02 1.07650086e+00 2.43559449e+01 1.06369557e+02
  1.62529378e-01 6.03102978e+02 8.54282846e-01 4.87945636e+00
  8.08104591e-01 8.75717016e-01 2.40770975e-01 1.80452776e+00
  2.25602946e-01 2.10689874e-01 3.06694786e+00 4.39872883e-01
  4.58214982e+02 1.48310619e-01 1.66727072e-01 9.41512788e-01
  7.88413607e+00 2.46945198e+00 7.06707408e-01 3.54608998e+00
  2.35272120e-01 3.11506970e+00 5.03560630e+01 2.27896423e+00
  1.73751802e+00 3.08702716e+00 4.16694528e-01 6.97974123e-01
  1.40876118e+00 5.81908656e-01 3.59338659e+00 7.80390046e-01
  2.93853116e+00 2.70945160e+02 7.00878768e-01 1.40251494e+01
  5.31919111e+00 4.16323156e+01 5.91703804e-01 1.01595951e+02]
 [9.25646552e+00 3.17200755e+00 1.36928253e+01 4.33613018e+01
  2.56224169e-01 6.04608272e+00 4.84924657e-01 2.88089185e-01
  8.46270147e-01 7.72232392e+00 2.45539473e+00 1.55048897e+00
  7.58742290e-01 1.17712282e+00 4.66046716e+00 1.01916509e+02
  2.90854150e+00 7.85358132e+00 3.44283735e+00 5.96031941e-01
  6.24952587e-01 1.19885941e+00 3.51083290e+00 1.43778050e-01
  2.65440149e-01 3.61889820e+01 1.23869624e+00 4.67111719e+02
  3.56283420e+00 2.74942682e-01 5.32905625e-02 1.75471867e+01
  1.82446749e-01 8.77259704e+03 4.38443892e-02 5.02392166e-01
  1.31603873e+00 1.55225814e-01 9.99277414e-02 2.99888260e-01
  7.64577966e+00 4.91405038e+00 2.68440731e-01 7.74317530e-02
  6.75324732e+00 8.77420409e-01 5.79453659e-01 3.39557010e-01
  1.83174129e-01 4.28347097e-01 2.67481872e+00 3.46710378e-01
  1.35290370e+00 2.29328996e-01 2.90553224e-01 2.48286103e+01
  7.27658836e-01 1.23867833e+01 1.54579186e-01 2.54159093e+00
  5.27706220e-01 9.08299003e-01 1.01944243e+03 1.46077718e+00]
 [5.74890842e-01 2.64748016e+00 1.28032211e+00 2.93178655e-01
  2.02853973e-01 3.57251121e-01 4.53648531e-02 1.36695842e+01
  3.07475195e-01 6.09342432e-01 3.81105131e-01 1.33259594e+00
  7.00046442e+00 4.28163920e+00 3.44927426e-01 7.22200375e+01
  3.35476256e-01 1.40638632e+01 8.00747196e+00 2.58969413e-01
  1.02859633e+00 8.88652471e+00 1.52744739e-01 3.31698482e-01
  5.03240328e-01 6.20873505e+01 3.59179039e+00 8.47640406e-01
  1.02191408e+00 4.23670621e+00 4.16228863e+00 5.28203088e-01
  8.77298639e+00 2.93072487e+01 3.02064814e-01 2.69846550e-01
  2.55185783e-01 6.32075946e-01 2.75862014e-01 2.29311444e-01
  3.08058170e+00 3.86468902e-01 3.82005905e+00 1.94202914e-01
  1.96097355e-01 1.22674376e+00 5.80659522e+00 3.47979932e+01
  4.28288334e+00 1.66942376e+01 4.19268817e+02 1.53749291e+00
  1.86068559e+00 8.00141712e-01 4.41166743e-02 9.91246191e+01
  1.54837896e-01 2.88588196e+00 3.09438691e-01 3.57288032e-01
  5.42684570e-01 1.12545737e+00 4.47254699e-01 1.22498182e-01]
 [1.15143239e+00 1.12363448e-01 3.99063138e-01 2.83025124e-01
  3.66759855e-01 4.37716095e-01 1.12387226e+01 1.56600407e+01
  1.98402734e+00 4.37224004e+00 6.70371445e-01 1.32228004e+00
  1.36279954e+01 3.46523151e-01 5.89280722e-01 1.98338706e+01
  2.63525442e-01 7.23378666e+00 2.05170507e+00 4.12256415e-01
  1.21370057e+00 1.02376207e+00 1.09577213e+00 3.26496896e+00
  6.02175079e-01 6.73572839e+00 1.12569073e-01 1.19281109e+00
  1.73064579e+00 3.77272806e+00 2.58517712e+01 1.75935091e-01
  1.80927212e-01 7.94964237e-01 5.78047541e+01 2.08040347e-01
  1.50191226e+00 4.22103965e+01 1.06772125e-01 1.39474768e+00
  4.53384653e+00 1.04473368e+02 4.51328334e-01 1.34790803e+00
  7.57023800e-01 1.64863539e-01 3.01423672e+01 2.94214242e-01
  2.40602025e-01 5.65071916e-01 7.68381256e-01 2.01611024e+00
  6.16158660e-01 2.98501607e-01 6.44085272e+00 2.17081011e+02
  4.14508393e+00 3.58591816e+00 4.54690778e+00 1.36296096e+00
  7.65785655e-01 8.49239238e+01 1.27643635e+00 2.82189699e+01]
 [3.07543028e+00 1.41082502e-01 1.19693902e+01 2.67354745e-01
  2.12468591e-01 1.22293201e+00 5.23589020e-01 1.46939516e-01
  6.79856741e+00 4.92612764e-01 3.28134616e-01 4.31105044e+00
  6.15548103e-01 4.40368487e-01 1.88022198e+00 6.58436812e-01
  4.38897636e-01 7.77416500e-01 2.39143369e+03 8.02289076e+00
  5.99529394e-02 1.45865530e+00 4.05488018e-01 9.64511985e-01
  2.56741814e+01 4.21451732e+00 1.02053166e-01 9.10289848e-01
  1.32399700e-01 2.13485991e+00 3.40009072e-01 9.31302555e-01
  3.10077920e-01 2.84078525e+02 7.89321697e-01 1.17186206e+01
  4.37131873e-01 1.16391942e+01 1.60141114e-01 1.51019858e+00
  2.75238674e-01 7.31473835e+00 2.24298073e+00 6.47153412e-01
  1.27938020e+01 4.97530743e+02 4.53718342e-01 7.41952903e+00
  3.21850615e-01 7.14753794e-01 8.76669742e-01 6.77181668e-01
  9.90365175e-01 3.43554342e+00 3.37093380e+00 2.69308681e+01
  9.39141768e-01 1.91308350e+00 3.41476751e+00 3.44345654e-01
  8.63616556e-01 6.79720645e-01 1.21187632e+00 1.06727866e+00]
 [1.13744024e+00 1.92013929e-01 6.79225320e+02 2.54720966e+00
  4.94523519e-02 1.66928392e+00 9.50095721e+01 2.91420293e+00
  8.46265732e-02 1.27176035e+01 7.60578497e+00 4.21277148e+00
  2.32833690e-01 3.82224487e+00 3.51611846e+00 1.58605951e-01
  2.71467314e-01 1.30546386e-01 2.30733823e+00 3.96625528e-01
  2.67254307e+00 3.59544446e+00 6.47257874e-01 1.60649835e+00
  1.23303788e+02 1.86813531e-01 1.48553528e-01 4.73166019e+00
  3.29502674e-01 4.16902021e-01 7.51943900e-01 1.09033106e-01
  1.69141019e+00 5.98858821e-01 3.34504482e+02 9.84019555e-02
  2.37211854e+00 1.99558592e+01 5.85679438e-01 7.24301694e-01
  5.91734136e+00 1.63564768e+00 2.82031957e+00 1.83001556e+00
  1.51716743e+00 3.53274329e-01 3.09486096e+00 8.37782735e-01
  2.45871428e+00 7.75246414e-01 9.58083080e-01 1.01348039e+01
  6.20400226e+00 1.64223065e+00 1.97027036e+00 7.60857738e-02
  1.63290051e+01 1.95463412e+01 1.35194585e+01 3.30348759e-01
  1.85306135e+00 4.84266388e-01 5.07178397e+00 1.32571822e+00]]
