1
50
2023-11-08 10:05:41
100
2023-11-08 10:07:12
elapsed:  182.2  seconds
150
2023-11-08 10:08:59
200
2023-11-08 10:10:40
elapsed:  390.0  seconds
250
2023-11-08 10:12:33
300
2023-11-08 10:13:56
elapsed:  586.2  seconds
350
2023-11-08 10:15:43
400
2023-11-08 10:17:06
elapsed:  776.0  seconds
450
2023-11-08 10:18:49
500
2023-11-08 10:20:45
elapsed:  995.0  seconds
550
2023-11-08 10:22:23
600
2023-11-08 10:24:09
elapsed:  1199.6  seconds
650
2023-11-08 10:25:57
700
2023-11-08 10:27:42
elapsed:  1412.0  seconds
750
2023-11-08 10:29:28
800
2023-11-08 10:31:21
elapsed:  1631.6  seconds
850
2023-11-08 10:33:13
900
2023-11-08 10:35:00
elapsed:  1850.1  seconds
950
2023-11-08 10:36:51
1000
2023-11-08 10:38:36
elapsed:  2066.6  seconds
1050
2023-11-08 10:40:17
1100
2023-11-08 10:42:13
elapsed:  2283.5  seconds
1150
2023-11-08 10:44:09
1200
2023-11-08 10:45:54
elapsed:  2504.0  seconds
1250
2023-11-08 10:47:46
1300
2023-11-08 10:49:40
elapsed:  2730.5  seconds
1350
2023-11-08 10:51:34
1400
2023-11-08 10:53:28
elapsed:  2957.8  seconds
1450
2023-11-08 10:55:16
1500
2023-11-08 10:57:11
elapsed:  3181.1  seconds
1550
2023-11-08 10:58:44
1600
2023-11-08 11:00:26
elapsed:  3375.8  seconds
1650
2023-11-08 11:02:19
1700
2023-11-08 11:04:12
elapsed:  3602.2  seconds
1750
2023-11-08 11:06:07
1800
2023-11-08 11:07:54
elapsed:  3824.0  seconds
1850
2023-11-08 11:09:52
1900
2023-11-08 11:11:49
elapsed:  4058.7  seconds
1950
2023-11-08 11:13:47
2000
2023-11-08 11:15:34
elapsed:  4284.6  seconds
2050
2023-11-08 11:17:15
2100
2023-11-08 11:19:17
elapsed:  4507.4  seconds
2150
2023-11-08 11:21:12
2200
2023-11-08 11:23:15
elapsed:  4745.0  seconds
2250
2023-11-08 11:24:59
2300
2023-11-08 11:26:41
elapsed:  4951.5  seconds
2350
2023-11-08 11:28:46
2400
2023-11-08 11:30:40
elapsed:  5190.4  seconds
2450
2023-11-08 11:32:46
2500
2023-11-08 11:34:27
elapsed:  5416.9  seconds
2550
2023-11-08 11:36:25
2600
2023-11-08 11:38:11
elapsed:  5641.2  seconds
2650
2023-11-08 11:40:13
2700
2023-11-08 11:42:05
elapsed:  5875.3  seconds
2750
2023-11-08 11:43:58
2800
2023-11-08 11:45:54
elapsed:  6103.9  seconds
2850
2023-11-08 11:47:51
2900
2023-11-08 11:49:40
elapsed:  6330.0  seconds
2950
2023-11-08 11:51:32
3000
2023-11-08 11:53:23
elapsed:  6553.6  seconds
3050
2023-11-08 11:55:16
3100
2023-11-08 11:57:11
elapsed:  6781.2  seconds
3150
2023-11-08 11:58:53
3200
2023-11-08 12:00:42
elapsed:  6992.6  seconds
3250
2023-11-08 12:02:37
3300
2023-11-08 12:04:31
elapsed:  7221.6  seconds
3350
2023-11-08 12:06:25
3400
2023-11-08 12:08:16
elapsed:  7446.7  seconds
3450
2023-11-08 12:10:04
3500
2023-11-08 12:11:58
elapsed:  7667.9  seconds
3550
2023-11-08 12:13:55
3600
2023-11-08 12:15:52
elapsed:  7902.2  seconds
3650
2023-11-08 12:17:57
3700
2023-11-08 12:19:55
elapsed:  8145.1  seconds
3750
2023-11-08 12:21:53
3800
2023-11-08 12:23:48
elapsed:  8378.1  seconds
3850
2023-11-08 12:25:33
3900
2023-11-08 12:27:27
elapsed:  8596.9  seconds
3950
2023-11-08 12:29:08
4000
2023-11-08 12:30:53
elapsed:  8802.7  seconds
4050
2023-11-08 12:32:45
4100
2023-11-08 12:34:35
elapsed:  9025.6  seconds
4150
2023-11-08 12:36:29
4200
2023-11-08 12:38:18
elapsed:  9248.2  seconds
4250
2023-11-08 12:40:16
4300
2023-11-08 12:42:11
elapsed:  9481.3  seconds
4350
2023-11-08 12:44:08
4400
2023-11-08 12:46:04
elapsed:  9714.2  seconds
4450
2023-11-08 12:47:51
4500
2023-11-08 12:49:46
elapsed:  9936.5  seconds
4550
2023-11-08 12:51:53
4600
2023-11-08 12:53:53
elapsed:  10183.4  seconds
4650
2023-11-08 12:55:49
4700
2023-11-08 12:57:50
elapsed:  10420.5  seconds
4750
2023-11-08 12:59:35
4800
2023-11-08 13:01:34
elapsed:  10644.6  seconds
4850
2023-11-08 13:03:31
4900
2023-11-08 13:05:29
elapsed:  10878.9  seconds
4950
2023-11-08 13:06:58
5000
2023-11-08 13:08:52
elapsed:  11082.4  seconds
5050
2023-11-08 13:10:49
5100
2023-11-08 13:12:37
elapsed:  11306.8  seconds
5150
2023-11-08 13:14:36
5200
2023-11-08 13:16:37
elapsed:  11547.5  seconds
5250
2023-11-08 13:18:35
5300
2023-11-08 13:20:41
elapsed:  11790.9  seconds
5350
2023-11-08 13:22:39
5400
2023-11-08 13:24:46
elapsed:  12036.2  seconds
5450
2023-11-08 13:26:44
5500
2023-11-08 13:28:45
elapsed:  12274.7  seconds
5550
2023-11-08 13:30:48
5600
2023-11-08 13:32:24
elapsed:  12494.1  seconds
5650
2023-11-08 13:34:14
5700
2023-11-08 13:36:11
elapsed:  12721.1  seconds
5750
2023-11-08 13:37:59
5800
2023-11-08 13:39:51
elapsed:  12941.3  seconds
5850
2023-11-08 13:41:42
5900
2023-11-08 13:43:26
elapsed:  13155.8  seconds
5950
2023-11-08 13:45:30
6000
2023-11-08 13:47:07
elapsed:  13377.4  seconds
6050
2023-11-08 13:49:00
6100
2023-11-08 13:50:54
elapsed:  13604.0  seconds
6150
2023-11-08 13:52:54
6200
2023-11-08 13:54:39
elapsed:  13829.1  seconds
6250
2023-11-08 13:56:33
6300
2023-11-08 13:57:59
elapsed:  14028.8  seconds
6350
2023-11-08 13:59:53
6400
2023-11-08 14:01:37
elapsed:  14247.6  seconds
6450
2023-11-08 14:03:23
6500
2023-11-08 14:05:03
elapsed:  14453.4  seconds
6550
2023-11-08 14:06:50
6600
2023-11-08 14:08:45
elapsed:  14675.2  seconds
6650
2023-11-08 14:10:40
6700
2023-11-08 14:12:35
elapsed:  14905.0  seconds
6750
2023-11-08 14:14:32
6800
2023-11-08 14:16:32
elapsed:  15142.1  seconds
6850
2023-11-08 14:18:40
6900
2023-11-08 14:20:46
elapsed:  15395.8  seconds
6950
2023-11-08 14:22:43
7000
2023-11-08 14:24:46
elapsed:  15636.0  seconds
7050
2023-11-08 14:26:51
7100
2023-11-08 14:28:55
elapsed:  15885.0  seconds
7150
2023-11-08 14:30:51
7200
2023-11-08 14:32:55
elapsed:  16125.0  seconds
7250
2023-11-08 14:34:50
7300
2023-11-08 14:36:41
elapsed:  16351.6  seconds
7350
2023-11-08 14:38:49
7400
2023-11-08 14:40:52
elapsed:  16601.9  seconds
7450
2023-11-08 14:42:54
7500
2023-11-08 14:44:52
elapsed:  16841.7  seconds
7550
2023-11-08 14:46:48
7600
2023-11-08 14:48:44
elapsed:  17074.1  seconds
7650
2023-11-08 14:50:46
7700
2023-11-08 14:52:44
elapsed:  17314.3  seconds
7750
2023-11-08 14:54:39
7800
2023-11-08 14:56:35
elapsed:  17545.1  seconds
7850
2023-11-08 14:58:42
7900
2023-11-08 15:00:21
elapsed:  17771.6  seconds
7950
2023-11-08 15:02:15
8000
2023-11-08 15:04:02
elapsed:  17992.2  seconds
8050
2023-11-08 15:06:07
8100
2023-11-08 15:08:10
elapsed:  18240.3  seconds
8150
2023-11-08 15:10:04
8200
2023-11-08 15:12:06
elapsed:  18476.2  seconds
8250
2023-11-08 15:14:03
8300
2023-11-08 15:15:45
elapsed:  18695.3  seconds
8350
2023-11-08 15:17:36
8400
2023-11-08 15:19:05
elapsed:  18895.1  seconds
8450
2023-11-08 15:20:56
8500
2023-11-08 15:22:40
elapsed:  19110.4  seconds
8550
2023-11-08 15:24:36
8600
2023-11-08 15:26:11
elapsed:  19321.6  seconds
8650
2023-11-08 15:27:57
8700
2023-11-08 15:29:36
elapsed:  19526.6  seconds
8750
2023-11-08 15:31:32
8800
2023-11-08 15:33:18
elapsed:  19747.9  seconds
8850
2023-11-08 15:35:18
8900
2023-11-08 15:37:13
elapsed:  19983.0  seconds
8950
2023-11-08 15:39:11
9000
2023-11-08 15:41:10
elapsed:  20220.1  seconds
9050
2023-11-08 15:43:02
9100
2023-11-08 15:44:45
elapsed:  20435.3  seconds
9150
2023-11-08 15:46:39
9200
2023-11-08 15:48:36
elapsed:  20665.9  seconds
9250
2023-11-08 15:50:24
9300
2023-11-08 15:52:03
elapsed:  20873.4  seconds
9350
2023-11-08 15:53:57
9400
2023-11-08 15:55:47
elapsed:  21097.7  seconds
9450
2023-11-08 15:57:40
9500
2023-11-08 15:59:40
elapsed:  21330.2  seconds
9550
2023-11-08 16:01:39
9600
2023-11-08 16:03:32
elapsed:  21562.2  seconds
9650
2023-11-08 16:05:34
9700
2023-11-08 16:07:20
elapsed:  21789.8  seconds
9750
2023-11-08 16:08:59
9800
2023-11-08 16:10:51
elapsed:  22000.9  seconds
9850
2023-11-08 16:12:51
9900
2023-11-08 16:14:41
elapsed:  22231.7  seconds
9950
2023-11-08 16:16:44
10000
2023-11-08 16:18:29
elapsed:  22459.5  seconds
10050
2023-11-08 16:20:12
10100
2023-11-08 16:22:06
elapsed:  22676.2  seconds
10150
2023-11-08 16:23:54
10200
2023-11-08 16:25:45
elapsed:  22894.8  seconds
10250
2023-11-08 16:27:39
10300
2023-11-08 16:29:35
elapsed:  23124.8  seconds
10350
2023-11-08 16:31:41
10400
2023-11-08 16:33:28
elapsed:  23357.9  seconds
10450
2023-11-08 16:35:23
10500
2023-11-08 16:37:17
elapsed:  23587.6  seconds
10550
2023-11-08 16:39:00
10600
2023-11-08 16:40:55
elapsed:  23804.8  seconds
10650
2023-11-08 16:42:48
10700
2023-11-08 16:44:30
elapsed:  24020.5  seconds
10750
2023-11-08 16:46:32
10800
2023-11-08 16:48:25
elapsed:  24255.2  seconds
10850
2023-11-08 16:50:17
10900
2023-11-08 16:52:06
elapsed:  24476.1  seconds
10950
2023-11-08 16:54:06
11000
2023-11-08 16:55:58
elapsed:  24707.7  seconds
11050
2023-11-08 16:58:00
11100
2023-11-08 16:59:50
elapsed:  24939.9  seconds
11150
2023-11-08 17:01:48
11200
2023-11-08 17:03:48
elapsed:  25178.0  seconds
11250
2023-11-08 17:05:47
11300
2023-11-08 17:07:25
elapsed:  25394.7  seconds
11350
2023-11-08 17:09:22
11400
2023-11-08 17:11:17
elapsed:  25627.5  seconds
11450
2023-11-08 17:13:12
11500
2023-11-08 17:15:11
elapsed:  25860.9  seconds
11550
2023-11-08 17:17:02
11600
2023-11-08 17:18:51
elapsed:  26081.2  seconds
11650
2023-11-08 17:20:50
11700
2023-11-08 17:22:43
elapsed:  26313.1  seconds
11750
2023-11-08 17:24:40
11800
2023-11-08 17:26:37
elapsed:  26547.0  seconds
11850
2023-11-08 17:28:35
11900
2023-11-08 17:30:32
elapsed:  26782.1  seconds
11950
2023-11-08 17:32:33
12000
2023-11-08 17:34:20
elapsed:  27010.4  seconds
12050
2023-11-08 17:36:15
12100
2023-11-08 17:38:15
elapsed:  27245.0  seconds
12150
2023-11-08 17:40:03
12200
2023-11-08 17:41:29
elapsed:  27439.3  seconds
12250
2023-11-08 17:42:59
12300
2023-11-08 17:44:53
elapsed:  27642.7  seconds
12350
2023-11-08 17:46:55
12400
2023-11-08 17:48:50
elapsed:  27879.7  seconds
12450
2023-11-08 17:50:38
12500
2023-11-08 17:52:21
elapsed:  28091.4  seconds
12550
2023-11-08 17:54:18
12600
2023-11-08 17:56:09
elapsed:  28319.3  seconds
12650
2023-11-08 17:58:03
12700
2023-11-08 17:59:52
elapsed:  28542.6  seconds
12750
2023-11-08 18:01:26
12800
2023-11-08 18:03:10
elapsed:  28739.8  seconds
12850
2023-11-08 18:04:56
12900
2023-11-08 18:06:50
elapsed:  28960.5  seconds
12950
2023-11-08 18:08:34
13000
2023-11-08 18:10:28
elapsed:  29178.5  seconds
13050
2023-11-08 18:12:17
13100
2023-11-08 18:14:19
elapsed:  29408.7  seconds
13150
2023-11-08 18:16:19
13200
2023-11-08 18:18:09
elapsed:  29639.0  seconds
13250
2023-11-08 18:20:06
13300
2023-11-08 18:21:56
elapsed:  29866.3  seconds
13350
2023-11-08 18:23:48
13400
2023-11-08 18:25:42
elapsed:  30091.9  seconds
13450
2023-11-08 18:27:39
13500
2023-11-08 18:29:29
elapsed:  30318.9  seconds
13550
2023-11-08 18:31:23
13600
2023-11-08 18:33:14
elapsed:  30544.4  seconds
13650
2023-11-08 18:35:05
13700
2023-11-08 18:36:55
elapsed:  30765.0  seconds
13750
2023-11-08 18:38:45
13800
2023-11-08 18:40:42
elapsed:  30992.0  seconds
13850
2023-11-08 18:42:37
13900
2023-11-08 18:44:23
elapsed:  31213.5  seconds
13950
2023-11-08 18:46:18
14000
2023-11-08 18:48:15
elapsed:  31444.7  seconds
14050
2023-11-08 18:50:05
14100
2023-11-08 18:51:59
elapsed:  31668.9  seconds
14150
2023-11-08 18:53:55
14200
2023-11-08 18:55:49
elapsed:  31898.8  seconds
14250
2023-11-08 18:57:38
14300
2023-11-08 18:59:30
elapsed:  32119.8  seconds
14350
2023-11-08 19:01:22
14400
2023-11-08 19:03:02
elapsed:  32332.6  seconds
14450
2023-11-08 19:04:55
14500
2023-11-08 19:06:32
elapsed:  32541.8  seconds
14550
2023-11-08 19:08:13
14600
2023-11-08 19:10:04
elapsed:  32754.2  seconds
14650
2023-11-08 19:11:40
14700
2023-11-08 19:13:42
elapsed:  32972.1  seconds
14750
2023-11-08 19:15:30
14800
2023-11-08 19:17:26
elapsed:  33196.0  seconds
14850
2023-11-08 19:19:20
14900
2023-11-08 19:21:08
elapsed:  33418.6  seconds
14950
2023-11-08 19:22:55
elapsed:  33640.4  seconds
total time:  33645.8  seconds
true R:  [[8.63811363e-02 2.50526445e-01 3.39752695e-01 1.15531525e-01
  1.16181637e+02 2.02262642e-01 4.31155337e+00 3.66553564e-01
  4.36416474e-01 7.78144043e+00 2.17431450e+00 5.97059120e-01
  7.86974171e+01 4.08842618e-01 3.36782774e+00 4.36994858e-01
  4.78688191e-01 6.40589119e-01 2.33015240e+00 2.33472379e-01
  1.14442443e+00 2.01526577e+00 4.04939881e-01 1.69161823e-01
  5.66854478e-01 4.10586435e+01 2.11352961e+00 8.15138852e+00
  3.27818444e+01 3.79816515e+00 5.58959338e-01 2.10286041e+01
  1.61959666e+00 2.00125594e-01 2.76719448e-01 5.49712420e+01
  5.13880396e-01 4.77841555e-01 5.70685531e-01 1.48934755e-01
  6.50388720e-01 3.35957344e+00 5.33916877e+00 6.61410200e-01
  3.53188514e-01 3.09649646e-01 1.32952032e+00 2.70734569e-01
  3.93812455e+00 9.78207812e-01 1.50465924e+00 6.04687360e+00
  1.32067097e-01 1.94152359e+00 2.94020136e+00 1.15256773e+00
  1.26441537e+00 6.82620645e-01 4.23874248e+00 7.37877618e-01
  2.26530034e-01 2.05198947e+02 5.91206827e-01 5.55449295e+00]
 [2.66958399e+00 4.39477632e-01 8.36393568e+00 6.75304699e-01
  7.45183914e+00 3.48639235e-01 1.50095600e+03 1.68069575e+00
  1.88256504e+00 4.46819705e+01 1.84845342e-01 5.91209812e+00
  3.56494607e+00 4.93806852e+00 8.83553188e-02 2.21543184e+00
  3.28029977e+00 2.61321192e+02 3.63681139e+00 1.65199921e+00
  4.48675957e-01 7.38211445e-01 2.14503697e-01 2.13499196e+00
  6.16977051e-01 1.75893692e-01 4.40971540e-01 1.07181822e+00
  1.27357328e+00 1.25476400e+01 5.07625622e-01 6.81673356e-01
  2.35522205e+01 4.80080692e+02 3.02980767e-01 3.18212518e-01
  1.40588204e+01 1.98827273e+01 3.54747530e+00 6.06528561e-01
  4.63807094e+00 8.36323157e-01 1.74099645e-01 9.63754237e+02
  1.30849040e-01 1.15095136e+02 6.84276329e-01 1.71154439e+00
  1.80277863e+00 2.01513767e-01 3.47486361e+01 1.08808645e+00
  2.51725418e-01 2.36336982e-01 7.16403740e+00 2.37328002e-01
  1.34174285e+02 1.73563539e-01 2.65495877e-01 8.88862793e-01
  6.59823337e-01 7.01505102e-01 1.28040837e+00 1.04367954e+01]
 [8.96236956e-02 8.19258036e-01 1.74421765e+01 2.86031363e-01
  4.07209837e+00 2.24418582e+00 1.71034553e+01 4.16085939e-01
  3.97721566e-01 6.73263640e-01 6.77111162e+01 5.18693575e+00
  6.51059083e-01 2.09992229e+00 2.94102179e+00 5.63447232e-01
  3.46431440e+02 3.62853864e+00 1.45390573e-01 9.45418223e-01
  7.52221017e+00 1.04834709e+00 2.09078012e+00 2.36038352e+00
  1.63238407e+00 6.16612577e-01 6.36780767e-01 3.80493277e-02
  3.55342839e+00 1.27092683e+00 1.58812746e-01 4.38412860e-01
  2.66621609e+00 4.32562525e-01 2.29479718e+05 9.64375296e-02
  4.98798544e+02 2.27376690e+00 2.46656607e+00 9.99867232e-01
  8.15747578e+00 1.72234082e-01 4.31653577e-01 4.46720711e+00
  4.34787257e+00 8.01673505e-01 1.66584536e+01 8.68911517e-01
  9.08803020e+00 3.27000350e-01 7.29859690e-01 1.13702622e+00
  8.77551327e+00 7.76391295e-01 1.74646000e-01 1.44874645e+02
  5.60723944e-01 6.43278883e+00 2.67717457e+02 4.77007780e-01
  6.86107855e+00 1.59500644e+00 5.15419667e+00 1.39892360e+00]
 [6.64798362e+00 1.11060254e+00 5.86567779e+00 1.59241575e-01
  2.35251857e+01 5.77472023e-01 6.64670199e+02 9.95935010e+00
  1.96950069e-01 1.54096639e+00 3.15511395e+01 1.70198330e-01
  4.31764035e-01 1.51425944e+00 6.10563449e-01 1.48673718e+00
  5.06538190e-01 2.64021119e-01 2.22432225e-01 8.34424576e-01
  2.80794769e-01 6.50437515e-01 1.10310025e+01 1.23502277e+01
  1.65090695e+00 6.09181677e-01 8.68444248e-01 5.82437863e+00
  8.87569826e-01 1.62076876e+01 1.60979766e+00 1.24668972e+00
  1.64753848e-01 3.04100946e-01 1.08612281e+00 1.59870924e+00
  1.08202191e-01 2.62504632e-01 3.62103201e+00 3.72363193e-01
  1.54344543e+01 6.98949118e-01 1.27911303e+00 1.08034027e+00
  8.27955509e+00 5.78142274e-01 2.94262645e-01 1.55207366e+01
  8.13702154e+00 2.45856244e-01 4.80386555e-01 2.87158131e+00
  1.91357268e-01 1.11268311e+01 1.64452973e-01 1.06129812e+01
  3.13200099e-01 2.30784269e+01 1.08423112e+01 5.30418124e-01
  7.63386865e+01 1.32438239e+02 2.40686466e-01 4.60287756e-01]
 [6.74047662e-01 1.20600177e+00 2.49208747e-01 1.77436907e+00
  8.17073619e-01 1.16992136e+01 1.16948767e+01 2.79326490e+01
  4.20332754e+00 6.20800918e+00 1.44756276e+01 9.53122045e+00
  4.14002685e-01 7.87323847e+00 3.93474800e-01 4.80065131e-01
  2.66137408e-01 4.63796667e-01 2.84629887e-01 3.53719522e+00
  1.51200296e-01 3.71285746e+01 6.29361773e-01 7.62166735e-02
  6.84448321e+01 3.04421587e+00 1.92850633e-01 2.06162653e+00
  8.61045151e-01 2.64968172e-01 5.66789820e+01 4.33892050e+00
  6.22653488e-02 1.18043113e+00 2.55240850e-01 4.77719162e+00
  5.42308856e-01 7.57765533e+00 3.85645465e-01 1.90318957e-01
  3.29383055e-01 1.21922091e+00 5.12803357e-01 1.23084640e+00
  2.51664755e-01 2.05741659e+01 2.51313955e-01 4.20343563e-01
  2.12796648e+00 6.96918426e+00 5.00805557e-01 2.01859560e+00
  8.38433665e-01 2.20851830e-01 4.66212735e+00 4.85559168e+00
  9.66063483e-01 6.89760954e-02 3.60989667e-01 4.19571631e-01
  1.37902706e-01 1.82071069e+00 1.92985168e+00 9.80938255e+00]
 [9.75096999e+00 4.66985647e+01 2.22253463e-01 4.84018512e-01
  1.58191056e-01 1.00946800e+00 2.31747880e+01 1.55108130e+00
  1.05287344e+01 5.07180332e-01 1.47643220e+00 8.60177053e-01
  1.94290681e+01 2.50847891e+00 4.18968285e-01 2.61536153e-01
  3.74503184e+01 1.18642137e+01 2.83801029e+01 8.84932228e-02
  7.48264305e+01 6.40387636e-01 2.61949197e-01 1.73737830e-01
  1.16946868e+00 6.86877193e-01 2.01175848e-01 4.68449262e-01
  4.80084851e-01 1.62087206e+00 1.39348503e+00 1.41288258e-01
  2.23746212e-01 9.36723460e-01 4.43955270e+00 1.21987668e+01
  3.48727629e+02 1.49641561e+01 2.10075122e-01 2.23406314e+00
  2.43572447e+03 2.84702442e-01 5.95986897e-01 4.06744684e-01
  2.42809534e-01 2.75500768e-01 1.48079650e+01 1.22631695e+01
  6.36846555e+00 3.00501962e-01 2.22883036e+00 4.10258438e-01
  4.57473928e-01 9.66080349e-01 3.44699671e-01 5.15915104e+01
  1.96882402e+00 8.67904537e-01 1.56032791e-01 2.06330940e+00
  4.95318986e-01 4.20877872e-01 6.43404005e-01 2.90741578e-01]
 [1.53429852e+00 4.44542256e-01 9.77363008e-01 5.37432891e-01
  3.98301287e-01 3.77532928e-01 3.76558750e+00 3.18709014e-01
  2.97479394e-01 3.87096104e+01 2.03780764e-01 7.73653282e-01
  2.64720883e-01 4.23243432e-01 1.59770760e+00 2.46638636e-01
  3.54596074e+02 2.64017240e+00 9.73822779e+00 5.37081374e+00
  1.01045044e+01 5.85640205e+00 5.77527992e-01 1.62452451e-01
  3.70913801e+01 8.00215938e-01 6.26035669e+01 2.07489398e+00
  3.89264626e+01 1.89195487e-01 1.73312209e+02 1.28073974e+00
  4.07363798e+01 3.35982481e-01 3.68805533e-01 8.35634473e-01
  1.20013120e+01 4.13220098e-01 7.62540701e-01 3.68102486e+00
  4.33488601e-01 7.79416261e-01 9.28880987e-01 4.57972147e-01
  2.45256304e+00 1.60731623e-01 1.94950609e+02 1.11459314e+01
  5.24054340e-01 3.73488370e-01 5.98233116e+00 2.00006011e+02
  4.17552813e-01 1.40447791e+00 1.72071138e+01 5.94891851e-01
  4.24000270e+00 8.67614377e-01 4.81461502e-01 1.75100725e-01
  4.87013335e-01 1.62675557e-01 6.33369605e-01 3.29512798e-01]
 [1.54918454e+00 1.14177592e+01 1.24651658e+02 2.86570873e-01
  6.14837419e-01 4.43779096e-01 1.08752515e+00 7.49044266e+00
  1.27909713e-01 6.24906264e-01 1.04470169e+00 2.03997598e+00
  2.03019007e+00 1.90140306e-01 1.59183898e-01 8.03891040e+00
  3.01369974e+01 3.23517660e-01 1.95177109e-01 7.92943239e-01
  1.18949686e+00 6.46449125e-02 8.66748518e-01 1.24531885e-01
  2.89233588e+00 4.93730101e+02 3.27854215e+01 3.14354692e-01
  6.54573230e-02 3.14440523e-01 7.00763918e-01 3.28412720e+01
  3.87627861e+01 1.68597486e-01 3.93036820e-01 7.58371101e+00
  1.14370079e+01 1.88203699e+00 2.72204533e+00 1.48224117e-01
  5.44167390e-01 1.04807622e+00 1.73780984e+01 4.10517008e+00
  4.25171375e-01 1.31260644e+02 2.82376734e-01 1.29528503e-01
  2.31017603e+02 6.86302260e-01 2.08455932e+01 5.35985289e-01
  7.09366985e-01 6.63052426e-01 2.55499104e-01 4.74953978e+00
  1.01888808e+00 7.83392291e+00 1.18734964e+01 1.57486251e+01
  1.21178703e+00 2.32273080e-01 1.48645470e-01 1.82098099e-01]
 [7.26519753e-01 1.22044977e+00 1.28074975e+00 2.45941961e-01
  1.54474574e+00 8.87873057e+00 3.27759202e+00 7.63430583e-01
  1.37809865e+02 1.42916180e-01 5.33598116e-01 4.89955170e-01
  2.43474251e-01 2.26778058e+01 4.48358776e-01 2.08138259e-01
  7.23942962e+00 1.44488052e+00 9.81557482e-01 2.79015881e+02
  5.17431548e-01 1.17829241e-01 1.16171857e+00 5.30825701e+00
  4.56506908e+00 5.85552639e+03 1.40580500e+00 3.48026437e-01
  7.18474395e-01 1.46373567e+00 2.74685504e-01 8.52355717e-01
  1.73030698e-01 3.74385064e-01 1.03501186e+00 1.20331825e+02
  4.15947062e-01 5.01359447e-01 4.12290455e-01 4.92334547e-01
  2.61022918e+02 3.66740034e+01 1.22024940e+00 2.11093231e+00
  2.50524979e-01 2.44460288e+00 3.31187896e-01 1.20750682e+00
  3.36516372e-01 6.32370372e-01 2.24880205e+01 3.23300526e+01
  1.43198304e+00 1.07315229e+00 4.33822341e-01 7.59029417e-02
  3.07058136e+00 2.01919945e+00 3.10298512e-01 7.44568471e-01
  7.32418496e+00 1.23356149e-01 9.66950844e-01 3.62684450e-01]]
