1
50
2023-11-11 22:33:38
100
2023-11-11 22:35:11
elapsed:  184.7  seconds
150
2023-11-11 22:36:46
200
2023-11-11 22:38:14
elapsed:  367.6  seconds
250
2023-11-11 22:39:49
300
2023-11-11 22:41:23
elapsed:  556.6  seconds
350
2023-11-11 22:42:59
400
2023-11-11 22:44:33
elapsed:  745.9  seconds
450
2023-11-11 22:46:08
500
2023-11-11 22:47:41
elapsed:  934.5  seconds
550
2023-11-11 22:49:16
600
2023-11-11 22:50:51
elapsed:  1124.1  seconds
650
2023-11-11 22:52:26
700
2023-11-11 22:54:00
elapsed:  1313.2  seconds
750
2023-11-11 22:55:35
800
2023-11-11 22:57:10
elapsed:  1502.8  seconds
850
2023-11-11 22:58:45
900
2023-11-11 23:00:19
elapsed:  1692.2  seconds
950
2023-11-11 23:01:55
1000
2023-11-11 23:03:28
elapsed:  1881.3  seconds
1050
2023-11-11 23:05:03
1100
2023-11-11 23:06:36
elapsed:  2069.8  seconds
1150
2023-11-11 23:08:13
1200
2023-11-11 23:09:47
elapsed:  2260.4  seconds
1250
2023-11-11 23:11:23
1300
2023-11-11 23:12:56
elapsed:  2449.6  seconds
1350
2023-11-11 23:14:33
1400
2023-11-11 23:16:07
elapsed:  2640.3  seconds
1450
2023-11-11 23:17:42
1500
2023-11-11 23:19:16
elapsed:  2829.3  seconds
1550
2023-11-11 23:20:52
1600
2023-11-11 23:22:27
elapsed:  3020.0  seconds
1650
2023-11-11 23:24:03
1700
2023-11-11 23:25:38
elapsed:  3211.3  seconds
1750
2023-11-11 23:27:14
1800
2023-11-11 23:28:49
elapsed:  3401.9  seconds
1850
2023-11-11 23:30:25
1900
2023-11-11 23:31:59
elapsed:  3592.7  seconds
1950
2023-11-11 23:33:35
2000
2023-11-11 23:35:09
elapsed:  3782.0  seconds
2050
2023-11-11 23:36:45
2100
2023-11-11 23:38:19
elapsed:  3972.1  seconds
2150
2023-11-11 23:39:55
2200
2023-11-11 23:41:28
elapsed:  4161.8  seconds
2250
2023-11-11 23:43:03
2300
2023-11-11 23:44:38
elapsed:  4351.6  seconds
2350
2023-11-11 23:46:14
2400
2023-11-11 23:47:47
elapsed:  4540.4  seconds
2450
2023-11-11 23:49:22
2500
2023-11-11 23:50:57
elapsed:  4730.4  seconds
2550
2023-11-11 23:52:33
2600
2023-11-11 23:54:06
elapsed:  4919.0  seconds
2650
2023-11-11 23:55:41
2700
2023-11-11 23:57:14
elapsed:  5107.3  seconds
2750
2023-11-11 23:58:49
2800
2023-11-12 00:00:23
elapsed:  5296.5  seconds
2850
2023-11-12 00:01:58
2900
2023-11-12 00:03:32
elapsed:  5485.3  seconds
2950
2023-11-12 00:05:09
3000
2023-11-12 00:06:42
elapsed:  5675.4  seconds
3050
2023-11-12 00:08:18
3100
2023-11-12 00:09:50
elapsed:  5863.0  seconds
3150
2023-11-12 00:11:25
3200
2023-11-12 00:12:58
elapsed:  6051.0  seconds
3250
2023-11-12 00:14:33
3300
2023-11-12 00:16:06
elapsed:  6239.7  seconds
3350
2023-11-12 00:17:42
3400
2023-11-12 00:19:15
elapsed:  6428.6  seconds
3450
2023-11-12 00:20:50
3500
2023-11-12 00:22:24
elapsed:  6617.6  seconds
3550
2023-11-12 00:24:00
3600
2023-11-12 00:25:34
elapsed:  6807.3  seconds
3650
2023-11-12 00:27:08
3700
2023-11-12 00:28:42
elapsed:  6995.2  seconds
3750
2023-11-12 00:30:18
3800
2023-11-12 00:31:50
elapsed:  7183.1  seconds
3850
2023-11-12 00:33:25
3900
2023-11-12 00:35:00
elapsed:  7373.0  seconds
3950
2023-11-12 00:36:35
4000
2023-11-12 00:38:08
elapsed:  7561.5  seconds
4050
2023-11-12 00:39:42
4100
2023-11-12 00:41:16
elapsed:  7749.4  seconds
4150
2023-11-12 00:42:51
4200
2023-11-12 00:44:25
elapsed:  7938.4  seconds
4250
2023-11-12 00:46:01
4300
2023-11-12 00:47:35
elapsed:  8128.2  seconds
4350
2023-11-12 00:49:10
4400
2023-11-12 00:50:43
elapsed:  8316.2  seconds
4450
2023-11-12 00:52:17
4500
2023-11-12 00:53:49
elapsed:  8502.8  seconds
4550
2023-11-12 00:55:25
4600
2023-11-12 00:56:57
elapsed:  8690.3  seconds
4650
2023-11-12 00:58:32
4700
2023-11-12 01:00:06
elapsed:  8879.6  seconds
4750
2023-11-12 01:01:41
4800
2023-11-12 01:03:15
elapsed:  9068.5  seconds
4850
2023-11-12 01:04:51
4900
2023-11-12 01:06:24
elapsed:  9257.7  seconds
4950
2023-11-12 01:08:02
5000
2023-11-12 01:09:34
elapsed:  9447.8  seconds
5050
2023-11-12 01:11:11
5100
2023-11-12 01:12:44
elapsed:  9637.3  seconds
5150
2023-11-12 01:14:19
5200
2023-11-12 01:15:53
elapsed:  9825.8  seconds
5250
2023-11-12 01:17:27
5300
2023-11-12 01:19:00
elapsed:  10012.8  seconds
5350
2023-11-12 01:20:36
5400
2023-11-12 01:22:09
elapsed:  10202.4  seconds
5450
2023-11-12 01:23:45
5500
2023-11-12 01:25:19
elapsed:  10392.2  seconds
5550
2023-11-12 01:26:54
5600
2023-11-12 01:28:28
elapsed:  10581.7  seconds
5650
2023-11-12 01:30:05
5700
2023-11-12 01:31:39
elapsed:  10771.9  seconds
5750
2023-11-12 01:33:14
5800
2023-11-12 01:34:48
elapsed:  10960.8  seconds
5850
2023-11-12 01:36:23
5900
2023-11-12 01:37:56
elapsed:  11149.8  seconds
5950
2023-11-12 01:39:32
6000
2023-11-12 01:41:06
elapsed:  11339.4  seconds
6050
2023-11-12 01:42:41
6100
2023-11-12 01:44:14
elapsed:  11527.6  seconds
6150
2023-11-12 01:45:50
6200
2023-11-12 01:47:23
elapsed:  11716.7  seconds
6250
2023-11-12 01:48:58
6300
2023-11-12 01:50:32
elapsed:  11905.2  seconds
6350
2023-11-12 01:52:08
6400
2023-11-12 01:53:42
elapsed:  12095.5  seconds
6450
2023-11-12 01:55:18
6500
2023-11-12 01:56:51
elapsed:  12284.7  seconds
6550
2023-11-12 01:58:27
6600
2023-11-12 02:00:00
elapsed:  12473.1  seconds
6650
2023-11-12 02:01:36
6700
2023-11-12 02:03:09
elapsed:  12662.4  seconds
6750
2023-11-12 02:04:44
6800
2023-11-12 02:06:19
elapsed:  12851.9  seconds
6850
2023-11-12 02:07:55
6900
2023-11-12 02:09:29
elapsed:  13042.4  seconds
6950
2023-11-12 02:11:06
7000
2023-11-12 02:12:40
elapsed:  13233.2  seconds
7050
2023-11-12 02:14:15
7100
2023-11-12 02:15:49
elapsed:  13421.9  seconds
7150
2023-11-12 02:17:23
7200
2023-11-12 02:18:57
elapsed:  13610.0  seconds
7250
2023-11-12 02:20:33
7300
2023-11-12 02:22:06
elapsed:  13799.7  seconds
7350
2023-11-12 02:23:39
7400
2023-11-12 02:25:11
elapsed:  13984.2  seconds
7450
2023-11-12 02:26:48
7500
2023-11-12 02:28:22
elapsed:  14174.9  seconds
7550
2023-11-12 02:29:57
7600
2023-11-12 02:31:30
elapsed:  14363.1  seconds
7650
2023-11-12 02:33:05
7700
2023-11-12 02:34:38
elapsed:  14550.9  seconds
7750
2023-11-12 02:36:13
7800
2023-11-12 02:37:47
elapsed:  14740.5  seconds
7850
2023-11-12 02:39:23
7900
2023-11-12 02:40:57
elapsed:  14929.9  seconds
7950
2023-11-12 02:42:32
8000
2023-11-12 02:44:06
elapsed:  15119.2  seconds
8050
2023-11-12 02:45:42
8100
2023-11-12 02:47:16
elapsed:  15309.7  seconds
8150
2023-11-12 02:48:51
8200
2023-11-12 02:50:24
elapsed:  15497.8  seconds
8250
2023-11-12 02:52:00
8300
2023-11-12 02:53:33
elapsed:  15686.2  seconds
8350
2023-11-12 02:55:08
8400
2023-11-12 02:56:41
elapsed:  15873.9  seconds
8450
2023-11-12 02:58:15
8500
2023-11-12 02:59:47
elapsed:  16060.3  seconds
8550
2023-11-12 03:01:23
8600
2023-11-12 03:02:58
elapsed:  16251.4  seconds
8650
2023-11-12 03:04:33
8700
2023-11-12 03:06:07
elapsed:  16440.2  seconds
8750
2023-11-12 03:07:41
8800
2023-11-12 03:09:16
elapsed:  16628.9  seconds
8850
2023-11-12 03:10:50
8900
2023-11-12 03:12:24
elapsed:  16817.8  seconds
8950
2023-11-12 03:14:00
9000
2023-11-12 03:15:36
elapsed:  17008.8  seconds
9050
2023-11-12 03:17:13
9100
2023-11-12 03:18:47
elapsed:  17200.1  seconds
9150
2023-11-12 03:20:22
9200
2023-11-12 03:21:55
elapsed:  17388.5  seconds
9250
2023-11-12 03:23:31
9300
2023-11-12 03:25:03
elapsed:  17576.3  seconds
9350
2023-11-12 03:26:37
9400
2023-11-12 03:28:12
elapsed:  17765.5  seconds
9450
2023-11-12 03:29:47
9500
2023-11-12 03:31:20
elapsed:  17953.3  seconds
9550
2023-11-12 03:32:56
9600
2023-11-12 03:34:28
elapsed:  18141.6  seconds
9650
2023-11-12 03:36:03
9700
2023-11-12 03:37:36
elapsed:  18329.6  seconds
9750
2023-11-12 03:39:10
9800
2023-11-12 03:40:44
elapsed:  18517.2  seconds
9850
2023-11-12 03:42:19
9900
2023-11-12 03:43:52
elapsed:  18705.7  seconds
9950
2023-11-12 03:45:28
10000
2023-11-12 03:47:00
elapsed:  18893.6  seconds
10050
2023-11-12 03:48:35
10100
2023-11-12 03:50:09
elapsed:  19081.8  seconds
10150
2023-11-12 03:51:43
10200
2023-11-12 03:53:14
elapsed:  19267.6  seconds
10250
2023-11-12 03:54:50
10300
2023-11-12 03:56:21
elapsed:  19454.3  seconds
10350
2023-11-12 03:57:54
10400
2023-11-12 03:59:26
elapsed:  19639.3  seconds
10450
2023-11-12 04:01:00
10500
2023-11-12 04:02:34
elapsed:  19827.0  seconds
10550
2023-11-12 04:04:06
10600
2023-11-12 04:05:40
elapsed:  20013.6  seconds
10650
2023-11-12 04:07:15
10700
2023-11-12 04:08:50
elapsed:  20203.7  seconds
10750
2023-11-12 04:10:27
10800
2023-11-12 04:12:01
elapsed:  20394.6  seconds
10850
2023-11-12 04:13:37
10900
2023-11-12 04:15:10
elapsed:  20583.5  seconds
10950
2023-11-12 04:16:45
11000
2023-11-12 04:18:18
elapsed:  20771.6  seconds
11050
2023-11-12 04:19:54
11100
2023-11-12 04:21:28
elapsed:  20960.8  seconds
11150
2023-11-12 04:23:02
11200
2023-11-12 04:24:36
elapsed:  21149.5  seconds
11250
2023-11-12 04:26:13
11300
2023-11-12 04:27:45
elapsed:  21338.5  seconds
11350
2023-11-12 04:29:19
11400
2023-11-12 04:30:49
elapsed:  21522.7  seconds
11450
2023-11-12 04:32:25
11500
2023-11-12 04:33:59
elapsed:  21712.3  seconds
11550
2023-11-12 04:35:35
11600
2023-11-12 04:37:08
elapsed:  21901.4  seconds
11650
2023-11-12 04:38:45
11700
2023-11-12 04:40:20
elapsed:  22093.1  seconds
11750
2023-11-12 04:41:57
11800
2023-11-12 04:43:30
elapsed:  22283.5  seconds
11850
2023-11-12 04:45:06
11900
2023-11-12 04:46:40
elapsed:  22473.3  seconds
11950
2023-11-12 04:48:16
12000
2023-11-12 04:49:50
elapsed:  22663.1  seconds
12050
2023-11-12 04:51:25
12100
2023-11-12 04:53:00
elapsed:  22852.9  seconds
12150
2023-11-12 04:54:36
12200
2023-11-12 04:56:09
elapsed:  23042.1  seconds
12250
2023-11-12 04:57:44
12300
2023-11-12 04:59:17
elapsed:  23230.4  seconds
12350
2023-11-12 05:00:52
12400
2023-11-12 05:02:26
elapsed:  23419.5  seconds
12450
2023-11-12 05:04:01
12500
2023-11-12 05:05:36
elapsed:  23609.0  seconds
12550
2023-11-12 05:07:12
12600
2023-11-12 05:08:45
elapsed:  23798.4  seconds
12650
2023-11-12 05:10:21
12700
2023-11-12 05:11:55
elapsed:  23988.0  seconds
12750
2023-11-12 05:13:30
12800
2023-11-12 05:15:05
elapsed:  24178.4  seconds
12850
2023-11-12 05:16:40
12900
2023-11-12 05:18:13
elapsed:  24366.4  seconds
12950
2023-11-12 05:19:49
13000
2023-11-12 05:21:22
elapsed:  24555.3  seconds
13050
2023-11-12 05:22:58
13100
2023-11-12 05:24:32
elapsed:  24745.7  seconds
13150
2023-11-12 05:26:07
13200
2023-11-12 05:27:41
elapsed:  24934.2  seconds
13250
2023-11-12 05:29:16
13300
2023-11-12 05:30:49
elapsed:  25122.5  seconds
13350
2023-11-12 05:32:25
13400
2023-11-12 05:33:58
elapsed:  25311.5  seconds
13450
2023-11-12 05:35:35
13500
2023-11-12 05:37:08
elapsed:  25501.5  seconds
13550
2023-11-12 05:38:43
13600
2023-11-12 05:40:18
elapsed:  25691.3  seconds
13650
2023-11-12 05:41:53
13700
2023-11-12 05:43:28
elapsed:  25880.9  seconds
13750
2023-11-12 05:45:03
13800
2023-11-12 05:46:35
elapsed:  26068.5  seconds
13850
2023-11-12 05:48:09
13900
2023-11-12 05:49:43
elapsed:  26256.5  seconds
13950
2023-11-12 05:51:19
14000
2023-11-12 05:52:51
elapsed:  26444.7  seconds
14050
2023-11-12 05:54:27
14100
2023-11-12 05:56:01
elapsed:  26634.1  seconds
14150
2023-11-12 05:57:36
14200
2023-11-12 05:59:10
elapsed:  26823.0  seconds
14250
2023-11-12 06:00:45
14300
2023-11-12 06:02:19
elapsed:  27012.1  seconds
14350
2023-11-12 06:03:55
14400
2023-11-12 06:05:29
elapsed:  27202.2  seconds
14450
2023-11-12 06:07:06
14500
2023-11-12 06:08:41
elapsed:  27393.9  seconds
14550
2023-11-12 06:10:16
14600
2023-11-12 06:11:51
elapsed:  27584.3  seconds
14650
2023-11-12 06:13:27
14700
2023-11-12 06:15:02
elapsed:  27775.7  seconds
14750
2023-11-12 06:16:37
14800
2023-11-12 06:18:11
elapsed:  27963.9  seconds
14850
2023-11-12 06:19:46
14900
2023-11-12 06:21:19
elapsed:  28151.9  seconds
14950
2023-11-12 06:22:54
elapsed:  28338.6  seconds
total time:  28342.5  seconds
true R:  [[1.92149449e+01 7.12881040e-02 6.22247267e-01 1.68614480e+00
  4.62191083e-01 9.84179862e-01 2.52567975e-01 1.96339220e+02
  1.02493430e+03 9.93293804e-02 3.08593803e+00 1.35048378e+00
  2.78547243e-01 2.37648668e-01 1.85060484e+02 1.16424769e+00
  2.25334965e+00 2.67025483e+00 3.70687729e-01 6.81375055e+00
  6.97867660e-01 1.69172927e+02 4.17188540e-01 6.93619626e-01
  1.08981823e-01 1.98940894e+00 2.37430792e+01 4.26840172e+00
  3.02420673e-01 2.29126254e+00 3.91320457e-01 6.15575937e+00
  1.50758010e-01 3.55841318e-01 4.18547150e+00 2.02775391e+00
  8.30762156e-01 6.94721453e+00 9.73181162e-01 4.12628010e+00
  7.65782945e-01 8.54048098e-01 5.74207941e-01 7.60734301e+00
  3.31522771e-01 6.22867134e-01 4.14057142e-01 4.17961218e+01
  1.79097446e+00 3.93488707e+00 1.87769956e+02 4.29725766e+00
  2.47091716e-01 9.10223826e+00 1.86576924e+00 1.54215567e+00
  6.12915008e-01 1.91382611e+00 2.40842508e+00 8.51686854e+01
  5.41880842e-01 1.34731229e-01 4.72884205e+00 8.81526046e-01]
 [4.36099054e-01 1.12282732e-01 3.33944146e-01 2.01653975e+01
  2.67171417e-01 1.20025408e+00 1.71473081e-01 3.69355924e-01
  2.77429303e-01 6.48472441e+00 7.91178078e+00 6.67737715e-01
  6.37589190e-01 1.71502547e+00 3.37018443e-01 9.40016863e-02
  1.65122590e+00 5.50364650e+00 6.55814791e-01 8.11805508e+00
  1.14162867e+01 2.69730105e-01 4.93744014e+00 1.19337859e+00
  2.81624117e+00 6.89078577e-01 8.00100450e-01 1.67855905e-01
  1.65877596e+01 2.16536765e+00 2.65309835e-01 2.10270981e+00
  1.13312189e+00 1.54413587e+00 7.14901282e+01 5.09227374e-01
  2.39954809e+00 1.00298778e+00 1.66197818e-01 5.56840193e-01
  8.71317784e-02 2.49706478e-01 6.28220404e-01 1.83802026e-01
  2.96792401e-01 5.91236863e-02 1.69801260e+00 6.93293658e+00
  7.63416348e+00 4.18965968e-01 8.26267458e+01 3.53851447e+00
  2.19186507e+00 5.29200983e-01 2.85074532e-01 2.64103715e-01
  1.32393642e+01 1.23077996e+01 2.20798106e+01 2.79481987e+00
  1.71534755e+00 6.91903331e-01 2.86719467e+01 2.14718532e+00]
 [3.07188985e+00 2.49999150e-01 3.25373041e-01 3.32902185e-01
  2.16850528e-01 4.73258905e-01 2.21656315e+00 3.87993236e+00
  2.57061726e-01 4.38339931e+00 1.96466157e+02 9.01092808e+00
  3.48634639e-01 1.71723945e+01 4.12338340e-01 1.85116172e+00
  9.16474126e-01 1.19281317e+01 3.86455326e-01 5.26586770e+00
  8.28489640e-02 3.00954590e+00 2.81294117e-01 1.03634822e+01
  2.73688560e+00 4.48820968e+00 3.90293684e+00 6.88169185e-01
  8.40503563e-01 6.63898766e+00 9.60541720e+00 5.88766363e-01
  9.05784897e-02 7.49332431e+00 1.22556822e+01 1.57203343e+00
  5.22101513e-01 2.38717637e-01 3.81217701e-01 9.26317215e-01
  2.43092348e+00 2.51390926e-01 4.38581847e+02 6.83084868e-01
  2.84285273e-01 5.33098045e+00 1.93157975e-01 7.18516325e-01
  3.25067387e-01 2.01130962e+00 8.02586747e-01 1.46784340e+00
  9.63019591e+02 3.08246411e-01 4.10503336e-01 1.13623254e+00
  2.28099878e-01 2.93292429e-01 1.74973357e+01 6.21566298e+01
  2.07863605e+01 2.69598452e+00 3.15139212e-01 1.27452911e+02]
 [5.69467540e-01 6.91000242e+00 3.77020561e-01 3.10208341e-01
  3.90957664e+00 5.68120319e+00 1.63595997e-01 2.83222696e-01
  2.85567002e-01 1.65055143e+02 1.59324004e-01 3.93872360e+01
  1.49096468e+00 7.59567839e+00 9.09173491e-01 6.85637442e-01
  2.51173916e+00 2.32690258e+01 1.03696238e-01 1.68967049e+00
  6.31595416e-01 3.42327032e-01 4.65761573e-01 7.75107147e-01
  7.39363984e-01 1.10496853e+00 6.27726190e+00 1.49083128e+01
  1.20330309e+00 1.37975100e+00 7.77357777e+00 6.07945340e-01
  1.49267835e+00 5.41763752e+00 1.48966863e+00 2.11881393e-01
  4.20819087e-01 2.57335168e+00 1.30440622e+00 3.55609170e+03
  1.54927465e-01 4.63345634e+00 3.81624338e-01 5.03735149e+00
  2.01439494e-01 1.64305606e+00 1.74833051e-01 8.39905528e-01
  2.05566962e+00 8.50373055e+01 1.89417629e+00 9.45795241e-02
  1.77845676e-01 3.52319857e-01 2.01238807e+00 9.83906268e+00
  1.55692610e-01 9.66233230e-02 3.47980590e-01 1.67276448e-01
  1.76480051e+02 2.86710855e-01 1.01766817e+00 2.56757304e+00]
 [1.07773645e+04 1.29358533e+01 5.55884503e-01 8.15922926e-01
  7.92144270e-01 3.12299511e+00 1.96849210e-01 3.35536171e-01
  3.49086689e+00 8.00802529e+00 1.91200130e-01 2.42559408e+00
  8.19881414e+00 8.57038458e-01 1.13775529e+00 3.78771802e-01
  5.44099219e+02 1.82798924e+00 4.05507965e+00 4.54195166e+01
  2.06004350e+00 8.68092092e+00 6.73533647e+02 2.73629861e-01
  5.60704892e+00 1.41416562e+00 1.01768177e-01 6.00452795e+00
  1.18871123e-01 3.63222718e-01 4.05238406e+02 2.86379151e-01
  2.88935478e+00 6.75132785e-02 3.70223760e-01 5.65212897e-01
  7.84244332e+01 1.38843600e+00 1.53639534e+01 7.73334574e-01
  1.60424178e-01 3.81976066e-01 5.45620279e+00 1.11508457e-01
  1.59269237e+00 2.31742894e-01 2.37061857e+00 3.10314305e+00
  1.88708080e-01 2.97631922e+00 5.43358900e+00 3.56047868e+01
  5.09908338e+00 3.57744278e+00 6.01858797e-01 3.88047393e-01
  1.91675777e-01 1.30404860e+00 7.11841760e+00 2.12668212e+00
  9.72531563e+00 9.29024853e-02 3.21620038e-01 2.11969941e+00]
 [2.21894612e+02 1.20909260e+03 1.66400469e-01 3.65897185e+01
  2.55613732e-01 5.10942865e+00 4.86450359e+00 1.96511035e-01
  4.23103634e-01 1.15033471e+00 2.42090040e-01 1.22285986e-01
  4.53906964e+00 2.70587707e+00 1.31619586e-01 2.30994953e-01
  3.40291252e+00 2.68899087e+01 2.67449477e+00 1.57859870e-01
  1.77713093e-01 1.78665809e+01 1.21573706e-01 5.16219450e-01
  1.47399950e-01 7.93958956e+00 1.45472628e-01 4.75985473e-01
  9.81566827e-02 5.68325988e+01 7.78846025e+03 2.18542482e-01
  6.24559635e+01 1.54071960e+01 3.08580538e-01 7.35819134e-01
  3.12313435e+00 3.94341910e+00 1.02709947e+01 1.69258604e+00
  2.50144610e+00 2.39916231e+00 2.77153026e-01 2.49276255e-01
  4.36099907e+01 1.63382013e-01 1.26285911e+00 2.80026549e-01
  1.13845823e+00 7.70049387e-01 9.23068762e+00 2.08723411e-01
  8.87152066e+01 8.79112045e-01 5.47954604e+00 7.83505791e+00
  1.08440230e+00 9.34933551e+01 2.61980983e+02 1.37988438e+00
  1.98814656e-01 7.52831562e+01 5.94830093e-01 9.22395792e-01]
 [2.39886124e+01 8.21719364e+00 2.98745150e-01 1.30822286e-01
  9.99038049e-01 2.90703118e+00 3.67058429e+00 7.18932617e-01
  8.79057366e-01 1.19476644e+00 6.77193205e+00 1.10547218e+00
  4.80780256e+00 9.49114434e+01 7.10852927e+02 8.39970009e-01
  1.20623948e-01 2.17299244e+00 9.69123709e+00 2.53699090e+00
  6.31001204e+02 1.44442480e-01 1.99179731e-01 6.27630956e-01
  3.05653427e+01 3.98469173e+01 9.29302789e-01 4.14562256e-01
  1.02593610e+00 8.96593193e-01 5.77553029e-01 7.82041666e+01
  2.38716160e-01 1.46746807e+01 1.78439640e+00 6.18264115e+00
  8.61935742e-01 4.44355922e+02 3.23591833e-01 3.83516142e-01
  1.91797408e+00 2.68685270e+00 6.36203223e-01 9.58443702e-01
  3.94551192e-01 2.04149616e-01 1.63829811e+01 2.70039908e+00
  2.51543636e+00 4.32195739e-01 3.84271116e-01 6.40992919e+00
  2.06196411e-01 2.71323832e+00 1.51300356e+01 2.73800692e+00
  1.27293357e+01 6.91948321e-01 1.48584600e+01 2.33681887e+00
  1.13465179e+00 3.09768482e-01 2.86616115e-01 4.07848332e+00]
 [3.47655369e+01 6.20561859e-01 5.29127915e+00 1.56163714e-01
  1.63811050e-01 3.73715141e+00 3.99954175e+01 1.83040383e+00
  1.75688314e+00 2.58089852e-01 1.52477637e+00 1.62282479e+00
  4.60628089e-01 2.77508351e+02 7.24395129e-01 1.52408504e+00
  3.39707330e-01 1.62419224e+00 1.68755881e-01 5.61088809e-01
  1.05361603e-01 2.59011865e+02 4.40876419e+00 7.21414834e+01
  1.00124413e+00 1.17402048e-01 3.18036125e-01 6.56889452e+00
  2.40736423e-01 5.49876268e+00 6.63926862e+00 4.78312133e+01
  3.26239643e+02 9.17747402e-01 3.50774092e-01 2.15080880e-01
  2.93328509e+00 5.14442464e+00 1.25126236e+00 1.05791127e+01
  2.79484091e+00 8.46794575e+01 8.04306542e+00 3.94806301e+00
  1.02161534e+01 6.19555173e+00 7.84269424e-01 7.03719448e+01
  6.95650727e-01 1.25867373e+00 5.15824833e-01 3.29435078e-01
  7.06909460e-01 9.69266003e-01 5.78746000e+00 6.95649486e-01
  3.53439665e+00 7.80708067e-02 2.58798807e+00 7.93104105e-01
  3.70325947e+00 3.47270907e+00 8.12260458e-01 4.22184782e-01]
 [1.55796638e+01 7.23017482e+00 2.71805365e-01 1.23080757e+02
  5.35801037e+00 6.85043329e+02 8.78495762e-01 3.09751141e-01
  1.58568009e-01 4.75790709e+01 6.24896167e-01 1.70854572e+00
  1.53416465e+00 8.36630346e+00 2.57331040e+03 6.75511160e-01
  1.32802015e-01 1.51431206e-01 3.64260166e-01 8.98655853e-02
  2.77264109e+00 1.00451348e+00 6.52313634e-01 1.50647820e+00
  2.44837529e+01 7.07939295e+00 8.08702988e-01 1.47729613e+00
  1.74958124e+02 6.55343543e-01 1.15529469e+02 1.02277624e-01
  1.45202280e+00 3.67942371e+02 1.59658205e+00 4.79452590e-01
  6.57384470e+00 3.63593197e-01 7.53910437e-02 9.37582787e-01
  3.48413801e-01 2.18513600e-01 1.34720025e+00 7.13065199e+00
  1.53724240e-01 8.28524476e-01 9.63833792e+00 1.93231780e+01
  9.96836287e-02 9.46032979e-01 3.15184469e+01 1.56356770e+01
  8.54974918e-01 2.26654260e+00 8.75621674e-01 3.95936329e-01
  1.90037846e-01 4.78431723e+00 1.33207631e+01 8.09772135e-01
  3.83644669e+00 3.18524529e+00 2.26075898e-01 3.99438705e+00]]
