1
50
2023-11-17 15:43:34
100
2023-11-17 15:45:57
elapsed:  283.1  seconds
150
2023-11-17 15:48:25
200
2023-11-17 15:50:48
elapsed:  574.3  seconds
250
2023-11-17 15:53:10
300
2023-11-17 15:55:25
elapsed:  851.7  seconds
350
2023-11-17 15:57:51
400
2023-11-17 16:00:20
elapsed:  1146.2  seconds
450
2023-11-17 16:02:51
500
2023-11-17 16:05:18
elapsed:  1444.7  seconds
550
2023-11-17 16:07:47
600
2023-11-17 16:10:12
elapsed:  1738.0  seconds
650
2023-11-17 16:12:42
700
2023-11-17 16:15:11
elapsed:  2037.4  seconds
750
2023-11-17 16:17:43
800
2023-11-17 16:20:12
elapsed:  2338.1  seconds
850
2023-11-17 16:22:43
900
2023-11-17 16:25:11
elapsed:  2637.3  seconds
950
2023-11-17 16:27:40
1000
2023-11-17 16:30:04
elapsed:  2930.3  seconds
1050
2023-11-17 16:32:31
1100
2023-11-17 16:34:53
elapsed:  3219.3  seconds
1150
2023-11-17 16:37:22
1200
2023-11-17 16:39:47
elapsed:  3513.8  seconds
1250
2023-11-17 16:42:11
1300
2023-11-17 16:44:37
elapsed:  3803.5  seconds
1350
2023-11-17 16:47:04
1400
2023-11-17 16:49:33
elapsed:  4098.9  seconds
1450
2023-11-17 16:52:03
1500
2023-11-17 16:54:31
elapsed:  4397.3  seconds
1550
2023-11-17 16:57:00
1600
2023-11-17 16:59:27
elapsed:  4693.7  seconds
1650
2023-11-17 17:01:58
/projects/muyang@colostate.edu/software/anaconda/envs/alpine_MCMC/lib/python3.11/site-packages/numpy/lib/function_base.py:2412: RuntimeWarning: divide by zero encountered in func (vectorized)
  outputs = ufunc(*inputs)
/projects/muyang@colostate.edu/software/anaconda/envs/alpine_MCMC/lib/python3.11/site-packages/numpy/lib/function_base.py:2412: RuntimeWarning: invalid value encountered in func (vectorized)
  outputs = ufunc(*inputs)
1700
2023-11-17 17:04:27
elapsed:  4993.7  seconds
1750
2023-11-17 17:07:00
1800
2023-11-17 17:09:30
elapsed:  5295.8  seconds
1850
2023-11-17 17:12:00
1900
2023-11-17 17:14:28
elapsed:  5594.4  seconds
/projects/muyang@colostate.edu/software/anaconda/envs/alpine_MCMC/lib/python3.11/site-packages/numpy/lib/function_base.py:2412: RuntimeWarning: divide by zero encountered in func (vectorized)
  outputs = ufunc(*inputs)
/projects/muyang@colostate.edu/software/anaconda/envs/alpine_MCMC/lib/python3.11/site-packages/numpy/lib/function_base.py:2412: RuntimeWarning: invalid value encountered in func (vectorized)
  outputs = ufunc(*inputs)
1950
2023-11-17 17:16:58
2000
2023-11-17 17:19:24
elapsed:  5890.5  seconds
2050
2023-11-17 17:21:56
2100
2023-11-17 17:24:26
elapsed:  6192.0  seconds
2150
2023-11-17 17:26:58
2200
2023-11-17 17:29:31
elapsed:  6497.3  seconds
2250
2023-11-17 17:32:08
2300
2023-11-17 17:34:40
elapsed:  6806.3  seconds
2350
2023-11-17 17:37:11
2400
2023-11-17 17:39:36
elapsed:  7102.2  seconds
2450
2023-11-17 17:42:06
/projects/muyang@colostate.edu/software/anaconda/envs/alpine_MCMC/lib/python3.11/site-packages/numpy/lib/function_base.py:2412: RuntimeWarning: divide by zero encountered in func (vectorized)
  outputs = ufunc(*inputs)
/projects/muyang@colostate.edu/software/anaconda/envs/alpine_MCMC/lib/python3.11/site-packages/numpy/lib/function_base.py:2412: RuntimeWarning: invalid value encountered in func (vectorized)
  outputs = ufunc(*inputs)
2500
2023-11-17 17:44:33
elapsed:  7399.7  seconds
2550
2023-11-17 17:47:01
2600
2023-11-17 17:49:28
elapsed:  7693.9  seconds
/projects/muyang@colostate.edu/software/anaconda/envs/alpine_MCMC/lib/python3.11/site-packages/numpy/lib/function_base.py:2412: RuntimeWarning: divide by zero encountered in func (vectorized)
  outputs = ufunc(*inputs)
/projects/muyang@colostate.edu/software/anaconda/envs/alpine_MCMC/lib/python3.11/site-packages/numpy/lib/function_base.py:2412: RuntimeWarning: invalid value encountered in func (vectorized)
  outputs = ufunc(*inputs)
2650
2023-11-17 17:51:59
2700
2023-11-17 17:54:30
elapsed:  7996.1  seconds
2750
2023-11-17 17:57:06
2800
2023-11-17 17:59:36
elapsed:  8301.8  seconds
2850
2023-11-17 18:02:05
2900
2023-11-17 18:04:31
elapsed:  8597.6  seconds
2950
2023-11-17 18:07:00
3000
2023-11-17 18:09:27
elapsed:  8893.3  seconds
3050
2023-11-17 18:11:57
3100
2023-11-17 18:14:27
elapsed:  9193.2  seconds
/projects/muyang@colostate.edu/software/anaconda/envs/alpine_MCMC/lib/python3.11/site-packages/numpy/lib/function_base.py:2412: RuntimeWarning: divide by zero encountered in func (vectorized)
  outputs = ufunc(*inputs)
/projects/muyang@colostate.edu/software/anaconda/envs/alpine_MCMC/lib/python3.11/site-packages/numpy/lib/function_base.py:2412: RuntimeWarning: invalid value encountered in func (vectorized)
  outputs = ufunc(*inputs)
3150
2023-11-17 18:16:58
3200
2023-11-17 18:19:29
elapsed:  9495.3  seconds
3250
2023-11-17 18:22:01
3300
2023-11-17 18:24:28
elapsed:  9794.5  seconds
3350
2023-11-17 18:26:56
3400
2023-11-17 18:29:24
elapsed:  10090.0  seconds
3450
2023-11-17 18:31:52
/projects/muyang@colostate.edu/software/anaconda/envs/alpine_MCMC/lib/python3.11/site-packages/numpy/lib/function_base.py:2412: RuntimeWarning: divide by zero encountered in func (vectorized)
  outputs = ufunc(*inputs)
/projects/muyang@colostate.edu/software/anaconda/envs/alpine_MCMC/lib/python3.11/site-packages/numpy/lib/function_base.py:2412: RuntimeWarning: invalid value encountered in func (vectorized)
  outputs = ufunc(*inputs)
3500
2023-11-17 18:34:18
elapsed:  10384.1  seconds
/projects/muyang@colostate.edu/software/anaconda/envs/alpine_MCMC/lib/python3.11/site-packages/numpy/lib/function_base.py:2412: RuntimeWarning: divide by zero encountered in func (vectorized)
  outputs = ufunc(*inputs)
/projects/muyang@colostate.edu/software/anaconda/envs/alpine_MCMC/lib/python3.11/site-packages/numpy/lib/function_base.py:2412: RuntimeWarning: invalid value encountered in func (vectorized)
  outputs = ufunc(*inputs)
3550
2023-11-17 18:36:48
3600
2023-11-17 18:39:19
elapsed:  10685.3  seconds
3650
2023-11-17 18:41:51
3700
2023-11-17 18:44:22
elapsed:  10988.8  seconds
3750
2023-11-17 18:46:56
3800
2023-11-17 18:49:28
elapsed:  11294.1  seconds
3850
2023-11-17 18:51:57
3900
2023-11-17 18:54:24
elapsed:  11590.3  seconds
3950
2023-11-17 18:56:56
/projects/muyang@colostate.edu/software/anaconda/envs/alpine_MCMC/lib/python3.11/site-packages/numpy/lib/function_base.py:2412: RuntimeWarning: divide by zero encountered in func (vectorized)
  outputs = ufunc(*inputs)
/projects/muyang@colostate.edu/software/anaconda/envs/alpine_MCMC/lib/python3.11/site-packages/numpy/lib/function_base.py:2412: RuntimeWarning: invalid value encountered in func (vectorized)
  outputs = ufunc(*inputs)
4000
2023-11-17 18:59:26
elapsed:  11892.3  seconds
4050
2023-11-17 19:02:00
4100
2023-11-17 19:04:29
elapsed:  12195.4  seconds
4150
2023-11-17 19:07:00
4200
2023-11-17 19:09:24
elapsed:  12490.3  seconds
4250
2023-11-17 19:11:52
4300
2023-11-17 19:14:19
elapsed:  12785.5  seconds
4350
2023-11-17 19:16:47
4400
2023-11-17 19:19:13
elapsed:  13079.0  seconds
4450
2023-11-17 19:21:37
4500
2023-11-17 19:23:56
elapsed:  13362.3  seconds
4550
2023-11-17 19:26:20
4600
2023-11-17 19:28:46
elapsed:  13652.8  seconds
4650
2023-11-17 19:31:18
4700
2023-11-17 19:33:46
elapsed:  13952.7  seconds
4750
2023-11-17 19:36:15
4800
2023-11-17 19:38:42
elapsed:  14248.1  seconds
4850
2023-11-17 19:41:12
4900
2023-11-17 19:43:40
elapsed:  14546.5  seconds
4950
2023-11-17 19:46:14
5000
2023-11-17 19:48:44
elapsed:  14850.6  seconds
5050
2023-11-17 19:51:15
5100
2023-11-17 19:53:44
elapsed:  15150.8  seconds
/projects/muyang@colostate.edu/software/anaconda/envs/alpine_MCMC/lib/python3.11/site-packages/numpy/lib/function_base.py:2412: RuntimeWarning: divide by zero encountered in func (vectorized)
  outputs = ufunc(*inputs)
/projects/muyang@colostate.edu/software/anaconda/envs/alpine_MCMC/lib/python3.11/site-packages/numpy/lib/function_base.py:2412: RuntimeWarning: invalid value encountered in func (vectorized)
  outputs = ufunc(*inputs)
5150
2023-11-17 19:56:13
/projects/muyang@colostate.edu/software/anaconda/envs/alpine_MCMC/lib/python3.11/site-packages/numpy/lib/function_base.py:2412: RuntimeWarning: divide by zero encountered in func (vectorized)
  outputs = ufunc(*inputs)
/projects/muyang@colostate.edu/software/anaconda/envs/alpine_MCMC/lib/python3.11/site-packages/numpy/lib/function_base.py:2412: RuntimeWarning: invalid value encountered in func (vectorized)
  outputs = ufunc(*inputs)
5200
2023-11-17 19:58:42
elapsed:  15447.9  seconds
5250
2023-11-17 20:01:12
5300
2023-11-17 20:03:39
elapsed:  15745.2  seconds
5350
2023-11-17 20:06:09
5400
2023-11-17 20:08:36
elapsed:  16042.6  seconds
5450
2023-11-17 20:11:08
5500
2023-11-17 20:13:36
elapsed:  16342.3  seconds
5550
2023-11-17 20:16:07
/projects/muyang@colostate.edu/software/anaconda/envs/alpine_MCMC/lib/python3.11/site-packages/numpy/lib/function_base.py:2412: RuntimeWarning: divide by zero encountered in func (vectorized)
  outputs = ufunc(*inputs)
/projects/muyang@colostate.edu/software/anaconda/envs/alpine_MCMC/lib/python3.11/site-packages/numpy/lib/function_base.py:2412: RuntimeWarning: invalid value encountered in func (vectorized)
  outputs = ufunc(*inputs)
5600
2023-11-17 20:18:35
elapsed:  16641.7  seconds
5650
2023-11-17 20:21:08
5700
2023-11-17 20:23:38
elapsed:  16943.9  seconds
5750
2023-11-17 20:26:10
5800
2023-11-17 20:28:40
elapsed:  17246.4  seconds
5850
2023-11-17 20:31:13
5900
2023-11-17 20:33:44
elapsed:  17550.1  seconds
5950
2023-11-17 20:36:18
6000
2023-11-17 20:38:45
elapsed:  17851.5  seconds
6050
2023-11-17 20:41:18
6100
2023-11-17 20:43:46
elapsed:  18152.2  seconds
6150
2023-11-17 20:46:19
6200
2023-11-17 20:48:47
elapsed:  18453.2  seconds
6250
2023-11-17 20:51:22
6300
2023-11-17 20:53:51
elapsed:  18757.8  seconds
6350
2023-11-17 20:56:21
6400
2023-11-17 20:58:50
elapsed:  19056.3  seconds
6450
2023-11-17 21:01:22
6500
2023-11-17 21:03:51
elapsed:  19357.4  seconds
6550
2023-11-17 21:06:22
6600
2023-11-17 21:08:52
elapsed:  19657.9  seconds
6650
2023-11-17 21:11:20
6700
2023-11-17 21:13:48
elapsed:  19954.4  seconds
6750
2023-11-17 21:16:21
6800
2023-11-17 21:18:49
elapsed:  20255.5  seconds
6850
2023-11-17 21:21:21
6900
2023-11-17 21:23:51
elapsed:  20557.1  seconds
6950
2023-11-17 21:26:25
7000
2023-11-17 21:28:54
elapsed:  20860.5  seconds
7050
2023-11-17 21:31:25
7100
2023-11-17 21:33:50
elapsed:  21156.6  seconds
7150
2023-11-17 21:36:14
7200
2023-11-17 21:38:33
elapsed:  21439.4  seconds
7250
2023-11-17 21:41:00
7300
2023-11-17 21:43:25
elapsed:  21731.0  seconds
7350
2023-11-17 21:45:54
7400
2023-11-17 21:48:22
elapsed:  22028.4  seconds
7450
2023-11-17 21:50:53
7500
2023-11-17 21:53:17
elapsed:  22323.7  seconds
7550
2023-11-17 21:55:49
7600
2023-11-17 21:58:17
elapsed:  22623.2  seconds
7650
2023-11-17 22:00:47
7700
2023-11-17 22:03:14
elapsed:  22920.1  seconds
7750
2023-11-17 22:05:45
7800
2023-11-17 22:08:15
elapsed:  23221.3  seconds
7850
2023-11-17 22:10:44
7900
2023-11-17 22:13:08
elapsed:  23514.1  seconds
7950
2023-11-17 22:15:38
8000
2023-11-17 22:18:07
elapsed:  23813.2  seconds
8050
2023-11-17 22:20:35
8100
2023-11-17 22:23:04
elapsed:  24110.8  seconds
8150
2023-11-17 22:25:35
8200
2023-11-17 22:28:03
elapsed:  24408.8  seconds
8250
2023-11-17 22:30:34
8300
2023-11-17 22:33:04
elapsed:  24710.7  seconds
8350
2023-11-17 22:35:35
8400
2023-11-17 22:38:06
elapsed:  25012.2  seconds
8450
2023-11-17 22:40:38
8500
2023-11-17 22:43:04
elapsed:  25310.5  seconds
8550
2023-11-17 22:45:36
8600
2023-11-17 22:48:06
elapsed:  25612.0  seconds
8650
2023-11-17 22:50:38
8700
2023-11-17 22:53:08
elapsed:  25914.4  seconds
8750
2023-11-17 22:55:38
8800
2023-11-17 22:58:03
elapsed:  26209.5  seconds
8850
2023-11-17 23:00:30
8900
2023-11-17 23:02:52
elapsed:  26498.4  seconds
8950
2023-11-17 23:05:16
9000
2023-11-17 23:07:40
elapsed:  26786.4  seconds
9050
2023-11-17 23:10:06
9100
2023-11-17 23:12:29
elapsed:  27075.1  seconds
9150
2023-11-17 23:14:55
9200
2023-11-17 23:17:20
elapsed:  27365.8  seconds
9250
2023-11-17 23:19:49
9300
2023-11-17 23:22:13
elapsed:  27659.2  seconds
9350
2023-11-17 23:24:43
9400
2023-11-17 23:27:08
elapsed:  27954.2  seconds
9450
2023-11-17 23:29:34
9500
2023-11-17 23:32:01
elapsed:  28247.0  seconds
9550
2023-11-17 23:34:30
9600
2023-11-17 23:36:59
elapsed:  28545.7  seconds
9650
2023-11-17 23:39:30
9700
2023-11-17 23:41:54
elapsed:  28840.5  seconds
9750
2023-11-17 23:44:24
9800
2023-11-17 23:46:52
elapsed:  29138.0  seconds
9850
2023-11-17 23:49:22
9900
2023-11-17 23:51:46
elapsed:  29432.7  seconds
9950
2023-11-17 23:54:13
elapsed:  29723.7  seconds
total time:  29728.6  seconds
true R:  [[5.94660131e-01 2.36156944e+00 4.19186754e-01 1.55534585e-01
  4.38203746e-01 4.28702489e+01 3.93179409e-01 3.44311755e+00
  2.04702885e+00 1.60184667e-01 9.57440375e+00 9.42158584e+00
  2.00668439e+01 7.51844942e+01 8.83017450e+01 8.28970976e-01
  1.10901240e+00 1.67048506e+00 5.26473236e+02 7.66555263e-01
  1.56502745e+01 2.10520891e+00 5.50363595e-01 3.68922663e-01
  1.52440250e+01 3.32805289e-01 1.32650533e+01 1.26471529e+01
  1.00593399e+02 1.09610621e+00 8.50069645e-01 6.27764133e+00
  1.17004970e+00 4.82224339e+00 2.08712446e-01 9.17114175e-01
  2.81616865e-01 3.58243662e-01 5.49785970e+02 5.04947537e+00
  7.19201387e+00 1.17861219e+00 1.58836426e-01 2.32427480e-01
  1.14622503e+00 2.35387539e+01 6.71657703e-01 2.33264154e-01
  2.64970251e-01 1.34170706e+00 2.76158863e+00 5.36936742e-01
  3.82118922e-01 2.01861960e+00 2.33714030e+00 8.01050754e+00
  1.12985953e-01 2.04630208e+00 1.64932486e-01 8.56450693e-02
  1.88154411e-01 1.48638936e+01 2.47851157e+00 1.21779706e+01]
 [2.98236463e+01 5.54328235e-01 8.32725985e-02 1.40766962e+00
  1.25446666e-01 4.90834332e+00 3.92883771e-01 4.74352460e-01
  6.65421797e+00 3.33797912e-01 4.84407793e-01 2.19215720e+01
  1.00465025e-01 6.24915832e-01 4.70773608e-01 2.26450998e-01
  1.08701592e+00 1.65164412e+00 5.04416192e-01 1.93631149e+00
  3.34400752e-01 6.27643085e+00 6.58824399e-01 1.45048401e+00
  4.55472138e-01 3.44712461e-01 1.16804188e+00 1.49904693e-01
  1.07712362e+00 3.73454048e+00 3.85075610e-01 5.15745936e+00
  3.00645749e-01 7.83414408e-02 1.25367444e+00 2.78691067e+00
  4.97379388e-01 3.56833945e-01 4.86643650e-02 1.45773917e+01
  8.85595663e+00 6.02037189e+02 3.05360881e+00 2.73071641e-01
  4.39442513e-01 2.27827558e-01 1.07364468e+00 2.91852823e-01
  1.26242845e+00 1.14580249e+02 4.64034252e-01 1.10314618e+00
  2.16459717e-01 2.58449283e+00 4.78629755e+00 6.55157434e+00
  1.88033348e-01 2.88125743e-01 6.81790371e-01 4.41565546e-01
  7.35819793e+00 2.27324007e-01 1.25252116e+00 3.84018478e+01]
 [2.54487175e-01 3.95173635e-01 1.02269978e-01 1.20864388e+00
  5.11106819e-01 2.90610127e+01 2.47440833e+00 1.14005869e+01
  1.97339129e+00 7.99484892e-01 1.72592787e+00 2.99929498e-01
  7.28995316e-01 3.60687230e-01 1.36122112e+00 7.74186114e-01
  4.60120900e+00 3.43774482e-01 9.97108128e+00 2.25025701e-01
  9.07510438e-01 5.39747224e+00 1.18539973e+01 7.91779494e-01
  2.02189796e+01 4.28769888e+00 3.69306644e+00 7.18539152e+00
  1.87600550e+00 2.86042597e+00 8.16066501e-01 2.17431299e+00
  2.16370697e+00 1.61264924e-01 2.69167436e-01 3.62448593e-01
  2.00564440e+01 1.18558478e+02 1.03700553e-01 1.88453490e+00
  5.01701133e+00 1.11683822e+00 1.07663740e+02 1.39379245e-01
  3.96823224e-01 6.62920142e-02 6.78766682e+03 1.51514724e-01
  6.22104823e-01 8.10745750e-01 1.61064034e+00 5.19647539e+00
  3.07501743e-01 4.68273744e+01 8.93216413e+01 8.26904432e-01
  2.31028442e-01 1.19477714e+00 2.75859930e-01 2.13812378e+00
  1.69963579e-01 6.05025140e-01 8.74630836e-01 1.26399979e+01]
 [2.11447743e+01 1.19144628e+01 2.91312577e-01 7.99736473e+00
  2.41773167e+00 7.58447393e+00 2.18758673e+02 1.95764759e-01
  4.61614799e+00 1.39746569e+02 3.03729796e+00 2.18818767e-01
  1.25087702e+00 3.17721456e+01 1.06764028e+00 6.83042469e-01
  1.39443592e-01 5.50809120e+00 2.26709488e-01 2.28788576e-01
  3.13246996e+03 2.48930955e+00 1.80711549e+00 8.47256510e-01
  8.10538214e-01 1.51778385e+00 3.03712084e+00 3.17725613e+01
  5.05532534e-01 4.63199734e+00 6.56891579e-01 1.01593183e+00
  7.88212263e-01 9.40843073e+01 3.26743336e-01 1.32521968e+00
  1.61163462e-01 6.47277595e-02 4.07621632e-01 7.86254914e-01
  6.10683901e-01 2.73980716e+01 7.32820511e+00 8.53281937e-01
  2.39284956e+00 2.13201714e-01 1.62855420e+00 5.49520833e-01
  6.37347506e-02 8.12244850e-01 2.44465294e+00 2.03181214e+01
  3.38779172e+00 5.92780327e-01 4.65057545e+00 1.43063142e+00
  6.93045425e+00 8.81768333e+00 2.65265829e+00 3.76041827e+00
  8.86870736e+00 3.55798061e-01 1.06317661e+00 2.00321870e-01]
 [1.73243793e+00 1.55545712e-01 4.55217579e-01 9.94988000e-01
  3.77482773e-01 5.49771672e-01 1.16846367e-01 4.76658806e+00
  1.62511023e+00 9.08208966e-01 1.18283195e+01 2.13282891e+00
  4.06102526e+01 1.21695656e+01 1.08886314e+02 1.08512444e+01
  5.87702293e-01 1.67987480e+00 4.00172946e-01 4.59849357e-01
  1.68484056e+00 3.57680104e+00 1.48664879e+00 2.23383408e-01
  1.59723296e+00 8.93034771e-01 5.48303196e+00 2.36604229e+00
  2.25812851e+01 4.64559092e-01 9.54554513e+00 3.63640450e+00
  8.23750968e-02 1.48640733e+01 2.06513631e-01 5.26332344e+00
  5.04926597e-01 4.26514786e+00 4.85841172e-01 7.50471335e-01
  5.27724105e-01 1.58024776e+01 2.86192309e-01 1.26080948e+01
  1.74293205e+00 3.74612236e-01 1.20817410e+01 8.80634279e-01
  8.54940760e-01 4.25757799e-01 8.37064760e-01 5.89399393e+01
  5.04873878e-01 2.79942767e+00 4.64403501e-01 1.17212518e+00
  2.02853862e+01 5.61827513e+00 1.20542865e+01 1.89049284e+01
  3.89049716e-01 9.92522106e-02 1.05589055e+00 1.14641394e+01]
 [1.21876265e+01 4.21108451e-01 9.82739156e-02 3.79970627e-01
  1.57242242e-01 1.17400021e+00 9.85279959e+00 8.83710153e+00
  7.85024827e+00 6.67782252e-01 9.02907624e+00 4.67403884e+00
  9.30138783e-01 7.84920214e-01 3.44881842e+00 2.30727625e+00
  5.97986782e+00 4.11622160e-01 1.46356376e+00 4.88199335e-01
  6.86512097e-01 7.28852647e-01 4.72307164e-01 1.65887400e+00
  1.98736138e-01 2.26970531e-01 2.24159501e+00 9.65260248e-01
  2.68028862e+01 1.63350335e-01 2.73905599e+00 9.08913023e-01
  1.09540269e+02 1.88411620e+00 3.60257011e-01 1.18338168e-01
  3.17829085e+02 7.43151216e-01 1.93379630e+01 1.45865150e+00
  2.17433449e-01 1.57837844e+00 5.02228299e+00 7.51869700e-01
  1.12315392e+00 3.24932740e+01 2.54556234e+00 5.12252907e+00
  5.67456742e-01 1.38719697e+00 1.49344967e+02 9.15164204e-02
  1.10256499e-01 1.91777864e-01 1.66277136e-01 8.81586115e+00
  1.32989076e+00 7.98436289e-01 8.92252434e-01 2.53733297e-01
  2.71416499e+00 4.67934784e+01 5.65267900e-01 9.13704059e-01]
 [1.06956794e+00 7.93659982e-01 1.62480885e+00 1.18361315e+00
  2.11231560e+00 2.15507917e-01 1.23145951e+00 2.42097174e-01
  6.93543991e-01 3.22088444e-01 1.09724040e+00 5.51564524e+00
  5.69053150e-01 5.88354532e+02 5.97476529e-01 1.22375679e-01
  1.36864839e+00 2.02367416e+00 5.72708171e-01 6.43816132e-01
  7.33650296e+00 6.91379821e-01 7.58790776e+00 1.06645586e+00
  8.30099347e+00 1.40734673e+01 3.36694787e+00 5.64163119e-01
  3.88988025e-01 5.49735098e-01 1.90580975e+01 7.75119183e-01
  3.08092193e-01 3.14760016e-01 3.24431327e+00 1.26322281e+00
  4.30661927e-01 3.47412488e-01 3.33292446e+01 1.03728916e+00
  1.60813866e+00 6.06892903e-01 2.05328185e-01 1.02006850e-01
  1.04483071e+00 1.13658609e+00 4.94106107e-01 7.51051929e+00
  1.80933855e+00 1.58499944e+00 2.73674376e+00 2.04337677e-01
  1.69246077e+00 1.29520825e-01 1.74429333e+01 3.12151194e-01
  6.74319223e+00 2.94693404e-01 1.40071172e+01 1.35775738e-01
  6.22133138e-01 1.72340706e-01 3.24417661e+00 7.82340180e+00]
 [1.16418272e+00 9.28449136e-01 7.25764072e-01 2.76734141e+01
  2.77454146e-01 3.35073137e-01 2.80560412e-01 3.08736789e+01
  1.08925824e+00 1.32937818e+00 7.47761936e+00 1.78640828e-01
  1.21277505e+00 2.68839743e+00 2.61467277e-01 7.86716468e-01
  8.45458717e-01 5.74388455e-01 4.27813899e-01 4.09935107e+00
  4.88697373e+00 2.05158922e-01 2.28330111e+01 1.68165198e+02
  6.04193169e-01 2.43878364e+00 8.58877406e+00 2.41273759e+00
  7.02439123e+00 6.48514575e-02 4.60480208e-01 4.43729897e+00
  6.89562085e-02 5.72297900e+01 6.37349600e-01 1.30758545e+02
  1.20192268e+01 6.07083506e-01 1.67691316e+00 7.71667559e-01
  1.87659836e+00 3.45451821e-01 9.58970288e-01 7.28579957e-01
  3.64197958e+00 2.30645398e-01 3.72579932e+00 1.70894450e-01
  1.55202592e+01 2.47514890e-01 6.38341880e+02 5.02307610e-01
  1.00437111e+00 9.55039064e+00 1.63865346e+00 2.97912068e-01
  3.10851948e+00 2.44804173e-01 1.42095980e-01 3.89764363e-01
  2.95762716e+00 2.22317801e+00 9.64385062e-02 2.57761732e+01]
 [3.59527132e+00 7.26478487e-01 2.77007926e-01 5.71627138e+01
  1.81800716e-01 5.64501359e-01 2.53859021e+00 7.74003457e-02
  9.15738464e-01 1.55656827e-01 9.55093871e+00 5.45181295e+00
  7.09817269e-01 1.69558948e+00 3.82215353e-01 2.40749499e+00
  1.25905744e-01 2.65460306e+01 5.87862681e+02 1.01901683e+00
  2.15365090e+00 5.55313416e+00 1.96103028e+00 7.55811523e-01
  5.35694568e-01 4.33239379e+01 1.68558131e-01 1.19211255e-01
  8.41805678e-01 1.05012088e+00 6.17957660e+00 2.56321494e+00
  2.17347687e+01 1.30852250e+00 6.95369931e-01 4.97671933e+00
  1.49082426e+03 2.41553181e-01 1.19330454e+00 4.87236460e+00
  1.66196989e-01 9.85040869e-01 1.43927129e-01 3.05761602e+01
  5.21098263e-01 4.47227245e+00 6.84813264e-01 2.35267949e+00
  2.12637676e+00 2.86695042e-01 4.91465840e-01 1.10616301e+00
  1.13993879e-01 1.41352554e-01 8.34660456e-01 6.80723632e-01
  3.37771002e-01 1.08815070e+00 1.15429491e+01 2.10256795e-01
  2.46904272e-01 2.18268899e+00 6.74021837e-01 1.16203863e+00]
 [5.48431966e-01 3.63363633e-01 3.30669297e+00 6.49660739e-01
  8.02313517e-01 1.40663444e+01 1.38170788e+00 2.34038867e+01
  8.97787129e-02 2.80619864e+01 2.08818340e+00 6.74047017e-01
  3.32401808e+01 5.24670498e+00 6.51111017e-01 8.32783051e-01
  6.62227864e+01 4.43382910e+00 1.28122759e-01 2.33097768e+00
  1.41168695e+00 3.39678650e+00 5.79437346e+01 7.63974157e-01
  3.82082302e+00 3.29514560e-01 8.53552336e-01 7.27564854e-01
  4.14504448e-01 3.74489562e+00 1.00876106e+00 5.47390743e-01
  5.75424166e-01 8.13608795e+01 6.30112209e+00 7.70896051e-01
  9.07525734e+01 1.71681484e-01 1.02437282e+00 1.94445875e-01
  2.39813234e+01 7.39523477e-01 1.12790982e-01 3.79468595e-01
  1.75502961e+00 1.21621356e+00 1.47423593e-01 2.69402366e-01
  1.28294815e+00 1.32831303e+00 5.36136270e-01 1.37613699e+01
  8.13747987e+01 1.84952767e+01 2.89540511e-01 2.23334674e+00
  6.08292942e-01 4.04300125e+00 4.96759220e-01 2.88463615e+01
  3.29103018e+03 3.78946259e-01 1.04548449e+00 1.70930770e-01]]
