--------------------------------------------------------------------------
No OpenFabrics connection schemes reported that they were able to be
used on a specific port.  As such, the openib BTL (OpenFabrics
support) will be disabled for this port.

  Local host:           c3cpu-a2-u11-3
  Local device:         mlx5_0
  Local port:           1
  CPCs attempted:       rdmacm, udcm
--------------------------------------------------------------------------
[c3cpu-a2-u11-3.rc.int.colorado.edu:3956596] 63 more processes have sent help message help-mpi-btl-openib-cpc-base.txt / no cpcs for port
[c3cpu-a2-u11-3.rc.int.colorado.edu:3956596] Set MCA parameter "orte_base_help_aggregate" to 0 to see all help / error messages
1
50
2023-11-17 15:47:08
100
2023-11-17 15:49:11
elapsed:  245.2  seconds
150
2023-11-17 15:51:21
200
2023-11-17 15:53:28
elapsed:  501.6  seconds
250
2023-11-17 15:55:39
300
2023-11-17 15:57:48
elapsed:  762.5  seconds
350
2023-11-17 16:00:01
400
2023-11-17 16:02:13
elapsed:  1027.4  seconds
450
2023-11-17 16:04:26
500
2023-11-17 16:06:36
elapsed:  1290.3  seconds
550
2023-11-17 16:08:48
600
2023-11-17 16:10:59
elapsed:  1553.2  seconds
650
2023-11-17 16:13:11
700
2023-11-17 16:15:22
elapsed:  1816.4  seconds
750
2023-11-17 16:17:35
800
2023-11-17 16:19:46
elapsed:  2079.9  seconds
850
2023-11-17 16:21:57
900
2023-11-17 16:24:07
elapsed:  2341.2  seconds
950
2023-11-17 16:26:18
1000
2023-11-17 16:28:26
elapsed:  2600.4  seconds
1050
2023-11-17 16:30:37
1100
2023-11-17 16:32:46
elapsed:  2860.2  seconds
1150
2023-11-17 16:34:58
1200
2023-11-17 16:37:09
elapsed:  3122.6  seconds
1250
2023-11-17 16:39:21
1300
2023-11-17 16:41:30
elapsed:  3384.4  seconds
1350
2023-11-17 16:43:43
1400
2023-11-17 16:45:55
elapsed:  3649.4  seconds
1450
2023-11-17 16:48:07
1500
2023-11-17 16:50:21
elapsed:  3915.3  seconds
1550
2023-11-17 16:52:36
1600
2023-11-17 16:54:48
elapsed:  4181.6  seconds
1650
2023-11-17 16:57:02
1700
2023-11-17 16:59:16
elapsed:  4450.1  seconds
1750
2023-11-17 17:01:33
1800
2023-11-17 17:03:45
elapsed:  4718.7  seconds
1850
2023-11-17 17:05:57
1900
2023-11-17 17:08:07
elapsed:  4981.2  seconds
1950
2023-11-17 17:10:19
2000
2023-11-17 17:12:29
elapsed:  5243.3  seconds
2050
2023-11-17 17:14:43
2100
2023-11-17 17:16:55
elapsed:  5508.6  seconds
2150
2023-11-17 17:19:06
2200
2023-11-17 17:21:17
elapsed:  5771.4  seconds
2250
2023-11-17 17:23:28
2300
2023-11-17 17:25:37
elapsed:  6031.0  seconds
2350
2023-11-17 17:27:48
2400
2023-11-17 17:29:57
elapsed:  6291.0  seconds
2450
2023-11-17 17:32:07
2500
2023-11-17 17:34:17
elapsed:  6551.1  seconds
2550
2023-11-17 17:36:27
2600
2023-11-17 17:38:37
elapsed:  6811.0  seconds
2650
2023-11-17 17:40:50
2700
2023-11-17 17:43:01
elapsed:  7075.3  seconds
2750
2023-11-17 17:45:14
2800
2023-11-17 17:47:24
elapsed:  7338.0  seconds
2850
2023-11-17 17:49:36
2900
2023-11-17 17:51:45
elapsed:  7599.4  seconds
2950
2023-11-17 17:53:58
3000
2023-11-17 17:56:09
elapsed:  7862.5  seconds
3050
2023-11-17 17:58:20
3100
2023-11-17 18:00:32
elapsed:  8125.9  seconds
3150
2023-11-17 18:02:44
3200
2023-11-17 18:04:55
elapsed:  8388.8  seconds
3250
2023-11-17 18:07:09
3300
2023-11-17 18:09:21
elapsed:  8654.9  seconds
3350
2023-11-17 18:11:33
3400
2023-11-17 18:13:43
elapsed:  8917.1  seconds
3450
2023-11-17 18:15:55
3500
2023-11-17 18:18:07
elapsed:  9180.8  seconds
3550
2023-11-17 18:20:20
3600
2023-11-17 18:22:31
elapsed:  9444.6  seconds
3650
2023-11-17 18:24:43
3700
2023-11-17 18:26:55
elapsed:  9708.6  seconds
3750
2023-11-17 18:29:07
3800
2023-11-17 18:31:20
elapsed:  9973.8  seconds
3850
2023-11-17 18:33:32
3900
2023-11-17 18:35:43
elapsed:  10236.5  seconds
3950
2023-11-17 18:37:54
4000
2023-11-17 18:40:05
elapsed:  10498.7  seconds
4050
2023-11-17 18:42:17
4100
2023-11-17 18:44:27
elapsed:  10760.9  seconds
4150
2023-11-17 18:46:37
4200
2023-11-17 18:48:46
elapsed:  11019.8  seconds
4250
2023-11-17 18:50:59
4300
2023-11-17 18:53:07
elapsed:  11281.4  seconds
4350
2023-11-17 18:55:16
4400
2023-11-17 18:57:23
elapsed:  11537.0  seconds
4450
2023-11-17 18:59:30
4500
2023-11-17 19:01:37
elapsed:  11791.3  seconds
4550
2023-11-17 19:03:48
4600
2023-11-17 19:05:59
elapsed:  12052.7  seconds
4650
2023-11-17 19:08:10
4700
2023-11-17 19:10:20
elapsed:  12314.0  seconds
4750
2023-11-17 19:12:31
4800
2023-11-17 19:14:42
elapsed:  12576.1  seconds
4850
2023-11-17 19:16:55
4900
2023-11-17 19:19:06
elapsed:  12840.1  seconds
4950
2023-11-17 19:21:19
5000
2023-11-17 19:23:29
elapsed:  13102.7  seconds
5050
2023-11-17 19:25:39
5100
2023-11-17 19:27:50
elapsed:  13364.1  seconds
5150
2023-11-17 19:30:01
5200
2023-11-17 19:32:10
elapsed:  13624.5  seconds
5250
2023-11-17 19:34:20
5300
2023-11-17 19:36:27
elapsed:  13881.3  seconds
5350
2023-11-17 19:38:34
5400
2023-11-17 19:40:41
elapsed:  14134.7  seconds
5450
2023-11-17 19:42:51
5500
2023-11-17 19:45:00
elapsed:  14393.9  seconds
5550
2023-11-17 19:47:11
5600
2023-11-17 19:49:20
elapsed:  14654.1  seconds
5650
2023-11-17 19:51:31
5700
2023-11-17 19:53:39
elapsed:  14913.4  seconds
5750
2023-11-17 19:55:51
5800
2023-11-17 19:57:59
elapsed:  15172.9  seconds
5850
2023-11-17 20:00:09
5900
2023-11-17 20:02:18
elapsed:  15432.1  seconds
5950
2023-11-17 20:04:28
6000
2023-11-17 20:06:36
elapsed:  15690.0  seconds
6050
2023-11-17 20:08:47
6100
2023-11-17 20:10:56
elapsed:  15949.9  seconds
6150
2023-11-17 20:13:08
6200
2023-11-17 20:15:18
elapsed:  16212.1  seconds
6250
2023-11-17 20:17:28
6300
2023-11-17 20:19:35
elapsed:  16469.1  seconds
6350
2023-11-17 20:21:47
6400
2023-11-17 20:23:56
elapsed:  16730.2  seconds
6450
2023-11-17 20:26:07
6500
2023-11-17 20:28:17
elapsed:  16991.4  seconds
6550
2023-11-17 20:30:29
6600
2023-11-17 20:32:37
elapsed:  17250.7  seconds
6650
2023-11-17 20:34:45
6700
2023-11-17 20:36:54
elapsed:  17508.0  seconds
6750
2023-11-17 20:39:06
6800
2023-11-17 20:41:16
elapsed:  17770.4  seconds
6850
2023-11-17 20:43:28
6900
2023-11-17 20:45:38
elapsed:  18031.5  seconds
6950
2023-11-17 20:47:50
7000
2023-11-17 20:50:00
elapsed:  18293.8  seconds
7050
2023-11-17 20:52:11
7100
2023-11-17 20:54:19
elapsed:  18553.1  seconds
7150
2023-11-17 20:56:28
7200
2023-11-17 20:58:34
elapsed:  18808.4  seconds
7250
2023-11-17 21:00:43
7300
2023-11-17 21:02:49
elapsed:  19062.9  seconds
7350
2023-11-17 21:05:00
7400
2023-11-17 21:07:10
elapsed:  19324.3  seconds
7450
2023-11-17 21:09:21
7500
2023-11-17 21:11:32
elapsed:  19586.2  seconds
7550
2023-11-17 21:13:45
7600
2023-11-17 21:15:53
elapsed:  19846.9  seconds
7650
2023-11-17 21:18:03
7700
2023-11-17 21:20:12
elapsed:  20106.3  seconds
7750
2023-11-17 21:22:23
7800
2023-11-17 21:24:32
elapsed:  20366.2  seconds
7850
2023-11-17 21:26:43
7900
2023-11-17 21:28:51
elapsed:  20625.3  seconds
/projects/muyang@colostate.edu/software/anaconda/envs/alpine_MCMC/lib/python3.11/site-packages/numpy/lib/function_base.py:2412: RuntimeWarning: divide by zero encountered in func (vectorized)
  outputs = ufunc(*inputs)
/projects/muyang@colostate.edu/software/anaconda/envs/alpine_MCMC/lib/python3.11/site-packages/numpy/lib/function_base.py:2412: RuntimeWarning: invalid value encountered in func (vectorized)
  outputs = ufunc(*inputs)
7950
2023-11-17 21:31:04
8000
2023-11-17 21:33:14
elapsed:  20887.9  seconds
8050
2023-11-17 21:35:25
8100
2023-11-17 21:37:35
elapsed:  21149.3  seconds
8150
2023-11-17 21:39:48
8200
2023-11-17 21:41:59
elapsed:  21413.0  seconds
/projects/muyang@colostate.edu/software/anaconda/envs/alpine_MCMC/lib/python3.11/site-packages/numpy/lib/function_base.py:2412: RuntimeWarning: divide by zero encountered in func (vectorized)
  outputs = ufunc(*inputs)
/projects/muyang@colostate.edu/software/anaconda/envs/alpine_MCMC/lib/python3.11/site-packages/numpy/lib/function_base.py:2412: RuntimeWarning: invalid value encountered in func (vectorized)
  outputs = ufunc(*inputs)
8250
2023-11-17 21:44:11
8300
2023-11-17 21:46:22
elapsed:  21676.3  seconds
8350
2023-11-17 21:48:33
8400
2023-11-17 21:50:43
elapsed:  21936.8  seconds
8450
2023-11-17 21:52:56
8500
2023-11-17 21:55:03
elapsed:  22197.1  seconds
8550
2023-11-17 21:57:14
8600
2023-11-17 21:59:25
elapsed:  22458.5  seconds
8650
2023-11-17 22:01:38
8700
2023-11-17 22:03:49
elapsed:  22723.4  seconds
8750
2023-11-17 22:05:59
8800
2023-11-17 22:08:09
elapsed:  22983.3  seconds
8850
2023-11-17 22:10:23
8900
2023-11-17 22:12:33
elapsed:  23246.6  seconds
8950
2023-11-17 22:14:43
9000
2023-11-17 22:16:53
elapsed:  23507.3  seconds
9050
2023-11-17 22:19:06
9100
2023-11-17 22:21:18
elapsed:  23771.8  seconds
9150
2023-11-17 22:23:30
9200
2023-11-17 22:25:40
elapsed:  24034.3  seconds
9250
2023-11-17 22:27:50
9300
2023-11-17 22:30:00
elapsed:  24294.0  seconds
9350
2023-11-17 22:32:12
9400
2023-11-17 22:34:22
elapsed:  24555.9  seconds
9450
2023-11-17 22:36:34
9500
2023-11-17 22:38:46
elapsed:  24819.6  seconds
/projects/muyang@colostate.edu/software/anaconda/envs/alpine_MCMC/lib/python3.11/site-packages/numpy/lib/function_base.py:2412: RuntimeWarning: divide by zero encountered in func (vectorized)
  outputs = ufunc(*inputs)
/projects/muyang@colostate.edu/software/anaconda/envs/alpine_MCMC/lib/python3.11/site-packages/numpy/lib/function_base.py:2412: RuntimeWarning: invalid value encountered in func (vectorized)
  outputs = ufunc(*inputs)
9550
2023-11-17 22:41:00
9600
2023-11-17 22:43:14
elapsed:  25088.2  seconds
9650
2023-11-17 22:45:28
9700
2023-11-17 22:47:37
elapsed:  25351.3  seconds
9750
2023-11-17 22:49:51
9800
2023-11-17 22:52:03
elapsed:  25616.7  seconds
9850
2023-11-17 22:54:14
9900
2023-11-17 22:56:25
elapsed:  25878.8  seconds
9950
2023-11-17 22:58:37
elapsed:  26140.0  seconds
total time:  26144.1  seconds
true R:  [[4.65838174e-01 3.23573590e+00 2.08773281e+00 6.53562885e+00
  2.22465374e+00 3.55316167e-01 3.26978345e-01 2.07505447e+00
  4.45805216e+00 2.25780660e-01 1.49165838e+00 3.58638905e-01
  1.05084814e+00 2.80293143e+00 5.12126906e+04 2.56340708e+01
  4.52782637e-01 5.65054976e+00 3.36903455e-01 9.14611776e-02
  2.24601977e-01 5.30651866e-01 6.51281750e-01 6.81708038e-01
  2.00797569e-01 3.86840156e-01 1.30746802e-01 2.35899385e-01
  4.31265098e+00 1.57841169e+01 1.09724710e+00 1.44553620e+00
  1.27346714e+00 1.31507998e-01 5.31091241e+02 3.64750685e+00
  6.08140823e+00 1.82595263e+00 8.65249244e+00 5.03632285e-01
  8.14730755e+01 5.78017271e+00 1.11610046e+00 9.87027073e-02
  1.01922825e+00 4.25367957e+01 2.15738423e+01 9.64647915e-02
  2.08311481e+00 7.19176835e+00 1.35678174e-01 1.48072088e+00
  1.98892025e+00 2.10937619e-01 8.93684060e-01 3.87689478e+00
  2.04641789e-01 1.09095447e+00 4.39100826e-01 1.67184868e+00
  5.56715347e+00 1.09867882e+01 1.02979790e+00 6.72449508e+00]
 [4.91974229e-01 4.16331418e+00 4.81994664e-01 8.38727561e-01
  7.26241443e-01 4.39815710e-01 2.35917509e-01 7.87439512e-02
  8.33702296e-01 7.21704969e+00 8.78023275e-01 5.48914769e-01
  9.15225631e-01 1.97287694e-01 1.45701525e+00 5.08110508e-01
  1.44155773e-01 3.54393940e+00 1.87830849e-01 7.30912985e+01
  2.83093031e+01 1.72619975e+02 5.04343428e-01 9.51766264e-01
  3.18182564e+01 3.02308416e+00 1.77750496e+00 1.54632948e+01
  3.53064528e-01 2.10162484e+00 1.03753102e+00 7.30523329e-01
  2.83076911e+01 4.45811343e-01 2.62129010e-01 1.91176517e-01
  7.35427426e-01 8.42375579e+02 1.24162498e+00 1.79885229e+00
  1.40214008e+00 1.18317077e+01 1.26084232e+00 1.09129943e-01
  6.79143172e-01 2.88684010e-01 1.26371289e-01 7.45367754e-01
  5.93285517e+01 9.64083811e+00 2.14285441e-01 1.34394142e+00
  7.27157710e+00 2.13583753e-01 2.72316267e-01 5.88941947e-01
  2.52060106e-01 2.43260246e-01 2.63805296e+00 2.05777344e-01
  4.57882152e-01 2.71068586e-01 1.27281230e-01 4.56878694e-01]
 [1.74398582e+00 4.79535583e+00 1.25674343e-01 1.40013530e+01
  1.07994084e+00 2.00672679e+02 2.87089798e+00 4.92105978e-01
  1.69339223e-01 2.27769699e+00 3.31157489e+04 3.54121767e+00
  1.04529238e+00 8.10751954e-01 2.03568167e+00 2.23153255e+00
  2.58896870e+00 1.46157378e+00 2.87986296e+00 1.02138195e+02
  4.07445327e+00 1.97257482e+00 1.52638999e-01 8.19331532e-01
  2.40324825e-01 2.90638385e+00 1.27418083e+03 2.50257523e-01
  2.21960273e+00 1.24143162e+00 9.39677842e+01 6.26044838e-01
  4.27197816e+00 5.14418896e-01 8.30802331e+00 1.81556662e+00
  1.07975469e+00 2.22416708e+00 4.64893176e+00 1.52956154e+00
  1.43684476e+00 1.27458375e-01 9.25055667e-02 5.52646016e+01
  1.76384235e+00 5.54607627e-01 1.27662751e+00 3.70091836e+04
  2.01284088e-01 4.74077458e-01 4.39574433e-01 8.73079175e-01
  7.45797832e+00 2.01281884e+00 2.48171668e+01 3.40341226e-01
  2.39505282e+00 1.93953645e-01 1.98284428e-01 2.90022065e-01
  4.33448695e-01 2.33875195e-01 2.18899944e-01 4.44675175e+00]
 [8.28599509e-01 1.58387822e+00 1.78991348e+01 8.85434837e-02
  1.17559711e+00 4.84879524e-01 3.53244237e-01 3.20279675e+01
  1.82187894e+00 2.93217052e-01 6.08910284e+00 5.57944790e-01
  1.00301712e+01 9.45540744e-02 4.97535834e+00 6.89065762e-02
  1.45342576e+00 1.56357936e+00 4.31578856e-01 7.26276218e-01
  4.83808768e-01 7.32741137e+00 4.13040756e+01 8.07488072e-02
  1.55618331e+00 2.12391010e+00 1.46685921e-01 4.07532923e+01
  8.90947729e-01 3.73000007e-01 4.61543238e-01 2.80785057e-01
  4.17157557e-01 1.42480327e-01 1.17342164e+02 2.03331773e-01
  1.57670009e+00 1.09421811e-01 1.53540809e+00 1.17753845e-01
  4.00704832e+02 2.32639419e+00 2.44137043e+00 2.60617110e+00
  3.03659059e+00 6.64793391e-01 1.51477994e-01 1.65543642e-01
  1.55965832e+00 4.40870538e-01 9.60740501e+00 9.47379862e+01
  1.82779333e+00 6.26071611e+01 2.34815650e-01 2.09238811e+01
  3.05921972e+00 7.85686088e+00 1.54000105e-01 3.20226225e+00
  1.75424933e+01 6.64480455e-01 1.76408262e+01 3.25287905e+00]
 [7.18891986e+00 2.29026353e-01 1.86600884e+03 3.84066260e-01
  2.17056849e-01 1.59694137e-01 1.60491176e+02 2.14932980e+01
  8.23083149e-01 2.38383339e+01 6.87184137e-01 1.14653536e+00
  2.04634122e-01 2.11924056e+00 1.45393312e+00 8.27561503e-01
  1.53365503e+00 1.51517512e-01 2.20934419e+00 3.19105275e-01
  1.13163037e+00 1.09630799e+00 9.82851205e-01 5.22922311e+02
  2.77951670e-01 2.01039284e+00 2.39910798e-01 1.05478381e+01
  3.77287637e+00 1.14030028e+00 4.07228420e+02 2.78228674e+01
  6.11561905e+00 1.87461941e+01 9.97721671e+01 3.02958914e+00
  1.66461330e-01 1.31464188e+01 4.44082383e+00 7.10638784e+00
  5.64213273e+00 6.93109198e-01 9.37163281e+01 5.86886697e-01
  5.57632773e-01 7.91328257e-01 2.90774931e-01 5.76972424e-01
  7.15643029e+00 3.09746571e+00 1.73462103e+02 1.28682529e+01
  2.36693679e+01 9.08197431e-01 2.18084158e+03 5.34398884e+01
  3.46678695e+00 1.10337609e-01 8.78930660e-01 6.72836199e-01
  2.89781969e-01 1.17331068e+00 5.44324460e-01 8.18036523e+00]
 [2.36694763e+00 3.39502190e+01 3.84468415e-01 1.05753693e+00
  2.15583910e-01 1.57377186e+00 3.23738302e-01 4.44239990e-01
  1.64067955e+00 1.44569785e-01 4.11191148e+01 2.67871937e-01
  1.46886118e-01 1.32027958e+00 1.09983583e+01 4.14339713e-01
  2.33514381e-01 5.25556502e+01 2.98160802e+00 1.95620346e+00
  6.96054872e-01 1.35805564e+01 1.72490010e-01 9.42079837e-01
  2.05554179e+00 1.96433531e+00 5.39215263e-01 2.41189692e+00
  9.13980210e+00 1.88979753e-01 1.76030082e-01 2.23674538e+00
  2.75178142e-01 1.89025653e+00 1.30701059e-01 7.61193867e-01
  4.10756669e+00 5.58669152e-01 2.41028355e+00 4.96977377e-01
  4.63506394e-01 8.48835880e-01 9.00254573e+00 7.00792111e-01
  4.95864430e-01 1.57990097e+01 1.80065695e+01 1.08119194e+00
  8.09316338e-01 1.70097415e-01 4.86296655e+00 1.17803170e+00
  3.00861830e+01 8.48607448e-02 1.44764999e+00 2.04748505e-01
  4.34368516e-01 3.59032740e-01 3.48268492e+00 4.42396389e-01
  2.62640392e+00 3.81292027e+00 1.01581253e-01 2.21512872e-01]
 [4.55125103e+01 1.44259919e-01 1.65110528e-01 5.90369340e-01
  2.41331899e+00 3.46686677e-01 7.42391863e-01 1.33557854e+01
  5.35106449e+00 3.14600391e+00 2.51927611e-01 1.13239828e+01
  5.45632404e-01 1.54552643e+02 1.97554204e+02 3.18804995e+00
  5.10991814e-01 4.42853332e-01 1.11494662e+01 1.46222758e-01
  6.75174111e-01 8.16644367e-02 4.15034468e+00 3.14736605e+02
  1.46480351e-01 2.70163567e+00 4.00438483e-01 2.54553681e+01
  9.53235108e-01 3.61958471e+00 3.73446550e-01 5.22816713e+00
  2.62612533e-01 2.38566704e-01 8.43715474e+02 1.40889017e-01
  8.36674461e-01 5.94887557e+01 1.53870178e+00 5.80229427e-01
  1.45895683e+00 3.45460786e-01 1.04816597e+00 2.03903871e-01
  1.78192728e+03 8.73484358e-02 1.53064833e+00 9.58086748e-01
  1.70789659e-01 7.17101762e-01 6.11138284e-02 2.18693912e+00
  1.08783473e+01 5.41550989e-01 1.86222984e-01 1.12462963e+01
  2.04224647e+00 3.50622430e-01 1.70903353e+00 5.61643552e-01
  7.37441355e-02 2.83251988e-01 9.74511801e-01 8.08750214e+00]
 [3.37806360e-01 4.02430982e-01 2.16151243e+00 5.49226908e-01
  1.26519687e+00 3.13871233e+02 1.01864039e+00 7.74024965e-01
  3.71549952e+00 6.16933478e-02 4.40763766e+00 5.10526253e-01
  6.59282384e+00 6.62325749e-01 1.09215736e-01 1.58554410e+01
  2.81191511e+00 8.58099977e-01 2.09758695e-01 4.89109937e+01
  1.59700222e-01 5.92905240e-01 2.42470042e+03 4.21365677e+00
  7.53806561e+01 1.11878205e-01 3.05873884e-01 8.65173597e-01
  1.46592494e+00 2.19386522e+00 4.85390055e-01 1.74216884e-01
  9.14926254e+03 7.97903553e-02 4.95011804e+00 8.57178093e-01
  1.96704446e+00 6.72522781e-01 6.49797782e+00 4.01612014e-01
  7.71226942e-01 5.67499517e-01 2.57922638e+00 1.14288484e+00
  1.92121775e+01 2.35516842e-01 8.65284583e-01 4.31880179e-01
  3.59885127e+03 2.57949657e+01 5.24692590e-01 3.15054934e+02
  1.56613477e+01 1.62817035e+03 2.06895785e-01 1.93708312e+00
  3.90880983e-01 4.19066365e-01 1.58670438e-01 5.88341716e+01
  2.04810896e+00 3.66536281e+01 1.80832396e+00 2.27997085e+01]
 [1.41497120e-01 6.03172336e-01 1.89612317e+00 3.81364845e+01
  5.20838909e+00 1.74912391e-01 1.43665212e+01 8.56669790e-02
  2.30334376e+01 7.44296419e+00 1.02196925e+00 2.46405535e+00
  4.86215482e-01 1.51756808e+00 1.95644740e-01 2.35546251e-01
  4.89677180e-01 7.36192647e-01 3.29646967e+00 4.07263473e-01
  5.66300390e-02 2.10112678e-01 9.76914040e-01 5.35335154e-01
  2.88011271e-01 1.38279592e-01 2.56719685e+00 7.31230992e-02
  2.52195623e+00 1.28443040e+00 3.27301812e+01 4.71418111e-01
  1.17455580e+00 3.08800216e+03 8.42304293e-01 2.08908995e-01
  4.09127534e-01 5.19164712e-01 1.13409710e-01 1.83662564e-01
  4.97938602e-01 6.53800376e-01 3.86999132e+02 1.20946096e+00
  7.22741869e+02 8.70621237e-01 2.39025913e-01 1.05662274e-01
  2.68168054e+01 3.15465998e+01 6.05196633e+00 1.35005317e+00
  3.82097977e-01 1.39429675e+00 3.85849517e+00 1.23698219e-01
  3.23527088e-01 5.85347959e-01 2.49460904e-01 4.58666709e-02
  9.72571988e-01 1.12624723e-01 1.99890805e+00 9.26949937e-01]
 [2.11753351e-01 1.56444465e+00 4.63482476e-01 1.17205472e+00
  5.12689261e+00 8.31810480e+00 4.35228055e+01 1.40489924e-01
  1.41630264e-01 4.28555027e-01 1.21304086e+00 2.79609099e+01
  1.94614417e+01 2.66524294e-01 2.70023175e-01 5.94931864e+00
  2.19615322e+00 1.28953857e+00 3.18079631e+00 6.86993005e+00
  1.47804362e+00 4.36516006e+00 1.48966156e+00 8.43529592e+02
  1.18281219e+00 1.67090133e+00 2.28995933e+00 6.85710559e-01
  8.83624310e-01 5.18974871e-01 1.75622385e+01 2.85253785e-01
  3.46745523e+00 1.12774052e-01 1.28436535e-01 7.74586811e-01
  1.70504009e+01 1.04020838e-01 1.58592907e+00 1.74416498e+01
  1.66592806e-01 1.20386865e+00 3.40381104e+01 2.59104830e+01
  6.64109206e-01 4.55960468e+00 2.84761827e+00 5.28035490e-01
  4.27088035e-01 2.81258217e+00 6.80991605e-01 5.13600128e-01
  1.93181340e+00 4.56700713e-01 5.37575050e-01 1.30874994e-01
  6.01572678e-01 1.16224229e+00 2.14792399e-01 2.05644589e-01
  6.39360531e-01 3.64803887e+00 3.03499080e-01 2.79192258e+00]]
