1
50
2023-11-08 10:05:47
100
2023-11-08 10:07:11
elapsed:  168.3  seconds
150
2023-11-08 10:08:38
200
2023-11-08 10:10:07
elapsed:  343.9  seconds
250
2023-11-08 10:11:41
300
2023-11-08 10:13:15
elapsed:  532.5  seconds
350
2023-11-08 10:14:49
400
2023-11-08 10:16:15
elapsed:  712.4  seconds
450
2023-11-08 10:17:55
500
2023-11-08 10:19:33
elapsed:  910.7  seconds
550
2023-11-08 10:21:04
600
2023-11-08 10:22:40
elapsed:  1097.4  seconds
650
2023-11-08 10:24:15
700
2023-11-08 10:25:49
elapsed:  1286.5  seconds
750
2023-11-08 10:27:28
800
2023-11-08 10:29:08
elapsed:  1485.0  seconds
850
2023-11-08 10:30:51
900
2023-11-08 10:32:24
elapsed:  1681.5  seconds
950
2023-11-08 10:34:04
1000
2023-11-08 10:35:37
elapsed:  1874.3  seconds
1050
2023-11-08 10:37:25
1100
2023-11-08 10:38:56
elapsed:  2072.8  seconds
1150
2023-11-08 10:40:33
1200
2023-11-08 10:42:14
elapsed:  2271.2  seconds
1250
2023-11-08 10:43:52
1300
2023-11-08 10:45:32
elapsed:  2469.3  seconds
1350
2023-11-08 10:47:13
1400
2023-11-08 10:48:47
elapsed:  2664.1  seconds
1450
2023-11-08 10:50:21
1500
2023-11-08 10:51:56
elapsed:  2853.5  seconds
1550
2023-11-08 10:53:34
1600
2023-11-08 10:55:05
elapsed:  3041.8  seconds
1650
2023-11-08 10:56:46
1700
2023-11-08 10:58:22
elapsed:  3238.8  seconds
1750
2023-11-08 11:00:00
1800
2023-11-08 11:01:36
elapsed:  3432.7  seconds
1850
2023-11-08 11:03:22
1900
2023-11-08 11:05:00
elapsed:  3636.8  seconds
1950
2023-11-08 11:06:45
2000
2023-11-08 11:08:21
elapsed:  3838.2  seconds
2050
2023-11-08 11:09:56
2100
2023-11-08 11:11:35
elapsed:  4032.4  seconds
2150
2023-11-08 11:13:15
2200
2023-11-08 11:14:55
elapsed:  4232.4  seconds
2250
2023-11-08 11:16:35
2300
2023-11-08 11:18:08
elapsed:  4425.2  seconds
2350
2023-11-08 11:19:49
2400
2023-11-08 11:21:29
elapsed:  4626.6  seconds
2450
2023-11-08 11:23:07
2500
2023-11-08 11:24:39
elapsed:  4816.1  seconds
2550
2023-11-08 11:26:16
2600
2023-11-08 11:27:50
elapsed:  5006.8  seconds
2650
2023-11-08 11:29:30
2700
2023-11-08 11:31:10
elapsed:  5207.0  seconds
2750
2023-11-08 11:32:37
2800
2023-11-08 11:34:20
elapsed:  5397.0  seconds
2850
2023-11-08 11:35:45
2900
2023-11-08 11:37:18
elapsed:  5575.7  seconds
2950
2023-11-08 11:38:49
3000
2023-11-08 11:40:14
elapsed:  5751.7  seconds
3050
2023-11-08 11:41:50
3100
2023-11-08 11:43:21
elapsed:  5938.4  seconds
3150
2023-11-08 11:44:50
3200
2023-11-08 11:46:18
elapsed:  6115.0  seconds
3250
2023-11-08 11:47:45
3300
2023-11-08 11:49:24
elapsed:  6301.1  seconds
3350
2023-11-08 11:50:59
3400
2023-11-08 11:52:37
elapsed:  6493.9  seconds
3450
2023-11-08 11:54:12
3500
2023-11-08 11:55:47
elapsed:  6684.2  seconds
3550
2023-11-08 11:57:22
3600
2023-11-08 11:58:57
elapsed:  6874.2  seconds
3650
2023-11-08 12:00:32
3700
2023-11-08 12:02:03
elapsed:  7060.4  seconds
3750
2023-11-08 12:03:40
3800
2023-11-08 12:05:11
elapsed:  7248.0  seconds
3850
2023-11-08 12:06:48
3900
2023-11-08 12:08:29
elapsed:  7446.1  seconds
3950
2023-11-08 12:10:12
4000
2023-11-08 12:11:42
elapsed:  7639.0  seconds
4050
2023-11-08 12:13:17
4100
2023-11-08 12:14:54
elapsed:  7830.8  seconds
4150
2023-11-08 12:16:34
4200
2023-11-08 12:18:14
elapsed:  8030.9  seconds
4250
2023-11-08 12:19:53
4300
2023-11-08 12:21:29
elapsed:  8226.0  seconds
4350
2023-11-08 12:23:07
4400
2023-11-08 12:24:42
elapsed:  8419.5  seconds
4450
2023-11-08 12:26:13
4500
2023-11-08 12:27:52
elapsed:  8608.9  seconds
4550
2023-11-08 12:29:34
4600
2023-11-08 12:31:06
elapsed:  8803.5  seconds
4650
2023-11-08 12:32:44
4700
2023-11-08 12:34:26
elapsed:  9003.2  seconds
4750
2023-11-08 12:35:58
4800
2023-11-08 12:37:37
elapsed:  9194.5  seconds
4850
2023-11-08 12:39:10
4900
2023-11-08 12:40:45
elapsed:  9382.6  seconds
4950
2023-11-08 12:42:31
5000
2023-11-08 12:44:14
elapsed:  9591.6  seconds
5050
2023-11-08 12:45:58
5100
2023-11-08 12:47:29
elapsed:  9786.3  seconds
5150
2023-11-08 12:49:08
5200
2023-11-08 12:50:47
elapsed:  9983.8  seconds
5250
2023-11-08 12:52:25
5300
2023-11-08 12:54:06
elapsed:  10183.0  seconds
5350
2023-11-08 12:55:45
5400
2023-11-08 12:57:36
elapsed:  10392.9  seconds
5450
2023-11-08 12:59:28
5500
2023-11-08 13:01:08
elapsed:  10605.6  seconds
5550
2023-11-08 13:02:49
5600
2023-11-08 13:04:30
elapsed:  10806.9  seconds
5650
2023-11-08 13:06:17
5700
2023-11-08 13:07:55
elapsed:  11011.7  seconds
5750
2023-11-08 13:09:38
5800
2023-11-08 13:11:20
elapsed:  11217.4  seconds
5850
2023-11-08 13:13:03
5900
2023-11-08 13:14:39
elapsed:  11416.0  seconds
5950
2023-11-08 13:16:27
6000
2023-11-08 13:18:05
elapsed:  11622.0  seconds
6050
2023-11-08 13:19:45
6100
2023-11-08 13:21:06
elapsed:  11803.5  seconds
6150
2023-11-08 13:22:32
6200
2023-11-08 13:23:41
elapsed:  11958.6  seconds
6250
2023-11-08 13:25:16
6300
2023-11-08 13:26:37
elapsed:  12133.9  seconds
6350
2023-11-08 13:28:22
6400
2023-11-08 13:29:52
elapsed:  12329.6  seconds
6450
2023-11-08 13:31:31
6500
2023-11-08 13:33:14
elapsed:  12531.4  seconds
6550
2023-11-08 13:35:00
6600
2023-11-08 13:36:47
elapsed:  12744.0  seconds
6650
2023-11-08 13:38:32
6700
2023-11-08 13:40:13
elapsed:  12949.7  seconds
6750
2023-11-08 13:41:57
6800
2023-11-08 13:43:40
elapsed:  13156.7  seconds
6850
2023-11-08 13:45:30
6900
2023-11-08 13:47:17
elapsed:  13374.4  seconds
6950
2023-11-08 13:49:06
7000
2023-11-08 13:50:44
elapsed:  13580.8  seconds
7050
2023-11-08 13:52:19
7100
2023-11-08 13:53:53
elapsed:  13770.7  seconds
7150
2023-11-08 13:55:31
7200
2023-11-08 13:57:11
elapsed:  13968.5  seconds
7250
2023-11-08 13:58:55
7300
2023-11-08 14:00:35
elapsed:  14172.0  seconds
7350
2023-11-08 14:02:26
7400
2023-11-08 14:04:10
elapsed:  14387.5  seconds
7450
2023-11-08 14:05:53
7500
2023-11-08 14:07:35
elapsed:  14591.9  seconds
7550
2023-11-08 14:09:22
7600
2023-11-08 14:11:00
elapsed:  14797.1  seconds
7650
2023-11-08 14:12:39
7700
2023-11-08 14:14:16
elapsed:  14993.3  seconds
7750
2023-11-08 14:15:44
7800
2023-11-08 14:17:28
elapsed:  15184.8  seconds
7850
2023-11-08 14:19:10
7900
2023-11-08 14:20:22
elapsed:  15359.2  seconds
7950
2023-11-08 14:21:58
8000
2023-11-08 14:23:37
elapsed:  15554.5  seconds
8050
2023-11-08 14:25:24
8100
2023-11-08 14:27:02
elapsed:  15758.9  seconds
8150
2023-11-08 14:28:44
8200
2023-11-08 14:30:19
elapsed:  15955.8  seconds
8250
2023-11-08 14:32:03
8300
2023-11-08 14:33:45
elapsed:  16162.4  seconds
8350
2023-11-08 14:35:27
8400
2023-11-08 14:37:02
elapsed:  16359.5  seconds
8450
2023-11-08 14:38:35
8500
2023-11-08 14:40:05
elapsed:  16542.1  seconds
8550
2023-11-08 14:41:49
8600
2023-11-08 14:43:31
elapsed:  16747.9  seconds
8650
2023-11-08 14:45:10
8700
2023-11-08 14:46:46
elapsed:  16943.4  seconds
8750
2023-11-08 14:48:30
8800
2023-11-08 14:50:11
elapsed:  17148.6  seconds
8850
2023-11-08 14:51:51
8900
2023-11-08 14:53:32
elapsed:  17349.3  seconds
8950
2023-11-08 14:55:03
9000
2023-11-08 14:56:34
elapsed:  17531.4  seconds
9050
2023-11-08 14:58:14
9100
2023-11-08 14:59:55
elapsed:  17732.2  seconds
9150
2023-11-08 15:01:31
9200
2023-11-08 15:03:06
elapsed:  17922.7  seconds
9250
2023-11-08 15:04:36
9300
2023-11-08 15:06:15
elapsed:  18112.0  seconds
9350
2023-11-08 15:07:52
9400
2023-11-08 15:09:40
elapsed:  18316.8  seconds
9450
2023-11-08 15:11:21
9500
2023-11-08 15:13:03
elapsed:  18520.1  seconds
9550
2023-11-08 15:14:47
9600
2023-11-08 15:16:25
elapsed:  18722.0  seconds
9650
2023-11-08 15:17:58
9700
2023-11-08 15:19:32
elapsed:  18909.3  seconds
9750
2023-11-08 15:20:58
9800
2023-11-08 15:22:36
elapsed:  19092.7  seconds
9850
2023-11-08 15:24:14
9900
2023-11-08 15:25:54
elapsed:  19291.6  seconds
9950
2023-11-08 15:27:36
10000
2023-11-08 15:29:18
elapsed:  19495.6  seconds
10050
2023-11-08 15:31:03
10100
2023-11-08 15:32:40
elapsed:  19697.6  seconds
10150
2023-11-08 15:34:18
10200
2023-11-08 15:36:03
elapsed:  19899.8  seconds
10250
2023-11-08 15:37:42
10300
2023-11-08 15:39:23
elapsed:  20100.0  seconds
10350
2023-11-08 15:41:01
10400
2023-11-08 15:42:41
elapsed:  20298.4  seconds
10450
2023-11-08 15:44:26
10500
2023-11-08 15:46:04
elapsed:  20501.4  seconds
10550
2023-11-08 15:47:43
10600
2023-11-08 15:49:29
elapsed:  20706.1  seconds
10650
2023-11-08 15:51:09
10700
2023-11-08 15:52:41
elapsed:  20898.3  seconds
10750
2023-11-08 15:54:23
10800
2023-11-08 15:56:09
elapsed:  21106.5  seconds
10850
2023-11-08 15:57:54
10900
2023-11-08 15:59:43
elapsed:  21320.3  seconds
10950
2023-11-08 16:01:26
11000
2023-11-08 16:03:06
elapsed:  21522.8  seconds
11050
2023-11-08 16:04:52
11100
2023-11-08 16:06:34
elapsed:  21731.3  seconds
11150
2023-11-08 16:08:13
11200
2023-11-08 16:09:54
elapsed:  21931.1  seconds
11250
2023-11-08 16:11:36
11300
2023-11-08 16:13:11
elapsed:  22127.7  seconds
11350
2023-11-08 16:15:02
11400
2023-11-08 16:16:39
elapsed:  22336.3  seconds
11450
2023-11-08 16:18:23
11500
2023-11-08 16:19:51
elapsed:  22527.9  seconds
11550
2023-11-08 16:21:27
11600
2023-11-08 16:23:00
elapsed:  22717.4  seconds
11650
2023-11-08 16:24:45
11700
2023-11-08 16:26:22
elapsed:  22918.9  seconds
11750
2023-11-08 16:27:59
11800
2023-11-08 16:29:41
elapsed:  23118.3  seconds
11850
2023-11-08 16:31:29
11900
2023-11-08 16:33:01
elapsed:  23317.8  seconds
11950
2023-11-08 16:34:41
12000
2023-11-08 16:36:05
elapsed:  23502.5  seconds
12050
2023-11-08 16:37:35
12100
2023-11-08 16:39:11
elapsed:  23687.8  seconds
12150
2023-11-08 16:40:48
12200
2023-11-08 16:42:30
elapsed:  23886.8  seconds
12250
2023-11-08 16:44:07
12300
2023-11-08 16:45:41
elapsed:  24078.6  seconds
12350
2023-11-08 16:47:20
12400
2023-11-08 16:48:48
elapsed:  24264.7  seconds
12450
2023-11-08 16:50:18
12500
2023-11-08 16:51:45
elapsed:  24442.0  seconds
12550
2023-11-08 16:53:31
12600
2023-11-08 16:55:09
elapsed:  24646.0  seconds
12650
2023-11-08 16:56:44
12700
2023-11-08 16:58:16
elapsed:  24833.1  seconds
12750
2023-11-08 16:59:56
12800
2023-11-08 17:01:27
elapsed:  25024.5  seconds
12850
2023-11-08 17:03:03
12900
2023-11-08 17:04:32
elapsed:  25208.9  seconds
12950
2023-11-08 17:06:01
13000
2023-11-08 17:07:25
elapsed:  25382.2  seconds
13050
2023-11-08 17:09:01
13100
2023-11-08 17:10:30
elapsed:  25567.5  seconds
13150
2023-11-08 17:12:07
13200
2023-11-08 17:13:30
elapsed:  25747.5  seconds
13250
2023-11-08 17:15:08
13300
2023-11-08 17:16:41
elapsed:  25938.4  seconds
13350
2023-11-08 17:18:17
13400
2023-11-08 17:19:52
elapsed:  26128.7  seconds
13450
2023-11-08 17:21:28
13500
2023-11-08 17:22:51
elapsed:  26307.8  seconds
13550
2023-11-08 17:24:23
13600
2023-11-08 17:25:35
elapsed:  26472.3  seconds
13650
2023-11-08 17:27:01
13700
2023-11-08 17:28:29
elapsed:  26645.8  seconds
13750
2023-11-08 17:30:05
13800
2023-11-08 17:31:34
elapsed:  26831.1  seconds
13850
2023-11-08 17:33:14
13900
2023-11-08 17:34:47
elapsed:  27023.9  seconds
13950
2023-11-08 17:36:28
14000
2023-11-08 17:38:07
elapsed:  27223.8  seconds
14050
2023-11-08 17:39:43
14100
2023-11-08 17:41:20
elapsed:  27417.0  seconds
14150
2023-11-08 17:42:52
14200
2023-11-08 17:44:04
elapsed:  27581.1  seconds
14250
2023-11-08 17:45:25
14300
2023-11-08 17:46:56
elapsed:  27752.9  seconds
14350
2023-11-08 17:48:24
14400
2023-11-08 17:49:50
elapsed:  27927.5  seconds
14450
2023-11-08 17:51:27
14500
2023-11-08 17:52:58
elapsed:  28115.2  seconds
14550
2023-11-08 17:54:30
14600
2023-11-08 17:56:04
elapsed:  28301.5  seconds
14650
2023-11-08 17:57:39
14700
2023-11-08 17:59:09
elapsed:  28485.8  seconds
14750
2023-11-08 18:00:48
14800
2023-11-08 18:02:30
elapsed:  28687.6  seconds
14850
2023-11-08 18:04:06
14900
2023-11-08 18:05:42
elapsed:  28879.3  seconds
14950
2023-11-08 18:07:09
elapsed:  29056.2  seconds
total time:  29061.3  seconds
true R:  [[8.74420304e-01 3.17157771e+00 3.25661802e+01 4.65314822e-01
  1.90808161e+01 3.64933523e+00 1.08070865e+00 6.69747196e+00
  2.34394701e+00 4.50158243e-01 1.06786143e+01 3.92925564e+00
  9.68184287e+00 4.23897982e-01 6.58068664e-01 1.84902972e+00
  1.05435744e+00 4.79378972e-01 1.85533850e+00 2.68286399e-01
  1.23267707e+00 8.65047352e-01 9.82672132e+00 3.78530511e+01
  1.22449339e+00 1.37814063e+00 2.22115872e+00 1.50799405e+01
  1.67374987e+01 4.24379373e-01 5.72712541e-01 2.72527009e+00
  1.96632975e+00 3.37692717e-01 8.03567198e-01 4.13406289e+01
  6.43764386e-01 7.34832508e-01 2.78865424e+00 2.42388416e+01
  1.71346105e+00 2.21983544e-01 7.07319089e+00 1.54542329e-01
  1.04773801e+02 9.68135880e-01 3.86840897e+02 9.48423474e-01
  1.03690382e-01 2.69740582e+00 9.34992963e-02 3.28645627e+00
  4.59871538e+01 8.49534754e-01 2.24189672e-01 6.12316571e+01
  1.54275032e-01 5.02247260e+00 3.13837351e-01 9.26020450e-01
  1.95570689e-01 1.23639868e-01 9.14490255e-01 1.58717390e+02]
 [2.13095048e+01 1.25067823e+00 2.45886914e-01 2.10910896e-01
  1.38524898e+02 2.10138794e-01 8.75026925e+00 1.91808304e-01
  1.44875579e-01 1.35489929e+00 2.40175027e+01 3.67921273e+00
  2.11856489e-01 2.95328707e+01 4.93615962e-01 1.10037032e+01
  1.18834110e+01 1.48945048e-01 1.43150748e-01 8.88603770e-01
  2.54672751e+00 1.10177844e+00 2.62693550e-01 7.64401029e-01
  1.31907237e+02 6.24331420e-02 1.65829708e+00 1.47385763e+00
  1.47397190e-01 1.57338909e+01 4.89566433e+00 3.18263932e-01
  7.44280803e+00 1.22472480e-01 3.82926161e-01 7.31260278e-01
  2.25698753e-01 5.35116228e+02 3.37012970e-01 1.46215956e+00
  2.38060194e-01 3.03398898e+00 4.10389604e-01 5.25444379e-01
  7.48859986e-01 2.89306964e-01 9.44908212e-02 4.43976460e+02
  4.68763519e+00 3.17515465e+00 4.76554567e-01 3.47418018e-01
  4.03943919e-01 7.81497581e-01 8.63560607e+00 4.70596701e-01
  1.32710320e-01 1.99811437e+00 7.25917325e+00 2.56277929e+00
  3.24628213e-01 1.88580473e+00 1.15921981e+01 7.72277714e-02]
 [1.41670492e+00 4.74730840e-01 2.38507449e-01 2.71777662e+00
  3.57201352e-01 2.14101615e+00 2.54580779e-01 3.19772821e-01
  8.05756446e-01 5.66778250e+01 6.77767595e+01 5.74890199e-01
  1.99815169e+00 5.84093296e-01 5.98810536e+00 4.38095502e-01
  5.83026990e-01 1.55373525e+00 3.23343179e+00 6.74801524e-01
  8.12634485e+00 3.07758513e-01 1.07279380e+00 6.98574441e+00
  1.48452249e+01 1.09151601e+02 1.07557274e-01 3.29455194e-01
  6.20112946e-01 1.18215558e-01 8.09087960e-01 8.12453684e+01
  8.49716781e-01 1.53459601e+00 1.04755078e+02 2.82240740e-01
  1.55627787e+00 2.00489194e-01 1.68925542e-01 4.85105530e-01
  2.82553133e+00 3.13916148e-01 5.69511785e-01 1.37629691e+01
  5.34010052e+00 7.97296087e-01 3.89703821e-01 6.00400621e+01
  1.65946602e-01 4.09421746e-01 4.23780815e-01 1.23923109e-01
  2.28282182e-01 3.64624023e-01 5.84176725e-01 3.54693380e-01
  3.08765391e-01 6.23681169e-01 1.18263551e-01 1.26462387e+01
  2.39990052e+00 2.09624314e-01 1.53490469e+01 7.22976046e-01]
 [1.35132018e+00 1.13162162e+02 2.31723147e-01 1.14388890e+00
  1.51048970e+00 3.47111431e-01 2.20604282e-01 8.30406290e-02
  3.10361317e-01 2.59570490e+00 4.97969888e-01 9.06898253e+00
  4.34821240e-01 6.25827242e+00 2.28252956e+01 2.13990221e+00
  4.28153241e-01 6.04833736e+02 9.57743487e-01 4.92814677e-01
  4.28546376e+00 2.47538598e-01 4.46061197e-01 1.12799884e-01
  3.68142663e-01 8.39201683e+01 1.07678691e+00 2.06355210e+00
  2.10192218e+00 9.55370491e-01 1.00093861e+01 2.16146179e-01
  6.14877300e-01 3.79993799e+00 6.03934757e-01 1.08566756e-01
  2.30745208e+02 9.67734990e-01 3.37995290e+00 1.06408830e+00
  5.87349526e-01 8.19717758e-01 1.68502600e+00 9.04161577e-01
  3.17226247e-01 4.90440024e-01 3.83468692e+00 2.59974633e+01
  3.06411088e-01 1.66149125e+00 5.05387461e-01 1.95042997e-01
  1.60422550e+02 6.44552287e+00 7.39425381e-01 1.34458848e-01
  1.82345664e-01 6.51984197e-01 8.52141677e-01 2.20281785e+00
  1.12800517e-01 2.29824098e+01 1.36954619e+00 1.67525809e+01]
 [1.62192629e-01 4.66044113e-01 1.02652896e+00 2.81461598e+00
  8.42048861e+01 1.18038747e+00 1.37827351e+00 5.29642267e+01
  7.09787323e-01 5.06142694e-01 9.71827181e-01 5.47063034e+00
  1.54399608e+02 6.54668545e-01 1.76609181e-01 5.24429563e+00
  7.08325090e+01 4.04547640e+02 2.12977088e-01 5.03642921e+00
  1.11957676e+00 6.47112661e+01 2.83062391e-01 2.11292340e+00
  2.85236527e+02 1.48377842e-01 2.16772740e-01 2.65605182e-01
  2.65390701e+00 7.31614652e+00 9.08024242e+01 1.00606657e+00
  1.97051863e+00 1.38623285e+00 2.53938598e-01 1.13282776e+00
  5.91267555e-01 1.07463516e-01 4.25492408e-01 3.64033295e-01
  2.39610788e+00 6.86028626e-01 6.35026737e-01 1.33354676e+01
  7.03432792e+00 1.71351608e+00 3.75686162e+00 2.01522878e+00
  3.05384804e-01 1.21304684e-01 3.36541174e-01 4.05243579e-01
  1.49500605e-01 4.47550414e-01 1.11093451e+00 1.40380515e+00
  2.96581954e+00 2.08662253e+01 1.17801648e+00 1.53760959e-01
  2.26946276e-01 2.94029656e+01 1.43842276e+00 1.94106818e+00]
 [1.53268455e+03 6.25066061e+02 1.07346728e+01 1.01558553e+00
  3.16967882e+00 1.02575208e+00 8.93913574e-01 1.11318555e+03
  2.43926206e-01 1.60990872e+01 1.04572071e+01 3.42074500e+00
  6.25898228e-01 1.04820891e+00 1.45640005e-01 6.47300642e-01
  1.44758658e+00 1.48876349e-01 1.91706677e-01 2.79557614e-01
  1.15609976e+00 6.32330976e+00 1.90202146e+00 7.21305972e-01
  1.05531860e+00 6.03044416e+02 5.47116561e-01 3.34286297e+00
  1.76907294e+00 1.34343386e+00 1.01975634e+00 2.78324732e+00
  3.12083412e-01 3.92411823e-01 2.19712923e-01 1.06225174e-01
  1.05653211e-01 7.76342135e-01 1.82506502e+00 6.47163205e-01
  2.55625699e+00 1.15528317e+01 1.36155613e-01 2.39279038e+00
  3.09110007e+00 3.04286448e+01 2.08193515e-01 7.29706033e-01
  6.83351515e+00 2.86067627e+02 8.17240838e-01 5.45030809e+01
  3.03714590e-01 3.36628900e+00 3.17952935e+02 7.99281149e-02
  1.27011102e+00 6.28786826e-01 1.78517118e-01 1.30752620e-01
  6.15298587e+00 1.48961349e-01 6.72038351e+00 2.83346752e-01]
 [6.64062879e-01 7.09984491e+00 2.65717387e+00 1.09509471e+00
  1.57961939e+02 7.19252102e+00 9.54934946e-02 4.49227020e-01
  6.65977197e+00 3.40732264e-01 4.69483492e+00 1.09492205e+00
  5.04470216e-01 3.08656537e-01 3.39473516e-01 3.32439796e-01
  5.96382410e+00 1.43488657e+01 1.80131763e+00 7.68352309e-01
  1.19372584e+00 1.06937783e+01 9.42420040e-01 6.52602480e-01
  3.52829928e-01 8.58732915e+00 7.01425895e+00 5.08074159e-01
  1.17948210e+00 8.14009244e-02 2.37895596e-01 1.51808660e-01
  6.27722343e-01 1.01874791e+00 1.27068332e+00 2.26510772e+00
  1.13553873e-01 4.71912700e+00 4.86836236e+00 1.00861194e+00
  3.58970593e-01 9.79996015e-01 9.06386269e+01 1.75204452e+02
  1.51154638e+01 8.71169505e-02 3.85603494e+01 1.13395641e+00
  6.81022122e-01 2.27342982e+00 6.69627103e-01 9.85283335e+01
  1.29827533e+01 5.47029216e-01 2.90131822e+01 2.09464581e+01
  1.12524481e-01 9.21460411e+00 2.80778170e+00 3.55741691e+00
  6.21981720e-01 2.37956401e+00 2.10527057e+02 2.59561630e-01]
 [4.53087030e-01 2.49749584e+00 1.68517856e-01 1.46437290e+01
  2.84808200e-01 7.93737787e-01 6.16545659e-01 1.31152029e+00
  9.35577940e+00 1.14873360e-01 3.78564661e+01 8.37926510e+00
  1.29584715e+00 4.11885926e-01 8.57952073e-01 1.19744605e+00
  5.22311956e-01 2.21165500e+00 1.88784055e-01 7.73579089e+00
  9.10902957e-01 6.54804176e-01 1.32403868e+00 5.73177577e-01
  1.88643967e+02 2.94574532e-01 1.96462656e+00 4.87694334e-01
  2.93196636e+00 8.30809797e-02 4.72233422e-02 2.45525523e-01
  5.30708718e+00 1.60128561e+00 1.62765071e+00 1.95469093e+00
  1.35067688e+00 5.29469407e-02 1.03231051e+00 2.21704918e+00
  2.29971660e-01 3.20056455e+00 4.47003826e-01 4.24251609e+02
  3.36951870e+00 3.07945098e-01 3.85017860e-01 1.64287978e+00
  4.43075096e-01 2.01405869e+00 3.01200243e-01 2.18079225e-01
  4.96846214e-01 3.14675806e-01 4.38920088e-01 8.05008029e+00
  2.44843484e+00 1.58614015e+00 2.01558408e-01 5.95586118e-01
  7.36722081e+01 1.40918910e+01 1.25512027e+00 1.10710662e+01]
 [1.05004819e+02 6.20945090e-01 3.98113296e+00 1.34201149e+01
  3.79914832e-01 5.27560348e-01 5.93816210e-01 4.51305255e-01
  2.21662772e+00 3.04767927e+00 4.77129412e+01 2.64026932e+00
  9.17100848e+01 2.42541104e-01 1.21916181e+01 2.56312536e+00
  8.75039275e+01 1.85068106e-01 3.76806494e+00 2.22766020e-01
  4.00887906e-01 3.72993007e-01 1.49147413e+00 6.29197911e+01
  2.39345316e+00 2.58471158e-01 1.07357322e+00 1.03406526e-01
  1.54106401e+00 8.47057299e+02 2.07029980e+00 3.39814545e+01
  1.45540026e+00 1.06443386e+00 3.52799379e-01 4.47290671e+01
  1.79922324e+00 8.60850654e-01 2.11635453e+00 3.66911806e+00
  2.22179153e-01 2.35864053e-01 1.53399096e+04 5.35021248e+01
  3.47759948e-01 3.64991402e+00 1.47157110e+00 1.27338710e-01
  4.35879080e+00 2.16638877e+00 1.39594582e-01 8.74197726e-01
  1.43268096e+00 8.19328778e-01 3.76875883e-01 5.38315901e-01
  2.59798791e-01 9.66436988e-01 1.81649392e+01 6.19562762e-01
  1.33444623e+00 9.02362555e-01 1.11440207e+00 7.35917645e-01]]
