1
50
2023-11-11 22:34:54
100
2023-11-11 22:36:38
elapsed:  209.0  seconds
/projects/muyang@colostate.edu/software/anaconda/envs/testenv/lib/python3.11/site-packages/numpy/lib/function_base.py:2455: RuntimeWarning: divide by zero encountered in func (vectorized)
  outputs = ufunc(*inputs)
/projects/muyang@colostate.edu/software/anaconda/envs/testenv/lib/python3.11/site-packages/numpy/lib/function_base.py:2455: RuntimeWarning: invalid value encountered in func (vectorized)
  outputs = ufunc(*inputs)
150
2023-11-11 22:38:33
/projects/muyang@colostate.edu/software/anaconda/envs/testenv/lib/python3.11/site-packages/numpy/lib/function_base.py:2455: RuntimeWarning: divide by zero encountered in func (vectorized)
  outputs = ufunc(*inputs)
/projects/muyang@colostate.edu/software/anaconda/envs/testenv/lib/python3.11/site-packages/numpy/lib/function_base.py:2455: RuntimeWarning: invalid value encountered in func (vectorized)
  outputs = ufunc(*inputs)
/projects/muyang@colostate.edu/software/anaconda/envs/testenv/lib/python3.11/site-packages/numpy/lib/function_base.py:2455: RuntimeWarning: divide by zero encountered in func (vectorized)
  outputs = ufunc(*inputs)
/projects/muyang@colostate.edu/software/anaconda/envs/testenv/lib/python3.11/site-packages/numpy/lib/function_base.py:2455: RuntimeWarning: invalid value encountered in func (vectorized)
  outputs = ufunc(*inputs)
/projects/muyang@colostate.edu/software/anaconda/envs/testenv/lib/python3.11/site-packages/numpy/lib/function_base.py:2455: RuntimeWarning: divide by zero encountered in func (vectorized)
  outputs = ufunc(*inputs)
/projects/muyang@colostate.edu/software/anaconda/envs/testenv/lib/python3.11/site-packages/numpy/lib/function_base.py:2455: RuntimeWarning: invalid value encountered in func (vectorized)
  outputs = ufunc(*inputs)
200
2023-11-11 22:40:29
elapsed:  439.6  seconds
/projects/muyang@colostate.edu/software/anaconda/envs/testenv/lib/python3.11/site-packages/numpy/lib/function_base.py:2455: RuntimeWarning: divide by zero encountered in func (vectorized)
  outputs = ufunc(*inputs)
/projects/muyang@colostate.edu/software/anaconda/envs/testenv/lib/python3.11/site-packages/numpy/lib/function_base.py:2455: RuntimeWarning: invalid value encountered in func (vectorized)
  outputs = ufunc(*inputs)
/projects/muyang@colostate.edu/software/anaconda/envs/testenv/lib/python3.11/site-packages/numpy/lib/function_base.py:2455: RuntimeWarning: divide by zero encountered in func (vectorized)
  outputs = ufunc(*inputs)
/projects/muyang@colostate.edu/software/anaconda/envs/testenv/lib/python3.11/site-packages/numpy/lib/function_base.py:2455: RuntimeWarning: invalid value encountered in func (vectorized)
  outputs = ufunc(*inputs)
/projects/muyang@colostate.edu/software/anaconda/envs/testenv/lib/python3.11/site-packages/numpy/lib/function_base.py:2455: RuntimeWarning: divide by zero encountered in func (vectorized)
  outputs = ufunc(*inputs)
/projects/muyang@colostate.edu/software/anaconda/envs/testenv/lib/python3.11/site-packages/numpy/lib/function_base.py:2455: RuntimeWarning: invalid value encountered in func (vectorized)
  outputs = ufunc(*inputs)
250
2023-11-11 22:42:25
/projects/muyang@colostate.edu/software/anaconda/envs/testenv/lib/python3.11/site-packages/numpy/lib/function_base.py:2455: RuntimeWarning: divide by zero encountered in func (vectorized)
  outputs = ufunc(*inputs)
/projects/muyang@colostate.edu/software/anaconda/envs/testenv/lib/python3.11/site-packages/numpy/lib/function_base.py:2455: RuntimeWarning: invalid value encountered in func (vectorized)
  outputs = ufunc(*inputs)
300
2023-11-11 22:44:19
elapsed:  669.1  seconds
350
2023-11-11 22:46:14
/projects/muyang@colostate.edu/software/anaconda/envs/testenv/lib/python3.11/site-packages/numpy/lib/function_base.py:2455: RuntimeWarning: divide by zero encountered in func (vectorized)
  outputs = ufunc(*inputs)
/projects/muyang@colostate.edu/software/anaconda/envs/testenv/lib/python3.11/site-packages/numpy/lib/function_base.py:2455: RuntimeWarning: invalid value encountered in func (vectorized)
  outputs = ufunc(*inputs)
/projects/muyang@colostate.edu/software/anaconda/envs/testenv/lib/python3.11/site-packages/numpy/lib/function_base.py:2455: RuntimeWarning: divide by zero encountered in func (vectorized)
  outputs = ufunc(*inputs)
/projects/muyang@colostate.edu/software/anaconda/envs/testenv/lib/python3.11/site-packages/numpy/lib/function_base.py:2455: RuntimeWarning: invalid value encountered in func (vectorized)
  outputs = ufunc(*inputs)
/projects/muyang@colostate.edu/software/anaconda/envs/testenv/lib/python3.11/site-packages/numpy/lib/function_base.py:2455: RuntimeWarning: divide by zero encountered in func (vectorized)
  outputs = ufunc(*inputs)
/projects/muyang@colostate.edu/software/anaconda/envs/testenv/lib/python3.11/site-packages/numpy/lib/function_base.py:2455: RuntimeWarning: invalid value encountered in func (vectorized)
  outputs = ufunc(*inputs)
/projects/muyang@colostate.edu/software/anaconda/envs/testenv/lib/python3.11/site-packages/numpy/lib/function_base.py:2455: RuntimeWarning: divide by zero encountered in func (vectorized)
  outputs = ufunc(*inputs)
/projects/muyang@colostate.edu/software/anaconda/envs/testenv/lib/python3.11/site-packages/numpy/lib/function_base.py:2455: RuntimeWarning: invalid value encountered in func (vectorized)
  outputs = ufunc(*inputs)
/projects/muyang@colostate.edu/software/anaconda/envs/testenv/lib/python3.11/site-packages/numpy/lib/function_base.py:2455: RuntimeWarning: divide by zero encountered in func (vectorized)
  outputs = ufunc(*inputs)
/projects/muyang@colostate.edu/software/anaconda/envs/testenv/lib/python3.11/site-packages/numpy/lib/function_base.py:2455: RuntimeWarning: invalid value encountered in func (vectorized)
  outputs = ufunc(*inputs)
/projects/muyang@colostate.edu/software/anaconda/envs/testenv/lib/python3.11/site-packages/numpy/lib/function_base.py:2455: RuntimeWarning: divide by zero encountered in func (vectorized)
  outputs = ufunc(*inputs)
/projects/muyang@colostate.edu/software/anaconda/envs/testenv/lib/python3.11/site-packages/numpy/lib/function_base.py:2455: RuntimeWarning: invalid value encountered in func (vectorized)
  outputs = ufunc(*inputs)
/projects/muyang@colostate.edu/software/anaconda/envs/testenv/lib/python3.11/site-packages/numpy/lib/function_base.py:2455: RuntimeWarning: divide by zero encountered in func (vectorized)
  outputs = ufunc(*inputs)
/projects/muyang@colostate.edu/software/anaconda/envs/testenv/lib/python3.11/site-packages/numpy/lib/function_base.py:2455: RuntimeWarning: invalid value encountered in func (vectorized)
  outputs = ufunc(*inputs)
400
2023-11-11 22:48:09
elapsed:  899.3  seconds
/projects/muyang@colostate.edu/software/anaconda/envs/testenv/lib/python3.11/site-packages/numpy/lib/function_base.py:2455: RuntimeWarning: divide by zero encountered in func (vectorized)
  outputs = ufunc(*inputs)
/projects/muyang@colostate.edu/software/anaconda/envs/testenv/lib/python3.11/site-packages/numpy/lib/function_base.py:2455: RuntimeWarning: invalid value encountered in func (vectorized)
  outputs = ufunc(*inputs)
450
2023-11-11 22:50:04
/projects/muyang@colostate.edu/software/anaconda/envs/testenv/lib/python3.11/site-packages/numpy/lib/function_base.py:2455: RuntimeWarning: divide by zero encountered in func (vectorized)
  outputs = ufunc(*inputs)
/projects/muyang@colostate.edu/software/anaconda/envs/testenv/lib/python3.11/site-packages/numpy/lib/function_base.py:2455: RuntimeWarning: invalid value encountered in func (vectorized)
  outputs = ufunc(*inputs)
500
2023-11-11 22:51:59
elapsed:  1129.2  seconds
/projects/muyang@colostate.edu/software/anaconda/envs/testenv/lib/python3.11/site-packages/numpy/lib/function_base.py:2455: RuntimeWarning: divide by zero encountered in func (vectorized)
  outputs = ufunc(*inputs)
/projects/muyang@colostate.edu/software/anaconda/envs/testenv/lib/python3.11/site-packages/numpy/lib/function_base.py:2455: RuntimeWarning: invalid value encountered in func (vectorized)
  outputs = ufunc(*inputs)
550
2023-11-11 22:53:56
600
2023-11-11 22:55:51
elapsed:  1361.3  seconds
650
2023-11-11 22:57:45
/projects/muyang@colostate.edu/software/anaconda/envs/testenv/lib/python3.11/site-packages/numpy/lib/function_base.py:2455: RuntimeWarning: divide by zero encountered in func (vectorized)
  outputs = ufunc(*inputs)
/projects/muyang@colostate.edu/software/anaconda/envs/testenv/lib/python3.11/site-packages/numpy/lib/function_base.py:2455: RuntimeWarning: invalid value encountered in func (vectorized)
  outputs = ufunc(*inputs)
700
2023-11-11 22:59:39
elapsed:  1589.1  seconds
/projects/muyang@colostate.edu/software/anaconda/envs/testenv/lib/python3.11/site-packages/numpy/lib/function_base.py:2455: RuntimeWarning: divide by zero encountered in func (vectorized)
  outputs = ufunc(*inputs)
/projects/muyang@colostate.edu/software/anaconda/envs/testenv/lib/python3.11/site-packages/numpy/lib/function_base.py:2455: RuntimeWarning: invalid value encountered in func (vectorized)
  outputs = ufunc(*inputs)
750
2023-11-11 23:01:35
/projects/muyang@colostate.edu/software/anaconda/envs/testenv/lib/python3.11/site-packages/numpy/lib/function_base.py:2455: RuntimeWarning: divide by zero encountered in func (vectorized)
  outputs = ufunc(*inputs)
/projects/muyang@colostate.edu/software/anaconda/envs/testenv/lib/python3.11/site-packages/numpy/lib/function_base.py:2455: RuntimeWarning: invalid value encountered in func (vectorized)
  outputs = ufunc(*inputs)
800
2023-11-11 23:03:29
elapsed:  1819.3  seconds
850
2023-11-11 23:05:26
/projects/muyang@colostate.edu/software/anaconda/envs/testenv/lib/python3.11/site-packages/numpy/lib/function_base.py:2455: RuntimeWarning: divide by zero encountered in func (vectorized)
  outputs = ufunc(*inputs)
/projects/muyang@colostate.edu/software/anaconda/envs/testenv/lib/python3.11/site-packages/numpy/lib/function_base.py:2455: RuntimeWarning: invalid value encountered in func (vectorized)
  outputs = ufunc(*inputs)
/projects/muyang@colostate.edu/software/anaconda/envs/testenv/lib/python3.11/site-packages/numpy/lib/function_base.py:2455: RuntimeWarning: divide by zero encountered in func (vectorized)
  outputs = ufunc(*inputs)
/projects/muyang@colostate.edu/software/anaconda/envs/testenv/lib/python3.11/site-packages/numpy/lib/function_base.py:2455: RuntimeWarning: invalid value encountered in func (vectorized)
  outputs = ufunc(*inputs)
/projects/muyang@colostate.edu/software/anaconda/envs/testenv/lib/python3.11/site-packages/numpy/lib/function_base.py:2455: RuntimeWarning: divide by zero encountered in func (vectorized)
  outputs = ufunc(*inputs)
/projects/muyang@colostate.edu/software/anaconda/envs/testenv/lib/python3.11/site-packages/numpy/lib/function_base.py:2455: RuntimeWarning: invalid value encountered in func (vectorized)
  outputs = ufunc(*inputs)
900
2023-11-11 23:07:21
elapsed:  2051.1  seconds
950
2023-11-11 23:09:18
1000
2023-11-11 23:11:09
elapsed:  2279.7  seconds
1050
2023-11-11 23:13:05
1100
2023-11-11 23:15:01
elapsed:  2511.5  seconds
1150
2023-11-11 23:16:57
1200
2023-11-11 23:18:52
elapsed:  2742.6  seconds
1250
2023-11-11 23:20:47
1300
2023-11-11 23:22:42
elapsed:  2972.7  seconds
1350
2023-11-11 23:24:37
1400
2023-11-11 23:26:32
elapsed:  3202.3  seconds
1450
2023-11-11 23:28:29
1500
2023-11-11 23:30:24
elapsed:  3434.2  seconds
1550
2023-11-11 23:32:22
1600
2023-11-11 23:34:17
elapsed:  3667.5  seconds
1650
2023-11-11 23:36:14
1700
2023-11-11 23:38:09
elapsed:  3899.8  seconds
1750
2023-11-11 23:40:05
/projects/muyang@colostate.edu/software/anaconda/envs/testenv/lib/python3.11/site-packages/numpy/lib/function_base.py:2455: RuntimeWarning: divide by zero encountered in func (vectorized)
  outputs = ufunc(*inputs)
/projects/muyang@colostate.edu/software/anaconda/envs/testenv/lib/python3.11/site-packages/numpy/lib/function_base.py:2455: RuntimeWarning: invalid value encountered in func (vectorized)
  outputs = ufunc(*inputs)
1800
2023-11-11 23:41:59
elapsed:  4129.2  seconds
/projects/muyang@colostate.edu/software/anaconda/envs/testenv/lib/python3.11/site-packages/numpy/lib/function_base.py:2455: RuntimeWarning: divide by zero encountered in func (vectorized)
  outputs = ufunc(*inputs)
/projects/muyang@colostate.edu/software/anaconda/envs/testenv/lib/python3.11/site-packages/numpy/lib/function_base.py:2455: RuntimeWarning: invalid value encountered in func (vectorized)
  outputs = ufunc(*inputs)
1850
2023-11-11 23:43:55
1900
2023-11-11 23:45:49
elapsed:  4359.5  seconds
1950
2023-11-11 23:47:45
2000
2023-11-11 23:49:41
elapsed:  4591.5  seconds
2050
2023-11-11 23:51:38
2100
2023-11-11 23:53:33
elapsed:  4823.4  seconds
2150
2023-11-11 23:55:29
2200
2023-11-11 23:57:25
elapsed:  5055.5  seconds
2250
2023-11-11 23:59:22
2300
2023-11-12 00:01:17
elapsed:  5287.6  seconds
2350
2023-11-12 00:03:14
2400
2023-11-12 00:05:09
elapsed:  5519.7  seconds
2450
2023-11-12 00:07:06
2500
2023-11-12 00:09:00
elapsed:  5751.0  seconds
2550
2023-11-12 00:10:57
2600
2023-11-12 00:12:52
elapsed:  5982.7  seconds
2650
2023-11-12 00:14:49
/projects/muyang@colostate.edu/software/anaconda/envs/testenv/lib/python3.11/site-packages/numpy/lib/function_base.py:2455: RuntimeWarning: divide by zero encountered in func (vectorized)
  outputs = ufunc(*inputs)
/projects/muyang@colostate.edu/software/anaconda/envs/testenv/lib/python3.11/site-packages/numpy/lib/function_base.py:2455: RuntimeWarning: invalid value encountered in func (vectorized)
  outputs = ufunc(*inputs)
2700
2023-11-12 00:16:45
elapsed:  6215.3  seconds
2750
2023-11-12 00:18:41
2800
2023-11-12 00:20:36
elapsed:  6446.8  seconds
2850
2023-11-12 00:22:34
2900
2023-11-12 00:24:28
elapsed:  6678.7  seconds
2950
2023-11-12 00:26:25
3000
2023-11-12 00:28:21
elapsed:  6911.7  seconds
/projects/muyang@colostate.edu/software/anaconda/envs/testenv/lib/python3.11/site-packages/numpy/lib/function_base.py:2455: RuntimeWarning: divide by zero encountered in func (vectorized)
  outputs = ufunc(*inputs)
/projects/muyang@colostate.edu/software/anaconda/envs/testenv/lib/python3.11/site-packages/numpy/lib/function_base.py:2455: RuntimeWarning: invalid value encountered in func (vectorized)
  outputs = ufunc(*inputs)
3050
2023-11-12 00:30:18
/projects/muyang@colostate.edu/software/anaconda/envs/testenv/lib/python3.11/site-packages/numpy/lib/function_base.py:2455: RuntimeWarning: divide by zero encountered in func (vectorized)
  outputs = ufunc(*inputs)
/projects/muyang@colostate.edu/software/anaconda/envs/testenv/lib/python3.11/site-packages/numpy/lib/function_base.py:2455: RuntimeWarning: invalid value encountered in func (vectorized)
  outputs = ufunc(*inputs)
3100
2023-11-12 00:32:12
elapsed:  7142.9  seconds
3150
2023-11-12 00:34:09
3200
2023-11-12 00:36:04
elapsed:  7374.9  seconds
3250
2023-11-12 00:38:02
/projects/muyang@colostate.edu/software/anaconda/envs/testenv/lib/python3.11/site-packages/numpy/lib/function_base.py:2455: RuntimeWarning: divide by zero encountered in func (vectorized)
  outputs = ufunc(*inputs)
/projects/muyang@colostate.edu/software/anaconda/envs/testenv/lib/python3.11/site-packages/numpy/lib/function_base.py:2455: RuntimeWarning: invalid value encountered in func (vectorized)
  outputs = ufunc(*inputs)
3300
2023-11-12 00:39:57
elapsed:  7607.4  seconds
3350
2023-11-12 00:41:53
3400
2023-11-12 00:43:48
elapsed:  7838.7  seconds
3450
2023-11-12 00:45:45
/projects/muyang@colostate.edu/software/anaconda/envs/testenv/lib/python3.11/site-packages/numpy/lib/function_base.py:2455: RuntimeWarning: divide by zero encountered in func (vectorized)
  outputs = ufunc(*inputs)
/projects/muyang@colostate.edu/software/anaconda/envs/testenv/lib/python3.11/site-packages/numpy/lib/function_base.py:2455: RuntimeWarning: invalid value encountered in func (vectorized)
  outputs = ufunc(*inputs)
3500
2023-11-12 00:47:40
elapsed:  8070.3  seconds
3550
2023-11-12 00:49:36
3600
2023-11-12 00:51:30
elapsed:  8300.8  seconds
3650
2023-11-12 00:53:26
3700
2023-11-12 00:55:21
elapsed:  8531.3  seconds
3750
2023-11-12 00:57:17
3800
2023-11-12 00:59:13
elapsed:  8763.2  seconds
3850
2023-11-12 01:01:11
3900
2023-11-12 01:03:07
elapsed:  8997.2  seconds
3950
2023-11-12 01:05:05
4000
2023-11-12 01:06:59
elapsed:  9230.0  seconds
4050
2023-11-12 01:08:57
/projects/muyang@colostate.edu/software/anaconda/envs/testenv/lib/python3.11/site-packages/numpy/lib/function_base.py:2455: RuntimeWarning: divide by zero encountered in func (vectorized)
  outputs = ufunc(*inputs)
/projects/muyang@colostate.edu/software/anaconda/envs/testenv/lib/python3.11/site-packages/numpy/lib/function_base.py:2455: RuntimeWarning: invalid value encountered in func (vectorized)
  outputs = ufunc(*inputs)
4100
2023-11-12 01:10:53
elapsed:  9463.2  seconds
4150
2023-11-12 01:12:49
4200
2023-11-12 01:14:44
elapsed:  9694.6  seconds
4250
2023-11-12 01:16:41
4300
2023-11-12 01:18:37
elapsed:  9927.2  seconds
4350
2023-11-12 01:20:34
4400
2023-11-12 01:22:29
elapsed:  10159.2  seconds
/projects/muyang@colostate.edu/software/anaconda/envs/testenv/lib/python3.11/site-packages/numpy/lib/function_base.py:2455: RuntimeWarning: divide by zero encountered in func (vectorized)
  outputs = ufunc(*inputs)
/projects/muyang@colostate.edu/software/anaconda/envs/testenv/lib/python3.11/site-packages/numpy/lib/function_base.py:2455: RuntimeWarning: invalid value encountered in func (vectorized)
  outputs = ufunc(*inputs)
4450
2023-11-12 01:24:26
4500
2023-11-12 01:26:21
elapsed:  10391.5  seconds
4550
2023-11-12 01:28:18
/projects/muyang@colostate.edu/software/anaconda/envs/testenv/lib/python3.11/site-packages/numpy/lib/function_base.py:2455: RuntimeWarning: divide by zero encountered in func (vectorized)
  outputs = ufunc(*inputs)
/projects/muyang@colostate.edu/software/anaconda/envs/testenv/lib/python3.11/site-packages/numpy/lib/function_base.py:2455: RuntimeWarning: invalid value encountered in func (vectorized)
  outputs = ufunc(*inputs)
/projects/muyang@colostate.edu/software/anaconda/envs/testenv/lib/python3.11/site-packages/numpy/lib/function_base.py:2455: RuntimeWarning: divide by zero encountered in func (vectorized)
  outputs = ufunc(*inputs)
/projects/muyang@colostate.edu/software/anaconda/envs/testenv/lib/python3.11/site-packages/numpy/lib/function_base.py:2455: RuntimeWarning: invalid value encountered in func (vectorized)
  outputs = ufunc(*inputs)
4600
2023-11-12 01:30:14
elapsed:  10624.3  seconds
4650
2023-11-12 01:32:12
4700
2023-11-12 01:34:07
elapsed:  10857.7  seconds
4750
2023-11-12 01:36:07
4800
2023-11-12 01:38:02
elapsed:  11092.1  seconds
/projects/muyang@colostate.edu/software/anaconda/envs/testenv/lib/python3.11/site-packages/numpy/lib/function_base.py:2455: RuntimeWarning: divide by zero encountered in func (vectorized)
  outputs = ufunc(*inputs)
/projects/muyang@colostate.edu/software/anaconda/envs/testenv/lib/python3.11/site-packages/numpy/lib/function_base.py:2455: RuntimeWarning: invalid value encountered in func (vectorized)
  outputs = ufunc(*inputs)
/projects/muyang@colostate.edu/software/anaconda/envs/testenv/lib/python3.11/site-packages/numpy/lib/function_base.py:2455: RuntimeWarning: divide by zero encountered in func (vectorized)
  outputs = ufunc(*inputs)
/projects/muyang@colostate.edu/software/anaconda/envs/testenv/lib/python3.11/site-packages/numpy/lib/function_base.py:2455: RuntimeWarning: invalid value encountered in func (vectorized)
  outputs = ufunc(*inputs)
4850
2023-11-12 01:39:55
4900
2023-11-12 01:41:52
elapsed:  11322.1  seconds
4950
2023-11-12 01:43:49
/projects/muyang@colostate.edu/software/anaconda/envs/testenv/lib/python3.11/site-packages/numpy/lib/function_base.py:2455: RuntimeWarning: divide by zero encountered in func (vectorized)
  outputs = ufunc(*inputs)
/projects/muyang@colostate.edu/software/anaconda/envs/testenv/lib/python3.11/site-packages/numpy/lib/function_base.py:2455: RuntimeWarning: invalid value encountered in func (vectorized)
  outputs = ufunc(*inputs)
/projects/muyang@colostate.edu/software/anaconda/envs/testenv/lib/python3.11/site-packages/numpy/lib/function_base.py:2455: RuntimeWarning: divide by zero encountered in func (vectorized)
  outputs = ufunc(*inputs)
/projects/muyang@colostate.edu/software/anaconda/envs/testenv/lib/python3.11/site-packages/numpy/lib/function_base.py:2455: RuntimeWarning: invalid value encountered in func (vectorized)
  outputs = ufunc(*inputs)
5000
2023-11-12 01:45:44
elapsed:  11554.5  seconds
5050
2023-11-12 01:47:42
5100
2023-11-12 01:49:40
elapsed:  11790.5  seconds
5150
2023-11-12 01:51:37
5200
2023-11-12 01:53:34
elapsed:  12024.2  seconds
/projects/muyang@colostate.edu/software/anaconda/envs/testenv/lib/python3.11/site-packages/numpy/lib/function_base.py:2455: RuntimeWarning: divide by zero encountered in func (vectorized)
  outputs = ufunc(*inputs)
/projects/muyang@colostate.edu/software/anaconda/envs/testenv/lib/python3.11/site-packages/numpy/lib/function_base.py:2455: RuntimeWarning: invalid value encountered in func (vectorized)
  outputs = ufunc(*inputs)
5250
2023-11-12 01:55:33
/projects/muyang@colostate.edu/software/anaconda/envs/testenv/lib/python3.11/site-packages/numpy/lib/function_base.py:2455: RuntimeWarning: divide by zero encountered in func (vectorized)
  outputs = ufunc(*inputs)
/projects/muyang@colostate.edu/software/anaconda/envs/testenv/lib/python3.11/site-packages/numpy/lib/function_base.py:2455: RuntimeWarning: invalid value encountered in func (vectorized)
  outputs = ufunc(*inputs)
/projects/muyang@colostate.edu/software/anaconda/envs/testenv/lib/python3.11/site-packages/numpy/lib/function_base.py:2455: RuntimeWarning: divide by zero encountered in func (vectorized)
  outputs = ufunc(*inputs)
/projects/muyang@colostate.edu/software/anaconda/envs/testenv/lib/python3.11/site-packages/numpy/lib/function_base.py:2455: RuntimeWarning: invalid value encountered in func (vectorized)
  outputs = ufunc(*inputs)
/projects/muyang@colostate.edu/software/anaconda/envs/testenv/lib/python3.11/site-packages/numpy/lib/function_base.py:2455: RuntimeWarning: divide by zero encountered in func (vectorized)
  outputs = ufunc(*inputs)
/projects/muyang@colostate.edu/software/anaconda/envs/testenv/lib/python3.11/site-packages/numpy/lib/function_base.py:2455: RuntimeWarning: invalid value encountered in func (vectorized)
  outputs = ufunc(*inputs)
/projects/muyang@colostate.edu/software/anaconda/envs/testenv/lib/python3.11/site-packages/numpy/lib/function_base.py:2455: RuntimeWarning: divide by zero encountered in func (vectorized)
  outputs = ufunc(*inputs)
/projects/muyang@colostate.edu/software/anaconda/envs/testenv/lib/python3.11/site-packages/numpy/lib/function_base.py:2455: RuntimeWarning: invalid value encountered in func (vectorized)
  outputs = ufunc(*inputs)
5300
2023-11-12 01:57:29
elapsed:  12259.6  seconds
5350
2023-11-12 01:59:27
5400
2023-11-12 02:01:22
elapsed:  12492.8  seconds
5450
2023-11-12 02:03:20
5500
2023-11-12 02:05:17
elapsed:  12727.7  seconds
5550
2023-11-12 02:07:15
5600
2023-11-12 02:09:11
elapsed:  12961.3  seconds
5650
2023-11-12 02:11:09
5700
2023-11-12 02:13:06
elapsed:  13197.0  seconds
5750
2023-11-12 02:15:05
5800
2023-11-12 02:17:01
elapsed:  13431.1  seconds
5850
2023-11-12 02:18:58
5900
2023-11-12 02:20:53
elapsed:  13664.0  seconds
5950
2023-11-12 02:22:50
6000
2023-11-12 02:24:43
elapsed:  13893.2  seconds
6050
2023-11-12 02:26:37
6100
2023-11-12 02:28:34
elapsed:  14124.3  seconds
6150
2023-11-12 02:30:30
6200
2023-11-12 02:32:25
elapsed:  14355.9  seconds
6250
2023-11-12 02:34:23
6300
2023-11-12 02:36:17
elapsed:  14587.6  seconds
6350
2023-11-12 02:38:13
6400
2023-11-12 02:40:05
elapsed:  14816.0  seconds
6450
2023-11-12 02:42:04
6500
2023-11-12 02:43:58
elapsed:  15048.2  seconds
6550
2023-11-12 02:45:56
6600
2023-11-12 02:47:51
elapsed:  15282.0  seconds
6650
2023-11-12 02:49:49
6700
2023-11-12 02:51:44
elapsed:  15514.6  seconds
6750
2023-11-12 02:53:42
6800
2023-11-12 02:55:39
elapsed:  15749.5  seconds
6850
2023-11-12 02:57:37
6900
2023-11-12 02:59:33
elapsed:  15983.9  seconds
6950
2023-11-12 03:01:31
7000
2023-11-12 03:03:27
elapsed:  16217.2  seconds
7050
2023-11-12 03:05:24
7100
2023-11-12 03:07:21
elapsed:  16451.5  seconds
7150
2023-11-12 03:09:20
7200
2023-11-12 03:11:15
elapsed:  16685.1  seconds
7250
2023-11-12 03:13:12
7300
2023-11-12 03:15:08
elapsed:  16918.3  seconds
7350
2023-11-12 03:17:06
7400
2023-11-12 03:19:01
elapsed:  17151.7  seconds
7450
2023-11-12 03:20:59
7500
2023-11-12 03:22:54
elapsed:  17384.6  seconds
7550
2023-11-12 03:24:51
7600
2023-11-12 03:26:47
elapsed:  17617.5  seconds
7650
2023-11-12 03:28:46
7700
2023-11-12 03:30:42
elapsed:  17852.8  seconds
7750
2023-11-12 03:32:42
7800
2023-11-12 03:34:39
elapsed:  18089.2  seconds
7850
2023-11-12 03:36:37
7900
2023-11-12 03:38:33
elapsed:  18323.4  seconds
7950
2023-11-12 03:40:32
8000
2023-11-12 03:42:28
elapsed:  18558.5  seconds
8050
2023-11-12 03:44:26
8100
2023-11-12 03:46:22
elapsed:  18792.4  seconds
8150
2023-11-12 03:48:18
8200
2023-11-12 03:50:15
elapsed:  19025.8  seconds
8250
2023-11-12 03:52:14
/projects/muyang@colostate.edu/software/anaconda/envs/testenv/lib/python3.11/site-packages/numpy/lib/function_base.py:2455: RuntimeWarning: divide by zero encountered in func (vectorized)
  outputs = ufunc(*inputs)
/projects/muyang@colostate.edu/software/anaconda/envs/testenv/lib/python3.11/site-packages/numpy/lib/function_base.py:2455: RuntimeWarning: invalid value encountered in func (vectorized)
  outputs = ufunc(*inputs)
8300
2023-11-12 03:54:09
elapsed:  19259.9  seconds
8350
2023-11-12 03:56:06
8400
2023-11-12 03:58:02
elapsed:  19492.8  seconds
8450
2023-11-12 04:00:01
8500
2023-11-12 04:01:58
elapsed:  19728.1  seconds
8550
2023-11-12 04:03:55
8600
2023-11-12 04:05:52
elapsed:  19962.7  seconds
8650
2023-11-12 04:07:49
8700
2023-11-12 04:09:44
elapsed:  20194.5  seconds
8750
2023-11-12 04:11:41
8800
2023-11-12 04:13:36
elapsed:  20426.9  seconds
8850
2023-11-12 04:15:34
8900
2023-11-12 04:17:30
elapsed:  20660.4  seconds
8950
2023-11-12 04:19:25
9000
2023-11-12 04:21:20
elapsed:  20890.6  seconds
9050
2023-11-12 04:23:18
9100
2023-11-12 04:25:16
elapsed:  21126.9  seconds
/projects/muyang@colostate.edu/software/anaconda/envs/testenv/lib/python3.11/site-packages/numpy/lib/function_base.py:2455: RuntimeWarning: divide by zero encountered in func (vectorized)
  outputs = ufunc(*inputs)
/projects/muyang@colostate.edu/software/anaconda/envs/testenv/lib/python3.11/site-packages/numpy/lib/function_base.py:2455: RuntimeWarning: invalid value encountered in func (vectorized)
  outputs = ufunc(*inputs)
9150
2023-11-12 04:27:14
9200
2023-11-12 04:29:10
elapsed:  21360.5  seconds
9250
2023-11-12 04:31:08
9300
2023-11-12 04:33:03
elapsed:  21593.7  seconds
9350
2023-11-12 04:35:01
9400
2023-11-12 04:36:58
elapsed:  21828.9  seconds
9450
2023-11-12 04:38:56
9500
2023-11-12 04:40:52
elapsed:  22062.1  seconds
9550
2023-11-12 04:42:49
9600
2023-11-12 04:44:43
elapsed:  22293.6  seconds
9650
2023-11-12 04:46:40
9700
2023-11-12 04:48:36
elapsed:  22527.0  seconds
9750
2023-11-12 04:50:36
9800
2023-11-12 04:52:33
elapsed:  22763.3  seconds
9850
2023-11-12 04:54:33
9900
2023-11-12 04:56:28
elapsed:  22998.6  seconds
9950
2023-11-12 04:58:26
10000
2023-11-12 05:00:21
elapsed:  23231.8  seconds
10050
2023-11-12 05:02:19
10100
2023-11-12 05:04:14
elapsed:  23464.6  seconds
10150
2023-11-12 05:06:12
10200
2023-11-12 05:08:07
elapsed:  23697.9  seconds
10250
2023-11-12 05:10:05
10300
2023-11-12 05:12:01
elapsed:  23931.6  seconds
10350
2023-11-12 05:13:59
10400
2023-11-12 05:15:55
elapsed:  24165.7  seconds
10450
2023-11-12 05:17:54
10500
2023-11-12 05:19:50
elapsed:  24400.7  seconds
10550
2023-11-12 05:21:47
10600
2023-11-12 05:23:43
elapsed:  24633.8  seconds
10650
2023-11-12 05:25:39
10700
2023-11-12 05:27:35
elapsed:  24865.3  seconds
10750
2023-11-12 05:29:32
10800
2023-11-12 05:31:23
elapsed:  25094.0  seconds
10850
2023-11-12 05:33:19
10900
2023-11-12 05:35:15
elapsed:  25325.6  seconds
10950
2023-11-12 05:37:13
11000
2023-11-12 05:39:08
elapsed:  25558.2  seconds
11050
2023-11-12 05:41:05
11100
2023-11-12 05:42:59
elapsed:  25789.9  seconds
11150
2023-11-12 05:44:53
11200
2023-11-12 05:46:47
elapsed:  26017.2  seconds
11250
2023-11-12 05:48:41
11300
2023-11-12 05:50:37
elapsed:  26247.7  seconds
11350
2023-11-12 05:52:37
11400
2023-11-12 05:54:33
elapsed:  26483.6  seconds
11450
2023-11-12 05:56:32
11500
2023-11-12 05:58:29
elapsed:  26719.2  seconds
11550
2023-11-12 06:00:26
11600
2023-11-12 06:02:24
elapsed:  26954.8  seconds
11650
2023-11-12 06:04:22
11700
2023-11-12 06:06:19
elapsed:  27189.6  seconds
11750
2023-11-12 06:08:17
11800
2023-11-12 06:10:13
elapsed:  27423.2  seconds
11850
2023-11-12 06:12:11
11900
2023-11-12 06:14:07
elapsed:  27657.4  seconds
11950
2023-11-12 06:16:02
12000
2023-11-12 06:17:57
elapsed:  27887.9  seconds
12050
2023-11-12 06:19:56
12100
2023-11-12 06:21:52
elapsed:  28123.0  seconds
12150
2023-11-12 06:23:51
12200
2023-11-12 06:25:47
elapsed:  28357.7  seconds
12250
2023-11-12 06:27:46
12300
2023-11-12 06:29:42
elapsed:  28592.8  seconds
12350
2023-11-12 06:31:40
12400
2023-11-12 06:33:37
elapsed:  28827.9  seconds
12450
2023-11-12 06:35:36
12500
2023-11-12 06:37:31
elapsed:  29061.6  seconds
12550
2023-11-12 06:39:28
12600
2023-11-12 06:41:25
elapsed:  29295.5  seconds
12650
2023-11-12 06:43:24
12700
2023-11-12 06:45:20
elapsed:  29530.5  seconds
12750
2023-11-12 06:47:17
12800
2023-11-12 06:49:13
elapsed:  29763.2  seconds
12850
2023-11-12 06:51:10
12900
2023-11-12 06:53:06
elapsed:  29996.5  seconds
12950
2023-11-12 06:55:03
13000
2023-11-12 06:56:59
elapsed:  30229.5  seconds
13050
2023-11-12 06:58:57
13100
2023-11-12 07:00:52
elapsed:  30462.3  seconds
13150
2023-11-12 07:02:49
13200
2023-11-12 07:04:45
elapsed:  30695.9  seconds
13250
2023-11-12 07:06:43
13300
2023-11-12 07:08:39
elapsed:  30929.1  seconds
13350
2023-11-12 07:10:34
13400
2023-11-12 07:12:26
elapsed:  31156.8  seconds
13450
2023-11-12 07:14:24
13500
2023-11-12 07:16:21
elapsed:  31391.1  seconds
13550
2023-11-12 07:18:18
13600
2023-11-12 07:20:13
elapsed:  31624.0  seconds
13650
2023-11-12 07:22:10
13700
2023-11-12 07:24:04
elapsed:  31854.1  seconds
13750
2023-11-12 07:25:59
13800
2023-11-12 07:27:47
elapsed:  32077.9  seconds
13850
2023-11-12 07:29:41
13900
2023-11-12 07:31:35
elapsed:  32305.5  seconds
13950
2023-11-12 07:33:28
14000
2023-11-12 07:35:18
elapsed:  32528.9  seconds
14050
2023-11-12 07:37:15
14100
2023-11-12 07:39:07
elapsed:  32757.9  seconds
14150
2023-11-12 07:41:05
14200
2023-11-12 07:42:59
elapsed:  32990.0  seconds
14250
2023-11-12 07:44:57
14300
2023-11-12 07:46:51
elapsed:  33221.9  seconds
14350
2023-11-12 07:48:48
14400
2023-11-12 07:50:43
elapsed:  33453.7  seconds
14450
2023-11-12 07:52:38
14500
2023-11-12 07:54:32
elapsed:  33682.5  seconds
14550
2023-11-12 07:56:27
14600
2023-11-12 07:58:22
elapsed:  33912.4  seconds
14650
2023-11-12 08:00:19
14700
2023-11-12 08:02:13
elapsed:  34143.4  seconds
14750
2023-11-12 08:04:10
14800
2023-11-12 08:06:05
elapsed:  34375.4  seconds
14850
2023-11-12 08:08:02
14900
2023-11-12 08:09:57
elapsed:  34607.5  seconds
14950
2023-11-12 08:11:53
elapsed:  34836.8  seconds
total time:  34841.0  seconds
true R:  [[3.51028046e-01 2.96369476e-01 1.20464960e+00 3.95983791e+00
  1.77478695e-01 3.02299598e+00 3.57772175e-01 3.49811487e+00
  3.62608826e+00 1.45457507e-01 3.27889083e-01 2.61531353e+00
  5.50853401e-01 3.21092414e+00 2.46260664e+00 5.48818285e-01
  1.03338343e+01 2.44952621e+01 1.15866921e+00 8.86882039e-02
  1.39748122e+01 3.23292314e-01 2.29410191e-01 6.05175631e-01
  9.10107000e-01 7.07004715e-01 1.82837901e+01 2.19890555e-01
  1.65428122e+00 1.23910685e+00 1.63665261e+00 1.64049266e-01
  6.16727641e-01 1.90117408e+00 5.53712493e+00 1.22033405e+02
  1.82692703e+01 2.63802035e+00 4.98166285e-01 1.15057711e+00
  3.13984249e-01 2.49550139e+00 2.54185050e-01 1.53143817e+00
  1.19938159e+01 5.16102400e-01 1.57691467e+00 8.68275934e+00
  1.85324946e-01 1.56109763e+00 8.95210582e-01 5.64707221e-01
  5.48083081e-01 5.13851470e+01 4.05859165e+00 1.69766694e+00
  3.56089190e+00 9.21589617e+01 2.20706226e+00 3.09797197e+00
  2.44821713e+06 4.15283826e+01 1.18651342e+00 2.39103575e-01]
 [1.88278880e-01 1.75069147e+00 2.04022294e-01 6.68889331e-01
  2.44787367e-01 3.44080230e-01 2.01262018e+00 2.77247909e+00
  9.61210325e-01 1.31159636e+00 9.78158007e+00 1.04755950e-01
  2.31924024e+00 5.75502112e-01 1.99849070e-01 6.81811669e-01
  9.06422366e-01 2.92689439e+00 1.41337349e-01 4.64271464e-01
  3.35897605e-01 1.65007705e+00 4.67508035e-01 3.50647667e+00
  1.11794766e+01 5.30320526e-01 4.30990442e-01 5.51092875e+00
  2.67814484e+00 9.02584737e+00 3.64956819e-01 1.11076269e+01
  5.83017977e+00 4.09298163e+01 1.78096557e+00 4.79975268e-01
  1.73871338e+02 3.21053517e-01 1.15144243e+01 1.89720142e-01
  3.33609024e-01 2.95167705e+00 1.94301783e+00 5.52965852e-01
  4.91490770e-01 1.75065576e+00 3.97564225e+01 3.03309906e+00
  4.67790318e+00 3.26175356e+00 8.41890176e+00 1.12555151e+01
  2.31874561e-01 6.58692965e-01 1.30794784e+00 1.74047707e+01
  2.79176863e-01 3.56649525e-01 4.24845194e-01 1.96828546e+00
  8.11737749e-01 5.75749873e+00 1.47321381e-01 1.67782894e-01]
 [1.49582328e-01 1.08464142e+04 5.54338205e-01 1.38484351e-01
  3.06834873e-01 1.00701371e+00 1.60786705e+00 7.94158239e-02
  6.27953985e+00 5.37386301e+00 1.39530725e+00 2.63588446e+02
  1.55489393e-01 3.85491412e+03 1.99138108e+01 1.77843480e-01
  2.41635533e-01 2.81674713e-01 3.61573222e-01 3.11801885e-01
  4.26714049e+00 1.18879178e-01 1.29027453e+00 1.26669453e-01
  4.37417233e+01 1.21390100e+00 7.80005222e-01 3.68473186e-01
  1.05167828e-01 1.05650685e-01 7.06217120e-01 1.01809975e+01
  9.79224562e-01 5.54892997e-01 9.18842080e-01 1.15645618e-01
  2.52728051e+01 4.18236533e-01 2.64630750e+02 6.41360630e-02
  6.49008774e-01 9.76316519e+05 9.89291214e-01 5.85062321e-01
  2.88106538e-01 5.59017801e-01 5.80877246e-02 3.16084321e-01
  7.78686439e+00 2.09823340e+00 2.88735367e+00 5.33552902e-01
  1.83644059e+00 1.45115618e+00 1.46085642e+02 4.17250602e-01
  4.94202384e+00 1.84064735e+00 4.46425545e-01 3.02201983e+00
  6.79300040e-01 3.80758662e-01 3.71099405e+00 1.22266495e-01]
 [2.71114424e+01 2.18803509e+00 2.18163593e+00 6.44617395e+00
  1.26343267e-01 2.10996152e-01 1.80330434e-01 8.98078628e-01
  5.64065917e-01 1.93251205e+00 6.72414168e+00 2.56069463e-01
  4.38516327e-01 2.15909561e-01 5.51999875e+02 1.30506119e-01
  3.53689646e+01 1.31666770e+00 1.56101854e+01 1.08409229e+00
  3.40489079e-01 6.14569346e-01 9.81525944e-01 6.76301047e+00
  2.35366286e+00 1.08373016e+00 1.96900036e+03 8.52319384e-02
  1.56745454e+00 5.04248411e-01 3.15079641e+00 1.24574301e-01
  1.50384620e+00 6.25614574e-02 2.45951423e+01 2.57472089e+00
  2.55368718e+00 2.71588854e+01 1.46573407e+01 4.31421165e-01
  2.75460670e-01 9.67491928e-01 1.36929607e+00 3.44798748e-01
  1.30257101e+00 1.48017601e+01 5.02242097e-01 2.20581384e+00
  4.77070706e+00 1.32980255e+00 7.59198735e+00 7.91540031e-01
  5.88678005e-01 2.53198052e+01 2.40676640e+00 3.15875253e+03
  2.57157384e+00 1.17644499e+00 1.90837818e+00 6.35113524e-01
  3.63684147e-01 4.38049056e-01 7.27604349e-01 4.91061619e+00]
 [6.46677781e-01 2.11980982e+00 5.74871168e+00 1.85008518e+00
  6.41476124e-01 1.69818318e+00 1.80345894e+00 1.78586499e+00
  6.14193451e+00 8.54228340e-01 1.17744477e+00 7.45277884e-01
  2.79310681e+02 2.50281248e+00 2.24188080e-01 2.52285725e-01
  3.59256149e-01 2.06745461e+03 1.39551677e-01 3.22870785e+00
  4.26233359e-01 1.86948406e-01 5.05801470e+00 2.25242657e+00
  4.02099834e+00 4.49035420e-01 3.60060533e+00 1.21920429e+01
  2.68103376e+00 2.70988850e-01 1.41220715e+00 1.88152112e-01
  8.66150684e+02 1.42708137e-01 7.04724592e+02 1.83279853e-01
  1.61808767e+01 7.45461638e-01 2.84702317e+00 3.26553235e+00
  1.63321316e-01 1.59608043e-01 1.25467556e+00 1.03204801e+00
  1.94272628e-01 3.51339116e+02 7.52979985e-01 6.22468042e+00
  9.65591956e-02 2.01244414e+00 2.38496883e-01 4.18864745e+01
  4.79758407e-01 1.08200337e+00 4.45242085e-01 1.23547059e+00
  1.95567651e+01 3.75900594e+01 1.49806694e-01 1.38680299e-01
  9.27953351e-01 2.07169433e+00 3.01894378e+01 3.87595912e-01]
 [2.03450935e+00 3.58937434e-01 1.81058470e+00 3.74625295e-01
  6.41276440e-01 2.28519677e-01 2.79915801e-01 4.98899813e+00
  7.34541555e-01 1.06801337e+00 5.00020817e+00 7.76796121e-02
  3.65697532e+02 3.22329503e-01 4.39958395e+00 1.18520022e+00
  4.66040406e+00 3.26798436e-01 1.01643823e-01 2.09712346e-01
  3.37039343e-01 5.78856032e-01 1.79466927e-01 1.12034229e-01
  4.93628552e-01 8.53626439e-01 1.98813903e-01 6.61541119e-01
  4.91642906e-01 2.03793519e+03 5.13896138e-01 3.31357760e+02
  6.55363979e-01 6.70962715e+01 1.78803683e+00 2.91468749e-01
  1.99368319e+01 9.88684117e-01 2.33215323e-01 1.61451283e+00
  3.16227559e+00 2.33665558e+00 1.14344119e+00 6.76491120e-01
  4.28115758e+01 5.53790986e+00 1.82335844e+00 1.99252185e+01
  1.11231651e+01 1.19994785e+00 1.63081617e-01 4.95843274e+00
  6.91850461e+02 4.61475059e-01 3.44747644e+01 3.21006239e+03
  2.41681718e+01 1.03619137e+00 3.72850561e-01 8.68058775e-01
  7.89144974e-01 4.36190473e-01 5.82465928e+00 5.51131522e-01]
 [1.25239359e+00 6.40975110e+01 2.65462596e-01 1.86350614e-01
  7.99891191e+00 6.28780615e-01 5.11613735e+02 8.66747605e+00
  2.83673970e+00 1.45456693e-01 1.41008332e+00 8.10845092e-01
  5.58965372e-01 1.14022041e+03 4.18226351e+00 7.65136356e-01
  4.00786602e+00 1.02410732e-01 1.65935446e+00 4.55460465e-01
  5.52605786e+00 8.07979896e+00 1.57583725e+00 3.27707997e-01
  2.22218181e-01 3.50616656e-01 1.35662467e-01 1.28976415e+01
  2.73205489e-01 1.05044711e+00 6.03328260e+03 3.43200623e+00
  1.99893609e+00 2.98580463e-01 2.69688836e+01 3.37788121e-01
  8.63938403e-01 4.24641535e+00 9.65660836e-01 2.05743076e+00
  1.15969182e+00 2.83163252e+00 1.65420259e+00 3.20719806e-01
  4.01292554e-01 3.00331388e+00 3.38822973e-01 1.92718361e-01
  4.77350292e+00 3.70641570e-01 1.67848511e+00 2.78748483e-01
  9.22124943e-01 6.81013403e+01 3.65972129e-01 3.54890369e+02
  8.01679518e-01 7.02165234e-01 3.50323400e+00 8.31548439e-02
  6.29028642e-01 1.46936174e+01 2.52386620e+00 5.50448472e-01]
 [2.71098524e+00 2.16963932e+01 1.22312734e+00 1.24521184e+00
  5.06021889e+00 1.86621320e+00 1.69213261e+00 2.84878184e+02
  3.87164721e-01 3.11453687e+02 1.54054273e-01 1.98439841e-01
  2.50472814e-01 4.30156910e-01 2.91220171e+00 1.66340768e+00
  1.78473467e+00 2.16349016e-01 1.11236818e+00 4.97942927e+00
  9.26987351e-01 5.02496757e+01 1.78641561e+00 1.01495813e+00
  3.26805535e+00 2.22748647e+00 1.19887759e+00 3.51927189e-01
  5.04667143e-01 5.97464370e+00 1.09789497e+02 1.14975619e+00
  1.81762917e-01 2.15844148e+01 2.50020654e-01 3.66469710e-01
  4.42170837e+01 2.72250163e+00 7.28167720e-01 1.44246546e-01
  9.76248578e-01 5.35633456e-01 1.54029850e+00 7.23822206e-01
  2.86744477e-01 4.52750415e+01 1.06868356e+00 8.03037233e+00
  4.45075703e-01 3.28269311e-01 1.33252513e-01 4.69475708e+01
  1.60521480e+00 5.86846470e-01 2.75716915e-01 3.34343495e-01
  6.03221718e+00 1.17235901e+01 1.04888782e+01 1.49167090e+00
  1.60455715e+00 5.07723257e-01 3.90314080e-01 1.17861089e+00]
 [1.55519922e-01 5.07191606e+00 2.61906893e-01 1.90761000e+00
  3.34637638e+00 2.47694183e-01 9.70201275e-01 7.50475887e+00
  4.97594095e+00 1.39149033e-01 1.85839196e-01 4.61087495e-01
  1.27595123e+00 1.42376862e+00 2.72334407e-01 1.70320354e+02
  8.84233933e+00 6.12879520e+00 5.10970955e-01 8.11951495e-01
  4.73190762e-01 1.63141462e+01 1.33701639e+00 1.41900364e+01
  8.02600771e-01 8.24523339e-02 1.43740308e-01 2.32194505e+01
  5.12943456e-01 7.68667876e-01 1.62463480e+00 1.27951708e+00
  7.78463460e+00 1.29789905e+00 1.96098524e+00 2.22627902e-01
  1.07871686e-01 6.65691551e-01 1.92283822e-01 1.12934707e+00
  5.29039073e-01 2.61579900e+00 1.57483777e-01 1.45035634e+00
  2.78546335e-01 5.10209771e-01 1.32356855e-01 8.75611405e-01
  8.14941138e-01 4.15159232e-01 1.43783220e+00 5.93156626e-01
  1.99675223e-01 5.05016783e-01 1.70340037e-01 1.94274394e+00
  4.33742597e-01 2.62049611e+00 2.12317145e+03 1.03035905e-01
  2.48248219e-01 7.59314361e-02 9.06186084e+01 5.10682787e+00]]
