1
50
2023-11-11 22:34:40
100
2023-11-11 22:36:23
elapsed:  206.3  seconds
150
2023-11-11 22:38:10
/projects/muyang@colostate.edu/software/anaconda/envs/testenv/lib/python3.11/site-packages/numpy/lib/function_base.py:2455: RuntimeWarning: divide by zero encountered in func (vectorized)
  outputs = ufunc(*inputs)
/projects/muyang@colostate.edu/software/anaconda/envs/testenv/lib/python3.11/site-packages/numpy/lib/function_base.py:2455: RuntimeWarning: invalid value encountered in func (vectorized)
  outputs = ufunc(*inputs)
200
2023-11-11 22:39:53
elapsed:  417.0  seconds
250
2023-11-11 22:41:35
300
2023-11-11 22:43:18
elapsed:  621.2  seconds
350
2023-11-11 22:45:05
400
2023-11-11 22:46:51
elapsed:  834.9  seconds
450
2023-11-11 22:48:40
500
2023-11-11 22:50:26
elapsed:  1049.3  seconds
550
2023-11-11 22:52:16
600
2023-11-11 22:54:01
elapsed:  1264.6  seconds
650
2023-11-11 22:55:49
700
2023-11-11 22:57:36
elapsed:  1479.8  seconds
750
2023-11-11 22:59:24
800
2023-11-11 23:01:09
elapsed:  1692.6  seconds
850
2023-11-11 23:02:56
900
2023-11-11 23:04:41
elapsed:  1904.5  seconds
950
2023-11-11 23:06:28
1000
2023-11-11 23:08:14
elapsed:  2117.8  seconds
1050
2023-11-11 23:10:03
1100
2023-11-11 23:11:46
elapsed:  2329.4  seconds
1150
2023-11-11 23:13:34
/projects/muyang@colostate.edu/software/anaconda/envs/testenv/lib/python3.11/site-packages/numpy/lib/function_base.py:2455: RuntimeWarning: divide by zero encountered in func (vectorized)
  outputs = ufunc(*inputs)
/projects/muyang@colostate.edu/software/anaconda/envs/testenv/lib/python3.11/site-packages/numpy/lib/function_base.py:2455: RuntimeWarning: invalid value encountered in func (vectorized)
  outputs = ufunc(*inputs)
1200
2023-11-11 23:15:19
elapsed:  2543.0  seconds
1250
2023-11-11 23:17:06
1300
2023-11-11 23:18:52
elapsed:  2755.0  seconds
1350
2023-11-11 23:20:41
1400
2023-11-11 23:22:27
elapsed:  2970.1  seconds
1450
2023-11-11 23:24:15
/projects/muyang@colostate.edu/software/anaconda/envs/testenv/lib/python3.11/site-packages/numpy/lib/function_base.py:2455: RuntimeWarning: divide by zero encountered in func (vectorized)
  outputs = ufunc(*inputs)
/projects/muyang@colostate.edu/software/anaconda/envs/testenv/lib/python3.11/site-packages/numpy/lib/function_base.py:2455: RuntimeWarning: invalid value encountered in func (vectorized)
  outputs = ufunc(*inputs)
1500
2023-11-11 23:26:00
elapsed:  3183.3  seconds
1550
2023-11-11 23:27:49
1600
2023-11-11 23:29:35
elapsed:  3398.3  seconds
1650
2023-11-11 23:31:22
1700
2023-11-11 23:33:09
elapsed:  3612.1  seconds
/projects/muyang@colostate.edu/software/anaconda/envs/testenv/lib/python3.11/site-packages/numpy/lib/function_base.py:2455: RuntimeWarning: divide by zero encountered in func (vectorized)
  outputs = ufunc(*inputs)
/projects/muyang@colostate.edu/software/anaconda/envs/testenv/lib/python3.11/site-packages/numpy/lib/function_base.py:2455: RuntimeWarning: invalid value encountered in func (vectorized)
  outputs = ufunc(*inputs)
/projects/muyang@colostate.edu/software/anaconda/envs/testenv/lib/python3.11/site-packages/numpy/lib/function_base.py:2455: RuntimeWarning: divide by zero encountered in func (vectorized)
  outputs = ufunc(*inputs)
/projects/muyang@colostate.edu/software/anaconda/envs/testenv/lib/python3.11/site-packages/numpy/lib/function_base.py:2455: RuntimeWarning: invalid value encountered in func (vectorized)
  outputs = ufunc(*inputs)
1750
2023-11-11 23:34:56
1800
2023-11-11 23:36:41
elapsed:  3824.5  seconds
1850
2023-11-11 23:38:29
1900
2023-11-11 23:40:15
elapsed:  4038.6  seconds
1950
2023-11-11 23:42:03
2000
2023-11-11 23:43:49
elapsed:  4252.4  seconds
/projects/muyang@colostate.edu/software/anaconda/envs/testenv/lib/python3.11/site-packages/numpy/lib/function_base.py:2455: RuntimeWarning: divide by zero encountered in func (vectorized)
  outputs = ufunc(*inputs)
/projects/muyang@colostate.edu/software/anaconda/envs/testenv/lib/python3.11/site-packages/numpy/lib/function_base.py:2455: RuntimeWarning: invalid value encountered in func (vectorized)
  outputs = ufunc(*inputs)
/projects/muyang@colostate.edu/software/anaconda/envs/testenv/lib/python3.11/site-packages/numpy/lib/function_base.py:2455: RuntimeWarning: divide by zero encountered in func (vectorized)
  outputs = ufunc(*inputs)
/projects/muyang@colostate.edu/software/anaconda/envs/testenv/lib/python3.11/site-packages/numpy/lib/function_base.py:2455: RuntimeWarning: invalid value encountered in func (vectorized)
  outputs = ufunc(*inputs)
2050
2023-11-11 23:45:37
/projects/muyang@colostate.edu/software/anaconda/envs/testenv/lib/python3.11/site-packages/numpy/lib/function_base.py:2455: RuntimeWarning: divide by zero encountered in func (vectorized)
  outputs = ufunc(*inputs)
/projects/muyang@colostate.edu/software/anaconda/envs/testenv/lib/python3.11/site-packages/numpy/lib/function_base.py:2455: RuntimeWarning: invalid value encountered in func (vectorized)
  outputs = ufunc(*inputs)
2100
2023-11-11 23:47:23
elapsed:  4466.3  seconds
/projects/muyang@colostate.edu/software/anaconda/envs/testenv/lib/python3.11/site-packages/numpy/lib/function_base.py:2455: RuntimeWarning: divide by zero encountered in func (vectorized)
  outputs = ufunc(*inputs)
/projects/muyang@colostate.edu/software/anaconda/envs/testenv/lib/python3.11/site-packages/numpy/lib/function_base.py:2455: RuntimeWarning: invalid value encountered in func (vectorized)
  outputs = ufunc(*inputs)
2150
2023-11-11 23:49:11
2200
2023-11-11 23:50:57
elapsed:  4680.2  seconds
2250
2023-11-11 23:52:44
2300
2023-11-11 23:54:30
elapsed:  4893.1  seconds
2350
2023-11-11 23:56:19
2400
2023-11-11 23:58:04
elapsed:  5107.3  seconds
/projects/muyang@colostate.edu/software/anaconda/envs/testenv/lib/python3.11/site-packages/numpy/lib/function_base.py:2455: RuntimeWarning: divide by zero encountered in func (vectorized)
  outputs = ufunc(*inputs)
/projects/muyang@colostate.edu/software/anaconda/envs/testenv/lib/python3.11/site-packages/numpy/lib/function_base.py:2455: RuntimeWarning: invalid value encountered in func (vectorized)
  outputs = ufunc(*inputs)
2450
2023-11-11 23:59:53
2500
2023-11-12 00:01:39
elapsed:  5322.8  seconds
2550
2023-11-12 00:03:27
2600
2023-11-12 00:05:13
elapsed:  5537.0  seconds
2650
2023-11-12 00:07:01
/projects/muyang@colostate.edu/software/anaconda/envs/testenv/lib/python3.11/site-packages/numpy/lib/function_base.py:2455: RuntimeWarning: divide by zero encountered in func (vectorized)
  outputs = ufunc(*inputs)
/projects/muyang@colostate.edu/software/anaconda/envs/testenv/lib/python3.11/site-packages/numpy/lib/function_base.py:2455: RuntimeWarning: invalid value encountered in func (vectorized)
  outputs = ufunc(*inputs)
2700
2023-11-12 00:08:47
elapsed:  5750.8  seconds
/projects/muyang@colostate.edu/software/anaconda/envs/testenv/lib/python3.11/site-packages/numpy/lib/function_base.py:2455: RuntimeWarning: divide by zero encountered in func (vectorized)
  outputs = ufunc(*inputs)
/projects/muyang@colostate.edu/software/anaconda/envs/testenv/lib/python3.11/site-packages/numpy/lib/function_base.py:2455: RuntimeWarning: invalid value encountered in func (vectorized)
  outputs = ufunc(*inputs)
2750
2023-11-12 00:10:35
2800
2023-11-12 00:12:22
elapsed:  5965.2  seconds
2850
2023-11-12 00:14:10
2900
2023-11-12 00:15:55
elapsed:  6178.1  seconds
/projects/muyang@colostate.edu/software/anaconda/envs/testenv/lib/python3.11/site-packages/numpy/lib/function_base.py:2455: RuntimeWarning: divide by zero encountered in func (vectorized)
  outputs = ufunc(*inputs)
/projects/muyang@colostate.edu/software/anaconda/envs/testenv/lib/python3.11/site-packages/numpy/lib/function_base.py:2455: RuntimeWarning: invalid value encountered in func (vectorized)
  outputs = ufunc(*inputs)
2950
2023-11-12 00:17:43
3000
2023-11-12 00:19:28
elapsed:  6391.6  seconds
3050
2023-11-12 00:21:17
3100
2023-11-12 00:23:03
elapsed:  6606.3  seconds
3150
2023-11-12 00:24:50
3200
2023-11-12 00:26:36
elapsed:  6819.9  seconds
3250
2023-11-12 00:28:23
3300
2023-11-12 00:30:07
elapsed:  7030.6  seconds
3350
2023-11-12 00:31:52
3400
2023-11-12 00:33:38
elapsed:  7241.5  seconds
3450
2023-11-12 00:35:26
3500
2023-11-12 00:37:11
elapsed:  7455.0  seconds
3550
2023-11-12 00:38:59
/projects/muyang@colostate.edu/software/anaconda/envs/testenv/lib/python3.11/site-packages/numpy/lib/function_base.py:2455: RuntimeWarning: divide by zero encountered in func (vectorized)
  outputs = ufunc(*inputs)
/projects/muyang@colostate.edu/software/anaconda/envs/testenv/lib/python3.11/site-packages/numpy/lib/function_base.py:2455: RuntimeWarning: invalid value encountered in func (vectorized)
  outputs = ufunc(*inputs)
3600
2023-11-12 00:40:44
elapsed:  7667.8  seconds
3650
2023-11-12 00:42:32
3700
2023-11-12 00:44:18
elapsed:  7881.1  seconds
3750
2023-11-12 00:46:04
3800
2023-11-12 00:47:50
elapsed:  8093.7  seconds
3850
2023-11-12 00:49:37
3900
2023-11-12 00:51:20
elapsed:  8303.8  seconds
3950
2023-11-12 00:53:08
4000
2023-11-12 00:54:55
elapsed:  8518.3  seconds
4050
2023-11-12 00:56:45
4100
2023-11-12 00:58:32
elapsed:  8735.0  seconds
4150
2023-11-12 01:00:21
4200
2023-11-12 01:02:09
elapsed:  8952.4  seconds
4250
2023-11-12 01:03:57
4300
2023-11-12 01:05:43
elapsed:  9166.4  seconds
4350
2023-11-12 01:07:33
/projects/muyang@colostate.edu/software/anaconda/envs/testenv/lib/python3.11/site-packages/numpy/lib/function_base.py:2455: RuntimeWarning: divide by zero encountered in func (vectorized)
  outputs = ufunc(*inputs)
/projects/muyang@colostate.edu/software/anaconda/envs/testenv/lib/python3.11/site-packages/numpy/lib/function_base.py:2455: RuntimeWarning: invalid value encountered in func (vectorized)
  outputs = ufunc(*inputs)
4400
2023-11-12 01:09:20
elapsed:  9383.2  seconds
4450
2023-11-12 01:11:07
4500
2023-11-12 01:12:53
elapsed:  9596.6  seconds
4550
2023-11-12 01:14:41
4600
2023-11-12 01:16:28
elapsed:  9811.2  seconds
4650
2023-11-12 01:18:15
4700
2023-11-12 01:20:01
elapsed:  10024.4  seconds
4750
2023-11-12 01:21:49
4800
2023-11-12 01:23:35
elapsed:  10238.3  seconds
4850
2023-11-12 01:25:22
4900
2023-11-12 01:27:07
elapsed:  10450.9  seconds
4950
2023-11-12 01:28:54
5000
2023-11-12 01:30:40
elapsed:  10663.1  seconds
/projects/muyang@colostate.edu/software/anaconda/envs/testenv/lib/python3.11/site-packages/numpy/lib/function_base.py:2455: RuntimeWarning: divide by zero encountered in func (vectorized)
  outputs = ufunc(*inputs)
/projects/muyang@colostate.edu/software/anaconda/envs/testenv/lib/python3.11/site-packages/numpy/lib/function_base.py:2455: RuntimeWarning: invalid value encountered in func (vectorized)
  outputs = ufunc(*inputs)
5050
2023-11-12 01:32:26
5100
2023-11-12 01:34:07
elapsed:  10870.7  seconds
5150
2023-11-12 01:35:55
5200
2023-11-12 01:37:41
elapsed:  11084.3  seconds
/projects/muyang@colostate.edu/software/anaconda/envs/testenv/lib/python3.11/site-packages/numpy/lib/function_base.py:2455: RuntimeWarning: divide by zero encountered in func (vectorized)
  outputs = ufunc(*inputs)
/projects/muyang@colostate.edu/software/anaconda/envs/testenv/lib/python3.11/site-packages/numpy/lib/function_base.py:2455: RuntimeWarning: invalid value encountered in func (vectorized)
  outputs = ufunc(*inputs)
5250
2023-11-12 01:39:28
5300
2023-11-12 01:41:13
elapsed:  11296.7  seconds
5350
2023-11-12 01:43:00
5400
2023-11-12 01:44:44
elapsed:  11507.9  seconds
5450
2023-11-12 01:46:30
5500
2023-11-12 01:48:15
elapsed:  11719.0  seconds
5550
2023-11-12 01:50:03
5600
2023-11-12 01:51:50
elapsed:  11933.3  seconds
5650
2023-11-12 01:53:38
5700
2023-11-12 01:55:24
elapsed:  12147.5  seconds
/projects/muyang@colostate.edu/software/anaconda/envs/testenv/lib/python3.11/site-packages/numpy/lib/function_base.py:2455: RuntimeWarning: divide by zero encountered in func (vectorized)
  outputs = ufunc(*inputs)
/projects/muyang@colostate.edu/software/anaconda/envs/testenv/lib/python3.11/site-packages/numpy/lib/function_base.py:2455: RuntimeWarning: invalid value encountered in func (vectorized)
  outputs = ufunc(*inputs)
/projects/muyang@colostate.edu/software/anaconda/envs/testenv/lib/python3.11/site-packages/numpy/lib/function_base.py:2455: RuntimeWarning: divide by zero encountered in func (vectorized)
  outputs = ufunc(*inputs)
/projects/muyang@colostate.edu/software/anaconda/envs/testenv/lib/python3.11/site-packages/numpy/lib/function_base.py:2455: RuntimeWarning: invalid value encountered in func (vectorized)
  outputs = ufunc(*inputs)
5750
2023-11-12 01:57:12
5800
2023-11-12 01:58:57
elapsed:  12360.4  seconds
5850
2023-11-12 02:00:44
5900
2023-11-12 02:02:30
elapsed:  12573.5  seconds
5950
2023-11-12 02:04:18
/projects/muyang@colostate.edu/software/anaconda/envs/testenv/lib/python3.11/site-packages/numpy/lib/function_base.py:2455: RuntimeWarning: divide by zero encountered in func (vectorized)
  outputs = ufunc(*inputs)
/projects/muyang@colostate.edu/software/anaconda/envs/testenv/lib/python3.11/site-packages/numpy/lib/function_base.py:2455: RuntimeWarning: invalid value encountered in func (vectorized)
  outputs = ufunc(*inputs)
6000
2023-11-12 02:06:02
elapsed:  12785.9  seconds
6050
2023-11-12 02:07:49
6100
2023-11-12 02:09:34
elapsed:  12997.9  seconds
6150
2023-11-12 02:11:22
6200
2023-11-12 02:13:08
elapsed:  13211.2  seconds
6250
2023-11-12 02:14:55
6300
2023-11-12 02:16:40
elapsed:  13423.5  seconds
/projects/muyang@colostate.edu/software/anaconda/envs/testenv/lib/python3.11/site-packages/numpy/lib/function_base.py:2455: RuntimeWarning: divide by zero encountered in func (vectorized)
  outputs = ufunc(*inputs)
/projects/muyang@colostate.edu/software/anaconda/envs/testenv/lib/python3.11/site-packages/numpy/lib/function_base.py:2455: RuntimeWarning: invalid value encountered in func (vectorized)
  outputs = ufunc(*inputs)
6350
2023-11-12 02:18:28
6400
2023-11-12 02:20:14
elapsed:  13637.4  seconds
6450
2023-11-12 02:22:01
6500
2023-11-12 02:23:48
elapsed:  13851.1  seconds
6550
2023-11-12 02:25:35
6600
2023-11-12 02:27:22
elapsed:  14065.2  seconds
6650
2023-11-12 02:29:10
6700
2023-11-12 02:30:56
elapsed:  14279.3  seconds
6750
2023-11-12 02:32:45
6800
2023-11-12 02:34:30
elapsed:  14493.6  seconds
/projects/muyang@colostate.edu/software/anaconda/envs/testenv/lib/python3.11/site-packages/numpy/lib/function_base.py:2455: RuntimeWarning: divide by zero encountered in func (vectorized)
  outputs = ufunc(*inputs)
/projects/muyang@colostate.edu/software/anaconda/envs/testenv/lib/python3.11/site-packages/numpy/lib/function_base.py:2455: RuntimeWarning: invalid value encountered in func (vectorized)
  outputs = ufunc(*inputs)
6850
2023-11-12 02:36:18
6900
2023-11-12 02:38:04
elapsed:  14707.1  seconds
6950
2023-11-12 02:39:53
7000
2023-11-12 02:41:36
elapsed:  14919.0  seconds
7050
2023-11-12 02:43:25
/projects/muyang@colostate.edu/software/anaconda/envs/testenv/lib/python3.11/site-packages/numpy/lib/function_base.py:2455: RuntimeWarning: divide by zero encountered in func (vectorized)
  outputs = ufunc(*inputs)
/projects/muyang@colostate.edu/software/anaconda/envs/testenv/lib/python3.11/site-packages/numpy/lib/function_base.py:2455: RuntimeWarning: invalid value encountered in func (vectorized)
  outputs = ufunc(*inputs)
7100
2023-11-12 02:45:11
elapsed:  15134.4  seconds
7150
2023-11-12 02:46:58
7200
2023-11-12 02:48:43
elapsed:  15346.8  seconds
7250
2023-11-12 02:50:29
7300
2023-11-12 02:52:12
elapsed:  15555.1  seconds
7350
2023-11-12 02:53:59
7400
2023-11-12 02:55:45
elapsed:  15768.6  seconds
7450
2023-11-12 02:57:33
7500
2023-11-12 02:59:19
elapsed:  15982.4  seconds
7550
2023-11-12 03:01:07
7600
2023-11-12 03:02:53
elapsed:  16196.4  seconds
7650
2023-11-12 03:04:41
7700
2023-11-12 03:06:27
elapsed:  16410.2  seconds
7750
2023-11-12 03:08:13
7800
2023-11-12 03:09:58
elapsed:  16622.0  seconds
7850
2023-11-12 03:11:47
7900
2023-11-12 03:13:32
elapsed:  16835.2  seconds
7950
2023-11-12 03:15:19
8000
2023-11-12 03:17:03
elapsed:  17046.3  seconds
8050
2023-11-12 03:18:48
8100
2023-11-12 03:20:33
elapsed:  17256.4  seconds
8150
2023-11-12 03:22:21
/projects/muyang@colostate.edu/software/anaconda/envs/testenv/lib/python3.11/site-packages/numpy/lib/function_base.py:2455: RuntimeWarning: divide by zero encountered in func (vectorized)
  outputs = ufunc(*inputs)
/projects/muyang@colostate.edu/software/anaconda/envs/testenv/lib/python3.11/site-packages/numpy/lib/function_base.py:2455: RuntimeWarning: invalid value encountered in func (vectorized)
  outputs = ufunc(*inputs)
8200
2023-11-12 03:24:06
elapsed:  17469.2  seconds
8250
2023-11-12 03:25:55
8300
2023-11-12 03:27:41
elapsed:  17684.9  seconds
8350
2023-11-12 03:29:28
8400
2023-11-12 03:31:13
elapsed:  17896.0  seconds
8450
2023-11-12 03:32:57
8500
2023-11-12 03:34:43
elapsed:  18106.2  seconds
8550
2023-11-12 03:36:32
8600
2023-11-12 03:38:18
elapsed:  18321.2  seconds
8650
2023-11-12 03:40:05
8700
2023-11-12 03:41:53
elapsed:  18536.1  seconds
8750
2023-11-12 03:43:41
8800
2023-11-12 03:45:27
elapsed:  18750.0  seconds
8850
2023-11-12 03:47:09
8900
2023-11-12 03:48:53
elapsed:  18956.8  seconds
8950
2023-11-12 03:50:42
9000
2023-11-12 03:52:28
elapsed:  19171.5  seconds
9050
2023-11-12 03:54:16
9100
2023-11-12 03:56:02
elapsed:  19385.6  seconds
9150
2023-11-12 03:57:50
9200
2023-11-12 03:59:36
elapsed:  19599.8  seconds
9250
2023-11-12 04:01:25
9300
2023-11-12 04:03:10
elapsed:  19813.4  seconds
9350
2023-11-12 04:04:56
9400
2023-11-12 04:06:43
elapsed:  20026.2  seconds
9450
2023-11-12 04:08:31
9500
2023-11-12 04:10:15
elapsed:  20238.4  seconds
9550
2023-11-12 04:12:04
9600
2023-11-12 04:13:50
elapsed:  20453.5  seconds
9650
2023-11-12 04:15:38
9700
2023-11-12 04:17:23
elapsed:  20666.8  seconds
9750
2023-11-12 04:19:12
9800
2023-11-12 04:20:57
elapsed:  20880.0  seconds
9850
2023-11-12 04:22:44
9900
2023-11-12 04:24:31
elapsed:  21094.2  seconds
9950
2023-11-12 04:26:19
10000
2023-11-12 04:28:05
elapsed:  21308.2  seconds
10050
2023-11-12 04:29:52
10100
2023-11-12 04:31:38
elapsed:  21521.0  seconds
10150
2023-11-12 04:33:26
10200
2023-11-12 04:35:12
elapsed:  21735.5  seconds
10250
2023-11-12 04:37:00
10300
2023-11-12 04:38:46
elapsed:  21949.8  seconds
10350
2023-11-12 04:40:35
10400
2023-11-12 04:42:21
elapsed:  22164.1  seconds
10450
2023-11-12 04:44:08
10500
2023-11-12 04:45:53
elapsed:  22376.4  seconds
10550
2023-11-12 04:47:41
10600
2023-11-12 04:49:25
elapsed:  22588.0  seconds
10650
2023-11-12 04:51:11
/projects/muyang@colostate.edu/software/anaconda/envs/testenv/lib/python3.11/site-packages/numpy/lib/function_base.py:2455: RuntimeWarning: divide by zero encountered in func (vectorized)
  outputs = ufunc(*inputs)
/projects/muyang@colostate.edu/software/anaconda/envs/testenv/lib/python3.11/site-packages/numpy/lib/function_base.py:2455: RuntimeWarning: invalid value encountered in func (vectorized)
  outputs = ufunc(*inputs)
10700
2023-11-12 04:52:57
elapsed:  22800.9  seconds
10750
2023-11-12 04:54:46
10800
2023-11-12 04:56:31
elapsed:  23014.2  seconds
10850
2023-11-12 04:58:19
10900
2023-11-12 05:00:04
elapsed:  23227.9  seconds
10950
2023-11-12 05:01:49
11000
2023-11-12 05:03:32
elapsed:  23435.8  seconds
11050
2023-11-12 05:05:21
11100
2023-11-12 05:07:09
elapsed:  23652.4  seconds
11150
2023-11-12 05:08:57
11200
2023-11-12 05:10:45
elapsed:  23868.6  seconds
11250
2023-11-12 05:12:34
11300
2023-11-12 05:14:19
elapsed:  24082.1  seconds
11350
2023-11-12 05:16:09
11400
2023-11-12 05:17:55
elapsed:  24298.2  seconds
11450
2023-11-12 05:19:40
11500
2023-11-12 05:21:27
elapsed:  24510.1  seconds
11550
2023-11-12 05:23:12
11600
2023-11-12 05:24:58
elapsed:  24721.3  seconds
11650
2023-11-12 05:26:44
/projects/muyang@colostate.edu/software/anaconda/envs/testenv/lib/python3.11/site-packages/numpy/lib/function_base.py:2455: RuntimeWarning: divide by zero encountered in func (vectorized)
  outputs = ufunc(*inputs)
/projects/muyang@colostate.edu/software/anaconda/envs/testenv/lib/python3.11/site-packages/numpy/lib/function_base.py:2455: RuntimeWarning: invalid value encountered in func (vectorized)
  outputs = ufunc(*inputs)
11700
2023-11-12 05:28:25
elapsed:  24928.6  seconds
11750
2023-11-12 05:30:11
11800
2023-11-12 05:31:56
elapsed:  25139.9  seconds
11850
2023-11-12 05:33:44
11900
2023-11-12 05:35:31
elapsed:  25354.6  seconds
11950
2023-11-12 05:37:19
12000
2023-11-12 05:39:06
elapsed:  25569.7  seconds
12050
2023-11-12 05:40:53
12100
2023-11-12 05:42:38
elapsed:  25781.5  seconds
12150
2023-11-12 05:44:25
/projects/muyang@colostate.edu/software/anaconda/envs/testenv/lib/python3.11/site-packages/numpy/lib/function_base.py:2455: RuntimeWarning: divide by zero encountered in func (vectorized)
  outputs = ufunc(*inputs)
/projects/muyang@colostate.edu/software/anaconda/envs/testenv/lib/python3.11/site-packages/numpy/lib/function_base.py:2455: RuntimeWarning: invalid value encountered in func (vectorized)
  outputs = ufunc(*inputs)
12200
2023-11-12 05:46:11
elapsed:  25994.8  seconds
12250
2023-11-12 05:47:59
12300
2023-11-12 05:49:45
elapsed:  26208.7  seconds
12350
2023-11-12 05:51:34
12400
2023-11-12 05:53:19
elapsed:  26422.5  seconds
12450
2023-11-12 05:55:09
12500
2023-11-12 05:56:56
elapsed:  26639.4  seconds
12550
2023-11-12 05:58:44
12600
2023-11-12 06:00:31
elapsed:  26854.5  seconds
12650
2023-11-12 06:02:20
12700
2023-11-12 06:04:04
elapsed:  27067.3  seconds
12750
2023-11-12 06:05:53
12800
2023-11-12 06:07:40
elapsed:  27283.0  seconds
12850
2023-11-12 06:09:23
12900
2023-11-12 06:11:08
elapsed:  27491.5  seconds
12950
2023-11-12 06:12:56
/projects/muyang@colostate.edu/software/anaconda/envs/testenv/lib/python3.11/site-packages/numpy/lib/function_base.py:2455: RuntimeWarning: divide by zero encountered in func (vectorized)
  outputs = ufunc(*inputs)
/projects/muyang@colostate.edu/software/anaconda/envs/testenv/lib/python3.11/site-packages/numpy/lib/function_base.py:2455: RuntimeWarning: invalid value encountered in func (vectorized)
  outputs = ufunc(*inputs)
13000
2023-11-12 06:14:43
elapsed:  27706.1  seconds
13050
2023-11-12 06:16:32
13100
2023-11-12 06:18:18
elapsed:  27921.1  seconds
13150
2023-11-12 06:20:07
13200
2023-11-12 06:21:55
elapsed:  28138.9  seconds
13250
2023-11-12 06:23:45
13300
2023-11-12 06:25:33
elapsed:  28356.7  seconds
13350
2023-11-12 06:27:23
13400
2023-11-12 06:29:11
elapsed:  28574.8  seconds
13450
2023-11-12 06:31:01
13500
2023-11-12 06:32:48
elapsed:  28791.4  seconds
13550
2023-11-12 06:34:36
13600
2023-11-12 06:36:25
elapsed:  29008.3  seconds
13650
2023-11-12 06:38:14
13700
2023-11-12 06:40:01
elapsed:  29224.6  seconds
13750
2023-11-12 06:41:49
13800
2023-11-12 06:43:37
elapsed:  29440.3  seconds
13850
2023-11-12 06:45:27
13900
2023-11-12 06:47:16
elapsed:  29659.9  seconds
13950
2023-11-12 06:49:05
14000
2023-11-12 06:50:52
elapsed:  29875.0  seconds
14050
2023-11-12 06:52:42
14100
2023-11-12 06:54:30
elapsed:  30093.8  seconds
14150
2023-11-12 06:56:19
14200
2023-11-12 06:58:04
elapsed:  30307.2  seconds
14250
2023-11-12 06:59:53
14300
2023-11-12 07:01:41
elapsed:  30524.8  seconds
14350
2023-11-12 07:03:31
14400
2023-11-12 07:05:18
elapsed:  30741.9  seconds
14450
2023-11-12 07:07:09
14500
2023-11-12 07:08:56
elapsed:  30959.8  seconds
14550
2023-11-12 07:10:46
14600
2023-11-12 07:12:34
elapsed:  31177.2  seconds
14650
2023-11-12 07:14:23
14700
2023-11-12 07:16:09
elapsed:  31392.7  seconds
14750
2023-11-12 07:17:58
14800
2023-11-12 07:19:41
elapsed:  31604.4  seconds
14850
2023-11-12 07:21:29
14900
2023-11-12 07:23:15
elapsed:  31818.8  seconds
14950
2023-11-12 07:25:01
elapsed:  32027.8  seconds
total time:  32032.3  seconds
true R:  [[4.65838174e-01 2.11753351e-01 6.03172336e-01 2.16151243e+00
  5.90369340e-01 2.15583910e-01 1.59694137e-01 3.53244237e-01
  4.92105978e-01 8.33702296e-01 2.25780660e-01 4.28555027e-01
  1.02196925e+00 5.10526253e-01 5.45632404e-01 1.32027958e+00
  1.45393312e+00 6.89065762e-02 2.58896870e+00 3.54393940e+00
  3.36903455e-01 3.18079631e+00 4.07263473e-01 1.59700222e-01
  8.16644367e-02 1.72490010e-01 5.22922311e+02 1.55618331e+00
  2.90638385e+00 1.77750496e+00 2.35899385e-01 6.85710559e-01
  2.52195623e+00 2.19386522e+00 3.73446550e-01 2.23674538e+00
  6.11561905e+00 1.42480327e-01 8.30802331e+00 1.91176517e-01
  6.08140823e+00 1.70504009e+01 5.19164712e-01 6.49797782e+00
  5.80229427e-01 4.63506394e-01 6.93109198e-01 2.44137043e+00
  5.52646016e+01 6.79143172e-01 4.25367957e+01 4.55960468e+00
  2.39025913e-01 4.31880179e-01 1.70789659e-01 1.70097415e-01
  1.73462103e+02 9.47379862e+01 7.45797832e+00 2.13583753e-01
  8.93684060e-01 5.37575050e-01 1.23698219e-01 3.90880983e-01]
 [4.91974229e-01 3.23573590e+00 1.56444465e+00 1.89612317e+00
  5.49226908e-01 2.41331899e+00 1.57377186e+00 1.60491176e+02
  3.20279675e+01 1.69339223e-01 7.21704969e+00 1.49165838e+00
  1.21304086e+00 2.46405535e+00 6.59282384e+00 1.54552643e+02
  1.09983583e+01 8.27561503e-01 1.45342576e+00 1.46157378e+00
  1.87830849e-01 9.14611776e-02 6.86993005e+00 5.66300390e-02
  5.92905240e-01 4.15034468e+00 9.42079837e-01 2.77951670e-01
  2.12391010e+00 1.27418083e+03 1.54632948e+01 4.31265098e+00
  8.83624310e-01 1.28443040e+00 4.85390055e-01 5.22816713e+00
  2.75178142e-01 1.87461941e+01 1.17342164e+02 1.81556662e+00
  7.35427426e-01 1.82595263e+00 1.04020838e-01 1.13409710e-01
  4.01612014e-01 1.45895683e+00 8.48835880e-01 9.37163281e+01
  2.60617110e+00 1.76384235e+00 2.88684010e-01 2.15738423e+01
  2.84761827e+00 1.05662274e-01 3.59885127e+03 7.17101762e-01
  4.86296655e+00 1.28682529e+01 1.82779333e+00 2.01281884e+00
  2.72316267e-01 3.87689478e+00 1.30874994e-01 3.23527088e-01]
 [1.74398582e+00 4.16331418e+00 2.08773281e+00 4.63482476e-01
  3.81364845e+01 1.26519687e+00 3.46686677e-01 3.23738302e-01
  2.14932980e+01 1.82187894e+00 2.27769699e+00 8.78023275e-01
  3.58638905e-01 2.79609099e+01 4.86215482e-01 6.62325749e-01
  1.97554204e+02 4.14339713e-01 1.53365503e+00 1.56357936e+00
  2.87986296e+00 7.30912985e+01 2.24601977e-01 1.47804362e+00
  2.10112678e-01 2.42470042e+03 3.14736605e+02 2.05554179e+00
  2.01039284e+00 1.46685921e-01 2.50257523e-01 3.53064528e-01
  1.57841169e+01 5.18974871e-01 3.27301812e+01 1.74216884e-01
  2.62612533e-01 1.89025653e+00 9.97721671e+01 2.03331773e-01
  1.07975469e+00 8.42375579e+02 8.65249244e+00 1.58592907e+00
  1.83662564e-01 7.71226942e-01 3.45460786e-01 9.00254573e+00
  5.86886697e-01 3.03659059e+00 5.54607627e-01 1.26371289e-01
  9.64647915e-02 5.28035490e-01 2.68168054e+01 2.57949657e+01
  6.11138284e-02 1.17803170e+00 2.36693679e+01 6.26071611e+01
  2.48171668e+01 5.88941947e-01 2.04641789e-01 6.01572678e-01]
 [8.28599509e-01 4.79535583e+00 4.81994664e-01 6.53562885e+00
  1.17205472e+00 5.20838909e+00 3.13871233e+02 7.42391863e-01
  4.44239990e-01 8.23083149e-01 2.93217052e-01 3.31157489e+04
  5.48914769e-01 1.05084814e+00 1.94614417e+01 1.51756808e+00
  1.09215736e-01 3.18804995e+00 2.33514381e-01 1.51517512e-01
  4.31578856e-01 1.02138195e+02 2.83093031e+01 5.30651866e-01
  4.36516006e+00 9.76914040e-01 4.21365677e+00 1.46480351e-01
  1.96433531e+00 2.39910798e-01 4.07532923e+01 2.21960273e+00
  2.10162484e+00 1.09724710e+00 1.75622385e+01 4.71418111e-01
  9.14926254e+03 2.38566704e-01 1.30701059e-01 3.02958914e+00
  1.57670009e+00 2.22416708e+00 1.24162498e+00 5.03632285e-01
  1.74416498e+01 4.97938602e-01 5.67499517e-01 1.04816597e+00
  7.00792111e-01 5.57632773e-01 6.64793391e-01 1.27662751e+00
  7.45367754e-01 2.08311481e+00 4.27088035e-01 3.15465998e+01
  5.24692590e-01 2.18693912e+00 3.00861830e+01 9.08197431e-01
  2.34815650e-01 3.40341226e-01 2.52060106e-01 1.09095447e+00]
 [7.18891986e+00 1.58387822e+00 1.25674343e-01 8.38727561e-01
  2.22465374e+00 5.12689261e+00 1.74912391e-01 1.01864039e+00
  1.33557854e+01 1.64067955e+00 2.38383339e+01 6.08910284e+00
  3.54121767e+00 9.15225631e-01 2.80293143e+00 2.66524294e-01
  1.95644740e-01 1.58554410e+01 5.10991814e-01 5.25556502e+01
  2.20934419e+00 7.26276218e-01 4.07445327e+00 1.72619975e+02
  6.51281750e-01 1.48966156e+00 5.35335154e-01 7.53806561e+01
  2.70163567e+00 5.39215263e-01 1.05478381e+01 8.90947729e-01
  1.24143162e+00 1.03753102e+00 1.44553620e+00 2.85253785e-01
  1.17455580e+00 7.97903553e-02 8.43715474e+02 7.61193867e-01
  1.66461330e-01 1.09421811e-01 4.64893176e+00 1.79885229e+00
  8.14730755e+01 1.66592806e-01 6.53800376e-01 2.57922638e+00
  2.03903871e-01 4.95864430e-01 7.91328257e-01 1.51477994e-01
  3.70091836e+04 5.93285517e+01 7.19176835e+00 2.81258217e+00
  6.05196633e+00 3.15054934e+02 1.08783473e+01 8.48607448e-02
  2.18084158e+03 2.09238811e+01 2.39505282e+00 2.43260246e-01]
 [2.36694763e+00 2.29026353e-01 1.78991348e+01 1.40013530e+01
  7.26241443e-01 3.55316167e-01 8.31810480e+00 1.43665212e+01
  7.74024965e-01 5.35106449e+00 1.44569785e-01 6.87184137e-01
  5.57944790e-01 1.04529238e+00 1.97287694e-01 5.12126906e+04
  2.70023175e-01 2.35546251e-01 2.81191511e+00 4.42853332e-01
  2.98160802e+00 3.19105275e-01 4.83808768e-01 1.97257482e+00
  5.04343428e-01 6.81708038e-01 8.43529592e+02 2.88011271e-01
  1.11878205e-01 4.00438483e-01 2.41189692e+00 3.77287637e+00
  3.73000007e-01 9.39677842e+01 7.30523329e-01 1.27346714e+00
  3.46745523e+00 3.08800216e+03 4.95011804e+00 1.40889017e-01
  4.10756669e+00 1.31464188e+01 1.53540809e+00 1.52956154e+00
  1.40214008e+00 5.78017271e+00 1.20386865e+00 3.86999132e+02
  1.14288484e+00 1.78192728e+03 1.57990097e+01 2.90774931e-01
  1.65543642e-01 2.01284088e-01 9.64083811e+00 1.35678174e-01
  6.80991605e-01 1.35005317e+00 1.56613477e+01 5.41550989e-01
  1.44764999e+00 5.34398884e+01 3.05921972e+00 1.93953645e-01]
 [4.55125103e+01 3.39502190e+01 1.86600884e+03 8.85434837e-02
  1.07994084e+00 4.39815710e-01 3.26978345e-01 4.35228055e+01
  8.56669790e-02 3.71549952e+00 3.14600391e+00 4.11191148e+01
  1.14653536e+00 1.00301712e+01 8.10751954e-01 1.45701525e+00
  2.56340708e+01 5.94931864e+00 4.89677180e-01 8.58099977e-01
  1.11494662e+01 1.95620346e+00 1.13163037e+00 7.32741137e+00
  1.52638999e-01 9.51766264e-01 2.00797569e-01 1.18281219e+00
  1.38279592e-01 3.05873884e-01 2.54553681e+01 9.13980210e+00
  1.14030028e+00 4.61543238e-01 6.26044838e-01 2.83076911e+01
  1.31507998e-01 1.12774052e-01 8.42304293e-01 8.57178093e-01
  8.36674461e-01 5.58669152e-01 4.44082383e+00 1.17753845e-01
  1.43684476e+00 1.18317077e+01 1.11610046e+00 3.40381104e+01
  1.20946096e+00 1.92121775e+01 8.73484358e-02 1.80065695e+01
  5.76972424e-01 1.55965832e+00 4.74077458e-01 2.14285441e-01
  1.48072088e+00 5.13600128e-01 3.82097977e-01 1.62817035e+03
  1.86222984e-01 2.04748505e-01 3.46678695e+00 7.85686088e+00]
 [3.37806360e-01 1.44259919e-01 3.84468415e-01 3.84066260e-01
  1.17559711e+00 2.00672679e+02 2.35917509e-01 2.07505447e+00
  1.40489924e-01 2.30334376e+01 6.16933478e-02 2.51927611e-01
  2.67871937e-01 2.04634122e-01 9.45540744e-02 2.03568167e+00
  5.08110508e-01 4.52782637e-01 2.19615322e+00 7.36192647e-01
  2.09758695e-01 1.46222758e-01 6.96054872e-01 1.09630799e+00
  4.13040756e+01 8.19331532e-01 3.18182564e+01 3.86840156e-01
  1.67090133e+00 2.56719685e+00 8.65173597e-01 9.53235108e-01
  1.88979753e-01 4.07228420e+02 2.80785057e-01 4.27197816e+00
  4.45811343e-01 5.31091241e+02 1.28436535e-01 2.08908995e-01
  1.96704446e+00 5.94887557e+01 2.41028355e+00 7.10638784e+00
  4.00704832e+02 1.27458375e-01 1.26084232e+00 9.87027073e-02
  2.59104830e+01 7.22741869e+02 2.35516842e-01 1.53064833e+00
  1.08119194e+00 7.15643029e+00 4.40870538e-01 4.39574433e-01
  1.34394142e+00 1.98892025e+00 1.93181340e+00 1.39429675e+00
  2.06895785e-01 1.12462963e+01 4.34368516e-01 1.10337609e-01]
 [1.41497120e-01 4.02430982e-01 1.65110528e-01 1.05753693e+00
  2.17056849e-01 4.84879524e-01 2.87089798e+00 7.87439512e-02
  4.45805216e+00 1.41630264e-01 7.44296419e+00 4.40763766e+00
  1.13239828e+01 1.46886118e-01 2.11924056e+00 4.97535834e+00
  2.23153255e+00 1.44155773e-01 5.65054976e+00 1.28953857e+00
  3.29646967e+00 4.89109937e+01 6.75174111e-01 1.35805564e+01
  9.82851205e-01 8.07488072e-02 2.40324825e-01 3.02308416e+00
  1.30746802e-01 2.28995933e+00 7.31230992e-02 1.46592494e+00
  3.61958471e+00 1.76030082e-01 2.78228674e+01 4.17157557e-01
  5.14418896e-01 2.62129010e-01 3.64750685e+00 7.74586811e-01
  4.09127534e-01 6.72522781e-01 1.53870178e+00 4.96977377e-01
  5.64213273e+00 2.32639419e+00 9.25055667e-02 1.09129943e-01
  1.01922825e+00 6.64109206e-01 8.70621237e-01 8.65284583e-01
  9.58086748e-01 8.09316338e-01 3.09746571e+00 9.60740501e+00
  8.73079175e-01 7.27157710e+00 2.10937619e-01 4.56700713e-01
  3.85849517e+00 1.93708312e+00 2.04224647e+00 3.59032740e-01]]
