1
100
/projects/muyang@colostate.edu/software/anaconda/envs/testenv/lib/python3.11/site-packages/numpy/lib/function_base.py:2455: RuntimeWarning: divide by zero encountered in func (vectorized)
  outputs = ufunc(*inputs)
/projects/muyang@colostate.edu/software/anaconda/envs/testenv/lib/python3.11/site-packages/numpy/lib/function_base.py:2455: RuntimeWarning: invalid value encountered in func (vectorized)
  outputs = ufunc(*inputs)
/projects/muyang@colostate.edu/software/anaconda/envs/testenv/lib/python3.11/site-packages/numpy/lib/function_base.py:2455: RuntimeWarning: divide by zero encountered in func (vectorized)
  outputs = ufunc(*inputs)
/projects/muyang@colostate.edu/software/anaconda/envs/testenv/lib/python3.11/site-packages/numpy/lib/function_base.py:2455: RuntimeWarning: invalid value encountered in func (vectorized)
  outputs = ufunc(*inputs)
/projects/muyang@colostate.edu/software/anaconda/envs/testenv/lib/python3.11/site-packages/numpy/lib/function_base.py:2455: RuntimeWarning: divide by zero encountered in func (vectorized)
  outputs = ufunc(*inputs)
/projects/muyang@colostate.edu/software/anaconda/envs/testenv/lib/python3.11/site-packages/numpy/lib/function_base.py:2455: RuntimeWarning: invalid value encountered in func (vectorized)
  outputs = ufunc(*inputs)
/projects/muyang@colostate.edu/software/anaconda/envs/testenv/lib/python3.11/site-packages/numpy/lib/function_base.py:2455: RuntimeWarning: divide by zero encountered in func (vectorized)
  outputs = ufunc(*inputs)
/projects/muyang@colostate.edu/software/anaconda/envs/testenv/lib/python3.11/site-packages/numpy/lib/function_base.py:2455: RuntimeWarning: invalid value encountered in func (vectorized)
  outputs = ufunc(*inputs)
/projects/muyang@colostate.edu/software/anaconda/envs/testenv/lib/python3.11/site-packages/numpy/lib/function_base.py:2455: RuntimeWarning: divide by zero encountered in func (vectorized)
  outputs = ufunc(*inputs)
/projects/muyang@colostate.edu/software/anaconda/envs/testenv/lib/python3.11/site-packages/numpy/lib/function_base.py:2455: RuntimeWarning: invalid value encountered in func (vectorized)
  outputs = ufunc(*inputs)
/projects/muyang@colostate.edu/software/anaconda/envs/testenv/lib/python3.11/site-packages/numpy/lib/function_base.py:2455: RuntimeWarning: divide by zero encountered in func (vectorized)
  outputs = ufunc(*inputs)
/projects/muyang@colostate.edu/software/anaconda/envs/testenv/lib/python3.11/site-packages/numpy/lib/function_base.py:2455: RuntimeWarning: invalid value encountered in func (vectorized)
  outputs = ufunc(*inputs)
/projects/muyang@colostate.edu/software/anaconda/envs/testenv/lib/python3.11/site-packages/numpy/lib/function_base.py:2455: RuntimeWarning: divide by zero encountered in func (vectorized)
  outputs = ufunc(*inputs)
/projects/muyang@colostate.edu/software/anaconda/envs/testenv/lib/python3.11/site-packages/numpy/lib/function_base.py:2455: RuntimeWarning: invalid value encountered in func (vectorized)
  outputs = ufunc(*inputs)
200
/projects/muyang@colostate.edu/software/anaconda/envs/testenv/lib/python3.11/site-packages/numpy/lib/function_base.py:2455: RuntimeWarning: divide by zero encountered in func (vectorized)
  outputs = ufunc(*inputs)
/projects/muyang@colostate.edu/software/anaconda/envs/testenv/lib/python3.11/site-packages/numpy/lib/function_base.py:2455: RuntimeWarning: invalid value encountered in func (vectorized)
  outputs = ufunc(*inputs)
/projects/muyang@colostate.edu/software/anaconda/envs/testenv/lib/python3.11/site-packages/numpy/lib/function_base.py:2455: RuntimeWarning: divide by zero encountered in func (vectorized)
  outputs = ufunc(*inputs)
/projects/muyang@colostate.edu/software/anaconda/envs/testenv/lib/python3.11/site-packages/numpy/lib/function_base.py:2455: RuntimeWarning: invalid value encountered in func (vectorized)
  outputs = ufunc(*inputs)
/projects/muyang@colostate.edu/software/anaconda/envs/testenv/lib/python3.11/site-packages/numpy/lib/function_base.py:2455: RuntimeWarning: divide by zero encountered in func (vectorized)
  outputs = ufunc(*inputs)
/projects/muyang@colostate.edu/software/anaconda/envs/testenv/lib/python3.11/site-packages/numpy/lib/function_base.py:2455: RuntimeWarning: invalid value encountered in func (vectorized)
  outputs = ufunc(*inputs)
/projects/muyang@colostate.edu/software/anaconda/envs/testenv/lib/python3.11/site-packages/numpy/lib/function_base.py:2455: RuntimeWarning: divide by zero encountered in func (vectorized)
  outputs = ufunc(*inputs)
/projects/muyang@colostate.edu/software/anaconda/envs/testenv/lib/python3.11/site-packages/numpy/lib/function_base.py:2455: RuntimeWarning: invalid value encountered in func (vectorized)
  outputs = ufunc(*inputs)
/projects/muyang@colostate.edu/software/anaconda/envs/testenv/lib/python3.11/site-packages/numpy/lib/function_base.py:2455: RuntimeWarning: divide by zero encountered in func (vectorized)
  outputs = ufunc(*inputs)
/projects/muyang@colostate.edu/software/anaconda/envs/testenv/lib/python3.11/site-packages/numpy/lib/function_base.py:2455: RuntimeWarning: invalid value encountered in func (vectorized)
  outputs = ufunc(*inputs)
/projects/muyang@colostate.edu/software/anaconda/envs/testenv/lib/python3.11/site-packages/numpy/lib/function_base.py:2455: RuntimeWarning: divide by zero encountered in func (vectorized)
  outputs = ufunc(*inputs)
/projects/muyang@colostate.edu/software/anaconda/envs/testenv/lib/python3.11/site-packages/numpy/lib/function_base.py:2455: RuntimeWarning: invalid value encountered in func (vectorized)
  outputs = ufunc(*inputs)
/projects/muyang@colostate.edu/software/anaconda/envs/testenv/lib/python3.11/site-packages/numpy/lib/function_base.py:2455: RuntimeWarning: divide by zero encountered in func (vectorized)
  outputs = ufunc(*inputs)
/projects/muyang@colostate.edu/software/anaconda/envs/testenv/lib/python3.11/site-packages/numpy/lib/function_base.py:2455: RuntimeWarning: invalid value encountered in func (vectorized)
  outputs = ufunc(*inputs)
/projects/muyang@colostate.edu/software/anaconda/envs/testenv/lib/python3.11/site-packages/numpy/lib/function_base.py:2455: RuntimeWarning: divide by zero encountered in func (vectorized)
  outputs = ufunc(*inputs)
/projects/muyang@colostate.edu/software/anaconda/envs/testenv/lib/python3.11/site-packages/numpy/lib/function_base.py:2455: RuntimeWarning: invalid value encountered in func (vectorized)
  outputs = ufunc(*inputs)
/projects/muyang@colostate.edu/software/anaconda/envs/testenv/lib/python3.11/site-packages/numpy/lib/function_base.py:2455: RuntimeWarning: divide by zero encountered in func (vectorized)
  outputs = ufunc(*inputs)
/projects/muyang@colostate.edu/software/anaconda/envs/testenv/lib/python3.11/site-packages/numpy/lib/function_base.py:2455: RuntimeWarning: invalid value encountered in func (vectorized)
  outputs = ufunc(*inputs)
/projects/muyang@colostate.edu/software/anaconda/envs/testenv/lib/python3.11/site-packages/numpy/lib/function_base.py:2455: RuntimeWarning: divide by zero encountered in func (vectorized)
  outputs = ufunc(*inputs)
/projects/muyang@colostate.edu/software/anaconda/envs/testenv/lib/python3.11/site-packages/numpy/lib/function_base.py:2455: RuntimeWarning: invalid value encountered in func (vectorized)
  outputs = ufunc(*inputs)
/projects/muyang@colostate.edu/software/anaconda/envs/testenv/lib/python3.11/site-packages/numpy/lib/function_base.py:2455: RuntimeWarning: divide by zero encountered in func (vectorized)
  outputs = ufunc(*inputs)
/projects/muyang@colostate.edu/software/anaconda/envs/testenv/lib/python3.11/site-packages/numpy/lib/function_base.py:2455: RuntimeWarning: invalid value encountered in func (vectorized)
  outputs = ufunc(*inputs)
/projects/muyang@colostate.edu/software/anaconda/envs/testenv/lib/python3.11/site-packages/numpy/lib/function_base.py:2455: RuntimeWarning: divide by zero encountered in func (vectorized)
  outputs = ufunc(*inputs)
/projects/muyang@colostate.edu/software/anaconda/envs/testenv/lib/python3.11/site-packages/numpy/lib/function_base.py:2455: RuntimeWarning: invalid value encountered in func (vectorized)
  outputs = ufunc(*inputs)
/projects/muyang@colostate.edu/software/anaconda/envs/testenv/lib/python3.11/site-packages/numpy/lib/function_base.py:2455: RuntimeWarning: divide by zero encountered in func (vectorized)
  outputs = ufunc(*inputs)
/projects/muyang@colostate.edu/software/anaconda/envs/testenv/lib/python3.11/site-packages/numpy/lib/function_base.py:2455: RuntimeWarning: invalid value encountered in func (vectorized)
  outputs = ufunc(*inputs)
/projects/muyang@colostate.edu/software/anaconda/envs/testenv/lib/python3.11/site-packages/numpy/lib/function_base.py:2455: RuntimeWarning: divide by zero encountered in func (vectorized)
  outputs = ufunc(*inputs)
/projects/muyang@colostate.edu/software/anaconda/envs/testenv/lib/python3.11/site-packages/numpy/lib/function_base.py:2455: RuntimeWarning: invalid value encountered in func (vectorized)
  outputs = ufunc(*inputs)
/projects/muyang@colostate.edu/software/anaconda/envs/testenv/lib/python3.11/site-packages/numpy/lib/function_base.py:2455: RuntimeWarning: divide by zero encountered in func (vectorized)
  outputs = ufunc(*inputs)
/projects/muyang@colostate.edu/software/anaconda/envs/testenv/lib/python3.11/site-packages/numpy/lib/function_base.py:2455: RuntimeWarning: invalid value encountered in func (vectorized)
  outputs = ufunc(*inputs)
/projects/muyang@colostate.edu/software/anaconda/envs/testenv/lib/python3.11/site-packages/numpy/lib/function_base.py:2455: RuntimeWarning: divide by zero encountered in func (vectorized)
  outputs = ufunc(*inputs)
/projects/muyang@colostate.edu/software/anaconda/envs/testenv/lib/python3.11/site-packages/numpy/lib/function_base.py:2455: RuntimeWarning: invalid value encountered in func (vectorized)
  outputs = ufunc(*inputs)
/projects/muyang@colostate.edu/software/anaconda/envs/testenv/lib/python3.11/site-packages/numpy/lib/function_base.py:2455: RuntimeWarning: divide by zero encountered in func (vectorized)
  outputs = ufunc(*inputs)
/projects/muyang@colostate.edu/software/anaconda/envs/testenv/lib/python3.11/site-packages/numpy/lib/function_base.py:2455: RuntimeWarning: invalid value encountered in func (vectorized)
  outputs = ufunc(*inputs)
/projects/muyang@colostate.edu/software/anaconda/envs/testenv/lib/python3.11/site-packages/numpy/lib/function_base.py:2455: RuntimeWarning: divide by zero encountered in func (vectorized)
  outputs = ufunc(*inputs)
/projects/muyang@colostate.edu/software/anaconda/envs/testenv/lib/python3.11/site-packages/numpy/lib/function_base.py:2455: RuntimeWarning: invalid value encountered in func (vectorized)
  outputs = ufunc(*inputs)
/projects/muyang@colostate.edu/software/anaconda/envs/testenv/lib/python3.11/site-packages/numpy/lib/function_base.py:2455: RuntimeWarning: divide by zero encountered in func (vectorized)
  outputs = ufunc(*inputs)
/projects/muyang@colostate.edu/software/anaconda/envs/testenv/lib/python3.11/site-packages/numpy/lib/function_base.py:2455: RuntimeWarning: invalid value encountered in func (vectorized)
  outputs = ufunc(*inputs)
/projects/muyang@colostate.edu/software/anaconda/envs/testenv/lib/python3.11/site-packages/numpy/lib/function_base.py:2455: RuntimeWarning: divide by zero encountered in func (vectorized)
  outputs = ufunc(*inputs)
/projects/muyang@colostate.edu/software/anaconda/envs/testenv/lib/python3.11/site-packages/numpy/lib/function_base.py:2455: RuntimeWarning: invalid value encountered in func (vectorized)
  outputs = ufunc(*inputs)
/projects/muyang@colostate.edu/software/anaconda/envs/testenv/lib/python3.11/site-packages/numpy/lib/function_base.py:2455: RuntimeWarning: divide by zero encountered in func (vectorized)
  outputs = ufunc(*inputs)
/projects/muyang@colostate.edu/software/anaconda/envs/testenv/lib/python3.11/site-packages/numpy/lib/function_base.py:2455: RuntimeWarning: invalid value encountered in func (vectorized)
  outputs = ufunc(*inputs)
/projects/muyang@colostate.edu/software/anaconda/envs/testenv/lib/python3.11/site-packages/numpy/lib/function_base.py:2455: RuntimeWarning: divide by zero encountered in func (vectorized)
  outputs = ufunc(*inputs)
/projects/muyang@colostate.edu/software/anaconda/envs/testenv/lib/python3.11/site-packages/numpy/lib/function_base.py:2455: RuntimeWarning: invalid value encountered in func (vectorized)
  outputs = ufunc(*inputs)
/projects/muyang@colostate.edu/software/anaconda/envs/testenv/lib/python3.11/site-packages/numpy/lib/function_base.py:2455: RuntimeWarning: divide by zero encountered in func (vectorized)
  outputs = ufunc(*inputs)
/projects/muyang@colostate.edu/software/anaconda/envs/testenv/lib/python3.11/site-packages/numpy/lib/function_base.py:2455: RuntimeWarning: invalid value encountered in func (vectorized)
  outputs = ufunc(*inputs)
/projects/muyang@colostate.edu/software/anaconda/envs/testenv/lib/python3.11/site-packages/numpy/lib/function_base.py:2455: RuntimeWarning: divide by zero encountered in func (vectorized)
  outputs = ufunc(*inputs)
/projects/muyang@colostate.edu/software/anaconda/envs/testenv/lib/python3.11/site-packages/numpy/lib/function_base.py:2455: RuntimeWarning: invalid value encountered in func (vectorized)
  outputs = ufunc(*inputs)
/projects/muyang@colostate.edu/software/anaconda/envs/testenv/lib/python3.11/site-packages/numpy/lib/function_base.py:2455: RuntimeWarning: divide by zero encountered in func (vectorized)
  outputs = ufunc(*inputs)
/projects/muyang@colostate.edu/software/anaconda/envs/testenv/lib/python3.11/site-packages/numpy/lib/function_base.py:2455: RuntimeWarning: invalid value encountered in func (vectorized)
  outputs = ufunc(*inputs)
/projects/muyang@colostate.edu/software/anaconda/envs/testenv/lib/python3.11/site-packages/numpy/lib/function_base.py:2455: RuntimeWarning: divide by zero encountered in func (vectorized)
  outputs = ufunc(*inputs)
/projects/muyang@colostate.edu/software/anaconda/envs/testenv/lib/python3.11/site-packages/numpy/lib/function_base.py:2455: RuntimeWarning: invalid value encountered in func (vectorized)
  outputs = ufunc(*inputs)
/projects/muyang@colostate.edu/software/anaconda/envs/testenv/lib/python3.11/site-packages/numpy/lib/function_base.py:2455: RuntimeWarning: divide by zero encountered in func (vectorized)
  outputs = ufunc(*inputs)
/projects/muyang@colostate.edu/software/anaconda/envs/testenv/lib/python3.11/site-packages/numpy/lib/function_base.py:2455: RuntimeWarning: invalid value encountered in func (vectorized)
  outputs = ufunc(*inputs)
/projects/muyang@colostate.edu/software/anaconda/envs/testenv/lib/python3.11/site-packages/numpy/lib/function_base.py:2455: RuntimeWarning: divide by zero encountered in func (vectorized)
  outputs = ufunc(*inputs)
/projects/muyang@colostate.edu/software/anaconda/envs/testenv/lib/python3.11/site-packages/numpy/lib/function_base.py:2455: RuntimeWarning: invalid value encountered in func (vectorized)
  outputs = ufunc(*inputs)
/projects/muyang@colostate.edu/software/anaconda/envs/testenv/lib/python3.11/site-packages/numpy/lib/function_base.py:2455: RuntimeWarning: divide by zero encountered in func (vectorized)
  outputs = ufunc(*inputs)
/projects/muyang@colostate.edu/software/anaconda/envs/testenv/lib/python3.11/site-packages/numpy/lib/function_base.py:2455: RuntimeWarning: invalid value encountered in func (vectorized)
  outputs = ufunc(*inputs)
/projects/muyang@colostate.edu/software/anaconda/envs/testenv/lib/python3.11/site-packages/numpy/lib/function_base.py:2455: RuntimeWarning: divide by zero encountered in func (vectorized)
  outputs = ufunc(*inputs)
/projects/muyang@colostate.edu/software/anaconda/envs/testenv/lib/python3.11/site-packages/numpy/lib/function_base.py:2455: RuntimeWarning: invalid value encountered in func (vectorized)
  outputs = ufunc(*inputs)
/projects/muyang@colostate.edu/software/anaconda/envs/testenv/lib/python3.11/site-packages/numpy/lib/function_base.py:2455: RuntimeWarning: divide by zero encountered in func (vectorized)
  outputs = ufunc(*inputs)
/projects/muyang@colostate.edu/software/anaconda/envs/testenv/lib/python3.11/site-packages/numpy/lib/function_base.py:2455: RuntimeWarning: invalid value encountered in func (vectorized)
  outputs = ufunc(*inputs)
/projects/muyang@colostate.edu/software/anaconda/envs/testenv/lib/python3.11/site-packages/numpy/lib/function_base.py:2455: RuntimeWarning: divide by zero encountered in func (vectorized)
  outputs = ufunc(*inputs)
/projects/muyang@colostate.edu/software/anaconda/envs/testenv/lib/python3.11/site-packages/numpy/lib/function_base.py:2455: RuntimeWarning: invalid value encountered in func (vectorized)
  outputs = ufunc(*inputs)
/projects/muyang@colostate.edu/software/anaconda/envs/testenv/lib/python3.11/site-packages/numpy/lib/function_base.py:2455: RuntimeWarning: divide by zero encountered in func (vectorized)
  outputs = ufunc(*inputs)
/projects/muyang@colostate.edu/software/anaconda/envs/testenv/lib/python3.11/site-packages/numpy/lib/function_base.py:2455: RuntimeWarning: invalid value encountered in func (vectorized)
  outputs = ufunc(*inputs)
/projects/muyang@colostate.edu/software/anaconda/envs/testenv/lib/python3.11/site-packages/numpy/lib/function_base.py:2455: RuntimeWarning: divide by zero encountered in func (vectorized)
  outputs = ufunc(*inputs)
/projects/muyang@colostate.edu/software/anaconda/envs/testenv/lib/python3.11/site-packages/numpy/lib/function_base.py:2455: RuntimeWarning: invalid value encountered in func (vectorized)
  outputs = ufunc(*inputs)
/projects/muyang@colostate.edu/software/anaconda/envs/testenv/lib/python3.11/site-packages/numpy/lib/function_base.py:2455: RuntimeWarning: divide by zero encountered in func (vectorized)
  outputs = ufunc(*inputs)
/projects/muyang@colostate.edu/software/anaconda/envs/testenv/lib/python3.11/site-packages/numpy/lib/function_base.py:2455: RuntimeWarning: invalid value encountered in func (vectorized)
  outputs = ufunc(*inputs)
/projects/muyang@colostate.edu/software/anaconda/envs/testenv/lib/python3.11/site-packages/numpy/lib/function_base.py:2455: RuntimeWarning: divide by zero encountered in func (vectorized)
  outputs = ufunc(*inputs)
/projects/muyang@colostate.edu/software/anaconda/envs/testenv/lib/python3.11/site-packages/numpy/lib/function_base.py:2455: RuntimeWarning: invalid value encountered in func (vectorized)
  outputs = ufunc(*inputs)
/projects/muyang@colostate.edu/software/anaconda/envs/testenv/lib/python3.11/site-packages/numpy/lib/function_base.py:2455: RuntimeWarning: divide by zero encountered in func (vectorized)
  outputs = ufunc(*inputs)
/projects/muyang@colostate.edu/software/anaconda/envs/testenv/lib/python3.11/site-packages/numpy/lib/function_base.py:2455: RuntimeWarning: invalid value encountered in func (vectorized)
  outputs = ufunc(*inputs)
/projects/muyang@colostate.edu/software/anaconda/envs/testenv/lib/python3.11/site-packages/numpy/lib/function_base.py:2455: RuntimeWarning: divide by zero encountered in func (vectorized)
  outputs = ufunc(*inputs)
/projects/muyang@colostate.edu/software/anaconda/envs/testenv/lib/python3.11/site-packages/numpy/lib/function_base.py:2455: RuntimeWarning: invalid value encountered in func (vectorized)
  outputs = ufunc(*inputs)
/projects/muyang@colostate.edu/software/anaconda/envs/testenv/lib/python3.11/site-packages/numpy/lib/function_base.py:2455: RuntimeWarning: divide by zero encountered in func (vectorized)
  outputs = ufunc(*inputs)
/projects/muyang@colostate.edu/software/anaconda/envs/testenv/lib/python3.11/site-packages/numpy/lib/function_base.py:2455: RuntimeWarning: invalid value encountered in func (vectorized)
  outputs = ufunc(*inputs)
/projects/muyang@colostate.edu/software/anaconda/envs/testenv/lib/python3.11/site-packages/numpy/lib/function_base.py:2455: RuntimeWarning: divide by zero encountered in func (vectorized)
  outputs = ufunc(*inputs)
/projects/muyang@colostate.edu/software/anaconda/envs/testenv/lib/python3.11/site-packages/numpy/lib/function_base.py:2455: RuntimeWarning: invalid value encountered in func (vectorized)
  outputs = ufunc(*inputs)
/projects/muyang@colostate.edu/software/anaconda/envs/testenv/lib/python3.11/site-packages/numpy/lib/function_base.py:2455: RuntimeWarning: divide by zero encountered in func (vectorized)
  outputs = ufunc(*inputs)
/projects/muyang@colostate.edu/software/anaconda/envs/testenv/lib/python3.11/site-packages/numpy/lib/function_base.py:2455: RuntimeWarning: invalid value encountered in func (vectorized)
  outputs = ufunc(*inputs)
/projects/muyang@colostate.edu/software/anaconda/envs/testenv/lib/python3.11/site-packages/numpy/lib/function_base.py:2455: RuntimeWarning: divide by zero encountered in func (vectorized)
  outputs = ufunc(*inputs)
/projects/muyang@colostate.edu/software/anaconda/envs/testenv/lib/python3.11/site-packages/numpy/lib/function_base.py:2455: RuntimeWarning: invalid value encountered in func (vectorized)
  outputs = ufunc(*inputs)
/projects/muyang@colostate.edu/software/anaconda/envs/testenv/lib/python3.11/site-packages/numpy/lib/function_base.py:2455: RuntimeWarning: divide by zero encountered in func (vectorized)
  outputs = ufunc(*inputs)
/projects/muyang@colostate.edu/software/anaconda/envs/testenv/lib/python3.11/site-packages/numpy/lib/function_base.py:2455: RuntimeWarning: invalid value encountered in func (vectorized)
  outputs = ufunc(*inputs)
/projects/muyang@colostate.edu/software/anaconda/envs/testenv/lib/python3.11/site-packages/numpy/lib/function_base.py:2455: RuntimeWarning: divide by zero encountered in func (vectorized)
  outputs = ufunc(*inputs)
/projects/muyang@colostate.edu/software/anaconda/envs/testenv/lib/python3.11/site-packages/numpy/lib/function_base.py:2455: RuntimeWarning: invalid value encountered in func (vectorized)
  outputs = ufunc(*inputs)
/projects/muyang@colostate.edu/software/anaconda/envs/testenv/lib/python3.11/site-packages/numpy/lib/function_base.py:2455: RuntimeWarning: divide by zero encountered in func (vectorized)
  outputs = ufunc(*inputs)
/projects/muyang@colostate.edu/software/anaconda/envs/testenv/lib/python3.11/site-packages/numpy/lib/function_base.py:2455: RuntimeWarning: invalid value encountered in func (vectorized)
  outputs = ufunc(*inputs)
/projects/muyang@colostate.edu/software/anaconda/envs/testenv/lib/python3.11/site-packages/numpy/lib/function_base.py:2455: RuntimeWarning: divide by zero encountered in func (vectorized)
  outputs = ufunc(*inputs)
/projects/muyang@colostate.edu/software/anaconda/envs/testenv/lib/python3.11/site-packages/numpy/lib/function_base.py:2455: RuntimeWarning: invalid value encountered in func (vectorized)
  outputs = ufunc(*inputs)
/projects/muyang@colostate.edu/software/anaconda/envs/testenv/lib/python3.11/site-packages/numpy/lib/function_base.py:2455: RuntimeWarning: divide by zero encountered in func (vectorized)
  outputs = ufunc(*inputs)
/projects/muyang@colostate.edu/software/anaconda/envs/testenv/lib/python3.11/site-packages/numpy/lib/function_base.py:2455: RuntimeWarning: invalid value encountered in func (vectorized)
  outputs = ufunc(*inputs)
/projects/muyang@colostate.edu/software/anaconda/envs/testenv/lib/python3.11/site-packages/numpy/lib/function_base.py:2455: RuntimeWarning: divide by zero encountered in func (vectorized)
  outputs = ufunc(*inputs)
/projects/muyang@colostate.edu/software/anaconda/envs/testenv/lib/python3.11/site-packages/numpy/lib/function_base.py:2455: RuntimeWarning: invalid value encountered in func (vectorized)
  outputs = ufunc(*inputs)
/projects/muyang@colostate.edu/software/anaconda/envs/testenv/lib/python3.11/site-packages/numpy/lib/function_base.py:2455: RuntimeWarning: divide by zero encountered in func (vectorized)
  outputs = ufunc(*inputs)
/projects/muyang@colostate.edu/software/anaconda/envs/testenv/lib/python3.11/site-packages/numpy/lib/function_base.py:2455: RuntimeWarning: invalid value encountered in func (vectorized)
  outputs = ufunc(*inputs)
/projects/muyang@colostate.edu/software/anaconda/envs/testenv/lib/python3.11/site-packages/numpy/lib/function_base.py:2455: RuntimeWarning: divide by zero encountered in func (vectorized)
  outputs = ufunc(*inputs)
/projects/muyang@colostate.edu/software/anaconda/envs/testenv/lib/python3.11/site-packages/numpy/lib/function_base.py:2455: RuntimeWarning: invalid value encountered in func (vectorized)
  outputs = ufunc(*inputs)
/projects/muyang@colostate.edu/software/anaconda/envs/testenv/lib/python3.11/site-packages/numpy/lib/function_base.py:2455: RuntimeWarning: divide by zero encountered in func (vectorized)
  outputs = ufunc(*inputs)
/projects/muyang@colostate.edu/software/anaconda/envs/testenv/lib/python3.11/site-packages/numpy/lib/function_base.py:2455: RuntimeWarning: invalid value encountered in func (vectorized)
  outputs = ufunc(*inputs)
/projects/muyang@colostate.edu/software/anaconda/envs/testenv/lib/python3.11/site-packages/numpy/lib/function_base.py:2455: RuntimeWarning: divide by zero encountered in func (vectorized)
  outputs = ufunc(*inputs)
/projects/muyang@colostate.edu/software/anaconda/envs/testenv/lib/python3.11/site-packages/numpy/lib/function_base.py:2455: RuntimeWarning: invalid value encountered in func (vectorized)
  outputs = ufunc(*inputs)
/projects/muyang@colostate.edu/software/anaconda/envs/testenv/lib/python3.11/site-packages/numpy/lib/function_base.py:2455: RuntimeWarning: divide by zero encountered in func (vectorized)
  outputs = ufunc(*inputs)
/projects/muyang@colostate.edu/software/anaconda/envs/testenv/lib/python3.11/site-packages/numpy/lib/function_base.py:2455: RuntimeWarning: invalid value encountered in func (vectorized)
  outputs = ufunc(*inputs)
/projects/muyang@colostate.edu/software/anaconda/envs/testenv/lib/python3.11/site-packages/numpy/lib/function_base.py:2455: RuntimeWarning: divide by zero encountered in func (vectorized)
  outputs = ufunc(*inputs)
/projects/muyang@colostate.edu/software/anaconda/envs/testenv/lib/python3.11/site-packages/numpy/lib/function_base.py:2455: RuntimeWarning: invalid value encountered in func (vectorized)
  outputs = ufunc(*inputs)
/projects/muyang@colostate.edu/software/anaconda/envs/testenv/lib/python3.11/site-packages/numpy/lib/function_base.py:2455: RuntimeWarning: divide by zero encountered in func (vectorized)
  outputs = ufunc(*inputs)
/projects/muyang@colostate.edu/software/anaconda/envs/testenv/lib/python3.11/site-packages/numpy/lib/function_base.py:2455: RuntimeWarning: invalid value encountered in func (vectorized)
  outputs = ufunc(*inputs)
/projects/muyang@colostate.edu/software/anaconda/envs/testenv/lib/python3.11/site-packages/numpy/lib/function_base.py:2455: RuntimeWarning: divide by zero encountered in func (vectorized)
  outputs = ufunc(*inputs)
/projects/muyang@colostate.edu/software/anaconda/envs/testenv/lib/python3.11/site-packages/numpy/lib/function_base.py:2455: RuntimeWarning: invalid value encountered in func (vectorized)
  outputs = ufunc(*inputs)
/projects/muyang@colostate.edu/GEV_simulation/data/all_adaptive_scenario2_seed79_site625_time64_length3000_alpine/MCMC_scenario2_64_625_3000_seed79.py:892: RuntimeWarning: overflow encountered in exp
  ratio = np.exp(lik_proposal - lik)
300
/projects/muyang@colostate.edu/software/anaconda/envs/testenv/lib/python3.11/site-packages/numpy/lib/function_base.py:2455: RuntimeWarning: divide by zero encountered in func (vectorized)
  outputs = ufunc(*inputs)
/projects/muyang@colostate.edu/software/anaconda/envs/testenv/lib/python3.11/site-packages/numpy/lib/function_base.py:2455: RuntimeWarning: invalid value encountered in func (vectorized)
  outputs = ufunc(*inputs)
400
500
600
700
800
900
1000
elapsed:  8648.3  seconds
/projects/muyang@colostate.edu/software/anaconda/envs/testenv/lib/python3.11/site-packages/numpy/lib/function_base.py:2455: RuntimeWarning: divide by zero encountered in func (vectorized)
  outputs = ufunc(*inputs)
/projects/muyang@colostate.edu/software/anaconda/envs/testenv/lib/python3.11/site-packages/numpy/lib/function_base.py:2455: RuntimeWarning: invalid value encountered in func (vectorized)
  outputs = ufunc(*inputs)
/projects/muyang@colostate.edu/GEV_simulation/data/all_adaptive_scenario2_seed79_site625_time64_length3000_alpine/MCMC_scenario2_64_625_3000_seed79.py:892: RuntimeWarning: overflow encountered in exp
  ratio = np.exp(lik_proposal - lik)
1100
1200
1300
1400
1500
1600
1700
1800
1900
2000
elapsed:  19351.1  seconds
/projects/muyang@colostate.edu/software/anaconda/envs/testenv/lib/python3.11/site-packages/numpy/lib/function_base.py:2455: RuntimeWarning: divide by zero encountered in func (vectorized)
  outputs = ufunc(*inputs)
/projects/muyang@colostate.edu/software/anaconda/envs/testenv/lib/python3.11/site-packages/numpy/lib/function_base.py:2455: RuntimeWarning: invalid value encountered in func (vectorized)
  outputs = ufunc(*inputs)
/projects/muyang@colostate.edu/GEV_simulation/data/all_adaptive_scenario2_seed79_site625_time64_length3000_alpine/MCMC_scenario2_64_625_3000_seed79.py:892: RuntimeWarning: overflow encountered in exp
  ratio = np.exp(lik_proposal - lik)
2100
2200
2300
2400
2500
2600
2700
2800
2900
elapsed:  30606.1  seconds
/projects/muyang@colostate.edu/software/anaconda/envs/testenv/lib/python3.11/site-packages/numpy/lib/function_base.py:2455: RuntimeWarning: divide by zero encountered in func (vectorized)
  outputs = ufunc(*inputs)
/projects/muyang@colostate.edu/software/anaconda/envs/testenv/lib/python3.11/site-packages/numpy/lib/function_base.py:2455: RuntimeWarning: invalid value encountered in func (vectorized)
  outputs = ufunc(*inputs)
total time:  30616.5  seconds
true R:  [[2.65903260e-01 9.26746829e-01 8.71204187e+01 1.07178187e+00
  1.37953886e-01 1.78067026e-01 1.98381366e+00 6.66835528e-01
  5.00137624e+01 1.41663939e+01 1.84017566e-01 5.08905518e+00
  1.68306355e+02 9.12201117e-01 3.70409266e-01 1.13252686e+03
  2.56931443e+01 7.38013720e+00 8.68543140e-01 5.40917716e+00
  2.87025086e+01 6.62164970e-01 1.91890083e+00 6.20859238e-01
  1.74953000e+03 6.81870187e-01 5.95099844e-01 6.56048611e+00
  5.37605620e-01 2.23194931e-01 8.88791124e+00 4.41151544e+00
  3.14441831e+00 3.04394348e+00 1.10165192e+02 1.59107009e+00
  5.27627521e-01 3.08868090e-01 5.45081728e+00 5.48944611e+00
  3.27926176e+02 1.56342455e-01 6.93176935e+01 1.23620027e+00
  3.89046256e+00 2.60269780e+00 6.02889954e-01 3.47120795e+03
  2.26946316e+00 1.31764147e+00 5.80638883e+00 1.09960019e+00
  6.25814608e-01 5.12357516e-01 3.31806157e-01 1.32160002e+00
  2.21404230e+00 5.76695251e+02 5.35998535e-01 1.13995931e+03
  8.77613056e+00 9.49248414e-01 9.20119857e-01 1.24131470e+00]
 [2.20757597e-01 2.34194878e-01 3.21993889e+01 1.65981946e+00
  2.83150186e+00 3.65925968e-01 1.22331523e+00 2.66542313e-01
  1.71547481e+00 1.23092110e+00 9.60912317e-01 1.86962482e+00
  6.04998240e-01 5.88975783e-01 5.34263262e+00 6.56040760e-01
  4.13734981e+00 1.27852715e-01 4.64735685e-01 4.71787907e+00
  4.44683619e-01 2.98033953e-01 1.07618628e+01 6.35757932e-01
  8.32394044e+01 1.38310779e+00 1.25864209e+00 5.90982368e+00
  3.88019736e+00 1.16875069e-01 1.24719480e+00 3.60493776e+00
  5.61578203e-01 9.66452511e-02 3.66591261e+00 1.90579260e+02
  4.12869492e-01 8.77086373e-01 2.73953837e-01 1.18312711e+01
  2.40113421e+02 4.01624258e-01 1.03624528e+01 8.65740706e-01
  5.47558526e-01 1.39930139e+00 9.07962742e+01 3.12770184e-01
  2.68428520e-01 6.30795550e+00 2.43039939e+00 1.64596886e+01
  1.18448542e+00 2.85889128e+00 3.18572827e-01 3.71621830e+00
  8.21353496e+03 1.48125268e+00 4.60765083e-01 4.07923914e+01
  1.28368410e+00 6.90393264e-02 1.79030611e+00 8.31632202e+00]
 [4.11082052e-01 7.34086745e-01 6.36465593e+02 1.71763673e+00
  1.88125780e-01 1.77917036e+00 1.83473327e+01 3.00465802e+00
  1.15043636e+00 2.51253484e+01 2.00863123e+00 8.05291494e-01
  1.13037685e-01 2.44823908e+00 9.15491865e-01 3.03867946e-01
  5.01046466e-01 3.43417034e+01 1.05579030e+01 5.89046159e+00
  8.68551123e-01 3.75804814e+00 2.91528768e+00 3.81647774e+00
  7.91143797e-01 1.71566887e-01 1.03029088e+01 2.57062950e+00
  5.19843331e-01 6.65365028e-02 1.10411160e+01 3.44066544e-01
  1.34592038e-01 1.26989047e+00 7.13903180e-01 4.06418629e-01
  2.64881530e+01 2.00820664e+01 2.03836987e-01 1.74628049e+00
  3.77499272e+00 6.13975649e-01 5.46022173e-01 2.45673376e+02
  1.80463424e-01 1.12738669e+00 2.34194638e+01 5.15173191e+00
  1.29270588e-01 1.58271153e-01 2.08603746e+00 6.59342020e+00
  3.06190027e-01 5.66964901e-01 3.51546818e+00 1.77283142e+01
  1.40081974e+00 1.00356861e+00 8.56398903e-01 5.09514484e-01
  1.01709553e+00 7.78673914e-01 1.16885072e-01 3.58699669e-01]
 [1.91138641e-01 2.75810036e+00 1.07408354e+00 2.88327686e+02
  5.36500179e-01 1.71637695e+00 1.00998608e+00 6.56358932e-02
  1.19824855e+00 3.98823192e+01 4.23817166e-01 1.52999352e+00
  2.64060419e+01 1.49259787e+00 1.25465769e+01 7.89192694e+00
  5.95115047e-01 3.05738112e+00 1.60503393e+00 1.50233569e+01
  4.25606108e+01 2.96788391e+03 7.70887953e-01 1.15179801e+00
  6.21114518e-01 1.80118755e-01 3.39827670e+00 2.86187218e+00
  4.51610965e+00 5.73893051e-01 1.05741287e+00 9.08690764e-01
  6.91481299e-01 7.57574091e+02 1.85090533e+00 4.74571757e+01
  1.97715528e+00 5.33985629e+00 8.85236454e-02 3.03396281e-01
  1.45383134e+01 1.13267388e+01 1.89099337e-01 1.81044053e-01
  1.17582185e+02 3.59223411e-01 4.31415672e+01 2.00872956e+00
  2.17641964e-01 8.73689128e+00 2.18815744e-01 2.31903917e-01
  5.70274096e-01 2.28914615e+01 5.09000639e-01 1.40903235e+00
  3.12855541e+00 7.84535600e-01 1.40935095e+00 1.15103743e+00
  1.24065504e-01 2.50039699e-01 1.21750916e+01 4.23474229e+00]
 [3.80731959e+00 1.87465580e-01 2.97316488e-01 9.98217131e-01
  1.54886181e+00 4.01415166e-01 1.76211639e-01 3.21398094e+00
  4.84413942e-01 1.02192978e-01 5.70413696e-01 6.59013609e-01
  2.55235441e+00 9.05264064e-02 5.63535575e-01 1.89865765e+00
  6.67234700e-01 4.83985000e+00 1.50946193e-01 7.14231492e+01
  4.24172777e-01 1.23733223e-01 4.20514383e+02 2.42799037e-01
  2.04790957e+00 8.01050108e-02 3.73217619e-01 6.99399986e-02
  4.95092466e-01 2.48464112e-01 1.03785416e-01 2.63137263e-01
  3.55373228e-01 8.76283132e-02 1.64508797e-01 1.78647836e+00
  1.62867699e-01 1.70364687e+00 3.37697393e+01 1.45824939e-01
  3.05379139e+02 2.85842177e-01 1.37204511e-01 2.37218654e+00
  2.42616725e-01 1.47465962e-01 5.74564187e-01 3.43483973e+00
  3.69450117e+01 2.61137688e+01 1.07475523e+01 3.57992229e-01
  2.06363857e+00 4.26212827e-01 5.47381894e+00 7.41603740e-01
  6.43681482e-01 3.03628549e+01 8.37759689e-01 2.97483002e+00
  3.72637750e-01 3.80957138e-01 1.90831510e+00 1.92871461e+00]
 [4.93060750e+00 8.12147468e-01 5.48127514e-01 1.87241133e+00
  4.00300662e+03 3.30703384e-01 1.22987643e+01 2.34724606e-01
  1.50263546e-01 1.65947194e-01 2.18327178e-01 2.26568198e+00
  7.77865331e-01 5.30579243e-01 2.05591626e+00 4.93037764e-01
  1.93693606e+00 2.10514451e+00 6.00957436e-02 8.28447504e-01
  3.92109935e-01 8.35585139e-01 5.38349536e-01 1.50187603e-01
  2.79537930e+01 4.63992722e-01 3.34558194e-01 3.74084331e-01
  2.86540460e-01 7.81426934e-01 7.12529508e+01 2.50185360e+00
  4.08716607e-01 3.70411028e+00 4.52520380e+00 9.68037489e-02
  2.08070672e+01 6.23553671e-01 3.18511930e-01 4.31512578e-01
  1.86330857e-01 2.07771955e-01 4.85015504e-01 7.55671768e+00
  1.62963478e+00 3.44986647e+00 1.06563779e-01 1.95075411e+00
  5.13398672e-01 2.37614755e+00 1.91120105e+00 1.63520818e-01
  4.83654023e-01 2.47093245e-01 2.97816677e+01 1.01531303e+00
  1.08126042e+01 3.53275581e-01 2.50308995e+00 7.88928921e-01
  1.14949890e+01 6.88505780e-01 3.73514293e-01 2.55743877e+00]
 [3.80429871e-01 4.52173229e-01 4.22224600e+00 9.65246583e-01
  5.79818263e+01 3.13359139e-01 5.20509644e+00 2.80330510e+05
  2.73512603e+00 8.74872834e-01 4.96295580e+01 1.23163578e+01
  9.64564879e-01 4.45647418e+00 3.59154853e-01 7.78592417e-01
  3.08259057e-01 1.41698545e+00 9.05183671e+00 2.40544531e+00
  1.20593755e+01 2.25277704e-01 1.01693625e+00 4.76778016e-01
  3.92860069e+00 1.01636977e+00 6.11947903e-01 3.51713311e+00
  4.69665510e-01 1.87312338e+00 1.71849870e+00 1.20786957e+00
  2.07649722e-01 2.18698835e-01 1.91013359e+02 1.51993866e+03
  3.85560814e-01 4.14605526e-01 2.13849447e-01 2.31348662e+00
  2.99006674e+00 7.26788855e+01 5.37493260e+00 1.65173170e+00
  3.65418037e-01 4.83983330e+01 5.30401269e-01 2.77428007e-01
  1.36429706e-01 7.13037942e-01 2.66151861e+00 1.50674488e-01
  1.87558768e-01 5.45450272e+00 3.14786632e+00 1.23370106e+00
  6.36533857e-01 7.08978795e+01 2.43075160e+00 2.79139828e-01
  4.27345657e-01 3.58558626e-01 7.13351853e-01 8.96701695e-01]
 [6.94975229e+01 1.74634226e+00 4.05488568e+00 2.11751860e-01
  5.66348995e+00 1.05692358e+00 8.10878364e-01 9.35622381e-01
  4.10452051e+07 2.16765649e+00 2.70819764e-01 4.61427409e-01
  1.01770940e+02 4.10373489e+00 1.02316722e+00 4.71271808e-01
  9.67532007e-01 1.72634644e-01 5.35338354e-01 1.21782270e+00
  2.65298158e-01 2.22389076e+01 1.25002289e+01 3.34203730e-01
  1.01746361e+01 2.48406132e+00 7.95101587e-02 4.82989719e-01
  1.54889776e+00 2.63961015e+00 3.06448957e-01 5.93127570e-02
  1.10156218e+00 4.40812754e-01 2.30421909e+00 3.01656486e-01
  3.67700058e-01 6.07928636e-01 5.69102645e+01 1.86716209e-01
  3.94096365e-01 1.01570330e+01 4.83627843e+00 3.25749460e-01
  1.07160255e+01 1.12995560e+00 2.72407896e+01 2.30414488e+00
  8.49601906e+01 3.63379907e-01 9.01425524e+01 2.35530064e-01
  3.84793391e-01 8.19490499e-01 4.97315931e-01 2.49583915e+01
  3.64442705e+01 2.17290399e+00 7.12438680e+02 6.62352550e-01
  1.06325439e+02 1.23547002e+03 4.18733951e+01 1.31229006e-01]
 [3.54753732e-01 2.59964703e-01 1.85052624e+01 1.84877920e+00
  3.63556029e+00 2.12717800e-01 1.26716871e-01 6.49270488e+00
  1.87966221e+00 2.85603630e-01 3.51844487e-01 1.37680524e+00
  3.83810688e-01 2.48640744e-01 9.43594654e+00 5.85556036e-01
  1.17492486e+00 3.32660854e-01 2.30527995e+02 3.63520029e-01
  8.44277510e+01 2.56310784e-01 4.09989800e-01 1.89723163e-01
  2.36999202e-01 1.79049362e+00 1.50637629e+01 4.57270580e-01
  1.44199725e-01 3.70558424e-01 1.55315721e+00 3.04385269e-01
  3.53929242e-01 1.50345877e+00 1.18809668e+00 4.49334587e+01
  4.77784045e-01 1.00596774e+00 2.59100156e+00 8.04770126e-01
  1.43482534e+01 3.37457606e-01 5.40843410e+01 1.57781145e+01
  2.83798303e-01 1.45887834e-01 3.43655415e+00 1.22824242e+01
  9.91588189e-01 7.53211766e-01 2.34424298e+00 2.91059653e-01
  9.73847742e+01 2.10290437e+00 1.06844804e+00 1.03813281e+01
  2.88828198e-01 2.23962780e+00 4.32474992e-01 2.85859977e-01
  1.69106436e+00 4.48792938e-01 8.63547164e-01 2.87332725e+00]]
