1
50
2023-11-11 22:34:29
100
2023-11-11 22:36:03
elapsed:  187.6  seconds
150
2023-11-11 22:37:40
200
2023-11-11 22:39:13
elapsed:  377.5  seconds
250
2023-11-11 22:40:49
300
2023-11-11 22:42:22
elapsed:  566.5  seconds
350
2023-11-11 22:43:58
400
2023-11-11 22:45:31
elapsed:  754.8  seconds
450
2023-11-11 22:47:06
500
2023-11-11 22:48:40
elapsed:  944.3  seconds
550
2023-11-11 22:50:17
600
2023-11-11 22:51:51
elapsed:  1135.5  seconds
650
2023-11-11 22:53:27
700
2023-11-11 22:55:00
elapsed:  1324.4  seconds
750
2023-11-11 22:56:37
800
2023-11-11 22:58:11
elapsed:  1515.6  seconds
850
2023-11-11 22:59:47
900
2023-11-11 23:01:22
elapsed:  1705.8  seconds
950
2023-11-11 23:02:59
1000
2023-11-11 23:04:33
elapsed:  1897.5  seconds
1050
2023-11-11 23:06:11
1100
2023-11-11 23:07:46
elapsed:  2089.9  seconds
1150
2023-11-11 23:09:23
1200
2023-11-11 23:10:58
elapsed:  2282.0  seconds
1250
2023-11-11 23:12:35
1300
2023-11-11 23:14:10
elapsed:  2473.6  seconds
1350
2023-11-11 23:15:46
1400
2023-11-11 23:17:20
elapsed:  2664.5  seconds
1450
2023-11-11 23:18:57
1500
2023-11-11 23:20:32
elapsed:  2855.6  seconds
1550
2023-11-11 23:22:06
1600
2023-11-11 23:23:40
elapsed:  3043.9  seconds
1650
2023-11-11 23:25:16
1700
2023-11-11 23:26:50
elapsed:  3234.2  seconds
1750
2023-11-11 23:28:27
1800
2023-11-11 23:30:00
elapsed:  3424.2  seconds
1850
2023-11-11 23:31:39
1900
2023-11-11 23:33:13
elapsed:  3617.0  seconds
1950
2023-11-11 23:34:48
2000
2023-11-11 23:36:22
elapsed:  3806.0  seconds
2050
2023-11-11 23:37:59
2100
2023-11-11 23:39:32
elapsed:  3996.3  seconds
2150
2023-11-11 23:41:07
2200
2023-11-11 23:42:41
elapsed:  4184.8  seconds
2250
2023-11-11 23:44:16
2300
2023-11-11 23:45:49
elapsed:  4372.9  seconds
2350
2023-11-11 23:47:24
2400
2023-11-11 23:48:57
elapsed:  4561.4  seconds
2450
2023-11-11 23:50:34
2500
2023-11-11 23:52:07
elapsed:  4751.2  seconds
2550
2023-11-11 23:53:43
2600
2023-11-11 23:55:18
elapsed:  4941.9  seconds
2650
2023-11-11 23:56:54
2700
2023-11-11 23:58:28
elapsed:  5131.8  seconds
2750
2023-11-12 00:00:05
2800
2023-11-12 00:01:40
elapsed:  5323.8  seconds
2850
2023-11-12 00:03:13
2900
2023-11-12 00:04:47
elapsed:  5511.6  seconds
2950
2023-11-12 00:06:24
3000
2023-11-12 00:07:59
elapsed:  5702.8  seconds
3050
2023-11-12 00:09:34
3100
2023-11-12 00:11:07
elapsed:  5891.5  seconds
3150
2023-11-12 00:12:43
3200
2023-11-12 00:14:17
elapsed:  6081.4  seconds
3250
2023-11-12 00:15:51
3300
2023-11-12 00:17:25
elapsed:  6268.9  seconds
3350
2023-11-12 00:19:02
3400
2023-11-12 00:20:36
elapsed:  6460.0  seconds
3450
2023-11-12 00:22:13
3500
2023-11-12 00:23:47
elapsed:  6650.9  seconds
3550
2023-11-12 00:25:24
3600
2023-11-12 00:26:58
elapsed:  6842.0  seconds
3650
2023-11-12 00:28:34
3700
2023-11-12 00:30:08
elapsed:  7031.8  seconds
3750
2023-11-12 00:31:43
3800
2023-11-12 00:33:16
elapsed:  7220.6  seconds
3850
2023-11-12 00:34:52
3900
2023-11-12 00:36:27
elapsed:  7411.0  seconds
3950
2023-11-12 00:38:02
4000
2023-11-12 00:39:36
elapsed:  7600.2  seconds
4050
2023-11-12 00:41:12
4100
2023-11-12 00:42:47
elapsed:  7790.7  seconds
4150
2023-11-12 00:44:23
4200
2023-11-12 00:45:58
elapsed:  7982.4  seconds
4250
2023-11-12 00:47:34
4300
2023-11-12 00:49:07
elapsed:  8171.6  seconds
4350
2023-11-12 00:50:45
4400
2023-11-12 00:52:18
elapsed:  8362.2  seconds
4450
2023-11-12 00:53:54
4500
2023-11-12 00:55:28
elapsed:  8552.0  seconds
4550
2023-11-12 00:57:05
4600
2023-11-12 00:58:38
elapsed:  8742.5  seconds
4650
2023-11-12 01:00:15
4700
2023-11-12 01:01:48
elapsed:  8932.5  seconds
4750
2023-11-12 01:03:25
4800
2023-11-12 01:04:58
elapsed:  9122.6  seconds
4850
2023-11-12 01:06:34
4900
2023-11-12 01:08:07
elapsed:  9311.3  seconds
4950
2023-11-12 01:09:44
5000
2023-11-12 01:11:19
elapsed:  9503.6  seconds
5050
2023-11-12 01:12:56
5100
2023-11-12 01:14:29
elapsed:  9693.4  seconds
5150
2023-11-12 01:16:07
5200
2023-11-12 01:17:40
elapsed:  9884.4  seconds
5250
2023-11-12 01:19:16
5300
2023-11-12 01:20:51
elapsed:  10075.6  seconds
5350
2023-11-12 01:22:27
5400
2023-11-12 01:24:01
elapsed:  10264.7  seconds
5450
2023-11-12 01:25:37
5500
2023-11-12 01:27:10
elapsed:  10453.9  seconds
5550
2023-11-12 01:28:46
5600
2023-11-12 01:30:21
elapsed:  10644.6  seconds
5650
2023-11-12 01:31:56
5700
2023-11-12 01:33:31
elapsed:  10834.8  seconds
5750
2023-11-12 01:35:07
5800
2023-11-12 01:36:41
elapsed:  11025.1  seconds
5850
2023-11-12 01:38:17
5900
2023-11-12 01:39:51
elapsed:  11214.7  seconds
5950
2023-11-12 01:41:27
6000
2023-11-12 01:43:01
elapsed:  11405.1  seconds
6050
2023-11-12 01:44:36
6100
2023-11-12 01:46:11
elapsed:  11595.1  seconds
6150
2023-11-12 01:47:47
6200
2023-11-12 01:49:21
elapsed:  11785.3  seconds
6250
2023-11-12 01:50:58
6300
2023-11-12 01:52:31
elapsed:  11975.3  seconds
6350
2023-11-12 01:54:08
6400
2023-11-12 01:55:43
elapsed:  12167.2  seconds
6450
2023-11-12 01:57:21
6500
2023-11-12 01:58:56
elapsed:  12359.6  seconds
6550
2023-11-12 02:00:33
6600
2023-11-12 02:02:09
elapsed:  12552.6  seconds
6650
2023-11-12 02:03:46
6700
2023-11-12 02:05:21
elapsed:  12744.9  seconds
6750
2023-11-12 02:06:58
6800
2023-11-12 02:08:33
elapsed:  12936.7  seconds
6850
2023-11-12 02:10:09
6900
2023-11-12 02:11:44
elapsed:  13127.7  seconds
6950
2023-11-12 02:13:21
7000
2023-11-12 02:14:56
elapsed:  13320.2  seconds
7050
2023-11-12 02:16:33
7100
2023-11-12 02:18:07
elapsed:  13510.8  seconds
7150
2023-11-12 02:19:42
7200
2023-11-12 02:21:16
elapsed:  13699.9  seconds
7250
2023-11-12 02:22:53
7300
2023-11-12 02:24:28
elapsed:  13892.2  seconds
7350
2023-11-12 02:26:05
7400
2023-11-12 02:27:39
elapsed:  14083.4  seconds
7450
2023-11-12 02:29:16
7500
2023-11-12 02:30:52
elapsed:  14275.8  seconds
7550
2023-11-12 02:32:28
7600
2023-11-12 02:34:02
elapsed:  14466.4  seconds
7650
2023-11-12 02:35:37
7700
2023-11-12 02:37:12
elapsed:  14656.2  seconds
7750
2023-11-12 02:38:49
7800
2023-11-12 02:40:23
elapsed:  14846.9  seconds
7850
2023-11-12 02:41:58
7900
2023-11-12 02:43:31
elapsed:  15035.5  seconds
7950
2023-11-12 02:45:07
8000
2023-11-12 02:46:42
elapsed:  15225.7  seconds
8050
2023-11-12 02:48:18
8100
2023-11-12 02:49:52
elapsed:  15416.3  seconds
8150
2023-11-12 02:51:29
8200
2023-11-12 02:53:02
elapsed:  15606.6  seconds
8250
2023-11-12 02:54:38
8300
2023-11-12 02:56:12
elapsed:  15796.0  seconds
8350
2023-11-12 02:57:47
8400
2023-11-12 02:59:20
elapsed:  15984.1  seconds
8450
2023-11-12 03:00:55
8500
2023-11-12 03:02:28
elapsed:  16172.2  seconds
8550
2023-11-12 03:04:04
8600
2023-11-12 03:05:38
elapsed:  16361.7  seconds
8650
2023-11-12 03:07:13
8700
2023-11-12 03:08:46
elapsed:  16549.8  seconds
8750
2023-11-12 03:10:22
8800
2023-11-12 03:11:57
elapsed:  16741.1  seconds
8850
2023-11-12 03:13:30
8900
2023-11-12 03:15:04
elapsed:  16927.9  seconds
8950
2023-11-12 03:16:43
9000
2023-11-12 03:18:19
elapsed:  17123.1  seconds
9050
2023-11-12 03:19:56
9100
2023-11-12 03:21:31
elapsed:  17315.1  seconds
9150
2023-11-12 03:23:08
9200
2023-11-12 03:24:42
elapsed:  17506.4  seconds
9250
2023-11-12 03:26:19
9300
2023-11-12 03:27:54
elapsed:  17698.2  seconds
9350
2023-11-12 03:29:30
9400
2023-11-12 03:31:04
elapsed:  17888.0  seconds
9450
2023-11-12 03:32:39
9500
2023-11-12 03:34:13
elapsed:  18077.6  seconds
9550
2023-11-12 03:35:49
9600
2023-11-12 03:37:23
elapsed:  18267.2  seconds
9650
2023-11-12 03:38:58
9700
2023-11-12 03:40:33
elapsed:  18457.5  seconds
9750
2023-11-12 03:42:10
9800
2023-11-12 03:43:42
elapsed:  18646.3  seconds
9850
2023-11-12 03:45:18
9900
2023-11-12 03:46:52
elapsed:  18835.7  seconds
9950
2023-11-12 03:48:28
10000
2023-11-12 03:50:01
elapsed:  19024.9  seconds
10050
2023-11-12 03:51:36
10100
2023-11-12 03:53:10
elapsed:  19214.2  seconds
10150
2023-11-12 03:54:46
10200
2023-11-12 03:56:20
elapsed:  19403.6  seconds
10250
2023-11-12 03:57:55
10300
2023-11-12 03:59:29
elapsed:  19592.9  seconds
10350
2023-11-12 04:01:04
10400
2023-11-12 04:02:38
elapsed:  19782.2  seconds
10450
2023-11-12 04:04:13
10500
2023-11-12 04:05:48
elapsed:  19972.2  seconds
10550
2023-11-12 04:07:24
10600
2023-11-12 04:08:57
elapsed:  20160.8  seconds
10650
2023-11-12 04:10:32
10700
2023-11-12 04:12:06
elapsed:  20350.4  seconds
10750
2023-11-12 04:13:42
10800
2023-11-12 04:15:15
elapsed:  20539.6  seconds
10850
2023-11-12 04:16:51
10900
2023-11-12 04:18:24
elapsed:  20728.5  seconds
10950
2023-11-12 04:20:00
11000
2023-11-12 04:21:33
elapsed:  20916.7  seconds
11050
2023-11-12 04:23:08
11100
2023-11-12 04:24:41
elapsed:  21105.5  seconds
11150
2023-11-12 04:26:17
11200
2023-11-12 04:27:52
elapsed:  21295.8  seconds
11250
2023-11-12 04:29:28
11300
2023-11-12 04:31:02
elapsed:  21486.1  seconds
11350
2023-11-12 04:32:37
11400
2023-11-12 04:34:10
elapsed:  21674.1  seconds
11450
2023-11-12 04:35:46
11500
2023-11-12 04:37:19
elapsed:  21863.1  seconds
11550
2023-11-12 04:38:55
11600
2023-11-12 04:40:29
elapsed:  22052.8  seconds
11650
2023-11-12 04:42:06
11700
2023-11-12 04:43:39
elapsed:  22243.6  seconds
11750
2023-11-12 04:45:17
11800
2023-11-12 04:46:52
elapsed:  22435.7  seconds
11850
2023-11-12 04:48:29
11900
2023-11-12 04:50:02
elapsed:  22625.7  seconds
11950
2023-11-12 04:51:37
12000
2023-11-12 04:53:11
elapsed:  22815.5  seconds
12050
2023-11-12 04:54:48
12100
2023-11-12 04:56:22
elapsed:  23006.5  seconds
12150
2023-11-12 04:57:59
12200
2023-11-12 04:59:32
elapsed:  23196.4  seconds
12250
2023-11-12 05:01:09
12300
2023-11-12 05:02:42
elapsed:  23386.6  seconds
12350
2023-11-12 05:04:18
12400
2023-11-12 05:05:52
elapsed:  23575.9  seconds
12450
2023-11-12 05:07:28
12500
2023-11-12 05:09:02
elapsed:  23765.6  seconds
12550
2023-11-12 05:10:38
12600
2023-11-12 05:12:12
elapsed:  23955.9  seconds
12650
2023-11-12 05:13:47
12700
2023-11-12 05:15:21
elapsed:  24145.2  seconds
12750
2023-11-12 05:16:57
12800
2023-11-12 05:18:31
elapsed:  24335.4  seconds
12850
2023-11-12 05:20:06
12900
2023-11-12 05:21:38
elapsed:  24522.2  seconds
12950
2023-11-12 05:23:14
13000
2023-11-12 05:24:48
elapsed:  24711.6  seconds
13050
2023-11-12 05:26:24
13100
2023-11-12 05:27:59
elapsed:  24902.8  seconds
13150
2023-11-12 05:29:35
13200
2023-11-12 05:31:09
elapsed:  25093.4  seconds
13250
2023-11-12 05:32:45
13300
2023-11-12 05:34:18
elapsed:  25282.6  seconds
13350
2023-11-12 05:35:54
13400
2023-11-12 05:37:28
elapsed:  25472.4  seconds
13450
2023-11-12 05:39:05
13500
2023-11-12 05:40:39
elapsed:  25663.3  seconds
13550
2023-11-12 05:42:14
13600
2023-11-12 05:43:47
elapsed:  25851.4  seconds
13650
2023-11-12 05:45:24
13700
2023-11-12 05:46:56
elapsed:  26040.4  seconds
13750
2023-11-12 05:48:32
13800
2023-11-12 05:50:06
elapsed:  26229.9  seconds
13850
2023-11-12 05:51:42
13900
2023-11-12 05:53:16
elapsed:  26419.9  seconds
13950
2023-11-12 05:54:52
14000
2023-11-12 05:56:28
elapsed:  26612.1  seconds
14050
2023-11-12 05:58:05
14100
2023-11-12 05:59:40
elapsed:  26803.9  seconds
14150
2023-11-12 06:01:17
14200
2023-11-12 06:02:51
elapsed:  26994.9  seconds
14250
2023-11-12 06:04:27
14300
2023-11-12 06:06:02
elapsed:  27186.4  seconds
14350
2023-11-12 06:07:39
14400
2023-11-12 06:09:14
elapsed:  27377.7  seconds
14450
2023-11-12 06:10:51
14500
2023-11-12 06:12:25
elapsed:  27569.2  seconds
14550
2023-11-12 06:14:02
14600
2023-11-12 06:15:38
elapsed:  27761.6  seconds
14650
2023-11-12 06:17:16
14700
2023-11-12 06:18:50
elapsed:  27953.8  seconds
14750
2023-11-12 06:20:27
14800
2023-11-12 06:22:01
elapsed:  28145.2  seconds
14850
2023-11-12 06:23:38
14900
2023-11-12 06:25:11
elapsed:  28335.4  seconds
14950
2023-11-12 06:26:46
elapsed:  28523.8  seconds
total time:  28528.1  seconds
true R:  [[3.99070215e-01 4.48660189e+00 8.83999228e+02 2.67636086e+00
  1.22629900e-01 2.97675779e+00 2.61312882e+03 9.82524734e-01
  3.82783276e+00 1.37547661e+01 4.74628935e-01 2.70542229e+00
  6.63059332e-02 1.82339132e-01 9.45789920e-01 1.30718206e-01
  2.32167551e+01 3.88597894e-01 2.13507975e+00 3.73678028e+02
  2.02983383e+02 4.68314252e+01 2.10394596e-01 2.29586131e+00
  6.30392726e+00 6.59629322e-01 2.09626836e-01 3.18560589e+00
  1.23935725e+00 2.43004261e+04 5.14394961e-01 2.57082902e+00
  2.00776668e+00 6.95914929e-01 7.08883224e-01 2.51314496e+00
  1.08119519e+00 7.54686805e-01 8.40987319e-02 3.12809293e-01
  1.57787924e-01 2.61989938e-01 5.80973939e+00 9.45371267e-01
  6.16047083e-01 1.03454971e+01 5.37649274e+00 1.27705955e+00
  2.86195085e+01 2.39032586e+00 5.83128635e-01 6.28902626e-01
  3.17700843e+00 7.53240511e+01 4.53963455e-01 1.34918152e+00
  2.68383844e+00 4.42432800e+00 1.68685512e+04 8.92852579e-02
  1.98092690e-01 5.44406947e+00 5.17419390e-01 4.40738471e-01]
 [6.51675122e-01 3.68793040e-01 1.35515981e+01 1.59751128e-01
  7.43169179e+00 7.18993019e-01 4.06691100e+00 5.20087407e+00
  2.80018061e-01 3.90757985e+02 2.12216930e-01 1.63175289e+00
  3.76184023e-01 6.42466592e-01 5.16611944e-01 3.99150085e-01
  1.77887933e-01 2.83528533e-01 1.81900215e-01 1.00539633e+00
  5.06445336e-01 1.39935183e+01 2.24794504e-01 6.98669773e+00
  7.22635469e-01 1.17170439e+00 2.73983120e-01 2.14380735e-01
  2.44438502e-01 2.87288903e+00 6.58712037e-01 2.74643418e-01
  3.98294131e-01 5.66974197e-01 4.73047248e-01 6.49771602e-01
  2.84725763e-01 3.38310845e+00 3.71369315e+01 9.59943618e+02
  2.21247135e-01 6.88781327e-01 3.23292953e-01 7.68543525e-01
  1.64182443e+02 4.81190178e-01 1.44740153e+00 5.02427888e-01
  2.78511674e+00 5.98548202e-01 2.39294401e-01 3.97600403e+01
  1.28865559e-01 1.20321705e+00 1.50251831e+00 1.58209231e+00
  2.59767638e+00 5.70412458e+00 2.61365910e+00 1.23306826e-01
  2.07619633e+00 2.74739081e+01 9.78554152e+00 1.87533744e-01]
 [4.34917531e-01 3.17639754e-01 1.71595287e+00 8.60949519e-01
  4.54286840e+01 2.39461604e-01 1.09758551e+00 2.91312341e+00
  1.93409522e-01 2.71592005e-01 7.79332065e-01 5.03764518e-01
  1.37828122e+00 1.14098392e-01 3.17110353e-01 6.69565679e-01
  1.91015640e+01 2.86039828e-01 1.88020715e+00 1.43798437e+00
  9.13827921e-01 3.98993837e-01 3.15775211e-01 1.60385154e-01
  2.35675094e-01 1.18465944e-01 3.13602697e+02 1.09617502e+00
  3.71940726e-01 5.69000099e+00 4.21015040e-01 3.50196519e+01
  1.32454688e+00 1.86420001e+01 1.67255339e-01 2.14327548e+01
  9.54006090e-01 2.52758965e-01 1.07137650e+00 1.73533051e+01
  1.10511952e+01 3.49803249e-01 1.86100883e-01 3.40716410e+00
  2.15228505e+00 2.00093917e+01 1.02088401e-01 1.69880515e-01
  2.28058219e-01 1.28805941e+01 1.26496804e-01 5.44909757e-01
  4.88431090e-01 5.34244232e+00 6.50400666e-01 5.66332754e+02
  1.94331131e+01 1.17604159e+00 6.41721424e-01 1.39835963e+00
  1.32034126e+00 5.82995033e+00 1.75028198e-01 2.01194275e+00]
 [4.61278448e-01 1.63331640e-01 2.03498813e+00 2.09232690e-01
  4.38944427e-01 9.84517390e-01 9.98929123e-01 1.76972329e+00
  7.81895655e-01 2.24043466e-01 4.56443679e-01 2.31337563e+00
  1.16141705e+02 1.74766261e-01 1.77184601e+01 1.27048313e+00
  1.01039315e-01 2.08922580e-01 2.78983831e-01 1.03088166e+01
  1.75545798e+00 9.10237497e-01 1.36197634e+01 3.89077418e-01
  1.40132108e+00 2.43331810e-01 5.86335536e+01 2.83484273e-01
  1.83869225e-01 1.61556548e-01 4.96163367e+00 1.00137164e+00
  2.90519010e-01 4.64569352e-01 1.69654636e-01 7.80733393e-01
  6.78274390e-02 4.42762282e-01 3.14004152e+03 4.44479481e+02
  3.47987874e+00 3.20405413e+00 2.80620814e+00 3.24706401e-01
  9.67133691e-02 1.66203130e+01 2.30215116e+01 2.57810367e+00
  2.47264404e+00 2.72730238e-01 1.28622842e+00 3.01458970e+00
  1.97042052e-01 4.52853483e+00 1.92045696e+00 6.16308800e-01
  1.35124615e-01 6.48961005e-01 1.41890625e+01 1.22661240e-01
  4.38037172e-01 2.57290809e+01 4.94971490e-01 5.29094334e-01]
 [2.96599619e-01 2.09390585e+02 3.81910220e+01 1.54116941e-01
  1.62518778e+00 7.10625446e+01 9.32495174e-02 3.21764981e-01
  2.45445518e-01 2.45242469e+00 1.28651320e+00 3.77225951e-01
  3.18881050e+04 7.68239184e+01 4.89606933e+00 1.04196013e+01
  1.09217901e+00 8.58372235e-02 2.21466844e+00 1.58292876e-01
  9.81230757e-01 8.91166757e-02 1.46758088e-01 1.37821488e+00
  1.24613734e+00 1.82801370e+00 6.08201342e-01 2.24266699e+00
  1.39537929e-01 1.00047527e+00 1.12749503e+01 5.16562229e+00
  4.74993505e-01 2.50223990e+01 6.98104224e+01 3.54815781e-01
  1.23129623e+00 2.48074496e+01 1.44463871e-01 6.65485145e-01
  1.28716973e+01 2.03980596e+00 4.81407506e+00 1.26326081e-01
  1.03133240e+02 1.34876796e-01 8.38714197e+00 2.24979929e+01
  5.01031308e-01 1.27892379e+00 3.73723633e+00 4.25723680e-01
  1.90457547e-01 1.55178042e-01 6.86679694e-01 1.41059357e-01
  2.23664164e-01 3.29794931e+01 4.17674837e+00 2.79527671e+01
  4.52495896e-01 7.47940962e-01 7.37085337e+01 4.94109534e-01]
 [8.36582114e+00 1.41995496e+01 5.34937550e+00 1.28901080e+02
  6.78407027e-01 8.05871952e-01 1.68268713e+00 5.95874664e-01
  1.25991056e-01 3.77507390e-01 2.39868114e-01 4.03044731e-01
  9.21080581e-01 4.17505104e-01 3.37008564e+04 1.86366394e-01
  8.27944300e-01 1.30251375e+00 1.49311977e+00 1.20122967e+02
  2.69584196e+00 6.68083678e-01 4.79835709e-01 1.84318154e-01
  2.47969308e+01 1.14328791e-01 5.10712454e-01 1.14617181e+01
  5.83569125e+00 2.00489041e+00 2.18026042e-01 3.56294515e-01
  5.08773283e+00 1.80362240e+00 9.69970724e-01 7.10203937e-01
  1.11832144e+02 1.45759118e+01 2.09988822e+00 2.63074166e-01
  5.91364178e-01 6.00486982e+01 3.52337207e-01 2.68790111e+00
  4.07472245e+02 3.40468631e-01 2.56088177e+01 2.44816848e-01
  1.10684768e+01 3.07154992e-01 3.32142889e+01 2.17912559e+00
  8.75972976e+00 9.01875887e+00 6.24222498e-01 2.94360150e+01
  1.11626840e+01 4.82737878e-01 1.17085717e+01 1.69126702e-01
  1.03809696e+00 8.72332255e-02 2.56501191e-01 1.38720306e+00]
 [9.15527252e+00 5.10853130e+00 3.80208601e+00 1.13675021e+01
  2.92801589e-01 5.34588615e+00 3.82210028e-01 7.45781807e-01
  1.89300699e+00 1.36758786e+00 9.70665734e+00 7.25034153e-02
  4.36101547e-01 5.23353616e-01 3.73782326e+00 4.00855304e-01
  4.47469201e+01 4.49144127e+00 7.90245826e-01 1.77271477e-01
  2.54088032e-01 1.47483799e+00 1.17356915e+00 3.40198397e+00
  1.14808452e+00 7.58816870e-01 1.30721416e-01 1.01890985e+01
  4.56957041e-01 2.85289504e-01 2.34277136e-01 4.21376119e+00
  7.79850041e+00 1.43028490e-01 1.65257514e+00 2.10920939e+00
  3.41663062e-01 1.84483341e-01 8.93061839e+00 4.72491929e-01
  4.78953698e+01 1.84639216e+00 5.33082973e+00 5.61359883e+00
  4.20947263e-01 1.13958064e+00 1.39425379e-01 9.23371723e-02
  2.84783559e-01 1.35217213e+00 1.19402360e+00 1.58262708e+00
  5.78743172e+00 8.33970166e-01 5.68064666e+00 3.23297783e-01
  1.84449508e+00 5.89764463e+00 6.38244781e+00 7.99933877e-01
  6.82009678e-01 1.30609164e+00 1.38193205e+01 1.37369972e-01]
 [9.97873337e+00 5.36922463e+00 2.04943797e-01 1.49394340e+00
  3.76547993e+00 1.10395095e+01 5.49492668e-02 6.00610195e-01
  4.75989108e-01 1.80234031e+00 1.92658594e-01 1.05283336e+00
  7.03805049e-01 7.84944690e+00 2.55944084e+01 3.36737631e-01
  2.73044940e-01 1.04218585e-01 7.83570464e+00 3.55238461e-01
  6.07756882e+00 5.33736395e-01 8.80157079e-01 1.20269917e+00
  8.55634497e+01 2.19854929e-01 7.82081343e-01 4.53837749e-01
  1.05909766e+00 4.17541947e-01 3.88368255e-01 7.95463190e-01
  1.91596546e-01 4.73110060e-01 4.35144592e-01 9.82969349e-01
  2.68435289e+00 2.06217182e-01 1.83961707e+00 9.22064596e+02
  1.02212938e+00 1.42912953e-01 4.35552257e-01 1.78212036e+02
  3.97230344e-01 4.90618961e+00 1.12623190e+00 2.15049536e+00
  1.22147170e+00 7.15522937e+01 3.49296688e-01 4.36178504e+00
  1.26346992e+00 1.38508335e-01 8.25421608e-01 2.70716769e+00
  2.16462481e+01 2.10493752e-01 6.69308394e+00 2.17824396e+01
  1.30869374e-01 2.10093474e+01 2.12889592e-01 6.19504633e-01]
 [2.72852645e+00 3.44531294e-01 5.12100945e-01 4.64873655e+02
  2.55533659e+01 2.66247240e-01 5.71233886e-01 2.23964189e+00
  8.04730866e-01 9.73878999e+00 1.42775166e+00 8.96466011e-02
  5.85030868e-01 2.27304642e+00 2.02437427e-01 4.20106153e+02
  2.46661025e+01 2.41666172e+00 1.41642271e+01 2.03825034e+00
  1.38505701e+00 3.99278653e+00 1.96333478e+00 2.30897629e-01
  1.04761798e+00 7.65945771e+00 3.21002399e-01 2.36390728e-01
  1.23755790e-01 2.37626466e-01 1.96886528e-01 7.55492194e-01
  1.78918835e-01 1.86508442e+01 8.38858184e-01 1.94921691e+03
  4.49459862e+00 1.83446694e+01 4.37501742e-01 3.89174537e-01
  2.54568299e-01 4.70117908e+00 4.13914956e-01 8.77706514e+00
  2.62445614e-01 8.03223968e-02 1.17594561e+00 2.35421945e+01
  3.98379829e-01 2.53543891e-01 3.85967859e+00 2.24169764e+01
  1.30804546e-01 6.19738746e+00 3.80548995e-01 3.43795460e-01
  2.71932022e+00 4.13490265e+01 1.48703445e-01 2.04791472e+00
  2.46770191e+00 1.22927006e-01 3.68559130e+02 1.76473043e+03]]
