--------------------------------------------------------------------------
No OpenFabrics connection schemes reported that they were able to be
used on a specific port.  As such, the openib BTL (OpenFabrics
support) will be disabled for this port.

  Local host:           c3cpu-a2-u32-4
  Local device:         mlx5_0
  Local port:           1
  CPCs attempted:       rdmacm, udcm
--------------------------------------------------------------------------
[c3cpu-a2-u32-4.rc.int.colorado.edu:2828715] 63 more processes have sent help message help-mpi-btl-openib-cpc-base.txt / no cpcs for port
[c3cpu-a2-u32-4.rc.int.colorado.edu:2828715] Set MCA parameter "orte_base_help_aggregate" to 0 to see all help / error messages
1
50
2023-11-14 18:30:50
100
2023-11-14 18:32:48
elapsed:  234.9  seconds
150
2023-11-14 18:34:49
200
2023-11-14 18:36:48
elapsed:  474.6  seconds
250
2023-11-14 18:38:49
300
2023-11-14 18:40:48
elapsed:  714.4  seconds
350
2023-11-14 18:42:51
400
2023-11-14 18:44:54
elapsed:  960.1  seconds
450
2023-11-14 18:46:57
500
2023-11-14 18:48:59
elapsed:  1206.0  seconds
550
2023-11-14 18:51:01
600
2023-11-14 18:53:03
elapsed:  1449.5  seconds
650
2023-11-14 18:55:03
700
2023-11-14 18:57:04
elapsed:  1691.0  seconds
750
2023-11-14 18:59:08
800
2023-11-14 19:01:09
elapsed:  1935.5  seconds
850
2023-11-14 19:03:13
900
2023-11-14 19:05:15
elapsed:  2181.3  seconds
950
2023-11-14 19:07:19
1000
2023-11-14 19:09:21
elapsed:  2427.8  seconds
1050
2023-11-14 19:11:24
1100
2023-11-14 19:13:23
elapsed:  2669.2  seconds
1150
2023-11-14 19:15:22
1200
2023-11-14 19:17:22
elapsed:  2908.7  seconds
1250
2023-11-14 19:19:24
1300
2023-11-14 19:21:24
elapsed:  3151.0  seconds
1350
2023-11-14 19:23:25
1400
2023-11-14 19:25:26
elapsed:  3392.4  seconds
1450
2023-11-14 19:27:29
1500
2023-11-14 19:29:31
elapsed:  3637.3  seconds
1550
2023-11-14 19:31:33
1600
2023-11-14 19:33:33
elapsed:  3879.9  seconds
1650
2023-11-14 19:35:33
1700
2023-11-14 19:37:33
elapsed:  4119.2  seconds
1750
2023-11-14 19:39:35
1800
2023-11-14 19:41:36
elapsed:  4362.4  seconds
1850
2023-11-14 19:43:38
/projects/muyang@colostate.edu/software/anaconda/envs/testenv/lib/python3.11/site-packages/numpy/lib/function_base.py:2455: RuntimeWarning: divide by zero encountered in func (vectorized)
  outputs = ufunc(*inputs)
/projects/muyang@colostate.edu/software/anaconda/envs/testenv/lib/python3.11/site-packages/numpy/lib/function_base.py:2455: RuntimeWarning: invalid value encountered in func (vectorized)
  outputs = ufunc(*inputs)
1900
2023-11-14 19:45:40
elapsed:  4606.2  seconds
1950
2023-11-14 19:47:43
2000
2023-11-14 19:49:44
elapsed:  4850.5  seconds
2050
2023-11-14 19:51:47
2100
2023-11-14 19:53:49
elapsed:  5095.5  seconds
2150
2023-11-14 19:55:50
2200
2023-11-14 19:57:48
elapsed:  5334.5  seconds
2250
2023-11-14 19:59:47
2300
2023-11-14 20:01:47
elapsed:  5573.5  seconds
2350
2023-11-14 20:03:48
2400
2023-11-14 20:05:48
elapsed:  5814.8  seconds
2450
2023-11-14 20:07:53
2500
2023-11-14 20:09:56
elapsed:  6062.4  seconds
2550
2023-11-14 20:11:58
2600
2023-11-14 20:13:59
elapsed:  6305.6  seconds
2650
2023-11-14 20:16:01
2700
2023-11-14 20:18:01
elapsed:  6547.9  seconds
2750
2023-11-14 20:20:05
2800
2023-11-14 20:22:06
elapsed:  6792.2  seconds
2850
2023-11-14 20:24:09
2900
2023-11-14 20:26:11
elapsed:  7037.2  seconds
2950
2023-11-14 20:28:13
3000
2023-11-14 20:30:13
elapsed:  7279.1  seconds
3050
2023-11-14 20:32:16
3100
2023-11-14 20:34:18
elapsed:  7524.5  seconds
3150
2023-11-14 20:36:19
3200
2023-11-14 20:38:22
elapsed:  7768.6  seconds
3250
2023-11-14 20:40:25
3300
2023-11-14 20:42:25
elapsed:  8012.1  seconds
3350
2023-11-14 20:44:28
3400
2023-11-14 20:46:29
elapsed:  8255.9  seconds
3450
2023-11-14 20:48:32
3500
2023-11-14 20:50:33
elapsed:  8499.6  seconds
3550
2023-11-14 20:52:35
3600
2023-11-14 20:54:36
elapsed:  8743.0  seconds
/projects/muyang@colostate.edu/software/anaconda/envs/testenv/lib/python3.11/site-packages/numpy/lib/function_base.py:2455: RuntimeWarning: divide by zero encountered in func (vectorized)
  outputs = ufunc(*inputs)
/projects/muyang@colostate.edu/software/anaconda/envs/testenv/lib/python3.11/site-packages/numpy/lib/function_base.py:2455: RuntimeWarning: invalid value encountered in func (vectorized)
  outputs = ufunc(*inputs)
3650
2023-11-14 20:56:39
3700
2023-11-14 20:58:40
elapsed:  8986.3  seconds
/projects/muyang@colostate.edu/software/anaconda/envs/testenv/lib/python3.11/site-packages/numpy/lib/function_base.py:2455: RuntimeWarning: divide by zero encountered in func (vectorized)
  outputs = ufunc(*inputs)
/projects/muyang@colostate.edu/software/anaconda/envs/testenv/lib/python3.11/site-packages/numpy/lib/function_base.py:2455: RuntimeWarning: invalid value encountered in func (vectorized)
  outputs = ufunc(*inputs)
3750
2023-11-14 21:00:42
3800
2023-11-14 21:02:42
elapsed:  9228.6  seconds
3850
2023-11-14 21:04:43
3900
2023-11-14 21:06:43
elapsed:  9469.4  seconds
3950
2023-11-14 21:08:44
4000
2023-11-14 21:10:44
elapsed:  9710.4  seconds
/projects/muyang@colostate.edu/software/anaconda/envs/testenv/lib/python3.11/site-packages/numpy/lib/function_base.py:2455: RuntimeWarning: divide by zero encountered in func (vectorized)
  outputs = ufunc(*inputs)
/projects/muyang@colostate.edu/software/anaconda/envs/testenv/lib/python3.11/site-packages/numpy/lib/function_base.py:2455: RuntimeWarning: invalid value encountered in func (vectorized)
  outputs = ufunc(*inputs)
4050
2023-11-14 21:12:46
4100
2023-11-14 21:14:45
elapsed:  9952.0  seconds
4150
2023-11-14 21:16:47
4200
2023-11-14 21:18:45
elapsed:  10191.2  seconds
4250
2023-11-14 21:20:44
4300
2023-11-14 21:22:45
elapsed:  10431.8  seconds
4350
2023-11-14 21:24:47
4400
2023-11-14 21:26:46
elapsed:  10672.5  seconds
4450
2023-11-14 21:28:49
4500
2023-11-14 21:30:51
elapsed:  10917.8  seconds
4550
2023-11-14 21:32:54
4600
2023-11-14 21:34:55
elapsed:  11162.1  seconds
4650
2023-11-14 21:36:59
4700
2023-11-14 21:39:01
elapsed:  11407.2  seconds
4750
2023-11-14 21:41:03
4800
2023-11-14 21:43:05
elapsed:  11651.1  seconds
4850
2023-11-14 21:45:09
4900
2023-11-14 21:47:12
elapsed:  11898.6  seconds
4950
2023-11-14 21:49:15
elapsed:  12139.4  seconds
total time:  12143.2  seconds
true R:  [[7.82734520e+02 2.33835952e-01 2.05124401e+03 1.13117455e+00
  2.29635890e+01 2.55424659e+01 2.47537995e-01 1.87565726e+01
  5.79156226e+00 3.67444937e-01 1.84007330e+00 3.74886792e-01
  5.37480161e+00 1.00494052e+00 7.93351685e-01 2.26737095e+01
  1.66950120e+00 9.78061126e-01 1.77369668e+01 4.83861857e-01
  3.37191521e+00 3.73816507e+00 1.58412699e-01 3.49434052e+00
  2.94821310e+00 8.80423140e-02 3.13137578e+00 4.04054092e+00
  2.92039686e+03 2.42750242e+00 5.83786996e+01 8.46629127e+00
  4.52073063e+00 1.88799160e+00 7.59545668e-01 2.42830001e+01
  4.81600733e+01 7.42951777e+00 2.88485360e-01 9.24860948e-01
  3.56032697e-01 1.71009543e+01 1.23722452e+00 9.05154999e-01
  1.29123797e+00 6.24924207e-02 4.43490323e-01 1.23736503e+00
  1.72739985e+00 3.81276357e-01 4.53605099e-01 1.38338287e-01
  2.84959169e-01 1.99125594e+00 3.16417454e+01 2.15573511e+01
  7.67423920e-01 1.66078524e-01 8.38272999e-01 2.41224212e+00
  1.04980202e-01 1.06336374e+01 1.21399600e+01 9.17255689e-01]
 [3.39019598e+00 7.92227102e-01 2.75328640e+00 1.52124814e-01
  2.34161199e+00 6.86318183e+02 1.34736641e+01 1.95043453e+00
  1.06079412e+00 2.19776061e+00 4.16987873e-01 2.54670393e-01
  1.34047418e+00 1.67994816e+00 3.76047450e+01 1.32173068e+00
  9.19808539e-01 5.64951894e+02 1.20882704e+01 4.05531239e+00
  5.53893028e-01 1.46225160e-01 1.70428957e-01 5.90927492e-01
  3.20915652e+03 2.27766722e-01 1.43524070e-01 2.92735378e-01
  1.21376167e-01 2.51942065e-01 3.69352898e+00 4.62489920e-01
  2.60978541e-01 1.57780967e+01 4.76570385e-01 2.68158198e-01
  4.41255745e-01 9.75313521e+02 3.64398606e-01 1.81229102e+00
  1.86711872e+00 6.58655503e+00 4.53318567e-01 3.69994627e+01
  7.23217520e+00 4.50042150e+03 9.30290803e+00 1.75105184e+02
  1.33207416e-01 4.70622819e-01 1.45169425e+00 3.33380700e-01
  3.35837635e+02 1.02219497e+00 4.71109153e+01 9.79331185e-01
  7.78686495e-01 5.23223673e+00 1.08304203e+02 1.74547248e+00
  1.53993207e+01 7.75277280e+00 4.26198628e-01 2.81123422e-01]
 [8.86886701e-01 5.96004825e-01 1.71545474e+00 2.59893589e-01
  1.23303545e-01 1.16073505e-01 1.32467802e+00 2.80506296e-01
  5.72778973e-01 3.93133174e-01 4.76474748e-01 3.30871230e+02
  8.66806250e-01 2.21326251e+00 1.89818272e+00 3.14132209e+01
  4.96520696e-01 1.40884178e-01 2.21204951e-01 9.04797467e-02
  1.01462579e-01 6.26909114e+00 1.07642142e+00 1.87805042e+00
  7.88306069e+00 1.30516831e-01 7.14753475e-01 2.18008714e-01
  3.48465730e+00 2.41465755e+00 5.92336222e+00 2.10362936e+00
  2.50803433e+01 5.52152413e-01 1.14790464e+02 3.31818513e+00
  6.82642651e-01 4.29359467e-01 1.86293651e+00 9.87165992e-01
  1.50636275e+01 2.19852625e-01 2.96334094e-01 2.22527741e-01
  2.37180422e-01 3.21304069e-01 3.59018279e-01 5.95585711e+00
  3.50593375e+00 6.10130326e+00 1.20218026e+00 9.30358671e-01
  1.56958401e-01 3.64131534e-01 3.16867573e-01 1.76016247e+00
  1.80642883e+02 4.85950914e-01 1.59009584e+01 2.45351417e-01
  1.41487277e-01 1.34306802e+00 1.21076389e+01 6.34646003e-01]
 [1.92956527e-01 1.63433738e+00 5.43101606e-01 9.66683963e-01
  1.74892349e+00 7.14644535e+00 1.05077707e+01 5.63829222e-02
  2.15436933e+00 1.97886412e-01 2.97717068e+00 1.28628676e+00
  7.41560179e-01 9.70161655e-01 2.91588896e+00 2.07870197e-01
  5.48270383e-01 2.00390298e-01 7.58075803e-02 1.47254220e+00
  7.90902357e-01 5.80315103e+00 4.27796249e-01 1.33645360e-01
  1.86003014e+00 1.40160645e-01 9.40283461e-02 9.85908029e-01
  5.44187811e-01 1.55753370e-01 8.06263565e+01 1.68793097e+03
  1.43926457e-01 1.45462931e+04 1.25000283e+00 2.74616916e+00
  1.38127604e+01 5.40630757e-01 1.23854105e+00 3.77344052e+00
  6.73584450e-01 2.54206243e+00 1.90617585e-01 2.76855914e-01
  3.45603450e-01 2.68773112e+00 5.17508523e-01 7.96803969e-01
  3.90890973e-01 2.74510473e+01 2.72972240e+00 2.16556832e+00
  2.02721374e+00 1.88128982e+00 6.33522159e-01 1.83403055e-01
  5.44468369e-01 2.74752727e+00 4.89432894e-01 5.68408148e+01
  8.20325929e-01 4.80998321e-01 1.03852157e+01 2.36172304e+02]
 [2.17896590e-01 7.22548110e-01 1.21127264e+01 2.63384235e+02
  6.57059298e-01 4.56177270e-01 1.41615965e-01 2.44828531e-01
  3.38539131e-01 9.09674270e+00 2.18560522e+00 4.13917056e-01
  2.79886079e+00 4.93722617e-01 1.10847186e+01 4.86110586e-02
  1.83830343e+01 3.10489667e+00 1.36206611e+00 1.29973799e+01
  1.44134692e+00 2.09543448e+00 5.08410546e+01 3.85696579e-01
  8.14350598e-01 2.73318253e-01 4.59478831e+00 2.71700436e-01
  4.52800783e-01 3.11153701e-01 6.70996221e+00 1.80518331e-01
  7.61947537e-01 1.77259572e+00 2.87169690e-01 1.41007396e+00
  3.03815804e+01 3.32246790e-01 6.75723797e-01 5.38249997e-01
  6.03863956e-01 2.13527949e-01 8.27091506e+00 1.25524302e-01
  7.06940122e+00 3.57575900e+01 4.86923050e-01 2.47214982e+00
  1.42655980e+01 8.78764790e-01 5.89783281e-01 4.79929308e-01
  9.11220668e-01 1.68357910e-01 5.92163917e+00 6.59527228e+00
  7.40078961e-02 1.84394505e+00 8.25066579e+00 1.46195009e+00
  2.81415921e-01 2.70209514e+02 4.64983177e-01 1.03599883e+00]
 [4.19316957e-01 2.12158756e-01 2.06641742e-01 2.28645092e+00
  4.12274007e+00 5.19506589e-01 1.18288211e+00 5.56592614e-01
  8.93459547e-01 3.55704502e+01 1.88090964e+00 2.21845546e-01
  6.01532037e-01 2.89751466e+00 3.20052562e+00 7.20649726e+00
  4.47213842e+00 1.24865773e+01 1.47532958e+01 3.22999721e-01
  3.79201609e-01 9.68154765e+00 1.94966911e+01 2.42546582e+00
  2.46593713e+00 6.80193494e-01 1.23408671e+00 8.50018092e-01
  4.53486908e+01 2.13036033e-01 1.31013684e+00 2.48935169e-01
  5.32694754e-01 1.27222011e+04 6.62538279e+00 1.56192410e+00
  1.96054978e+03 2.24473604e-01 8.85052589e-01 2.54604285e-01
  8.97599782e+00 6.07830259e-01 4.19643794e+00 1.20765460e+01
  4.72851347e+01 7.64400121e-01 2.82044610e+00 1.70013848e-01
  1.20212960e+01 9.90559597e-01 3.70874641e-01 3.39184337e-01
  8.18652357e-01 9.94233878e-01 5.19710612e-01 1.76010470e+00
  7.97729669e-01 2.16457603e+02 4.74551438e+00 7.59248953e-01
  2.26770571e+00 1.37075421e+00 2.39208414e+00 3.20458593e+00]
 [9.98562617e-01 1.59335668e-01 4.60646174e-01 6.90520449e-01
  3.99204930e-01 1.01278977e+00 3.70368236e+01 4.85182256e-01
  1.13867831e+01 4.26836638e-01 3.59896828e+01 3.72778937e+00
  2.23668188e-01 8.28113914e-01 1.87321667e+00 2.04352933e+00
  8.71149288e-02 7.00053052e+02 3.70316531e-01 2.76280288e+00
  9.02910708e+00 6.39567080e-01 3.15649184e-01 6.81228061e+00
  2.82525647e+00 6.55732292e-01 1.69385539e+00 6.55326025e-01
  1.19288126e-01 2.08618674e+00 6.27351397e+00 5.37187075e+00
  9.75218633e+00 1.26459728e-01 1.33955418e+01 2.95764889e+01
  4.12772626e-01 8.12947709e-01 3.40366331e-01 7.39059651e-01
  5.42539844e-01 2.90358869e-01 9.71011030e+00 7.38017038e-01
  1.51302233e-01 6.97948429e-01 1.82548202e+00 8.72400581e+00
  2.27436721e+01 9.53590064e-01 2.47434282e+00 7.68890649e-01
  5.20201395e-02 1.53646198e+00 7.37372696e-01 3.11213750e-01
  6.07875035e+01 4.42129189e-01 5.43014250e-01 4.19276705e-01
  2.36090163e+00 6.41428813e-01 8.47576041e+00 2.02705570e-01]
 [6.30055292e-01 9.00592989e-01 6.02413637e+00 2.83483526e-01
  1.16550001e+00 7.12661273e+00 4.15973575e+00 7.43044438e+00
  5.39277906e-01 1.00694310e+00 2.66559017e-01 1.14744822e+04
  3.34874555e+02 7.31957771e+00 4.90995359e+00 8.87426889e+00
  9.85305365e+00 1.59875210e+00 1.44947559e+01 3.46745624e+01
  1.57697864e-01 5.55998625e-01 4.66903852e-01 9.27244992e-02
  1.37426253e+00 1.89141763e-01 6.33472246e-01 3.55225603e+00
  3.52977393e+00 4.03852987e+00 3.67053422e+00 3.30661803e+00
  5.74293597e-01 1.35394533e+00 4.05340440e-01 3.34894458e-01
  1.09908653e+01 3.77948866e+00 2.09914839e-01 4.21196024e-01
  2.72215750e+00 1.80431184e+00 4.96679401e-01 9.85353024e+00
  5.54589198e-01 3.33043295e+01 3.52606387e-01 1.06850105e-01
  8.23446420e+01 2.15197277e+00 3.47956778e-01 2.54237593e-01
  1.27177305e+01 2.99493224e+00 1.19656018e+00 5.25713866e-01
  2.93973219e+02 2.11999692e-01 2.75694338e+01 4.70746334e-01
  7.95789498e-02 6.22457595e-01 1.27736173e-01 3.14856197e+01]
 [4.93165972e-01 2.83943455e+00 4.87477953e+00 1.12385521e+00
  3.61393425e-01 3.93471405e-01 6.37293067e-01 1.19900508e+04
  3.06702262e-01 8.45135723e-01 1.38179136e-01 1.44814055e-01
  7.90485253e-01 7.13429519e-01 1.94414423e-01 1.77454836e+01
  9.32752225e+00 9.60412990e+00 1.33316402e+03 5.59903885e+00
  1.38906506e+00 1.65433566e+00 3.43632827e+00 1.92193065e-01
  1.18625676e+00 9.72844365e+01 3.74965512e-01 1.62686672e+00
  1.25019502e+01 1.71743514e+00 2.88558509e-01 4.84472970e+00
  3.09320954e-01 4.94537055e+00 2.67054224e+00 1.42089038e-01
  4.06928293e-01 2.09043467e+00 2.65564970e+00 5.05215560e-01
  8.03915360e-02 1.04796516e+00 8.41533323e-01 1.85865236e-01
  1.01707911e+01 2.56965845e+00 1.11933755e+00 3.30844653e+02
  4.23932492e-01 1.05832739e+01 2.26679824e-01 1.70328082e-01
  2.40011526e-01 8.83082786e+00 4.79396629e-01 7.02762630e-01
  1.42517855e-01 3.60033841e-01 1.14420780e-01 6.21241578e-01
  5.51962351e+00 1.09735420e+00 2.90567385e+00 4.92864698e-01]]
