1
50
2023-11-11 22:21:37
100
2023-11-11 22:23:21
elapsed:  204.2  seconds
150
2023-11-11 22:25:05
200
2023-11-11 22:26:47
elapsed:  410.5  seconds
250
2023-11-11 22:28:32
300
2023-11-11 22:30:15
elapsed:  619.0  seconds
350
2023-11-11 22:32:01
400
2023-11-11 22:33:45
elapsed:  828.4  seconds
450
2023-11-11 22:35:30
500
2023-11-11 22:37:14
elapsed:  1037.7  seconds
550
2023-11-11 22:39:00
600
2023-11-11 22:40:45
elapsed:  1248.6  seconds
650
2023-11-11 22:42:29
700
2023-11-11 22:44:14
elapsed:  1457.4  seconds
750
2023-11-11 22:45:59
800
2023-11-11 22:47:43
elapsed:  1667.1  seconds
850
2023-11-11 22:49:29
900
2023-11-11 22:51:12
elapsed:  1876.1  seconds
950
2023-11-11 22:52:58
1000
2023-11-11 22:54:40
elapsed:  2083.9  seconds
1050
2023-11-11 22:56:26
1100
2023-11-11 22:58:10
elapsed:  2293.9  seconds
1150
2023-11-11 22:59:57
1200
2023-11-11 23:01:41
elapsed:  2505.0  seconds
1250
2023-11-11 23:03:27
1300
2023-11-11 23:05:10
elapsed:  2714.1  seconds
1350
2023-11-11 23:06:57
1400
2023-11-11 23:08:39
elapsed:  2923.0  seconds
1450
2023-11-11 23:10:25
1500
2023-11-11 23:12:09
elapsed:  3132.2  seconds
1550
2023-11-11 23:13:54
1600
2023-11-11 23:15:38
elapsed:  3341.7  seconds
1650
2023-11-11 23:17:22
1700
2023-11-11 23:19:06
elapsed:  3549.9  seconds
1750
2023-11-11 23:20:52
1800
2023-11-11 23:22:35
elapsed:  3759.0  seconds
1850
2023-11-11 23:24:21
1900
2023-11-11 23:26:04
elapsed:  3967.8  seconds
1950
2023-11-11 23:27:52
2000
2023-11-11 23:29:35
elapsed:  4178.5  seconds
2050
2023-11-11 23:31:21
2100
2023-11-11 23:33:05
elapsed:  4388.4  seconds
2150
2023-11-11 23:34:50
2200
2023-11-11 23:36:32
elapsed:  4596.1  seconds
2250
2023-11-11 23:38:17
2300
2023-11-11 23:40:00
elapsed:  4803.4  seconds
2350
2023-11-11 23:41:44
2400
2023-11-11 23:43:26
elapsed:  5009.3  seconds
2450
2023-11-11 23:45:11
2500
2023-11-11 23:46:52
elapsed:  5215.6  seconds
2550
2023-11-11 23:48:38
2600
2023-11-11 23:50:22
elapsed:  5425.8  seconds
2650
2023-11-11 23:52:08
2700
2023-11-11 23:53:51
elapsed:  5635.0  seconds
2750
2023-11-11 23:55:37
2800
2023-11-11 23:57:21
elapsed:  5844.3  seconds
2850
2023-11-11 23:59:05
2900
2023-11-12 00:00:47
elapsed:  6050.7  seconds
2950
2023-11-12 00:02:33
3000
2023-11-12 00:04:14
elapsed:  6257.7  seconds
3050
2023-11-12 00:05:59
3100
2023-11-12 00:07:43
elapsed:  6466.6  seconds
3150
2023-11-12 00:09:28
3200
2023-11-12 00:11:12
elapsed:  6676.0  seconds
3250
2023-11-12 00:12:57
3300
2023-11-12 00:14:37
elapsed:  6880.8  seconds
3350
2023-11-12 00:16:20
3400
2023-11-12 00:18:03
elapsed:  7086.5  seconds
3450
2023-11-12 00:19:48
3500
2023-11-12 00:21:31
elapsed:  7294.4  seconds
3550
2023-11-12 00:23:16
3600
2023-11-12 00:24:59
elapsed:  7502.4  seconds
3650
2023-11-12 00:26:44
3700
2023-11-12 00:28:27
elapsed:  7710.3  seconds
3750
2023-11-12 00:30:11
3800
2023-11-12 00:31:54
elapsed:  7917.9  seconds
3850
2023-11-12 00:33:40
3900
2023-11-12 00:35:23
elapsed:  8126.7  seconds
3950
2023-11-12 00:37:10
4000
2023-11-12 00:38:55
elapsed:  8338.6  seconds
4050
2023-11-12 00:40:41
4100
2023-11-12 00:42:25
elapsed:  8548.3  seconds
4150
2023-11-12 00:44:11
4200
2023-11-12 00:45:53
elapsed:  8756.6  seconds
4250
2023-11-12 00:47:38
4300
2023-11-12 00:49:21
elapsed:  8965.1  seconds
4350
2023-11-12 00:51:08
4400
2023-11-12 00:52:51
elapsed:  9175.1  seconds
4450
2023-11-12 00:54:37
4500
2023-11-12 00:56:21
elapsed:  9384.7  seconds
4550
2023-11-12 00:58:07
4600
2023-11-12 00:59:51
elapsed:  9594.3  seconds
4650
2023-11-12 01:01:36
4700
2023-11-12 01:03:20
elapsed:  9803.2  seconds
4750
2023-11-12 01:05:05
4800
2023-11-12 01:06:50
elapsed:  10013.4  seconds
4850
2023-11-12 01:08:35
4900
2023-11-12 01:10:19
elapsed:  10222.9  seconds
4950
2023-11-12 01:12:05
5000
2023-11-12 01:13:49
elapsed:  10432.6  seconds
5050
2023-11-12 01:15:34
5100
2023-11-12 01:17:17
elapsed:  10641.0  seconds
5150
2023-11-12 01:19:03
5200
2023-11-12 01:20:47
elapsed:  10850.6  seconds
5250
2023-11-12 01:22:33
5300
2023-11-12 01:24:16
elapsed:  11059.3  seconds
5350
2023-11-12 01:26:01
5400
2023-11-12 01:27:43
elapsed:  11266.5  seconds
5450
2023-11-12 01:29:24
5500
2023-11-12 01:31:05
elapsed:  11468.3  seconds
5550
2023-11-12 01:32:51
5600
2023-11-12 01:34:34
elapsed:  11677.4  seconds
5650
2023-11-12 01:36:21
5700
2023-11-12 01:38:05
elapsed:  11889.0  seconds
5750
2023-11-12 01:39:52
5800
2023-11-12 01:41:36
elapsed:  12100.0  seconds
5850
2023-11-12 01:43:22
5900
2023-11-12 01:45:06
elapsed:  12309.2  seconds
5950
2023-11-12 01:46:52
6000
2023-11-12 01:48:36
elapsed:  12520.0  seconds
6050
2023-11-12 01:50:23
6100
2023-11-12 01:52:07
elapsed:  12730.6  seconds
6150
2023-11-12 01:53:53
6200
2023-11-12 01:55:38
elapsed:  12942.0  seconds
6250
2023-11-12 01:57:24
6300
2023-11-12 01:59:08
elapsed:  13151.6  seconds
6350
2023-11-12 02:00:55
6400
2023-11-12 02:02:38
elapsed:  13362.0  seconds
6450
2023-11-12 02:04:25
6500
2023-11-12 02:06:08
elapsed:  13571.5  seconds
6550
2023-11-12 02:07:54
6600
2023-11-12 02:09:37
elapsed:  13780.6  seconds
6650
2023-11-12 02:11:24
6700
2023-11-12 02:13:09
elapsed:  13992.9  seconds
6750
2023-11-12 02:14:55
6800
2023-11-12 02:16:40
elapsed:  14203.2  seconds
6850
2023-11-12 02:18:25
6900
2023-11-12 02:20:09
elapsed:  14413.1  seconds
6950
2023-11-12 02:21:53
7000
2023-11-12 02:23:37
elapsed:  14620.3  seconds
7050
2023-11-12 02:25:23
7100
2023-11-12 02:27:07
elapsed:  14830.7  seconds
7150
2023-11-12 02:28:52
7200
2023-11-12 02:30:34
elapsed:  15037.7  seconds
7250
2023-11-12 02:32:19
7300
2023-11-12 02:34:03
elapsed:  15246.5  seconds
7350
2023-11-12 02:35:49
7400
2023-11-12 02:37:34
elapsed:  15457.8  seconds
7450
2023-11-12 02:39:20
7500
2023-11-12 02:41:05
elapsed:  15668.6  seconds
7550
2023-11-12 02:42:52
7600
2023-11-12 02:44:35
elapsed:  15879.1  seconds
7650
2023-11-12 02:46:21
7700
2023-11-12 02:48:04
elapsed:  16088.1  seconds
7750
2023-11-12 02:49:45
7800
2023-11-12 02:51:27
elapsed:  16291.0  seconds
7850
2023-11-12 02:53:12
7900
2023-11-12 02:54:57
elapsed:  16500.5  seconds
7950
2023-11-12 02:56:42
8000
2023-11-12 02:58:26
elapsed:  16709.3  seconds
8050
2023-11-12 03:00:11
8100
2023-11-12 03:01:54
elapsed:  16917.7  seconds
8150
2023-11-12 03:03:40
8200
2023-11-12 03:05:23
elapsed:  17126.3  seconds
8250
2023-11-12 03:07:07
8300
2023-11-12 03:08:50
elapsed:  17333.5  seconds
8350
2023-11-12 03:10:37
8400
2023-11-12 03:12:20
elapsed:  17543.2  seconds
8450
2023-11-12 03:14:06
8500
2023-11-12 03:15:49
elapsed:  17752.6  seconds
8550
2023-11-12 03:17:35
8600
2023-11-12 03:19:18
elapsed:  17961.8  seconds
8650
2023-11-12 03:21:04
8700
2023-11-12 03:22:48
elapsed:  18171.3  seconds
8750
2023-11-12 03:24:32
8800
2023-11-12 03:26:15
elapsed:  18378.5  seconds
8850
2023-11-12 03:27:58
8900
2023-11-12 03:29:39
elapsed:  18582.4  seconds
8950
2023-11-12 03:31:23
9000
2023-11-12 03:33:06
elapsed:  18789.3  seconds
9050
2023-11-12 03:34:51
9100
2023-11-12 03:36:34
elapsed:  18997.6  seconds
9150
2023-11-12 03:38:20
9200
2023-11-12 03:40:03
elapsed:  19207.0  seconds
9250
2023-11-12 03:41:52
9300
2023-11-12 03:43:35
elapsed:  19418.5  seconds
9350
2023-11-12 03:45:21
9400
2023-11-12 03:47:04
elapsed:  19627.4  seconds
9450
2023-11-12 03:48:47
9500
2023-11-12 03:50:28
elapsed:  19831.3  seconds
9550
2023-11-12 03:52:11
9600
2023-11-12 03:53:54
elapsed:  20038.1  seconds
9650
2023-11-12 03:55:40
9700
2023-11-12 03:57:23
elapsed:  20246.8  seconds
9750
2023-11-12 03:59:08
9800
2023-11-12 04:00:51
elapsed:  20454.5  seconds
9850
2023-11-12 04:02:37
9900
2023-11-12 04:04:21
elapsed:  20664.3  seconds
9950
2023-11-12 04:06:06
10000
2023-11-12 04:07:50
elapsed:  20873.4  seconds
10050
2023-11-12 04:09:34
10100
2023-11-12 04:11:17
elapsed:  21081.1  seconds
10150
2023-11-12 04:13:03
10200
2023-11-12 04:14:46
elapsed:  21290.1  seconds
10250
2023-11-12 04:16:32
10300
2023-11-12 04:18:16
elapsed:  21499.8  seconds
10350
2023-11-12 04:20:01
10400
2023-11-12 04:21:44
elapsed:  21708.1  seconds
10450
2023-11-12 04:23:29
10500
2023-11-12 04:25:13
elapsed:  21916.8  seconds
10550
2023-11-12 04:26:59
10600
2023-11-12 04:28:42
elapsed:  22125.7  seconds
10650
2023-11-12 04:30:27
10700
2023-11-12 04:32:10
elapsed:  22334.0  seconds
10750
2023-11-12 04:33:56
10800
2023-11-12 04:35:39
elapsed:  22542.4  seconds
10850
2023-11-12 04:37:25
10900
2023-11-12 04:39:08
elapsed:  22751.9  seconds
10950
2023-11-12 04:40:52
11000
2023-11-12 04:42:35
elapsed:  22959.0  seconds
11050
2023-11-12 04:44:21
11100
2023-11-12 04:46:05
elapsed:  23168.8  seconds
11150
2023-11-12 04:47:49
11200
2023-11-12 04:49:32
elapsed:  23375.7  seconds
11250
2023-11-12 04:51:19
11300
2023-11-12 04:53:01
elapsed:  23584.3  seconds
11350
2023-11-12 04:54:47
11400
2023-11-12 04:56:31
elapsed:  23794.9  seconds
11450
2023-11-12 04:58:16
11500
2023-11-12 04:59:58
elapsed:  24001.3  seconds
11550
2023-11-12 05:01:39
11600
2023-11-12 05:03:23
elapsed:  24206.3  seconds
11650
2023-11-12 05:05:09
11700
2023-11-12 05:06:51
elapsed:  24414.5  seconds
11750
2023-11-12 05:08:35
11800
2023-11-12 05:10:20
elapsed:  24623.3  seconds
11850
2023-11-12 05:12:05
11900
2023-11-12 05:13:49
elapsed:  24832.4  seconds
11950
2023-11-12 05:15:36
12000
2023-11-12 05:17:20
elapsed:  25043.8  seconds
12050
2023-11-12 05:19:06
12100
2023-11-12 05:20:50
elapsed:  25254.1  seconds
12150
2023-11-12 05:22:36
12200
2023-11-12 05:24:19
elapsed:  25462.9  seconds
12250
2023-11-12 05:26:05
12300
2023-11-12 05:27:49
elapsed:  25672.6  seconds
12350
2023-11-12 05:29:35
12400
2023-11-12 05:31:13
elapsed:  25877.1  seconds
12450
2023-11-12 05:32:56
12500
2023-11-12 05:34:41
elapsed:  26084.5  seconds
12550
2023-11-12 05:36:27
12600
2023-11-12 05:38:11
elapsed:  26295.1  seconds
12650
2023-11-12 05:39:57
12700
2023-11-12 05:41:38
elapsed:  26501.8  seconds
12750
2023-11-12 05:43:21
12800
2023-11-12 05:45:04
elapsed:  26707.9  seconds
12850
2023-11-12 05:46:50
/projects/muyang@colostate.edu/software/anaconda/envs/testenv/lib/python3.11/site-packages/numpy/lib/function_base.py:2455: RuntimeWarning: divide by zero encountered in func (vectorized)
  outputs = ufunc(*inputs)
/projects/muyang@colostate.edu/software/anaconda/envs/testenv/lib/python3.11/site-packages/numpy/lib/function_base.py:2455: RuntimeWarning: invalid value encountered in func (vectorized)
  outputs = ufunc(*inputs)
12900
2023-11-12 05:48:34
elapsed:  26917.6  seconds
12950
2023-11-12 05:50:19
13000
2023-11-12 05:52:05
elapsed:  27129.0  seconds
13050
2023-11-12 05:53:50
13100
2023-11-12 05:55:35
elapsed:  27338.4  seconds
/projects/muyang@colostate.edu/software/anaconda/envs/testenv/lib/python3.11/site-packages/numpy/lib/function_base.py:2455: RuntimeWarning: divide by zero encountered in func (vectorized)
  outputs = ufunc(*inputs)
/projects/muyang@colostate.edu/software/anaconda/envs/testenv/lib/python3.11/site-packages/numpy/lib/function_base.py:2455: RuntimeWarning: invalid value encountered in func (vectorized)
  outputs = ufunc(*inputs)
13150
2023-11-12 05:57:21
13200
2023-11-12 05:59:06
elapsed:  27549.2  seconds
13250
2023-11-12 06:00:53
13300
2023-11-12 06:02:36
elapsed:  27759.2  seconds
13350
2023-11-12 06:04:20
13400
2023-11-12 06:06:04
elapsed:  27967.9  seconds
13450
2023-11-12 06:07:51
13500
2023-11-12 06:09:36
elapsed:  28179.2  seconds
13550
2023-11-12 06:11:23
13600
2023-11-12 06:13:08
elapsed:  28391.4  seconds
13650
2023-11-12 06:14:54
13700
2023-11-12 06:16:38
elapsed:  28601.7  seconds
13750
2023-11-12 06:18:25
13800
2023-11-12 06:20:10
elapsed:  28813.9  seconds
13850
2023-11-12 06:21:56
13900
2023-11-12 06:23:40
elapsed:  29023.5  seconds
13950
2023-11-12 06:25:27
14000
2023-11-12 06:27:11
elapsed:  29234.3  seconds
14050
2023-11-12 06:28:56
14100
2023-11-12 06:30:39
elapsed:  29442.4  seconds
14150
2023-11-12 06:32:25
14200
2023-11-12 06:34:08
elapsed:  29651.6  seconds
14250
2023-11-12 06:35:54
14300
2023-11-12 06:37:38
elapsed:  29861.5  seconds
14350
2023-11-12 06:39:23
14400
2023-11-12 06:41:07
elapsed:  30070.5  seconds
14450
2023-11-12 06:42:53
14500
2023-11-12 06:44:37
elapsed:  30280.5  seconds
14550
2023-11-12 06:46:23
14600
2023-11-12 06:48:07
elapsed:  30490.7  seconds
14650
2023-11-12 06:49:54
14700
2023-11-12 06:51:38
elapsed:  30701.2  seconds
14750
2023-11-12 06:53:24
14800
2023-11-12 06:55:08
elapsed:  30911.7  seconds
14850
2023-11-12 06:56:54
14900
2023-11-12 06:58:37
elapsed:  31121.1  seconds
14950
2023-11-12 07:00:24
elapsed:  31330.2  seconds
total time:  31334.9  seconds
true R:  [[5.23557752e+01 9.36785761e-01 8.22432532e+00 1.03448944e-01
  5.35478086e+00 1.00100749e+00 1.35197602e-01 9.76928222e+00
  5.12581312e-01 1.65749411e+00 3.37955989e+02 3.24097714e-01
  8.62390917e+00 1.83562026e-01 1.64410493e+00 1.04484342e+00
  6.26854946e+00 2.38385059e-01 1.65701679e+00 6.48502767e-01
  1.51694447e+05 3.54406007e-01 1.20194576e-01 7.36517215e+00
  3.83263463e+02 1.50589086e+00 2.19991324e-01 1.83812056e+00
  1.79119494e+00 6.59862661e-01 3.98738461e+00 4.90544730e+02
  1.35008672e-01 7.63186466e-01 1.34256505e+01 1.79966437e+01
  4.38288263e-01 1.37920151e-01 1.13744443e+00 5.25567433e-01
  2.92239792e+01 4.26326978e-01 7.01233862e-01 1.49694443e+01
  1.64717604e+00 5.42830099e+00 3.71039423e-01 6.52196996e+00
  2.59825495e+00 3.53717527e-01 8.38789091e-02 1.11487312e+00
  3.73632841e+00 1.50085773e+01 3.15047117e+02 2.87718099e+02
  1.29720552e+00 8.24532937e-01 6.17117359e-01 2.39293362e+00
  5.12434902e-01 3.08719691e+00 1.58876844e+00 7.55186287e+00]
 [5.38822033e-01 8.81595377e-01 1.31768734e+01 3.16722706e-01
  5.46163636e+00 3.85904792e+01 1.75363330e-01 4.30310683e+00
  7.52164432e-01 4.18618714e-01 9.47479676e-01 9.81244752e+00
  1.59628136e-01 1.34555751e-01 1.07518372e+00 2.00354895e+01
  6.29555767e-01 1.72735852e-01 1.69998751e+01 7.66890273e-01
  4.50835464e+01 1.64494387e+00 5.70482587e+00 5.04324888e+01
  9.27536128e-02 1.41711180e+00 3.21547907e-01 3.77534086e-01
  1.66408324e+00 1.64190452e+00 1.11129321e-01 2.40714819e-01
  1.45186877e+01 8.22685911e-01 4.42156034e+01 3.39636374e-01
  1.14407373e+00 4.44135611e+03 3.03987113e-01 1.52444730e+00
  8.22076427e-01 1.60262742e+00 1.83713043e+01 2.05786864e+02
  1.17505907e+00 9.66324354e+01 1.57894632e-01 3.08428531e+00
  2.01213057e-01 6.05722036e+00 4.06441133e+00 4.94891521e-01
  4.66188960e-01 1.38839125e-01 1.36415495e+01 3.42975764e-01
  3.75099141e+01 1.55542615e-01 1.31464650e-01 1.36993575e+00
  4.41288327e+00 5.18311249e-01 3.77481840e+00 1.69762496e-01]
 [2.39087749e-01 3.12031838e-01 5.83220737e-01 1.37198712e+01
  2.03330225e+00 1.37903156e-01 1.18080205e-01 9.04008909e-02
  3.84244442e-01 3.72359783e-01 3.52113201e+01 5.57131243e+00
  2.51016276e+02 3.71187272e-01 3.86770690e-01 3.73802130e+00
  4.07294014e-01 3.46242147e-01 1.01225851e+00 4.61339035e+01
  1.29049111e+00 3.38042523e+00 1.29637832e+00 2.15856406e-01
  5.94347731e-01 4.38269664e-01 2.55536336e+00 3.54509529e-01
  7.39321691e+00 2.59002977e+00 7.46373503e-01 4.22499748e+00
  1.74735257e+00 3.71355015e-01 2.97603725e-01 6.40090107e-01
  1.59365920e+00 3.08840973e+00 2.15437515e+00 5.46814443e-01
  4.93274092e+00 2.16279553e+00 2.40786064e-01 2.70581321e-01
  3.33193186e-01 1.04038531e+00 4.01847551e-01 1.92958989e+00
  2.85638737e-01 1.72714552e-01 7.10896544e-01 2.28878131e-01
  2.52440987e+00 4.07892039e+02 2.13348735e-01 3.53527871e+01
  4.03504056e-01 3.71512486e-01 5.27337938e+00 4.44734131e-01
  4.19903660e-01 6.65310218e-01 2.28696451e-01 1.39216322e+00]
 [6.66456864e-01 2.71766072e-01 1.00780265e+00 3.61108908e-01
  4.11012350e+01 4.36261345e-01 3.15272217e-01 6.77801986e-01
  2.84563359e+00 1.87889213e-01 1.59024307e+00 1.81338396e+00
  2.33601458e+00 1.56752847e-01 1.52195276e+00 1.31368727e+00
  1.70264496e+03 8.10404166e+00 2.08662529e+00 2.37927861e-01
  7.20962561e-01 1.64624729e-01 3.46854977e-01 1.58227147e+02
  4.75096905e-02 1.46627617e+00 2.19803570e+00 2.32221646e+00
  2.52985695e+03 3.18220894e-01 2.07536366e-01 1.84905761e+00
  1.53545734e-01 4.27244212e+00 5.88612930e+00 2.07356428e-01
  1.00835186e+01 3.49398237e+00 8.57542329e-01 1.72375172e-01
  3.46030816e-01 1.11362058e+00 4.51885168e-01 6.27864469e-01
  8.79594275e+00 2.28439590e+01 3.55787157e-01 6.60040104e-02
  9.61988076e-02 2.52139376e+00 6.27926027e-01 3.25471463e-01
  4.18311390e-01 1.95528974e-01 3.71555299e+01 1.61372438e+00
  3.07534051e+00 4.94339361e+01 3.52216497e+03 1.44768727e+00
  2.99811707e-01 4.85294315e+00 1.34280999e+00 3.34450118e-01]
 [9.36702292e-02 6.15350343e-01 2.40576766e-01 7.52568153e-02
  8.64946824e+01 4.34248315e+00 4.20059095e+00 1.32709486e+00
  5.36762267e+02 3.44461121e-01 1.13493823e+01 2.79577911e-01
  1.48954341e-01 1.70796928e-01 3.30877170e+01 4.23522838e-01
  6.92792222e-01 2.60634560e-01 3.22077788e+00 2.16103914e+01
  6.35126447e-01 5.97488067e-01 1.81087155e+00 3.92134340e-01
  3.56875998e-01 9.61125481e-01 8.94162631e-01 5.40820140e-01
  9.22552382e-01 9.89628099e+01 2.17506737e+00 5.10173690e-01
  1.06005749e+00 1.52670257e+00 1.21182555e+04 1.18992031e+02
  5.78060488e+00 5.33929778e+00 7.87585357e-01 1.22515854e+00
  2.51905827e+00 1.70307071e+01 3.00596458e+01 5.74237161e-01
  7.17123065e-01 7.13196482e+00 2.62062152e-01 1.06309901e+02
  2.48516667e-01 5.34440989e+01 1.27618327e+00 1.43464083e-01
  1.64986129e+01 6.57614287e-01 3.55595479e-01 2.41186672e+01
  3.15922492e+00 2.13577431e+00 5.50705650e+00 3.26352376e-01
  2.64378091e+00 4.32428456e-01 6.60252101e+00 1.38287804e+00]
 [7.29907511e-02 2.91948802e+00 2.81543628e-01 1.84639669e+01
  1.35728361e+00 1.70158096e-01 9.20743279e-02 7.60940306e+01
  3.72922891e+02 3.18278865e+01 4.59165188e-01 1.70087413e-01
  7.98244026e-01 2.94988926e+02 1.56485076e+00 3.59823644e+00
  2.16550966e+00 3.32370534e+00 3.12561641e+01 3.09003442e+00
  7.21144951e-01 3.04120875e+01 1.80707586e+03 6.01268738e-01
  9.38706889e+01 1.91328058e-01 4.47228970e+00 7.78520692e-01
  9.84694752e-01 1.75284781e+00 2.77492371e-01 7.82369442e-02
  3.43425798e-01 2.91281283e-01 2.82501312e-01 1.50872254e+00
  2.21830206e-01 6.06534264e+00 3.12664535e+01 3.20935021e+00
  1.50632139e+00 1.31731267e+00 1.40136648e-01 7.62531586e-01
  4.71239960e+00 6.71068951e+01 1.84517325e-01 1.13039694e-01
  3.59816056e-01 2.92500107e+00 3.44417118e-01 6.03193764e-01
  2.44325672e-01 6.58648796e-01 1.47846799e+00 8.83165935e+01
  2.62320896e-01 1.86858314e+02 1.37414269e+00 1.75531268e-01
  7.40604436e-01 9.62190280e-01 1.14705708e-01 7.83979580e-01]
 [2.39911932e+00 1.92760703e-01 1.30624790e+00 1.03280679e+00
  2.46755061e-01 8.69527808e-01 7.45802086e+00 2.68212870e-01
  4.45709609e-01 1.98366402e+01 4.97855976e+00 7.82830111e-01
  1.82998708e+00 1.22901919e-01 1.12410871e+00 8.67864693e-01
  9.70626875e+00 1.86196879e+00 5.05501864e-01 7.12910050e-01
  1.25056539e+00 1.60422636e-01 4.76938245e-01 2.26111427e+02
  2.37384676e+00 1.75014109e-01 3.87323850e-01 5.32641563e-01
  2.69056275e+00 1.78460822e-01 1.80674768e+01 2.98858908e+01
  9.59847162e-01 1.31619747e+00 2.90362436e-01 5.72783977e+00
  8.31642337e-02 2.75605500e+03 4.16493044e+03 3.20779468e+00
  2.54893159e-01 3.29721489e+00 2.46774605e+00 1.37953502e-01
  1.65303454e-01 1.93041200e+00 2.78887550e-01 7.77675276e-01
  1.07420758e+00 1.03338566e+01 7.56882966e-01 1.20470322e+01
  1.14188209e+00 1.17814564e+00 2.13296826e-01 2.39518469e+00
  9.98499382e+00 2.73665815e+02 1.39399229e+02 1.88531964e-01
  2.19610355e+01 5.18240124e-01 1.53518273e-01 3.00246289e+01]
 [4.96674270e-01 1.38203628e+00 3.52014125e+01 3.85977475e+01
  2.58472181e-01 1.60260377e+01 2.90622164e-01 4.69482139e-01
  6.75285846e+00 8.76430885e-01 3.35089010e-01 1.44873788e+01
  3.71315424e+00 1.84164019e+00 2.69897032e+02 1.81912437e+00
  5.36926193e+00 2.14016123e+02 5.71968626e-01 6.56476476e-02
  3.02073561e+01 9.13746373e-01 2.99816499e-01 5.35631031e+01
  1.31380503e+00 2.21120637e-01 1.31948866e+00 2.51007992e+00
  1.95977610e+00 1.88762721e-01 6.68445994e+00 3.41693904e-01
  1.71124953e+00 6.96718821e-01 5.84790518e-01 1.07550671e+00
  1.92084895e+00 4.20935722e-01 3.36222582e+00 2.25078760e-01
  1.73144019e+01 2.45473652e-01 5.20155266e-01 5.14207861e-01
  7.07154686e-01 6.12417348e+00 1.89137526e-01 1.97548376e+02
  1.77263927e+00 1.62626611e+00 3.89783673e+00 1.74271817e+05
  1.71521011e+01 2.32610659e+00 5.01523018e+00 5.98301115e-01
  4.94246744e-01 9.39504900e+00 1.41864095e-01 6.52717574e-01
  1.16501641e+01 1.28764414e+00 8.08935146e+00 2.08313152e-01]
 [1.43578716e+01 6.22785545e+00 9.45121286e+00 8.39360857e-02
  3.28834062e-01 5.28604535e-02 2.10568138e+01 3.84281502e+02
  4.89170362e-01 5.53146316e-01 6.74534179e+00 6.07480180e+05
  7.07832814e-02 5.04069696e-01 1.40911088e+00 1.09019944e+01
  1.81717886e+02 8.53880614e+00 2.76405759e+00 3.26250057e+00
  6.92180280e+02 9.03776780e+00 1.95371091e+00 1.41319840e+00
  4.52471593e-01 1.54368298e-01 3.19083311e+01 3.31646877e+00
  5.03702605e-01 9.69724326e-01 2.88000683e-01 1.84683452e-01
  2.18833257e-01 3.34962147e-01 6.20416137e-02 6.38364545e-01
  3.32968956e-01 1.10311476e+00 2.48736480e+00 2.51316607e-01
  6.71728620e+00 7.37257760e+00 2.40273840e-01 1.47248925e-01
  3.97016542e-01 1.72873998e+00 1.26229787e-01 2.68244327e-01
  1.83662282e-01 7.02426580e-01 8.72480732e-01 7.52392520e+00
  4.97320295e+00 1.02331067e+00 4.31296668e-01 1.66062338e+02
  9.26179720e+01 2.13529276e+00 5.49899214e+00 1.20396114e+01
  3.64376436e-01 1.95699899e+00 5.93307849e-01 3.11235827e-01]]
