--------------------------------------------------------------------------
No OpenFabrics connection schemes reported that they were able to be
used on a specific port.  As such, the openib BTL (OpenFabrics
support) will be disabled for this port.

  Local host:           c3cpu-a2-u19-1
  Local device:         mlx5_0
  Local port:           1
  CPCs attempted:       rdmacm, udcm
--------------------------------------------------------------------------
[c3cpu-a2-u19-1.rc.int.colorado.edu:3780304] 63 more processes have sent help message help-mpi-btl-openib-cpc-base.txt / no cpcs for port
[c3cpu-a2-u19-1.rc.int.colorado.edu:3780304] Set MCA parameter "orte_base_help_aggregate" to 0 to see all help / error messages
1
50
2023-11-11 22:31:05
100
2023-11-11 22:32:21
elapsed:  150.3  seconds
150
2023-11-11 22:33:42
200
2023-11-11 22:35:02
elapsed:  311.9  seconds
250
2023-11-11 22:36:24
300
2023-11-11 22:37:46
elapsed:  475.3  seconds
350
2023-11-11 22:39:07
400
2023-11-11 22:40:27
elapsed:  637.0  seconds
450
2023-11-11 22:41:50
500
2023-11-11 22:43:12
elapsed:  801.3  seconds
550
2023-11-11 22:44:35
600
2023-11-11 22:45:57
elapsed:  966.5  seconds
650
2023-11-11 22:47:20
700
2023-11-11 22:48:42
elapsed:  1131.3  seconds
750
2023-11-11 22:50:05
800
2023-11-11 22:51:27
elapsed:  1296.7  seconds
850
2023-11-11 22:52:50
900
2023-11-11 22:54:11
elapsed:  1460.3  seconds
950
2023-11-11 22:55:33
1000
2023-11-11 22:56:55
elapsed:  1624.7  seconds
1050
2023-11-11 22:58:18
1100
2023-11-11 22:59:41
elapsed:  1790.6  seconds
1150
2023-11-11 23:01:05
1200
2023-11-11 23:02:27
elapsed:  1957.1  seconds
1250
2023-11-11 23:03:50
1300
2023-11-11 23:05:13
elapsed:  2122.8  seconds
1350
2023-11-11 23:06:37
1400
2023-11-11 23:08:01
elapsed:  2290.4  seconds
1450
2023-11-11 23:09:24
1500
2023-11-11 23:10:47
elapsed:  2456.8  seconds
/projects/muyang@colostate.edu/software/anaconda/envs/testenv/lib/python3.11/site-packages/numpy/lib/function_base.py:2455: RuntimeWarning: divide by zero encountered in func (vectorized)
  outputs = ufunc(*inputs)
/projects/muyang@colostate.edu/software/anaconda/envs/testenv/lib/python3.11/site-packages/numpy/lib/function_base.py:2455: RuntimeWarning: invalid value encountered in func (vectorized)
  outputs = ufunc(*inputs)
1550
2023-11-11 23:12:10
1600
2023-11-11 23:13:32
elapsed:  2622.0  seconds
1650
2023-11-11 23:14:56
1700
2023-11-11 23:16:19
elapsed:  2788.3  seconds
1750
2023-11-11 23:17:42
1800
2023-11-11 23:19:03
elapsed:  2953.1  seconds
1850
2023-11-11 23:20:27
1900
2023-11-11 23:21:50
elapsed:  3119.3  seconds
1950
2023-11-11 23:23:13
2000
2023-11-11 23:24:36
elapsed:  3285.3  seconds
2050
2023-11-11 23:25:59
2100
2023-11-11 23:27:21
elapsed:  3450.4  seconds
2150
2023-11-11 23:28:45
2200
2023-11-11 23:30:08
elapsed:  3617.4  seconds
2250
2023-11-11 23:31:32
2300
2023-11-11 23:32:54
elapsed:  3783.3  seconds
2350
2023-11-11 23:34:15
2400
2023-11-11 23:35:37
elapsed:  3946.3  seconds
2450
2023-11-11 23:36:59
/projects/muyang@colostate.edu/software/anaconda/envs/testenv/lib/python3.11/site-packages/numpy/lib/function_base.py:2455: RuntimeWarning: divide by zero encountered in func (vectorized)
  outputs = ufunc(*inputs)
/projects/muyang@colostate.edu/software/anaconda/envs/testenv/lib/python3.11/site-packages/numpy/lib/function_base.py:2455: RuntimeWarning: invalid value encountered in func (vectorized)
  outputs = ufunc(*inputs)
2500
2023-11-11 23:38:21
elapsed:  4110.7  seconds
2550
2023-11-11 23:39:46
2600
2023-11-11 23:41:08
elapsed:  4277.5  seconds
/projects/muyang@colostate.edu/software/anaconda/envs/testenv/lib/python3.11/site-packages/numpy/lib/function_base.py:2455: RuntimeWarning: divide by zero encountered in func (vectorized)
  outputs = ufunc(*inputs)
/projects/muyang@colostate.edu/software/anaconda/envs/testenv/lib/python3.11/site-packages/numpy/lib/function_base.py:2455: RuntimeWarning: invalid value encountered in func (vectorized)
  outputs = ufunc(*inputs)
2650
2023-11-11 23:42:31
2700
2023-11-11 23:43:53
elapsed:  4442.7  seconds
2750
2023-11-11 23:45:17
2800
2023-11-11 23:46:39
elapsed:  4608.8  seconds
2850
2023-11-11 23:48:04
2900
2023-11-11 23:49:25
elapsed:  4774.8  seconds
2950
2023-11-11 23:50:49
3000
2023-11-11 23:52:11
elapsed:  4940.7  seconds
3050
2023-11-11 23:53:34
3100
2023-11-11 23:54:56
elapsed:  5105.7  seconds
3150
2023-11-11 23:56:20
3200
2023-11-11 23:57:43
elapsed:  5272.7  seconds
3250
2023-11-11 23:59:07
3300
2023-11-12 00:00:29
elapsed:  5438.5  seconds
3350
2023-11-12 00:01:53
3400
2023-11-12 00:03:15
elapsed:  5604.7  seconds
3450
2023-11-12 00:04:39
3500
2023-11-12 00:06:01
elapsed:  5770.9  seconds
3550
2023-11-12 00:07:26
3600
2023-11-12 00:08:48
elapsed:  5938.1  seconds
3650
2023-11-12 00:10:12
3700
2023-11-12 00:11:34
elapsed:  6103.9  seconds
3750
2023-11-12 00:12:58
3800
2023-11-12 00:14:20
elapsed:  6270.1  seconds
3850
2023-11-12 00:15:44
3900
2023-11-12 00:17:06
elapsed:  6436.0  seconds
3950
2023-11-12 00:18:31
4000
2023-11-12 00:19:53
elapsed:  6602.6  seconds
4050
2023-11-12 00:21:17
4100
2023-11-12 00:22:40
elapsed:  6769.5  seconds
4150
2023-11-12 00:24:04
4200
2023-11-12 00:25:27
elapsed:  6937.0  seconds
4250
2023-11-12 00:26:52
4300
2023-11-12 00:28:14
elapsed:  7103.5  seconds
4350
2023-11-12 00:29:38
4400
2023-11-12 00:31:00
elapsed:  7269.7  seconds
4450
2023-11-12 00:32:24
4500
2023-11-12 00:33:45
elapsed:  7434.8  seconds
4550
2023-11-12 00:35:10
4600
2023-11-12 00:36:31
elapsed:  7600.9  seconds
4650
2023-11-12 00:37:54
4700
2023-11-12 00:39:16
elapsed:  7765.3  seconds
4750
2023-11-12 00:40:38
4800
2023-11-12 00:41:59
elapsed:  7929.0  seconds
4850
2023-11-12 00:43:22
4900
2023-11-12 00:44:44
elapsed:  8093.3  seconds
4950
2023-11-12 00:46:08
5000
2023-11-12 00:47:29
elapsed:  8258.8  seconds
5050
2023-11-12 00:48:53
5100
2023-11-12 00:50:15
elapsed:  8425.1  seconds
5150
2023-11-12 00:51:39
5200
2023-11-12 00:53:02
elapsed:  8591.3  seconds
5250
2023-11-12 00:54:26
5300
2023-11-12 00:55:50
elapsed:  8759.3  seconds
5350
2023-11-12 00:57:13
5400
2023-11-12 00:58:36
elapsed:  8925.7  seconds
5450
2023-11-12 00:59:58
5500
2023-11-12 01:01:19
elapsed:  9088.9  seconds
5550
2023-11-12 01:02:42
5600
2023-11-12 01:04:05
elapsed:  9254.4  seconds
5650
2023-11-12 01:05:28
5700
2023-11-12 01:06:50
elapsed:  9419.4  seconds
5750
2023-11-12 01:08:13
5800
2023-11-12 01:09:34
elapsed:  9583.9  seconds
5850
2023-11-12 01:10:58
5900
2023-11-12 01:12:20
elapsed:  9749.7  seconds
5950
2023-11-12 01:13:43
6000
2023-11-12 01:15:05
elapsed:  9915.0  seconds
6050
2023-11-12 01:16:28
6100
2023-11-12 01:17:50
elapsed:  10079.3  seconds
6150
2023-11-12 01:19:13
/projects/muyang@colostate.edu/software/anaconda/envs/testenv/lib/python3.11/site-packages/numpy/lib/function_base.py:2455: RuntimeWarning: divide by zero encountered in func (vectorized)
  outputs = ufunc(*inputs)
/projects/muyang@colostate.edu/software/anaconda/envs/testenv/lib/python3.11/site-packages/numpy/lib/function_base.py:2455: RuntimeWarning: invalid value encountered in func (vectorized)
  outputs = ufunc(*inputs)
6200
2023-11-12 01:20:35
elapsed:  10244.6  seconds
6250
2023-11-12 01:21:58
6300
2023-11-12 01:23:20
elapsed:  10409.8  seconds
6350
2023-11-12 01:24:44
6400
2023-11-12 01:26:05
elapsed:  10575.1  seconds
6450
2023-11-12 01:27:29
6500
2023-11-12 01:28:51
elapsed:  10741.1  seconds
6550
2023-11-12 01:30:15
6600
2023-11-12 01:31:37
elapsed:  10906.3  seconds
6650
2023-11-12 01:33:00
6700
2023-11-12 01:34:21
elapsed:  11071.1  seconds
6750
2023-11-12 01:35:45
6800
2023-11-12 01:37:08
elapsed:  11237.2  seconds
6850
2023-11-12 01:38:32
6900
2023-11-12 01:39:54
elapsed:  11403.5  seconds
6950
2023-11-12 01:41:16
7000
2023-11-12 01:42:37
elapsed:  11567.0  seconds
7050
2023-11-12 01:44:02
7100
2023-11-12 01:45:23
elapsed:  11732.9  seconds
7150
2023-11-12 01:46:46
7200
2023-11-12 01:48:07
elapsed:  11896.9  seconds
7250
2023-11-12 01:49:30
7300
2023-11-12 01:50:52
elapsed:  12061.2  seconds
7350
2023-11-12 01:52:14
7400
2023-11-12 01:53:36
elapsed:  12226.0  seconds
7450
2023-11-12 01:55:00
7500
2023-11-12 01:56:21
elapsed:  12391.1  seconds
7550
2023-11-12 01:57:45
7600
2023-11-12 01:59:06
elapsed:  12556.2  seconds
7650
2023-11-12 02:00:29
7700
2023-11-12 02:01:51
elapsed:  12720.3  seconds
7750
2023-11-12 02:03:13
7800
2023-11-12 02:04:33
elapsed:  12882.7  seconds
7850
2023-11-12 02:05:56
7900
2023-11-12 02:07:19
elapsed:  13048.8  seconds
7950
2023-11-12 02:08:42
8000
2023-11-12 02:10:04
elapsed:  13213.8  seconds
8050
2023-11-12 02:11:28
8100
2023-11-12 02:12:50
elapsed:  13379.4  seconds
8150
2023-11-12 02:14:13
8200
2023-11-12 02:15:35
elapsed:  13544.9  seconds
8250
2023-11-12 02:17:00
8300
2023-11-12 02:18:22
elapsed:  13712.0  seconds
8350
2023-11-12 02:19:47
8400
2023-11-12 02:21:10
elapsed:  13879.6  seconds
8450
2023-11-12 02:22:34
8500
2023-11-12 02:23:56
elapsed:  14045.7  seconds
8550
2023-11-12 02:25:20
8600
2023-11-12 02:26:42
elapsed:  14212.2  seconds
8650
2023-11-12 02:28:06
8700
2023-11-12 02:29:29
elapsed:  14378.6  seconds
8750
2023-11-12 02:30:53
8800
2023-11-12 02:32:16
elapsed:  14546.2  seconds
8850
2023-11-12 02:33:39
8900
2023-11-12 02:35:01
elapsed:  14710.8  seconds
8950
2023-11-12 02:36:26
9000
2023-11-12 02:37:49
elapsed:  14878.2  seconds
9050
2023-11-12 02:39:12
9100
2023-11-12 02:40:35
elapsed:  15044.3  seconds
9150
2023-11-12 02:41:58
9200
2023-11-12 02:43:21
elapsed:  15210.3  seconds
9250
2023-11-12 02:44:44
9300
2023-11-12 02:46:07
elapsed:  15376.3  seconds
9350
2023-11-12 02:47:30
9400
2023-11-12 02:48:52
elapsed:  15542.2  seconds
9450
2023-11-12 02:50:17
9500
2023-11-12 02:51:39
elapsed:  15709.0  seconds
9550
2023-11-12 02:53:03
9600
2023-11-12 02:54:24
elapsed:  15873.9  seconds
9650
2023-11-12 02:55:48
9700
2023-11-12 02:57:09
elapsed:  16038.8  seconds
9750
2023-11-12 02:58:32
9800
2023-11-12 02:59:53
elapsed:  16202.7  seconds
9850
2023-11-12 03:01:17
9900
2023-11-12 03:02:38
elapsed:  16368.0  seconds
9950
2023-11-12 03:04:02
10000
2023-11-12 03:05:22
elapsed:  16531.8  seconds
10050
2023-11-12 03:06:46
10100
2023-11-12 03:08:06
elapsed:  16696.2  seconds
10150
2023-11-12 03:09:29
10200
2023-11-12 03:10:51
elapsed:  16860.7  seconds
10250
2023-11-12 03:12:13
10300
2023-11-12 03:13:34
elapsed:  17024.2  seconds
10350
2023-11-12 03:14:58
10400
2023-11-12 03:16:19
elapsed:  17188.9  seconds
10450
2023-11-12 03:17:43
10500
2023-11-12 03:19:05
elapsed:  17354.8  seconds
10550
2023-11-12 03:20:28
10600
2023-11-12 03:21:50
elapsed:  17519.5  seconds
10650
2023-11-12 03:23:13
10700
2023-11-12 03:24:34
elapsed:  17683.6  seconds
10750
2023-11-12 03:25:58
10800
2023-11-12 03:27:20
elapsed:  17850.0  seconds
10850
2023-11-12 03:28:45
10900
2023-11-12 03:30:06
elapsed:  18016.0  seconds
10950
2023-11-12 03:31:29
11000
2023-11-12 03:32:51
elapsed:  18180.3  seconds
11050
2023-11-12 03:34:14
11100
2023-11-12 03:35:34
elapsed:  18344.0  seconds
11150
2023-11-12 03:36:57
11200
2023-11-12 03:38:18
elapsed:  18507.8  seconds
11250
2023-11-12 03:39:42
11300
2023-11-12 03:41:05
elapsed:  18674.3  seconds
11350
2023-11-12 03:42:28
11400
2023-11-12 03:43:50
elapsed:  18839.6  seconds
11450
2023-11-12 03:45:14
11500
2023-11-12 03:46:35
elapsed:  19004.9  seconds
11550
2023-11-12 03:48:00
11600
2023-11-12 03:49:21
elapsed:  19171.1  seconds
11650
2023-11-12 03:50:45
11700
2023-11-12 03:52:04
elapsed:  19334.1  seconds
11750
2023-11-12 03:53:28
11800
2023-11-12 03:54:49
elapsed:  19499.2  seconds
11850
2023-11-12 03:56:13
11900
2023-11-12 03:57:34
elapsed:  19664.0  seconds
11950
2023-11-12 03:58:58
12000
2023-11-12 04:00:20
elapsed:  19829.6  seconds
12050
2023-11-12 04:01:43
12100
2023-11-12 04:03:05
elapsed:  19994.6  seconds
12150
2023-11-12 04:04:29
12200
2023-11-12 04:05:50
elapsed:  20159.7  seconds
12250
2023-11-12 04:07:13
12300
2023-11-12 04:08:36
elapsed:  20325.3  seconds
12350
2023-11-12 04:09:59
12400
2023-11-12 04:11:22
elapsed:  20491.7  seconds
12450
2023-11-12 04:12:45
12500
2023-11-12 04:14:09
elapsed:  20658.4  seconds
12550
2023-11-12 04:15:33
12600
2023-11-12 04:16:56
elapsed:  20825.8  seconds
12650
2023-11-12 04:18:20
12700
2023-11-12 04:19:41
elapsed:  20990.8  seconds
12750
2023-11-12 04:21:05
12800
2023-11-12 04:22:26
elapsed:  21155.8  seconds
12850
2023-11-12 04:23:47
12900
2023-11-12 04:25:09
elapsed:  21319.0  seconds
12950
2023-11-12 04:26:33
13000
2023-11-12 04:27:56
elapsed:  21485.8  seconds
13050
2023-11-12 04:29:21
13100
2023-11-12 04:30:43
elapsed:  21652.6  seconds
13150
2023-11-12 04:32:07
13200
2023-11-12 04:33:29
elapsed:  21818.9  seconds
13250
2023-11-12 04:34:54
13300
2023-11-12 04:36:18
elapsed:  21987.4  seconds
13350
2023-11-12 04:37:41
13400
2023-11-12 04:39:02
elapsed:  22151.7  seconds
13450
2023-11-12 04:40:27
13500
2023-11-12 04:41:48
elapsed:  22318.0  seconds
13550
2023-11-12 04:43:12
13600
2023-11-12 04:44:34
elapsed:  22483.8  seconds
13650
2023-11-12 04:45:59
13700
2023-11-12 04:47:22
elapsed:  22651.3  seconds
13750
2023-11-12 04:48:46
13800
2023-11-12 04:50:09
elapsed:  22818.5  seconds
13850
2023-11-12 04:51:33
13900
2023-11-12 04:52:56
elapsed:  22986.1  seconds
13950
2023-11-12 04:54:21
14000
2023-11-12 04:55:44
elapsed:  23153.7  seconds
14050
2023-11-12 04:57:09
14100
2023-11-12 04:58:32
elapsed:  23321.3  seconds
14150
2023-11-12 04:59:56
14200
2023-11-12 05:01:18
elapsed:  23487.7  seconds
14250
2023-11-12 05:02:40
14300
2023-11-12 05:04:02
elapsed:  23651.8  seconds
14350
2023-11-12 05:05:26
14400
2023-11-12 05:06:48
elapsed:  23818.1  seconds
14450
2023-11-12 05:08:12
14500
2023-11-12 05:09:34
elapsed:  23983.9  seconds
14550
2023-11-12 05:10:57
14600
2023-11-12 05:12:19
elapsed:  24148.4  seconds
14650
2023-11-12 05:13:41
14700
2023-11-12 05:15:04
elapsed:  24313.4  seconds
14750
2023-11-12 05:16:28
14800
2023-11-12 05:17:50
elapsed:  24479.7  seconds
14850
2023-11-12 05:19:13
14900
2023-11-12 05:20:35
elapsed:  24644.8  seconds
14950
2023-11-12 05:21:59
elapsed:  24809.4  seconds
total time:  24812.7  seconds
true R:  [[4.28210822e-01 2.76652790e+00 2.54954981e+00 3.66323265e+00
  1.90511639e+00 1.30248957e+01 2.16266882e+01 1.79101925e+00
  3.02559602e-01 1.17332793e-01 1.39284219e+00 5.97052117e-01
  1.52726642e+00 4.36474858e-01 5.78671668e+00 3.07436220e-01
  3.96635701e+00 5.32525281e-01 2.91894105e-01 8.53807393e-01
  7.15555437e-01 3.64291180e+01 3.34872468e-01 1.33428148e+00
  6.16364701e-01 1.34152797e+00 4.15686268e-01 2.13626252e-01
  5.76330630e-01 3.66441642e+00 3.65616406e-01 2.81154900e+00
  1.68984552e+01 5.79574413e-01 5.66291388e-01 5.45934892e-01
  9.88579946e-01 1.75588737e+01 1.81896106e+00 1.15705633e+01
  5.70524187e-01 3.30393868e+00 3.85902142e-01 2.58452446e-01
  1.70376803e+00 1.31819503e-01 7.63335417e-01 1.20217033e+00
  5.40794739e-01 1.20250013e+01 2.54478488e-01 1.51191658e+00
  4.53268002e-01 5.86800364e-02 1.23248342e+01 8.47080511e-01
  1.07384774e+04 2.63326938e-01 1.88778007e+01 1.35996159e+00
  2.09113849e+00 2.09982951e+00 5.02686416e+01 5.60832916e-01]
 [1.98238938e+00 2.57904874e-01 3.01488634e+00 1.67999675e+00
  2.11330965e+01 9.88501670e-02 1.04026575e+00 3.43050075e-01
  1.27949994e+01 1.85618550e+01 6.76834367e-01 2.21445851e-01
  8.68121963e+00 6.25899578e+00 4.46809964e+00 1.22765625e+01
  8.01439199e+00 1.04691045e-01 1.17306103e-01 4.07924306e-01
  4.94384160e-01 1.88660775e-01 9.47143288e-01 4.79883726e-01
  7.32053228e+01 3.38596399e+01 1.68257082e+00 2.87764357e+00
  3.12505565e-01 1.32741717e+00 4.47325609e-01 4.32972283e+00
  2.77952918e-01 6.29357776e-01 3.68353116e-01 8.47600329e-01
  6.86373224e-01 4.16366701e+00 9.60949797e-01 2.93275495e+00
  9.54341904e-02 3.63269851e-01 3.74496123e+01 3.53068415e-01
  2.15546296e+00 1.37823919e-01 1.87945947e-01 1.20002435e+00
  1.03967256e-01 7.72910067e+01 3.75103093e-01 2.24300811e+00
  4.02205345e+00 1.80293175e-01 1.70558027e+00 6.14934161e+00
  1.14665717e+00 1.72625191e+00 1.67642024e+01 6.09006577e+00
  3.83141025e+00 3.94554100e+00 2.10124279e+01 3.02679486e-01]
 [2.20651390e+01 6.55979746e+00 2.40276788e+00 5.64810412e+03
  2.93591760e-01 1.16590290e-01 2.75531180e+00 2.73826998e-01
  1.99412076e+01 1.31339533e-01 2.56280667e-01 3.03351600e+02
  3.67710827e-01 6.19839008e-01 3.32155190e+00 6.93706144e-01
  1.65941001e-01 3.81775594e+03 5.75224061e-02 3.94950248e+00
  1.47879412e+01 4.03223871e-01 1.67593865e-01 4.61818430e+00
  3.05635180e-01 8.83667797e-01 1.19764202e+00 3.94293786e-01
  9.99874407e-01 6.12054249e+03 5.83366727e-01 1.81640117e+00
  1.25110924e+00 2.15985866e-01 6.89769613e-01 1.11992726e-01
  1.22332774e+00 9.86311243e-01 2.21239281e-01 1.97689881e+00
  5.81171876e+00 5.00920910e-01 2.84394013e-01 9.69989129e+04
  7.39720746e-01 3.64297793e+00 1.34865773e+00 8.15525643e-01
  1.40628011e+00 3.03134796e-01 8.11836278e-02 5.89123362e+00
  8.81652197e-02 4.73443730e+02 1.12331519e+00 2.39748934e-01
  1.79659647e+01 4.71537387e+00 1.93188097e-01 2.31608492e+01
  9.29745937e+00 7.76268313e-01 9.01902465e-01 6.69240536e-02]
 [2.67750607e+00 1.64231877e+00 2.06761841e+00 2.65244227e+02
  2.44552512e+02 1.87003890e+01 4.10592136e-01 2.81981559e+00
  5.84482263e-01 9.53668579e+01 1.13347083e-01 1.57821636e-01
  1.87450907e-01 8.42405062e+00 7.74454150e-02 1.68092020e-01
  2.60580633e-01 1.74021883e+00 5.87439870e+01 2.43924486e+00
  3.64168740e+00 2.08684154e+00 1.34044492e+00 2.83595638e-01
  7.90244649e-01 1.30728199e+00 2.45972428e-01 3.86256162e-01
  5.78824741e-01 2.08274712e+00 1.12954027e+01 2.64532529e+00
  3.58755403e+00 3.82832718e+00 8.06616697e+03 5.54652757e-01
  1.88582053e+01 4.15170443e-01 1.07650513e+00 2.56747185e-01
  1.32069517e+02 1.42309169e+00 1.45257384e+00 3.57215353e-01
  6.36594902e-01 6.35616785e-01 1.12310941e+00 7.08735141e+00
  3.91657899e+00 2.97691341e-01 4.25155887e+00 2.27625342e-01
  7.12451529e+00 7.16943346e-02 3.63392035e-01 1.52247972e+00
  3.06240544e-01 1.19283399e-01 2.86582639e+00 6.78820686e+00
  1.09475641e+02 5.82275158e+02 1.08698416e+00 2.08348720e+01]
 [2.63065630e-01 7.86785978e-02 1.26314230e-01 2.00184865e-01
  4.14311638e-01 4.17187483e+00 3.93469848e+01 3.85642096e-01
  8.15634789e-01 2.47806973e+00 3.72449238e-01 2.90079818e-01
  2.06724767e-01 7.41838569e+02 1.22463088e+00 5.51996239e-01
  6.92194809e-02 4.46531331e+00 1.85700273e-01 2.15188510e+00
  3.29670354e+00 2.37548766e+01 6.83285956e-01 2.13691638e+00
  8.68253585e-01 1.01049714e+00 2.64420036e+00 2.89376530e+00
  1.45636413e+01 5.20619769e-01 1.19219499e+00 1.01743315e+03
  4.87196219e+01 6.97043963e-01 2.43907275e+00 4.32844160e-01
  2.11987819e-01 2.00809340e-01 2.03039234e-01 6.77746157e+00
  6.77401050e-01 9.92255132e-01 2.56774581e+00 1.22069275e-01
  8.87084405e+00 4.47626737e-01 1.38905721e+00 1.50209054e+02
  9.32959711e-02 5.56861698e-01 5.70941047e+00 3.72883155e-01
  2.51564063e-01 2.78298063e+01 1.42024497e-01 3.06463038e-01
  2.66597839e+00 1.24174858e+00 8.65396154e-01 2.16721216e+00
  3.48844752e+00 1.11231396e+01 1.37322670e-01 1.09763950e+01]
 [2.72875193e-01 5.77191955e-01 3.35344447e+00 9.80801355e-01
  3.22862345e+00 4.17903198e+01 1.86813194e-01 1.08744727e+00
  5.50813406e-01 2.23654952e+00 1.07961280e+00 5.95363752e-02
  3.74506039e-01 2.96692934e+01 1.16833805e+00 7.82545239e+00
  9.93163340e-02 2.49288835e+00 2.85484893e+00 1.50742253e+00
  7.16867774e+04 4.05537130e+00 4.13444956e+00 7.21702854e-01
  8.97930459e-01 2.36048267e-01 4.97541457e-01 3.93736071e+00
  4.84781706e+00 1.62776867e+00 1.57121094e+00 5.21995070e+00
  4.31762478e+00 1.34876159e-01 1.32707303e-01 1.72135963e+00
  1.37204842e+00 1.04749414e+00 1.06149364e+01 2.40363543e-01
  1.83180960e+00 5.08445932e+00 2.91386489e+01 1.28518479e-01
  3.23631290e-01 1.08802115e+00 4.51053983e+00 5.12891058e+01
  4.04034410e+00 2.59095740e-01 5.34233813e+00 2.85192749e+00
  6.74702157e+01 2.46578142e+01 9.62584458e-01 9.15412841e+00
  3.30332617e+00 5.52700615e+00 5.66769162e-01 8.75082371e-01
  3.38420152e-01 9.62247989e-01 9.38656211e-01 1.03313888e-01]
 [7.12359450e-01 3.08192637e+00 3.16647142e-01 3.11076585e+03
  3.30079219e+00 1.50626463e-01 1.40575887e+00 8.17448464e-01
  5.08262833e-01 9.01806691e-01 1.28157751e+00 2.58903060e+00
  7.21675089e-01 1.40210578e-01 1.63123226e-01 7.05441790e+00
  2.60141475e-01 8.60773158e-01 5.16114951e+01 1.88034579e+00
  9.46626880e-01 2.78402010e+00 2.16855354e-01 2.46581476e+00
  7.38617845e-01 2.69550387e-01 2.77783258e+00 2.60755575e+01
  7.99952928e-01 1.79946859e-01 5.50073136e-01 5.75630896e-01
  4.51738134e-01 1.42233729e-01 1.78833558e+01 1.59865498e+00
  1.22924413e+01 7.11310215e+01 8.37040795e-01 2.79010930e+01
  6.29174389e-02 3.59345659e-01 4.16816425e-01 2.29438276e+00
  2.00243077e+00 3.89662373e-01 5.02908571e-01 8.74293365e-01
  1.03168399e+00 3.72711686e-01 8.34397827e-01 2.28475240e+00
  1.62865390e-01 2.12456424e+02 3.83318403e+00 3.30318171e-01
  4.42366452e-01 5.56954754e-01 6.71616729e-01 3.03877885e-01
  1.14677033e+00 1.10393588e-01 1.69670572e-01 1.11874488e+01]
 [3.48519520e+02 1.23525804e-01 1.69380114e+00 2.32533013e+01
  1.19449268e+00 6.55885421e-01 4.25058015e-01 4.58738041e-01
  2.80860822e-01 6.33608171e-01 2.32380354e-01 1.20021301e+00
  1.53587820e+01 7.42706254e-02 4.46804851e-01 2.96479152e+00
  5.27257734e-01 1.50180175e+00 3.05241314e-01 1.96379076e+02
  1.27897071e-01 9.64038859e+00 1.89226424e-01 4.04569042e-01
  4.51424717e-01 3.34814023e-01 1.24528757e+00 2.13881466e-01
  1.51637079e-01 3.00635843e+00 7.07364289e-01 4.91856256e+01
  3.62379661e-01 1.31180938e+00 4.49375370e+00 7.12416293e+00
  3.34753712e-01 1.93203972e+00 1.61901897e-01 1.50188705e-01
  2.33118956e-01 4.81021777e-01 2.70006352e-01 1.31627089e+00
  5.64846222e-01 6.51073881e-01 4.42656873e+00 1.90370263e+00
  5.91645484e-01 1.30349547e+00 1.09084370e+01 4.36599360e+01
  3.68786228e+00 2.37326622e+01 4.21138029e+00 9.03172644e-01
  9.29073889e-01 2.81973818e-01 2.52933542e-01 6.85108696e-01
  2.96932452e-01 7.73580547e+01 2.12413422e-01 1.25670700e-01]
 [1.80671382e-01 2.96389960e-01 4.13676426e+01 1.21693381e+01
  6.59388609e-01 5.18845288e-01 5.16690429e+00 2.88504695e+00
  2.12372350e-01 5.94914533e+00 5.40625118e-01 6.10718973e-01
  2.33552854e+00 5.55379431e-01 2.14348021e-01 2.04264277e+00
  5.85692904e-02 4.73538236e-01 1.37728093e+00 1.86797273e+00
  3.49849165e-01 1.93083086e+01 1.71302438e-01 2.01505271e+00
  2.94342444e-01 2.76218338e-01 1.89297132e-01 2.24898978e+00
  7.14251000e+00 2.66697788e+01 1.15960420e+01 4.96643632e+00
  5.66456249e-01 2.59642349e+00 3.52420609e+01 1.03417881e+01
  6.72326262e+00 1.29626485e+00 2.97256458e+00 1.17284724e+00
  2.26951903e+00 1.66582949e+01 1.09591255e+01 2.63031906e+00
  4.01494352e-01 9.17482709e-01 9.04657662e+00 2.68949253e-01
  2.95717274e-01 8.69592483e-01 2.07282715e-01 3.00045194e-01
  3.36293411e-01 2.99706827e+00 2.77124735e+00 1.09370473e-01
  3.73901777e+03 7.67681211e-01 2.64325649e-01 3.78923550e-01
  2.75764019e+00 3.49742313e-01 1.71595780e+01 2.44248120e+02]]
