1
50
2023-11-08 10:06:32
/projects/muyang@colostate.edu/software/anaconda/envs/testenv/lib/python3.11/site-packages/numpy/lib/function_base.py:2455: RuntimeWarning: divide by zero encountered in func (vectorized)
  outputs = ufunc(*inputs)
/projects/muyang@colostate.edu/software/anaconda/envs/testenv/lib/python3.11/site-packages/numpy/lib/function_base.py:2455: RuntimeWarning: invalid value encountered in func (vectorized)
  outputs = ufunc(*inputs)
100
2023-11-08 10:08:48
elapsed:  278.6  seconds
150
2023-11-08 10:11:13
200
2023-11-08 10:13:47
elapsed:  577.4  seconds
250
2023-11-08 10:16:20
300
2023-11-08 10:18:19
elapsed:  848.9  seconds
350
2023-11-08 10:21:03
/projects/muyang@colostate.edu/software/anaconda/envs/testenv/lib/python3.11/site-packages/numpy/lib/function_base.py:2455: RuntimeWarning: divide by zero encountered in func (vectorized)
  outputs = ufunc(*inputs)
/projects/muyang@colostate.edu/software/anaconda/envs/testenv/lib/python3.11/site-packages/numpy/lib/function_base.py:2455: RuntimeWarning: invalid value encountered in func (vectorized)
  outputs = ufunc(*inputs)
/projects/muyang@colostate.edu/software/anaconda/envs/testenv/lib/python3.11/site-packages/numpy/lib/function_base.py:2455: RuntimeWarning: divide by zero encountered in func (vectorized)
  outputs = ufunc(*inputs)
/projects/muyang@colostate.edu/software/anaconda/envs/testenv/lib/python3.11/site-packages/numpy/lib/function_base.py:2455: RuntimeWarning: invalid value encountered in func (vectorized)
  outputs = ufunc(*inputs)
400
2023-11-08 10:22:57
elapsed:  1127.2  seconds
450
2023-11-08 10:25:08
500
2023-11-08 10:27:07
elapsed:  1377.4  seconds
550
2023-11-08 10:28:40
600
2023-11-08 10:30:04
elapsed:  1554.3  seconds
650
2023-11-08 10:30:57
700
2023-11-08 10:31:59
elapsed:  1669.3  seconds
750
2023-11-08 10:32:46
800
2023-11-08 10:33:42
elapsed:  1772.0  seconds
850
2023-11-08 10:35:57
900
2023-11-08 10:38:04
elapsed:  2034.3  seconds
/projects/muyang@colostate.edu/software/anaconda/envs/testenv/lib/python3.11/site-packages/numpy/lib/function_base.py:2455: RuntimeWarning: divide by zero encountered in func (vectorized)
  outputs = ufunc(*inputs)
/projects/muyang@colostate.edu/software/anaconda/envs/testenv/lib/python3.11/site-packages/numpy/lib/function_base.py:2455: RuntimeWarning: invalid value encountered in func (vectorized)
  outputs = ufunc(*inputs)
950
2023-11-08 10:40:12
1000
2023-11-08 10:42:08
elapsed:  2278.1  seconds
1050
2023-11-08 10:43:43
1100
2023-11-08 10:45:34
elapsed:  2484.0  seconds
1150
2023-11-08 10:47:53
1200
2023-11-08 10:49:40
elapsed:  2730.3  seconds
1250
2023-11-08 10:51:20
1300
2023-11-08 10:53:42
elapsed:  2972.4  seconds
1350
2023-11-08 10:57:09
1400
2023-11-08 10:59:54
elapsed:  3344.3  seconds
1450
2023-11-08 11:02:32
1500
2023-11-08 11:05:11
elapsed:  3661.1  seconds
1550
2023-11-08 11:07:38
1600
2023-11-08 11:10:20
elapsed:  3970.6  seconds
/projects/muyang@colostate.edu/software/anaconda/envs/testenv/lib/python3.11/site-packages/numpy/lib/function_base.py:2455: RuntimeWarning: divide by zero encountered in func (vectorized)
  outputs = ufunc(*inputs)
/projects/muyang@colostate.edu/software/anaconda/envs/testenv/lib/python3.11/site-packages/numpy/lib/function_base.py:2455: RuntimeWarning: invalid value encountered in func (vectorized)
  outputs = ufunc(*inputs)
1650
2023-11-08 11:12:44
1700
2023-11-08 11:14:53
elapsed:  4243.7  seconds
1750
2023-11-08 11:17:04
1800
2023-11-08 11:18:54
elapsed:  4484.7  seconds
1850
2023-11-08 11:21:10
1900
2023-11-08 11:23:50
elapsed:  4780.1  seconds
1950
2023-11-08 11:26:32
/projects/muyang@colostate.edu/software/anaconda/envs/testenv/lib/python3.11/site-packages/numpy/lib/function_base.py:2455: RuntimeWarning: divide by zero encountered in func (vectorized)
  outputs = ufunc(*inputs)
/projects/muyang@colostate.edu/software/anaconda/envs/testenv/lib/python3.11/site-packages/numpy/lib/function_base.py:2455: RuntimeWarning: invalid value encountered in func (vectorized)
  outputs = ufunc(*inputs)
2000
2023-11-08 11:29:27
elapsed:  5116.8  seconds
2050
2023-11-08 11:32:12
2100
2023-11-08 11:35:10
elapsed:  5460.4  seconds
2150
2023-11-08 11:37:33
2200
2023-11-08 11:40:15
elapsed:  5765.4  seconds
2250
2023-11-08 11:42:52
2300
2023-11-08 11:45:20
elapsed:  6070.3  seconds
2350
2023-11-08 11:47:44
2400
2023-11-08 11:50:41
elapsed:  6390.9  seconds
2450
2023-11-08 11:53:30
2500
2023-11-08 11:56:36
elapsed:  6746.4  seconds
2550
2023-11-08 11:59:33
2600
2023-11-08 12:02:43
elapsed:  7113.4  seconds
2650
2023-11-08 12:05:46
2700
2023-11-08 12:08:22
elapsed:  7452.4  seconds
2750
2023-11-08 12:10:40
2800
2023-11-08 12:13:40
elapsed:  7770.6  seconds
2850
2023-11-08 12:16:22
2900
2023-11-08 12:18:47
elapsed:  8077.6  seconds
2950
2023-11-08 12:20:48
3000
2023-11-08 12:23:19
elapsed:  8348.9  seconds
3050
2023-11-08 12:25:32
3100
2023-11-08 12:27:55
elapsed:  8625.8  seconds
3150
2023-11-08 12:29:42
3200
2023-11-08 12:31:49
elapsed:  8859.0  seconds
3250
2023-11-08 12:33:46
3300
2023-11-08 12:35:57
elapsed:  9107.1  seconds
3350
2023-11-08 12:38:04
3400
2023-11-08 12:39:52
elapsed:  9342.1  seconds
3450
2023-11-08 12:41:30
3500
2023-11-08 12:43:33
elapsed:  9562.8  seconds
/projects/muyang@colostate.edu/software/anaconda/envs/testenv/lib/python3.11/site-packages/numpy/lib/function_base.py:2455: RuntimeWarning: divide by zero encountered in func (vectorized)
  outputs = ufunc(*inputs)
/projects/muyang@colostate.edu/software/anaconda/envs/testenv/lib/python3.11/site-packages/numpy/lib/function_base.py:2455: RuntimeWarning: invalid value encountered in func (vectorized)
  outputs = ufunc(*inputs)
3550
2023-11-08 12:46:10
3600
2023-11-08 12:48:28
elapsed:  9857.8  seconds
3650
2023-11-08 12:50:57
3700
2023-11-08 12:53:18
elapsed:  10147.8  seconds
3750
2023-11-08 12:55:51
/projects/muyang@colostate.edu/software/anaconda/envs/testenv/lib/python3.11/site-packages/numpy/lib/function_base.py:2455: RuntimeWarning: divide by zero encountered in func (vectorized)
  outputs = ufunc(*inputs)
/projects/muyang@colostate.edu/software/anaconda/envs/testenv/lib/python3.11/site-packages/numpy/lib/function_base.py:2455: RuntimeWarning: invalid value encountered in func (vectorized)
  outputs = ufunc(*inputs)
3800
2023-11-08 12:58:01
elapsed:  10430.9  seconds
3850
2023-11-08 13:00:30
3900
2023-11-08 13:03:23
elapsed:  10753.1  seconds
3950
2023-11-08 13:05:58
4000
2023-11-08 13:08:28
elapsed:  11058.5  seconds
4050
2023-11-08 13:11:09
4100
2023-11-08 13:14:04
elapsed:  11394.8  seconds
4150
2023-11-08 13:16:46
4200
2023-11-08 13:19:22
elapsed:  11712.7  seconds
4250
2023-11-08 13:22:23
4300
2023-11-08 13:24:59
elapsed:  12049.1  seconds
/projects/muyang@colostate.edu/software/anaconda/envs/testenv/lib/python3.11/site-packages/numpy/lib/function_base.py:2455: RuntimeWarning: divide by zero encountered in func (vectorized)
  outputs = ufunc(*inputs)
/projects/muyang@colostate.edu/software/anaconda/envs/testenv/lib/python3.11/site-packages/numpy/lib/function_base.py:2455: RuntimeWarning: invalid value encountered in func (vectorized)
  outputs = ufunc(*inputs)
4350
2023-11-08 13:27:12
4400
2023-11-08 13:30:01
elapsed:  12350.8  seconds
4450
2023-11-08 13:32:31
4500
2023-11-08 13:35:17
elapsed:  12667.5  seconds
4550
2023-11-08 13:38:30
/projects/muyang@colostate.edu/software/anaconda/envs/testenv/lib/python3.11/site-packages/numpy/lib/function_base.py:2455: RuntimeWarning: divide by zero encountered in func (vectorized)
  outputs = ufunc(*inputs)
/projects/muyang@colostate.edu/software/anaconda/envs/testenv/lib/python3.11/site-packages/numpy/lib/function_base.py:2455: RuntimeWarning: invalid value encountered in func (vectorized)
  outputs = ufunc(*inputs)
4600
2023-11-08 13:41:26
elapsed:  13036.5  seconds
/projects/muyang@colostate.edu/software/anaconda/envs/testenv/lib/python3.11/site-packages/numpy/lib/function_base.py:2455: RuntimeWarning: divide by zero encountered in func (vectorized)
  outputs = ufunc(*inputs)
/projects/muyang@colostate.edu/software/anaconda/envs/testenv/lib/python3.11/site-packages/numpy/lib/function_base.py:2455: RuntimeWarning: invalid value encountered in func (vectorized)
  outputs = ufunc(*inputs)
4650
2023-11-08 13:44:29
4700
2023-11-08 13:46:51
elapsed:  13361.0  seconds
4750
2023-11-08 13:48:55
4800
2023-11-08 13:51:10
elapsed:  13620.6  seconds
4850
2023-11-08 13:54:24
4900
2023-11-08 13:57:32
elapsed:  14002.2  seconds
4950
2023-11-08 13:59:46
/projects/muyang@colostate.edu/software/anaconda/envs/testenv/lib/python3.11/site-packages/numpy/lib/function_base.py:2455: RuntimeWarning: divide by zero encountered in func (vectorized)
  outputs = ufunc(*inputs)
/projects/muyang@colostate.edu/software/anaconda/envs/testenv/lib/python3.11/site-packages/numpy/lib/function_base.py:2455: RuntimeWarning: invalid value encountered in func (vectorized)
  outputs = ufunc(*inputs)
5000
2023-11-08 14:02:46
elapsed:  14315.8  seconds
5050
2023-11-08 14:05:25
5100
2023-11-08 14:08:30
elapsed:  14660.6  seconds
/projects/muyang@colostate.edu/software/anaconda/envs/testenv/lib/python3.11/site-packages/numpy/lib/function_base.py:2455: RuntimeWarning: divide by zero encountered in func (vectorized)
  outputs = ufunc(*inputs)
/projects/muyang@colostate.edu/software/anaconda/envs/testenv/lib/python3.11/site-packages/numpy/lib/function_base.py:2455: RuntimeWarning: invalid value encountered in func (vectorized)
  outputs = ufunc(*inputs)
5150
2023-11-08 14:11:29
5200
2023-11-08 14:13:40
elapsed:  14970.3  seconds
5250
2023-11-08 14:16:16
5300
2023-11-08 14:18:51
elapsed:  15281.7  seconds
5350
2023-11-08 14:21:54
5400
2023-11-08 14:24:47
elapsed:  15637.1  seconds
5450
2023-11-08 14:27:45
/projects/muyang@colostate.edu/software/anaconda/envs/testenv/lib/python3.11/site-packages/numpy/lib/function_base.py:2455: RuntimeWarning: divide by zero encountered in func (vectorized)
  outputs = ufunc(*inputs)
/projects/muyang@colostate.edu/software/anaconda/envs/testenv/lib/python3.11/site-packages/numpy/lib/function_base.py:2455: RuntimeWarning: invalid value encountered in func (vectorized)
  outputs = ufunc(*inputs)
5500
2023-11-08 14:30:45
elapsed:  15995.5  seconds
5550
2023-11-08 14:34:02
5600
2023-11-08 14:37:14
elapsed:  16384.5  seconds
/projects/muyang@colostate.edu/software/anaconda/envs/testenv/lib/python3.11/site-packages/numpy/lib/function_base.py:2455: RuntimeWarning: divide by zero encountered in func (vectorized)
  outputs = ufunc(*inputs)
/projects/muyang@colostate.edu/software/anaconda/envs/testenv/lib/python3.11/site-packages/numpy/lib/function_base.py:2455: RuntimeWarning: invalid value encountered in func (vectorized)
  outputs = ufunc(*inputs)
5650
2023-11-08 14:40:31
5700
2023-11-08 14:43:50
elapsed:  16780.5  seconds
/projects/muyang@colostate.edu/software/anaconda/envs/testenv/lib/python3.11/site-packages/numpy/lib/function_base.py:2455: RuntimeWarning: divide by zero encountered in func (vectorized)
  outputs = ufunc(*inputs)
/projects/muyang@colostate.edu/software/anaconda/envs/testenv/lib/python3.11/site-packages/numpy/lib/function_base.py:2455: RuntimeWarning: invalid value encountered in func (vectorized)
  outputs = ufunc(*inputs)
5750
2023-11-08 14:46:24
/projects/muyang@colostate.edu/software/anaconda/envs/testenv/lib/python3.11/site-packages/numpy/lib/function_base.py:2455: RuntimeWarning: divide by zero encountered in func (vectorized)
  outputs = ufunc(*inputs)
/projects/muyang@colostate.edu/software/anaconda/envs/testenv/lib/python3.11/site-packages/numpy/lib/function_base.py:2455: RuntimeWarning: invalid value encountered in func (vectorized)
  outputs = ufunc(*inputs)
5800
2023-11-08 14:49:08
elapsed:  17098.7  seconds
5850
2023-11-08 14:51:38
5900
2023-11-08 14:54:31
elapsed:  17421.3  seconds
/projects/muyang@colostate.edu/software/anaconda/envs/testenv/lib/python3.11/site-packages/numpy/lib/function_base.py:2455: RuntimeWarning: divide by zero encountered in func (vectorized)
  outputs = ufunc(*inputs)
/projects/muyang@colostate.edu/software/anaconda/envs/testenv/lib/python3.11/site-packages/numpy/lib/function_base.py:2455: RuntimeWarning: invalid value encountered in func (vectorized)
  outputs = ufunc(*inputs)
5950
2023-11-08 14:57:52
/projects/muyang@colostate.edu/software/anaconda/envs/testenv/lib/python3.11/site-packages/numpy/lib/function_base.py:2455: RuntimeWarning: divide by zero encountered in func (vectorized)
  outputs = ufunc(*inputs)
/projects/muyang@colostate.edu/software/anaconda/envs/testenv/lib/python3.11/site-packages/numpy/lib/function_base.py:2455: RuntimeWarning: invalid value encountered in func (vectorized)
  outputs = ufunc(*inputs)
6000
2023-11-08 15:00:10
elapsed:  17760.6  seconds
6050
2023-11-08 15:03:21
6100
2023-11-08 15:06:38
elapsed:  18148.6  seconds
6150
2023-11-08 15:09:51
6200
2023-11-08 15:12:51
elapsed:  18521.7  seconds
6250
2023-11-08 15:15:59
6300
2023-11-08 15:18:56
elapsed:  18886.6  seconds
/projects/muyang@colostate.edu/software/anaconda/envs/testenv/lib/python3.11/site-packages/numpy/lib/function_base.py:2455: RuntimeWarning: divide by zero encountered in func (vectorized)
  outputs = ufunc(*inputs)
/projects/muyang@colostate.edu/software/anaconda/envs/testenv/lib/python3.11/site-packages/numpy/lib/function_base.py:2455: RuntimeWarning: invalid value encountered in func (vectorized)
  outputs = ufunc(*inputs)
6350
2023-11-08 15:21:59
6400
2023-11-08 15:25:20
elapsed:  19269.9  seconds
6450
2023-11-08 15:28:10
/projects/muyang@colostate.edu/software/anaconda/envs/testenv/lib/python3.11/site-packages/numpy/lib/function_base.py:2455: RuntimeWarning: divide by zero encountered in func (vectorized)
  outputs = ufunc(*inputs)
/projects/muyang@colostate.edu/software/anaconda/envs/testenv/lib/python3.11/site-packages/numpy/lib/function_base.py:2455: RuntimeWarning: invalid value encountered in func (vectorized)
  outputs = ufunc(*inputs)
6500
2023-11-08 15:30:55
elapsed:  19605.1  seconds
6550
2023-11-08 15:33:42
6600
2023-11-08 15:36:46
elapsed:  19956.5  seconds
6650
2023-11-08 15:40:13
/projects/muyang@colostate.edu/software/anaconda/envs/testenv/lib/python3.11/site-packages/numpy/lib/function_base.py:2455: RuntimeWarning: divide by zero encountered in func (vectorized)
  outputs = ufunc(*inputs)
/projects/muyang@colostate.edu/software/anaconda/envs/testenv/lib/python3.11/site-packages/numpy/lib/function_base.py:2455: RuntimeWarning: invalid value encountered in func (vectorized)
  outputs = ufunc(*inputs)
6700
2023-11-08 15:43:26
elapsed:  20356.5  seconds
6750
2023-11-08 15:46:20
6800
2023-11-08 15:49:09
elapsed:  20699.4  seconds
6850
2023-11-08 15:52:07
6900
2023-11-08 15:54:33
elapsed:  21023.2  seconds
6950
2023-11-08 15:57:06
7000
2023-11-08 16:00:38
elapsed:  21388.8  seconds
7050
2023-11-08 16:03:43
7100
2023-11-08 16:07:05
elapsed:  21774.8  seconds
7150
2023-11-08 16:10:10
7200
2023-11-08 16:13:06
elapsed:  22135.9  seconds
7250
2023-11-08 16:15:47
7300
2023-11-08 16:18:32
elapsed:  22462.0  seconds
7350
2023-11-08 16:21:33
7400
2023-11-08 16:24:03
elapsed:  22792.9  seconds
7450
2023-11-08 16:26:57
7500
2023-11-08 16:30:11
elapsed:  23161.0  seconds
7550
2023-11-08 16:33:07
/projects/muyang@colostate.edu/software/anaconda/envs/testenv/lib/python3.11/site-packages/numpy/lib/function_base.py:2455: RuntimeWarning: divide by zero encountered in func (vectorized)
  outputs = ufunc(*inputs)
/projects/muyang@colostate.edu/software/anaconda/envs/testenv/lib/python3.11/site-packages/numpy/lib/function_base.py:2455: RuntimeWarning: invalid value encountered in func (vectorized)
  outputs = ufunc(*inputs)
7600
2023-11-08 16:36:09
elapsed:  23518.9  seconds
/projects/muyang@colostate.edu/software/anaconda/envs/testenv/lib/python3.11/site-packages/numpy/lib/function_base.py:2455: RuntimeWarning: divide by zero encountered in func (vectorized)
  outputs = ufunc(*inputs)
/projects/muyang@colostate.edu/software/anaconda/envs/testenv/lib/python3.11/site-packages/numpy/lib/function_base.py:2455: RuntimeWarning: invalid value encountered in func (vectorized)
  outputs = ufunc(*inputs)
7650
2023-11-08 16:39:25
7700
2023-11-08 16:42:46
elapsed:  23916.6  seconds
7750
2023-11-08 16:46:23
7800
2023-11-08 16:49:50
elapsed:  24340.6  seconds
7850
2023-11-08 16:53:17
7900
2023-11-08 16:56:28
elapsed:  24738.7  seconds
/projects/muyang@colostate.edu/software/anaconda/envs/testenv/lib/python3.11/site-packages/numpy/lib/function_base.py:2455: RuntimeWarning: divide by zero encountered in func (vectorized)
  outputs = ufunc(*inputs)
/projects/muyang@colostate.edu/software/anaconda/envs/testenv/lib/python3.11/site-packages/numpy/lib/function_base.py:2455: RuntimeWarning: invalid value encountered in func (vectorized)
  outputs = ufunc(*inputs)
7950
2023-11-08 16:59:26
8000
2023-11-08 17:02:29
elapsed:  25099.2  seconds
8050
2023-11-08 17:05:34
/projects/muyang@colostate.edu/software/anaconda/envs/testenv/lib/python3.11/site-packages/numpy/lib/function_base.py:2455: RuntimeWarning: divide by zero encountered in func (vectorized)
  outputs = ufunc(*inputs)
/projects/muyang@colostate.edu/software/anaconda/envs/testenv/lib/python3.11/site-packages/numpy/lib/function_base.py:2455: RuntimeWarning: invalid value encountered in func (vectorized)
  outputs = ufunc(*inputs)
8100
2023-11-08 17:08:36
elapsed:  25466.3  seconds
8150
2023-11-08 17:12:08
8200
2023-11-08 17:15:30
elapsed:  25880.7  seconds
8250
2023-11-08 17:19:13
8300
2023-11-08 17:22:35
elapsed:  26305.7  seconds
8350
2023-11-08 17:25:55
8400
2023-11-08 17:29:04
elapsed:  26694.1  seconds
8450
2023-11-08 17:32:04
8500
2023-11-08 17:35:17
elapsed:  27066.8  seconds
8550
2023-11-08 17:37:58
8600
2023-11-08 17:40:49
elapsed:  27399.0  seconds
8650
2023-11-08 17:43:29
8700
2023-11-08 17:46:38
elapsed:  27748.1  seconds
8750
2023-11-08 17:49:23
8800
2023-11-08 17:52:56
elapsed:  28126.1  seconds
8850
2023-11-08 17:56:34
/projects/muyang@colostate.edu/software/anaconda/envs/testenv/lib/python3.11/site-packages/numpy/lib/function_base.py:2455: RuntimeWarning: divide by zero encountered in func (vectorized)
  outputs = ufunc(*inputs)
/projects/muyang@colostate.edu/software/anaconda/envs/testenv/lib/python3.11/site-packages/numpy/lib/function_base.py:2455: RuntimeWarning: invalid value encountered in func (vectorized)
  outputs = ufunc(*inputs)
8900
2023-11-08 17:59:44
elapsed:  28534.7  seconds
8950
2023-11-08 18:02:59
9000
2023-11-08 18:06:31
elapsed:  28941.8  seconds
9050
2023-11-08 18:09:04
9100
2023-11-08 18:12:17
elapsed:  29287.5  seconds
9150
2023-11-08 18:15:39
9200
2023-11-08 18:18:54
elapsed:  29683.9  seconds
9250
2023-11-08 18:22:11
9300
2023-11-08 18:25:23
elapsed:  30073.7  seconds
9350
2023-11-08 18:28:47
9400
2023-11-08 18:31:42
elapsed:  30452.4  seconds
9450
2023-11-08 18:34:35
9500
2023-11-08 18:38:01
elapsed:  30831.1  seconds
9550
2023-11-08 18:41:19
9600
2023-11-08 18:44:51
elapsed:  31241.1  seconds
9650
2023-11-08 18:47:44
9700
2023-11-08 18:50:41
elapsed:  31591.3  seconds
9750
2023-11-08 18:53:51
9800
2023-11-08 18:57:06
elapsed:  31976.6  seconds
/projects/muyang@colostate.edu/software/anaconda/envs/testenv/lib/python3.11/site-packages/numpy/lib/function_base.py:2455: RuntimeWarning: divide by zero encountered in func (vectorized)
  outputs = ufunc(*inputs)
/projects/muyang@colostate.edu/software/anaconda/envs/testenv/lib/python3.11/site-packages/numpy/lib/function_base.py:2455: RuntimeWarning: invalid value encountered in func (vectorized)
  outputs = ufunc(*inputs)
9850
2023-11-08 18:59:56
9900
2023-11-08 19:03:28
elapsed:  32357.8  seconds
/projects/muyang@colostate.edu/software/anaconda/envs/testenv/lib/python3.11/site-packages/numpy/lib/function_base.py:2455: RuntimeWarning: divide by zero encountered in func (vectorized)
  outputs = ufunc(*inputs)
/projects/muyang@colostate.edu/software/anaconda/envs/testenv/lib/python3.11/site-packages/numpy/lib/function_base.py:2455: RuntimeWarning: invalid value encountered in func (vectorized)
  outputs = ufunc(*inputs)
9950
2023-11-08 19:06:51
10000
2023-11-08 19:09:56
elapsed:  32745.8  seconds
/projects/muyang@colostate.edu/software/anaconda/envs/testenv/lib/python3.11/site-packages/numpy/lib/function_base.py:2455: RuntimeWarning: divide by zero encountered in func (vectorized)
  outputs = ufunc(*inputs)
/projects/muyang@colostate.edu/software/anaconda/envs/testenv/lib/python3.11/site-packages/numpy/lib/function_base.py:2455: RuntimeWarning: invalid value encountered in func (vectorized)
  outputs = ufunc(*inputs)
10050
2023-11-08 19:12:56
/projects/muyang@colostate.edu/software/anaconda/envs/testenv/lib/python3.11/site-packages/numpy/lib/function_base.py:2455: RuntimeWarning: divide by zero encountered in func (vectorized)
  outputs = ufunc(*inputs)
/projects/muyang@colostate.edu/software/anaconda/envs/testenv/lib/python3.11/site-packages/numpy/lib/function_base.py:2455: RuntimeWarning: invalid value encountered in func (vectorized)
  outputs = ufunc(*inputs)
10100
2023-11-08 19:15:45
elapsed:  33095.6  seconds
10150
2023-11-08 19:18:44
10200
2023-11-08 19:21:27
elapsed:  33437.0  seconds
10250
2023-11-08 19:24:54
10300
2023-11-08 19:28:37
elapsed:  33866.9  seconds
10350
2023-11-08 19:32:06
10400
2023-11-08 19:35:18
elapsed:  34268.1  seconds
/projects/muyang@colostate.edu/software/anaconda/envs/testenv/lib/python3.11/site-packages/numpy/lib/function_base.py:2455: RuntimeWarning: divide by zero encountered in func (vectorized)
  outputs = ufunc(*inputs)
/projects/muyang@colostate.edu/software/anaconda/envs/testenv/lib/python3.11/site-packages/numpy/lib/function_base.py:2455: RuntimeWarning: invalid value encountered in func (vectorized)
  outputs = ufunc(*inputs)
10450
2023-11-08 19:38:29
10500
2023-11-08 19:41:48
elapsed:  34658.1  seconds
10550
2023-11-08 19:45:03
10600
2023-11-08 19:48:01
elapsed:  35030.9  seconds
10650
2023-11-08 19:51:33
10700
2023-11-08 19:54:50
elapsed:  35440.0  seconds
10750
2023-11-08 19:58:01
10800
2023-11-08 20:01:04
elapsed:  35814.6  seconds
10850
2023-11-08 20:04:22
10900
2023-11-08 20:07:55
elapsed:  36225.3  seconds
10950
2023-11-08 20:11:25
11000
2023-11-08 20:14:36
elapsed:  36626.3  seconds
11050
2023-11-08 20:17:34
11100
2023-11-08 20:20:51
elapsed:  37001.6  seconds
11150
2023-11-08 20:24:00
11200
2023-11-08 20:27:06
elapsed:  37376.2  seconds
11250
2023-11-08 20:30:12
11300
2023-11-08 20:33:00
elapsed:  37730.7  seconds
11350
2023-11-08 20:36:09
11400
2023-11-08 20:38:55
elapsed:  38085.8  seconds
11450
2023-11-08 20:42:01
11500
2023-11-08 20:45:19
elapsed:  38469.7  seconds
11550
2023-11-08 20:48:42
11600
2023-11-08 20:51:41
elapsed:  38851.0  seconds
11650
2023-11-08 20:55:40
11700
2023-11-08 20:59:00
elapsed:  39290.1  seconds
11750
2023-11-08 21:02:20
11800
2023-11-08 21:05:42
elapsed:  39692.4  seconds
11850
2023-11-08 21:08:39
11900
2023-11-08 21:11:59
elapsed:  40069.8  seconds
11950
2023-11-08 21:15:28
/projects/muyang@colostate.edu/software/anaconda/envs/testenv/lib/python3.11/site-packages/numpy/lib/function_base.py:2455: RuntimeWarning: divide by zero encountered in func (vectorized)
  outputs = ufunc(*inputs)
/projects/muyang@colostate.edu/software/anaconda/envs/testenv/lib/python3.11/site-packages/numpy/lib/function_base.py:2455: RuntimeWarning: invalid value encountered in func (vectorized)
  outputs = ufunc(*inputs)
12000
2023-11-08 21:18:41
elapsed:  40471.1  seconds
12050
2023-11-08 21:22:05
12100
2023-11-08 21:25:22
elapsed:  40872.0  seconds
12150
2023-11-08 21:28:45
12200
2023-11-08 21:32:16
elapsed:  41286.5  seconds
12250
2023-11-08 21:35:45
12300
2023-11-08 21:38:36
elapsed:  41666.0  seconds
12350
2023-11-08 21:41:45
12400
2023-11-08 21:44:59
elapsed:  42049.5  seconds
12450
2023-11-08 21:48:13
12500
2023-11-08 21:51:36
elapsed:  42445.8  seconds
12550
2023-11-08 21:54:51
12600
2023-11-08 21:58:11
elapsed:  42841.1  seconds
12650
2023-11-08 22:01:16
12700
2023-11-08 22:04:12
elapsed:  43202.3  seconds
12750
2023-11-08 22:07:05
12800
2023-11-08 22:10:02
elapsed:  43552.0  seconds
12850
2023-11-08 22:12:35
12900
2023-11-08 22:15:40
elapsed:  43890.0  seconds
12950
2023-11-08 22:18:44
13000
2023-11-08 22:21:44
elapsed:  44254.5  seconds
/projects/muyang@colostate.edu/software/anaconda/envs/testenv/lib/python3.11/site-packages/numpy/lib/function_base.py:2455: RuntimeWarning: divide by zero encountered in func (vectorized)
  outputs = ufunc(*inputs)
/projects/muyang@colostate.edu/software/anaconda/envs/testenv/lib/python3.11/site-packages/numpy/lib/function_base.py:2455: RuntimeWarning: invalid value encountered in func (vectorized)
  outputs = ufunc(*inputs)
13050
2023-11-08 22:25:04
13100
2023-11-08 22:28:20
elapsed:  44650.5  seconds
/projects/muyang@colostate.edu/software/anaconda/envs/testenv/lib/python3.11/site-packages/numpy/lib/function_base.py:2455: RuntimeWarning: divide by zero encountered in func (vectorized)
  outputs = ufunc(*inputs)
/projects/muyang@colostate.edu/software/anaconda/envs/testenv/lib/python3.11/site-packages/numpy/lib/function_base.py:2455: RuntimeWarning: invalid value encountered in func (vectorized)
  outputs = ufunc(*inputs)
13150
2023-11-08 22:31:20
13200
2023-11-08 22:33:59
elapsed:  44989.1  seconds
13250
2023-11-08 22:37:19
13300
2023-11-08 22:40:19
elapsed:  45369.0  seconds
13350
2023-11-08 22:43:28
13400
2023-11-08 22:46:14
elapsed:  45724.1  seconds
13450
2023-11-08 22:49:30
13500
2023-11-08 22:52:42
elapsed:  46112.4  seconds
13550
2023-11-08 22:55:58
13600
2023-11-08 22:58:40
elapsed:  46470.7  seconds
/projects/muyang@colostate.edu/software/anaconda/envs/testenv/lib/python3.11/site-packages/numpy/lib/function_base.py:2455: RuntimeWarning: divide by zero encountered in func (vectorized)
  outputs = ufunc(*inputs)
/projects/muyang@colostate.edu/software/anaconda/envs/testenv/lib/python3.11/site-packages/numpy/lib/function_base.py:2455: RuntimeWarning: invalid value encountered in func (vectorized)
  outputs = ufunc(*inputs)
13650
2023-11-08 23:01:59
13700
2023-11-08 23:05:25
elapsed:  46875.3  seconds
13750
2023-11-08 23:08:33
13800
2023-11-08 23:11:57
elapsed:  47267.0  seconds
13850
2023-11-08 23:15:13
13900
2023-11-08 23:18:29
elapsed:  47659.5  seconds
13950
2023-11-08 23:21:45
14000
2023-11-08 23:25:26
elapsed:  48075.9  seconds
14050
2023-11-08 23:28:38
14100
2023-11-08 23:32:01
elapsed:  48470.9  seconds
14150
2023-11-08 23:35:31
14200
2023-11-08 23:38:29
elapsed:  48859.3  seconds
14250
2023-11-08 23:41:41
14300
2023-11-08 23:45:01
elapsed:  49251.1  seconds
14350
2023-11-08 23:48:18
14400
2023-11-08 23:51:36
elapsed:  49646.2  seconds
14450
2023-11-08 23:54:52
14500
2023-11-08 23:57:56
elapsed:  50026.2  seconds
14550
2023-11-09 00:01:09
14600
2023-11-09 00:04:21
elapsed:  50410.9  seconds
14650
2023-11-09 00:07:26
14700
2023-11-09 00:10:45
elapsed:  50795.4  seconds
14750
2023-11-09 00:13:50
14800
2023-11-09 00:17:26
elapsed:  51196.8  seconds
14850
2023-11-09 00:20:16
14900
2023-11-09 00:22:12
elapsed:  51482.7  seconds
14950
2023-11-09 00:24:04
elapsed:  51752.5  seconds
total time:  51759.7  seconds
true R:  [[3.33939359e+00 2.84666258e+02 9.16363019e+00 1.35813478e-01
  2.56611726e-01 3.55009877e+00 6.67060337e-01 1.86710564e+01
  3.58053644e-01 2.38884275e-01 8.14005017e+00 4.56706019e-01
  5.19496117e-01 7.06694053e+00 7.71921972e+00 3.34531260e+00
  1.34042255e-01 1.52238853e-01 5.18064798e+00 2.77543230e+00
  1.84585912e-01 5.15397885e+00 4.39707363e-01 1.42843767e+00
  7.26857134e+02 4.00627110e+00 3.00207584e-01 1.95351078e-01
  8.08788828e-01 4.25284630e-01 4.77168557e+01 8.12626198e+00
  7.54635645e+00 3.85015574e-01 2.38181304e+01 1.46318154e-01
  6.33103413e+02 1.05168961e+02 2.05332653e+01 2.21907190e-01
  9.23420179e-02 2.70526905e-01 1.43261266e-01 4.37942665e-01
  2.34368670e-01 1.25254513e-01 1.70135656e+00 2.79772831e+01
  2.44871474e+00 7.17685964e+00 2.42777829e-01 2.25112848e+00
  9.36883413e+01 3.86272116e+02 1.48772987e+00 9.68861617e-01
  3.75181509e+00 3.38193849e+01 9.49262064e-02 4.56046511e+00
  2.81446360e+00 9.05350880e-02 1.03830963e+01 1.25560239e-01]
 [2.00136499e-01 2.54197439e+03 4.32813940e+00 1.19056117e-01
  7.63709781e-01 2.03409568e+00 9.62529863e-02 1.86718441e-01
  1.81844888e+01 2.53521153e-01 2.88304018e-01 2.10562141e+00
  4.09725761e+00 3.65366016e-01 2.99791976e+01 1.94958721e+00
  1.83442923e-01 9.92453155e-01 3.64192351e-01 4.43501961e-01
  5.74363639e+00 4.68641917e-01 7.12074174e-01 1.55130143e+00
  1.98232296e+00 1.96587638e+00 1.46293544e+00 1.35661235e+00
  1.69331870e+00 2.61796834e+00 9.72012952e+02 5.58484800e+00
  1.48350773e+00 3.32098575e+00 3.38813191e-01 7.24651958e+00
  4.10166603e+00 1.01370168e-01 1.22817162e+00 4.49980894e+00
  3.37153919e+00 2.50784379e-01 1.12315626e-01 1.66219510e+01
  9.67929880e+00 1.69720546e+01 3.49670768e-01 1.55157168e+00
  4.43397701e-01 6.13953007e+01 1.35555961e+00 3.24078661e+01
  9.75821053e-02 5.75944620e-01 1.16592838e+00 3.10989920e-01
  1.01206176e+02 4.55700639e-01 3.54637434e+00 1.75069786e+00
  3.92909801e-01 1.97630394e+01 2.28203955e+00 5.16910505e+00]
 [5.69839495e+00 1.67572039e-01 2.86206967e-01 3.57836177e-01
  3.84539549e-01 2.31678813e+00 4.05404438e+02 3.08636429e+00
  8.60230772e-01 9.75175622e+00 4.17259054e+01 2.54710159e+01
  1.13179002e+01 6.24174923e+00 8.13564125e-01 7.15873358e+00
  6.65815981e-01 2.17841799e-01 2.44381595e-01 1.99305998e+01
  2.39938897e+00 2.57530564e-01 1.36853403e-01 3.66926407e-01
  1.77032448e+00 1.34968918e-01 5.28456572e+00 5.19487467e-01
  7.81413112e-01 2.14944199e-01 1.73615875e+00 5.72855844e-01
  4.13074067e+00 8.31463652e+00 5.02469815e-01 9.96791443e-02
  3.38131240e+01 1.55821861e-01 1.29525341e-01 2.01295123e+00
  5.48851226e-01 2.10470116e-01 1.87898306e+00 1.49252348e-01
  1.54221264e-01 1.30530976e-01 1.23742932e+00 6.57096454e+00
  3.15224954e+02 2.03093079e+01 1.20724467e-01 1.27358106e-01
  1.58596180e+00 2.08939101e-01 7.77737234e-01 3.77445437e-01
  2.07673845e+00 8.54402685e+00 3.31119801e-02 1.15304464e+00
  5.28470420e+00 1.49619431e-01 8.78986317e-01 2.23942124e-01]
 [2.43608639e+06 1.60131302e+00 3.80728808e-01 3.52780735e-01
  1.35972430e+00 2.61203108e+01 2.17447553e-01 2.72626932e-01
  4.40448394e+00 8.42461701e+02 1.25441177e+01 3.82372510e-01
  1.83821098e+02 6.39448299e-01 3.93872583e-01 7.31824124e-01
  4.76480356e+00 6.69429133e-01 3.02143407e+00 6.40228820e-01
  2.25406511e+01 2.49983914e-01 1.12161511e+00 1.36961769e+00
  2.91771110e+00 1.84151036e+00 1.88939782e+01 5.20870583e+00
  2.15338760e+00 1.06564228e+01 1.30492682e+00 5.11162717e-01
  2.10329662e+00 3.10628159e+00 1.63681572e+00 1.76434097e+00
  1.15355809e+04 2.88435700e-01 1.11949448e+00 1.48097711e+00
  2.20060633e+02 2.99515373e-01 3.90804896e-01 1.50832996e+00
  1.67424728e-01 5.85365221e+00 4.77861881e+01 8.57920705e-01
  3.75586820e+00 1.35761519e+01 3.14526819e+00 7.33791393e-01
  7.81055458e-01 1.69982748e+00 2.82326828e-01 1.63355286e+01
  2.84223269e-01 1.40432141e+00 1.34268282e+01 2.29441735e-01
  1.00479882e+00 3.03956694e-01 1.86228019e-01 2.90424080e+00]
 [4.55137538e+00 2.19611726e-01 5.33476267e-01 2.31471174e+00
  3.33955441e-01 4.72664346e-01 2.06168877e+00 5.02416495e-01
  7.16969402e-01 1.47422639e+00 2.88721519e-01 2.97469624e+01
  5.23665641e+00 9.54551928e-02 4.47822768e-01 3.10102639e+00
  3.14861180e+00 3.09931066e-01 4.19295687e-01 7.39978032e+00
  1.72312362e-01 3.66938411e+00 1.09984562e+00 3.33890885e+01
  2.22375511e+03 9.42848164e-01 5.80135713e-01 4.60397526e+00
  1.70163011e+01 2.29748906e-01 1.06071090e+00 1.65982472e+00
  1.84718128e+00 5.01933285e-01 2.08951266e-01 8.08211056e-01
  3.99842337e+00 1.68603097e+03 8.94473422e-01 6.03083918e+00
  3.00725778e-01 1.50124055e+00 1.78418601e+00 2.30026066e+00
  1.28870165e-01 8.35879532e+01 1.27658112e+00 9.10886101e-02
  6.93514847e+00 2.42046906e+01 1.43628676e-01 5.83027034e+01
  1.58401518e+00 1.75613536e-01 1.59161845e+00 2.52147802e+00
  6.06908298e-02 1.58188156e+01 6.04159569e+00 1.17414093e-01
  1.60461637e+02 3.03942904e-01 1.80388802e+00 8.66429036e-01]
 [5.77696660e-01 3.37314811e+00 1.56171724e-01 8.79627660e+01
  1.38718989e+00 1.70264034e-01 2.10953024e-01 1.56551835e+00
  2.08663429e+01 2.86676244e+00 6.85032072e+03 2.71438970e+00
  6.26947600e-01 5.06671436e+00 6.94792874e+00 2.33967695e+00
  9.30974628e+00 2.21559683e-01 2.30911771e+00 4.97395881e-01
  1.93388541e-01 2.89871291e-01 5.05040151e-01 1.05444762e+02
  8.73107037e+01 1.12999665e-01 3.19985773e+00 5.37995811e+01
  3.80073441e-01 2.62288880e+00 1.15476566e-01 2.07588459e+00
  2.14671429e-01 8.08757482e-01 9.73456738e-01 4.62889951e+00
  1.39610311e-01 6.31601707e-01 3.70386322e-01 1.72905550e+01
  7.70865479e-01 8.83106779e-01 2.48131301e+00 1.54926037e-01
  2.76669427e-01 1.54394579e+01 2.69561707e+00 3.26843235e+01
  3.09539998e-01 3.66577983e-01 1.80763535e+01 2.02263602e-01
  5.98770283e-01 5.36098334e+02 1.04828744e+00 3.45026450e-01
  5.38898822e+00 7.76879622e-01 7.23981927e-01 3.19319853e+01
  2.32182625e+00 4.57433195e-01 1.27177771e+00 1.00639845e-01]
 [1.67952487e+00 1.47366880e-01 6.16575257e-01 1.40119153e-01
  5.76748563e-01 3.94753912e+00 1.42738992e+01 2.32630120e+01
  1.07509528e+00 6.63635278e-01 3.82708246e-01 7.19589766e-01
  1.47860749e+01 1.28016207e+00 1.31374130e-01 1.01593664e-01
  9.49535968e-01 3.01981979e+01 2.74745283e-01 4.55434987e-01
  3.63713114e+00 6.92671766e+00 1.01665671e+00 4.72170759e+00
  2.43704495e+00 2.20749192e+00 2.51178553e+00 1.61854989e+01
  2.68611067e-01 4.18265417e-01 3.65241291e-01 3.93171462e-01
  8.36809096e-01 1.95122460e-01 3.29693802e+00 2.19735843e+00
  5.36777395e-01 2.39004958e-01 1.17030613e-01 5.81796722e+00
  1.06597327e+00 2.02448258e+00 1.81284784e-01 1.87271587e-01
  1.99796856e-01 2.99812205e-01 2.49010303e+00 4.24997061e+01
  2.75633811e+00 5.12297975e+03 9.03636338e+02 1.04734247e+00
  2.30604993e+00 2.15332605e-01 1.33535908e+01 2.42230700e-01
  1.54712220e-01 6.64457832e+00 3.95804179e+00 7.63873783e-01
  7.53708985e+00 2.72574089e+02 1.09572456e+00 8.14942517e-01]
 [9.71432782e-01 3.36807908e-01 5.35399605e+00 3.82632144e+00
  5.86712762e+00 1.48031261e-01 8.23339905e-01 4.64009338e-01
  4.43479668e+03 7.24619867e-01 2.62762722e+02 7.45598105e-01
  6.41150860e-02 1.71964290e+00 1.67191920e+00 1.95265833e+00
  2.97148193e+01 7.09364337e+00 7.18765171e-01 2.90255799e-01
  3.04401721e-01 1.00989677e-01 1.11689650e-01 2.96307237e-01
  7.94077942e-02 1.15358272e+01 9.55834624e+01 2.18366265e+00
  1.26318932e+00 4.56463833e+01 1.29554913e+01 9.12396660e-01
  1.51196094e+03 7.12841895e-01 1.98234802e+00 3.55205631e+00
  2.65193973e+00 1.95160316e+02 5.47278539e-01 1.63114570e+00
  3.69980957e-01 8.42849901e-01 7.37278634e-01 4.87369075e+03
  6.95630324e-01 2.58238179e-01 5.51542806e+00 3.71615493e+00
  1.43382036e+01 1.96947670e+01 6.30841720e-01 1.88210408e-01
  1.22228427e+00 1.53300372e+00 9.28266308e-01 2.35415879e+00
  2.75409744e-01 5.05187563e+00 1.66534990e+01 8.44498998e-01
  3.86460054e-01 1.27303702e+01 4.88364346e+01 9.63079480e-02]
 [3.79153317e+03 3.35191290e+01 1.02709128e-01 7.14030365e+00
  8.11986337e-01 1.87448668e+00 1.14288168e+00 7.58590389e-01
  1.37495414e-01 1.48551959e+02 3.95585856e+00 2.07455452e+00
  2.44623607e-01 1.71392492e-01 4.70199250e+01 5.22672137e+00
  2.12652811e+00 2.49786596e+00 1.74874396e+01 5.46961513e-01
  1.56056627e-01 2.49026983e+00 1.47044148e+01 2.86814479e+00
  5.31103754e-01 3.19454599e-01 5.96968252e-01 1.24575995e+00
  2.83704118e-01 1.90198909e+00 2.97024614e+01 1.65504914e-01
  5.29056888e+02 6.29698632e-01 1.24833307e+00 6.73245248e+04
  2.48536037e+01 7.35097146e-01 6.54576216e-01 1.71744591e+00
  9.82981107e-01 5.17712938e-01 8.00439203e-02 4.37567014e-01
  4.50441273e-01 5.37011741e-01 8.70133413e-01 3.00066536e+02
  4.26306152e-01 1.05102637e+00 1.47024603e+00 5.71199573e-01
  7.27093916e-02 4.26937697e+00 6.58877891e-01 1.34063167e-01
  3.07810308e+00 7.52030690e-01 2.36679020e+00 1.90507088e-01
  4.78508168e+00 3.31328163e+00 1.71892131e+00 1.83559716e-01]]
