1
50
2023-11-14 19:44:19
100
2023-11-14 19:46:51
elapsed:  302.6  seconds
150
2023-11-14 19:49:26
200
2023-11-14 19:51:54
elapsed:  605.6  seconds
250
2023-11-14 19:54:25
300
2023-11-14 19:56:53
elapsed:  905.4  seconds
350
2023-11-14 19:59:25
400
2023-11-14 20:01:52
elapsed:  1203.8  seconds
450
2023-11-14 20:04:28
500
2023-11-14 20:06:58
elapsed:  1509.8  seconds
550
2023-11-14 20:09:35
600
2023-11-14 20:12:09
elapsed:  1820.5  seconds
650
2023-11-14 20:14:44
700
2023-11-14 20:17:18
elapsed:  2129.9  seconds
750
2023-11-14 20:19:55
800
2023-11-14 20:22:31
elapsed:  2443.1  seconds
850
2023-11-14 20:25:12
900
2023-11-14 20:27:54
elapsed:  2765.7  seconds
950
2023-11-14 20:30:33
1000
2023-11-14 20:33:10
elapsed:  3081.9  seconds
1050
2023-11-14 20:35:48
1100
2023-11-14 20:38:26
elapsed:  3397.9  seconds
1150
2023-11-14 20:41:05
1200
2023-11-14 20:43:41
elapsed:  3713.2  seconds
1250
2023-11-14 20:46:23
1300
2023-11-14 20:49:03
elapsed:  4034.8  seconds
1350
2023-11-14 20:51:44
1400
2023-11-14 20:54:21
elapsed:  4353.3  seconds
1450
2023-11-14 20:57:01
1500
2023-11-14 20:59:36
elapsed:  4668.1  seconds
1550
2023-11-14 21:02:15
1600
2023-11-14 21:04:52
elapsed:  4983.7  seconds
1650
2023-11-14 21:07:30
1700
2023-11-14 21:10:06
elapsed:  5298.1  seconds
1750
2023-11-14 21:12:44
1800
2023-11-14 21:15:22
elapsed:  5614.0  seconds
1850
2023-11-14 21:18:04
1900
2023-11-14 21:20:42
elapsed:  5934.4  seconds
1950
2023-11-14 21:23:25
2000
2023-11-14 21:26:05
elapsed:  6257.0  seconds
2050
2023-11-14 21:28:46
2100
2023-11-14 21:31:20
elapsed:  6571.8  seconds
2150
2023-11-14 21:33:54
2200
2023-11-14 21:36:30
elapsed:  6881.8  seconds
2250
2023-11-14 21:39:05
2300
2023-11-14 21:41:40
elapsed:  7192.1  seconds
2350
2023-11-14 21:44:17
2400
2023-11-14 21:46:55
elapsed:  7506.6  seconds
2450
2023-11-14 21:49:35
2500
2023-11-14 21:52:13
elapsed:  7825.3  seconds
2550
2023-11-14 21:54:52
2600
2023-11-14 21:57:30
elapsed:  8142.2  seconds
2650
2023-11-14 22:00:06
2700
2023-11-14 22:02:41
elapsed:  8453.3  seconds
2750
2023-11-14 22:05:21
2800
2023-11-14 22:07:59
elapsed:  8770.9  seconds
2850
2023-11-14 22:10:39
2900
2023-11-14 22:13:17
elapsed:  9088.5  seconds
2950
2023-11-14 22:15:55
3000
2023-11-14 22:18:31
elapsed:  9402.7  seconds
3050
2023-11-14 22:21:08
3100
2023-11-14 22:23:45
elapsed:  9716.7  seconds
3150
2023-11-14 22:26:23
3200
2023-11-14 22:29:01
elapsed:  10032.6  seconds
3250
2023-11-14 22:31:39
3300
2023-11-14 22:34:16
elapsed:  10347.8  seconds
3350
2023-11-14 22:36:55
3400
2023-11-14 22:39:34
elapsed:  10665.5  seconds
/projects/muyang@colostate.edu/software/anaconda/envs/testenv/lib/python3.11/site-packages/numpy/lib/function_base.py:2455: RuntimeWarning: divide by zero encountered in func (vectorized)
  outputs = ufunc(*inputs)
/projects/muyang@colostate.edu/software/anaconda/envs/testenv/lib/python3.11/site-packages/numpy/lib/function_base.py:2455: RuntimeWarning: invalid value encountered in func (vectorized)
  outputs = ufunc(*inputs)
3450
2023-11-14 22:42:13
3500
2023-11-14 22:44:51
elapsed:  10983.3  seconds
3550
2023-11-14 22:47:31
3600
2023-11-14 22:50:07
elapsed:  11299.4  seconds
3650
2023-11-14 22:52:45
3700
2023-11-14 22:55:24
elapsed:  11616.0  seconds
3750
2023-11-14 22:58:05
3800
2023-11-14 23:00:44
elapsed:  11935.6  seconds
3850
2023-11-14 23:03:28
3900
2023-11-14 23:06:08
elapsed:  12259.9  seconds
3950
2023-11-14 23:08:55
/projects/muyang@colostate.edu/software/anaconda/envs/testenv/lib/python3.11/site-packages/numpy/lib/function_base.py:2455: RuntimeWarning: divide by zero encountered in func (vectorized)
  outputs = ufunc(*inputs)
/projects/muyang@colostate.edu/software/anaconda/envs/testenv/lib/python3.11/site-packages/numpy/lib/function_base.py:2455: RuntimeWarning: invalid value encountered in func (vectorized)
  outputs = ufunc(*inputs)
4000
2023-11-14 23:11:32
elapsed:  12583.9  seconds
4050
2023-11-14 23:14:12
4100
2023-11-14 23:16:51
elapsed:  12902.9  seconds
4150
2023-11-14 23:19:31
4200
2023-11-14 23:22:07
elapsed:  13219.2  seconds
4250
2023-11-14 23:24:46
4300
2023-11-14 23:27:24
elapsed:  13536.2  seconds
4350
2023-11-14 23:30:02
4400
2023-11-14 23:32:35
elapsed:  13846.6  seconds
4450
2023-11-14 23:35:10
4500
2023-11-14 23:37:48
elapsed:  14159.8  seconds
4550
2023-11-14 23:40:28
4600
2023-11-14 23:43:03
elapsed:  14475.1  seconds
4650
2023-11-14 23:45:43
4700
2023-11-14 23:48:26
elapsed:  14797.7  seconds
4750
2023-11-14 23:51:07
4800
2023-11-14 23:53:46
elapsed:  15117.5  seconds
4850
2023-11-14 23:56:22
4900
2023-11-14 23:58:54
elapsed:  15425.9  seconds
4950
2023-11-15 00:01:27
elapsed:  15727.6  seconds
total time:  15732.8  seconds
true R:  [[8.63811363e-02 2.50526445e-01 3.39752695e-01 1.15531525e-01
  1.16181637e+02 2.02262642e-01 4.31155337e+00 3.66553564e-01
  4.36416474e-01 7.78144043e+00 2.17431450e+00 5.97059120e-01
  7.86974171e+01 4.08842618e-01 3.36782774e+00 4.36994858e-01
  4.78688191e-01 6.40589119e-01 2.33015240e+00 2.33472379e-01
  1.14442443e+00 2.01526577e+00 4.04939881e-01 1.69161823e-01
  5.66854478e-01 4.10586435e+01 2.11352961e+00 8.15138852e+00
  3.27818444e+01 3.79816515e+00 5.58959338e-01 2.10286041e+01
  1.61959666e+00 2.00125594e-01 2.76719448e-01 5.49712420e+01
  5.13880396e-01 4.77841555e-01 5.70685531e-01 1.48934755e-01
  6.50388720e-01 3.35957344e+00 5.33916877e+00 6.61410200e-01
  3.53188514e-01 3.09649646e-01 1.32952032e+00 2.70734569e-01
  3.93812455e+00 9.78207812e-01 1.50465924e+00 6.04687360e+00
  1.32067097e-01 1.94152359e+00 2.94020136e+00 1.15256773e+00
  1.26441537e+00 6.82620645e-01 4.23874248e+00 7.37877618e-01
  2.26530034e-01 2.05198947e+02 5.91206827e-01 5.55449295e+00]
 [2.66958399e+00 4.39477632e-01 8.36393568e+00 6.75304699e-01
  7.45183914e+00 3.48639235e-01 1.50095600e+03 1.68069575e+00
  1.88256504e+00 4.46819705e+01 1.84845342e-01 5.91209812e+00
  3.56494607e+00 4.93806852e+00 8.83553188e-02 2.21543184e+00
  3.28029977e+00 2.61321192e+02 3.63681139e+00 1.65199921e+00
  4.48675957e-01 7.38211445e-01 2.14503697e-01 2.13499196e+00
  6.16977051e-01 1.75893692e-01 4.40971540e-01 1.07181822e+00
  1.27357328e+00 1.25476400e+01 5.07625622e-01 6.81673356e-01
  2.35522205e+01 4.80080692e+02 3.02980767e-01 3.18212518e-01
  1.40588204e+01 1.98827273e+01 3.54747530e+00 6.06528561e-01
  4.63807094e+00 8.36323157e-01 1.74099645e-01 9.63754237e+02
  1.30849040e-01 1.15095136e+02 6.84276329e-01 1.71154439e+00
  1.80277863e+00 2.01513767e-01 3.47486361e+01 1.08808645e+00
  2.51725418e-01 2.36336982e-01 7.16403740e+00 2.37328002e-01
  1.34174285e+02 1.73563539e-01 2.65495877e-01 8.88862793e-01
  6.59823337e-01 7.01505102e-01 1.28040837e+00 1.04367954e+01]
 [8.96236956e-02 8.19258036e-01 1.74421765e+01 2.86031363e-01
  4.07209837e+00 2.24418582e+00 1.71034553e+01 4.16085939e-01
  3.97721566e-01 6.73263640e-01 6.77111162e+01 5.18693575e+00
  6.51059083e-01 2.09992229e+00 2.94102179e+00 5.63447232e-01
  3.46431440e+02 3.62853864e+00 1.45390573e-01 9.45418223e-01
  7.52221017e+00 1.04834709e+00 2.09078012e+00 2.36038352e+00
  1.63238407e+00 6.16612577e-01 6.36780767e-01 3.80493277e-02
  3.55342839e+00 1.27092683e+00 1.58812746e-01 4.38412860e-01
  2.66621609e+00 4.32562525e-01 2.29479718e+05 9.64375296e-02
  4.98798544e+02 2.27376690e+00 2.46656607e+00 9.99867232e-01
  8.15747578e+00 1.72234082e-01 4.31653577e-01 4.46720711e+00
  4.34787257e+00 8.01673505e-01 1.66584536e+01 8.68911517e-01
  9.08803020e+00 3.27000350e-01 7.29859690e-01 1.13702622e+00
  8.77551327e+00 7.76391295e-01 1.74646000e-01 1.44874645e+02
  5.60723944e-01 6.43278883e+00 2.67717457e+02 4.77007780e-01
  6.86107855e+00 1.59500644e+00 5.15419667e+00 1.39892360e+00]
 [6.64798362e+00 1.11060254e+00 5.86567779e+00 1.59241575e-01
  2.35251857e+01 5.77472023e-01 6.64670199e+02 9.95935010e+00
  1.96950069e-01 1.54096639e+00 3.15511395e+01 1.70198330e-01
  4.31764035e-01 1.51425944e+00 6.10563449e-01 1.48673718e+00
  5.06538190e-01 2.64021119e-01 2.22432225e-01 8.34424576e-01
  2.80794769e-01 6.50437515e-01 1.10310025e+01 1.23502277e+01
  1.65090695e+00 6.09181677e-01 8.68444248e-01 5.82437863e+00
  8.87569826e-01 1.62076876e+01 1.60979766e+00 1.24668972e+00
  1.64753848e-01 3.04100946e-01 1.08612281e+00 1.59870924e+00
  1.08202191e-01 2.62504632e-01 3.62103201e+00 3.72363193e-01
  1.54344543e+01 6.98949118e-01 1.27911303e+00 1.08034027e+00
  8.27955509e+00 5.78142274e-01 2.94262645e-01 1.55207366e+01
  8.13702154e+00 2.45856244e-01 4.80386555e-01 2.87158131e+00
  1.91357268e-01 1.11268311e+01 1.64452973e-01 1.06129812e+01
  3.13200099e-01 2.30784269e+01 1.08423112e+01 5.30418124e-01
  7.63386865e+01 1.32438239e+02 2.40686466e-01 4.60287756e-01]
 [6.74047662e-01 1.20600177e+00 2.49208747e-01 1.77436907e+00
  8.17073619e-01 1.16992136e+01 1.16948767e+01 2.79326490e+01
  4.20332754e+00 6.20800918e+00 1.44756276e+01 9.53122045e+00
  4.14002685e-01 7.87323847e+00 3.93474800e-01 4.80065131e-01
  2.66137408e-01 4.63796667e-01 2.84629887e-01 3.53719522e+00
  1.51200296e-01 3.71285746e+01 6.29361773e-01 7.62166735e-02
  6.84448321e+01 3.04421587e+00 1.92850633e-01 2.06162653e+00
  8.61045151e-01 2.64968172e-01 5.66789820e+01 4.33892050e+00
  6.22653488e-02 1.18043113e+00 2.55240850e-01 4.77719162e+00
  5.42308856e-01 7.57765533e+00 3.85645465e-01 1.90318957e-01
  3.29383055e-01 1.21922091e+00 5.12803357e-01 1.23084640e+00
  2.51664755e-01 2.05741659e+01 2.51313955e-01 4.20343563e-01
  2.12796648e+00 6.96918426e+00 5.00805557e-01 2.01859560e+00
  8.38433665e-01 2.20851830e-01 4.66212735e+00 4.85559168e+00
  9.66063483e-01 6.89760954e-02 3.60989667e-01 4.19571631e-01
  1.37902706e-01 1.82071069e+00 1.92985168e+00 9.80938255e+00]
 [9.75096999e+00 4.66985647e+01 2.22253463e-01 4.84018512e-01
  1.58191056e-01 1.00946800e+00 2.31747880e+01 1.55108130e+00
  1.05287344e+01 5.07180332e-01 1.47643220e+00 8.60177053e-01
  1.94290681e+01 2.50847891e+00 4.18968285e-01 2.61536153e-01
  3.74503184e+01 1.18642137e+01 2.83801029e+01 8.84932228e-02
  7.48264305e+01 6.40387636e-01 2.61949197e-01 1.73737830e-01
  1.16946868e+00 6.86877193e-01 2.01175848e-01 4.68449262e-01
  4.80084851e-01 1.62087206e+00 1.39348503e+00 1.41288258e-01
  2.23746212e-01 9.36723460e-01 4.43955270e+00 1.21987668e+01
  3.48727629e+02 1.49641561e+01 2.10075122e-01 2.23406314e+00
  2.43572447e+03 2.84702442e-01 5.95986897e-01 4.06744684e-01
  2.42809534e-01 2.75500768e-01 1.48079650e+01 1.22631695e+01
  6.36846555e+00 3.00501962e-01 2.22883036e+00 4.10258438e-01
  4.57473928e-01 9.66080349e-01 3.44699671e-01 5.15915104e+01
  1.96882402e+00 8.67904537e-01 1.56032791e-01 2.06330940e+00
  4.95318986e-01 4.20877872e-01 6.43404005e-01 2.90741578e-01]
 [1.53429852e+00 4.44542256e-01 9.77363008e-01 5.37432891e-01
  3.98301287e-01 3.77532928e-01 3.76558750e+00 3.18709014e-01
  2.97479394e-01 3.87096104e+01 2.03780764e-01 7.73653282e-01
  2.64720883e-01 4.23243432e-01 1.59770760e+00 2.46638636e-01
  3.54596074e+02 2.64017240e+00 9.73822779e+00 5.37081374e+00
  1.01045044e+01 5.85640205e+00 5.77527992e-01 1.62452451e-01
  3.70913801e+01 8.00215938e-01 6.26035669e+01 2.07489398e+00
  3.89264626e+01 1.89195487e-01 1.73312209e+02 1.28073974e+00
  4.07363798e+01 3.35982481e-01 3.68805533e-01 8.35634473e-01
  1.20013120e+01 4.13220098e-01 7.62540701e-01 3.68102486e+00
  4.33488601e-01 7.79416261e-01 9.28880987e-01 4.57972147e-01
  2.45256304e+00 1.60731623e-01 1.94950609e+02 1.11459314e+01
  5.24054340e-01 3.73488370e-01 5.98233116e+00 2.00006011e+02
  4.17552813e-01 1.40447791e+00 1.72071138e+01 5.94891851e-01
  4.24000270e+00 8.67614377e-01 4.81461502e-01 1.75100725e-01
  4.87013335e-01 1.62675557e-01 6.33369605e-01 3.29512798e-01]
 [1.54918454e+00 1.14177592e+01 1.24651658e+02 2.86570873e-01
  6.14837419e-01 4.43779096e-01 1.08752515e+00 7.49044266e+00
  1.27909713e-01 6.24906264e-01 1.04470169e+00 2.03997598e+00
  2.03019007e+00 1.90140306e-01 1.59183898e-01 8.03891040e+00
  3.01369974e+01 3.23517660e-01 1.95177109e-01 7.92943239e-01
  1.18949686e+00 6.46449125e-02 8.66748518e-01 1.24531885e-01
  2.89233588e+00 4.93730101e+02 3.27854215e+01 3.14354692e-01
  6.54573230e-02 3.14440523e-01 7.00763918e-01 3.28412720e+01
  3.87627861e+01 1.68597486e-01 3.93036820e-01 7.58371101e+00
  1.14370079e+01 1.88203699e+00 2.72204533e+00 1.48224117e-01
  5.44167390e-01 1.04807622e+00 1.73780984e+01 4.10517008e+00
  4.25171375e-01 1.31260644e+02 2.82376734e-01 1.29528503e-01
  2.31017603e+02 6.86302260e-01 2.08455932e+01 5.35985289e-01
  7.09366985e-01 6.63052426e-01 2.55499104e-01 4.74953978e+00
  1.01888808e+00 7.83392291e+00 1.18734964e+01 1.57486251e+01
  1.21178703e+00 2.32273080e-01 1.48645470e-01 1.82098099e-01]
 [7.26519753e-01 1.22044977e+00 1.28074975e+00 2.45941961e-01
  1.54474574e+00 8.87873057e+00 3.27759202e+00 7.63430583e-01
  1.37809865e+02 1.42916180e-01 5.33598116e-01 4.89955170e-01
  2.43474251e-01 2.26778058e+01 4.48358776e-01 2.08138259e-01
  7.23942962e+00 1.44488052e+00 9.81557482e-01 2.79015881e+02
  5.17431548e-01 1.17829241e-01 1.16171857e+00 5.30825701e+00
  4.56506908e+00 5.85552639e+03 1.40580500e+00 3.48026437e-01
  7.18474395e-01 1.46373567e+00 2.74685504e-01 8.52355717e-01
  1.73030698e-01 3.74385064e-01 1.03501186e+00 1.20331825e+02
  4.15947062e-01 5.01359447e-01 4.12290455e-01 4.92334547e-01
  2.61022918e+02 3.66740034e+01 1.22024940e+00 2.11093231e+00
  2.50524979e-01 2.44460288e+00 3.31187896e-01 1.20750682e+00
  3.36516372e-01 6.32370372e-01 2.24880205e+01 3.23300526e+01
  1.43198304e+00 1.07315229e+00 4.33822341e-01 7.59029417e-02
  3.07058136e+00 2.01919945e+00 3.10298512e-01 7.44568471e-01
  7.32418496e+00 1.23356149e-01 9.66950844e-01 3.62684450e-01]]
