1
50
2023-11-03 23:56:19
100
2023-11-03 23:57:52
elapsed:  196.9  seconds
150
2023-11-03 23:59:20
200
2023-11-04 00:01:06
elapsed:  390.1  seconds
250
2023-11-04 00:02:44
300
2023-11-04 00:04:12
elapsed:  576.3  seconds
350
2023-11-04 00:06:00
400
2023-11-04 00:08:01
elapsed:  805.3  seconds
450
2023-11-04 00:09:53
500
2023-11-04 00:11:45
elapsed:  1029.2  seconds
550
2023-11-04 00:13:29
/projects/muyang@colostate.edu/software/anaconda/envs/testenv/lib/python3.11/site-packages/numpy/lib/function_base.py:2455: RuntimeWarning: divide by zero encountered in func (vectorized)
  outputs = ufunc(*inputs)
/projects/muyang@colostate.edu/software/anaconda/envs/testenv/lib/python3.11/site-packages/numpy/lib/function_base.py:2455: RuntimeWarning: invalid value encountered in func (vectorized)
  outputs = ufunc(*inputs)
600
2023-11-04 00:14:48
elapsed:  1212.9  seconds
650
2023-11-04 00:16:29
700
2023-11-04 00:17:56
elapsed:  1400.3  seconds
750
2023-11-04 00:19:30
800
2023-11-04 00:21:31
elapsed:  1615.4  seconds
850
2023-11-04 00:23:21
900
2023-11-04 00:24:59
elapsed:  1823.7  seconds
950
2023-11-04 00:26:56
1000
2023-11-04 00:28:49
elapsed:  2053.8  seconds
1050
2023-11-04 00:30:57
1100
2023-11-04 00:33:00
elapsed:  2304.2  seconds
1150
2023-11-04 00:35:06
1200
2023-11-04 00:37:18
elapsed:  2562.6  seconds
1250
2023-11-04 00:39:15
1300
2023-11-04 00:40:58
elapsed:  2782.7  seconds
1350
2023-11-04 00:43:14
1400
2023-11-04 00:45:17
elapsed:  3041.8  seconds
/projects/muyang@colostate.edu/software/anaconda/envs/testenv/lib/python3.11/site-packages/numpy/lib/function_base.py:2455: RuntimeWarning: divide by zero encountered in func (vectorized)
  outputs = ufunc(*inputs)
/projects/muyang@colostate.edu/software/anaconda/envs/testenv/lib/python3.11/site-packages/numpy/lib/function_base.py:2455: RuntimeWarning: invalid value encountered in func (vectorized)
  outputs = ufunc(*inputs)
/projects/muyang@colostate.edu/software/anaconda/envs/testenv/lib/python3.11/site-packages/numpy/lib/function_base.py:2455: RuntimeWarning: divide by zero encountered in func (vectorized)
  outputs = ufunc(*inputs)
/projects/muyang@colostate.edu/software/anaconda/envs/testenv/lib/python3.11/site-packages/numpy/lib/function_base.py:2455: RuntimeWarning: invalid value encountered in func (vectorized)
  outputs = ufunc(*inputs)
1450
2023-11-04 00:47:26
1500
2023-11-04 00:49:43
elapsed:  3307.3  seconds
1550
2023-11-04 00:51:48
1600
2023-11-04 00:53:48
elapsed:  3552.0  seconds
1650
2023-11-04 00:55:42
1700
2023-11-04 00:57:32
elapsed:  3776.8  seconds
1750
2023-11-04 00:59:46
1800
2023-11-04 01:01:55
elapsed:  4039.9  seconds
1850
2023-11-04 01:03:50
1900
2023-11-04 01:05:40
elapsed:  4264.2  seconds
1950
2023-11-04 01:07:43
2000
2023-11-04 01:09:44
elapsed:  4508.7  seconds
2050
2023-11-04 01:11:50
2100
2023-11-04 01:13:39
elapsed:  4743.4  seconds
2150
2023-11-04 01:15:25
2200
2023-11-04 01:17:28
elapsed:  4972.0  seconds
2250
2023-11-04 01:19:25
2300
2023-11-04 01:21:05
elapsed:  5189.4  seconds
2350
2023-11-04 01:22:40
2400
2023-11-04 01:24:41
elapsed:  5405.4  seconds
2450
2023-11-04 01:26:45
2500
2023-11-04 01:28:02
elapsed:  5606.6  seconds
2550
2023-11-04 01:29:35
2600
2023-11-04 01:31:38
elapsed:  5822.1  seconds
2650
2023-11-04 01:33:36
2700
2023-11-04 01:35:37
elapsed:  6061.9  seconds
2750
2023-11-04 01:37:36
2800
2023-11-04 01:39:51
elapsed:  6315.6  seconds
2850
2023-11-04 01:41:45
2900
2023-11-04 01:43:47
elapsed:  6551.0  seconds
2950
2023-11-04 01:45:46
3000
2023-11-04 01:47:41
elapsed:  6785.6  seconds
/projects/muyang@colostate.edu/software/anaconda/envs/testenv/lib/python3.11/site-packages/numpy/lib/function_base.py:2455: RuntimeWarning: divide by zero encountered in func (vectorized)
  outputs = ufunc(*inputs)
/projects/muyang@colostate.edu/software/anaconda/envs/testenv/lib/python3.11/site-packages/numpy/lib/function_base.py:2455: RuntimeWarning: invalid value encountered in func (vectorized)
  outputs = ufunc(*inputs)
3050
2023-11-04 01:49:38
3100
2023-11-04 01:51:28
elapsed:  7012.2  seconds
3150
2023-11-04 01:53:22
3200
2023-11-04 01:54:58
elapsed:  7222.1  seconds
3250
2023-11-04 01:56:42
3300
2023-11-04 01:58:44
elapsed:  7448.8  seconds
3350
2023-11-04 02:00:51
/projects/muyang@colostate.edu/software/anaconda/envs/testenv/lib/python3.11/site-packages/numpy/lib/function_base.py:2455: RuntimeWarning: divide by zero encountered in func (vectorized)
  outputs = ufunc(*inputs)
/projects/muyang@colostate.edu/software/anaconda/envs/testenv/lib/python3.11/site-packages/numpy/lib/function_base.py:2455: RuntimeWarning: invalid value encountered in func (vectorized)
  outputs = ufunc(*inputs)
3400
2023-11-04 02:02:49
elapsed:  7693.2  seconds
3450
2023-11-04 02:05:00
3500
2023-11-04 02:06:48
elapsed:  7932.7  seconds
3550
2023-11-04 02:08:41
3600
2023-11-04 02:10:27
elapsed:  8151.4  seconds
/projects/muyang@colostate.edu/software/anaconda/envs/testenv/lib/python3.11/site-packages/numpy/lib/function_base.py:2455: RuntimeWarning: divide by zero encountered in func (vectorized)
  outputs = ufunc(*inputs)
/projects/muyang@colostate.edu/software/anaconda/envs/testenv/lib/python3.11/site-packages/numpy/lib/function_base.py:2455: RuntimeWarning: invalid value encountered in func (vectorized)
  outputs = ufunc(*inputs)
3650
2023-11-04 02:12:33
3700
2023-11-04 02:14:50
elapsed:  8414.1  seconds
3750
2023-11-04 02:16:36
3800
2023-11-04 02:18:26
elapsed:  8630.1  seconds
3850
2023-11-04 02:20:24
3900
2023-11-04 02:22:14
elapsed:  8858.7  seconds
3950
2023-11-04 02:23:38
4000
2023-11-04 02:25:12
elapsed:  9036.4  seconds
4050
2023-11-04 02:27:22
/projects/muyang@colostate.edu/software/anaconda/envs/testenv/lib/python3.11/site-packages/numpy/lib/function_base.py:2455: RuntimeWarning: divide by zero encountered in func (vectorized)
  outputs = ufunc(*inputs)
/projects/muyang@colostate.edu/software/anaconda/envs/testenv/lib/python3.11/site-packages/numpy/lib/function_base.py:2455: RuntimeWarning: invalid value encountered in func (vectorized)
  outputs = ufunc(*inputs)
4100
2023-11-04 02:29:31
elapsed:  9295.4  seconds
/projects/muyang@colostate.edu/software/anaconda/envs/testenv/lib/python3.11/site-packages/numpy/lib/function_base.py:2455: RuntimeWarning: divide by zero encountered in func (vectorized)
  outputs = ufunc(*inputs)
/projects/muyang@colostate.edu/software/anaconda/envs/testenv/lib/python3.11/site-packages/numpy/lib/function_base.py:2455: RuntimeWarning: invalid value encountered in func (vectorized)
  outputs = ufunc(*inputs)
4150
2023-11-04 02:31:47
4200
2023-11-04 02:34:06
elapsed:  9570.5  seconds
4250
2023-11-04 02:36:29
4300
2023-11-04 02:38:32
elapsed:  9836.1  seconds
4350
2023-11-04 02:40:15
4400
2023-11-04 02:42:38
elapsed:  10082.5  seconds
4450
2023-11-04 02:44:53
/projects/muyang@colostate.edu/software/anaconda/envs/testenv/lib/python3.11/site-packages/numpy/lib/function_base.py:2455: RuntimeWarning: divide by zero encountered in func (vectorized)
  outputs = ufunc(*inputs)
/projects/muyang@colostate.edu/software/anaconda/envs/testenv/lib/python3.11/site-packages/numpy/lib/function_base.py:2455: RuntimeWarning: invalid value encountered in func (vectorized)
  outputs = ufunc(*inputs)
4500
2023-11-04 02:46:54
elapsed:  10338.9  seconds
4550
2023-11-04 02:49:13
4600
2023-11-04 02:51:11
elapsed:  10595.6  seconds
4650
2023-11-04 02:53:23
4700
2023-11-04 02:55:43
elapsed:  10867.1  seconds
4750
2023-11-04 02:57:53
4800
2023-11-04 02:59:48
elapsed:  11112.0  seconds
4850
2023-11-04 03:01:42
4900
2023-11-04 03:03:18
elapsed:  11322.9  seconds
4950
2023-11-04 03:04:56
5000
2023-11-04 03:07:12
elapsed:  11556.6  seconds
5050
2023-11-04 03:09:40
5100
2023-11-04 03:12:04
elapsed:  11848.8  seconds
5150
2023-11-04 03:14:18
5200
2023-11-04 03:16:38
elapsed:  12122.5  seconds
5250
2023-11-04 03:19:04
/projects/muyang@colostate.edu/software/anaconda/envs/testenv/lib/python3.11/site-packages/numpy/lib/function_base.py:2455: RuntimeWarning: divide by zero encountered in func (vectorized)
  outputs = ufunc(*inputs)
/projects/muyang@colostate.edu/software/anaconda/envs/testenv/lib/python3.11/site-packages/numpy/lib/function_base.py:2455: RuntimeWarning: invalid value encountered in func (vectorized)
  outputs = ufunc(*inputs)
5300
2023-11-04 03:21:28
elapsed:  12412.5  seconds
5350
2023-11-04 03:23:53
5400
2023-11-04 03:26:07
elapsed:  12691.7  seconds
/projects/muyang@colostate.edu/software/anaconda/envs/testenv/lib/python3.11/site-packages/numpy/lib/function_base.py:2455: RuntimeWarning: divide by zero encountered in func (vectorized)
  outputs = ufunc(*inputs)
/projects/muyang@colostate.edu/software/anaconda/envs/testenv/lib/python3.11/site-packages/numpy/lib/function_base.py:2455: RuntimeWarning: invalid value encountered in func (vectorized)
  outputs = ufunc(*inputs)
5450
2023-11-04 03:28:32
5500
2023-11-04 03:30:48
elapsed:  12972.8  seconds
5550
2023-11-04 03:33:19
5600
2023-11-04 03:35:34
elapsed:  13258.8  seconds
/projects/muyang@colostate.edu/software/anaconda/envs/testenv/lib/python3.11/site-packages/numpy/lib/function_base.py:2455: RuntimeWarning: divide by zero encountered in func (vectorized)
  outputs = ufunc(*inputs)
/projects/muyang@colostate.edu/software/anaconda/envs/testenv/lib/python3.11/site-packages/numpy/lib/function_base.py:2455: RuntimeWarning: invalid value encountered in func (vectorized)
  outputs = ufunc(*inputs)
5650
2023-11-04 03:38:03
5700
2023-11-04 03:40:21
elapsed:  13545.0  seconds
5750
2023-11-04 03:42:38
5800
2023-11-04 03:44:42
elapsed:  13806.3  seconds
5850
2023-11-04 03:46:50
5900
2023-11-04 03:49:07
elapsed:  14071.1  seconds
5950
2023-11-04 03:51:23
/projects/muyang@colostate.edu/software/anaconda/envs/testenv/lib/python3.11/site-packages/numpy/lib/function_base.py:2455: RuntimeWarning: divide by zero encountered in func (vectorized)
  outputs = ufunc(*inputs)
/projects/muyang@colostate.edu/software/anaconda/envs/testenv/lib/python3.11/site-packages/numpy/lib/function_base.py:2455: RuntimeWarning: invalid value encountered in func (vectorized)
  outputs = ufunc(*inputs)
6000
2023-11-04 03:53:42
elapsed:  14346.7  seconds
6050
2023-11-04 03:55:47
6100
2023-11-04 03:57:56
elapsed:  14600.8  seconds
6150
2023-11-04 04:00:05
6200
2023-11-04 04:02:15
elapsed:  14859.2  seconds
6250
2023-11-04 04:04:31
6300
2023-11-04 04:06:47
elapsed:  15131.5  seconds
6350
2023-11-04 04:08:59
6400
2023-11-04 04:11:14
elapsed:  15398.7  seconds
6450
2023-11-04 04:13:33
6500
2023-11-04 04:15:40
elapsed:  15664.2  seconds
6550
2023-11-04 04:17:37
6600
2023-11-04 04:19:52
elapsed:  15916.4  seconds
6650
2023-11-04 04:22:09
6700
2023-11-04 04:24:28
elapsed:  16192.2  seconds
6750
2023-11-04 04:26:37
6800
2023-11-04 04:28:35
elapsed:  16439.9  seconds
6850
2023-11-04 04:30:58
6900
2023-11-04 04:32:38
elapsed:  16682.7  seconds
6950
2023-11-04 04:34:44
7000
2023-11-04 04:36:59
elapsed:  16943.1  seconds
7050
2023-11-04 04:39:18
/projects/muyang@colostate.edu/software/anaconda/envs/testenv/lib/python3.11/site-packages/numpy/lib/function_base.py:2455: RuntimeWarning: divide by zero encountered in func (vectorized)
  outputs = ufunc(*inputs)
/projects/muyang@colostate.edu/software/anaconda/envs/testenv/lib/python3.11/site-packages/numpy/lib/function_base.py:2455: RuntimeWarning: invalid value encountered in func (vectorized)
  outputs = ufunc(*inputs)
7100
2023-11-04 04:41:40
elapsed:  17224.1  seconds
/projects/muyang@colostate.edu/software/anaconda/envs/testenv/lib/python3.11/site-packages/numpy/lib/function_base.py:2455: RuntimeWarning: divide by zero encountered in func (vectorized)
  outputs = ufunc(*inputs)
/projects/muyang@colostate.edu/software/anaconda/envs/testenv/lib/python3.11/site-packages/numpy/lib/function_base.py:2455: RuntimeWarning: invalid value encountered in func (vectorized)
  outputs = ufunc(*inputs)
7150
2023-11-04 04:44:06
7200
2023-11-04 04:46:32
elapsed:  17516.0  seconds
7250
2023-11-04 04:48:39
7300
2023-11-04 04:50:52
elapsed:  17776.1  seconds
7350
2023-11-04 04:53:14
7400
2023-11-04 04:54:58
elapsed:  18022.9  seconds
7450
2023-11-04 04:57:03
7500
2023-11-04 04:59:19
elapsed:  18283.5  seconds
7550
2023-11-04 05:01:32
7600
2023-11-04 05:03:44
elapsed:  18548.3  seconds
7650
2023-11-04 05:05:43
7700
2023-11-04 05:08:00
elapsed:  18804.3  seconds
7750
2023-11-04 05:10:19
7800
2023-11-04 05:12:33
elapsed:  19077.7  seconds
7850
2023-11-04 05:14:46
7900
2023-11-04 05:17:01
elapsed:  19345.0  seconds
7950
2023-11-04 05:19:33
8000
2023-11-04 05:21:33
elapsed:  19617.0  seconds
8050
2023-11-04 05:24:01
8100
2023-11-04 05:26:27
elapsed:  19911.6  seconds
8150
2023-11-04 05:28:51
8200
2023-11-04 05:31:02
elapsed:  20186.9  seconds
8250
2023-11-04 05:33:14
8300
2023-11-04 05:35:29
elapsed:  20453.4  seconds
8350
2023-11-04 05:37:58
8400
2023-11-04 05:40:12
elapsed:  20736.8  seconds
8450
2023-11-04 05:42:44
8500
2023-11-04 05:45:05
elapsed:  21029.3  seconds
8550
2023-11-04 05:47:32
8600
2023-11-04 05:49:59
elapsed:  21323.2  seconds
8650
2023-11-04 05:52:21
8700
2023-11-04 05:54:37
elapsed:  21601.3  seconds
8750
2023-11-04 05:57:08
8800
2023-11-04 05:59:33
elapsed:  21897.9  seconds
8850
2023-11-04 06:01:51
8900
2023-11-04 06:04:00
elapsed:  22164.4  seconds
8950
2023-11-04 06:06:14
9000
2023-11-04 06:08:35
elapsed:  22439.4  seconds
9050
2023-11-04 06:10:42
9100
2023-11-04 06:12:53
elapsed:  22697.5  seconds
/projects/muyang@colostate.edu/software/anaconda/envs/testenv/lib/python3.11/site-packages/numpy/lib/function_base.py:2455: RuntimeWarning: divide by zero encountered in func (vectorized)
  outputs = ufunc(*inputs)
/projects/muyang@colostate.edu/software/anaconda/envs/testenv/lib/python3.11/site-packages/numpy/lib/function_base.py:2455: RuntimeWarning: invalid value encountered in func (vectorized)
  outputs = ufunc(*inputs)
9150
2023-11-04 06:15:13
9200
2023-11-04 06:17:22
elapsed:  22966.9  seconds
9250
2023-11-04 06:19:52
9300
2023-11-04 06:22:07
elapsed:  23251.1  seconds
9350
2023-11-04 06:24:28
/projects/muyang@colostate.edu/software/anaconda/envs/testenv/lib/python3.11/site-packages/numpy/lib/function_base.py:2455: RuntimeWarning: divide by zero encountered in func (vectorized)
  outputs = ufunc(*inputs)
/projects/muyang@colostate.edu/software/anaconda/envs/testenv/lib/python3.11/site-packages/numpy/lib/function_base.py:2455: RuntimeWarning: invalid value encountered in func (vectorized)
  outputs = ufunc(*inputs)
9400
2023-11-04 06:26:48
elapsed:  23532.3  seconds
9450
2023-11-04 06:28:59
9500
2023-11-04 06:31:17
elapsed:  23801.3  seconds
9550
2023-11-04 06:33:28
9600
2023-11-04 06:35:44
elapsed:  24068.7  seconds
9650
2023-11-04 06:38:12
9700
2023-11-04 06:40:24
elapsed:  24348.6  seconds
9750
2023-11-04 06:42:27
/projects/muyang@colostate.edu/software/anaconda/envs/testenv/lib/python3.11/site-packages/numpy/lib/function_base.py:2455: RuntimeWarning: divide by zero encountered in func (vectorized)
  outputs = ufunc(*inputs)
/projects/muyang@colostate.edu/software/anaconda/envs/testenv/lib/python3.11/site-packages/numpy/lib/function_base.py:2455: RuntimeWarning: invalid value encountered in func (vectorized)
  outputs = ufunc(*inputs)
9800
2023-11-04 06:44:53
elapsed:  24617.4  seconds
9850
2023-11-04 06:47:12
9900
2023-11-04 06:49:29
elapsed:  24893.4  seconds
9950
2023-11-04 06:51:47
10000
2023-11-04 06:54:01
elapsed:  25165.1  seconds
10050
2023-11-04 06:56:28
10100
2023-11-04 06:58:50
elapsed:  25454.6  seconds
10150
2023-11-04 07:01:07
10200
2023-11-04 07:03:27
elapsed:  25731.9  seconds
10250
2023-11-04 07:05:31
10300
2023-11-04 07:07:32
elapsed:  25976.3  seconds
10350
2023-11-04 07:09:46
10400
2023-11-04 07:11:34
elapsed:  26218.4  seconds
10450
2023-11-04 07:13:47
10500
2023-11-04 07:16:00
elapsed:  26484.8  seconds
10550
2023-11-04 07:18:23
10600
2023-11-04 07:20:49
elapsed:  26773.1  seconds
10650
2023-11-04 07:23:12
10700
2023-11-04 07:25:34
elapsed:  27058.1  seconds
10750
2023-11-04 07:27:53
/projects/muyang@colostate.edu/software/anaconda/envs/testenv/lib/python3.11/site-packages/numpy/lib/function_base.py:2455: RuntimeWarning: divide by zero encountered in func (vectorized)
  outputs = ufunc(*inputs)
/projects/muyang@colostate.edu/software/anaconda/envs/testenv/lib/python3.11/site-packages/numpy/lib/function_base.py:2455: RuntimeWarning: invalid value encountered in func (vectorized)
  outputs = ufunc(*inputs)
10800
2023-11-04 07:30:05
elapsed:  27329.3  seconds
10850
2023-11-04 07:32:20
10900
2023-11-04 07:34:43
elapsed:  27607.4  seconds
10950
2023-11-04 07:37:05
11000
2023-11-04 07:39:15
elapsed:  27879.1  seconds
11050
2023-11-04 07:41:24
11100
2023-11-04 07:43:50
elapsed:  28154.2  seconds
11150
2023-11-04 07:45:53
11200
2023-11-04 07:48:11
elapsed:  28415.8  seconds
11250
2023-11-04 07:49:52
11300
2023-11-04 07:51:34
elapsed:  28618.2  seconds
11350
2023-11-04 07:53:49
/projects/muyang@colostate.edu/software/anaconda/envs/testenv/lib/python3.11/site-packages/numpy/lib/function_base.py:2455: RuntimeWarning: divide by zero encountered in func (vectorized)
  outputs = ufunc(*inputs)
/projects/muyang@colostate.edu/software/anaconda/envs/testenv/lib/python3.11/site-packages/numpy/lib/function_base.py:2455: RuntimeWarning: invalid value encountered in func (vectorized)
  outputs = ufunc(*inputs)
11400
2023-11-04 07:56:10
elapsed:  28894.7  seconds
11450
2023-11-04 07:58:38
11500
2023-11-04 08:00:57
elapsed:  29181.2  seconds
11550
2023-11-04 08:03:23
11600
2023-11-04 08:05:40
elapsed:  29464.7  seconds
11650
2023-11-04 08:08:05
11700
2023-11-04 08:10:16
elapsed:  29740.6  seconds
11750
2023-11-04 08:12:39
11800
2023-11-04 08:14:54
elapsed:  30019.0  seconds
11850
2023-11-04 08:17:12
11900
2023-11-04 08:19:29
elapsed:  30293.2  seconds
11950
2023-11-04 08:21:45
12000
2023-11-04 08:24:07
elapsed:  30571.6  seconds
12050
2023-11-04 08:26:14
12100
2023-11-04 08:28:24
elapsed:  30828.3  seconds
12150
2023-11-04 08:30:41
12200
2023-11-04 08:33:03
elapsed:  31107.6  seconds
12250
2023-11-04 08:35:25
12300
2023-11-04 08:37:37
elapsed:  31381.8  seconds
12350
2023-11-04 08:39:59
12400
2023-11-04 08:42:13
elapsed:  31657.2  seconds
12450
2023-11-04 08:44:33
12500
2023-11-04 08:46:37
elapsed:  31921.7  seconds
12550
2023-11-04 08:48:48
12600
2023-11-04 08:51:00
elapsed:  32184.7  seconds
12650
2023-11-04 08:53:17
12700
2023-11-04 08:55:05
elapsed:  32429.2  seconds
12750
2023-11-04 08:57:19
12800
2023-11-04 08:59:28
elapsed:  32692.3  seconds
12850
2023-11-04 09:01:41
12900
2023-11-04 09:03:47
elapsed:  32951.7  seconds
12950
2023-11-04 09:05:31
13000
2023-11-04 09:07:06
elapsed:  33150.4  seconds
13050
2023-11-04 09:09:10
13100
2023-11-04 09:11:15
elapsed:  33399.4  seconds
13150
2023-11-04 09:13:22
13200
2023-11-04 09:15:20
elapsed:  33644.5  seconds
13250
2023-11-04 09:17:41
13300
2023-11-04 09:19:53
elapsed:  33917.7  seconds
13350
2023-11-04 09:21:58
13400
2023-11-04 09:23:39
elapsed:  34143.7  seconds
13450
2023-11-04 09:25:47
13500
2023-11-04 09:27:59
elapsed:  34403.6  seconds
13550
2023-11-04 09:30:32
13600
2023-11-04 09:32:42
elapsed:  34686.7  seconds
13650
2023-11-04 09:34:47
13700
2023-11-04 09:37:11
elapsed:  34955.3  seconds
13750
2023-11-04 09:39:33
13800
2023-11-04 09:41:49
elapsed:  35233.7  seconds
13850
2023-11-04 09:44:05
13900
2023-11-04 09:46:19
elapsed:  35503.7  seconds
13950
2023-11-04 09:48:41
14000
2023-11-04 09:51:06
elapsed:  35790.0  seconds
14050
2023-11-04 09:53:25
14100
2023-11-04 09:55:38
elapsed:  36062.0  seconds
14150
2023-11-04 09:57:42
14200
2023-11-04 10:00:00
elapsed:  36324.5  seconds
14250
2023-11-04 10:02:06
14300
2023-11-04 10:04:18
elapsed:  36582.3  seconds
14350
2023-11-04 10:06:15
14400
2023-11-04 10:08:19
elapsed:  36823.2  seconds
14450
2023-11-04 10:10:32
14500
2023-11-04 10:12:45
elapsed:  37089.5  seconds
14550
2023-11-04 10:14:58
14600
2023-11-04 10:17:06
elapsed:  37350.0  seconds
14650
2023-11-04 10:19:20
14700
2023-11-04 10:21:37
elapsed:  37621.5  seconds
14750
2023-11-04 10:23:44
14800
2023-11-04 10:26:02
elapsed:  37886.8  seconds
14850
2023-11-04 10:28:12
14900
2023-11-04 10:30:25
elapsed:  38149.9  seconds
14950
2023-11-04 10:32:30
elapsed:  38409.2  seconds
total time:  38413.3  seconds
true R:  [[1.26903295e+00 1.74336376e-01 1.54118394e-01 4.05990141e+00
  4.73361393e+00 7.73097652e-01 4.54468311e+02 1.37378583e+00
  5.66012849e-01 3.21269407e-01 1.90446134e+00 1.44045620e+01
  1.31519569e+01 1.65507193e-01 8.29738505e+00 8.50275094e-01
  7.09299734e-01 3.94044578e+01 1.16984311e+00 1.73719460e+00
  3.28021474e+00 1.75051796e-01 2.96718279e-01 7.65028757e+00
  7.83141284e+00 2.27952454e+00 5.61729356e-01 4.64413500e-01
  1.83459318e+01 8.85937173e-02 6.33306080e-01 1.04870829e-01
  1.03680782e+01 1.60571761e+00 7.70217865e-01 9.23482917e-01
  7.47384240e-01 8.01047773e+00 4.01132438e+00 1.06965370e+01
  9.97058095e-02 2.54867674e+01 7.11658129e+01 5.84025799e+00
  2.67988456e-01 6.59716389e-01 3.19192150e+02 1.19354921e-01
  4.06597190e+00 5.65659225e+00 4.40027413e+01 2.11318960e+00
  1.20866922e+02 6.57293433e-01 2.05993858e+01 1.03483570e+02
  1.21684538e+01 2.10902789e+00 3.24621761e-01 2.72564394e+00
  2.02197218e-01 3.04202749e-01 9.00959192e+00 7.59620659e+02]
 [5.94817940e+00 1.52238414e-01 4.85414617e-01 4.55848634e-01
  7.52528332e+00 1.13703811e+00 1.66603990e+02 7.05776388e-01
  8.52606127e+01 9.78015503e+03 1.73870735e+01 4.68835854e-01
  1.09606271e+00 4.92645149e-01 4.41898141e+00 7.84320123e-01
  1.67798024e+01 1.21664638e+02 3.74454109e+00 2.46981498e+00
  6.31708059e-01 8.78923145e-01 1.04014609e+01 2.68166072e+00
  9.87100401e-01 1.79494071e-01 9.79761007e-01 9.31935529e+01
  3.62394439e-01 1.06357013e-01 1.38356639e-01 2.91262403e+00
  1.13895774e-01 4.13195816e+00 3.67101260e-01 6.16478884e+01
  3.42979354e-01 8.17137028e+00 1.07049152e-01 9.52403429e+00
  5.70597153e+00 4.78006031e-01 2.22791389e+01 1.53710541e+00
  3.33009237e+01 1.61180465e+00 1.73686483e+00 9.34418027e-01
  1.10175005e+01 3.76091712e-01 1.48758979e-01 1.72209426e-01
  3.25300613e+01 7.61674597e+02 1.96489838e+00 1.33314836e-01
  5.10163754e-01 1.26330832e+01 2.58015829e+00 2.41415698e+00
  2.92241023e-01 1.43984820e+01 1.21938040e+00 2.22993869e-01]
 [4.70019791e+00 2.60266415e-01 3.82999711e-01 2.21325161e+02
  1.13770309e+00 3.31841785e-01 1.58714608e+00 1.06469839e+01
  7.78189467e-01 1.69048786e-01 8.13470530e-01 2.86092901e-01
  2.13665037e-01 1.42571361e+01 1.47960392e-01 1.05980898e+00
  7.16798346e-01 3.26151836e+00 5.89368199e-01 3.36277131e-01
  2.00315460e+00 1.44309115e-01 1.15391217e+00 8.20839930e-01
  6.52624388e-01 4.59819209e-01 5.84776533e+02 4.64262831e-01
  6.53334664e+01 5.34732476e-01 2.75002313e+04 1.17370885e+00
  3.84616681e-01 2.74255263e+00 2.01884516e+00 1.81547358e-01
  2.97193738e-01 3.38168804e+01 1.11659748e+00 3.07072484e+00
  5.43517207e-01 1.23411058e+01 2.01513141e-01 2.14773131e-01
  1.20846372e+00 1.94277001e+01 3.99481468e+00 4.52620525e-01
  4.35595322e-01 2.71330875e-01 4.37013973e+01 6.41473154e+00
  8.80943541e-01 4.09821451e-01 6.58105837e+02 3.16239793e+00
  4.44567030e+01 7.07004602e+00 1.76092061e-01 5.74833800e-01
  2.70770579e+01 6.27354962e-01 1.19834312e+00 1.43402551e+01]
 [4.10396758e-02 8.17750753e-02 6.42340135e+00 3.80120863e-01
  5.79003379e-01 2.40529834e+00 2.37914486e-01 1.39511096e+00
  1.46160550e-01 1.49068512e+00 6.25186754e-01 7.48886160e-01
  7.30737608e-01 5.13437832e-01 1.61434970e-01 5.20812198e+00
  1.70935040e+00 8.82126923e+00 2.35707578e+01 1.93381967e+01
  3.84376306e+00 1.30160178e+00 2.22636575e-01 3.81369021e-01
  1.27611479e+01 4.56924580e-01 7.04785179e-01 5.65525578e-01
  1.35969612e+00 4.41957136e-01 1.06265227e+02 2.54980873e+02
  6.05343736e-01 2.23936678e-01 1.60739403e-01 1.56811810e+02
  5.65283988e+02 5.24345196e+00 9.23624486e-02 1.06414168e+00
  2.66242573e-01 2.90512997e+00 2.30615699e+00 3.20530962e+00
  1.55519889e+00 3.20634064e+01 3.00809767e-01 1.07647422e+00
  1.38885505e+03 4.80980690e-01 2.42057750e+00 1.54000693e+00
  8.63923749e-01 3.23650435e+00 1.77687193e-01 8.28739889e-01
  7.76551579e-01 2.44045210e+02 9.29852728e-01 5.18029374e+00
  2.03773695e-01 1.02896755e+00 1.58353951e+01 1.14701855e+00]
 [4.47706751e-01 2.27790830e+01 7.74782948e-01 1.39208817e+00
  3.58614196e+02 8.98980836e-01 1.92397919e+00 3.76640212e+00
  1.36765197e+00 4.75918241e-01 2.39752009e+00 1.42367746e+01
  1.86976096e+00 1.19015316e+01 2.16956177e+00 3.23484718e+00
  7.74151218e+00 6.05806734e-01 2.98896557e-01 5.74288699e+00
  2.17350103e-01 2.52748086e-01 3.44588039e+00 1.04176788e-01
  4.07500863e+01 1.33650404e+00 4.69179160e+01 1.16265280e+00
  4.89964022e-01 3.49733300e+00 4.88046126e-01 7.74604010e-01
  7.39520863e+02 3.79097490e+01 8.00043178e-01 6.59790398e-01
  9.26123712e+00 3.39872686e+01 5.75190289e+00 1.35131568e+01
  4.47846867e+00 1.14466269e-01 5.67601922e-01 2.26914177e-01
  5.15984725e-01 3.50400710e+03 2.23274623e+00 3.91398807e-01
  3.72134093e-01 3.37389945e+00 1.44632986e+00 4.00709653e+00
  6.92069455e+00 5.61511931e-01 9.80419880e-01 5.23022853e-01
  3.66224718e+01 4.33367524e+02 4.98314444e-01 5.80433096e-01
  2.98326218e+00 6.23657522e+02 5.66851318e-01 1.28921081e+01]
 [1.79063445e-01 9.04040719e-02 1.21893866e+00 3.20993142e+02
  3.40445339e+01 6.23717809e-01 4.33808343e+00 1.99314226e-01
  2.90945276e-01 8.40531602e-01 6.32458091e+00 3.27926544e+00
  7.82299916e-01 4.49991988e+00 1.97421297e+00 5.01032226e-01
  1.79209730e-01 1.95296243e-01 1.40449093e+00 1.71307494e-01
  6.17473859e-01 5.67366280e+01 2.91319898e+00 9.22983932e-01
  5.48793229e-01 2.81697283e-01 1.42203173e-01 2.94695457e+00
  2.72470866e-01 7.13886211e-01 8.62509008e+00 1.39675035e+00
  3.30504048e-01 1.02113316e+00 3.93963553e-01 3.14349197e+01
  4.43249407e+00 4.72265617e+01 1.08633105e+00 1.34084927e-01
  1.03445346e+00 8.98003745e-02 9.22258506e-01 1.80585936e-01
  3.01730230e+01 7.26627792e+01 1.10578055e+02 5.37410326e+00
  2.11001014e-01 1.33695538e+00 7.65180679e+00 5.39008458e+00
  3.19338843e+00 3.01983493e+00 1.78346035e+01 4.24917166e+05
  1.23771463e+00 8.37525303e-01 5.54288112e-01 2.31975934e+02
  1.42017232e+00 6.23908770e+00 5.75853126e-01 1.52202791e+01]
 [3.23889338e+00 1.40185505e+01 1.93411422e+00 9.64966940e-02
  3.36194315e+02 6.96621104e-01 3.25393676e+01 2.28719816e-01
  1.34817235e+01 5.48969724e-01 9.18211949e+00 2.76066394e-01
  3.88612651e+00 4.59871962e+00 7.38319917e-01 8.20738440e-02
  1.62852351e+00 1.52081745e+00 1.28568946e+00 1.79196149e-01
  9.88396354e+01 7.41633039e-01 7.59927717e-01 4.99055914e+01
  5.44871901e-01 7.07842011e-01 4.51193569e-01 3.06065458e+00
  1.01422394e-01 8.90634505e-01 5.21328399e-01 1.38642919e+02
  3.31237381e-01 2.08271056e-01 6.77459731e+01 8.87249751e-02
  1.96389914e-01 5.84104795e+00 1.44040910e+04 6.64305242e-01
  1.30591769e-01 2.25376037e+00 1.11248738e+00 6.41310603e+00
  1.45674400e+00 1.05984330e+01 5.39251415e-01 1.23397131e-01
  5.87283473e+00 4.15241056e+00 4.97116741e-01 1.85548812e+00
  2.01456585e+00 6.15125328e-01 2.42671545e-01 1.99158746e-01
  2.93904549e-01 1.53853748e+00 5.01635898e+00 1.07573418e+01
  1.69941036e+00 1.16879520e+02 1.02466479e+02 5.96072564e-01]
 [1.41141725e+00 6.72920935e+00 1.46284795e+00 2.79132167e+00
  1.88079537e+00 5.98495546e+00 2.13397355e-01 8.59348869e-01
  2.20316029e-01 4.03276161e+00 2.20385383e-01 2.68053713e+00
  1.33031228e+00 3.89678760e+00 1.43987191e+01 2.60718549e-01
  3.73090303e+00 1.18329547e-01 1.55299444e-01 1.76120301e-01
  1.69668581e+00 4.72977814e-01 5.23476668e-01 5.45918788e+00
  3.85490961e-01 1.01264104e+00 2.26440484e-01 1.19376387e+00
  1.43742214e+01 2.19078603e+00 4.92735830e+03 1.03730784e+00
  6.40816791e+00 1.43335473e+00 1.06434726e-01 1.98116805e-01
  5.00520759e-01 1.81626027e-01 2.64556889e+00 9.36954406e+00
  8.90874739e-01 1.70431000e+00 6.75000327e-01 1.25655078e+00
  7.21656255e+00 7.76475470e-02 4.25745273e+00 1.32772858e-01
  2.58482110e+01 1.12554182e-01 5.42050230e-01 1.73687167e-01
  2.26222153e-01 9.12211603e+00 2.06373112e+01 1.15335046e+00
  4.43513981e-01 6.54567188e+01 3.40701246e+00 2.90913327e+00
  6.42030529e+00 1.60077917e+00 2.79120515e+00 3.90193185e-01]
 [8.48652949e-01 2.48559060e+00 4.59981884e+00 2.26360772e+02
  4.46646449e-01 2.70212487e-01 5.03907480e+00 7.45774547e-01
  9.98498970e-01 1.70247640e+00 3.49404195e-01 2.64391444e-01
  6.18040230e-01 3.10084966e-01 2.32925003e+00 1.91976891e+01
  1.57328280e+00 1.60614203e+00 3.41813940e-01 3.40446625e+00
  1.71276092e-01 3.88799988e-01 8.12090325e+02 1.37635354e-01
  3.95176158e+00 3.22889438e-01 1.07594713e+00 4.22392576e-01
  9.16273377e-02 1.92896752e-01 9.99850250e-02 6.77016287e+01
  1.69062217e-01 5.19774925e-01 9.06654406e+04 1.70417566e+00
  2.50723643e-01 2.26619406e+01 2.80234820e+00 1.12069756e+00
  7.69321552e+01 2.54994743e+00 6.44058747e-01 1.94349636e+01
  2.17976737e+00 4.16670383e+00 1.00037638e+01 2.05843516e-01
  1.71975650e-01 2.20686107e+02 1.86813317e+00 2.75516063e+00
  3.19467800e-01 3.57475797e-01 1.08282236e+04 6.97587628e-01
  2.67127775e-01 5.36202522e-01 5.46376850e-01 2.62796795e+00
  9.34103100e-01 1.71654029e+00 4.37487773e-01 4.01625981e+00]]
