1
50
2023-11-11 22:21:55
100
2023-11-11 22:24:00
elapsed:  244.9  seconds
150
2023-11-11 22:26:03
200
2023-11-11 22:28:08
elapsed:  493.2  seconds
250
2023-11-11 22:30:16
/projects/muyang@colostate.edu/software/anaconda/envs/testenv/lib/python3.11/site-packages/numpy/lib/function_base.py:2455: RuntimeWarning: divide by zero encountered in func (vectorized)
  outputs = ufunc(*inputs)
/projects/muyang@colostate.edu/software/anaconda/envs/testenv/lib/python3.11/site-packages/numpy/lib/function_base.py:2455: RuntimeWarning: invalid value encountered in func (vectorized)
  outputs = ufunc(*inputs)
300
2023-11-11 22:32:23
elapsed:  747.7  seconds
350
2023-11-11 22:34:32
400
2023-11-11 22:36:36
elapsed:  1000.7  seconds
450
2023-11-11 22:38:42
500
2023-11-11 22:40:47
elapsed:  1251.7  seconds
550
2023-11-11 22:42:54
600
2023-11-11 22:44:58
elapsed:  1503.4  seconds
650
2023-11-11 22:47:05
700
2023-11-11 22:49:10
elapsed:  1754.9  seconds
750
2023-11-11 22:51:17
800
2023-11-11 22:53:24
elapsed:  2008.5  seconds
/projects/muyang@colostate.edu/software/anaconda/envs/testenv/lib/python3.11/site-packages/numpy/lib/function_base.py:2455: RuntimeWarning: divide by zero encountered in func (vectorized)
  outputs = ufunc(*inputs)
/projects/muyang@colostate.edu/software/anaconda/envs/testenv/lib/python3.11/site-packages/numpy/lib/function_base.py:2455: RuntimeWarning: invalid value encountered in func (vectorized)
  outputs = ufunc(*inputs)
850
2023-11-11 22:55:32
900
2023-11-11 22:57:39
elapsed:  2263.8  seconds
950
2023-11-11 22:59:48
1000
2023-11-11 23:01:54
elapsed:  2518.9  seconds
1050
2023-11-11 23:04:02
1100
2023-11-11 23:06:07
elapsed:  2772.3  seconds
1150
2023-11-11 23:08:14
1200
2023-11-11 23:10:21
elapsed:  3026.0  seconds
1250
2023-11-11 23:12:25
1300
2023-11-11 23:14:30
elapsed:  3275.4  seconds
/projects/muyang@colostate.edu/software/anaconda/envs/testenv/lib/python3.11/site-packages/numpy/lib/function_base.py:2455: RuntimeWarning: divide by zero encountered in func (vectorized)
  outputs = ufunc(*inputs)
/projects/muyang@colostate.edu/software/anaconda/envs/testenv/lib/python3.11/site-packages/numpy/lib/function_base.py:2455: RuntimeWarning: invalid value encountered in func (vectorized)
  outputs = ufunc(*inputs)
1350
2023-11-11 23:16:37
1400
2023-11-11 23:18:41
elapsed:  3526.0  seconds
1450
2023-11-11 23:20:48
1500
2023-11-11 23:22:49
elapsed:  3774.3  seconds
1550
2023-11-11 23:24:56
1600
2023-11-11 23:26:58
elapsed:  4023.1  seconds
1650
2023-11-11 23:29:05
1700
2023-11-11 23:31:08
elapsed:  4273.0  seconds
/projects/muyang@colostate.edu/software/anaconda/envs/testenv/lib/python3.11/site-packages/numpy/lib/function_base.py:2455: RuntimeWarning: divide by zero encountered in func (vectorized)
  outputs = ufunc(*inputs)
/projects/muyang@colostate.edu/software/anaconda/envs/testenv/lib/python3.11/site-packages/numpy/lib/function_base.py:2455: RuntimeWarning: invalid value encountered in func (vectorized)
  outputs = ufunc(*inputs)
1750
2023-11-11 23:33:16
1800
2023-11-11 23:35:21
elapsed:  4526.3  seconds
1850
2023-11-11 23:37:28
1900
2023-11-11 23:39:34
elapsed:  4779.4  seconds
1950
2023-11-11 23:41:42
2000
2023-11-11 23:43:47
elapsed:  5032.4  seconds
2050
2023-11-11 23:45:52
2100
2023-11-11 23:47:57
elapsed:  5282.1  seconds
2150
2023-11-11 23:50:05
2200
2023-11-11 23:52:10
elapsed:  5535.3  seconds
2250
2023-11-11 23:54:15
2300
2023-11-11 23:56:21
elapsed:  5786.2  seconds
2350
2023-11-11 23:58:29
2400
2023-11-12 00:00:35
elapsed:  6040.2  seconds
2450
2023-11-12 00:02:44
2500
2023-11-12 00:04:50
elapsed:  6295.3  seconds
2550
2023-11-12 00:06:59
2600
2023-11-12 00:09:05
elapsed:  6550.4  seconds
/projects/muyang@colostate.edu/software/anaconda/envs/testenv/lib/python3.11/site-packages/numpy/lib/function_base.py:2455: RuntimeWarning: divide by zero encountered in func (vectorized)
  outputs = ufunc(*inputs)
/projects/muyang@colostate.edu/software/anaconda/envs/testenv/lib/python3.11/site-packages/numpy/lib/function_base.py:2455: RuntimeWarning: invalid value encountered in func (vectorized)
  outputs = ufunc(*inputs)
2650
2023-11-12 00:11:14
/projects/muyang@colostate.edu/software/anaconda/envs/testenv/lib/python3.11/site-packages/numpy/lib/function_base.py:2455: RuntimeWarning: divide by zero encountered in func (vectorized)
  outputs = ufunc(*inputs)
/projects/muyang@colostate.edu/software/anaconda/envs/testenv/lib/python3.11/site-packages/numpy/lib/function_base.py:2455: RuntimeWarning: invalid value encountered in func (vectorized)
  outputs = ufunc(*inputs)
2700
2023-11-12 00:13:19
elapsed:  6804.4  seconds
/projects/muyang@colostate.edu/software/anaconda/envs/testenv/lib/python3.11/site-packages/numpy/lib/function_base.py:2455: RuntimeWarning: divide by zero encountered in func (vectorized)
  outputs = ufunc(*inputs)
/projects/muyang@colostate.edu/software/anaconda/envs/testenv/lib/python3.11/site-packages/numpy/lib/function_base.py:2455: RuntimeWarning: invalid value encountered in func (vectorized)
  outputs = ufunc(*inputs)
2750
2023-11-12 00:15:27
/projects/muyang@colostate.edu/software/anaconda/envs/testenv/lib/python3.11/site-packages/numpy/lib/function_base.py:2455: RuntimeWarning: divide by zero encountered in func (vectorized)
  outputs = ufunc(*inputs)
/projects/muyang@colostate.edu/software/anaconda/envs/testenv/lib/python3.11/site-packages/numpy/lib/function_base.py:2455: RuntimeWarning: invalid value encountered in func (vectorized)
  outputs = ufunc(*inputs)
2800
2023-11-12 00:17:33
elapsed:  7057.6  seconds
/projects/muyang@colostate.edu/software/anaconda/envs/testenv/lib/python3.11/site-packages/numpy/lib/function_base.py:2455: RuntimeWarning: divide by zero encountered in func (vectorized)
  outputs = ufunc(*inputs)
/projects/muyang@colostate.edu/software/anaconda/envs/testenv/lib/python3.11/site-packages/numpy/lib/function_base.py:2455: RuntimeWarning: invalid value encountered in func (vectorized)
  outputs = ufunc(*inputs)
/projects/muyang@colostate.edu/software/anaconda/envs/testenv/lib/python3.11/site-packages/numpy/lib/function_base.py:2455: RuntimeWarning: divide by zero encountered in func (vectorized)
  outputs = ufunc(*inputs)
/projects/muyang@colostate.edu/software/anaconda/envs/testenv/lib/python3.11/site-packages/numpy/lib/function_base.py:2455: RuntimeWarning: invalid value encountered in func (vectorized)
  outputs = ufunc(*inputs)
/projects/muyang@colostate.edu/software/anaconda/envs/testenv/lib/python3.11/site-packages/numpy/lib/function_base.py:2455: RuntimeWarning: divide by zero encountered in func (vectorized)
  outputs = ufunc(*inputs)
/projects/muyang@colostate.edu/software/anaconda/envs/testenv/lib/python3.11/site-packages/numpy/lib/function_base.py:2455: RuntimeWarning: invalid value encountered in func (vectorized)
  outputs = ufunc(*inputs)
/projects/muyang@colostate.edu/software/anaconda/envs/testenv/lib/python3.11/site-packages/numpy/lib/function_base.py:2455: RuntimeWarning: divide by zero encountered in func (vectorized)
  outputs = ufunc(*inputs)
/projects/muyang@colostate.edu/software/anaconda/envs/testenv/lib/python3.11/site-packages/numpy/lib/function_base.py:2455: RuntimeWarning: invalid value encountered in func (vectorized)
  outputs = ufunc(*inputs)
2850
2023-11-12 00:19:40
/projects/muyang@colostate.edu/software/anaconda/envs/testenv/lib/python3.11/site-packages/numpy/lib/function_base.py:2455: RuntimeWarning: divide by zero encountered in func (vectorized)
  outputs = ufunc(*inputs)
/projects/muyang@colostate.edu/software/anaconda/envs/testenv/lib/python3.11/site-packages/numpy/lib/function_base.py:2455: RuntimeWarning: invalid value encountered in func (vectorized)
  outputs = ufunc(*inputs)
2900
2023-11-12 00:21:47
elapsed:  7312.2  seconds
/projects/muyang@colostate.edu/software/anaconda/envs/testenv/lib/python3.11/site-packages/numpy/lib/function_base.py:2455: RuntimeWarning: divide by zero encountered in func (vectorized)
  outputs = ufunc(*inputs)
/projects/muyang@colostate.edu/software/anaconda/envs/testenv/lib/python3.11/site-packages/numpy/lib/function_base.py:2455: RuntimeWarning: invalid value encountered in func (vectorized)
  outputs = ufunc(*inputs)
2950
2023-11-12 00:23:56
/projects/muyang@colostate.edu/software/anaconda/envs/testenv/lib/python3.11/site-packages/numpy/lib/function_base.py:2455: RuntimeWarning: divide by zero encountered in func (vectorized)
  outputs = ufunc(*inputs)
/projects/muyang@colostate.edu/software/anaconda/envs/testenv/lib/python3.11/site-packages/numpy/lib/function_base.py:2455: RuntimeWarning: invalid value encountered in func (vectorized)
  outputs = ufunc(*inputs)
3000
2023-11-12 00:26:04
elapsed:  7568.7  seconds
/projects/muyang@colostate.edu/software/anaconda/envs/testenv/lib/python3.11/site-packages/numpy/lib/function_base.py:2455: RuntimeWarning: divide by zero encountered in func (vectorized)
  outputs = ufunc(*inputs)
/projects/muyang@colostate.edu/software/anaconda/envs/testenv/lib/python3.11/site-packages/numpy/lib/function_base.py:2455: RuntimeWarning: invalid value encountered in func (vectorized)
  outputs = ufunc(*inputs)
3050
2023-11-12 00:28:13
3100
2023-11-12 00:30:19
elapsed:  7824.2  seconds
/projects/muyang@colostate.edu/software/anaconda/envs/testenv/lib/python3.11/site-packages/numpy/lib/function_base.py:2455: RuntimeWarning: divide by zero encountered in func (vectorized)
  outputs = ufunc(*inputs)
/projects/muyang@colostate.edu/software/anaconda/envs/testenv/lib/python3.11/site-packages/numpy/lib/function_base.py:2455: RuntimeWarning: invalid value encountered in func (vectorized)
  outputs = ufunc(*inputs)
3150
2023-11-12 00:32:27
/projects/muyang@colostate.edu/software/anaconda/envs/testenv/lib/python3.11/site-packages/numpy/lib/function_base.py:2455: RuntimeWarning: divide by zero encountered in func (vectorized)
  outputs = ufunc(*inputs)
/projects/muyang@colostate.edu/software/anaconda/envs/testenv/lib/python3.11/site-packages/numpy/lib/function_base.py:2455: RuntimeWarning: invalid value encountered in func (vectorized)
  outputs = ufunc(*inputs)
/projects/muyang@colostate.edu/software/anaconda/envs/testenv/lib/python3.11/site-packages/numpy/lib/function_base.py:2455: RuntimeWarning: divide by zero encountered in func (vectorized)
  outputs = ufunc(*inputs)
/projects/muyang@colostate.edu/software/anaconda/envs/testenv/lib/python3.11/site-packages/numpy/lib/function_base.py:2455: RuntimeWarning: invalid value encountered in func (vectorized)
  outputs = ufunc(*inputs)
/projects/muyang@colostate.edu/software/anaconda/envs/testenv/lib/python3.11/site-packages/numpy/lib/function_base.py:2455: RuntimeWarning: divide by zero encountered in func (vectorized)
  outputs = ufunc(*inputs)
/projects/muyang@colostate.edu/software/anaconda/envs/testenv/lib/python3.11/site-packages/numpy/lib/function_base.py:2455: RuntimeWarning: invalid value encountered in func (vectorized)
  outputs = ufunc(*inputs)
/projects/muyang@colostate.edu/software/anaconda/envs/testenv/lib/python3.11/site-packages/numpy/lib/function_base.py:2455: RuntimeWarning: divide by zero encountered in func (vectorized)
  outputs = ufunc(*inputs)
/projects/muyang@colostate.edu/software/anaconda/envs/testenv/lib/python3.11/site-packages/numpy/lib/function_base.py:2455: RuntimeWarning: invalid value encountered in func (vectorized)
  outputs = ufunc(*inputs)
/projects/muyang@colostate.edu/software/anaconda/envs/testenv/lib/python3.11/site-packages/numpy/lib/function_base.py:2455: RuntimeWarning: divide by zero encountered in func (vectorized)
  outputs = ufunc(*inputs)
/projects/muyang@colostate.edu/software/anaconda/envs/testenv/lib/python3.11/site-packages/numpy/lib/function_base.py:2455: RuntimeWarning: invalid value encountered in func (vectorized)
  outputs = ufunc(*inputs)
/projects/muyang@colostate.edu/software/anaconda/envs/testenv/lib/python3.11/site-packages/numpy/lib/function_base.py:2455: RuntimeWarning: divide by zero encountered in func (vectorized)
  outputs = ufunc(*inputs)
/projects/muyang@colostate.edu/software/anaconda/envs/testenv/lib/python3.11/site-packages/numpy/lib/function_base.py:2455: RuntimeWarning: invalid value encountered in func (vectorized)
  outputs = ufunc(*inputs)
/projects/muyang@colostate.edu/software/anaconda/envs/testenv/lib/python3.11/site-packages/numpy/lib/function_base.py:2455: RuntimeWarning: divide by zero encountered in func (vectorized)
  outputs = ufunc(*inputs)
/projects/muyang@colostate.edu/software/anaconda/envs/testenv/lib/python3.11/site-packages/numpy/lib/function_base.py:2455: RuntimeWarning: invalid value encountered in func (vectorized)
  outputs = ufunc(*inputs)
3200
2023-11-12 00:34:34
elapsed:  8078.6  seconds
3250
2023-11-12 00:36:43
/projects/muyang@colostate.edu/software/anaconda/envs/testenv/lib/python3.11/site-packages/numpy/lib/function_base.py:2455: RuntimeWarning: divide by zero encountered in func (vectorized)
  outputs = ufunc(*inputs)
/projects/muyang@colostate.edu/software/anaconda/envs/testenv/lib/python3.11/site-packages/numpy/lib/function_base.py:2455: RuntimeWarning: invalid value encountered in func (vectorized)
  outputs = ufunc(*inputs)
3300
2023-11-12 00:38:49
elapsed:  8334.2  seconds
3350
2023-11-12 00:40:58
3400
2023-11-12 00:43:04
elapsed:  8588.9  seconds
3450
2023-11-12 00:45:13
3500
2023-11-12 00:47:19
elapsed:  8844.4  seconds
3550
2023-11-12 00:49:28
3600
2023-11-12 00:51:34
elapsed:  9099.1  seconds
3650
2023-11-12 00:53:42
3700
2023-11-12 00:55:49
elapsed:  9354.0  seconds
/projects/muyang@colostate.edu/software/anaconda/envs/testenv/lib/python3.11/site-packages/numpy/lib/function_base.py:2455: RuntimeWarning: divide by zero encountered in func (vectorized)
  outputs = ufunc(*inputs)
/projects/muyang@colostate.edu/software/anaconda/envs/testenv/lib/python3.11/site-packages/numpy/lib/function_base.py:2455: RuntimeWarning: invalid value encountered in func (vectorized)
  outputs = ufunc(*inputs)
3750
2023-11-12 00:57:58
/projects/muyang@colostate.edu/software/anaconda/envs/testenv/lib/python3.11/site-packages/numpy/lib/function_base.py:2455: RuntimeWarning: divide by zero encountered in func (vectorized)
  outputs = ufunc(*inputs)
/projects/muyang@colostate.edu/software/anaconda/envs/testenv/lib/python3.11/site-packages/numpy/lib/function_base.py:2455: RuntimeWarning: invalid value encountered in func (vectorized)
  outputs = ufunc(*inputs)
3800
2023-11-12 01:00:04
elapsed:  9609.1  seconds
3850
2023-11-12 01:02:14
3900
2023-11-12 01:04:21
elapsed:  9865.6  seconds
3950
2023-11-12 01:06:30
4000
2023-11-12 01:08:36
elapsed:  10121.1  seconds
/projects/muyang@colostate.edu/software/anaconda/envs/testenv/lib/python3.11/site-packages/numpy/lib/function_base.py:2455: RuntimeWarning: divide by zero encountered in func (vectorized)
  outputs = ufunc(*inputs)
/projects/muyang@colostate.edu/software/anaconda/envs/testenv/lib/python3.11/site-packages/numpy/lib/function_base.py:2455: RuntimeWarning: invalid value encountered in func (vectorized)
  outputs = ufunc(*inputs)
4050
2023-11-12 01:10:46
4100
2023-11-12 01:12:49
elapsed:  10374.0  seconds
4150
2023-11-12 01:14:59
4200
2023-11-12 01:17:05
elapsed:  10630.3  seconds
4250
2023-11-12 01:19:14
/projects/muyang@colostate.edu/software/anaconda/envs/testenv/lib/python3.11/site-packages/numpy/lib/function_base.py:2455: RuntimeWarning: divide by zero encountered in func (vectorized)
  outputs = ufunc(*inputs)
/projects/muyang@colostate.edu/software/anaconda/envs/testenv/lib/python3.11/site-packages/numpy/lib/function_base.py:2455: RuntimeWarning: invalid value encountered in func (vectorized)
  outputs = ufunc(*inputs)
4300
2023-11-12 01:21:20
elapsed:  10884.6  seconds
4350
2023-11-12 01:23:26
4400
2023-11-12 01:25:34
elapsed:  11138.5  seconds
4450
2023-11-12 01:27:35
4500
2023-11-12 01:29:41
elapsed:  11386.2  seconds
4550
2023-11-12 01:31:50
4600
2023-11-12 01:33:56
elapsed:  11641.2  seconds
4650
2023-11-12 01:36:04
4700
2023-11-12 01:38:10
elapsed:  11895.5  seconds
4750
2023-11-12 01:40:19
4800
2023-11-12 01:42:27
elapsed:  12151.5  seconds
4850
2023-11-12 01:44:36
4900
2023-11-12 01:46:43
elapsed:  12407.9  seconds
4950
2023-11-12 01:48:52
5000
2023-11-12 01:50:59
elapsed:  12663.7  seconds
5050
2023-11-12 01:53:08
5100
2023-11-12 01:55:14
elapsed:  12918.6  seconds
5150
2023-11-12 01:57:22
5200
2023-11-12 01:59:29
elapsed:  13173.9  seconds
5250
2023-11-12 02:01:38
5300
2023-11-12 02:03:44
elapsed:  13428.7  seconds
5350
2023-11-12 02:05:51
5400
2023-11-12 02:07:58
elapsed:  13682.6  seconds
5450
2023-11-12 02:10:06
5500
2023-11-12 02:12:12
elapsed:  13937.2  seconds
5550
2023-11-12 02:14:20
5600
2023-11-12 02:16:25
elapsed:  14190.0  seconds
5650
2023-11-12 02:18:29
/projects/muyang@colostate.edu/software/anaconda/envs/testenv/lib/python3.11/site-packages/numpy/lib/function_base.py:2455: RuntimeWarning: divide by zero encountered in func (vectorized)
  outputs = ufunc(*inputs)
/projects/muyang@colostate.edu/software/anaconda/envs/testenv/lib/python3.11/site-packages/numpy/lib/function_base.py:2455: RuntimeWarning: invalid value encountered in func (vectorized)
  outputs = ufunc(*inputs)
/projects/muyang@colostate.edu/software/anaconda/envs/testenv/lib/python3.11/site-packages/numpy/lib/function_base.py:2455: RuntimeWarning: divide by zero encountered in func (vectorized)
  outputs = ufunc(*inputs)
/projects/muyang@colostate.edu/software/anaconda/envs/testenv/lib/python3.11/site-packages/numpy/lib/function_base.py:2455: RuntimeWarning: invalid value encountered in func (vectorized)
  outputs = ufunc(*inputs)
/projects/muyang@colostate.edu/software/anaconda/envs/testenv/lib/python3.11/site-packages/numpy/lib/function_base.py:2455: RuntimeWarning: divide by zero encountered in func (vectorized)
  outputs = ufunc(*inputs)
/projects/muyang@colostate.edu/software/anaconda/envs/testenv/lib/python3.11/site-packages/numpy/lib/function_base.py:2455: RuntimeWarning: invalid value encountered in func (vectorized)
  outputs = ufunc(*inputs)
/projects/muyang@colostate.edu/software/anaconda/envs/testenv/lib/python3.11/site-packages/numpy/lib/function_base.py:2455: RuntimeWarning: divide by zero encountered in func (vectorized)
  outputs = ufunc(*inputs)
/projects/muyang@colostate.edu/software/anaconda/envs/testenv/lib/python3.11/site-packages/numpy/lib/function_base.py:2455: RuntimeWarning: invalid value encountered in func (vectorized)
  outputs = ufunc(*inputs)
/projects/muyang@colostate.edu/software/anaconda/envs/testenv/lib/python3.11/site-packages/numpy/lib/function_base.py:2455: RuntimeWarning: divide by zero encountered in func (vectorized)
  outputs = ufunc(*inputs)
/projects/muyang@colostate.edu/software/anaconda/envs/testenv/lib/python3.11/site-packages/numpy/lib/function_base.py:2455: RuntimeWarning: invalid value encountered in func (vectorized)
  outputs = ufunc(*inputs)
/projects/muyang@colostate.edu/software/anaconda/envs/testenv/lib/python3.11/site-packages/numpy/lib/function_base.py:2455: RuntimeWarning: divide by zero encountered in func (vectorized)
  outputs = ufunc(*inputs)
/projects/muyang@colostate.edu/software/anaconda/envs/testenv/lib/python3.11/site-packages/numpy/lib/function_base.py:2455: RuntimeWarning: invalid value encountered in func (vectorized)
  outputs = ufunc(*inputs)
5700
2023-11-12 02:20:35
elapsed:  14439.9  seconds
5750
2023-11-12 02:22:43
/projects/muyang@colostate.edu/software/anaconda/envs/testenv/lib/python3.11/site-packages/numpy/lib/function_base.py:2455: RuntimeWarning: divide by zero encountered in func (vectorized)
  outputs = ufunc(*inputs)
/projects/muyang@colostate.edu/software/anaconda/envs/testenv/lib/python3.11/site-packages/numpy/lib/function_base.py:2455: RuntimeWarning: invalid value encountered in func (vectorized)
  outputs = ufunc(*inputs)
5800
2023-11-12 02:24:48
elapsed:  14692.8  seconds
5850
2023-11-12 02:26:56
/projects/muyang@colostate.edu/software/anaconda/envs/testenv/lib/python3.11/site-packages/numpy/lib/function_base.py:2455: RuntimeWarning: divide by zero encountered in func (vectorized)
  outputs = ufunc(*inputs)
/projects/muyang@colostate.edu/software/anaconda/envs/testenv/lib/python3.11/site-packages/numpy/lib/function_base.py:2455: RuntimeWarning: invalid value encountered in func (vectorized)
  outputs = ufunc(*inputs)
/projects/muyang@colostate.edu/software/anaconda/envs/testenv/lib/python3.11/site-packages/numpy/lib/function_base.py:2455: RuntimeWarning: divide by zero encountered in func (vectorized)
  outputs = ufunc(*inputs)
/projects/muyang@colostate.edu/software/anaconda/envs/testenv/lib/python3.11/site-packages/numpy/lib/function_base.py:2455: RuntimeWarning: invalid value encountered in func (vectorized)
  outputs = ufunc(*inputs)
/projects/muyang@colostate.edu/software/anaconda/envs/testenv/lib/python3.11/site-packages/numpy/lib/function_base.py:2455: RuntimeWarning: divide by zero encountered in func (vectorized)
  outputs = ufunc(*inputs)
/projects/muyang@colostate.edu/software/anaconda/envs/testenv/lib/python3.11/site-packages/numpy/lib/function_base.py:2455: RuntimeWarning: invalid value encountered in func (vectorized)
  outputs = ufunc(*inputs)
5900
2023-11-12 02:29:01
elapsed:  14946.3  seconds
5950
2023-11-12 02:31:09
6000
2023-11-12 02:33:14
elapsed:  15199.3  seconds
6050
2023-11-12 02:35:17
/projects/muyang@colostate.edu/software/anaconda/envs/testenv/lib/python3.11/site-packages/numpy/lib/function_base.py:2455: RuntimeWarning: divide by zero encountered in func (vectorized)
  outputs = ufunc(*inputs)
/projects/muyang@colostate.edu/software/anaconda/envs/testenv/lib/python3.11/site-packages/numpy/lib/function_base.py:2455: RuntimeWarning: invalid value encountered in func (vectorized)
  outputs = ufunc(*inputs)
6100
2023-11-12 02:37:24
elapsed:  15448.9  seconds
6150
2023-11-12 02:39:31
6200
2023-11-12 02:41:36
elapsed:  15701.3  seconds
6250
2023-11-12 02:43:44
6300
2023-11-12 02:45:49
elapsed:  15954.5  seconds
6350
2023-11-12 02:47:56
6400
2023-11-12 02:50:01
elapsed:  16205.5  seconds
6450
2023-11-12 02:52:08
6500
2023-11-12 02:54:11
elapsed:  16455.8  seconds
6550
2023-11-12 02:56:17
/projects/muyang@colostate.edu/software/anaconda/envs/testenv/lib/python3.11/site-packages/numpy/lib/function_base.py:2455: RuntimeWarning: divide by zero encountered in func (vectorized)
  outputs = ufunc(*inputs)
/projects/muyang@colostate.edu/software/anaconda/envs/testenv/lib/python3.11/site-packages/numpy/lib/function_base.py:2455: RuntimeWarning: invalid value encountered in func (vectorized)
  outputs = ufunc(*inputs)
/projects/muyang@colostate.edu/software/anaconda/envs/testenv/lib/python3.11/site-packages/numpy/lib/function_base.py:2455: RuntimeWarning: divide by zero encountered in func (vectorized)
  outputs = ufunc(*inputs)
/projects/muyang@colostate.edu/software/anaconda/envs/testenv/lib/python3.11/site-packages/numpy/lib/function_base.py:2455: RuntimeWarning: invalid value encountered in func (vectorized)
  outputs = ufunc(*inputs)
6600
2023-11-12 02:58:18
elapsed:  16703.4  seconds
6650
2023-11-12 03:00:26
6700
2023-11-12 03:02:32
elapsed:  16956.7  seconds
6750
2023-11-12 03:04:38
6800
2023-11-12 03:06:39
elapsed:  17204.4  seconds
6850
2023-11-12 03:08:47
6900
2023-11-12 03:10:54
elapsed:  17458.6  seconds
6950
2023-11-12 03:13:00
7000
2023-11-12 03:15:05
elapsed:  17710.2  seconds
7050
2023-11-12 03:17:08
7100
2023-11-12 03:19:12
elapsed:  17957.4  seconds
7150
2023-11-12 03:21:21
7200
2023-11-12 03:23:28
elapsed:  18213.0  seconds
7250
2023-11-12 03:25:34
7300
2023-11-12 03:27:42
elapsed:  18466.8  seconds
7350
2023-11-12 03:29:48
7400
2023-11-12 03:31:53
elapsed:  18717.9  seconds
7450
2023-11-12 03:34:01
7500
2023-11-12 03:36:05
elapsed:  18970.2  seconds
7550
2023-11-12 03:38:13
7600
2023-11-12 03:40:18
elapsed:  19222.5  seconds
7650
2023-11-12 03:42:25
7700
2023-11-12 03:44:31
elapsed:  19476.0  seconds
7750
2023-11-12 03:46:39
7800
2023-11-12 03:48:45
elapsed:  19730.3  seconds
7850
2023-11-12 03:50:54
7900
2023-11-12 03:52:58
elapsed:  19983.4  seconds
7950
2023-11-12 03:55:08
8000
2023-11-12 03:57:13
elapsed:  20238.1  seconds
8050
2023-11-12 03:59:22
/projects/muyang@colostate.edu/software/anaconda/envs/testenv/lib/python3.11/site-packages/numpy/lib/function_base.py:2455: RuntimeWarning: divide by zero encountered in func (vectorized)
  outputs = ufunc(*inputs)
/projects/muyang@colostate.edu/software/anaconda/envs/testenv/lib/python3.11/site-packages/numpy/lib/function_base.py:2455: RuntimeWarning: invalid value encountered in func (vectorized)
  outputs = ufunc(*inputs)
8100
2023-11-12 04:01:28
elapsed:  20492.9  seconds
8150
2023-11-12 04:03:36
8200
2023-11-12 04:05:42
elapsed:  20746.6  seconds
8250
2023-11-12 04:07:49
8300
2023-11-12 04:09:55
elapsed:  21000.4  seconds
8350
2023-11-12 04:12:03
8400
2023-11-12 04:14:09
elapsed:  21254.1  seconds
8450
2023-11-12 04:16:18
8500
2023-11-12 04:18:24
elapsed:  21509.4  seconds
8550
2023-11-12 04:20:31
8600
2023-11-12 04:22:38
elapsed:  21762.5  seconds
8650
2023-11-12 04:24:46
8700
2023-11-12 04:26:51
elapsed:  22016.3  seconds
8750
2023-11-12 04:29:00
8800
2023-11-12 04:31:06
elapsed:  22271.1  seconds
8850
2023-11-12 04:33:14
8900
2023-11-12 04:35:21
elapsed:  22525.6  seconds
8950
2023-11-12 04:37:30
9000
2023-11-12 04:39:37
elapsed:  22781.7  seconds
9050
2023-11-12 04:41:46
9100
2023-11-12 04:43:53
elapsed:  23038.3  seconds
9150
2023-11-12 04:46:03
/projects/muyang@colostate.edu/software/anaconda/envs/testenv/lib/python3.11/site-packages/numpy/lib/function_base.py:2455: RuntimeWarning: divide by zero encountered in func (vectorized)
  outputs = ufunc(*inputs)
/projects/muyang@colostate.edu/software/anaconda/envs/testenv/lib/python3.11/site-packages/numpy/lib/function_base.py:2455: RuntimeWarning: invalid value encountered in func (vectorized)
  outputs = ufunc(*inputs)
9200
2023-11-12 04:48:09
elapsed:  23294.0  seconds
9250
2023-11-12 04:50:17
9300
2023-11-12 04:52:23
elapsed:  23548.5  seconds
9350
2023-11-12 04:54:31
9400
2023-11-12 04:56:38
elapsed:  23802.9  seconds
9450
2023-11-12 04:58:47
9500
2023-11-12 05:00:54
elapsed:  24059.3  seconds
9550
2023-11-12 05:03:03
9600
2023-11-12 05:05:09
elapsed:  24313.9  seconds
9650
2023-11-12 05:07:16
9700
2023-11-12 05:09:20
elapsed:  24565.2  seconds
/projects/muyang@colostate.edu/software/anaconda/envs/testenv/lib/python3.11/site-packages/numpy/lib/function_base.py:2455: RuntimeWarning: divide by zero encountered in func (vectorized)
  outputs = ufunc(*inputs)
/projects/muyang@colostate.edu/software/anaconda/envs/testenv/lib/python3.11/site-packages/numpy/lib/function_base.py:2455: RuntimeWarning: invalid value encountered in func (vectorized)
  outputs = ufunc(*inputs)
9750
2023-11-12 05:11:28
9800
2023-11-12 05:13:35
elapsed:  24820.1  seconds
9850
2023-11-12 05:15:43
9900
2023-11-12 05:17:49
elapsed:  25074.3  seconds
9950
2023-11-12 05:19:58
10000
2023-11-12 05:22:00
elapsed:  25325.3  seconds
10050
2023-11-12 05:24:08
10100
2023-11-12 05:26:14
elapsed:  25578.5  seconds
10150
2023-11-12 05:28:23
10200
2023-11-12 05:30:29
elapsed:  25834.2  seconds
10250
2023-11-12 05:32:38
10300
2023-11-12 05:34:44
elapsed:  26089.4  seconds
10350
2023-11-12 05:36:52
10400
2023-11-12 05:38:58
elapsed:  26343.2  seconds
10450
2023-11-12 05:41:06
10500
2023-11-12 05:43:11
elapsed:  26596.0  seconds
10550
2023-11-12 05:45:21
10600
2023-11-12 05:47:27
elapsed:  26851.5  seconds
10650
2023-11-12 05:49:34
10700
2023-11-12 05:51:38
elapsed:  27103.0  seconds
10750
2023-11-12 05:53:48
10800
2023-11-12 05:55:54
elapsed:  27359.4  seconds
10850
2023-11-12 05:58:03
10900
2023-11-12 06:00:08
elapsed:  27612.8  seconds
10950
2023-11-12 06:02:15
11000
2023-11-12 06:04:21
elapsed:  27866.2  seconds
11050
2023-11-12 06:06:30
11100
2023-11-12 06:08:35
elapsed:  28119.9  seconds
11150
2023-11-12 06:10:43
11200
2023-11-12 06:12:49
elapsed:  28373.9  seconds
11250
2023-11-12 06:14:56
11300
2023-11-12 06:17:03
elapsed:  28628.0  seconds
11350
2023-11-12 06:19:11
11400
2023-11-12 06:21:16
elapsed:  28881.5  seconds
11450
2023-11-12 06:23:23
11500
2023-11-12 06:25:29
elapsed:  29134.1  seconds
11550
2023-11-12 06:27:37
/projects/muyang@colostate.edu/software/anaconda/envs/testenv/lib/python3.11/site-packages/numpy/lib/function_base.py:2455: RuntimeWarning: divide by zero encountered in func (vectorized)
  outputs = ufunc(*inputs)
/projects/muyang@colostate.edu/software/anaconda/envs/testenv/lib/python3.11/site-packages/numpy/lib/function_base.py:2455: RuntimeWarning: invalid value encountered in func (vectorized)
  outputs = ufunc(*inputs)
11600
2023-11-12 06:29:42
elapsed:  29387.5  seconds
11650
2023-11-12 06:31:52
11700
2023-11-12 06:33:58
elapsed:  29643.1  seconds
11750
2023-11-12 06:36:07
11800
2023-11-12 06:38:13
elapsed:  29897.7  seconds
11850
2023-11-12 06:40:21
11900
2023-11-12 06:42:27
elapsed:  30152.1  seconds
11950
2023-11-12 06:44:34
12000
2023-11-12 06:46:40
elapsed:  30405.1  seconds
12050
2023-11-12 06:48:48
12100
2023-11-12 06:50:54
elapsed:  30658.9  seconds
12150
2023-11-12 06:53:01
12200
2023-11-12 06:55:07
elapsed:  30911.9  seconds
12250
2023-11-12 06:57:11
12300
2023-11-12 06:59:16
elapsed:  31161.4  seconds
12350
2023-11-12 07:01:25
12400
2023-11-12 07:03:31
elapsed:  31416.1  seconds
12450
2023-11-12 07:05:38
12500
2023-11-12 07:07:43
elapsed:  31667.5  seconds
12550
2023-11-12 07:09:51
12600
2023-11-12 07:11:56
elapsed:  31921.4  seconds
12650
2023-11-12 07:14:05
12700
2023-11-12 07:16:11
elapsed:  32176.4  seconds
12750
2023-11-12 07:18:20
12800
2023-11-12 07:20:25
elapsed:  32430.2  seconds
12850
2023-11-12 07:22:33
12900
2023-11-12 07:24:39
elapsed:  32684.4  seconds
12950
2023-11-12 07:26:47
13000
2023-11-12 07:28:52
elapsed:  32937.2  seconds
13050
2023-11-12 07:30:58
13100
2023-11-12 07:33:03
elapsed:  33188.5  seconds
13150
2023-11-12 07:35:11
13200
2023-11-12 07:37:17
elapsed:  33442.1  seconds
13250
2023-11-12 07:39:25
13300
2023-11-12 07:41:32
elapsed:  33696.8  seconds
13350
2023-11-12 07:43:40
13400
2023-11-12 07:45:46
elapsed:  33951.1  seconds
13450
2023-11-12 07:47:54
13500
2023-11-12 07:49:59
elapsed:  34203.6  seconds
13550
2023-11-12 07:52:06
13600
2023-11-12 07:54:13
elapsed:  34457.8  seconds
13650
2023-11-12 07:56:21
13700
2023-11-12 07:58:29
elapsed:  34713.5  seconds
13750
2023-11-12 08:00:37
13800
2023-11-12 08:02:43
elapsed:  34967.6  seconds
13850
2023-11-12 08:04:50
13900
2023-11-12 08:06:56
elapsed:  35220.6  seconds
13950
2023-11-12 08:09:03
14000
2023-11-12 08:11:09
elapsed:  35473.5  seconds
14050
2023-11-12 08:13:17
14100
2023-11-12 08:15:24
elapsed:  35728.5  seconds
14150
2023-11-12 08:17:32
14200
2023-11-12 08:19:38
elapsed:  35982.8  seconds
14250
2023-11-12 08:21:46
14300
2023-11-12 08:23:51
elapsed:  36236.1  seconds
14350
2023-11-12 08:25:59
14400
2023-11-12 08:28:04
elapsed:  36488.8  seconds
14450
2023-11-12 08:30:12
14500
2023-11-12 08:32:17
elapsed:  36741.9  seconds
14550
2023-11-12 08:34:24
14600
2023-11-12 08:36:29
elapsed:  36994.4  seconds
14650
2023-11-12 08:38:38
14700
2023-11-12 08:40:44
elapsed:  37249.1  seconds
14750
2023-11-12 08:42:51
14800
2023-11-12 08:44:57
elapsed:  37501.8  seconds
14850
2023-11-12 08:47:05
14900
2023-11-12 08:49:12
elapsed:  37756.8  seconds
14950
2023-11-12 08:51:20
elapsed:  38008.9  seconds
total time:  38013.4  seconds
true R:  [[2.23802246e-01 2.74098959e+00 2.23912683e-01 4.00976904e-01
  2.79164601e+00 2.30235231e-01 3.08605577e+00 2.54291208e-01
  1.22540769e+02 1.10241047e+03 7.45947281e-01 2.27739842e-01
  2.58231620e+00 1.96191820e+00 7.98434542e-01 3.01090263e-01
  1.96022629e+00 4.48359521e+00 4.22644819e-01 2.63357256e-01
  5.00224247e-01 1.25771737e+00 2.72888538e-01 4.97960427e-01
  4.17227308e-01 4.40596899e+00 3.35546189e+02 1.70849305e+02
  1.82941177e-01 2.40555337e+00 2.45627336e+02 3.45106785e+02
  5.59797213e-01 2.49251034e+00 1.66077553e-01 1.86248359e+00
  9.76305885e+01 1.40458557e-01 7.70399444e+00 1.04502668e+01
  7.58782446e-01 1.81262491e-01 1.27437070e+00 2.58625781e+00
  6.77392002e-01 1.56947884e+01 1.26228420e+00 2.45244784e+00
  2.88357240e-01 2.81832354e-01 8.61329687e-01 2.36184861e+04
  2.40997340e+01 7.53434097e+00 8.52418865e-01 6.92193106e-01
  1.34668172e+02 2.53488024e+01 1.53253791e-01 9.38935453e-01
  2.44339188e-01 2.74935278e-01 1.61742789e+00 1.99178195e+00]
 [4.82206072e-01 5.05926579e+02 2.44015078e-01 1.38740500e+00
  2.09685021e+02 1.05071109e-01 2.83854453e+02 7.79586804e+00
  1.20852866e+00 1.28372150e+01 7.04338344e+00 1.52283501e+02
  4.31481462e-01 5.89574272e+00 3.16254241e+00 1.81593410e+00
  1.53444142e+00 2.94317770e+01 2.79884656e+00 9.54654441e+00
  2.26872738e+01 3.68631541e+00 2.51757093e+01 2.13134606e+01
  5.73406600e-01 2.02861592e-01 1.23953893e+00 7.42237523e-01
  1.39935449e+00 4.46624148e-01 1.05989535e-01 1.45027496e+00
  3.42340842e+00 2.48014117e-01 3.38814349e-01 3.11323981e-01
  1.88190832e+00 3.25202962e-01 8.42542284e-01 6.19897705e-01
  2.44103211e-01 3.29196854e+01 3.48182118e+00 1.70195665e+00
  3.51115813e-01 2.12824245e-01 3.52979970e-01 4.51387009e+00
  6.29401921e+00 9.85282025e-01 7.28263282e-01 3.73527939e-01
  1.03877338e+00 7.72293464e-01 8.86666235e-01 4.43199691e-01
  4.68077860e-01 1.10758261e+01 1.69590408e-01 5.51347756e-01
  7.54871322e+00 4.26365124e+01 3.91700328e+00 1.22797248e+01]
 [3.67368504e-01 3.04114298e+00 1.59868040e-01 3.34881243e-01
  9.50371359e-01 3.69028269e-01 9.83342440e+01 1.85251739e-01
  3.07564851e+00 1.30643904e+00 3.93113118e+01 2.07992907e-01
  1.05484871e+01 4.35036183e-01 3.12487911e+00 2.02243977e+00
  4.64941606e-01 5.84579112e+02 4.29330573e+00 1.56453976e+00
  2.22109621e+00 1.77715436e+00 5.24643754e-01 4.12798880e+01
  5.30388014e-01 1.93832726e+00 5.67674290e-01 2.17065178e+00
  7.85121306e-01 4.66556282e+00 8.05467628e-01 5.28232044e-01
  1.04635262e-01 1.40998745e+00 8.70665541e-01 1.65453963e-01
  3.42991347e+00 1.57830969e-01 9.69207322e+00 1.48009474e+01
  3.23149583e-01 2.60429173e-01 5.18304381e-01 2.35699327e+00
  1.78180899e+00 1.42382564e+02 6.04966368e-01 1.75123592e-01
  4.74612193e+00 4.61977469e+00 2.58642602e-01 4.36887763e-01
  2.53540655e+00 1.81994387e+00 2.27339516e-01 1.47683003e-01
  2.16088161e+00 8.22616819e+01 4.64236909e+00 3.29047051e-01
  9.27591151e-01 9.14196235e-01 2.73980196e+00 6.51244327e+01]
 [2.11383224e+00 7.46577446e-01 3.92176842e-01 1.45613409e+01
  1.05991543e+00 4.23457105e-01 7.83664078e-02 3.63587146e+00
  6.69936735e-02 4.87777479e-01 3.26806819e+00 1.40056704e+01
  4.92493568e-01 3.45369244e-01 1.80643725e+00 1.06941744e+02
  6.66809052e-01 2.18784298e-01 1.54115010e+00 6.80375638e+00
  1.17932426e+00 1.59888682e+00 3.55901975e-01 2.10286914e-01
  1.54267957e+00 9.89176952e-02 6.34921271e-01 1.13050572e-01
  8.11031028e-01 1.70755733e+02 4.66221391e-01 3.51673614e+00
  4.05866248e+00 6.87237223e+00 2.88167205e-01 5.04334266e-01
  7.30196817e-01 3.42634265e+00 2.05223684e-01 7.86204152e+00
  1.33119623e+00 3.10836606e+00 5.22534205e+00 4.67279810e-01
  3.15707123e+02 3.50727967e-01 1.08582599e+00 9.63020099e-01
  5.80809110e+01 2.26315076e-01 7.69492834e-01 2.45555779e-01
  8.93615973e-02 4.47046381e+01 2.84300072e-01 1.34025396e+02
  6.33704915e+00 1.83609395e-01 1.81658875e+00 2.79131146e+00
  1.67129386e+00 2.48800189e-01 3.77051121e+01 4.25686565e+01]
 [3.85411849e-01 2.46952334e-01 1.85644894e-01 1.40221827e-01
  6.64174117e+00 1.19469104e-01 2.82665733e-01 1.14993644e+01
  4.23810841e+00 1.97940313e-01 8.28575742e+02 2.00516489e+00
  1.82616759e+00 4.57281927e-01 8.36175690e-01 4.00577505e+03
  1.43184436e-01 4.97631169e-01 1.21958098e-01 3.63013135e-01
  1.36162673e+00 2.56318334e+00 4.15467931e+00 5.59138431e+00
  8.28052343e+00 3.28798652e-01 7.17988984e-02 2.36590723e+01
  5.71081007e+00 6.87460376e+01 1.73432602e+00 2.84484463e+00
  4.62872551e-01 5.67934533e-01 1.21608860e+02 1.39108330e-01
  3.91969259e-01 2.04066788e-01 9.82529901e-01 4.56051288e-01
  3.18665743e+00 1.03272820e+00 1.79843029e+00 9.62058110e-01
  1.16853997e+01 2.02204072e+00 9.79191234e-02 1.22404314e+00
  2.53003632e+02 7.14647727e-01 1.86156674e+00 2.19796051e+00
  4.30755540e+00 1.15977068e+00 9.75142891e-02 2.83750815e+01
  7.17657048e+01 6.39408600e-01 7.17893025e-01 2.16338900e-01
  5.89970737e+00 6.22638842e+00 9.06223457e-01 5.30693219e-01]
 [1.61662416e-01 4.39495834e-01 1.06169607e+00 8.15932484e-01
  1.27792866e-01 7.70284426e+01 5.62498672e+01 1.40941185e+04
  4.30981737e-01 9.46298839e-01 9.24324547e-01 1.13086633e+00
  1.10643913e+01 1.26694469e+02 1.13440998e+01 5.47674268e-01
  1.62054793e-01 1.13522275e-01 9.90991548e+01 1.66078628e-01
  1.14232932e+00 5.70584000e-01 9.71408421e-02 8.45046857e+00
  2.16491970e+00 2.55823221e+00 1.83424429e+00 1.30580373e+00
  6.22738120e-01 1.99339312e+01 1.47342076e+02 4.85625448e+00
  2.83391883e-01 5.75255350e+00 2.16824987e+00 1.49959457e+00
  4.61683638e+00 3.05880042e+00 3.62536631e+00 6.05518904e+00
  2.82777317e-01 2.55497084e-01 1.68501404e-01 2.56609064e+00
  2.44379272e-01 3.86364303e+04 1.07738989e+02 1.70447117e+02
  6.59661448e+00 2.94401582e+00 4.91375994e-01 1.97285361e+03
  5.78601116e-01 3.23664472e+00 2.78150304e+00 3.90108653e+02
  2.55158070e+00 3.70210777e+00 1.33410553e+01 3.88044580e-01
  4.16166036e+01 3.27208284e-01 7.62254994e+01 9.76148084e-01]
 [3.86642949e-01 8.48886118e-02 3.65062276e+00 1.40823869e+00
  2.33463788e-01 8.31889459e-01 1.01338228e+01 1.21086050e+00
  1.95832813e+02 3.57520401e+01 9.15119102e-01 4.04415946e+01
  2.79188542e-01 1.15619998e+04 1.43120285e+05 6.67933706e+00
  3.58986342e+01 6.85194195e-01 2.06795291e+00 2.50590842e-01
  1.42937370e-01 3.54058195e-01 3.50385572e+00 1.75873981e-01
  8.51959642e+01 8.47851813e-01 4.11293232e-01 4.82426882e-01
  4.07589530e-01 1.72153754e-01 1.10042699e+02 1.74447787e-01
  1.96103765e-01 1.84009913e+00 1.68556536e-01 1.21420484e+00
  5.25418506e+00 2.73346593e-01 8.28753053e+01 3.04647469e+02
  1.58322599e-01 1.09063510e+02 2.16932432e+02 9.10804474e-01
  1.00766235e-01 1.66764234e+01 7.79332922e+00 7.27685079e+00
  3.62831029e+02 1.17282412e+00 8.05338444e+00 4.79027504e+05
  1.09424531e-01 2.90469091e+01 3.12941259e+00 2.83404772e+00
  3.56077689e+00 3.84466660e+00 2.64144179e-01 3.77881529e-01
  8.36625766e-01 3.31008112e+00 3.40270472e-01 6.61158380e-01]
 [1.63883714e+02 9.46289834e+01 9.58985541e-01 2.26468328e-01
  1.07325385e-01 1.96895355e-01 4.84503312e+00 6.60865954e-01
  2.04634222e-01 4.26748311e+00 2.87352838e+00 1.49306436e+00
  4.00923105e+00 3.21442157e-01 1.39345216e+00 4.28039257e+00
  3.99178507e-02 1.41103548e+01 4.94605120e+01 2.01841739e-01
  1.11273152e+00 2.73271384e+01 8.58908290e-01 3.29090603e-01
  2.23803374e+00 1.67379150e-01 4.77788956e+00 1.01933922e-01
  1.82351282e+01 4.95996312e+00 2.12828054e+00 2.41525237e+00
  1.29742369e+00 1.81891602e+00 4.29650625e-01 3.22812301e+00
  1.83039016e+00 3.62064224e+00 1.34154132e+03 1.12652202e+05
  1.19855749e+00 3.50597480e-01 4.66202886e+00 1.45578731e-01
  1.70920496e-01 5.22440864e-01 1.07903553e+00 3.11038205e-01
  5.29923684e+00 4.05096238e+00 2.88789807e+01 2.59144669e-01
  5.46394178e+00 3.04014167e-01 8.23014595e-02 1.04223467e+01
  3.27922544e+00 2.55462847e+01 5.51250297e+02 1.44350242e+00
  2.76787463e-01 9.58069941e-02 1.66878628e+00 3.23497953e-01]
 [8.55996814e-02 2.05546576e+00 1.26259680e+00 1.71079314e+00
  1.57706284e+00 1.21947635e+00 2.66452858e-01 3.50698021e-01
  2.50992127e+05 1.55568304e-01 5.14052673e+00 4.54536537e-01
  3.16583631e-01 1.70972179e+00 7.60422264e+00 1.83176213e+00
  3.41976604e-01 3.29655620e+01 6.43941547e-02 1.76675051e+00
  1.11877879e+00 4.64273414e+00 7.64290850e+00 1.26738539e+00
  2.56071728e+00 1.12756818e+00 1.04524949e+05 1.07457623e+00
  9.87564425e+00 4.74053549e+00 1.65106353e+00 6.05160157e+00
  8.11146734e-01 1.81262136e-01 1.49395499e+00 1.57588444e+00
  2.90003296e-01 1.87328571e+00 1.22321583e+02 2.08634776e-01
  1.12741344e+01 4.95256996e+00 1.28154401e-01 2.00685582e+01
  2.47483018e+03 1.50810515e+00 1.07039013e+01 2.11191566e-01
  4.23878145e-01 1.65622480e-01 4.41198951e+00 5.79482266e-01
  1.49808352e+01 3.75636753e+00 2.75282721e+00 8.10042214e-01
  3.84818479e-01 9.86671468e-01 2.53290035e+00 3.77948317e+00
  1.12232439e-01 2.88532127e-01 5.93477281e-01 8.17059437e+00]]
