1
50
2023-11-08 10:06:06
100
2023-11-08 10:07:49
elapsed:  208.2  seconds
150
2023-11-08 10:09:32
200
2023-11-08 10:11:26
elapsed:  424.4  seconds
250
2023-11-08 10:13:18
300
2023-11-08 10:15:08
elapsed:  646.5  seconds
350
2023-11-08 10:17:16
400
2023-11-08 10:19:10
elapsed:  889.1  seconds
450
2023-11-08 10:21:09
500
2023-11-08 10:23:07
elapsed:  1126.2  seconds
/projects/muyang@colostate.edu/software/anaconda/envs/testenv/lib/python3.11/site-packages/numpy/lib/function_base.py:2455: RuntimeWarning: divide by zero encountered in func (vectorized)
  outputs = ufunc(*inputs)
/projects/muyang@colostate.edu/software/anaconda/envs/testenv/lib/python3.11/site-packages/numpy/lib/function_base.py:2455: RuntimeWarning: invalid value encountered in func (vectorized)
  outputs = ufunc(*inputs)
550
2023-11-08 10:24:43
600
2023-11-08 10:26:19
elapsed:  1318.1  seconds
650
2023-11-08 10:27:45
700
2023-11-08 10:29:43
elapsed:  1521.3  seconds
750
2023-11-08 10:31:31
800
2023-11-08 10:33:39
elapsed:  1757.5  seconds
850
2023-11-08 10:35:51
900
2023-11-08 10:37:56
elapsed:  2015.0  seconds
950
2023-11-08 10:40:10
1000
2023-11-08 10:42:17
elapsed:  2276.1  seconds
1050
2023-11-08 10:44:18
1100
2023-11-08 10:46:18
elapsed:  2516.6  seconds
1150
2023-11-08 10:48:03
1200
2023-11-08 10:49:16
elapsed:  2695.1  seconds
1250
2023-11-08 10:50:58
1300
2023-11-08 10:53:14
elapsed:  2933.2  seconds
1350
2023-11-08 10:55:13
1400
2023-11-08 10:56:51
elapsed:  3149.6  seconds
1450
2023-11-08 10:59:10
/projects/muyang@colostate.edu/software/anaconda/envs/testenv/lib/python3.11/site-packages/numpy/lib/function_base.py:2455: RuntimeWarning: divide by zero encountered in func (vectorized)
  outputs = ufunc(*inputs)
/projects/muyang@colostate.edu/software/anaconda/envs/testenv/lib/python3.11/site-packages/numpy/lib/function_base.py:2455: RuntimeWarning: invalid value encountered in func (vectorized)
  outputs = ufunc(*inputs)
/projects/muyang@colostate.edu/software/anaconda/envs/testenv/lib/python3.11/site-packages/numpy/lib/function_base.py:2455: RuntimeWarning: divide by zero encountered in func (vectorized)
  outputs = ufunc(*inputs)
/projects/muyang@colostate.edu/software/anaconda/envs/testenv/lib/python3.11/site-packages/numpy/lib/function_base.py:2455: RuntimeWarning: invalid value encountered in func (vectorized)
  outputs = ufunc(*inputs)
1500
2023-11-08 11:00:52
elapsed:  3390.8  seconds
1550
2023-11-08 11:02:29
1600
2023-11-08 11:04:11
elapsed:  3589.9  seconds
1650
2023-11-08 11:05:56
1700
2023-11-08 11:08:09
elapsed:  3827.2  seconds
1750
2023-11-08 11:10:06
1800
2023-11-08 11:11:48
elapsed:  4046.7  seconds
1850
2023-11-08 11:13:28
1900
2023-11-08 11:14:55
elapsed:  4234.2  seconds
/projects/muyang@colostate.edu/software/anaconda/envs/testenv/lib/python3.11/site-packages/numpy/lib/function_base.py:2455: RuntimeWarning: divide by zero encountered in func (vectorized)
  outputs = ufunc(*inputs)
/projects/muyang@colostate.edu/software/anaconda/envs/testenv/lib/python3.11/site-packages/numpy/lib/function_base.py:2455: RuntimeWarning: invalid value encountered in func (vectorized)
  outputs = ufunc(*inputs)
1950
2023-11-08 11:17:28
2000
2023-11-08 11:19:30
elapsed:  4508.8  seconds
2050
2023-11-08 11:21:35
2100
2023-11-08 11:24:06
elapsed:  4784.9  seconds
2150
2023-11-08 11:26:31
2200
2023-11-08 11:29:03
elapsed:  5081.4  seconds
2250
2023-11-08 11:31:06
/projects/muyang@colostate.edu/software/anaconda/envs/testenv/lib/python3.11/site-packages/numpy/lib/function_base.py:2455: RuntimeWarning: divide by zero encountered in func (vectorized)
  outputs = ufunc(*inputs)
/projects/muyang@colostate.edu/software/anaconda/envs/testenv/lib/python3.11/site-packages/numpy/lib/function_base.py:2455: RuntimeWarning: invalid value encountered in func (vectorized)
  outputs = ufunc(*inputs)
2300
2023-11-08 11:33:28
elapsed:  5346.8  seconds
2350
2023-11-08 11:35:46
/projects/muyang@colostate.edu/software/anaconda/envs/testenv/lib/python3.11/site-packages/numpy/lib/function_base.py:2455: RuntimeWarning: divide by zero encountered in func (vectorized)
  outputs = ufunc(*inputs)
/projects/muyang@colostate.edu/software/anaconda/envs/testenv/lib/python3.11/site-packages/numpy/lib/function_base.py:2455: RuntimeWarning: invalid value encountered in func (vectorized)
  outputs = ufunc(*inputs)
2400
2023-11-08 11:38:00
elapsed:  5618.8  seconds
2450
2023-11-08 11:40:20
/projects/muyang@colostate.edu/software/anaconda/envs/testenv/lib/python3.11/site-packages/numpy/lib/function_base.py:2455: RuntimeWarning: divide by zero encountered in func (vectorized)
  outputs = ufunc(*inputs)
/projects/muyang@colostate.edu/software/anaconda/envs/testenv/lib/python3.11/site-packages/numpy/lib/function_base.py:2455: RuntimeWarning: invalid value encountered in func (vectorized)
  outputs = ufunc(*inputs)
2500
2023-11-08 11:42:27
elapsed:  5885.7  seconds
2550
2023-11-08 11:44:13
2600
2023-11-08 11:46:04
elapsed:  6103.2  seconds
2650
2023-11-08 11:47:40
2700
2023-11-08 11:50:04
elapsed:  6342.3  seconds
2750
2023-11-08 11:51:50
2800
2023-11-08 11:54:17
elapsed:  6595.9  seconds
2850
2023-11-08 11:56:31
2900
2023-11-08 11:58:47
elapsed:  6865.3  seconds
2950
2023-11-08 12:01:11
3000
2023-11-08 12:03:47
elapsed:  7165.6  seconds
3050
2023-11-08 12:06:07
3100
2023-11-08 12:08:33
elapsed:  7451.6  seconds
3150
2023-11-08 12:10:32
3200
2023-11-08 12:12:33
elapsed:  7691.8  seconds
/projects/muyang@colostate.edu/software/anaconda/envs/testenv/lib/python3.11/site-packages/numpy/lib/function_base.py:2455: RuntimeWarning: divide by zero encountered in func (vectorized)
  outputs = ufunc(*inputs)
/projects/muyang@colostate.edu/software/anaconda/envs/testenv/lib/python3.11/site-packages/numpy/lib/function_base.py:2455: RuntimeWarning: invalid value encountered in func (vectorized)
  outputs = ufunc(*inputs)
3250
2023-11-08 12:14:48
/projects/muyang@colostate.edu/software/anaconda/envs/testenv/lib/python3.11/site-packages/numpy/lib/function_base.py:2455: RuntimeWarning: divide by zero encountered in func (vectorized)
  outputs = ufunc(*inputs)
/projects/muyang@colostate.edu/software/anaconda/envs/testenv/lib/python3.11/site-packages/numpy/lib/function_base.py:2455: RuntimeWarning: invalid value encountered in func (vectorized)
  outputs = ufunc(*inputs)
3300
2023-11-08 12:17:05
elapsed:  7963.6  seconds
3350
2023-11-08 12:18:41
3400
2023-11-08 12:20:53
elapsed:  8191.5  seconds
3450
2023-11-08 12:23:04
3500
2023-11-08 12:25:18
elapsed:  8456.3  seconds
/projects/muyang@colostate.edu/software/anaconda/envs/testenv/lib/python3.11/site-packages/numpy/lib/function_base.py:2455: RuntimeWarning: divide by zero encountered in func (vectorized)
  outputs = ufunc(*inputs)
/projects/muyang@colostate.edu/software/anaconda/envs/testenv/lib/python3.11/site-packages/numpy/lib/function_base.py:2455: RuntimeWarning: invalid value encountered in func (vectorized)
  outputs = ufunc(*inputs)
3550
2023-11-08 12:27:27
3600
2023-11-08 12:29:53
elapsed:  8731.8  seconds
3650
2023-11-08 12:31:45
3700
2023-11-08 12:33:59
elapsed:  8977.5  seconds
3750
2023-11-08 12:36:31
3800
2023-11-08 12:38:20
elapsed:  9238.7  seconds
/projects/muyang@colostate.edu/software/anaconda/envs/testenv/lib/python3.11/site-packages/numpy/lib/function_base.py:2455: RuntimeWarning: divide by zero encountered in func (vectorized)
  outputs = ufunc(*inputs)
/projects/muyang@colostate.edu/software/anaconda/envs/testenv/lib/python3.11/site-packages/numpy/lib/function_base.py:2455: RuntimeWarning: invalid value encountered in func (vectorized)
  outputs = ufunc(*inputs)
3850
2023-11-08 12:40:31
3900
2023-11-08 12:42:33
elapsed:  9491.9  seconds
3950
2023-11-08 12:44:26
4000
2023-11-08 12:45:51
elapsed:  9689.5  seconds
4050
2023-11-08 12:48:12
4100
2023-11-08 12:50:38
elapsed:  9976.3  seconds
4150
2023-11-08 12:52:49
4200
2023-11-08 12:54:39
elapsed:  10218.2  seconds
4250
2023-11-08 12:56:55
4300
2023-11-08 12:59:09
elapsed:  10487.5  seconds
4350
2023-11-08 13:00:58
4400
2023-11-08 13:03:15
elapsed:  10734.1  seconds
4450
2023-11-08 13:05:31
4500
2023-11-08 13:07:59
elapsed:  11017.4  seconds
4550
2023-11-08 13:10:41
/projects/muyang@colostate.edu/software/anaconda/envs/testenv/lib/python3.11/site-packages/numpy/lib/function_base.py:2455: RuntimeWarning: divide by zero encountered in func (vectorized)
  outputs = ufunc(*inputs)
/projects/muyang@colostate.edu/software/anaconda/envs/testenv/lib/python3.11/site-packages/numpy/lib/function_base.py:2455: RuntimeWarning: invalid value encountered in func (vectorized)
  outputs = ufunc(*inputs)
/projects/muyang@colostate.edu/software/anaconda/envs/testenv/lib/python3.11/site-packages/numpy/lib/function_base.py:2455: RuntimeWarning: divide by zero encountered in func (vectorized)
  outputs = ufunc(*inputs)
/projects/muyang@colostate.edu/software/anaconda/envs/testenv/lib/python3.11/site-packages/numpy/lib/function_base.py:2455: RuntimeWarning: invalid value encountered in func (vectorized)
  outputs = ufunc(*inputs)
4600
2023-11-08 13:13:07
elapsed:  11326.1  seconds
4650
2023-11-08 13:15:06
4700
2023-11-08 13:17:19
elapsed:  11577.4  seconds
4750
2023-11-08 13:18:59
4800
2023-11-08 13:21:04
elapsed:  11802.6  seconds
/projects/muyang@colostate.edu/software/anaconda/envs/testenv/lib/python3.11/site-packages/numpy/lib/function_base.py:2455: RuntimeWarning: divide by zero encountered in func (vectorized)
  outputs = ufunc(*inputs)
/projects/muyang@colostate.edu/software/anaconda/envs/testenv/lib/python3.11/site-packages/numpy/lib/function_base.py:2455: RuntimeWarning: invalid value encountered in func (vectorized)
  outputs = ufunc(*inputs)
4850
2023-11-08 13:23:13
4900
2023-11-08 13:25:19
elapsed:  12057.5  seconds
/projects/muyang@colostate.edu/software/anaconda/envs/testenv/lib/python3.11/site-packages/numpy/lib/function_base.py:2455: RuntimeWarning: divide by zero encountered in func (vectorized)
  outputs = ufunc(*inputs)
/projects/muyang@colostate.edu/software/anaconda/envs/testenv/lib/python3.11/site-packages/numpy/lib/function_base.py:2455: RuntimeWarning: invalid value encountered in func (vectorized)
  outputs = ufunc(*inputs)
4950
2023-11-08 13:26:36
5000
2023-11-08 13:28:33
elapsed:  12251.2  seconds
5050
2023-11-08 13:30:37
5100
2023-11-08 13:32:18
elapsed:  12476.9  seconds
5150
2023-11-08 13:34:44
5200
2023-11-08 13:36:39
elapsed:  12737.8  seconds
5250
2023-11-08 13:38:38
5300
2023-11-08 13:40:55
elapsed:  12993.9  seconds
5350
2023-11-08 13:43:05
5400
2023-11-08 13:45:09
elapsed:  13247.9  seconds
5450
2023-11-08 13:47:25
5500
2023-11-08 13:49:30
elapsed:  13508.9  seconds
5550
2023-11-08 13:51:40
5600
2023-11-08 13:53:56
elapsed:  13775.0  seconds
5650
2023-11-08 13:56:17
5700
2023-11-08 13:58:35
elapsed:  14054.0  seconds
5750
2023-11-08 14:00:47
5800
2023-11-08 14:02:53
elapsed:  14311.4  seconds
5850
2023-11-08 14:05:04
/projects/muyang@colostate.edu/software/anaconda/envs/testenv/lib/python3.11/site-packages/numpy/lib/function_base.py:2455: RuntimeWarning: divide by zero encountered in func (vectorized)
  outputs = ufunc(*inputs)
/projects/muyang@colostate.edu/software/anaconda/envs/testenv/lib/python3.11/site-packages/numpy/lib/function_base.py:2455: RuntimeWarning: invalid value encountered in func (vectorized)
  outputs = ufunc(*inputs)
5900
2023-11-08 14:06:59
elapsed:  14557.5  seconds
5950
2023-11-08 14:08:41
6000
2023-11-08 14:10:09
elapsed:  14748.0  seconds
6050
2023-11-08 14:12:00
6100
2023-11-08 14:13:58
elapsed:  14977.1  seconds
6150
2023-11-08 14:16:13
6200
2023-11-08 14:18:22
elapsed:  15240.3  seconds
6250
2023-11-08 14:19:59
6300
2023-11-08 14:22:08
elapsed:  15466.8  seconds
6350
2023-11-08 14:24:14
6400
2023-11-08 14:26:26
elapsed:  15724.7  seconds
6450
2023-11-08 14:28:55
6500
2023-11-08 14:31:07
elapsed:  16006.2  seconds
6550
2023-11-08 14:33:24
6600
2023-11-08 14:35:46
elapsed:  16284.6  seconds
6650
2023-11-08 14:38:07
6700
2023-11-08 14:40:37
elapsed:  16576.2  seconds
6750
2023-11-08 14:43:06
6800
2023-11-08 14:45:30
elapsed:  16869.2  seconds
6850
2023-11-08 14:48:07
6900
2023-11-08 14:50:28
elapsed:  17166.6  seconds
6950
2023-11-08 14:52:25
7000
2023-11-08 14:54:22
elapsed:  17400.5  seconds
7050
2023-11-08 14:56:56
7100
2023-11-08 14:59:03
elapsed:  17682.0  seconds
7150
2023-11-08 15:01:13
7200
2023-11-08 15:03:18
elapsed:  17937.2  seconds
/projects/muyang@colostate.edu/software/anaconda/envs/testenv/lib/python3.11/site-packages/numpy/lib/function_base.py:2455: RuntimeWarning: divide by zero encountered in func (vectorized)
  outputs = ufunc(*inputs)
/projects/muyang@colostate.edu/software/anaconda/envs/testenv/lib/python3.11/site-packages/numpy/lib/function_base.py:2455: RuntimeWarning: invalid value encountered in func (vectorized)
  outputs = ufunc(*inputs)
/projects/muyang@colostate.edu/software/anaconda/envs/testenv/lib/python3.11/site-packages/numpy/lib/function_base.py:2455: RuntimeWarning: divide by zero encountered in func (vectorized)
  outputs = ufunc(*inputs)
/projects/muyang@colostate.edu/software/anaconda/envs/testenv/lib/python3.11/site-packages/numpy/lib/function_base.py:2455: RuntimeWarning: invalid value encountered in func (vectorized)
  outputs = ufunc(*inputs)
7250
2023-11-08 15:05:15
/projects/muyang@colostate.edu/software/anaconda/envs/testenv/lib/python3.11/site-packages/numpy/lib/function_base.py:2455: RuntimeWarning: divide by zero encountered in func (vectorized)
  outputs = ufunc(*inputs)
/projects/muyang@colostate.edu/software/anaconda/envs/testenv/lib/python3.11/site-packages/numpy/lib/function_base.py:2455: RuntimeWarning: invalid value encountered in func (vectorized)
  outputs = ufunc(*inputs)
7300
2023-11-08 15:07:40
elapsed:  18199.1  seconds
7350
2023-11-08 15:10:14
7400
2023-11-08 15:12:40
elapsed:  18498.6  seconds
7450
2023-11-08 15:14:36
7500
2023-11-08 15:16:16
elapsed:  18714.9  seconds
7550
2023-11-08 15:18:46
7600
2023-11-08 15:21:14
elapsed:  19012.9  seconds
7650
2023-11-08 15:23:27
7700
2023-11-08 15:25:44
elapsed:  19282.4  seconds
7750
2023-11-08 15:28:15
7800
2023-11-08 15:30:41
elapsed:  19579.3  seconds
7850
2023-11-08 15:33:12
7900
2023-11-08 15:35:04
elapsed:  19842.7  seconds
7950
2023-11-08 15:37:03
8000
2023-11-08 15:39:10
elapsed:  20088.3  seconds
8050
2023-11-08 15:41:23
8100
2023-11-08 15:43:33
elapsed:  20351.7  seconds
8150
2023-11-08 15:45:52
8200
2023-11-08 15:48:09
elapsed:  20627.3  seconds
8250
2023-11-08 15:49:57
8300
2023-11-08 15:52:00
elapsed:  20859.2  seconds
8350
2023-11-08 15:54:01
8400
2023-11-08 15:56:12
elapsed:  21110.5  seconds
/projects/muyang@colostate.edu/software/anaconda/envs/testenv/lib/python3.11/site-packages/numpy/lib/function_base.py:2455: RuntimeWarning: divide by zero encountered in func (vectorized)
  outputs = ufunc(*inputs)
/projects/muyang@colostate.edu/software/anaconda/envs/testenv/lib/python3.11/site-packages/numpy/lib/function_base.py:2455: RuntimeWarning: invalid value encountered in func (vectorized)
  outputs = ufunc(*inputs)
8450
2023-11-08 15:58:25
8500
2023-11-08 16:00:51
elapsed:  21389.4  seconds
8550
2023-11-08 16:03:12
8600
2023-11-08 16:05:30
elapsed:  21668.8  seconds
8650
2023-11-08 16:07:44
8700
2023-11-08 16:09:54
elapsed:  21932.4  seconds
8750
2023-11-08 16:12:09
8800
2023-11-08 16:14:32
elapsed:  22210.7  seconds
8850
2023-11-08 16:17:04
8900
2023-11-08 16:18:59
elapsed:  22477.9  seconds
8950
2023-11-08 16:21:06
9000
2023-11-08 16:23:41
elapsed:  22759.4  seconds
9050
2023-11-08 16:26:04
9100
2023-11-08 16:28:10
elapsed:  23028.9  seconds
9150
2023-11-08 16:30:19
9200
2023-11-08 16:32:41
elapsed:  23300.0  seconds
9250
2023-11-08 16:35:18
9300
2023-11-08 16:37:43
elapsed:  23601.3  seconds
9350
2023-11-08 16:40:03
9400
2023-11-08 16:42:13
elapsed:  23871.7  seconds
9450
2023-11-08 16:44:33
9500
2023-11-08 16:47:10
elapsed:  24168.7  seconds
9550
2023-11-08 16:49:33
9600
2023-11-08 16:51:44
elapsed:  24443.1  seconds
9650
2023-11-08 16:54:14
9700
2023-11-08 16:56:44
elapsed:  24742.8  seconds
9750
2023-11-08 16:59:03
9800
2023-11-08 17:01:34
elapsed:  25032.4  seconds
9850
2023-11-08 17:03:47
/projects/muyang@colostate.edu/software/anaconda/envs/testenv/lib/python3.11/site-packages/numpy/lib/function_base.py:2455: RuntimeWarning: divide by zero encountered in func (vectorized)
  outputs = ufunc(*inputs)
/projects/muyang@colostate.edu/software/anaconda/envs/testenv/lib/python3.11/site-packages/numpy/lib/function_base.py:2455: RuntimeWarning: invalid value encountered in func (vectorized)
  outputs = ufunc(*inputs)
9900
2023-11-08 17:05:56
elapsed:  25295.2  seconds
9950
2023-11-08 17:08:22
10000
2023-11-08 17:10:37
elapsed:  25576.2  seconds
10050
2023-11-08 17:12:56
10100
2023-11-08 17:15:06
elapsed:  25844.5  seconds
/projects/muyang@colostate.edu/software/anaconda/envs/testenv/lib/python3.11/site-packages/numpy/lib/function_base.py:2455: RuntimeWarning: divide by zero encountered in func (vectorized)
  outputs = ufunc(*inputs)
/projects/muyang@colostate.edu/software/anaconda/envs/testenv/lib/python3.11/site-packages/numpy/lib/function_base.py:2455: RuntimeWarning: invalid value encountered in func (vectorized)
  outputs = ufunc(*inputs)
10150
2023-11-08 17:17:23
10200
2023-11-08 17:19:47
elapsed:  26126.0  seconds
10250
2023-11-08 17:22:14
10300
2023-11-08 17:24:28
elapsed:  26407.2  seconds
10350
2023-11-08 17:26:49
10400
2023-11-08 17:28:58
elapsed:  26677.0  seconds
10450
2023-11-08 17:31:19
10500
2023-11-08 17:33:43
elapsed:  26961.3  seconds
10550
2023-11-08 17:36:13
10600
2023-11-08 17:38:40
elapsed:  27258.7  seconds
10650
2023-11-08 17:40:57
10700
2023-11-08 17:43:27
elapsed:  27545.4  seconds
10750
2023-11-08 17:45:58
10800
2023-11-08 17:48:08
elapsed:  27827.0  seconds
10850
2023-11-08 17:50:38
10900
2023-11-08 17:53:16
elapsed:  28135.1  seconds
/projects/muyang@colostate.edu/software/anaconda/envs/testenv/lib/python3.11/site-packages/numpy/lib/function_base.py:2455: RuntimeWarning: divide by zero encountered in func (vectorized)
  outputs = ufunc(*inputs)
/projects/muyang@colostate.edu/software/anaconda/envs/testenv/lib/python3.11/site-packages/numpy/lib/function_base.py:2455: RuntimeWarning: invalid value encountered in func (vectorized)
  outputs = ufunc(*inputs)
/projects/muyang@colostate.edu/software/anaconda/envs/testenv/lib/python3.11/site-packages/numpy/lib/function_base.py:2455: RuntimeWarning: divide by zero encountered in func (vectorized)
  outputs = ufunc(*inputs)
/projects/muyang@colostate.edu/software/anaconda/envs/testenv/lib/python3.11/site-packages/numpy/lib/function_base.py:2455: RuntimeWarning: invalid value encountered in func (vectorized)
  outputs = ufunc(*inputs)
10950
2023-11-08 17:55:57
11000
2023-11-08 17:58:25
elapsed:  28443.6  seconds
11050
2023-11-08 18:00:51
11100
2023-11-08 18:03:11
elapsed:  28730.1  seconds
11150
2023-11-08 18:05:36
11200
2023-11-08 18:08:04
elapsed:  29022.5  seconds
11250
2023-11-08 18:10:36
11300
2023-11-08 18:12:52
elapsed:  29310.8  seconds
11350
2023-11-08 18:15:35
11400
2023-11-08 18:17:55
elapsed:  29613.4  seconds
11450
2023-11-08 18:20:23
11500
2023-11-08 18:22:48
elapsed:  29906.3  seconds
11550
2023-11-08 18:25:44
11600
2023-11-08 18:28:25
elapsed:  30243.7  seconds
11650
2023-11-08 18:31:03
/projects/muyang@colostate.edu/software/anaconda/envs/testenv/lib/python3.11/site-packages/numpy/lib/function_base.py:2455: RuntimeWarning: divide by zero encountered in func (vectorized)
  outputs = ufunc(*inputs)
/projects/muyang@colostate.edu/software/anaconda/envs/testenv/lib/python3.11/site-packages/numpy/lib/function_base.py:2455: RuntimeWarning: invalid value encountered in func (vectorized)
  outputs = ufunc(*inputs)
11700
2023-11-08 18:33:25
elapsed:  30543.6  seconds
11750
2023-11-08 18:35:56
11800
2023-11-08 18:38:25
elapsed:  30843.7  seconds
11850
2023-11-08 18:40:46
11900
2023-11-08 18:43:20
elapsed:  31139.2  seconds
/projects/muyang@colostate.edu/software/anaconda/envs/testenv/lib/python3.11/site-packages/numpy/lib/function_base.py:2455: RuntimeWarning: divide by zero encountered in func (vectorized)
  outputs = ufunc(*inputs)
/projects/muyang@colostate.edu/software/anaconda/envs/testenv/lib/python3.11/site-packages/numpy/lib/function_base.py:2455: RuntimeWarning: invalid value encountered in func (vectorized)
  outputs = ufunc(*inputs)
11950
2023-11-08 18:45:57
12000
2023-11-08 18:48:23
elapsed:  31441.9  seconds
12050
2023-11-08 18:50:48
12100
2023-11-08 18:53:14
elapsed:  31732.4  seconds
/projects/muyang@colostate.edu/software/anaconda/envs/testenv/lib/python3.11/site-packages/numpy/lib/function_base.py:2455: RuntimeWarning: divide by zero encountered in func (vectorized)
  outputs = ufunc(*inputs)
/projects/muyang@colostate.edu/software/anaconda/envs/testenv/lib/python3.11/site-packages/numpy/lib/function_base.py:2455: RuntimeWarning: invalid value encountered in func (vectorized)
  outputs = ufunc(*inputs)
12150
2023-11-08 18:55:37
12200
2023-11-08 18:58:21
elapsed:  32040.1  seconds
12250
2023-11-08 19:00:48
12300
2023-11-08 19:02:59
elapsed:  32317.4  seconds
12350
2023-11-08 19:05:42
12400
2023-11-08 19:08:20
elapsed:  32639.0  seconds
12450
2023-11-08 19:11:00
12500
2023-11-08 19:13:27
elapsed:  32945.6  seconds
12550
2023-11-08 19:15:55
12600
2023-11-08 19:18:29
elapsed:  33247.7  seconds
12650
2023-11-08 19:21:05
12700
2023-11-08 19:23:33
elapsed:  33551.4  seconds
12750
2023-11-08 19:26:06
12800
2023-11-08 19:28:33
elapsed:  33852.0  seconds
12850
2023-11-08 19:30:56
12900
2023-11-08 19:33:30
elapsed:  34148.9  seconds
12950
2023-11-08 19:36:04
13000
2023-11-08 19:38:36
elapsed:  34454.8  seconds
13050
2023-11-08 19:41:12
13100
2023-11-08 19:43:43
elapsed:  34761.6  seconds
13150
2023-11-08 19:46:17
13200
2023-11-08 19:48:37
elapsed:  35055.6  seconds
13250
2023-11-08 19:51:02
13300
2023-11-08 19:53:41
elapsed:  35359.9  seconds
13350
2023-11-08 19:56:21
13400
2023-11-08 19:58:55
elapsed:  35673.6  seconds
13450
2023-11-08 20:01:29
13500
2023-11-08 20:04:07
elapsed:  35985.5  seconds
13550
2023-11-08 20:06:42
/projects/muyang@colostate.edu/software/anaconda/envs/testenv/lib/python3.11/site-packages/numpy/lib/function_base.py:2455: RuntimeWarning: divide by zero encountered in func (vectorized)
  outputs = ufunc(*inputs)
/projects/muyang@colostate.edu/software/anaconda/envs/testenv/lib/python3.11/site-packages/numpy/lib/function_base.py:2455: RuntimeWarning: invalid value encountered in func (vectorized)
  outputs = ufunc(*inputs)
13600
2023-11-08 20:09:14
elapsed:  36292.3  seconds
13650
2023-11-08 20:11:41
13700
2023-11-08 20:13:57
elapsed:  36576.0  seconds
13750
2023-11-08 20:16:28
13800
2023-11-08 20:18:47
elapsed:  36866.0  seconds
13850
2023-11-08 20:20:58
13900
2023-11-08 20:23:04
elapsed:  37123.2  seconds
13950
2023-11-08 20:25:29
/projects/muyang@colostate.edu/software/anaconda/envs/testenv/lib/python3.11/site-packages/numpy/lib/function_base.py:2455: RuntimeWarning: divide by zero encountered in func (vectorized)
  outputs = ufunc(*inputs)
/projects/muyang@colostate.edu/software/anaconda/envs/testenv/lib/python3.11/site-packages/numpy/lib/function_base.py:2455: RuntimeWarning: invalid value encountered in func (vectorized)
  outputs = ufunc(*inputs)
14000
2023-11-08 20:27:51
elapsed:  37410.1  seconds
14050
2023-11-08 20:30:25
14100
2023-11-08 20:32:39
elapsed:  37697.6  seconds
14150
2023-11-08 20:35:22
14200
2023-11-08 20:38:09
elapsed:  38027.4  seconds
14250
2023-11-08 20:40:35
14300
2023-11-08 20:42:45
elapsed:  38304.2  seconds
14350
2023-11-08 20:45:08
14400
2023-11-08 20:47:35
elapsed:  38593.6  seconds
14450
2023-11-08 20:50:00
14500
2023-11-08 20:52:12
elapsed:  38870.5  seconds
14550
2023-11-08 20:54:29
14600
2023-11-08 20:56:36
elapsed:  39135.0  seconds
14650
2023-11-08 20:58:55
14700
2023-11-08 21:01:10
elapsed:  39408.4  seconds
14750
2023-11-08 21:03:31
14800
2023-11-08 21:05:41
elapsed:  39679.5  seconds
14850
2023-11-08 21:08:07
14900
2023-11-08 21:10:23
elapsed:  39962.2  seconds
14950
2023-11-08 21:12:28
elapsed:  40228.5  seconds
total time:  40232.7  seconds
true R:  [[6.08460831e-01 4.23544174e-01 1.94149162e+00 9.41921156e-01
  8.14696406e-01 1.05472601e+00 3.47622908e-01 6.84644415e-01
  6.08337521e-01 3.02721196e-01 3.09182436e+00 1.98276569e+01
  1.81874560e-01 1.86251369e-01 4.56674565e-01 1.23196165e+00
  2.16173045e+00 5.88351315e-01 4.82399248e+00 6.61648860e+00
  1.63448194e-01 5.23196682e-01 1.52224036e+00 1.76651786e+01
  2.69679228e-01 6.51822886e-01 4.51756812e-01 9.64022701e-01
  5.23932992e-01 9.15211384e-02 4.90139500e-01 4.51259299e+00
  4.43040292e-01 2.75676405e-01 1.11319281e+01 8.11556215e+00
  7.60303610e+00 3.44508259e+00 6.10040874e-01 4.20804120e-01
  1.03395474e+00 4.51634555e+00 2.41713745e-01 1.01094527e+00
  6.88183144e-01 3.55740588e+00 1.48602327e+02 1.64422270e-01
  3.59071925e+00 3.81648073e+01 1.58501197e+02 2.38639916e+00
  2.49856507e+00 1.56431904e+01 1.77566268e+02 2.56208448e+00
  1.18221286e+00 1.20853574e+00 5.04509772e+00 2.21936732e+01
  1.35490857e+00 7.66249061e-01 2.72858632e+00 1.31001266e+00]
 [2.65123956e+01 1.74901573e+00 1.14667958e-01 7.09638831e-01
  5.07413182e+01 2.04178541e-01 1.79302057e-01 3.53667963e-01
  4.48782691e-01 7.94660599e+00 1.90662923e+00 1.81654707e+00
  8.47343261e-01 7.25969044e-01 3.26247212e-01 5.94888039e-01
  4.54207234e+00 1.04219403e+00 1.25981913e+00 1.89071209e+02
  5.31801087e-01 1.34981799e+00 6.26570009e-01 5.69326779e+01
  7.39008152e+00 3.69901544e-01 9.72692905e+00 5.06449516e+00
  1.10139082e-01 1.51282252e-01 2.79199652e-01 7.26697299e-02
  2.65488775e+02 1.67696545e+00 2.58853385e+01 1.54995546e+02
  6.81026815e-01 9.60105071e-01 2.46962720e+01 1.17856851e+00
  1.13922622e+01 1.67888511e+00 4.55689768e+02 2.78186012e+01
  1.98221156e+00 1.54504808e+00 1.39879776e+00 6.30685542e-01
  6.93414474e-01 4.35928542e-01 2.77414945e-01 1.32890747e+00
  1.52363404e+00 8.91628161e-02 5.92082645e+02 2.25440315e-01
  9.96638895e-01 1.26395442e-01 1.01656238e+00 2.00993257e-01
  3.91446530e-01 9.30476655e-01 3.31433388e+00 2.57091648e+01]
 [6.73001970e+00 1.39162982e+00 1.35064258e-01 6.83876621e-01
  3.32476716e-01 2.51195877e+01 5.01034459e+00 5.81197223e-01
  1.54824481e+00 6.65508007e-01 2.13290585e-01 3.58573607e-01
  5.27003852e-01 1.75765197e-01 8.41244173e+01 1.01548414e+00
  5.86355131e+00 2.29302690e-01 4.01807456e+00 7.30682399e+01
  4.24792749e-01 1.98155194e+00 5.76337480e+00 2.97209933e+01
  1.22750632e+00 4.14156325e+00 3.82390912e+00 1.58192057e+01
  4.11817937e-01 3.12358784e-01 3.00410128e+00 3.93198061e-01
  1.69209827e+01 2.35800238e-01 2.32651137e+00 6.20788538e+00
  9.18811252e-01 1.61490985e+02 2.54259012e+00 8.35055870e+01
  3.26027209e+00 1.56607532e+00 2.19203798e+01 2.47534343e-01
  3.13617246e-01 2.82171977e-01 6.13536692e+01 4.55767956e-01
  2.31447900e+00 1.91256833e+00 1.53624411e-01 1.31418786e+01
  2.81086669e-01 1.39900767e+00 3.97965601e-01 5.18128866e-01
  1.94593171e-01 4.62911143e-01 1.98729843e-01 2.16244073e-01
  1.57667264e-01 2.23374579e-01 3.93292369e-01 5.07378787e+00]
 [7.69243224e+00 1.17971722e+00 1.72060366e+00 1.64118728e-01
  4.90048730e-01 2.92679832e+00 1.63315627e+00 1.10885217e-01
  1.78366264e+00 7.85894159e-01 7.03931009e-01 1.74663511e-01
  5.02574419e+01 2.15029157e-01 1.57252215e-01 4.63050597e-01
  6.93484407e+02 5.97174504e-01 4.66348384e+00 5.29155200e-01
  1.32895288e-01 5.55354548e-01 2.64244812e+02 1.60273237e+00
  1.89842045e+00 6.62291991e+01 2.76541534e-01 1.86616631e-01
  6.91337683e+03 4.27884248e+00 1.61507620e-01 2.61419118e+01
  7.15082002e-01 3.12189685e-01 5.91382752e+00 2.05816754e+02
  4.18658471e+01 1.87024727e+01 4.64808709e+00 1.01867326e+01
  2.67071888e-01 3.87082748e+00 4.92350770e-01 7.69580142e-01
  1.45636994e+00 5.34144774e-01 2.67670721e-01 3.49393115e-01
  1.11170363e+01 2.42474216e+00 2.29736449e+01 3.66825888e+01
  3.77684958e+00 1.08155185e+00 3.40782626e+00 1.63096895e+00
  2.69312379e+00 7.91447058e-01 1.77359375e+01 1.66036996e+01
  1.48691436e+00 5.85543372e+00 1.15732426e+00 1.87146626e+00]
 [6.24300695e+00 2.09423338e-01 1.23135905e+00 1.57436900e-01
  1.82212069e-01 2.84075229e-01 1.02370704e+00 5.81810538e+00
  8.01112468e-01 2.43727876e+02 1.34044539e+00 9.94100846e+01
  6.53824088e+01 1.29899018e+00 2.49176316e-01 6.97380592e+00
  3.26781040e-01 4.32911899e-01 1.87886879e+01 6.61475852e-01
  2.21864831e-01 4.06374891e-01 8.34718908e-01 7.86021379e+00
  9.83438585e-01 1.76223316e-01 2.06739852e+00 1.58302626e+00
  3.77510188e+01 3.34136945e+00 2.28985843e+00 1.98711115e+00
  3.38339920e-01 2.68951808e+01 1.86022579e+00 8.29521929e-01
  8.97696342e+00 3.74225109e-01 2.36800688e+00 1.82944862e-01
  4.15795264e+01 2.56757276e+00 5.36071055e-01 5.42257514e-01
  4.48657766e+02 2.12582891e+01 6.88468375e+00 1.00841904e-01
  2.48794081e+00 4.28585889e+00 1.92787238e-01 1.07986721e+00
  7.66150170e-01 1.59742103e+00 5.24203158e+01 4.43013651e+03
  6.88252832e-01 3.16855397e-01 1.41498666e-01 1.36909849e+00
  8.35466319e-01 1.07024441e+00 3.42890753e-01 5.47141733e-01]
 [7.16270475e-01 1.39813968e+00 1.94437717e-01 1.65166589e+01
  9.77776259e+00 1.20335468e+02 2.16065035e+00 1.16492016e+01
  7.33636177e-01 1.98457138e-01 6.00813765e+00 9.93518649e+01
  4.56722624e-02 3.41779793e+01 1.21118751e+01 1.97418275e+00
  6.26130022e-01 2.60769231e+00 2.49663872e+01 1.66764861e+00
  6.89312205e-01 1.81413698e-01 2.11288165e+00 3.54258662e-01
  8.47975242e+01 2.70033761e+00 1.32228111e+00 2.55111560e+00
  1.91428097e-01 5.27445629e-01 5.00022730e+00 9.95518074e+02
  1.11834845e-01 1.75530476e+00 3.02613688e+01 6.54372190e-01
  2.40615164e+01 2.18050986e+00 1.73851992e+00 8.80746480e-01
  1.90197302e-01 4.16826668e-01 1.33636673e+00 2.37459976e+00
  1.00527567e+00 4.46826155e-01 3.43930816e+00 5.29508037e+00
  3.56281532e+00 2.07112044e-01 1.47348980e+03 8.91654546e-01
  2.10595563e+00 5.00938768e-01 8.00552386e+00 1.32324299e+01
  1.89242008e-01 3.96835857e+00 9.25900200e-01 3.88304637e-01
  8.34816751e-01 6.36792315e+01 8.18494696e+01 4.14835614e+01]
 [2.52737407e-01 3.29125019e+01 3.94886576e-01 5.52306378e-01
  1.25598473e+01 5.75822765e-01 9.51484634e+00 6.14819923e-01
  2.20208985e+01 1.19235291e+00 3.07816382e-01 8.70467832e+01
  4.52057961e+00 4.74599825e-01 1.99983214e+00 9.52791578e-02
  2.56441315e-01 1.19517066e+00 3.20862636e+00 2.79953789e+06
  2.12066465e+01 2.73240384e-01 1.72829216e+01 1.15679367e+00
  3.07771322e-01 4.07034042e-01 5.67779805e+00 1.71114603e-01
  1.39584738e-01 1.48227515e+01 2.07588045e-01 2.90050595e+00
  1.05018025e+00 1.35284042e+00 9.68877365e-02 5.79435434e-01
  3.12906368e-01 2.36522907e-01 6.81260200e-01 7.05956260e+00
  1.51478640e+00 4.19207817e+00 1.63184635e+00 7.22677085e+00
  9.63135732e-01 1.41567867e+00 2.11660868e+00 1.41115011e+00
  7.04327489e-01 3.19927888e-01 3.02525312e-01 1.00729164e+00
  1.03923706e-01 7.63955661e-01 4.71078160e+01 1.15410098e-01
  1.23673736e+00 8.89424254e+00 2.31749187e+01 1.76350701e+00
  6.51396380e+00 1.25783219e+00 1.40349237e+00 1.29748481e+03]
 [1.50037321e+01 2.90617979e-01 4.54225171e-01 8.04894736e+01
  3.43010460e+00 1.30761394e+00 1.37612384e-01 1.91083570e+01
  1.02201964e+01 7.11563165e-01 4.45271158e-01 1.34523236e+00
  1.56292632e+01 4.32389061e-01 7.06456431e-01 1.11530665e+01
  4.42322560e-01 1.91743501e+03 6.57287931e+02 1.45673783e-01
  9.26130388e+01 1.77047250e-01 8.96504310e+01 1.15344838e+00
  2.40286186e+01 7.36331208e-01 5.07076103e+03 2.67804386e+01
  6.06549895e-01 3.43394045e+04 2.66040005e-01 1.94499647e-01
  2.49311680e-01 1.21330101e-01 3.38306491e+00 2.71578327e+00
  5.40450324e-01 2.20830530e+00 4.84780635e-01 1.89568168e+00
  1.26533319e+00 2.03895334e-01 3.66248273e-01 4.95606763e-02
  2.11823773e-01 1.18341352e+00 9.73414288e-01 6.63137449e+00
  3.39250891e-01 4.95341374e-02 2.93008860e-01 1.97916062e+00
  9.34225041e+00 2.33987143e+00 2.73660280e-01 7.01170767e-01
  1.71650584e+01 4.21829412e+00 3.47799088e-01 1.17098076e+00
  2.29484694e-01 4.77278247e+00 7.10514801e+00 3.02472449e+01]
 [1.48160296e-01 3.35820230e-01 5.03192209e-01 2.43182486e+00
  5.92030864e-01 6.82199540e-01 7.83442180e+00 1.80731783e-01
  2.10329212e+00 1.49123171e-01 6.24821177e-01 2.65777256e-01
  2.66277018e+00 8.60310920e-01 7.39819148e+01 1.01664766e+00
  7.50216747e-01 3.02915228e+00 1.62299737e+00 5.31693166e+00
  1.39000423e-01 3.40168135e+01 2.26997741e+01 2.06119126e-01
  4.04330421e-01 4.24348457e-01 1.68503842e+00 1.68895790e+02
  1.87705539e+01 1.05384774e-01 2.07476369e-01 1.11710055e+01
  1.17746833e+00 2.51308395e+00 1.81102593e+00 6.01355158e-01
  4.82017241e+00 1.75528402e-01 1.47560281e+00 4.31779579e-01
  2.94196606e+03 1.75003937e-01 1.74279976e+01 5.35090833e-01
  1.61928159e+00 1.70317296e+03 1.54580546e+00 5.20939955e+00
  2.77406695e-01 1.36703782e+01 2.24531052e+00 1.78606602e-01
  8.33231593e-01 4.38662524e-01 5.31215687e+01 4.39663665e+00
  8.44650141e-01 2.57202761e-01 3.57450489e-01 3.00064020e-01
  5.07430723e+00 4.90828466e-01 2.11053450e-01 2.89806597e+00]]
