--------------------------------------------------------------------------
No OpenFabrics connection schemes reported that they were able to be
used on a specific port.  As such, the openib BTL (OpenFabrics
support) will be disabled for this port.

  Local host:           c3cpu-a2-u19-4
  Local device:         mlx5_0
  Local port:           1
  CPCs attempted:       rdmacm, udcm
--------------------------------------------------------------------------
[c3cpu-a2-u19-4.rc.int.colorado.edu:731860] 63 more processes have sent help message help-mpi-btl-openib-cpc-base.txt / no cpcs for port
[c3cpu-a2-u19-4.rc.int.colorado.edu:731860] Set MCA parameter "orte_base_help_aggregate" to 0 to see all help / error messages
1
50
2023-11-17 15:00:18
100
2023-11-17 15:02:41
elapsed:  281.2  seconds
150
2023-11-17 15:05:10
200
2023-11-17 15:07:34
elapsed:  574.6  seconds
250
2023-11-17 15:10:00
300
2023-11-17 15:12:22
elapsed:  862.5  seconds
350
2023-11-17 15:14:46
/projects/muyang@colostate.edu/software/anaconda/envs/alpine_MCMC/lib/python3.11/site-packages/numpy/lib/function_base.py:2412: RuntimeWarning: divide by zero encountered in func (vectorized)
  outputs = ufunc(*inputs)
/projects/muyang@colostate.edu/software/anaconda/envs/alpine_MCMC/lib/python3.11/site-packages/numpy/lib/function_base.py:2412: RuntimeWarning: invalid value encountered in func (vectorized)
  outputs = ufunc(*inputs)
400
2023-11-17 15:17:12
elapsed:  1152.2  seconds
450
2023-11-17 15:19:40
500
2023-11-17 15:22:08
elapsed:  1448.6  seconds
550
2023-11-17 15:24:38
600
2023-11-17 15:27:10
elapsed:  1750.6  seconds
650
2023-11-17 15:29:44
700
2023-11-17 15:32:19
elapsed:  2059.3  seconds
750
2023-11-17 15:34:54
800
2023-11-17 15:37:24
elapsed:  2364.7  seconds
850
2023-11-17 15:39:57
900
2023-11-17 15:42:25
elapsed:  2665.3  seconds
950
2023-11-17 15:44:53
1000
2023-11-17 15:47:20
elapsed:  2960.3  seconds
1050
2023-11-17 15:49:49
1100
2023-11-17 15:52:18
elapsed:  3258.6  seconds
1150
2023-11-17 15:54:47
1200
2023-11-17 15:57:16
elapsed:  3556.4  seconds
1250
2023-11-17 15:59:47
1300
2023-11-17 16:02:20
elapsed:  3860.6  seconds
1350
2023-11-17 16:04:52
1400
2023-11-17 16:07:20
elapsed:  4160.7  seconds
1450
2023-11-17 16:09:47
1500
2023-11-17 16:12:16
elapsed:  4456.0  seconds
1550
2023-11-17 16:14:45
1600
2023-11-17 16:17:13
elapsed:  4753.3  seconds
1650
2023-11-17 16:19:42
1700
2023-11-17 16:22:09
elapsed:  5049.5  seconds
1750
2023-11-17 16:24:38
1800
2023-11-17 16:27:06
elapsed:  5346.7  seconds
1850
2023-11-17 16:29:35
1900
2023-11-17 16:32:01
elapsed:  5641.2  seconds
1950
2023-11-17 16:34:28
2000
2023-11-17 16:36:51
elapsed:  5931.2  seconds
2050
2023-11-17 16:39:16
2100
2023-11-17 16:41:36
elapsed:  6216.0  seconds
2150
2023-11-17 16:43:58
2200
2023-11-17 16:46:19
elapsed:  6499.3  seconds
2250
2023-11-17 16:48:42
2300
2023-11-17 16:51:04
elapsed:  6784.0  seconds
2350
2023-11-17 16:53:29
2400
2023-11-17 16:55:51
elapsed:  7070.9  seconds
/projects/muyang@colostate.edu/software/anaconda/envs/alpine_MCMC/lib/python3.11/site-packages/numpy/lib/function_base.py:2412: RuntimeWarning: divide by zero encountered in func (vectorized)
  outputs = ufunc(*inputs)
/projects/muyang@colostate.edu/software/anaconda/envs/alpine_MCMC/lib/python3.11/site-packages/numpy/lib/function_base.py:2412: RuntimeWarning: invalid value encountered in func (vectorized)
  outputs = ufunc(*inputs)
2450
2023-11-17 16:58:16
2500
2023-11-17 17:00:40
elapsed:  7360.6  seconds
/projects/muyang@colostate.edu/software/anaconda/envs/alpine_MCMC/lib/python3.11/site-packages/numpy/lib/function_base.py:2412: RuntimeWarning: divide by zero encountered in func (vectorized)
  outputs = ufunc(*inputs)
/projects/muyang@colostate.edu/software/anaconda/envs/alpine_MCMC/lib/python3.11/site-packages/numpy/lib/function_base.py:2412: RuntimeWarning: invalid value encountered in func (vectorized)
  outputs = ufunc(*inputs)
2550
2023-11-17 17:03:04
2600
2023-11-17 17:05:31
elapsed:  7651.4  seconds
2650
2023-11-17 17:08:00
2700
2023-11-17 17:10:26
elapsed:  7945.9  seconds
2750
2023-11-17 17:12:55
2800
2023-11-17 17:15:22
elapsed:  8242.7  seconds
2850
2023-11-17 17:17:51
2900
2023-11-17 17:20:18
elapsed:  8538.8  seconds
/projects/muyang@colostate.edu/software/anaconda/envs/alpine_MCMC/lib/python3.11/site-packages/numpy/lib/function_base.py:2412: RuntimeWarning: divide by zero encountered in func (vectorized)
  outputs = ufunc(*inputs)
/projects/muyang@colostate.edu/software/anaconda/envs/alpine_MCMC/lib/python3.11/site-packages/numpy/lib/function_base.py:2412: RuntimeWarning: invalid value encountered in func (vectorized)
  outputs = ufunc(*inputs)
2950
2023-11-17 17:22:47
/projects/muyang@colostate.edu/software/anaconda/envs/alpine_MCMC/lib/python3.11/site-packages/numpy/lib/function_base.py:2412: RuntimeWarning: divide by zero encountered in func (vectorized)
  outputs = ufunc(*inputs)
/projects/muyang@colostate.edu/software/anaconda/envs/alpine_MCMC/lib/python3.11/site-packages/numpy/lib/function_base.py:2412: RuntimeWarning: invalid value encountered in func (vectorized)
  outputs = ufunc(*inputs)
3000
2023-11-17 17:25:14
elapsed:  8834.2  seconds
3050
2023-11-17 17:27:43
3100
2023-11-17 17:30:11
elapsed:  9131.5  seconds
3150
2023-11-17 17:32:42
/projects/muyang@colostate.edu/software/anaconda/envs/alpine_MCMC/lib/python3.11/site-packages/numpy/lib/function_base.py:2412: RuntimeWarning: divide by zero encountered in func (vectorized)
  outputs = ufunc(*inputs)
/projects/muyang@colostate.edu/software/anaconda/envs/alpine_MCMC/lib/python3.11/site-packages/numpy/lib/function_base.py:2412: RuntimeWarning: invalid value encountered in func (vectorized)
  outputs = ufunc(*inputs)
3200
2023-11-17 17:35:11
elapsed:  9431.6  seconds
/projects/muyang@colostate.edu/software/anaconda/envs/alpine_MCMC/lib/python3.11/site-packages/numpy/lib/function_base.py:2412: RuntimeWarning: divide by zero encountered in func (vectorized)
  outputs = ufunc(*inputs)
/projects/muyang@colostate.edu/software/anaconda/envs/alpine_MCMC/lib/python3.11/site-packages/numpy/lib/function_base.py:2412: RuntimeWarning: invalid value encountered in func (vectorized)
  outputs = ufunc(*inputs)
3250
2023-11-17 17:37:39
3300
2023-11-17 17:40:05
elapsed:  9725.7  seconds
3350
2023-11-17 17:42:36
3400
2023-11-17 17:45:08
elapsed:  10027.9  seconds
3450
2023-11-17 17:47:41
3500
2023-11-17 17:50:14
elapsed:  10333.9  seconds
3550
2023-11-17 17:52:47
/projects/muyang@colostate.edu/software/anaconda/envs/alpine_MCMC/lib/python3.11/site-packages/numpy/lib/function_base.py:2412: RuntimeWarning: divide by zero encountered in func (vectorized)
  outputs = ufunc(*inputs)
/projects/muyang@colostate.edu/software/anaconda/envs/alpine_MCMC/lib/python3.11/site-packages/numpy/lib/function_base.py:2412: RuntimeWarning: invalid value encountered in func (vectorized)
  outputs = ufunc(*inputs)
/projects/muyang@colostate.edu/software/anaconda/envs/alpine_MCMC/lib/python3.11/site-packages/numpy/lib/function_base.py:2412: RuntimeWarning: divide by zero encountered in func (vectorized)
  outputs = ufunc(*inputs)
/projects/muyang@colostate.edu/software/anaconda/envs/alpine_MCMC/lib/python3.11/site-packages/numpy/lib/function_base.py:2412: RuntimeWarning: invalid value encountered in func (vectorized)
  outputs = ufunc(*inputs)
3600
2023-11-17 17:55:18
elapsed:  10638.6  seconds
3650
2023-11-17 17:57:53
3700
2023-11-17 18:00:27
elapsed:  10947.4  seconds
3750
2023-11-17 18:03:01
3800
2023-11-17 18:05:33
elapsed:  11253.6  seconds
3850
2023-11-17 18:08:07
3900
2023-11-17 18:10:39
elapsed:  11559.6  seconds
3950
2023-11-17 18:13:13
4000
2023-11-17 18:15:46
elapsed:  11866.1  seconds
4050
2023-11-17 18:18:18
4100
2023-11-17 18:20:47
elapsed:  12167.8  seconds
4150
2023-11-17 18:23:19
4200
2023-11-17 18:25:50
elapsed:  12470.8  seconds
4250
2023-11-17 18:28:25
4300
2023-11-17 18:30:57
elapsed:  12777.8  seconds
4350
2023-11-17 18:33:30
/projects/muyang@colostate.edu/software/anaconda/envs/alpine_MCMC/lib/python3.11/site-packages/numpy/lib/function_base.py:2412: RuntimeWarning: divide by zero encountered in func (vectorized)
  outputs = ufunc(*inputs)
/projects/muyang@colostate.edu/software/anaconda/envs/alpine_MCMC/lib/python3.11/site-packages/numpy/lib/function_base.py:2412: RuntimeWarning: invalid value encountered in func (vectorized)
  outputs = ufunc(*inputs)
4400
2023-11-17 18:36:02
elapsed:  13082.0  seconds
4450
2023-11-17 18:38:34
4500
2023-11-17 18:41:04
elapsed:  13384.6  seconds
4550
2023-11-17 18:43:37
/projects/muyang@colostate.edu/software/anaconda/envs/alpine_MCMC/lib/python3.11/site-packages/numpy/lib/function_base.py:2412: RuntimeWarning: divide by zero encountered in func (vectorized)
  outputs = ufunc(*inputs)
/projects/muyang@colostate.edu/software/anaconda/envs/alpine_MCMC/lib/python3.11/site-packages/numpy/lib/function_base.py:2412: RuntimeWarning: invalid value encountered in func (vectorized)
  outputs = ufunc(*inputs)
4600
2023-11-17 18:46:09
elapsed:  13689.2  seconds
4650
2023-11-17 18:48:42
4700
2023-11-17 18:51:15
elapsed:  13995.1  seconds
4750
2023-11-17 18:53:49
4800
2023-11-17 18:56:21
elapsed:  14301.3  seconds
4850
2023-11-17 18:58:54
4900
2023-11-17 19:01:27
elapsed:  14607.4  seconds
/projects/muyang@colostate.edu/software/anaconda/envs/alpine_MCMC/lib/python3.11/site-packages/numpy/lib/function_base.py:2412: RuntimeWarning: divide by zero encountered in func (vectorized)
  outputs = ufunc(*inputs)
/projects/muyang@colostate.edu/software/anaconda/envs/alpine_MCMC/lib/python3.11/site-packages/numpy/lib/function_base.py:2412: RuntimeWarning: invalid value encountered in func (vectorized)
  outputs = ufunc(*inputs)
/projects/muyang@colostate.edu/software/anaconda/envs/alpine_MCMC/lib/python3.11/site-packages/numpy/lib/function_base.py:2412: RuntimeWarning: divide by zero encountered in func (vectorized)
  outputs = ufunc(*inputs)
/projects/muyang@colostate.edu/software/anaconda/envs/alpine_MCMC/lib/python3.11/site-packages/numpy/lib/function_base.py:2412: RuntimeWarning: invalid value encountered in func (vectorized)
  outputs = ufunc(*inputs)
4950
2023-11-17 19:03:59
5000
2023-11-17 19:06:30
elapsed:  14910.4  seconds
5050
2023-11-17 19:09:03
5100
2023-11-17 19:11:35
elapsed:  15215.5  seconds
5150
2023-11-17 19:14:08
5200
2023-11-17 19:16:40
elapsed:  15520.0  seconds
5250
2023-11-17 19:19:11
5300
2023-11-17 19:21:44
elapsed:  15824.0  seconds
/projects/muyang@colostate.edu/software/anaconda/envs/alpine_MCMC/lib/python3.11/site-packages/numpy/lib/function_base.py:2412: RuntimeWarning: divide by zero encountered in func (vectorized)
  outputs = ufunc(*inputs)
/projects/muyang@colostate.edu/software/anaconda/envs/alpine_MCMC/lib/python3.11/site-packages/numpy/lib/function_base.py:2412: RuntimeWarning: invalid value encountered in func (vectorized)
  outputs = ufunc(*inputs)
5350
2023-11-17 19:24:16
5400
2023-11-17 19:26:48
elapsed:  16128.8  seconds
5450
2023-11-17 19:29:24
/projects/muyang@colostate.edu/software/anaconda/envs/alpine_MCMC/lib/python3.11/site-packages/numpy/lib/function_base.py:2412: RuntimeWarning: divide by zero encountered in func (vectorized)
  outputs = ufunc(*inputs)
/projects/muyang@colostate.edu/software/anaconda/envs/alpine_MCMC/lib/python3.11/site-packages/numpy/lib/function_base.py:2412: RuntimeWarning: invalid value encountered in func (vectorized)
  outputs = ufunc(*inputs)
5500
2023-11-17 19:31:58
elapsed:  16438.1  seconds
5550
2023-11-17 19:34:32
5600
2023-11-17 19:37:06
elapsed:  16746.3  seconds
5650
2023-11-17 19:39:42
/projects/muyang@colostate.edu/software/anaconda/envs/alpine_MCMC/lib/python3.11/site-packages/numpy/lib/function_base.py:2412: RuntimeWarning: divide by zero encountered in func (vectorized)
  outputs = ufunc(*inputs)
/projects/muyang@colostate.edu/software/anaconda/envs/alpine_MCMC/lib/python3.11/site-packages/numpy/lib/function_base.py:2412: RuntimeWarning: invalid value encountered in func (vectorized)
  outputs = ufunc(*inputs)
5700
2023-11-17 19:42:16
elapsed:  17056.1  seconds
5750
2023-11-17 19:44:51
/projects/muyang@colostate.edu/software/anaconda/envs/alpine_MCMC/lib/python3.11/site-packages/numpy/lib/function_base.py:2412: RuntimeWarning: divide by zero encountered in func (vectorized)
  outputs = ufunc(*inputs)
/projects/muyang@colostate.edu/software/anaconda/envs/alpine_MCMC/lib/python3.11/site-packages/numpy/lib/function_base.py:2412: RuntimeWarning: invalid value encountered in func (vectorized)
  outputs = ufunc(*inputs)
5800
2023-11-17 19:47:27
elapsed:  17367.0  seconds
/projects/muyang@colostate.edu/software/anaconda/envs/alpine_MCMC/lib/python3.11/site-packages/numpy/lib/function_base.py:2412: RuntimeWarning: divide by zero encountered in func (vectorized)
  outputs = ufunc(*inputs)
/projects/muyang@colostate.edu/software/anaconda/envs/alpine_MCMC/lib/python3.11/site-packages/numpy/lib/function_base.py:2412: RuntimeWarning: invalid value encountered in func (vectorized)
  outputs = ufunc(*inputs)
5850
2023-11-17 19:50:04
5900
2023-11-17 19:52:40
elapsed:  17680.2  seconds
/projects/muyang@colostate.edu/software/anaconda/envs/alpine_MCMC/lib/python3.11/site-packages/numpy/lib/function_base.py:2412: RuntimeWarning: divide by zero encountered in func (vectorized)
  outputs = ufunc(*inputs)
/projects/muyang@colostate.edu/software/anaconda/envs/alpine_MCMC/lib/python3.11/site-packages/numpy/lib/function_base.py:2412: RuntimeWarning: invalid value encountered in func (vectorized)
  outputs = ufunc(*inputs)
5950
2023-11-17 19:55:18
6000
2023-11-17 19:57:55
elapsed:  17995.0  seconds
6050
2023-11-17 20:00:32
6100
2023-11-17 20:03:08
elapsed:  18308.5  seconds
6150
2023-11-17 20:05:47
6200
2023-11-17 20:08:25
elapsed:  18625.2  seconds
6250
2023-11-17 20:11:03
/projects/muyang@colostate.edu/software/anaconda/envs/alpine_MCMC/lib/python3.11/site-packages/numpy/lib/function_base.py:2412: RuntimeWarning: divide by zero encountered in func (vectorized)
  outputs = ufunc(*inputs)
/projects/muyang@colostate.edu/software/anaconda/envs/alpine_MCMC/lib/python3.11/site-packages/numpy/lib/function_base.py:2412: RuntimeWarning: invalid value encountered in func (vectorized)
  outputs = ufunc(*inputs)
/projects/muyang@colostate.edu/software/anaconda/envs/alpine_MCMC/lib/python3.11/site-packages/numpy/lib/function_base.py:2412: RuntimeWarning: divide by zero encountered in func (vectorized)
  outputs = ufunc(*inputs)
/projects/muyang@colostate.edu/software/anaconda/envs/alpine_MCMC/lib/python3.11/site-packages/numpy/lib/function_base.py:2412: RuntimeWarning: invalid value encountered in func (vectorized)
  outputs = ufunc(*inputs)
6300
2023-11-17 20:13:40
elapsed:  18940.0  seconds
6350
2023-11-17 20:16:18
6400
2023-11-17 20:18:57
elapsed:  19256.9  seconds
6450
2023-11-17 20:21:37
6500
2023-11-17 20:24:16
elapsed:  19576.3  seconds
6550
2023-11-17 20:26:56
6600
2023-11-17 20:29:34
elapsed:  19894.8  seconds
6650
2023-11-17 20:32:14
6700
2023-11-17 20:34:51
elapsed:  20211.2  seconds
6750
2023-11-17 20:37:30
6800
2023-11-17 20:40:09
elapsed:  20529.7  seconds
6850
2023-11-17 20:42:51
6900
2023-11-17 20:45:32
elapsed:  20852.7  seconds
6950
2023-11-17 20:48:17
7000
2023-11-17 20:50:59
elapsed:  21178.9  seconds
7050
2023-11-17 20:53:41
7100
2023-11-17 20:56:22
elapsed:  21502.1  seconds
7150
2023-11-17 20:59:04
7200
2023-11-17 21:01:44
elapsed:  21824.8  seconds
7250
2023-11-17 21:04:26
7300
2023-11-17 21:07:07
elapsed:  22147.0  seconds
7350
2023-11-17 21:09:51
7400
2023-11-17 21:12:32
elapsed:  22472.3  seconds
7450
2023-11-17 21:15:17
7500
2023-11-17 21:18:01
elapsed:  22801.7  seconds
7550
2023-11-17 21:20:46
7600
2023-11-17 21:23:28
elapsed:  23128.0  seconds
7650
2023-11-17 21:26:12
7700
2023-11-17 21:28:55
elapsed:  23455.1  seconds
7750
2023-11-17 21:31:40
/projects/muyang@colostate.edu/software/anaconda/envs/alpine_MCMC/lib/python3.11/site-packages/numpy/lib/function_base.py:2412: RuntimeWarning: divide by zero encountered in func (vectorized)
  outputs = ufunc(*inputs)
/projects/muyang@colostate.edu/software/anaconda/envs/alpine_MCMC/lib/python3.11/site-packages/numpy/lib/function_base.py:2412: RuntimeWarning: invalid value encountered in func (vectorized)
  outputs = ufunc(*inputs)
7800
2023-11-17 21:34:22
elapsed:  23782.8  seconds
/projects/muyang@colostate.edu/software/anaconda/envs/alpine_MCMC/lib/python3.11/site-packages/numpy/lib/function_base.py:2412: RuntimeWarning: divide by zero encountered in func (vectorized)
  outputs = ufunc(*inputs)
/projects/muyang@colostate.edu/software/anaconda/envs/alpine_MCMC/lib/python3.11/site-packages/numpy/lib/function_base.py:2412: RuntimeWarning: invalid value encountered in func (vectorized)
  outputs = ufunc(*inputs)
7850
2023-11-17 21:37:06
7900
2023-11-17 21:39:48
elapsed:  24108.7  seconds
7950
2023-11-17 21:42:34
8000
2023-11-17 21:45:17
elapsed:  24437.2  seconds
/projects/muyang@colostate.edu/software/anaconda/envs/alpine_MCMC/lib/python3.11/site-packages/numpy/lib/function_base.py:2412: RuntimeWarning: divide by zero encountered in func (vectorized)
  outputs = ufunc(*inputs)
/projects/muyang@colostate.edu/software/anaconda/envs/alpine_MCMC/lib/python3.11/site-packages/numpy/lib/function_base.py:2412: RuntimeWarning: invalid value encountered in func (vectorized)
  outputs = ufunc(*inputs)
8050
2023-11-17 21:48:01
8100
2023-11-17 21:50:43
elapsed:  24763.1  seconds
8150
2023-11-17 21:53:28
8200
2023-11-17 21:56:10
elapsed:  25090.6  seconds
8250
2023-11-17 21:58:55
8300
2023-11-17 22:01:38
elapsed:  25418.3  seconds
8350
2023-11-17 22:04:20
8400
2023-11-17 22:07:02
elapsed:  25742.0  seconds
8450
2023-11-17 22:09:46
8500
2023-11-17 22:12:26
elapsed:  26066.4  seconds
8550
2023-11-17 22:15:06
8600
2023-11-17 22:17:48
elapsed:  26388.1  seconds
/projects/muyang@colostate.edu/software/anaconda/envs/alpine_MCMC/lib/python3.11/site-packages/numpy/lib/function_base.py:2412: RuntimeWarning: divide by zero encountered in func (vectorized)
  outputs = ufunc(*inputs)
/projects/muyang@colostate.edu/software/anaconda/envs/alpine_MCMC/lib/python3.11/site-packages/numpy/lib/function_base.py:2412: RuntimeWarning: invalid value encountered in func (vectorized)
  outputs = ufunc(*inputs)
/projects/muyang@colostate.edu/software/anaconda/envs/alpine_MCMC/lib/python3.11/site-packages/numpy/lib/function_base.py:2412: RuntimeWarning: divide by zero encountered in func (vectorized)
  outputs = ufunc(*inputs)
/projects/muyang@colostate.edu/software/anaconda/envs/alpine_MCMC/lib/python3.11/site-packages/numpy/lib/function_base.py:2412: RuntimeWarning: invalid value encountered in func (vectorized)
  outputs = ufunc(*inputs)
8650
2023-11-17 22:20:31
8700
2023-11-17 22:23:13
elapsed:  26713.0  seconds
/projects/muyang@colostate.edu/software/anaconda/envs/alpine_MCMC/lib/python3.11/site-packages/numpy/lib/function_base.py:2412: RuntimeWarning: divide by zero encountered in func (vectorized)
  outputs = ufunc(*inputs)
/projects/muyang@colostate.edu/software/anaconda/envs/alpine_MCMC/lib/python3.11/site-packages/numpy/lib/function_base.py:2412: RuntimeWarning: invalid value encountered in func (vectorized)
  outputs = ufunc(*inputs)
8750
2023-11-17 22:25:54
8800
2023-11-17 22:28:36
elapsed:  27036.2  seconds
/projects/muyang@colostate.edu/software/anaconda/envs/alpine_MCMC/lib/python3.11/site-packages/numpy/lib/function_base.py:2412: RuntimeWarning: divide by zero encountered in func (vectorized)
  outputs = ufunc(*inputs)
/projects/muyang@colostate.edu/software/anaconda/envs/alpine_MCMC/lib/python3.11/site-packages/numpy/lib/function_base.py:2412: RuntimeWarning: invalid value encountered in func (vectorized)
  outputs = ufunc(*inputs)
/projects/muyang@colostate.edu/software/anaconda/envs/alpine_MCMC/lib/python3.11/site-packages/numpy/lib/function_base.py:2412: RuntimeWarning: divide by zero encountered in func (vectorized)
  outputs = ufunc(*inputs)
/projects/muyang@colostate.edu/software/anaconda/envs/alpine_MCMC/lib/python3.11/site-packages/numpy/lib/function_base.py:2412: RuntimeWarning: invalid value encountered in func (vectorized)
  outputs = ufunc(*inputs)
8850
2023-11-17 22:31:21
8900
2023-11-17 22:34:05
elapsed:  27365.0  seconds
8950
2023-11-17 22:36:50
9000
2023-11-17 22:39:33
elapsed:  27693.9  seconds
9050
2023-11-17 22:42:17
9100
2023-11-17 22:44:58
elapsed:  28018.3  seconds
9150
2023-11-17 22:47:38
9200
2023-11-17 22:50:20
elapsed:  28340.5  seconds
9250
2023-11-17 22:53:04
9300
2023-11-17 22:55:46
elapsed:  28666.7  seconds
9350
2023-11-17 22:58:31
/projects/muyang@colostate.edu/software/anaconda/envs/alpine_MCMC/lib/python3.11/site-packages/numpy/lib/function_base.py:2412: RuntimeWarning: divide by zero encountered in func (vectorized)
  outputs = ufunc(*inputs)
/projects/muyang@colostate.edu/software/anaconda/envs/alpine_MCMC/lib/python3.11/site-packages/numpy/lib/function_base.py:2412: RuntimeWarning: invalid value encountered in func (vectorized)
  outputs = ufunc(*inputs)
9400
2023-11-17 23:01:13
elapsed:  28993.7  seconds
9450
2023-11-17 23:03:58
9500
2023-11-17 23:06:42
elapsed:  29322.2  seconds
9550
2023-11-17 23:09:25
9600
2023-11-17 23:12:09
elapsed:  29649.5  seconds
9650
2023-11-17 23:14:55
9700
2023-11-17 23:17:38
elapsed:  29978.8  seconds
/projects/muyang@colostate.edu/software/anaconda/envs/alpine_MCMC/lib/python3.11/site-packages/numpy/lib/function_base.py:2412: RuntimeWarning: divide by zero encountered in func (vectorized)
  outputs = ufunc(*inputs)
/projects/muyang@colostate.edu/software/anaconda/envs/alpine_MCMC/lib/python3.11/site-packages/numpy/lib/function_base.py:2412: RuntimeWarning: invalid value encountered in func (vectorized)
  outputs = ufunc(*inputs)
9750
2023-11-17 23:20:24
9800
2023-11-17 23:23:08
elapsed:  30308.3  seconds
9850
2023-11-17 23:25:52
9900
2023-11-17 23:28:36
elapsed:  30636.0  seconds
9950
2023-11-17 23:31:21
elapsed:  30961.4  seconds
total time:  30966.5  seconds
true R:  [[2.30024127e+01 3.76128660e+00 3.35358632e+00 6.40753781e-01
  2.05247353e+01 1.60743553e+01 5.60077631e+01 2.77816890e+00
  2.71588152e-01 8.86566259e+02 4.95082525e-01 4.79197480e+00
  3.24179687e-01 1.63667644e-01 3.26721920e+02 3.43050156e+00
  9.71835464e+01 3.63289147e-01 8.57322101e-02 4.51736833e-01
  7.71953400e+00 3.05488472e+01 8.76101495e-01 2.20100043e-01
  4.36482216e-01 3.85988774e+02 2.23459694e+00 8.24845009e-01
  4.77104110e-01 9.34122422e-01 2.47928457e+01 4.57119949e+04
  9.39598982e-01 2.11664755e+00 2.86475858e-01 1.19118496e-01
  7.90835194e-01 6.86528543e-01 3.20835701e-01 2.71782161e+00
  5.69217606e-01 1.31913748e+00 1.46022256e+01 3.85305447e+00
  2.50934353e+03 5.19110793e-01 2.76690063e+00 2.74878193e-01
  2.65830666e+01 4.14741236e-01 1.16764427e+00 2.27886071e-01
  7.19222726e+01 2.20603944e+00 1.35419769e+00 3.94848845e+00
  1.08660055e+00 2.25461811e-01 1.19887118e+00 5.90371725e-01
  1.18252570e-01 4.08501376e+01 3.22625013e-01 5.40443253e+00]
 [3.48897613e-01 1.45762539e-01 1.90915706e+01 3.81494064e+01
  9.38249508e+02 2.82728972e+03 1.98230155e-01 2.18377926e+00
  1.97843386e-01 2.66706653e-01 1.02995251e+00 1.70900179e+01
  1.45137804e-01 5.35516590e-02 4.37224098e-01 1.24681825e-01
  4.02981777e-01 4.70184514e+01 4.92330840e+00 4.05182302e-01
  3.32448580e-01 1.14676845e-01 1.64447764e+00 9.00548876e+00
  1.87718901e-01 1.90499088e+00 8.66929810e-01 1.63920882e+01
  9.33160980e-02 1.13936322e+00 8.90909909e+00 4.42455296e-01
  9.05214596e-02 1.74393298e+00 3.75849955e-01 1.15252908e-01
  1.84848060e+01 3.58283465e-01 2.14129868e+00 6.92935490e-01
  3.94781961e-01 6.28131625e-01 3.36043933e-01 9.16713368e-01
  2.98143344e-01 5.82810518e-02 2.16995698e+00 9.98572759e-01
  6.77055222e+03 3.27660793e+02 4.56089084e-01 3.49598531e+01
  1.90983483e+00 7.98897309e-01 2.81961310e-01 2.37701330e-01
  6.49900352e+01 3.15328757e-01 2.05678315e+00 8.60568911e-01
  2.42642458e-01 2.72152971e+00 1.79977443e+00 2.97712342e+02]
 [1.21969933e+00 2.74213872e-01 1.05878121e+00 3.53251092e+00
  6.44133858e-01 8.23491619e-01 2.88614263e+00 7.07343402e+01
  5.02081919e-02 5.62304217e+00 1.36361350e-01 1.58234183e-01
  2.95450301e+01 6.46031036e-01 8.29057411e-01 2.05195898e+00
  1.08702429e+01 1.85265180e+00 3.51044430e+00 4.57953798e+00
  1.03980769e+03 1.48279896e-01 5.80352289e-01 8.24663035e-02
  1.74830738e-01 8.56315126e+00 3.65843746e+00 2.32402022e+00
  4.72235182e-01 1.26219204e+01 1.92540265e+01 4.35310997e+00
  1.01518094e+00 1.77992103e-01 1.18402543e-01 1.16471445e+01
  1.18612950e+00 5.49234103e+00 1.01819843e+00 9.17793689e-01
  1.60837052e+00 6.25546632e-01 1.05448493e+00 6.35723173e-01
  3.83674764e+00 1.24983505e+00 1.60041080e-01 4.58738731e+02
  1.09951569e+00 9.95003410e+00 5.70003861e+00 6.07777940e-01
  1.79522078e-01 1.35733943e-01 8.33838465e+00 2.75137959e-01
  1.60894309e+00 8.71535792e-01 2.05573224e-01 8.88125444e+00
  4.38544808e-01 2.66910486e+00 4.56029211e+00 2.62035713e+00]
 [7.21139874e+00 5.35972232e-01 5.79378432e+00 1.79007071e-01
  7.44388159e-01 4.87715575e+00 4.93320867e+01 2.22635637e+02
  3.05961628e-01 7.95674882e+00 4.05634410e-01 3.14410144e-01
  3.22995846e+00 1.34398783e-01 2.19432077e-01 3.06739279e-01
  1.94096724e-01 1.62590324e+00 3.21301494e-01 1.21157035e+00
  9.19049925e+00 7.47986018e+02 1.80061992e+00 2.69128884e+01
  1.81481690e+00 1.26561521e+01 9.15237634e-02 2.68226791e-01
  3.84706187e+00 5.60746778e-01 5.36770750e-01 6.58384060e-01
  1.19205821e+00 1.75044007e-01 2.22395663e-01 4.02878397e+00
  9.24080554e+00 5.96588056e-01 4.53749638e-01 1.37190624e-01
  2.00841949e-01 5.23396800e-01 2.53654101e-01 2.40763752e+03
  1.63322968e+01 1.12956786e+00 1.52521097e-01 4.74171838e-01
  4.12827569e-01 3.68778911e-01 2.99681322e-01 1.00761308e-01
  4.09626795e+00 2.43992262e+00 3.32163849e-01 2.43371239e+02
  6.81456457e-01 1.91910211e+02 4.97023760e+00 3.02583923e+00
  4.31636290e+02 3.73200528e-01 1.09393276e+01 7.35045977e-02]
 [1.62291910e+02 1.01741098e-01 2.95137660e-01 2.65233427e+00
  2.02192696e-01 2.65179453e-01 1.94460850e-01 5.59711880e+00
  1.51446317e-01 2.39827848e-01 1.47591613e-01 2.29243214e+01
  1.77052471e-01 2.43822425e-01 1.08597848e+00 1.15463974e-01
  1.00534743e+00 6.21501751e-01 1.01979889e+00 5.27989710e+00
  1.63965503e+00 2.42710964e-01 3.06141521e-01 6.06089783e-01
  3.22998278e-01 3.60767708e-01 3.38325485e-01 2.03930840e+00
  2.59150249e-01 1.97180259e-01 6.74713929e+02 7.59921128e+02
  6.65878952e+00 1.62697739e+00 7.68353397e-01 2.49229142e+00
  3.46336300e-01 4.98921602e-01 4.41364514e-01 3.05888405e-01
  1.40592836e+00 1.45424404e-01 4.90517655e-01 4.94369811e-01
  1.28795298e+00 5.44827931e+00 1.50229902e+00 4.26283272e+00
  1.04064183e+00 4.68924890e-01 5.70109340e-01 2.15028499e+02
  2.15870465e+02 1.62921181e-01 2.09596420e-01 2.65358554e-01
  4.35541849e+00 2.58187080e+00 1.82893225e+01 5.16672934e-01
  2.03565280e+00 6.35839451e-01 3.29871242e+00 3.85150027e+00]
 [5.13593796e+01 2.61554730e+00 2.55346152e-01 8.36678183e+00
  3.91637054e+00 1.32854686e-01 7.71521335e+00 5.69097625e+01
  1.85827553e+00 8.89404143e+00 4.30368777e-01 5.61238968e-01
  6.30962035e-01 2.73396091e+01 1.90670174e+00 2.53348286e-01
  8.62742053e+00 6.92779659e+00 4.97326424e+00 1.27812397e+00
  4.16339850e+00 1.97290951e-01 1.25940756e-01 1.19447937e+02
  4.28438587e-01 6.91984124e-02 3.90014156e+00 3.24018646e+01
  1.11266212e+00 1.21502354e+02 6.32463043e-01 2.37583180e-01
  1.51798105e+00 6.81274174e-01 3.92715399e+00 1.02384075e+02
  9.72568382e-01 3.50337733e-01 1.53854031e+01 3.39572961e+00
  1.02156180e+00 1.40441802e+00 8.35829933e+00 8.02348692e+00
  6.96186798e-01 1.05884258e+01 8.28789200e+00 3.99008291e+03
  1.14109808e-01 3.86709899e-01 3.96382678e-01 7.88787041e-01
  2.43756688e+01 1.14501762e-01 1.24646910e+04 1.68338472e+00
  4.69252804e+02 4.46311280e-01 1.65403370e+00 1.60926715e-01
  2.14046985e+04 3.38366766e-01 5.95869017e+01 8.95440863e-01]
 [2.09300105e+01 9.91661047e-01 4.45634519e+00 9.29803488e+00
  8.51186714e-01 1.19184324e+00 2.41088919e+01 4.13856569e-01
  3.14520785e+01 1.43994929e+01 2.83437694e-01 2.15993747e+00
  1.57241102e+00 2.02770133e-01 3.47100237e+00 5.09586743e+00
  1.22020350e+00 1.17451468e+01 2.86440398e-01 1.17239046e-01
  2.35000552e+00 1.82061742e+00 1.40413504e-01 2.28846963e+00
  8.30709064e+00 2.82350020e-01 1.00722165e+01 2.94216704e+00
  1.52753034e-01 4.17308014e-01 2.76545115e+00 2.09780140e+00
  5.47321053e-01 9.64349179e+00 2.35325973e+01 6.09314388e-01
  2.45836418e+00 5.93995331e-01 2.36653399e+00 5.76587177e-01
  3.99649914e-01 3.88508956e-01 3.46751230e-01 2.03907508e+01
  1.01574524e-01 1.89127611e-01 4.72319082e-01 2.26878600e+00
  2.69475765e-01 1.05272242e+00 2.49558659e-01 8.82377487e-01
  7.45601717e-01 1.06266951e+01 4.42083470e-02 2.80767913e-01
  8.84107710e-01 5.03357947e+00 1.98588834e+01 2.12014471e+01
  3.70984326e-01 9.35415758e-02 4.40671207e+01 1.24922445e+00]
 [3.15998814e-01 6.63959069e+00 8.10560573e-01 5.86083619e+00
  6.95081350e-01 1.31476410e+02 4.55141893e+01 1.03797565e+01
  1.10172103e-01 1.97695183e+01 6.61934871e+01 5.25135464e-01
  2.25775872e+02 3.76619238e+01 2.15066032e+00 3.36395911e-01
  4.46651884e-01 1.70140146e-01 1.24487538e+01 2.42349304e+00
  2.98802737e+00 7.65505467e+00 6.25585200e-02 6.67354325e-01
  2.69095482e-01 4.81718233e+00 3.14430301e+01 3.68565190e+01
  8.99313009e-01 3.45618642e+00 3.58830852e+00 6.34632954e-01
  3.83783730e-01 2.24850596e+00 3.11744944e-01 3.75718221e-01
  1.80659028e+05 1.38792905e+00 1.23403386e+01 1.86378820e+01
  1.30587122e-01 1.15410961e+00 1.11703812e+00 1.07994232e+00
  2.65165071e-01 1.45530952e+00 1.60310525e+00 1.04025671e+03
  2.93874002e-01 1.14187056e+01 6.25560646e-01 4.25698558e+01
  1.10064317e+01 3.37460811e-01 3.32417765e-01 6.53939682e-01
  2.40339881e+01 8.54913899e-01 6.86104589e-01 1.09784790e+00
  4.24421662e-01 1.09883027e+02 6.91159657e-01 3.60076365e+02]
 [2.61681819e-01 2.83660221e-01 1.51778148e+00 2.72870856e+02
  1.87358374e+00 5.14850321e-01 2.12814453e+00 3.13702087e+00
  3.36746440e+00 9.76423261e-01 2.64074468e+00 1.05828934e+01
  1.90928481e+01 5.40721118e-01 9.44641603e-02 2.52855107e+00
  7.85625473e-01 4.89016695e-01 1.95136522e-01 1.35088498e+01
  2.37593282e-01 3.23324833e-01 7.08048184e-01 8.58625783e+00
  2.06540931e+01 7.44707136e-02 3.29499414e-01 7.36187176e+00
  1.75226314e+00 5.51119895e-01 1.20285750e-01 8.56120993e+00
  1.01256314e+01 8.61195118e-01 4.25762443e-01 6.33256806e-01
  1.08163595e+01 7.29609418e-01 2.40808199e-01 7.11287383e+00
  1.65074497e+00 6.49760073e+00 3.56766441e+00 1.45345385e-01
  5.97480928e+03 2.22037782e+00 2.02954948e-01 2.82874934e-01
  4.50209417e-01 2.04668310e+00 2.34408048e+00 1.51143638e+00
  1.07437072e-01 5.65101220e-01 9.23397596e-01 3.61595762e+00
  2.27495684e-01 4.76042097e-01 5.05084565e+00 6.86122752e+00
  2.45258242e+00 1.87197039e-01 3.02289592e+00 1.11433846e+01]
 [7.40348725e-01 3.02728587e+00 2.36178051e+00 5.56518147e-02
  9.37761522e-01 2.69876980e+00 6.60755910e-01 1.05313051e+00
  6.58745011e+00 4.79084713e-01 4.67317016e+00 1.79127278e-01
  1.30828280e+00 8.07928083e-01 1.78889701e+00 6.17463961e-01
  8.69725295e-01 1.59212809e+00 1.89545724e+00 7.90122496e-02
  6.77969937e-01 1.48290927e-01 4.09475077e-01 8.82381945e-02
  5.61988617e+00 2.78124518e+00 4.14902370e-01 4.17621320e+00
  1.61965828e+00 2.87939896e+00 1.28996024e+00 2.26343082e+01
  1.85897142e-01 1.62543104e+00 6.75297917e+01 1.09828563e+02
  7.40965051e-01 2.27360697e+00 8.50905337e+01 1.04319501e-01
  1.13973932e+01 5.61259169e-01 2.81332437e-01 6.80796442e-02
  5.63283773e+03 1.86322116e+01 1.61996710e+00 9.82561231e-02
  5.57673426e-01 5.43062003e-01 4.21512971e+01 3.57944850e+00
  6.97137489e+00 2.76786869e+00 4.78484330e+00 9.18918836e-01
  1.47686090e-01 7.86533264e+01 4.83781774e-01 9.19072719e-01
  2.70053008e-01 2.86602629e-01 4.40080357e+03 3.00194235e-01]]
