1
50
2023-11-14 19:21:38
100
2023-11-14 19:24:37
elapsed:  350.9  seconds
/projects/muyang@colostate.edu/software/anaconda/envs/testenv/lib/python3.11/site-packages/numpy/lib/function_base.py:2455: RuntimeWarning: divide by zero encountered in func (vectorized)
  outputs = ufunc(*inputs)
/projects/muyang@colostate.edu/software/anaconda/envs/testenv/lib/python3.11/site-packages/numpy/lib/function_base.py:2455: RuntimeWarning: invalid value encountered in func (vectorized)
  outputs = ufunc(*inputs)
/projects/muyang@colostate.edu/software/anaconda/envs/testenv/lib/python3.11/site-packages/numpy/lib/function_base.py:2455: RuntimeWarning: divide by zero encountered in func (vectorized)
  outputs = ufunc(*inputs)
/projects/muyang@colostate.edu/software/anaconda/envs/testenv/lib/python3.11/site-packages/numpy/lib/function_base.py:2455: RuntimeWarning: invalid value encountered in func (vectorized)
  outputs = ufunc(*inputs)
/projects/muyang@colostate.edu/software/anaconda/envs/testenv/lib/python3.11/site-packages/numpy/lib/function_base.py:2455: RuntimeWarning: divide by zero encountered in func (vectorized)
  outputs = ufunc(*inputs)
/projects/muyang@colostate.edu/software/anaconda/envs/testenv/lib/python3.11/site-packages/numpy/lib/function_base.py:2455: RuntimeWarning: invalid value encountered in func (vectorized)
  outputs = ufunc(*inputs)
/projects/muyang@colostate.edu/software/anaconda/envs/testenv/lib/python3.11/site-packages/numpy/lib/function_base.py:2455: RuntimeWarning: divide by zero encountered in func (vectorized)
  outputs = ufunc(*inputs)
/projects/muyang@colostate.edu/software/anaconda/envs/testenv/lib/python3.11/site-packages/numpy/lib/function_base.py:2455: RuntimeWarning: invalid value encountered in func (vectorized)
  outputs = ufunc(*inputs)
/projects/muyang@colostate.edu/software/anaconda/envs/testenv/lib/python3.11/site-packages/numpy/lib/function_base.py:2455: RuntimeWarning: divide by zero encountered in func (vectorized)
  outputs = ufunc(*inputs)
/projects/muyang@colostate.edu/software/anaconda/envs/testenv/lib/python3.11/site-packages/numpy/lib/function_base.py:2455: RuntimeWarning: invalid value encountered in func (vectorized)
  outputs = ufunc(*inputs)
/projects/muyang@colostate.edu/software/anaconda/envs/testenv/lib/python3.11/site-packages/numpy/lib/function_base.py:2455: RuntimeWarning: divide by zero encountered in func (vectorized)
  outputs = ufunc(*inputs)
/projects/muyang@colostate.edu/software/anaconda/envs/testenv/lib/python3.11/site-packages/numpy/lib/function_base.py:2455: RuntimeWarning: invalid value encountered in func (vectorized)
  outputs = ufunc(*inputs)
150
2023-11-14 19:27:41
/projects/muyang@colostate.edu/software/anaconda/envs/testenv/lib/python3.11/site-packages/numpy/lib/function_base.py:2455: RuntimeWarning: divide by zero encountered in func (vectorized)
  outputs = ufunc(*inputs)
/projects/muyang@colostate.edu/software/anaconda/envs/testenv/lib/python3.11/site-packages/numpy/lib/function_base.py:2455: RuntimeWarning: invalid value encountered in func (vectorized)
  outputs = ufunc(*inputs)
/projects/muyang@colostate.edu/software/anaconda/envs/testenv/lib/python3.11/site-packages/numpy/lib/function_base.py:2455: RuntimeWarning: divide by zero encountered in func (vectorized)
  outputs = ufunc(*inputs)
/projects/muyang@colostate.edu/software/anaconda/envs/testenv/lib/python3.11/site-packages/numpy/lib/function_base.py:2455: RuntimeWarning: invalid value encountered in func (vectorized)
  outputs = ufunc(*inputs)
/projects/muyang@colostate.edu/software/anaconda/envs/testenv/lib/python3.11/site-packages/numpy/lib/function_base.py:2455: RuntimeWarning: divide by zero encountered in func (vectorized)
  outputs = ufunc(*inputs)
/projects/muyang@colostate.edu/software/anaconda/envs/testenv/lib/python3.11/site-packages/numpy/lib/function_base.py:2455: RuntimeWarning: invalid value encountered in func (vectorized)
  outputs = ufunc(*inputs)
200
2023-11-14 19:30:41
elapsed:  715.4  seconds
/projects/muyang@colostate.edu/software/anaconda/envs/testenv/lib/python3.11/site-packages/numpy/lib/function_base.py:2455: RuntimeWarning: divide by zero encountered in func (vectorized)
  outputs = ufunc(*inputs)
/projects/muyang@colostate.edu/software/anaconda/envs/testenv/lib/python3.11/site-packages/numpy/lib/function_base.py:2455: RuntimeWarning: invalid value encountered in func (vectorized)
  outputs = ufunc(*inputs)
250
2023-11-14 19:33:45
300
2023-11-14 19:36:49
elapsed:  1083.1  seconds
350
2023-11-14 19:39:55
/projects/muyang@colostate.edu/software/anaconda/envs/testenv/lib/python3.11/site-packages/numpy/lib/function_base.py:2455: RuntimeWarning: divide by zero encountered in func (vectorized)
  outputs = ufunc(*inputs)
/projects/muyang@colostate.edu/software/anaconda/envs/testenv/lib/python3.11/site-packages/numpy/lib/function_base.py:2455: RuntimeWarning: invalid value encountered in func (vectorized)
  outputs = ufunc(*inputs)
/projects/muyang@colostate.edu/software/anaconda/envs/testenv/lib/python3.11/site-packages/numpy/lib/function_base.py:2455: RuntimeWarning: divide by zero encountered in func (vectorized)
  outputs = ufunc(*inputs)
/projects/muyang@colostate.edu/software/anaconda/envs/testenv/lib/python3.11/site-packages/numpy/lib/function_base.py:2455: RuntimeWarning: invalid value encountered in func (vectorized)
  outputs = ufunc(*inputs)
400
2023-11-14 19:43:03
elapsed:  1457.3  seconds
450
2023-11-14 19:46:09
/projects/muyang@colostate.edu/software/anaconda/envs/testenv/lib/python3.11/site-packages/numpy/lib/function_base.py:2455: RuntimeWarning: divide by zero encountered in func (vectorized)
  outputs = ufunc(*inputs)
/projects/muyang@colostate.edu/software/anaconda/envs/testenv/lib/python3.11/site-packages/numpy/lib/function_base.py:2455: RuntimeWarning: invalid value encountered in func (vectorized)
  outputs = ufunc(*inputs)
500
2023-11-14 19:49:14
elapsed:  1828.6  seconds
/projects/muyang@colostate.edu/software/anaconda/envs/testenv/lib/python3.11/site-packages/numpy/lib/function_base.py:2455: RuntimeWarning: divide by zero encountered in func (vectorized)
  outputs = ufunc(*inputs)
/projects/muyang@colostate.edu/software/anaconda/envs/testenv/lib/python3.11/site-packages/numpy/lib/function_base.py:2455: RuntimeWarning: invalid value encountered in func (vectorized)
  outputs = ufunc(*inputs)
550
2023-11-14 19:52:19
600
2023-11-14 19:55:28
elapsed:  2202.2  seconds
650
2023-11-14 19:58:41
700
2023-11-14 20:01:55
elapsed:  2589.8  seconds
/projects/muyang@colostate.edu/software/anaconda/envs/testenv/lib/python3.11/site-packages/numpy/lib/function_base.py:2455: RuntimeWarning: divide by zero encountered in func (vectorized)
  outputs = ufunc(*inputs)
/projects/muyang@colostate.edu/software/anaconda/envs/testenv/lib/python3.11/site-packages/numpy/lib/function_base.py:2455: RuntimeWarning: invalid value encountered in func (vectorized)
  outputs = ufunc(*inputs)
750
2023-11-14 20:05:04
800
2023-11-14 20:08:13
elapsed:  2967.1  seconds
/projects/muyang@colostate.edu/software/anaconda/envs/testenv/lib/python3.11/site-packages/numpy/lib/function_base.py:2455: RuntimeWarning: divide by zero encountered in func (vectorized)
  outputs = ufunc(*inputs)
/projects/muyang@colostate.edu/software/anaconda/envs/testenv/lib/python3.11/site-packages/numpy/lib/function_base.py:2455: RuntimeWarning: invalid value encountered in func (vectorized)
  outputs = ufunc(*inputs)
850
2023-11-14 20:11:28
900
2023-11-14 20:14:41
elapsed:  3355.6  seconds
950
2023-11-14 20:17:58
/projects/muyang@colostate.edu/software/anaconda/envs/testenv/lib/python3.11/site-packages/numpy/lib/function_base.py:2455: RuntimeWarning: divide by zero encountered in func (vectorized)
  outputs = ufunc(*inputs)
/projects/muyang@colostate.edu/software/anaconda/envs/testenv/lib/python3.11/site-packages/numpy/lib/function_base.py:2455: RuntimeWarning: invalid value encountered in func (vectorized)
  outputs = ufunc(*inputs)
1000
2023-11-14 20:21:14
elapsed:  3748.8  seconds
1050
2023-11-14 20:24:33
1100
2023-11-14 20:27:50
elapsed:  4144.3  seconds
/projects/muyang@colostate.edu/software/anaconda/envs/testenv/lib/python3.11/site-packages/numpy/lib/function_base.py:2455: RuntimeWarning: divide by zero encountered in func (vectorized)
  outputs = ufunc(*inputs)
/projects/muyang@colostate.edu/software/anaconda/envs/testenv/lib/python3.11/site-packages/numpy/lib/function_base.py:2455: RuntimeWarning: invalid value encountered in func (vectorized)
  outputs = ufunc(*inputs)
/projects/muyang@colostate.edu/software/anaconda/envs/testenv/lib/python3.11/site-packages/numpy/lib/function_base.py:2455: RuntimeWarning: divide by zero encountered in func (vectorized)
  outputs = ufunc(*inputs)
/projects/muyang@colostate.edu/software/anaconda/envs/testenv/lib/python3.11/site-packages/numpy/lib/function_base.py:2455: RuntimeWarning: invalid value encountered in func (vectorized)
  outputs = ufunc(*inputs)
1150
2023-11-14 20:31:11
1200
2023-11-14 20:34:32
elapsed:  4545.9  seconds
/projects/muyang@colostate.edu/software/anaconda/envs/testenv/lib/python3.11/site-packages/numpy/lib/function_base.py:2455: RuntimeWarning: divide by zero encountered in func (vectorized)
  outputs = ufunc(*inputs)
/projects/muyang@colostate.edu/software/anaconda/envs/testenv/lib/python3.11/site-packages/numpy/lib/function_base.py:2455: RuntimeWarning: invalid value encountered in func (vectorized)
  outputs = ufunc(*inputs)
1250
2023-11-14 20:37:57
1300
2023-11-14 20:41:19
elapsed:  4953.7  seconds
/projects/muyang@colostate.edu/software/anaconda/envs/testenv/lib/python3.11/site-packages/numpy/lib/function_base.py:2455: RuntimeWarning: divide by zero encountered in func (vectorized)
  outputs = ufunc(*inputs)
/projects/muyang@colostate.edu/software/anaconda/envs/testenv/lib/python3.11/site-packages/numpy/lib/function_base.py:2455: RuntimeWarning: invalid value encountered in func (vectorized)
  outputs = ufunc(*inputs)
1350
2023-11-14 20:44:49
/projects/muyang@colostate.edu/software/anaconda/envs/testenv/lib/python3.11/site-packages/numpy/lib/function_base.py:2455: RuntimeWarning: divide by zero encountered in func (vectorized)
  outputs = ufunc(*inputs)
/projects/muyang@colostate.edu/software/anaconda/envs/testenv/lib/python3.11/site-packages/numpy/lib/function_base.py:2455: RuntimeWarning: invalid value encountered in func (vectorized)
  outputs = ufunc(*inputs)
1400
2023-11-14 20:48:13
elapsed:  5367.8  seconds
/projects/muyang@colostate.edu/software/anaconda/envs/testenv/lib/python3.11/site-packages/numpy/lib/function_base.py:2455: RuntimeWarning: divide by zero encountered in func (vectorized)
  outputs = ufunc(*inputs)
/projects/muyang@colostate.edu/software/anaconda/envs/testenv/lib/python3.11/site-packages/numpy/lib/function_base.py:2455: RuntimeWarning: invalid value encountered in func (vectorized)
  outputs = ufunc(*inputs)
1450
2023-11-14 20:51:45
1500
2023-11-14 20:55:12
elapsed:  5786.0  seconds
1550
2023-11-14 20:58:41
1600
2023-11-14 21:02:16
elapsed:  6210.4  seconds
1650
2023-11-14 21:05:51
1700
2023-11-14 21:09:27
elapsed:  6641.2  seconds
1750
2023-11-14 21:13:04
1800
2023-11-14 21:16:42
elapsed:  7076.6  seconds
/projects/muyang@colostate.edu/software/anaconda/envs/testenv/lib/python3.11/site-packages/numpy/lib/function_base.py:2455: RuntimeWarning: divide by zero encountered in func (vectorized)
  outputs = ufunc(*inputs)
/projects/muyang@colostate.edu/software/anaconda/envs/testenv/lib/python3.11/site-packages/numpy/lib/function_base.py:2455: RuntimeWarning: invalid value encountered in func (vectorized)
  outputs = ufunc(*inputs)
1850
2023-11-14 21:20:25
1900
2023-11-14 21:24:07
elapsed:  7521.3  seconds
/projects/muyang@colostate.edu/software/anaconda/envs/testenv/lib/python3.11/site-packages/numpy/lib/function_base.py:2455: RuntimeWarning: divide by zero encountered in func (vectorized)
  outputs = ufunc(*inputs)
/projects/muyang@colostate.edu/software/anaconda/envs/testenv/lib/python3.11/site-packages/numpy/lib/function_base.py:2455: RuntimeWarning: invalid value encountered in func (vectorized)
  outputs = ufunc(*inputs)
1950
2023-11-14 21:27:55
/projects/muyang@colostate.edu/software/anaconda/envs/testenv/lib/python3.11/site-packages/numpy/lib/function_base.py:2455: RuntimeWarning: divide by zero encountered in func (vectorized)
  outputs = ufunc(*inputs)
/projects/muyang@colostate.edu/software/anaconda/envs/testenv/lib/python3.11/site-packages/numpy/lib/function_base.py:2455: RuntimeWarning: invalid value encountered in func (vectorized)
  outputs = ufunc(*inputs)
/projects/muyang@colostate.edu/software/anaconda/envs/testenv/lib/python3.11/site-packages/numpy/lib/function_base.py:2455: RuntimeWarning: divide by zero encountered in func (vectorized)
  outputs = ufunc(*inputs)
/projects/muyang@colostate.edu/software/anaconda/envs/testenv/lib/python3.11/site-packages/numpy/lib/function_base.py:2455: RuntimeWarning: invalid value encountered in func (vectorized)
  outputs = ufunc(*inputs)
2000
2023-11-14 21:31:45
elapsed:  7979.1  seconds
2050
2023-11-14 21:35:34
2100
2023-11-14 21:39:23
elapsed:  8437.5  seconds
/projects/muyang@colostate.edu/software/anaconda/envs/testenv/lib/python3.11/site-packages/numpy/lib/function_base.py:2455: RuntimeWarning: divide by zero encountered in func (vectorized)
  outputs = ufunc(*inputs)
/projects/muyang@colostate.edu/software/anaconda/envs/testenv/lib/python3.11/site-packages/numpy/lib/function_base.py:2455: RuntimeWarning: invalid value encountered in func (vectorized)
  outputs = ufunc(*inputs)
2150
2023-11-14 21:43:15
/projects/muyang@colostate.edu/software/anaconda/envs/testenv/lib/python3.11/site-packages/numpy/lib/function_base.py:2455: RuntimeWarning: divide by zero encountered in func (vectorized)
  outputs = ufunc(*inputs)
/projects/muyang@colostate.edu/software/anaconda/envs/testenv/lib/python3.11/site-packages/numpy/lib/function_base.py:2455: RuntimeWarning: invalid value encountered in func (vectorized)
  outputs = ufunc(*inputs)
2200
2023-11-14 21:47:03
elapsed:  8897.8  seconds
2250
2023-11-14 21:50:55
/projects/muyang@colostate.edu/software/anaconda/envs/testenv/lib/python3.11/site-packages/numpy/lib/function_base.py:2455: RuntimeWarning: divide by zero encountered in func (vectorized)
  outputs = ufunc(*inputs)
/projects/muyang@colostate.edu/software/anaconda/envs/testenv/lib/python3.11/site-packages/numpy/lib/function_base.py:2455: RuntimeWarning: invalid value encountered in func (vectorized)
  outputs = ufunc(*inputs)
2300
2023-11-14 21:54:44
elapsed:  9358.6  seconds
2350
2023-11-14 21:58:30
2400
2023-11-14 22:02:17
elapsed:  9811.3  seconds
/projects/muyang@colostate.edu/software/anaconda/envs/testenv/lib/python3.11/site-packages/numpy/lib/function_base.py:2455: RuntimeWarning: divide by zero encountered in func (vectorized)
  outputs = ufunc(*inputs)
/projects/muyang@colostate.edu/software/anaconda/envs/testenv/lib/python3.11/site-packages/numpy/lib/function_base.py:2455: RuntimeWarning: invalid value encountered in func (vectorized)
  outputs = ufunc(*inputs)
2450
2023-11-14 22:06:07
/projects/muyang@colostate.edu/software/anaconda/envs/testenv/lib/python3.11/site-packages/numpy/lib/function_base.py:2455: RuntimeWarning: divide by zero encountered in func (vectorized)
  outputs = ufunc(*inputs)
/projects/muyang@colostate.edu/software/anaconda/envs/testenv/lib/python3.11/site-packages/numpy/lib/function_base.py:2455: RuntimeWarning: invalid value encountered in func (vectorized)
  outputs = ufunc(*inputs)
2500
2023-11-14 22:09:55
elapsed:  10269.6  seconds
2550
2023-11-14 22:13:46
2600
2023-11-14 22:17:37
elapsed:  10730.9  seconds
2650
2023-11-14 22:21:27
/projects/muyang@colostate.edu/software/anaconda/envs/testenv/lib/python3.11/site-packages/numpy/lib/function_base.py:2455: RuntimeWarning: divide by zero encountered in func (vectorized)
  outputs = ufunc(*inputs)
/projects/muyang@colostate.edu/software/anaconda/envs/testenv/lib/python3.11/site-packages/numpy/lib/function_base.py:2455: RuntimeWarning: invalid value encountered in func (vectorized)
  outputs = ufunc(*inputs)
2700
2023-11-14 22:25:16
elapsed:  11190.4  seconds
2750
2023-11-14 22:29:08
2800
2023-11-14 22:32:57
elapsed:  11651.1  seconds
2850
2023-11-14 22:36:47
2900
2023-11-14 22:40:34
elapsed:  12108.4  seconds
/projects/muyang@colostate.edu/software/anaconda/envs/testenv/lib/python3.11/site-packages/numpy/lib/function_base.py:2455: RuntimeWarning: divide by zero encountered in func (vectorized)
  outputs = ufunc(*inputs)
/projects/muyang@colostate.edu/software/anaconda/envs/testenv/lib/python3.11/site-packages/numpy/lib/function_base.py:2455: RuntimeWarning: invalid value encountered in func (vectorized)
  outputs = ufunc(*inputs)
/projects/muyang@colostate.edu/software/anaconda/envs/testenv/lib/python3.11/site-packages/numpy/lib/function_base.py:2455: RuntimeWarning: divide by zero encountered in func (vectorized)
  outputs = ufunc(*inputs)
/projects/muyang@colostate.edu/software/anaconda/envs/testenv/lib/python3.11/site-packages/numpy/lib/function_base.py:2455: RuntimeWarning: invalid value encountered in func (vectorized)
  outputs = ufunc(*inputs)
2950
2023-11-14 22:44:27
3000
2023-11-14 22:48:19
elapsed:  12573.5  seconds
/projects/muyang@colostate.edu/software/anaconda/envs/testenv/lib/python3.11/site-packages/numpy/lib/function_base.py:2455: RuntimeWarning: divide by zero encountered in func (vectorized)
  outputs = ufunc(*inputs)
/projects/muyang@colostate.edu/software/anaconda/envs/testenv/lib/python3.11/site-packages/numpy/lib/function_base.py:2455: RuntimeWarning: invalid value encountered in func (vectorized)
  outputs = ufunc(*inputs)
3050
2023-11-14 22:52:11
3100
2023-11-14 22:56:02
elapsed:  13036.6  seconds
/projects/muyang@colostate.edu/software/anaconda/envs/testenv/lib/python3.11/site-packages/numpy/lib/function_base.py:2455: RuntimeWarning: divide by zero encountered in func (vectorized)
  outputs = ufunc(*inputs)
/projects/muyang@colostate.edu/software/anaconda/envs/testenv/lib/python3.11/site-packages/numpy/lib/function_base.py:2455: RuntimeWarning: invalid value encountered in func (vectorized)
  outputs = ufunc(*inputs)
3150
2023-11-14 22:59:57
/projects/muyang@colostate.edu/software/anaconda/envs/testenv/lib/python3.11/site-packages/numpy/lib/function_base.py:2455: RuntimeWarning: divide by zero encountered in func (vectorized)
  outputs = ufunc(*inputs)
/projects/muyang@colostate.edu/software/anaconda/envs/testenv/lib/python3.11/site-packages/numpy/lib/function_base.py:2455: RuntimeWarning: invalid value encountered in func (vectorized)
  outputs = ufunc(*inputs)
3200
2023-11-14 23:03:50
elapsed:  13503.9  seconds
/projects/muyang@colostate.edu/software/anaconda/envs/testenv/lib/python3.11/site-packages/numpy/lib/function_base.py:2455: RuntimeWarning: divide by zero encountered in func (vectorized)
  outputs = ufunc(*inputs)
/projects/muyang@colostate.edu/software/anaconda/envs/testenv/lib/python3.11/site-packages/numpy/lib/function_base.py:2455: RuntimeWarning: invalid value encountered in func (vectorized)
  outputs = ufunc(*inputs)
3250
2023-11-14 23:07:43
3300
2023-11-14 23:11:34
elapsed:  13968.7  seconds
/projects/muyang@colostate.edu/software/anaconda/envs/testenv/lib/python3.11/site-packages/numpy/lib/function_base.py:2455: RuntimeWarning: divide by zero encountered in func (vectorized)
  outputs = ufunc(*inputs)
/projects/muyang@colostate.edu/software/anaconda/envs/testenv/lib/python3.11/site-packages/numpy/lib/function_base.py:2455: RuntimeWarning: invalid value encountered in func (vectorized)
  outputs = ufunc(*inputs)
/projects/muyang@colostate.edu/software/anaconda/envs/testenv/lib/python3.11/site-packages/numpy/lib/function_base.py:2455: RuntimeWarning: divide by zero encountered in func (vectorized)
  outputs = ufunc(*inputs)
/projects/muyang@colostate.edu/software/anaconda/envs/testenv/lib/python3.11/site-packages/numpy/lib/function_base.py:2455: RuntimeWarning: invalid value encountered in func (vectorized)
  outputs = ufunc(*inputs)
3350
2023-11-14 23:15:26
/projects/muyang@colostate.edu/software/anaconda/envs/testenv/lib/python3.11/site-packages/numpy/lib/function_base.py:2455: RuntimeWarning: divide by zero encountered in func (vectorized)
  outputs = ufunc(*inputs)
/projects/muyang@colostate.edu/software/anaconda/envs/testenv/lib/python3.11/site-packages/numpy/lib/function_base.py:2455: RuntimeWarning: invalid value encountered in func (vectorized)
  outputs = ufunc(*inputs)
3400
2023-11-14 23:19:19
elapsed:  14432.9  seconds
3450
2023-11-14 23:23:13
3500
2023-11-14 23:27:06
elapsed:  14900.2  seconds
3550
2023-11-14 23:31:01
/projects/muyang@colostate.edu/software/anaconda/envs/testenv/lib/python3.11/site-packages/numpy/lib/function_base.py:2455: RuntimeWarning: divide by zero encountered in func (vectorized)
  outputs = ufunc(*inputs)
/projects/muyang@colostate.edu/software/anaconda/envs/testenv/lib/python3.11/site-packages/numpy/lib/function_base.py:2455: RuntimeWarning: invalid value encountered in func (vectorized)
  outputs = ufunc(*inputs)
/projects/muyang@colostate.edu/software/anaconda/envs/testenv/lib/python3.11/site-packages/numpy/lib/function_base.py:2455: RuntimeWarning: divide by zero encountered in func (vectorized)
  outputs = ufunc(*inputs)
/projects/muyang@colostate.edu/software/anaconda/envs/testenv/lib/python3.11/site-packages/numpy/lib/function_base.py:2455: RuntimeWarning: invalid value encountered in func (vectorized)
  outputs = ufunc(*inputs)
3600
2023-11-14 23:34:54
elapsed:  15368.4  seconds
/projects/muyang@colostate.edu/software/anaconda/envs/testenv/lib/python3.11/site-packages/numpy/lib/function_base.py:2455: RuntimeWarning: divide by zero encountered in func (vectorized)
  outputs = ufunc(*inputs)
/projects/muyang@colostate.edu/software/anaconda/envs/testenv/lib/python3.11/site-packages/numpy/lib/function_base.py:2455: RuntimeWarning: invalid value encountered in func (vectorized)
  outputs = ufunc(*inputs)
3650
2023-11-14 23:38:51
3700
2023-11-14 23:42:43
elapsed:  15836.9  seconds
3750
2023-11-14 23:46:37
3800
2023-11-14 23:50:29
elapsed:  16303.0  seconds
3850
2023-11-14 23:54:26
3900
2023-11-14 23:58:18
elapsed:  16772.6  seconds
3950
2023-11-15 00:02:07
/projects/muyang@colostate.edu/software/anaconda/envs/testenv/lib/python3.11/site-packages/numpy/lib/function_base.py:2455: RuntimeWarning: divide by zero encountered in func (vectorized)
  outputs = ufunc(*inputs)
/projects/muyang@colostate.edu/software/anaconda/envs/testenv/lib/python3.11/site-packages/numpy/lib/function_base.py:2455: RuntimeWarning: invalid value encountered in func (vectorized)
  outputs = ufunc(*inputs)
4000
2023-11-15 00:05:58
elapsed:  17232.2  seconds
4050
2023-11-15 00:09:52
4100
2023-11-15 00:13:45
elapsed:  17698.9  seconds
/projects/muyang@colostate.edu/software/anaconda/envs/testenv/lib/python3.11/site-packages/numpy/lib/function_base.py:2455: RuntimeWarning: divide by zero encountered in func (vectorized)
  outputs = ufunc(*inputs)
/projects/muyang@colostate.edu/software/anaconda/envs/testenv/lib/python3.11/site-packages/numpy/lib/function_base.py:2455: RuntimeWarning: invalid value encountered in func (vectorized)
  outputs = ufunc(*inputs)
4150
2023-11-15 00:17:38
4200
2023-11-15 00:21:28
elapsed:  18162.5  seconds
/projects/muyang@colostate.edu/software/anaconda/envs/testenv/lib/python3.11/site-packages/numpy/lib/function_base.py:2455: RuntimeWarning: divide by zero encountered in func (vectorized)
  outputs = ufunc(*inputs)
/projects/muyang@colostate.edu/software/anaconda/envs/testenv/lib/python3.11/site-packages/numpy/lib/function_base.py:2455: RuntimeWarning: invalid value encountered in func (vectorized)
  outputs = ufunc(*inputs)
4250
2023-11-15 00:25:21
4300
2023-11-15 00:29:12
elapsed:  18626.5  seconds
/projects/muyang@colostate.edu/software/anaconda/envs/testenv/lib/python3.11/site-packages/numpy/lib/function_base.py:2455: RuntimeWarning: divide by zero encountered in func (vectorized)
  outputs = ufunc(*inputs)
/projects/muyang@colostate.edu/software/anaconda/envs/testenv/lib/python3.11/site-packages/numpy/lib/function_base.py:2455: RuntimeWarning: invalid value encountered in func (vectorized)
  outputs = ufunc(*inputs)
4350
2023-11-15 00:33:05
4400
2023-11-15 00:36:57
elapsed:  19090.9  seconds
/projects/muyang@colostate.edu/software/anaconda/envs/testenv/lib/python3.11/site-packages/numpy/lib/function_base.py:2455: RuntimeWarning: divide by zero encountered in func (vectorized)
  outputs = ufunc(*inputs)
/projects/muyang@colostate.edu/software/anaconda/envs/testenv/lib/python3.11/site-packages/numpy/lib/function_base.py:2455: RuntimeWarning: invalid value encountered in func (vectorized)
  outputs = ufunc(*inputs)
4450
2023-11-15 00:40:44
4500
2023-11-15 00:44:35
elapsed:  19549.6  seconds
4550
2023-11-15 00:48:27
4600
2023-11-15 00:52:18
elapsed:  20012.7  seconds
/projects/muyang@colostate.edu/software/anaconda/envs/testenv/lib/python3.11/site-packages/numpy/lib/function_base.py:2455: RuntimeWarning: divide by zero encountered in func (vectorized)
  outputs = ufunc(*inputs)
/projects/muyang@colostate.edu/software/anaconda/envs/testenv/lib/python3.11/site-packages/numpy/lib/function_base.py:2455: RuntimeWarning: invalid value encountered in func (vectorized)
  outputs = ufunc(*inputs)
4650
2023-11-15 00:56:12
4700
2023-11-15 01:00:03
elapsed:  20477.7  seconds
4750
2023-11-15 01:03:57
/projects/muyang@colostate.edu/software/anaconda/envs/testenv/lib/python3.11/site-packages/numpy/lib/function_base.py:2455: RuntimeWarning: divide by zero encountered in func (vectorized)
  outputs = ufunc(*inputs)
/projects/muyang@colostate.edu/software/anaconda/envs/testenv/lib/python3.11/site-packages/numpy/lib/function_base.py:2455: RuntimeWarning: invalid value encountered in func (vectorized)
  outputs = ufunc(*inputs)
4800
2023-11-15 01:07:47
elapsed:  20941.7  seconds
/projects/muyang@colostate.edu/software/anaconda/envs/testenv/lib/python3.11/site-packages/numpy/lib/function_base.py:2455: RuntimeWarning: divide by zero encountered in func (vectorized)
  outputs = ufunc(*inputs)
/projects/muyang@colostate.edu/software/anaconda/envs/testenv/lib/python3.11/site-packages/numpy/lib/function_base.py:2455: RuntimeWarning: invalid value encountered in func (vectorized)
  outputs = ufunc(*inputs)
4850
2023-11-15 01:11:41
4900
2023-11-15 01:15:32
elapsed:  21406.8  seconds
/projects/muyang@colostate.edu/software/anaconda/envs/testenv/lib/python3.11/site-packages/numpy/lib/function_base.py:2455: RuntimeWarning: divide by zero encountered in func (vectorized)
  outputs = ufunc(*inputs)
/projects/muyang@colostate.edu/software/anaconda/envs/testenv/lib/python3.11/site-packages/numpy/lib/function_base.py:2455: RuntimeWarning: invalid value encountered in func (vectorized)
  outputs = ufunc(*inputs)
4950
2023-11-15 01:19:24
elapsed:  21861.0  seconds
total time:  21867.5  seconds
true R:  [[4.65838174e-01 2.11753351e-01 6.03172336e-01 2.16151243e+00
  5.90369340e-01 2.15583910e-01 1.59694137e-01 3.53244237e-01
  4.92105978e-01 8.33702296e-01 2.25780660e-01 4.28555027e-01
  1.02196925e+00 5.10526253e-01 5.45632404e-01 1.32027958e+00
  1.45393312e+00 6.89065762e-02 2.58896870e+00 3.54393940e+00
  3.36903455e-01 3.18079631e+00 4.07263473e-01 1.59700222e-01
  8.16644367e-02 1.72490010e-01 5.22922311e+02 1.55618331e+00
  2.90638385e+00 1.77750496e+00 2.35899385e-01 6.85710559e-01
  2.52195623e+00 2.19386522e+00 3.73446550e-01 2.23674538e+00
  6.11561905e+00 1.42480327e-01 8.30802331e+00 1.91176517e-01
  6.08140823e+00 1.70504009e+01 5.19164712e-01 6.49797782e+00
  5.80229427e-01 4.63506394e-01 6.93109198e-01 2.44137043e+00
  5.52646016e+01 6.79143172e-01 4.25367957e+01 4.55960468e+00
  2.39025913e-01 4.31880179e-01 1.70789659e-01 1.70097415e-01
  1.73462103e+02 9.47379862e+01 7.45797832e+00 2.13583753e-01
  8.93684060e-01 5.37575050e-01 1.23698219e-01 3.90880983e-01]
 [4.91974229e-01 3.23573590e+00 1.56444465e+00 1.89612317e+00
  5.49226908e-01 2.41331899e+00 1.57377186e+00 1.60491176e+02
  3.20279675e+01 1.69339223e-01 7.21704969e+00 1.49165838e+00
  1.21304086e+00 2.46405535e+00 6.59282384e+00 1.54552643e+02
  1.09983583e+01 8.27561503e-01 1.45342576e+00 1.46157378e+00
  1.87830849e-01 9.14611776e-02 6.86993005e+00 5.66300390e-02
  5.92905240e-01 4.15034468e+00 9.42079837e-01 2.77951670e-01
  2.12391010e+00 1.27418083e+03 1.54632948e+01 4.31265098e+00
  8.83624310e-01 1.28443040e+00 4.85390055e-01 5.22816713e+00
  2.75178142e-01 1.87461941e+01 1.17342164e+02 1.81556662e+00
  7.35427426e-01 1.82595263e+00 1.04020838e-01 1.13409710e-01
  4.01612014e-01 1.45895683e+00 8.48835880e-01 9.37163281e+01
  2.60617110e+00 1.76384235e+00 2.88684010e-01 2.15738423e+01
  2.84761827e+00 1.05662274e-01 3.59885127e+03 7.17101762e-01
  4.86296655e+00 1.28682529e+01 1.82779333e+00 2.01281884e+00
  2.72316267e-01 3.87689478e+00 1.30874994e-01 3.23527088e-01]
 [1.74398582e+00 4.16331418e+00 2.08773281e+00 4.63482476e-01
  3.81364845e+01 1.26519687e+00 3.46686677e-01 3.23738302e-01
  2.14932980e+01 1.82187894e+00 2.27769699e+00 8.78023275e-01
  3.58638905e-01 2.79609099e+01 4.86215482e-01 6.62325749e-01
  1.97554204e+02 4.14339713e-01 1.53365503e+00 1.56357936e+00
  2.87986296e+00 7.30912985e+01 2.24601977e-01 1.47804362e+00
  2.10112678e-01 2.42470042e+03 3.14736605e+02 2.05554179e+00
  2.01039284e+00 1.46685921e-01 2.50257523e-01 3.53064528e-01
  1.57841169e+01 5.18974871e-01 3.27301812e+01 1.74216884e-01
  2.62612533e-01 1.89025653e+00 9.97721671e+01 2.03331773e-01
  1.07975469e+00 8.42375579e+02 8.65249244e+00 1.58592907e+00
  1.83662564e-01 7.71226942e-01 3.45460786e-01 9.00254573e+00
  5.86886697e-01 3.03659059e+00 5.54607627e-01 1.26371289e-01
  9.64647915e-02 5.28035490e-01 2.68168054e+01 2.57949657e+01
  6.11138284e-02 1.17803170e+00 2.36693679e+01 6.26071611e+01
  2.48171668e+01 5.88941947e-01 2.04641789e-01 6.01572678e-01]
 [8.28599509e-01 4.79535583e+00 4.81994664e-01 6.53562885e+00
  1.17205472e+00 5.20838909e+00 3.13871233e+02 7.42391863e-01
  4.44239990e-01 8.23083149e-01 2.93217052e-01 3.31157489e+04
  5.48914769e-01 1.05084814e+00 1.94614417e+01 1.51756808e+00
  1.09215736e-01 3.18804995e+00 2.33514381e-01 1.51517512e-01
  4.31578856e-01 1.02138195e+02 2.83093031e+01 5.30651866e-01
  4.36516006e+00 9.76914040e-01 4.21365677e+00 1.46480351e-01
  1.96433531e+00 2.39910798e-01 4.07532923e+01 2.21960273e+00
  2.10162484e+00 1.09724710e+00 1.75622385e+01 4.71418111e-01
  9.14926254e+03 2.38566704e-01 1.30701059e-01 3.02958914e+00
  1.57670009e+00 2.22416708e+00 1.24162498e+00 5.03632285e-01
  1.74416498e+01 4.97938602e-01 5.67499517e-01 1.04816597e+00
  7.00792111e-01 5.57632773e-01 6.64793391e-01 1.27662751e+00
  7.45367754e-01 2.08311481e+00 4.27088035e-01 3.15465998e+01
  5.24692590e-01 2.18693912e+00 3.00861830e+01 9.08197431e-01
  2.34815650e-01 3.40341226e-01 2.52060106e-01 1.09095447e+00]
 [7.18891986e+00 1.58387822e+00 1.25674343e-01 8.38727561e-01
  2.22465374e+00 5.12689261e+00 1.74912391e-01 1.01864039e+00
  1.33557854e+01 1.64067955e+00 2.38383339e+01 6.08910284e+00
  3.54121767e+00 9.15225631e-01 2.80293143e+00 2.66524294e-01
  1.95644740e-01 1.58554410e+01 5.10991814e-01 5.25556502e+01
  2.20934419e+00 7.26276218e-01 4.07445327e+00 1.72619975e+02
  6.51281750e-01 1.48966156e+00 5.35335154e-01 7.53806561e+01
  2.70163567e+00 5.39215263e-01 1.05478381e+01 8.90947729e-01
  1.24143162e+00 1.03753102e+00 1.44553620e+00 2.85253785e-01
  1.17455580e+00 7.97903553e-02 8.43715474e+02 7.61193867e-01
  1.66461330e-01 1.09421811e-01 4.64893176e+00 1.79885229e+00
  8.14730755e+01 1.66592806e-01 6.53800376e-01 2.57922638e+00
  2.03903871e-01 4.95864430e-01 7.91328257e-01 1.51477994e-01
  3.70091836e+04 5.93285517e+01 7.19176835e+00 2.81258217e+00
  6.05196633e+00 3.15054934e+02 1.08783473e+01 8.48607448e-02
  2.18084158e+03 2.09238811e+01 2.39505282e+00 2.43260246e-01]
 [2.36694763e+00 2.29026353e-01 1.78991348e+01 1.40013530e+01
  7.26241443e-01 3.55316167e-01 8.31810480e+00 1.43665212e+01
  7.74024965e-01 5.35106449e+00 1.44569785e-01 6.87184137e-01
  5.57944790e-01 1.04529238e+00 1.97287694e-01 5.12126906e+04
  2.70023175e-01 2.35546251e-01 2.81191511e+00 4.42853332e-01
  2.98160802e+00 3.19105275e-01 4.83808768e-01 1.97257482e+00
  5.04343428e-01 6.81708038e-01 8.43529592e+02 2.88011271e-01
  1.11878205e-01 4.00438483e-01 2.41189692e+00 3.77287637e+00
  3.73000007e-01 9.39677842e+01 7.30523329e-01 1.27346714e+00
  3.46745523e+00 3.08800216e+03 4.95011804e+00 1.40889017e-01
  4.10756669e+00 1.31464188e+01 1.53540809e+00 1.52956154e+00
  1.40214008e+00 5.78017271e+00 1.20386865e+00 3.86999132e+02
  1.14288484e+00 1.78192728e+03 1.57990097e+01 2.90774931e-01
  1.65543642e-01 2.01284088e-01 9.64083811e+00 1.35678174e-01
  6.80991605e-01 1.35005317e+00 1.56613477e+01 5.41550989e-01
  1.44764999e+00 5.34398884e+01 3.05921972e+00 1.93953645e-01]
 [4.55125103e+01 3.39502190e+01 1.86600884e+03 8.85434837e-02
  1.07994084e+00 4.39815710e-01 3.26978345e-01 4.35228055e+01
  8.56669790e-02 3.71549952e+00 3.14600391e+00 4.11191148e+01
  1.14653536e+00 1.00301712e+01 8.10751954e-01 1.45701525e+00
  2.56340708e+01 5.94931864e+00 4.89677180e-01 8.58099977e-01
  1.11494662e+01 1.95620346e+00 1.13163037e+00 7.32741137e+00
  1.52638999e-01 9.51766264e-01 2.00797569e-01 1.18281219e+00
  1.38279592e-01 3.05873884e-01 2.54553681e+01 9.13980210e+00
  1.14030028e+00 4.61543238e-01 6.26044838e-01 2.83076911e+01
  1.31507998e-01 1.12774052e-01 8.42304293e-01 8.57178093e-01
  8.36674461e-01 5.58669152e-01 4.44082383e+00 1.17753845e-01
  1.43684476e+00 1.18317077e+01 1.11610046e+00 3.40381104e+01
  1.20946096e+00 1.92121775e+01 8.73484358e-02 1.80065695e+01
  5.76972424e-01 1.55965832e+00 4.74077458e-01 2.14285441e-01
  1.48072088e+00 5.13600128e-01 3.82097977e-01 1.62817035e+03
  1.86222984e-01 2.04748505e-01 3.46678695e+00 7.85686088e+00]
 [3.37806360e-01 1.44259919e-01 3.84468415e-01 3.84066260e-01
  1.17559711e+00 2.00672679e+02 2.35917509e-01 2.07505447e+00
  1.40489924e-01 2.30334376e+01 6.16933478e-02 2.51927611e-01
  2.67871937e-01 2.04634122e-01 9.45540744e-02 2.03568167e+00
  5.08110508e-01 4.52782637e-01 2.19615322e+00 7.36192647e-01
  2.09758695e-01 1.46222758e-01 6.96054872e-01 1.09630799e+00
  4.13040756e+01 8.19331532e-01 3.18182564e+01 3.86840156e-01
  1.67090133e+00 2.56719685e+00 8.65173597e-01 9.53235108e-01
  1.88979753e-01 4.07228420e+02 2.80785057e-01 4.27197816e+00
  4.45811343e-01 5.31091241e+02 1.28436535e-01 2.08908995e-01
  1.96704446e+00 5.94887557e+01 2.41028355e+00 7.10638784e+00
  4.00704832e+02 1.27458375e-01 1.26084232e+00 9.87027073e-02
  2.59104830e+01 7.22741869e+02 2.35516842e-01 1.53064833e+00
  1.08119194e+00 7.15643029e+00 4.40870538e-01 4.39574433e-01
  1.34394142e+00 1.98892025e+00 1.93181340e+00 1.39429675e+00
  2.06895785e-01 1.12462963e+01 4.34368516e-01 1.10337609e-01]
 [1.41497120e-01 4.02430982e-01 1.65110528e-01 1.05753693e+00
  2.17056849e-01 4.84879524e-01 2.87089798e+00 7.87439512e-02
  4.45805216e+00 1.41630264e-01 7.44296419e+00 4.40763766e+00
  1.13239828e+01 1.46886118e-01 2.11924056e+00 4.97535834e+00
  2.23153255e+00 1.44155773e-01 5.65054976e+00 1.28953857e+00
  3.29646967e+00 4.89109937e+01 6.75174111e-01 1.35805564e+01
  9.82851205e-01 8.07488072e-02 2.40324825e-01 3.02308416e+00
  1.30746802e-01 2.28995933e+00 7.31230992e-02 1.46592494e+00
  3.61958471e+00 1.76030082e-01 2.78228674e+01 4.17157557e-01
  5.14418896e-01 2.62129010e-01 3.64750685e+00 7.74586811e-01
  4.09127534e-01 6.72522781e-01 1.53870178e+00 4.96977377e-01
  5.64213273e+00 2.32639419e+00 9.25055667e-02 1.09129943e-01
  1.01922825e+00 6.64109206e-01 8.70621237e-01 8.65284583e-01
  9.58086748e-01 8.09316338e-01 3.09746571e+00 9.60740501e+00
  8.73079175e-01 7.27157710e+00 2.10937619e-01 4.56700713e-01
  3.85849517e+00 1.93708312e+00 2.04224647e+00 3.59032740e-01]]
