--------------------------------------------------------------------------
No OpenFabrics connection schemes reported that they were able to be
used on a specific port.  As such, the openib BTL (OpenFabrics
support) will be disabled for this port.

  Local host:           c3cpu-a2-u15-4
  Local device:         mlx5_0
  Local port:           1
  CPCs attempted:       rdmacm, udcm
--------------------------------------------------------------------------
[c3cpu-a2-u15-4.rc.int.colorado.edu:752741] 63 more processes have sent help message help-mpi-btl-openib-cpc-base.txt / no cpcs for port
[c3cpu-a2-u15-4.rc.int.colorado.edu:752741] Set MCA parameter "orte_base_help_aggregate" to 0 to see all help / error messages
1
50
2023-11-17 15:00:31
100
2023-11-17 15:03:00
elapsed:  293.5  seconds
150
2023-11-17 15:05:32
200
2023-11-17 15:08:00
elapsed:  593.3  seconds
250
2023-11-17 15:10:34
/projects/muyang@colostate.edu/software/anaconda/envs/alpine_MCMC/lib/python3.11/site-packages/numpy/lib/function_base.py:2412: RuntimeWarning: divide by zero encountered in func (vectorized)
  outputs = ufunc(*inputs)
/projects/muyang@colostate.edu/software/anaconda/envs/alpine_MCMC/lib/python3.11/site-packages/numpy/lib/function_base.py:2412: RuntimeWarning: invalid value encountered in func (vectorized)
  outputs = ufunc(*inputs)
300
2023-11-17 15:13:04
elapsed:  898.1  seconds
350
2023-11-17 15:15:40
400
2023-11-17 15:18:16
elapsed:  1210.0  seconds
/projects/muyang@colostate.edu/software/anaconda/envs/alpine_MCMC/lib/python3.11/site-packages/numpy/lib/function_base.py:2412: RuntimeWarning: divide by zero encountered in func (vectorized)
  outputs = ufunc(*inputs)
/projects/muyang@colostate.edu/software/anaconda/envs/alpine_MCMC/lib/python3.11/site-packages/numpy/lib/function_base.py:2412: RuntimeWarning: invalid value encountered in func (vectorized)
  outputs = ufunc(*inputs)
450
2023-11-17 15:20:53
500
2023-11-17 15:23:31
elapsed:  1524.9  seconds
550
2023-11-17 15:26:11
600
2023-11-17 15:28:52
elapsed:  1845.1  seconds
650
2023-11-17 15:31:35
700
2023-11-17 15:34:17
elapsed:  2170.5  seconds
750
2023-11-17 15:37:02
800
2023-11-17 15:39:46
elapsed:  2500.0  seconds
850
2023-11-17 15:42:36
/projects/muyang@colostate.edu/software/anaconda/envs/alpine_MCMC/lib/python3.11/site-packages/numpy/lib/function_base.py:2412: RuntimeWarning: divide by zero encountered in func (vectorized)
  outputs = ufunc(*inputs)
/projects/muyang@colostate.edu/software/anaconda/envs/alpine_MCMC/lib/python3.11/site-packages/numpy/lib/function_base.py:2412: RuntimeWarning: invalid value encountered in func (vectorized)
  outputs = ufunc(*inputs)
900
2023-11-17 15:45:23
elapsed:  2836.7  seconds
950
2023-11-17 15:48:11
1000
2023-11-17 15:50:58
elapsed:  3171.5  seconds
1050
2023-11-17 15:53:46
/projects/muyang@colostate.edu/software/anaconda/envs/alpine_MCMC/lib/python3.11/site-packages/numpy/lib/function_base.py:2412: RuntimeWarning: divide by zero encountered in func (vectorized)
  outputs = ufunc(*inputs)
/projects/muyang@colostate.edu/software/anaconda/envs/alpine_MCMC/lib/python3.11/site-packages/numpy/lib/function_base.py:2412: RuntimeWarning: invalid value encountered in func (vectorized)
  outputs = ufunc(*inputs)
1100
2023-11-17 15:56:33
elapsed:  3506.5  seconds
1150
2023-11-17 15:59:22
1200
2023-11-17 16:02:05
elapsed:  3838.9  seconds
1250
2023-11-17 16:04:57
1300
2023-11-17 16:07:49
elapsed:  4182.5  seconds
/projects/muyang@colostate.edu/software/anaconda/envs/alpine_MCMC/lib/python3.11/site-packages/numpy/lib/function_base.py:2412: RuntimeWarning: divide by zero encountered in func (vectorized)
  outputs = ufunc(*inputs)
/projects/muyang@colostate.edu/software/anaconda/envs/alpine_MCMC/lib/python3.11/site-packages/numpy/lib/function_base.py:2412: RuntimeWarning: invalid value encountered in func (vectorized)
  outputs = ufunc(*inputs)
1350
2023-11-17 16:10:41
/projects/muyang@colostate.edu/software/anaconda/envs/alpine_MCMC/lib/python3.11/site-packages/numpy/lib/function_base.py:2412: RuntimeWarning: divide by zero encountered in func (vectorized)
  outputs = ufunc(*inputs)
/projects/muyang@colostate.edu/software/anaconda/envs/alpine_MCMC/lib/python3.11/site-packages/numpy/lib/function_base.py:2412: RuntimeWarning: invalid value encountered in func (vectorized)
  outputs = ufunc(*inputs)
1400
2023-11-17 16:13:32
elapsed:  4526.0  seconds
/projects/muyang@colostate.edu/software/anaconda/envs/alpine_MCMC/lib/python3.11/site-packages/numpy/lib/function_base.py:2412: RuntimeWarning: divide by zero encountered in func (vectorized)
  outputs = ufunc(*inputs)
/projects/muyang@colostate.edu/software/anaconda/envs/alpine_MCMC/lib/python3.11/site-packages/numpy/lib/function_base.py:2412: RuntimeWarning: invalid value encountered in func (vectorized)
  outputs = ufunc(*inputs)
1450
2023-11-17 16:16:23
1500
2023-11-17 16:19:13
elapsed:  4866.8  seconds
/projects/muyang@colostate.edu/software/anaconda/envs/alpine_MCMC/lib/python3.11/site-packages/numpy/lib/function_base.py:2412: RuntimeWarning: divide by zero encountered in func (vectorized)
  outputs = ufunc(*inputs)
/projects/muyang@colostate.edu/software/anaconda/envs/alpine_MCMC/lib/python3.11/site-packages/numpy/lib/function_base.py:2412: RuntimeWarning: invalid value encountered in func (vectorized)
  outputs = ufunc(*inputs)
1550
2023-11-17 16:22:06
/projects/muyang@colostate.edu/software/anaconda/envs/alpine_MCMC/lib/python3.11/site-packages/numpy/lib/function_base.py:2412: RuntimeWarning: divide by zero encountered in func (vectorized)
  outputs = ufunc(*inputs)
/projects/muyang@colostate.edu/software/anaconda/envs/alpine_MCMC/lib/python3.11/site-packages/numpy/lib/function_base.py:2412: RuntimeWarning: invalid value encountered in func (vectorized)
  outputs = ufunc(*inputs)
1600
2023-11-17 16:24:57
elapsed:  5210.2  seconds
1650
2023-11-17 16:27:48
/projects/muyang@colostate.edu/software/anaconda/envs/alpine_MCMC/lib/python3.11/site-packages/numpy/lib/function_base.py:2412: RuntimeWarning: divide by zero encountered in func (vectorized)
  outputs = ufunc(*inputs)
/projects/muyang@colostate.edu/software/anaconda/envs/alpine_MCMC/lib/python3.11/site-packages/numpy/lib/function_base.py:2412: RuntimeWarning: invalid value encountered in func (vectorized)
  outputs = ufunc(*inputs)
1700
2023-11-17 16:30:40
elapsed:  5553.6  seconds
1750
2023-11-17 16:33:34
1800
2023-11-17 16:36:26
elapsed:  5899.3  seconds
/projects/muyang@colostate.edu/software/anaconda/envs/alpine_MCMC/lib/python3.11/site-packages/numpy/lib/function_base.py:2412: RuntimeWarning: divide by zero encountered in func (vectorized)
  outputs = ufunc(*inputs)
/projects/muyang@colostate.edu/software/anaconda/envs/alpine_MCMC/lib/python3.11/site-packages/numpy/lib/function_base.py:2412: RuntimeWarning: invalid value encountered in func (vectorized)
  outputs = ufunc(*inputs)
1850
2023-11-17 16:39:17
1900
2023-11-17 16:42:09
elapsed:  6242.2  seconds
/projects/muyang@colostate.edu/software/anaconda/envs/alpine_MCMC/lib/python3.11/site-packages/numpy/lib/function_base.py:2412: RuntimeWarning: divide by zero encountered in func (vectorized)
  outputs = ufunc(*inputs)
/projects/muyang@colostate.edu/software/anaconda/envs/alpine_MCMC/lib/python3.11/site-packages/numpy/lib/function_base.py:2412: RuntimeWarning: invalid value encountered in func (vectorized)
  outputs = ufunc(*inputs)
/projects/muyang@colostate.edu/software/anaconda/envs/alpine_MCMC/lib/python3.11/site-packages/numpy/lib/function_base.py:2412: RuntimeWarning: divide by zero encountered in func (vectorized)
  outputs = ufunc(*inputs)
/projects/muyang@colostate.edu/software/anaconda/envs/alpine_MCMC/lib/python3.11/site-packages/numpy/lib/function_base.py:2412: RuntimeWarning: invalid value encountered in func (vectorized)
  outputs = ufunc(*inputs)
1950
2023-11-17 16:45:01
/projects/muyang@colostate.edu/software/anaconda/envs/alpine_MCMC/lib/python3.11/site-packages/numpy/lib/function_base.py:2412: RuntimeWarning: divide by zero encountered in func (vectorized)
  outputs = ufunc(*inputs)
/projects/muyang@colostate.edu/software/anaconda/envs/alpine_MCMC/lib/python3.11/site-packages/numpy/lib/function_base.py:2412: RuntimeWarning: invalid value encountered in func (vectorized)
  outputs = ufunc(*inputs)
2000
2023-11-17 16:47:53
elapsed:  6586.6  seconds
2050
2023-11-17 16:50:45
/projects/muyang@colostate.edu/software/anaconda/envs/alpine_MCMC/lib/python3.11/site-packages/numpy/lib/function_base.py:2412: RuntimeWarning: divide by zero encountered in func (vectorized)
  outputs = ufunc(*inputs)
/projects/muyang@colostate.edu/software/anaconda/envs/alpine_MCMC/lib/python3.11/site-packages/numpy/lib/function_base.py:2412: RuntimeWarning: invalid value encountered in func (vectorized)
  outputs = ufunc(*inputs)
2100
2023-11-17 16:53:34
elapsed:  6927.2  seconds
2150
2023-11-17 16:56:24
2200
2023-11-17 16:59:15
elapsed:  7268.7  seconds
2250
2023-11-17 17:02:07
2300
2023-11-17 17:04:59
elapsed:  7612.8  seconds
2350
2023-11-17 17:07:56
2400
2023-11-17 17:10:48
elapsed:  7961.5  seconds
2450
2023-11-17 17:13:43
/projects/muyang@colostate.edu/software/anaconda/envs/alpine_MCMC/lib/python3.11/site-packages/numpy/lib/function_base.py:2412: RuntimeWarning: divide by zero encountered in func (vectorized)
  outputs = ufunc(*inputs)
/projects/muyang@colostate.edu/software/anaconda/envs/alpine_MCMC/lib/python3.11/site-packages/numpy/lib/function_base.py:2412: RuntimeWarning: invalid value encountered in func (vectorized)
  outputs = ufunc(*inputs)
2500
2023-11-17 17:16:37
elapsed:  8310.9  seconds
2550
2023-11-17 17:19:34
2600
2023-11-17 17:22:29
elapsed:  8662.4  seconds
/projects/muyang@colostate.edu/software/anaconda/envs/alpine_MCMC/lib/python3.11/site-packages/numpy/lib/function_base.py:2412: RuntimeWarning: divide by zero encountered in func (vectorized)
  outputs = ufunc(*inputs)
/projects/muyang@colostate.edu/software/anaconda/envs/alpine_MCMC/lib/python3.11/site-packages/numpy/lib/function_base.py:2412: RuntimeWarning: invalid value encountered in func (vectorized)
  outputs = ufunc(*inputs)
2650
2023-11-17 17:25:24
/projects/muyang@colostate.edu/software/anaconda/envs/alpine_MCMC/lib/python3.11/site-packages/numpy/lib/function_base.py:2412: RuntimeWarning: divide by zero encountered in func (vectorized)
  outputs = ufunc(*inputs)
/projects/muyang@colostate.edu/software/anaconda/envs/alpine_MCMC/lib/python3.11/site-packages/numpy/lib/function_base.py:2412: RuntimeWarning: invalid value encountered in func (vectorized)
  outputs = ufunc(*inputs)
/projects/muyang@colostate.edu/software/anaconda/envs/alpine_MCMC/lib/python3.11/site-packages/numpy/lib/function_base.py:2412: RuntimeWarning: divide by zero encountered in func (vectorized)
  outputs = ufunc(*inputs)
/projects/muyang@colostate.edu/software/anaconda/envs/alpine_MCMC/lib/python3.11/site-packages/numpy/lib/function_base.py:2412: RuntimeWarning: invalid value encountered in func (vectorized)
  outputs = ufunc(*inputs)
2700
2023-11-17 17:28:19
elapsed:  9012.4  seconds
/projects/muyang@colostate.edu/software/anaconda/envs/alpine_MCMC/lib/python3.11/site-packages/numpy/lib/function_base.py:2412: RuntimeWarning: divide by zero encountered in func (vectorized)
  outputs = ufunc(*inputs)
/projects/muyang@colostate.edu/software/anaconda/envs/alpine_MCMC/lib/python3.11/site-packages/numpy/lib/function_base.py:2412: RuntimeWarning: invalid value encountered in func (vectorized)
  outputs = ufunc(*inputs)
/projects/muyang@colostate.edu/software/anaconda/envs/alpine_MCMC/lib/python3.11/site-packages/numpy/lib/function_base.py:2412: RuntimeWarning: divide by zero encountered in func (vectorized)
  outputs = ufunc(*inputs)
/projects/muyang@colostate.edu/software/anaconda/envs/alpine_MCMC/lib/python3.11/site-packages/numpy/lib/function_base.py:2412: RuntimeWarning: invalid value encountered in func (vectorized)
  outputs = ufunc(*inputs)
2750
2023-11-17 17:31:18
2800
2023-11-17 17:34:14
elapsed:  9368.0  seconds
/projects/muyang@colostate.edu/software/anaconda/envs/alpine_MCMC/lib/python3.11/site-packages/numpy/lib/function_base.py:2412: RuntimeWarning: divide by zero encountered in func (vectorized)
  outputs = ufunc(*inputs)
/projects/muyang@colostate.edu/software/anaconda/envs/alpine_MCMC/lib/python3.11/site-packages/numpy/lib/function_base.py:2412: RuntimeWarning: invalid value encountered in func (vectorized)
  outputs = ufunc(*inputs)
2850
2023-11-17 17:37:12
/projects/muyang@colostate.edu/software/anaconda/envs/alpine_MCMC/lib/python3.11/site-packages/numpy/lib/function_base.py:2412: RuntimeWarning: divide by zero encountered in func (vectorized)
  outputs = ufunc(*inputs)
/projects/muyang@colostate.edu/software/anaconda/envs/alpine_MCMC/lib/python3.11/site-packages/numpy/lib/function_base.py:2412: RuntimeWarning: invalid value encountered in func (vectorized)
  outputs = ufunc(*inputs)
2900
2023-11-17 17:40:07
elapsed:  9720.7  seconds
2950
2023-11-17 17:43:02
/projects/muyang@colostate.edu/software/anaconda/envs/alpine_MCMC/lib/python3.11/site-packages/numpy/lib/function_base.py:2412: RuntimeWarning: divide by zero encountered in func (vectorized)
  outputs = ufunc(*inputs)
/projects/muyang@colostate.edu/software/anaconda/envs/alpine_MCMC/lib/python3.11/site-packages/numpy/lib/function_base.py:2412: RuntimeWarning: invalid value encountered in func (vectorized)
  outputs = ufunc(*inputs)
3000
2023-11-17 17:45:54
elapsed:  10067.2  seconds
3050
2023-11-17 17:48:48
/projects/muyang@colostate.edu/software/anaconda/envs/alpine_MCMC/lib/python3.11/site-packages/numpy/lib/function_base.py:2412: RuntimeWarning: divide by zero encountered in func (vectorized)
  outputs = ufunc(*inputs)
/projects/muyang@colostate.edu/software/anaconda/envs/alpine_MCMC/lib/python3.11/site-packages/numpy/lib/function_base.py:2412: RuntimeWarning: invalid value encountered in func (vectorized)
  outputs = ufunc(*inputs)
3100
2023-11-17 17:51:43
elapsed:  10416.5  seconds
3150
2023-11-17 17:54:40
3200
2023-11-17 17:57:36
elapsed:  10769.3  seconds
/projects/muyang@colostate.edu/software/anaconda/envs/alpine_MCMC/lib/python3.11/site-packages/numpy/lib/function_base.py:2412: RuntimeWarning: divide by zero encountered in func (vectorized)
  outputs = ufunc(*inputs)
/projects/muyang@colostate.edu/software/anaconda/envs/alpine_MCMC/lib/python3.11/site-packages/numpy/lib/function_base.py:2412: RuntimeWarning: invalid value encountered in func (vectorized)
  outputs = ufunc(*inputs)
3250
2023-11-17 18:00:31
3300
2023-11-17 18:03:25
elapsed:  11118.9  seconds
3350
2023-11-17 18:06:23
3400
2023-11-17 18:09:17
elapsed:  11470.9  seconds
3450
2023-11-17 18:12:14
3500
2023-11-17 18:15:09
elapsed:  11823.0  seconds
3550
2023-11-17 18:18:08
3600
2023-11-17 18:21:05
elapsed:  12178.8  seconds
3650
2023-11-17 18:24:03
/projects/muyang@colostate.edu/software/anaconda/envs/alpine_MCMC/lib/python3.11/site-packages/numpy/lib/function_base.py:2412: RuntimeWarning: divide by zero encountered in func (vectorized)
  outputs = ufunc(*inputs)
/projects/muyang@colostate.edu/software/anaconda/envs/alpine_MCMC/lib/python3.11/site-packages/numpy/lib/function_base.py:2412: RuntimeWarning: invalid value encountered in func (vectorized)
  outputs = ufunc(*inputs)
3700
2023-11-17 18:27:00
elapsed:  12533.6  seconds
3750
2023-11-17 18:29:59
3800
2023-11-17 18:32:57
elapsed:  12891.0  seconds
3850
2023-11-17 18:35:56
3900
2023-11-17 18:38:56
elapsed:  13249.4  seconds
3950
2023-11-17 18:41:56
4000
2023-11-17 18:44:54
elapsed:  13607.3  seconds
4050
2023-11-17 18:47:53
4100
2023-11-17 18:50:51
elapsed:  13964.9  seconds
/projects/muyang@colostate.edu/software/anaconda/envs/alpine_MCMC/lib/python3.11/site-packages/numpy/lib/function_base.py:2412: RuntimeWarning: divide by zero encountered in func (vectorized)
  outputs = ufunc(*inputs)
/projects/muyang@colostate.edu/software/anaconda/envs/alpine_MCMC/lib/python3.11/site-packages/numpy/lib/function_base.py:2412: RuntimeWarning: invalid value encountered in func (vectorized)
  outputs = ufunc(*inputs)
/projects/muyang@colostate.edu/software/anaconda/envs/alpine_MCMC/lib/python3.11/site-packages/numpy/lib/function_base.py:2412: RuntimeWarning: divide by zero encountered in func (vectorized)
  outputs = ufunc(*inputs)
/projects/muyang@colostate.edu/software/anaconda/envs/alpine_MCMC/lib/python3.11/site-packages/numpy/lib/function_base.py:2412: RuntimeWarning: invalid value encountered in func (vectorized)
  outputs = ufunc(*inputs)
4150
2023-11-17 18:53:50
4200
2023-11-17 18:56:49
elapsed:  14322.7  seconds
4250
2023-11-17 18:59:49
4300
2023-11-17 19:02:48
elapsed:  14681.2  seconds
4350
2023-11-17 19:05:47
/projects/muyang@colostate.edu/software/anaconda/envs/alpine_MCMC/lib/python3.11/site-packages/numpy/lib/function_base.py:2412: RuntimeWarning: divide by zero encountered in func (vectorized)
  outputs = ufunc(*inputs)
/projects/muyang@colostate.edu/software/anaconda/envs/alpine_MCMC/lib/python3.11/site-packages/numpy/lib/function_base.py:2412: RuntimeWarning: invalid value encountered in func (vectorized)
  outputs = ufunc(*inputs)
4400
2023-11-17 19:08:46
elapsed:  15039.9  seconds
/projects/muyang@colostate.edu/software/anaconda/envs/alpine_MCMC/lib/python3.11/site-packages/numpy/lib/function_base.py:2412: RuntimeWarning: divide by zero encountered in func (vectorized)
  outputs = ufunc(*inputs)
/projects/muyang@colostate.edu/software/anaconda/envs/alpine_MCMC/lib/python3.11/site-packages/numpy/lib/function_base.py:2412: RuntimeWarning: invalid value encountered in func (vectorized)
  outputs = ufunc(*inputs)
/projects/muyang@colostate.edu/software/anaconda/envs/alpine_MCMC/lib/python3.11/site-packages/numpy/lib/function_base.py:2412: RuntimeWarning: divide by zero encountered in func (vectorized)
  outputs = ufunc(*inputs)
/projects/muyang@colostate.edu/software/anaconda/envs/alpine_MCMC/lib/python3.11/site-packages/numpy/lib/function_base.py:2412: RuntimeWarning: invalid value encountered in func (vectorized)
  outputs = ufunc(*inputs)
4450
2023-11-17 19:11:46
/projects/muyang@colostate.edu/software/anaconda/envs/alpine_MCMC/lib/python3.11/site-packages/numpy/lib/function_base.py:2412: RuntimeWarning: divide by zero encountered in func (vectorized)
  outputs = ufunc(*inputs)
/projects/muyang@colostate.edu/software/anaconda/envs/alpine_MCMC/lib/python3.11/site-packages/numpy/lib/function_base.py:2412: RuntimeWarning: invalid value encountered in func (vectorized)
  outputs = ufunc(*inputs)
4500
2023-11-17 19:14:42
elapsed:  15395.8  seconds
4550
2023-11-17 19:17:43
4600
2023-11-17 19:20:42
elapsed:  15755.7  seconds
4650
2023-11-17 19:23:43
4700
2023-11-17 19:26:42
elapsed:  16115.5  seconds
/projects/muyang@colostate.edu/software/anaconda/envs/alpine_MCMC/lib/python3.11/site-packages/numpy/lib/function_base.py:2412: RuntimeWarning: divide by zero encountered in func (vectorized)
  outputs = ufunc(*inputs)
/projects/muyang@colostate.edu/software/anaconda/envs/alpine_MCMC/lib/python3.11/site-packages/numpy/lib/function_base.py:2412: RuntimeWarning: invalid value encountered in func (vectorized)
  outputs = ufunc(*inputs)
4750
2023-11-17 19:29:42
4800
2023-11-17 19:32:41
elapsed:  16474.9  seconds
4850
2023-11-17 19:35:41
/projects/muyang@colostate.edu/software/anaconda/envs/alpine_MCMC/lib/python3.11/site-packages/numpy/lib/function_base.py:2412: RuntimeWarning: divide by zero encountered in func (vectorized)
  outputs = ufunc(*inputs)
/projects/muyang@colostate.edu/software/anaconda/envs/alpine_MCMC/lib/python3.11/site-packages/numpy/lib/function_base.py:2412: RuntimeWarning: invalid value encountered in func (vectorized)
  outputs = ufunc(*inputs)
4900
2023-11-17 19:38:38
elapsed:  16831.9  seconds
4950
2023-11-17 19:41:37
/projects/muyang@colostate.edu/software/anaconda/envs/alpine_MCMC/lib/python3.11/site-packages/numpy/lib/function_base.py:2412: RuntimeWarning: divide by zero encountered in func (vectorized)
  outputs = ufunc(*inputs)
/projects/muyang@colostate.edu/software/anaconda/envs/alpine_MCMC/lib/python3.11/site-packages/numpy/lib/function_base.py:2412: RuntimeWarning: invalid value encountered in func (vectorized)
  outputs = ufunc(*inputs)
/projects/muyang@colostate.edu/software/anaconda/envs/alpine_MCMC/lib/python3.11/site-packages/numpy/lib/function_base.py:2412: RuntimeWarning: divide by zero encountered in func (vectorized)
  outputs = ufunc(*inputs)
/projects/muyang@colostate.edu/software/anaconda/envs/alpine_MCMC/lib/python3.11/site-packages/numpy/lib/function_base.py:2412: RuntimeWarning: invalid value encountered in func (vectorized)
  outputs = ufunc(*inputs)
5000
2023-11-17 19:44:35
elapsed:  17188.5  seconds
5050
2023-11-17 19:47:35
5100
2023-11-17 19:50:33
elapsed:  17546.4  seconds
5150
2023-11-17 19:53:33
5200
2023-11-17 19:56:31
elapsed:  17904.3  seconds
5250
2023-11-17 19:59:29
5300
2023-11-17 20:02:26
elapsed:  18259.4  seconds
5350
2023-11-17 20:05:25
5400
2023-11-17 20:08:22
elapsed:  18615.5  seconds
5450
2023-11-17 20:11:21
5500
2023-11-17 20:14:19
elapsed:  18972.8  seconds
5550
2023-11-17 20:17:19
5600
2023-11-17 20:20:18
elapsed:  19331.3  seconds
5650
2023-11-17 20:23:18
5700
2023-11-17 20:26:18
elapsed:  19691.4  seconds
5750
2023-11-17 20:29:19
5800
2023-11-17 20:32:20
elapsed:  20053.2  seconds
5850
2023-11-17 20:35:20
5900
2023-11-17 20:38:20
elapsed:  20413.3  seconds
/projects/muyang@colostate.edu/software/anaconda/envs/alpine_MCMC/lib/python3.11/site-packages/numpy/lib/function_base.py:2412: RuntimeWarning: divide by zero encountered in func (vectorized)
  outputs = ufunc(*inputs)
/projects/muyang@colostate.edu/software/anaconda/envs/alpine_MCMC/lib/python3.11/site-packages/numpy/lib/function_base.py:2412: RuntimeWarning: invalid value encountered in func (vectorized)
  outputs = ufunc(*inputs)
5950
2023-11-17 20:41:20
6000
2023-11-17 20:44:20
elapsed:  20773.8  seconds
6050
2023-11-17 20:47:20
6100
2023-11-17 20:50:19
elapsed:  21132.2  seconds
6150
2023-11-17 20:53:19
6200
2023-11-17 20:56:17
elapsed:  21491.1  seconds
6250
2023-11-17 20:59:16
6300
2023-11-17 21:02:16
elapsed:  21849.4  seconds
/projects/muyang@colostate.edu/software/anaconda/envs/alpine_MCMC/lib/python3.11/site-packages/numpy/lib/function_base.py:2412: RuntimeWarning: divide by zero encountered in func (vectorized)
  outputs = ufunc(*inputs)
/projects/muyang@colostate.edu/software/anaconda/envs/alpine_MCMC/lib/python3.11/site-packages/numpy/lib/function_base.py:2412: RuntimeWarning: invalid value encountered in func (vectorized)
  outputs = ufunc(*inputs)
6350
2023-11-17 21:05:14
6400
2023-11-17 21:08:11
elapsed:  22204.7  seconds
6450
2023-11-17 21:11:10
6500
2023-11-17 21:14:08
elapsed:  22561.9  seconds
6550
2023-11-17 21:17:08
6600
2023-11-17 21:20:06
elapsed:  22919.3  seconds
6650
2023-11-17 21:23:05
/projects/muyang@colostate.edu/software/anaconda/envs/alpine_MCMC/lib/python3.11/site-packages/numpy/lib/function_base.py:2412: RuntimeWarning: divide by zero encountered in func (vectorized)
  outputs = ufunc(*inputs)
/projects/muyang@colostate.edu/software/anaconda/envs/alpine_MCMC/lib/python3.11/site-packages/numpy/lib/function_base.py:2412: RuntimeWarning: invalid value encountered in func (vectorized)
  outputs = ufunc(*inputs)
6700
2023-11-17 21:26:02
elapsed:  23275.6  seconds
6750
2023-11-17 21:29:02
6800
2023-11-17 21:32:02
elapsed:  23635.5  seconds
6850
2023-11-17 21:35:03
6900
2023-11-17 21:38:03
elapsed:  23996.7  seconds
6950
2023-11-17 21:41:05
7000
2023-11-17 21:44:05
elapsed:  24358.2  seconds
7050
2023-11-17 21:47:05
/projects/muyang@colostate.edu/software/anaconda/envs/alpine_MCMC/lib/python3.11/site-packages/numpy/lib/function_base.py:2412: RuntimeWarning: divide by zero encountered in func (vectorized)
  outputs = ufunc(*inputs)
/projects/muyang@colostate.edu/software/anaconda/envs/alpine_MCMC/lib/python3.11/site-packages/numpy/lib/function_base.py:2412: RuntimeWarning: invalid value encountered in func (vectorized)
  outputs = ufunc(*inputs)
7100
2023-11-17 21:50:02
elapsed:  24715.3  seconds
7150
2023-11-17 21:52:58
7200
2023-11-17 21:55:52
elapsed:  25065.7  seconds
7250
2023-11-17 21:58:48
/projects/muyang@colostate.edu/software/anaconda/envs/alpine_MCMC/lib/python3.11/site-packages/numpy/lib/function_base.py:2412: RuntimeWarning: divide by zero encountered in func (vectorized)
  outputs = ufunc(*inputs)
/projects/muyang@colostate.edu/software/anaconda/envs/alpine_MCMC/lib/python3.11/site-packages/numpy/lib/function_base.py:2412: RuntimeWarning: invalid value encountered in func (vectorized)
  outputs = ufunc(*inputs)
/projects/muyang@colostate.edu/software/anaconda/envs/alpine_MCMC/lib/python3.11/site-packages/numpy/lib/function_base.py:2412: RuntimeWarning: divide by zero encountered in func (vectorized)
  outputs = ufunc(*inputs)
/projects/muyang@colostate.edu/software/anaconda/envs/alpine_MCMC/lib/python3.11/site-packages/numpy/lib/function_base.py:2412: RuntimeWarning: invalid value encountered in func (vectorized)
  outputs = ufunc(*inputs)
7300
2023-11-17 22:01:45
elapsed:  25418.8  seconds
7350
2023-11-17 22:04:43
7400
2023-11-17 22:07:38
elapsed:  25771.8  seconds
7450
2023-11-17 22:10:36
7500
2023-11-17 22:13:32
elapsed:  26125.2  seconds
7550
2023-11-17 22:16:30
7600
2023-11-17 22:19:26
elapsed:  26479.2  seconds
7650
2023-11-17 22:22:23
7700
2023-11-17 22:25:18
elapsed:  26832.1  seconds
7750
2023-11-17 22:28:16
7800
2023-11-17 22:31:12
elapsed:  27185.2  seconds
7850
2023-11-17 22:34:06
7900
2023-11-17 22:37:00
elapsed:  27533.5  seconds
7950
2023-11-17 22:39:56
8000
2023-11-17 22:42:51
elapsed:  27884.8  seconds
8050
2023-11-17 22:45:46
8100
2023-11-17 22:48:40
elapsed:  28233.3  seconds
8150
2023-11-17 22:51:36
8200
2023-11-17 22:54:31
elapsed:  28585.0  seconds
8250
2023-11-17 22:57:28
8300
2023-11-17 23:00:21
elapsed:  28935.0  seconds
8350
2023-11-17 23:03:17
8400
2023-11-17 23:06:11
elapsed:  29284.6  seconds
8450
2023-11-17 23:09:08
8500
2023-11-17 23:12:02
elapsed:  29636.0  seconds
/projects/muyang@colostate.edu/software/anaconda/envs/alpine_MCMC/lib/python3.11/site-packages/numpy/lib/function_base.py:2412: RuntimeWarning: divide by zero encountered in func (vectorized)
  outputs = ufunc(*inputs)
/projects/muyang@colostate.edu/software/anaconda/envs/alpine_MCMC/lib/python3.11/site-packages/numpy/lib/function_base.py:2412: RuntimeWarning: invalid value encountered in func (vectorized)
  outputs = ufunc(*inputs)
/projects/muyang@colostate.edu/software/anaconda/envs/alpine_MCMC/lib/python3.11/site-packages/numpy/lib/function_base.py:2412: RuntimeWarning: divide by zero encountered in func (vectorized)
  outputs = ufunc(*inputs)
/projects/muyang@colostate.edu/software/anaconda/envs/alpine_MCMC/lib/python3.11/site-packages/numpy/lib/function_base.py:2412: RuntimeWarning: invalid value encountered in func (vectorized)
  outputs = ufunc(*inputs)
8550
2023-11-17 23:14:59
8600
2023-11-17 23:17:53
elapsed:  29986.4  seconds
8650
2023-11-17 23:20:49
8700
2023-11-17 23:23:43
elapsed:  30337.0  seconds
8750
2023-11-17 23:26:39
8800
2023-11-17 23:29:34
elapsed:  30687.4  seconds
8850
2023-11-17 23:32:30
8900
2023-11-17 23:35:26
elapsed:  31039.7  seconds
8950
2023-11-17 23:38:22
9000
2023-11-17 23:41:16
elapsed:  31390.0  seconds
9050
2023-11-17 23:44:12
9100
2023-11-17 23:47:06
elapsed:  31739.8  seconds
9150
2023-11-17 23:50:02
9200
2023-11-17 23:52:56
elapsed:  32089.8  seconds
9250
2023-11-17 23:55:51
9300
2023-11-17 23:58:46
elapsed:  32439.4  seconds
9350
2023-11-18 00:01:42
9400
2023-11-18 00:04:36
elapsed:  32789.9  seconds
9450
2023-11-18 00:07:33
9500
2023-11-18 00:10:27
elapsed:  33140.4  seconds
9550
2023-11-18 00:13:23
9600
2023-11-18 00:16:17
elapsed:  33491.0  seconds
9650
2023-11-18 00:19:12
9700
2023-11-18 00:22:04
elapsed:  33837.5  seconds
9750
2023-11-18 00:24:59
9800
2023-11-18 00:27:53
elapsed:  34187.1  seconds
9850
2023-11-18 00:30:50
9900
2023-11-18 00:33:45
elapsed:  34538.3  seconds
9950
2023-11-18 00:36:42
elapsed:  34887.5  seconds
total time:  34892.6  seconds
true R:  [[6.48835461e-01 6.91690095e+02 2.20310313e-01 7.63727031e+00
  2.44211095e+00 3.47540728e-01 2.27390654e+01 1.20300451e+00
  9.52758442e+02 4.80693368e+00 3.77384918e+04 1.70562863e+00
  4.17205964e-01 7.15123716e+00 4.65377864e-01 2.16585887e+00
  1.57375465e+03 3.22993802e-01 3.46156148e-01 4.73454876e-01
  1.46264893e+01 3.55865981e-01 6.13726377e-01 2.43975320e+00
  1.77195785e+00 2.51346995e+00 1.03199246e+01 8.45908503e-01
  3.74673913e-01 3.24310503e-01 1.18536399e+01 9.48921417e-01
  3.03605698e-01 5.01182529e+00 1.48196961e-01 8.04862801e-01
  1.98495684e+00 6.14513073e-01 1.30335926e+00 1.49603305e+00
  2.69337107e+02 2.89496970e-01 9.69393289e-02 4.41333461e-01
  1.52751391e-01 1.54886830e+00 2.01814189e+00 4.71456000e+00
  1.55576208e+00 1.72789810e-01 7.06365688e-01 4.26432297e+02
  3.31202023e-01 1.61751908e+00 2.82736479e+00 2.13790151e+02
  2.02331115e+00 1.19692843e+00 6.85650288e-01 1.67619732e-01
  4.26870636e-01 2.20573792e+01 2.08481274e-01 9.42111860e-01]
 [1.62427919e+01 6.95274680e+01 3.26654502e-01 3.20529582e-01
  1.65489654e+00 2.25929887e+01 1.12139749e+01 2.04364159e-01
  2.49469407e-01 2.31335675e+00 1.25598315e-01 1.88246271e+01
  5.68400889e-01 1.17356898e-01 3.40735762e-01 9.59236124e-02
  1.21170208e+01 2.63334795e-01 1.93934025e-01 7.39676510e-01
  1.08001564e+01 6.89556721e-01 3.80891150e-01 9.27876131e-02
  8.96915474e+00 3.96527683e-01 4.98042333e-01 8.97332700e-01
  8.12514650e+00 4.29081728e-01 8.80225632e-01 3.77279032e+01
  8.55979494e-01 5.80992672e+00 1.85425944e+00 1.14514224e+00
  1.10449271e+01 3.31968065e-01 1.82279425e-01 1.01022416e+01
  2.94675736e+00 1.79781816e-01 3.75541737e+00 5.87670278e-01
  9.64613354e-01 6.22699136e+00 5.54584430e-01 2.62477289e+00
  8.73487781e-01 7.02108357e-01 4.54497183e-01 3.97437541e-01
  2.60897691e+00 1.13227378e-01 1.91282970e-01 7.00500975e+00
  5.33682066e+00 1.15339614e+00 1.14517964e+01 2.51063386e-01
  2.09650902e+00 4.47561514e+00 9.94960512e+02 2.91285842e-01]
 [3.60800460e-01 1.34938821e+02 1.11482512e+00 5.58575676e-01
  4.36099558e+02 3.20835932e+00 1.89679768e+00 7.84493145e-01
  1.70330830e+03 3.83719098e+00 9.85177681e-01 8.17448915e+00
  1.91148661e+00 1.88057585e+00 9.02571237e-02 2.51025217e+01
  1.92575881e+00 5.24981519e-01 8.48853659e-01 1.24859435e+00
  8.04751260e-01 1.62923459e+02 1.37667561e-01 2.11901027e+01
  1.02987968e+02 1.76168801e-01 2.98006266e-01 1.52848954e+00
  3.10697361e-01 6.81835476e+00 2.78530798e-01 8.39438656e-01
  4.30358217e-01 5.73388964e+00 2.50049077e-01 6.00677178e-01
  4.32793673e+00 2.34208257e-01 3.12280364e+01 1.12305025e+01
  2.06943336e-01 1.04592075e+00 1.33945005e-01 2.05810800e-01
  8.41380057e+01 3.40799707e+00 1.70105987e+00 4.33914149e-01
  6.81122756e-01 5.33017424e+05 2.00778110e+00 7.65763788e-01
  6.43165825e+02 4.57118602e-01 4.12820271e+00 6.44359173e+00
  1.89681733e+01 6.82269280e-01 7.28187642e-01 1.40827324e+01
  1.30834874e+01 6.81745177e-01 1.04035512e+01 1.43699515e+02]
 [1.78247646e+00 2.18753802e+00 4.28124934e+00 1.66890329e-01
  3.13928927e+00 2.76699913e-01 3.24087672e+00 4.63082463e-01
  4.01610436e+00 1.71410229e+00 9.18810074e-01 1.64869829e+00
  4.35307136e+00 3.65997030e-01 4.44227079e-01 1.70296964e+01
  7.30920379e-02 1.28185772e+03 1.09296698e+01 6.98111705e+00
  6.48616423e-01 7.35463334e-01 1.55873677e+01 3.23115912e-01
  3.86077129e+00 2.56990776e-01 3.67485036e+01 4.26875689e-01
  3.37108453e-01 2.26196680e+00 1.20998475e+00 1.84735057e-01
  2.26065544e+00 3.49334166e-01 9.05400548e-02 7.12166903e+00
  1.79841867e-01 7.32121403e-01 3.60414206e-01 1.31471015e-01
  2.90346569e+00 4.03561462e+00 7.88978678e+00 5.80813207e-02
  4.00072540e+00 2.42210779e+00 1.05318775e+01 1.39722095e-01
  1.72420369e+00 3.36771621e-01 3.20574669e+00 7.54341970e-01
  4.61522953e-01 3.27789562e+00 2.41040761e+00 1.07228786e+00
  9.96379035e-01 2.16292746e-01 1.08045214e+00 2.05821112e-01
  7.38558107e+01 1.05049502e+00 2.44588494e-01 1.51232691e+00]
 [1.87190004e+01 5.12373994e-01 2.57124891e-01 3.87197588e-01
  2.67353931e-01 7.05936264e-01 7.40069885e+01 3.39806198e+00
  3.37648965e-01 4.44856838e-01 6.98313548e-01 3.82302186e+02
  1.37029354e+00 7.05721960e+01 1.38220049e+00 8.83562503e+00
  3.18485965e-01 9.46603700e-01 8.40452265e-01 4.75142606e+00
  6.38355513e-01 1.39813978e+00 9.44277688e-01 6.70824718e+00
  4.96680257e-01 1.34284325e+01 4.16582426e+00 8.67232249e-01
  6.16507335e+01 2.05489016e+00 6.56187038e+00 1.31519380e+00
  3.21141833e+01 1.64166309e+00 2.91269716e-01 8.38850240e-01
  3.11666279e+00 4.32095520e+00 3.47734988e-01 2.10433521e-01
  1.38774652e+00 5.01353817e-01 1.89865550e+02 7.11122905e-01
  4.08936929e+00 3.22498042e+00 1.31533359e+00 2.86243771e+01
  1.11826971e-01 7.13298414e-01 1.85820985e-01 3.37049964e-01
  3.07844591e-01 1.88594189e-01 6.36831168e-01 9.11539256e-02
  1.21792227e+02 1.74310829e+00 5.40585876e-01 4.07506142e+00
  7.42396877e+00 5.15044975e-01 3.15147828e+00 4.51468321e-01]
 [4.68784982e+00 3.43726471e-01 3.52289718e-01 3.30957734e+00
  9.36622950e-01 3.43885401e+01 2.10716362e+00 1.07162436e+01
  1.23951380e-01 8.49981664e-01 7.98837175e-01 3.79092782e+03
  1.10227711e+01 1.21482121e+01 1.93846423e-01 5.28559082e-01
  1.33412723e-01 8.03291241e-01 1.18150109e+00 2.99467459e-01
  1.29415477e+02 8.98248030e-01 3.49768712e+00 6.45930112e+01
  2.76747031e+00 1.18631409e+01 4.10081029e-01 6.06025688e+00
  7.70459664e-01 7.64707347e-01 8.82501322e-01 3.63265806e+00
  4.28585657e-01 1.22697757e+00 1.98178466e+00 1.33761782e+01
  2.02274914e+01 3.05043686e+00 6.99434549e-02 2.09111922e+04
  1.28034860e+00 6.51611449e-01 1.39309430e+00 1.12773845e+00
  6.55045287e-01 3.23036399e+00 4.91638263e-01 1.28799112e+00
  5.93251602e-01 5.85278487e-01 5.37829310e-01 2.03165379e+00
  1.54473006e-01 3.89254580e+00 8.15023214e+00 9.17467078e-01
  4.33540332e-01 2.67292457e+00 1.06088933e+00 2.67838312e-01
  2.68585889e+00 1.79296782e-01 3.25973670e+00 1.21973605e+00]
 [3.63187141e+00 2.17161792e+06 2.40723913e+00 9.29826067e-01
  8.04581836e-01 2.21218614e+00 5.57756278e+00 1.27852985e+00
  6.14690637e-02 8.23228669e-01 4.05595791e+00 7.03719944e+00
  5.43665771e-01 1.54570564e+01 1.78818718e+00 1.03669069e+00
  2.57892599e+00 1.45418534e+00 1.07008010e+01 4.03950205e+00
  1.30909979e+00 4.69060775e-01 1.62644397e-01 8.17832435e-01
  1.68418860e-01 4.66145187e-01 2.32340919e-01 1.12461441e-01
  8.28858043e-01 1.62852390e+00 9.56064658e-02 1.20404523e+00
  1.26013288e-01 1.27324655e+00 2.76606608e+01 2.31092306e-01
  1.33293879e+01 1.21626770e+02 2.25462706e-01 4.44622967e-01
  1.23828006e+00 5.61548358e+00 4.31640596e+00 6.32333839e-01
  4.91644042e+00 4.65432347e-01 3.50727659e-01 2.47758844e+00
  1.91669745e-01 2.30505859e-01 3.80406241e+01 1.84660478e-01
  5.92467048e-02 4.47429403e-01 5.56630475e+00 2.92056491e+00
  1.02694065e+00 3.96119155e-01 2.14365687e-01 6.93454689e+01
  1.34631787e-01 1.69973066e+00 1.62278792e-01 3.58740620e+02]
 [4.49630251e+00 1.21297759e-01 1.11882834e+01 1.58311123e+02
  1.67209586e+01 3.30709237e+00 1.18298645e+01 9.05081181e-01
  3.95451899e+00 4.70282223e-01 1.79212876e+01 1.97079147e-01
  3.42957195e-01 3.88824836e-01 1.60119000e-01 1.42008372e-01
  1.31350510e-01 2.30945409e-01 3.45478834e+00 1.41212602e-01
  5.96255115e+01 5.65629162e+01 1.53625431e+01 1.63154712e+02
  1.18155095e-01 2.10092322e+00 6.04188973e-01 3.55644717e-01
  1.46722559e+00 8.66073657e-02 2.08814822e+01 3.95108005e-01
  1.07119838e-01 9.00726115e-01 7.75964612e-01 4.19210883e-01
  1.43383890e+01 7.92613750e-02 1.47301420e-01 8.85718413e-01
  6.72238592e+00 1.50522474e+00 3.64098377e-01 7.61611541e-02
  1.05988142e+00 9.69513603e-01 2.56418234e+00 4.28606197e-01
  7.02314489e-01 4.99423198e+00 8.50330657e+00 1.24161828e+01
  4.06872867e-01 3.90448049e+00 5.44289479e+00 1.42768691e-01
  1.45699350e+00 1.32089603e+01 7.07053790e+00 2.34093250e+00
  3.30649562e-01 2.01609449e+00 4.25999513e-01 3.39352530e+00]
 [3.34209652e-01 5.59789954e+01 1.56854319e+00 1.28421312e+01
  5.01550087e+00 7.31264550e+02 2.28667501e+00 5.73015876e-01
  7.15081333e+00 2.90325946e-01 4.98546496e-01 2.88230103e+00
  2.19726118e+00 4.21116761e+00 6.42721008e+00 1.01322965e+01
  3.51802218e-01 4.50062451e+00 4.13697022e-01 2.48447834e+00
  6.92463913e+02 3.57400287e+00 9.29308766e-01 3.82635022e-01
  4.00845085e+00 1.16630828e+01 1.06713829e+02 3.19515396e+02
  1.54112166e-01 9.73826635e-01 2.34617159e-01 1.76563824e+00
  2.40670508e+04 4.22350583e-01 1.24362448e+00 2.81511439e-01
  2.27450498e+00 2.74435941e+01 1.09331136e+01 4.39397845e+00
  5.45237718e+00 9.63931478e-01 8.17106213e-01 5.70110978e-01
  7.45196942e+00 3.83369899e-01 1.86870431e+02 3.81391060e+00
  3.43221730e+01 2.10677040e+01 4.59062603e-01 2.30484103e-01
  1.20446265e+00 1.36259630e+00 2.35228014e+00 1.04625764e-01
  1.24608591e+00 1.67141105e+00 3.12055962e-01 7.61272370e+01
  1.84970958e-01 1.40545527e+02 1.24317612e-01 5.42238470e+00]
 [2.16713303e+00 3.66821851e-01 4.39866466e-01 6.54540198e-01
  4.27345158e-01 6.53377649e+00 2.31044387e-01 5.31749012e-01
  4.37158568e-01 2.83136684e+03 3.29385045e-01 2.39542703e+00
  1.05827008e+01 7.79165821e-01 3.45729518e-01 9.93734259e+00
  3.38255222e-01 1.38431981e+01 1.35694310e+00 5.71177656e-01
  2.52604939e+00 4.69655146e-01 5.01875711e+00 1.96486196e-01
  1.11617642e-01 1.17509793e+01 2.64765067e+00 5.49824827e+00
  8.19957373e-02 3.76472844e+00 4.95618360e-01 1.23932537e-01
  1.26282624e+00 2.82421615e+00 8.37529894e+01 1.91434460e-01
  3.96919646e-01 4.73531734e+02 1.16870216e-01 3.12781159e-01
  2.45245477e+00 1.61937719e+00 1.80745827e-01 3.56775110e-01
  6.66438314e+00 9.79979230e-01 1.25518692e+00 4.25146594e-01
  9.83203755e-01 1.46126072e-01 3.13004205e-01 3.42092065e-01
  1.53639536e-01 2.01500673e-01 6.52934885e-01 1.82301073e+00
  3.06813091e+00 1.79096463e+00 2.78887717e+00 8.66963725e+00
  6.47051277e+00 4.90762190e+03 1.83547451e-01 1.09787447e+00]]
