--------------------------------------------------------------------------
No OpenFabrics connection schemes reported that they were able to be
used on a specific port.  As such, the openib BTL (OpenFabrics
support) will be disabled for this port.

  Local host:           c3cpu-a2-u30-2
  Local device:         mlx5_0
  Local port:           1
  CPCs attempted:       rdmacm, udcm
--------------------------------------------------------------------------
[c3cpu-a2-u30-2:395694] 63 more processes have sent help message help-mpi-btl-openib-cpc-base.txt / no cpcs for port
[c3cpu-a2-u30-2:395694] Set MCA parameter "orte_base_help_aggregate" to 0 to see all help / error messages
1
50
2023-11-14 18:55:01
100
2023-11-14 18:57:06
elapsed:  244.7  seconds
150
2023-11-14 18:59:16
200
2023-11-14 19:01:23
elapsed:  501.7  seconds
250
2023-11-14 19:03:31
300
2023-11-14 19:05:35
elapsed:  754.2  seconds
350
2023-11-14 19:07:42
400
2023-11-14 19:09:49
elapsed:  1007.7  seconds
450
2023-11-14 19:11:56
500
2023-11-14 19:14:00
elapsed:  1259.3  seconds
550
2023-11-14 19:16:05
600
2023-11-14 19:18:10
elapsed:  1509.2  seconds
650
2023-11-14 19:20:17
700
2023-11-14 19:22:23
elapsed:  1762.4  seconds
750
2023-11-14 19:24:32
800
2023-11-14 19:26:39
elapsed:  2017.9  seconds
850
2023-11-14 19:28:48
900
2023-11-14 19:30:55
elapsed:  2273.9  seconds
950
2023-11-14 19:33:02
1000
2023-11-14 19:35:07
elapsed:  2526.3  seconds
1050
2023-11-14 19:37:15
1100
2023-11-14 19:39:23
elapsed:  2782.6  seconds
1150
2023-11-14 19:41:31
1200
2023-11-14 19:43:37
elapsed:  3036.5  seconds
1250
2023-11-14 19:45:48
1300
2023-11-14 19:48:00
elapsed:  3299.6  seconds
1350
2023-11-14 19:50:14
1400
2023-11-14 19:52:26
elapsed:  3565.1  seconds
1450
2023-11-14 19:54:37
1500
2023-11-14 19:56:48
elapsed:  3827.5  seconds
1550
2023-11-14 19:59:02
1600
2023-11-14 20:01:14
elapsed:  4093.1  seconds
1650
2023-11-14 20:03:25
1700
2023-11-14 20:05:35
elapsed:  4354.4  seconds
1750
2023-11-14 20:07:46
1800
2023-11-14 20:09:57
elapsed:  4615.8  seconds
1850
2023-11-14 20:12:11
1900
2023-11-14 20:14:23
elapsed:  4882.1  seconds
1950
2023-11-14 20:16:37
2000
2023-11-14 20:18:50
elapsed:  5149.1  seconds
2050
2023-11-14 20:21:04
2100
2023-11-14 20:23:17
elapsed:  5415.7  seconds
2150
2023-11-14 20:25:29
2200
2023-11-14 20:27:40
elapsed:  5679.5  seconds
2250
2023-11-14 20:29:51
2300
2023-11-14 20:32:00
elapsed:  5939.5  seconds
2350
2023-11-14 20:34:11
2400
2023-11-14 20:36:20
elapsed:  6199.2  seconds
2450
2023-11-14 20:38:31
2500
2023-11-14 20:40:42
elapsed:  6461.1  seconds
2550
2023-11-14 20:42:55
2600
2023-11-14 20:45:06
elapsed:  6725.3  seconds
2650
2023-11-14 20:47:19
2700
2023-11-14 20:49:32
elapsed:  6990.7  seconds
/projects/muyang@colostate.edu/software/anaconda/envs/testenv/lib/python3.11/site-packages/numpy/lib/function_base.py:2455: RuntimeWarning: divide by zero encountered in func (vectorized)
  outputs = ufunc(*inputs)
/projects/muyang@colostate.edu/software/anaconda/envs/testenv/lib/python3.11/site-packages/numpy/lib/function_base.py:2455: RuntimeWarning: invalid value encountered in func (vectorized)
  outputs = ufunc(*inputs)
2750
2023-11-14 20:51:46
2800
2023-11-14 20:53:58
elapsed:  7257.1  seconds
2850
2023-11-14 20:56:11
2900
2023-11-14 20:58:23
elapsed:  7522.4  seconds
2950
2023-11-14 21:00:37
3000
2023-11-14 21:02:49
elapsed:  7788.5  seconds
3050
2023-11-14 21:05:01
3100
2023-11-14 21:07:11
elapsed:  8049.7  seconds
3150
2023-11-14 21:09:22
3200
2023-11-14 21:11:33
elapsed:  8312.0  seconds
3250
2023-11-14 21:13:45
3300
2023-11-14 21:15:57
elapsed:  8576.4  seconds
3350
2023-11-14 21:18:11
3400
2023-11-14 21:20:23
elapsed:  8841.8  seconds
3450
2023-11-14 21:22:36
3500
2023-11-14 21:24:48
elapsed:  9107.1  seconds
3550
2023-11-14 21:27:02
3600
2023-11-14 21:29:15
elapsed:  9374.1  seconds
3650
2023-11-14 21:31:29
3700
2023-11-14 21:33:41
elapsed:  9640.4  seconds
3750
2023-11-14 21:35:55
3800
2023-11-14 21:38:07
elapsed:  9906.3  seconds
3850
2023-11-14 21:40:21
3900
2023-11-14 21:42:33
elapsed:  10172.5  seconds
3950
2023-11-14 21:44:46
4000
2023-11-14 21:46:58
elapsed:  10437.5  seconds
4050
2023-11-14 21:49:12
4100
2023-11-14 21:51:25
elapsed:  10704.1  seconds
4150
2023-11-14 21:53:38
4200
2023-11-14 21:55:49
elapsed:  10968.6  seconds
4250
2023-11-14 21:58:02
4300
2023-11-14 22:00:14
elapsed:  11233.3  seconds
4350
2023-11-14 22:02:27
4400
2023-11-14 22:04:39
elapsed:  11498.1  seconds
4450
2023-11-14 22:06:53
4500
2023-11-14 22:09:05
elapsed:  11764.5  seconds
4550
2023-11-14 22:11:20
4600
2023-11-14 22:13:31
elapsed:  12030.6  seconds
4650
2023-11-14 22:15:45
4700
2023-11-14 22:17:59
elapsed:  12297.7  seconds
4750
2023-11-14 22:20:12
4800
2023-11-14 22:22:25
elapsed:  12563.7  seconds
4850
2023-11-14 22:24:38
4900
2023-11-14 22:26:50
elapsed:  12828.7  seconds
4950
2023-11-14 22:29:03
elapsed:  13090.9  seconds
total time:  13095.0  seconds
true R:  [[3.99070215e-01 4.48660189e+00 8.83999228e+02 2.67636086e+00
  1.22629900e-01 2.97675779e+00 2.61312882e+03 9.82524734e-01
  3.82783276e+00 1.37547661e+01 4.74628935e-01 2.70542229e+00
  6.63059332e-02 1.82339132e-01 9.45789920e-01 1.30718206e-01
  2.32167551e+01 3.88597894e-01 2.13507975e+00 3.73678028e+02
  2.02983383e+02 4.68314252e+01 2.10394596e-01 2.29586131e+00
  6.30392726e+00 6.59629322e-01 2.09626836e-01 3.18560589e+00
  1.23935725e+00 2.43004261e+04 5.14394961e-01 2.57082902e+00
  2.00776668e+00 6.95914929e-01 7.08883224e-01 2.51314496e+00
  1.08119519e+00 7.54686805e-01 8.40987319e-02 3.12809293e-01
  1.57787924e-01 2.61989938e-01 5.80973939e+00 9.45371267e-01
  6.16047083e-01 1.03454971e+01 5.37649274e+00 1.27705955e+00
  2.86195085e+01 2.39032586e+00 5.83128635e-01 6.28902626e-01
  3.17700843e+00 7.53240511e+01 4.53963455e-01 1.34918152e+00
  2.68383844e+00 4.42432800e+00 1.68685512e+04 8.92852579e-02
  1.98092690e-01 5.44406947e+00 5.17419390e-01 4.40738471e-01]
 [6.51675122e-01 3.68793040e-01 1.35515981e+01 1.59751128e-01
  7.43169179e+00 7.18993019e-01 4.06691100e+00 5.20087407e+00
  2.80018061e-01 3.90757985e+02 2.12216930e-01 1.63175289e+00
  3.76184023e-01 6.42466592e-01 5.16611944e-01 3.99150085e-01
  1.77887933e-01 2.83528533e-01 1.81900215e-01 1.00539633e+00
  5.06445336e-01 1.39935183e+01 2.24794504e-01 6.98669773e+00
  7.22635469e-01 1.17170439e+00 2.73983120e-01 2.14380735e-01
  2.44438502e-01 2.87288903e+00 6.58712037e-01 2.74643418e-01
  3.98294131e-01 5.66974197e-01 4.73047248e-01 6.49771602e-01
  2.84725763e-01 3.38310845e+00 3.71369315e+01 9.59943618e+02
  2.21247135e-01 6.88781327e-01 3.23292953e-01 7.68543525e-01
  1.64182443e+02 4.81190178e-01 1.44740153e+00 5.02427888e-01
  2.78511674e+00 5.98548202e-01 2.39294401e-01 3.97600403e+01
  1.28865559e-01 1.20321705e+00 1.50251831e+00 1.58209231e+00
  2.59767638e+00 5.70412458e+00 2.61365910e+00 1.23306826e-01
  2.07619633e+00 2.74739081e+01 9.78554152e+00 1.87533744e-01]
 [4.34917531e-01 3.17639754e-01 1.71595287e+00 8.60949519e-01
  4.54286840e+01 2.39461604e-01 1.09758551e+00 2.91312341e+00
  1.93409522e-01 2.71592005e-01 7.79332065e-01 5.03764518e-01
  1.37828122e+00 1.14098392e-01 3.17110353e-01 6.69565679e-01
  1.91015640e+01 2.86039828e-01 1.88020715e+00 1.43798437e+00
  9.13827921e-01 3.98993837e-01 3.15775211e-01 1.60385154e-01
  2.35675094e-01 1.18465944e-01 3.13602697e+02 1.09617502e+00
  3.71940726e-01 5.69000099e+00 4.21015040e-01 3.50196519e+01
  1.32454688e+00 1.86420001e+01 1.67255339e-01 2.14327548e+01
  9.54006090e-01 2.52758965e-01 1.07137650e+00 1.73533051e+01
  1.10511952e+01 3.49803249e-01 1.86100883e-01 3.40716410e+00
  2.15228505e+00 2.00093917e+01 1.02088401e-01 1.69880515e-01
  2.28058219e-01 1.28805941e+01 1.26496804e-01 5.44909757e-01
  4.88431090e-01 5.34244232e+00 6.50400666e-01 5.66332754e+02
  1.94331131e+01 1.17604159e+00 6.41721424e-01 1.39835963e+00
  1.32034126e+00 5.82995033e+00 1.75028198e-01 2.01194275e+00]
 [4.61278448e-01 1.63331640e-01 2.03498813e+00 2.09232690e-01
  4.38944427e-01 9.84517390e-01 9.98929123e-01 1.76972329e+00
  7.81895655e-01 2.24043466e-01 4.56443679e-01 2.31337563e+00
  1.16141705e+02 1.74766261e-01 1.77184601e+01 1.27048313e+00
  1.01039315e-01 2.08922580e-01 2.78983831e-01 1.03088166e+01
  1.75545798e+00 9.10237497e-01 1.36197634e+01 3.89077418e-01
  1.40132108e+00 2.43331810e-01 5.86335536e+01 2.83484273e-01
  1.83869225e-01 1.61556548e-01 4.96163367e+00 1.00137164e+00
  2.90519010e-01 4.64569352e-01 1.69654636e-01 7.80733393e-01
  6.78274390e-02 4.42762282e-01 3.14004152e+03 4.44479481e+02
  3.47987874e+00 3.20405413e+00 2.80620814e+00 3.24706401e-01
  9.67133691e-02 1.66203130e+01 2.30215116e+01 2.57810367e+00
  2.47264404e+00 2.72730238e-01 1.28622842e+00 3.01458970e+00
  1.97042052e-01 4.52853483e+00 1.92045696e+00 6.16308800e-01
  1.35124615e-01 6.48961005e-01 1.41890625e+01 1.22661240e-01
  4.38037172e-01 2.57290809e+01 4.94971490e-01 5.29094334e-01]
 [2.96599619e-01 2.09390585e+02 3.81910220e+01 1.54116941e-01
  1.62518778e+00 7.10625446e+01 9.32495174e-02 3.21764981e-01
  2.45445518e-01 2.45242469e+00 1.28651320e+00 3.77225951e-01
  3.18881050e+04 7.68239184e+01 4.89606933e+00 1.04196013e+01
  1.09217901e+00 8.58372235e-02 2.21466844e+00 1.58292876e-01
  9.81230757e-01 8.91166757e-02 1.46758088e-01 1.37821488e+00
  1.24613734e+00 1.82801370e+00 6.08201342e-01 2.24266699e+00
  1.39537929e-01 1.00047527e+00 1.12749503e+01 5.16562229e+00
  4.74993505e-01 2.50223990e+01 6.98104224e+01 3.54815781e-01
  1.23129623e+00 2.48074496e+01 1.44463871e-01 6.65485145e-01
  1.28716973e+01 2.03980596e+00 4.81407506e+00 1.26326081e-01
  1.03133240e+02 1.34876796e-01 8.38714197e+00 2.24979929e+01
  5.01031308e-01 1.27892379e+00 3.73723633e+00 4.25723680e-01
  1.90457547e-01 1.55178042e-01 6.86679694e-01 1.41059357e-01
  2.23664164e-01 3.29794931e+01 4.17674837e+00 2.79527671e+01
  4.52495896e-01 7.47940962e-01 7.37085337e+01 4.94109534e-01]
 [8.36582114e+00 1.41995496e+01 5.34937550e+00 1.28901080e+02
  6.78407027e-01 8.05871952e-01 1.68268713e+00 5.95874664e-01
  1.25991056e-01 3.77507390e-01 2.39868114e-01 4.03044731e-01
  9.21080581e-01 4.17505104e-01 3.37008564e+04 1.86366394e-01
  8.27944300e-01 1.30251375e+00 1.49311977e+00 1.20122967e+02
  2.69584196e+00 6.68083678e-01 4.79835709e-01 1.84318154e-01
  2.47969308e+01 1.14328791e-01 5.10712454e-01 1.14617181e+01
  5.83569125e+00 2.00489041e+00 2.18026042e-01 3.56294515e-01
  5.08773283e+00 1.80362240e+00 9.69970724e-01 7.10203937e-01
  1.11832144e+02 1.45759118e+01 2.09988822e+00 2.63074166e-01
  5.91364178e-01 6.00486982e+01 3.52337207e-01 2.68790111e+00
  4.07472245e+02 3.40468631e-01 2.56088177e+01 2.44816848e-01
  1.10684768e+01 3.07154992e-01 3.32142889e+01 2.17912559e+00
  8.75972976e+00 9.01875887e+00 6.24222498e-01 2.94360150e+01
  1.11626840e+01 4.82737878e-01 1.17085717e+01 1.69126702e-01
  1.03809696e+00 8.72332255e-02 2.56501191e-01 1.38720306e+00]
 [9.15527252e+00 5.10853130e+00 3.80208601e+00 1.13675021e+01
  2.92801589e-01 5.34588615e+00 3.82210028e-01 7.45781807e-01
  1.89300699e+00 1.36758786e+00 9.70665734e+00 7.25034153e-02
  4.36101547e-01 5.23353616e-01 3.73782326e+00 4.00855304e-01
  4.47469201e+01 4.49144127e+00 7.90245826e-01 1.77271477e-01
  2.54088032e-01 1.47483799e+00 1.17356915e+00 3.40198397e+00
  1.14808452e+00 7.58816870e-01 1.30721416e-01 1.01890985e+01
  4.56957041e-01 2.85289504e-01 2.34277136e-01 4.21376119e+00
  7.79850041e+00 1.43028490e-01 1.65257514e+00 2.10920939e+00
  3.41663062e-01 1.84483341e-01 8.93061839e+00 4.72491929e-01
  4.78953698e+01 1.84639216e+00 5.33082973e+00 5.61359883e+00
  4.20947263e-01 1.13958064e+00 1.39425379e-01 9.23371723e-02
  2.84783559e-01 1.35217213e+00 1.19402360e+00 1.58262708e+00
  5.78743172e+00 8.33970166e-01 5.68064666e+00 3.23297783e-01
  1.84449508e+00 5.89764463e+00 6.38244781e+00 7.99933877e-01
  6.82009678e-01 1.30609164e+00 1.38193205e+01 1.37369972e-01]
 [9.97873337e+00 5.36922463e+00 2.04943797e-01 1.49394340e+00
  3.76547993e+00 1.10395095e+01 5.49492668e-02 6.00610195e-01
  4.75989108e-01 1.80234031e+00 1.92658594e-01 1.05283336e+00
  7.03805049e-01 7.84944690e+00 2.55944084e+01 3.36737631e-01
  2.73044940e-01 1.04218585e-01 7.83570464e+00 3.55238461e-01
  6.07756882e+00 5.33736395e-01 8.80157079e-01 1.20269917e+00
  8.55634497e+01 2.19854929e-01 7.82081343e-01 4.53837749e-01
  1.05909766e+00 4.17541947e-01 3.88368255e-01 7.95463190e-01
  1.91596546e-01 4.73110060e-01 4.35144592e-01 9.82969349e-01
  2.68435289e+00 2.06217182e-01 1.83961707e+00 9.22064596e+02
  1.02212938e+00 1.42912953e-01 4.35552257e-01 1.78212036e+02
  3.97230344e-01 4.90618961e+00 1.12623190e+00 2.15049536e+00
  1.22147170e+00 7.15522937e+01 3.49296688e-01 4.36178504e+00
  1.26346992e+00 1.38508335e-01 8.25421608e-01 2.70716769e+00
  2.16462481e+01 2.10493752e-01 6.69308394e+00 2.17824396e+01
  1.30869374e-01 2.10093474e+01 2.12889592e-01 6.19504633e-01]
 [2.72852645e+00 3.44531294e-01 5.12100945e-01 4.64873655e+02
  2.55533659e+01 2.66247240e-01 5.71233886e-01 2.23964189e+00
  8.04730866e-01 9.73878999e+00 1.42775166e+00 8.96466011e-02
  5.85030868e-01 2.27304642e+00 2.02437427e-01 4.20106153e+02
  2.46661025e+01 2.41666172e+00 1.41642271e+01 2.03825034e+00
  1.38505701e+00 3.99278653e+00 1.96333478e+00 2.30897629e-01
  1.04761798e+00 7.65945771e+00 3.21002399e-01 2.36390728e-01
  1.23755790e-01 2.37626466e-01 1.96886528e-01 7.55492194e-01
  1.78918835e-01 1.86508442e+01 8.38858184e-01 1.94921691e+03
  4.49459862e+00 1.83446694e+01 4.37501742e-01 3.89174537e-01
  2.54568299e-01 4.70117908e+00 4.13914956e-01 8.77706514e+00
  2.62445614e-01 8.03223968e-02 1.17594561e+00 2.35421945e+01
  3.98379829e-01 2.53543891e-01 3.85967859e+00 2.24169764e+01
  1.30804546e-01 6.19738746e+00 3.80548995e-01 3.43795460e-01
  2.71932022e+00 4.13490265e+01 1.48703445e-01 2.04791472e+00
  2.46770191e+00 1.22927006e-01 3.68559130e+02 1.76473043e+03]]
