1
50
2023-11-14 19:38:42
100
2023-11-14 19:41:17
elapsed:  306.7  seconds
150
2023-11-14 19:43:57
200
2023-11-14 19:46:31
elapsed:  620.6  seconds
250
2023-11-14 19:49:06
300
2023-11-14 19:51:39
elapsed:  928.5  seconds
350
2023-11-14 19:54:16
/projects/muyang@colostate.edu/software/anaconda/envs/testenv/lib/python3.11/site-packages/numpy/lib/function_base.py:2455: RuntimeWarning: divide by zero encountered in func (vectorized)
  outputs = ufunc(*inputs)
/projects/muyang@colostate.edu/software/anaconda/envs/testenv/lib/python3.11/site-packages/numpy/lib/function_base.py:2455: RuntimeWarning: invalid value encountered in func (vectorized)
  outputs = ufunc(*inputs)
400
2023-11-14 19:56:51
elapsed:  1240.9  seconds
450
2023-11-14 19:59:29
500
2023-11-14 20:02:04
elapsed:  1553.8  seconds
550
2023-11-14 20:04:42
600
2023-11-14 20:07:18
elapsed:  1867.2  seconds
650
2023-11-14 20:09:54
700
2023-11-14 20:12:28
elapsed:  2177.6  seconds
750
2023-11-14 20:15:07
800
2023-11-14 20:17:42
elapsed:  2491.4  seconds
850
2023-11-14 20:20:21
900
2023-11-14 20:22:55
elapsed:  2804.3  seconds
950
2023-11-14 20:25:31
1000
2023-11-14 20:28:05
elapsed:  3114.9  seconds
1050
2023-11-14 20:30:41
1100
2023-11-14 20:33:14
elapsed:  3423.7  seconds
1150
2023-11-14 20:35:48
1200
2023-11-14 20:38:20
elapsed:  3729.3  seconds
1250
2023-11-14 20:40:56
1300
2023-11-14 20:43:33
elapsed:  4042.5  seconds
1350
2023-11-14 20:46:12
/projects/muyang@colostate.edu/software/anaconda/envs/testenv/lib/python3.11/site-packages/numpy/lib/function_base.py:2455: RuntimeWarning: divide by zero encountered in func (vectorized)
  outputs = ufunc(*inputs)
/projects/muyang@colostate.edu/software/anaconda/envs/testenv/lib/python3.11/site-packages/numpy/lib/function_base.py:2455: RuntimeWarning: invalid value encountered in func (vectorized)
  outputs = ufunc(*inputs)
1400
2023-11-14 20:48:50
elapsed:  4359.4  seconds
1450
2023-11-14 20:51:29
1500
2023-11-14 20:54:07
elapsed:  4676.6  seconds
/projects/muyang@colostate.edu/software/anaconda/envs/testenv/lib/python3.11/site-packages/numpy/lib/function_base.py:2455: RuntimeWarning: divide by zero encountered in func (vectorized)
  outputs = ufunc(*inputs)
/projects/muyang@colostate.edu/software/anaconda/envs/testenv/lib/python3.11/site-packages/numpy/lib/function_base.py:2455: RuntimeWarning: invalid value encountered in func (vectorized)
  outputs = ufunc(*inputs)
1550
2023-11-14 20:56:46
1600
2023-11-14 20:59:23
elapsed:  4992.8  seconds
1650
2023-11-14 21:02:02
1700
2023-11-14 21:04:38
elapsed:  5307.3  seconds
/projects/muyang@colostate.edu/software/anaconda/envs/testenv/lib/python3.11/site-packages/numpy/lib/function_base.py:2455: RuntimeWarning: divide by zero encountered in func (vectorized)
  outputs = ufunc(*inputs)
/projects/muyang@colostate.edu/software/anaconda/envs/testenv/lib/python3.11/site-packages/numpy/lib/function_base.py:2455: RuntimeWarning: invalid value encountered in func (vectorized)
  outputs = ufunc(*inputs)
1750
2023-11-14 21:07:16
1800
2023-11-14 21:09:53
elapsed:  5622.4  seconds
1850
2023-11-14 21:12:33
1900
2023-11-14 21:15:13
elapsed:  5942.5  seconds
1950
2023-11-14 21:17:54
2000
2023-11-14 21:20:31
elapsed:  6261.1  seconds
2050
2023-11-14 21:23:09
2100
2023-11-14 21:25:42
elapsed:  6571.7  seconds
2150
2023-11-14 21:28:17
2200
2023-11-14 21:30:48
elapsed:  6877.8  seconds
2250
2023-11-14 21:33:23
/projects/muyang@colostate.edu/software/anaconda/envs/testenv/lib/python3.11/site-packages/numpy/lib/function_base.py:2455: RuntimeWarning: divide by zero encountered in func (vectorized)
  outputs = ufunc(*inputs)
/projects/muyang@colostate.edu/software/anaconda/envs/testenv/lib/python3.11/site-packages/numpy/lib/function_base.py:2455: RuntimeWarning: invalid value encountered in func (vectorized)
  outputs = ufunc(*inputs)
2300
2023-11-14 21:35:58
elapsed:  7187.8  seconds
2350
2023-11-14 21:38:36
2400
2023-11-14 21:41:11
elapsed:  7500.3  seconds
2450
2023-11-14 21:43:49
2500
2023-11-14 21:46:24
elapsed:  7813.6  seconds
2550
2023-11-14 21:49:00
2600
2023-11-14 21:51:32
elapsed:  8121.8  seconds
2650
2023-11-14 21:54:06
2700
2023-11-14 21:56:39
elapsed:  8429.1  seconds
2750
2023-11-14 21:59:16
2800
2023-11-14 22:01:50
elapsed:  8739.7  seconds
2850
2023-11-14 22:04:26
2900
2023-11-14 22:06:59
elapsed:  9048.6  seconds
2950
2023-11-14 22:09:35
3000
2023-11-14 22:12:08
elapsed:  9357.8  seconds
3050
2023-11-14 22:14:44
3100
2023-11-14 22:17:16
elapsed:  9666.1  seconds
3150
2023-11-14 22:19:51
3200
2023-11-14 22:22:24
elapsed:  9973.7  seconds
3250
2023-11-14 22:24:58
3300
2023-11-14 22:27:32
elapsed:  10281.7  seconds
3350
2023-11-14 22:30:09
3400
2023-11-14 22:32:43
elapsed:  10593.1  seconds
3450
2023-11-14 22:35:20
3500
2023-11-14 22:37:55
elapsed:  10904.3  seconds
3550
2023-11-14 22:40:29
3600
2023-11-14 22:43:03
elapsed:  11212.4  seconds
3650
2023-11-14 22:45:39
3700
2023-11-14 22:48:15
elapsed:  11524.7  seconds
3750
2023-11-14 22:50:52
3800
2023-11-14 22:53:26
elapsed:  11835.5  seconds
3850
2023-11-14 22:56:02
3900
2023-11-14 22:58:37
elapsed:  12146.7  seconds
3950
2023-11-14 23:01:12
4000
2023-11-14 23:03:46
elapsed:  12455.3  seconds
4050
2023-11-14 23:06:20
4100
2023-11-14 23:08:55
elapsed:  12764.2  seconds
4150
2023-11-14 23:11:31
4200
2023-11-14 23:14:04
elapsed:  13073.8  seconds
4250
2023-11-14 23:16:39
4300
2023-11-14 23:19:13
elapsed:  13382.7  seconds
4350
2023-11-14 23:21:48
4400
2023-11-14 23:24:20
elapsed:  13689.7  seconds
4450
2023-11-14 23:26:55
4500
2023-11-14 23:29:29
elapsed:  13998.4  seconds
4550
2023-11-14 23:32:04
4600
2023-11-14 23:34:36
elapsed:  14306.1  seconds
4650
2023-11-14 23:37:12
4700
2023-11-14 23:39:46
elapsed:  14615.6  seconds
4750
2023-11-14 23:42:22
4800
2023-11-14 23:44:55
elapsed:  14925.1  seconds
4850
2023-11-14 23:47:31
4900
2023-11-14 23:50:05
elapsed:  15234.3  seconds
4950
2023-11-14 23:52:42
elapsed:  15544.7  seconds
total time:  15549.8  seconds
true R:  [[3.78841348e+00 1.17533707e-01 7.09381674e-01 1.08464077e+01
  1.46942453e+00 3.58382638e-01 4.98071738e-01 9.64139853e+00
  1.09363382e-01 1.32310000e+00 4.43308722e-01 5.00705929e-01
  4.07600537e-01 3.99570640e+00 3.78400705e-01 1.11584258e+00
  1.88763908e+00 6.63763187e-01 6.37466853e+00 5.23051511e-01
  1.28690261e+00 1.52235042e+00 3.36641673e-01 6.38242112e-01
  7.25272640e+01 1.62466128e+01 2.35837168e+00 7.36484963e-02
  1.43505205e+03 9.99704699e+01 1.21517974e+00 1.85532532e+00
  1.19294665e-01 1.19349726e+01 3.01113239e+01 9.10402527e+00
  1.01883199e+02 1.04597677e+00 3.06931969e+00 2.43029066e-01
  9.19818142e-01 1.62482016e-01 7.04955180e-01 5.86552359e-01
  2.59240811e+01 3.04246525e-01 2.00647286e-01 4.69065270e-01
  4.87104332e+00 2.00618376e-01 3.29397697e-01 1.77946853e-01
  5.12271104e-01 4.85905089e+00 6.15603549e+01 1.08274649e+00
  2.81491722e-01 2.55641926e-01 2.25112436e-01 6.63380563e+03
  5.17277797e-01 1.24411419e+00 2.37760156e+02 3.26493127e-01]
 [1.10874246e+00 1.19918749e+00 7.34977240e-01 7.28275724e+00
  4.61225659e-01 1.26397044e+00 1.56330849e+01 5.35076426e-01
  8.29946379e-01 1.10117865e+00 8.14702959e-01 3.56596588e+00
  1.74007228e-01 5.82963373e+00 1.24492527e-01 1.08320767e-01
  1.13601147e-01 1.83206180e+01 2.37113496e-01 1.75233602e+00
  1.42162497e+02 6.56549647e+00 3.33860017e-01 1.47345603e+00
  7.45009185e-01 4.92983435e+01 1.27399715e-01 1.48982273e+00
  3.80269276e+01 1.18000930e+00 1.28381246e+02 4.41588026e+00
  3.34004773e+01 6.89616919e+01 2.31532486e-01 2.18920904e-01
  2.39302706e-01 4.85542718e-01 2.05862648e+01 3.24477451e-01
  7.00787524e+00 8.48128470e-01 2.12859975e+00 4.92654743e-01
  1.60556810e+01 5.47327702e+02 2.24548482e-01 1.86217118e+00
  2.09912325e+00 2.35346730e-01 1.31932879e+00 3.04484595e+00
  7.48697300e-01 2.41297193e-01 5.06563072e-01 2.16715849e+00
  7.18346297e+00 3.93217591e+01 2.80188514e-01 1.06379375e+01
  2.89606111e-01 5.99449437e+02 5.61908221e+00 2.02526397e+01]
 [1.14547652e+00 1.54205708e+00 1.31514690e+02 1.70566436e+00
  2.69704359e-01 1.20296359e-01 9.70671244e-01 2.55215268e+01
  5.12983720e+00 4.14863080e+01 2.76935069e+00 3.97508452e-01
  4.90424894e-01 4.49180180e+04 1.68723994e+00 6.91285261e-01
  1.70818095e+00 7.87271855e-01 9.48205506e+00 6.24714498e+00
  3.79945160e+00 7.14031438e-01 3.32902973e+00 1.97152031e-01
  7.42313569e-02 4.29591384e-01 1.27816946e+02 4.97882267e+00
  7.10404621e-01 5.78212660e+01 2.14182586e+00 1.31353738e+00
  4.22740979e+00 1.37143475e+00 1.73136333e+00 3.12975879e+01
  3.88743217e-01 3.40965202e-01 3.02651996e+00 1.33397503e+00
  5.32256537e-01 4.58508117e-01 4.83127456e+00 1.25088677e+01
  3.73692870e+00 3.96351878e-01 7.43900759e-01 1.31856084e+00
  2.90554540e+00 9.94703931e-01 4.40836180e+00 1.44380759e-01
  5.66802491e-01 4.60711298e+02 5.17586736e-01 1.27611608e+01
  2.71986353e+01 1.03702865e+00 5.19671045e-01 7.87586035e-01
  5.90398581e+00 3.65679824e+00 3.45688365e-01 3.73107644e+01]
 [5.12828476e+03 3.87506443e+00 1.30160148e+00 1.01146310e+00
  8.34790271e-02 1.09153847e+03 6.64211105e-01 1.14952784e+02
  1.01100132e+00 1.91196418e-01 7.28096749e-01 3.44661952e+00
  4.62040258e-01 1.39437939e+01 3.46950470e-01 3.98605195e+01
  8.78995792e-01 6.20868460e+02 6.48212619e+00 1.48909325e-01
  1.22762062e+00 1.77907485e+01 1.57331658e+00 1.63130540e-01
  7.43132492e-01 3.76593115e+00 6.13309270e-01 1.41304148e+01
  6.94350478e+01 1.79137525e+00 1.62970842e+00 6.55986355e-01
  1.39830044e+00 2.92573287e-01 8.52744901e-01 2.76727542e-01
  2.39354961e+00 2.89357452e-01 3.53625729e+00 7.52053999e-01
  7.74753465e-01 5.13635504e-01 1.22919306e+00 4.37229072e+02
  6.51352402e+00 4.01162452e+01 3.87157099e-01 4.05351429e-01
  5.23774427e-01 1.42528781e+00 1.24892201e+00 1.90618901e+01
  7.90141902e-02 3.81297738e-01 1.07317163e+00 5.40786623e+00
  1.34460412e-01 6.17665581e-01 5.32507248e-01 1.16553290e-01
  1.90348707e+02 1.02206574e+01 2.51984690e-01 1.59076089e-01]
 [9.59679661e-02 1.31346321e+00 2.91417709e-01 1.23957804e+01
  8.95169843e+00 9.43029644e+00 1.47821572e+01 5.58664693e-02
  3.81003421e+00 5.56119527e-01 1.57783923e+00 2.86666103e-01
  8.02950692e-01 6.43390973e+00 1.47780076e-01 6.01683264e-01
  1.47827989e+00 4.74251283e+00 1.03900932e+00 1.03387611e-01
  2.89221561e+03 3.27871391e-01 8.34882488e-02 4.58287402e-01
  6.36588791e-01 3.46536343e+00 1.94253284e-01 6.08448701e-01
  7.69858263e-01 3.46003420e+01 1.85386161e-01 1.40129604e+00
  1.13907798e+00 2.04439462e+00 2.69367463e-01 1.70292769e+00
  5.03094156e-01 1.13219725e+00 1.19292947e+00 6.06367004e+00
  5.65315674e+00 3.67290611e+00 6.79108641e-01 8.75374225e-01
  2.32537446e+00 2.23807966e+00 5.04572052e+01 1.01592203e+00
  1.06180943e+00 3.60407881e-02 4.65291611e-01 2.11708061e-01
  1.50080752e+00 2.45961917e-01 1.77070211e-01 2.43077103e+00
  1.42066687e+00 2.37066130e-01 4.45673070e+00 4.63798807e+01
  7.81257757e-01 6.27639225e-01 1.02354833e+00 4.33440910e-01]
 [6.04132920e+00 3.12373562e+02 1.36227618e+00 6.60151570e-01
  8.11256137e-01 6.69927382e+00 2.79582833e-01 1.58076190e+00
  2.56498380e+00 2.59862243e-01 6.92618330e+00 9.41743952e+00
  2.95328950e+00 5.14702934e+00 7.58032843e-02 2.68435800e+00
  1.34321704e-01 2.06954959e+00 3.97590568e-01 5.84488360e-01
  9.88591292e-01 2.71702236e+01 8.63803849e-01 7.23414403e+01
  3.23916615e-01 2.01093065e-01 3.51290778e+00 2.49183295e+00
  1.27085399e+00 7.73395248e-01 2.44993902e-01 7.53958753e-02
  4.91523463e+03 1.52908903e+01 4.61471402e-01 3.42051321e-01
  3.25133561e-01 5.72286426e-01 7.58214299e-01 2.66292942e-01
  1.36917622e-01 3.81983090e-01 2.02275793e+02 7.45247850e+01
  5.90541202e-01 2.43555365e+00 5.35635304e+01 5.58692565e-01
  6.39054297e-02 5.03938694e-01 1.17773321e-01 3.66978617e+00
  2.97727793e-01 1.18589446e+00 4.24567889e-01 2.47260854e+00
  6.19594962e-01 7.30195038e+01 2.35366440e-01 1.53581707e-01
  1.67833575e-01 3.20672238e-01 3.12255293e-01 1.35700809e-01]
 [7.19412128e-01 5.28963613e+00 3.30794422e-01 8.38285578e+00
  5.17894521e-01 1.68425803e-01 6.81510483e-01 1.60862665e-01
  4.01282627e+00 7.90909107e-01 1.27972640e-01 5.04613111e-01
  3.84728295e+00 8.22662498e+01 5.64549578e+01 2.57189950e-01
  2.10946105e-01 2.54074866e+00 6.92065982e-01 1.64787059e-01
  2.01541911e-01 2.37997583e+00 2.73922273e-01 9.08040238e-02
  9.49684811e+00 2.10767421e+00 7.24191467e-02 7.36373903e+00
  1.67463228e-01 2.25058707e+00 1.67338724e+00 2.36698493e+00
  6.22687408e-01 5.47915434e-02 1.10634837e+00 9.03920389e-01
  2.89505601e+00 3.47234701e+01 1.53617755e-01 4.88250695e-01
  5.76899851e+01 3.97593937e+00 3.53178353e+00 2.88759390e-01
  9.39030030e-01 1.25462319e+00 2.85981670e-01 1.41773634e+00
  6.14191937e-01 4.15694126e+00 2.72283700e+03 1.80178654e+01
  5.34123186e+00 5.45147834e-01 3.14507169e-01 3.76807428e+01
  8.97947105e-01 6.55924119e+01 6.06883556e-01 6.99568417e+00
  1.89799187e+00 5.35191660e+01 5.53633000e+04 1.21111531e+00]
 [9.07708003e-01 1.05841718e+01 5.80619385e-01 2.85262567e+01
  2.89327119e-01 2.00128138e-01 4.41904622e+01 4.47668295e+00
  9.70897213e-01 6.25345105e+00 3.17821407e-01 2.08559433e+00
  1.80438750e+01 2.89046561e-01 1.47272374e-01 5.07323765e+00
  2.17667681e+01 2.91701079e-01 7.23361664e+00 3.44806562e+01
  5.63534723e+00 2.07270472e+00 4.09500417e+01 8.74152365e-01
  7.05666029e-01 7.92732822e-01 6.77713895e-01 9.05475133e-02
  1.60728071e-01 5.59329237e-01 2.80509745e-01 3.75188368e+01
  3.52778906e+00 2.76430758e+00 4.75055799e-01 2.62838865e+00
  3.12532004e-01 2.73375932e+00 5.22251039e-01 6.76035357e-01
  1.00448136e+00 3.31966817e+01 2.19679086e-01 2.45565374e+00
  1.72508474e-01 2.98695642e+00 5.33587023e+00 3.39392586e-01
  8.46133687e-01 2.88542403e+00 9.74257052e-02 1.36043766e-01
  1.18390232e-01 4.82122027e+01 6.39192029e+00 2.21659345e-01
  2.20426750e+00 1.27588149e-01 1.73709157e+00 3.94368309e-01
  3.00224620e+00 2.60577321e+00 9.24425231e-01 5.86567021e-01]
 [1.28087242e-01 8.37245379e-01 2.04926475e-01 6.77978320e-01
  9.72895039e-02 2.87391658e+01 2.17356477e-01 2.91166207e+00
  5.09866726e+03 4.40287694e-01 7.34774053e+01 1.90616296e+02
  2.35653033e+00 2.33738682e+00 5.44748567e-01 7.37390716e-01
  7.09972147e-01 1.47778693e+00 2.50395209e-01 9.33809606e+02
  2.76698092e+00 1.41658238e-01 4.38534731e-01 6.62334127e+00
  1.56740761e-01 8.70646138e-01 3.38022058e-01 2.38598484e-01
  6.98700435e+00 1.03748411e+00 5.78418536e-01 2.14153212e-01
  1.12806204e+00 1.57207547e+01 1.66859161e+00 7.87369159e+00
  6.48597092e-01 1.46454202e+00 3.13616523e+00 2.30711704e+01
  9.65096567e-01 6.92183757e-01 1.55397422e+01 2.38828310e-01
  8.08698485e-01 5.29976081e-01 3.84027817e+02 3.14432460e-01
  5.60213655e+02 2.16589917e+01 2.94579303e+01 9.20103059e-01
  3.80433460e-01 1.60092472e+01 9.94889576e+00 1.81114917e-01
  8.11571125e-01 1.08372786e-01 9.36599923e-01 1.67893237e+00
  3.55477434e+00 5.02811290e+00 3.47420833e-01 1.20564038e+04]]
