1
50
2023-11-11 22:21:26
100
2023-11-11 22:23:01
elapsed:  185.1  seconds
150
2023-11-11 22:24:38
200
2023-11-11 22:26:15
elapsed:  378.9  seconds
250
2023-11-11 22:27:51
300
2023-11-11 22:29:28
elapsed:  572.2  seconds
350
2023-11-11 22:31:07
400
2023-11-11 22:32:44
elapsed:  767.9  seconds
450
2023-11-11 22:34:23
500
2023-11-11 22:36:02
elapsed:  966.1  seconds
/projects/muyang@colostate.edu/software/anaconda/envs/testenv/lib/python3.11/site-packages/numpy/lib/function_base.py:2455: RuntimeWarning: divide by zero encountered in func (vectorized)
  outputs = ufunc(*inputs)
/projects/muyang@colostate.edu/software/anaconda/envs/testenv/lib/python3.11/site-packages/numpy/lib/function_base.py:2455: RuntimeWarning: invalid value encountered in func (vectorized)
  outputs = ufunc(*inputs)
550
2023-11-11 22:37:40
600
2023-11-11 22:39:16
elapsed:  1160.6  seconds
650
2023-11-11 22:40:54
/projects/muyang@colostate.edu/software/anaconda/envs/testenv/lib/python3.11/site-packages/numpy/lib/function_base.py:2455: RuntimeWarning: divide by zero encountered in func (vectorized)
  outputs = ufunc(*inputs)
/projects/muyang@colostate.edu/software/anaconda/envs/testenv/lib/python3.11/site-packages/numpy/lib/function_base.py:2455: RuntimeWarning: invalid value encountered in func (vectorized)
  outputs = ufunc(*inputs)
700
2023-11-11 22:42:30
elapsed:  1354.9  seconds
750
2023-11-11 22:44:09
/projects/muyang@colostate.edu/software/anaconda/envs/testenv/lib/python3.11/site-packages/numpy/lib/function_base.py:2455: RuntimeWarning: divide by zero encountered in func (vectorized)
  outputs = ufunc(*inputs)
/projects/muyang@colostate.edu/software/anaconda/envs/testenv/lib/python3.11/site-packages/numpy/lib/function_base.py:2455: RuntimeWarning: invalid value encountered in func (vectorized)
  outputs = ufunc(*inputs)
800
2023-11-11 22:45:47
elapsed:  1551.0  seconds
850
2023-11-11 22:47:25
900
2023-11-11 22:49:00
elapsed:  1744.6  seconds
/projects/muyang@colostate.edu/software/anaconda/envs/testenv/lib/python3.11/site-packages/numpy/lib/function_base.py:2455: RuntimeWarning: divide by zero encountered in func (vectorized)
  outputs = ufunc(*inputs)
/projects/muyang@colostate.edu/software/anaconda/envs/testenv/lib/python3.11/site-packages/numpy/lib/function_base.py:2455: RuntimeWarning: invalid value encountered in func (vectorized)
  outputs = ufunc(*inputs)
950
2023-11-11 22:50:40
1000
2023-11-11 22:52:17
elapsed:  1941.7  seconds
1050
2023-11-11 22:53:57
1100
2023-11-11 22:55:34
elapsed:  2138.4  seconds
1150
2023-11-11 22:57:11
1200
2023-11-11 22:58:48
elapsed:  2332.9  seconds
1250
2023-11-11 23:00:27
1300
2023-11-11 23:02:05
elapsed:  2529.3  seconds
1350
2023-11-11 23:03:44
1400
2023-11-11 23:05:22
elapsed:  2726.3  seconds
1450
2023-11-11 23:07:02
1500
2023-11-11 23:08:40
elapsed:  2924.2  seconds
1550
2023-11-11 23:10:19
1600
2023-11-11 23:11:56
elapsed:  3120.8  seconds
1650
2023-11-11 23:13:37
1700
2023-11-11 23:15:14
elapsed:  3318.5  seconds
/projects/muyang@colostate.edu/software/anaconda/envs/testenv/lib/python3.11/site-packages/numpy/lib/function_base.py:2455: RuntimeWarning: divide by zero encountered in func (vectorized)
  outputs = ufunc(*inputs)
/projects/muyang@colostate.edu/software/anaconda/envs/testenv/lib/python3.11/site-packages/numpy/lib/function_base.py:2455: RuntimeWarning: invalid value encountered in func (vectorized)
  outputs = ufunc(*inputs)
1750
2023-11-11 23:16:53
1800
2023-11-11 23:18:30
elapsed:  3514.2  seconds
1850
2023-11-11 23:20:11
1900
2023-11-11 23:21:47
elapsed:  3711.4  seconds
1950
2023-11-11 23:23:26
2000
2023-11-11 23:25:03
elapsed:  3907.3  seconds
2050
2023-11-11 23:26:41
2100
2023-11-11 23:28:19
elapsed:  4103.5  seconds
2150
2023-11-11 23:29:58
2200
2023-11-11 23:31:35
elapsed:  4299.2  seconds
2250
2023-11-11 23:33:13
2300
2023-11-11 23:34:50
elapsed:  4494.7  seconds
2350
2023-11-11 23:36:29
2400
2023-11-11 23:38:05
elapsed:  4689.8  seconds
2450
2023-11-11 23:39:44
2500
2023-11-11 23:41:21
elapsed:  4885.0  seconds
2550
2023-11-11 23:42:59
2600
2023-11-11 23:44:36
elapsed:  5080.1  seconds
2650
2023-11-11 23:46:12
2700
2023-11-11 23:47:49
elapsed:  5273.3  seconds
2750
2023-11-11 23:49:29
2800
2023-11-11 23:51:05
elapsed:  5469.9  seconds
2850
2023-11-11 23:52:44
2900
2023-11-11 23:54:20
elapsed:  5664.6  seconds
2950
2023-11-11 23:55:59
3000
2023-11-11 23:57:36
elapsed:  5860.8  seconds
/projects/muyang@colostate.edu/software/anaconda/envs/testenv/lib/python3.11/site-packages/numpy/lib/function_base.py:2455: RuntimeWarning: divide by zero encountered in func (vectorized)
  outputs = ufunc(*inputs)
/projects/muyang@colostate.edu/software/anaconda/envs/testenv/lib/python3.11/site-packages/numpy/lib/function_base.py:2455: RuntimeWarning: invalid value encountered in func (vectorized)
  outputs = ufunc(*inputs)
3050
2023-11-11 23:59:15
/projects/muyang@colostate.edu/software/anaconda/envs/testenv/lib/python3.11/site-packages/numpy/lib/function_base.py:2455: RuntimeWarning: divide by zero encountered in func (vectorized)
  outputs = ufunc(*inputs)
/projects/muyang@colostate.edu/software/anaconda/envs/testenv/lib/python3.11/site-packages/numpy/lib/function_base.py:2455: RuntimeWarning: invalid value encountered in func (vectorized)
  outputs = ufunc(*inputs)
3100
2023-11-12 00:00:53
elapsed:  6057.1  seconds
3150
2023-11-12 00:02:31
3200
2023-11-12 00:04:08
elapsed:  6252.4  seconds
3250
2023-11-12 00:05:47
3300
2023-11-12 00:07:24
elapsed:  6448.7  seconds
3350
2023-11-12 00:09:03
3400
2023-11-12 00:10:41
elapsed:  6645.0  seconds
3450
2023-11-12 00:12:20
/projects/muyang@colostate.edu/software/anaconda/envs/testenv/lib/python3.11/site-packages/numpy/lib/function_base.py:2455: RuntimeWarning: divide by zero encountered in func (vectorized)
  outputs = ufunc(*inputs)
/projects/muyang@colostate.edu/software/anaconda/envs/testenv/lib/python3.11/site-packages/numpy/lib/function_base.py:2455: RuntimeWarning: invalid value encountered in func (vectorized)
  outputs = ufunc(*inputs)
3500
2023-11-12 00:13:57
elapsed:  6841.0  seconds
3550
2023-11-12 00:15:35
3600
2023-11-12 00:17:12
elapsed:  7036.2  seconds
3650
2023-11-12 00:18:52
3700
2023-11-12 00:20:29
elapsed:  7233.8  seconds
/projects/muyang@colostate.edu/software/anaconda/envs/testenv/lib/python3.11/site-packages/numpy/lib/function_base.py:2455: RuntimeWarning: divide by zero encountered in func (vectorized)
  outputs = ufunc(*inputs)
/projects/muyang@colostate.edu/software/anaconda/envs/testenv/lib/python3.11/site-packages/numpy/lib/function_base.py:2455: RuntimeWarning: invalid value encountered in func (vectorized)
  outputs = ufunc(*inputs)
3750
2023-11-12 00:22:09
3800
2023-11-12 00:23:46
elapsed:  7430.0  seconds
3850
2023-11-12 00:25:26
3900
2023-11-12 00:27:05
elapsed:  7629.1  seconds
3950
2023-11-12 00:28:45
4000
2023-11-12 00:30:22
elapsed:  7826.7  seconds
4050
2023-11-12 00:32:01
4100
2023-11-12 00:33:37
elapsed:  8021.8  seconds
4150
2023-11-12 00:35:16
4200
2023-11-12 00:36:52
elapsed:  8216.4  seconds
4250
2023-11-12 00:38:30
4300
2023-11-12 00:40:08
elapsed:  8412.0  seconds
4350
2023-11-12 00:41:46
4400
2023-11-12 00:43:23
elapsed:  8607.3  seconds
4450
2023-11-12 00:45:01
4500
2023-11-12 00:46:38
elapsed:  8802.8  seconds
4550
2023-11-12 00:48:18
4600
2023-11-12 00:49:55
elapsed:  8999.2  seconds
4650
2023-11-12 00:51:35
4700
2023-11-12 00:53:14
elapsed:  9198.0  seconds
4750
2023-11-12 00:54:53
4800
2023-11-12 00:56:30
elapsed:  9394.6  seconds
4850
2023-11-12 00:58:08
4900
2023-11-12 00:59:44
elapsed:  9588.4  seconds
4950
2023-11-12 01:01:22
/projects/muyang@colostate.edu/software/anaconda/envs/testenv/lib/python3.11/site-packages/numpy/lib/function_base.py:2455: RuntimeWarning: divide by zero encountered in func (vectorized)
  outputs = ufunc(*inputs)
/projects/muyang@colostate.edu/software/anaconda/envs/testenv/lib/python3.11/site-packages/numpy/lib/function_base.py:2455: RuntimeWarning: invalid value encountered in func (vectorized)
  outputs = ufunc(*inputs)
5000
2023-11-12 01:02:58
elapsed:  9782.8  seconds
5050
2023-11-12 01:04:35
5100
2023-11-12 01:06:11
elapsed:  9974.9  seconds
5150
2023-11-12 01:07:49
5200
2023-11-12 01:09:26
elapsed:  10170.0  seconds
5250
2023-11-12 01:11:06
5300
2023-11-12 01:12:43
elapsed:  10367.5  seconds
5350
2023-11-12 01:14:22
5400
2023-11-12 01:15:59
elapsed:  10563.2  seconds
5450
2023-11-12 01:17:37
5500
2023-11-12 01:19:12
elapsed:  10756.1  seconds
5550
2023-11-12 01:20:50
5600
2023-11-12 01:22:26
elapsed:  10950.9  seconds
5650
2023-11-12 01:24:04
5700
2023-11-12 01:25:41
elapsed:  11145.0  seconds
5750
2023-11-12 01:27:19
5800
2023-11-12 01:28:56
elapsed:  11340.3  seconds
5850
2023-11-12 01:30:35
5900
2023-11-12 01:32:11
elapsed:  11535.8  seconds
5950
2023-11-12 01:33:50
6000
2023-11-12 01:35:26
elapsed:  11730.4  seconds
6050
2023-11-12 01:37:04
6100
2023-11-12 01:38:41
elapsed:  11925.0  seconds
6150
2023-11-12 01:40:20
6200
2023-11-12 01:41:56
elapsed:  12120.4  seconds
6250
2023-11-12 01:43:35
6300
2023-11-12 01:45:11
elapsed:  12315.9  seconds
6350
2023-11-12 01:46:51
6400
2023-11-12 01:48:26
elapsed:  12510.9  seconds
6450
2023-11-12 01:50:04
6500
2023-11-12 01:51:41
elapsed:  12705.0  seconds
6550
2023-11-12 01:53:19
6600
2023-11-12 01:54:54
elapsed:  12898.4  seconds
6650
2023-11-12 01:56:33
6700
2023-11-12 01:58:09
elapsed:  13093.4  seconds
6750
2023-11-12 01:59:47
6800
2023-11-12 02:01:25
elapsed:  13289.1  seconds
6850
2023-11-12 02:03:04
6900
2023-11-12 02:04:42
elapsed:  13486.1  seconds
6950
2023-11-12 02:06:19
7000
2023-11-12 02:07:54
elapsed:  13678.3  seconds
7050
2023-11-12 02:09:33
7100
2023-11-12 02:11:09
elapsed:  13873.9  seconds
7150
2023-11-12 02:12:48
7200
2023-11-12 02:14:25
elapsed:  14068.9  seconds
7250
2023-11-12 02:16:03
7300
2023-11-12 02:17:38
elapsed:  14262.9  seconds
7350
2023-11-12 02:19:17
7400
2023-11-12 02:20:53
elapsed:  14457.6  seconds
7450
2023-11-12 02:22:31
7500
2023-11-12 02:24:06
elapsed:  14650.4  seconds
7550
2023-11-12 02:25:42
/projects/muyang@colostate.edu/software/anaconda/envs/testenv/lib/python3.11/site-packages/numpy/lib/function_base.py:2455: RuntimeWarning: divide by zero encountered in func (vectorized)
  outputs = ufunc(*inputs)
/projects/muyang@colostate.edu/software/anaconda/envs/testenv/lib/python3.11/site-packages/numpy/lib/function_base.py:2455: RuntimeWarning: invalid value encountered in func (vectorized)
  outputs = ufunc(*inputs)
7600
2023-11-12 02:27:17
elapsed:  14841.2  seconds
7650
2023-11-12 02:28:54
7700
2023-11-12 02:30:30
elapsed:  15034.1  seconds
7750
2023-11-12 02:32:07
7800
2023-11-12 02:33:44
elapsed:  15228.5  seconds
7850
2023-11-12 02:35:22
7900
2023-11-12 02:36:56
elapsed:  15420.9  seconds
7950
2023-11-12 02:38:33
8000
2023-11-12 02:40:06
elapsed:  15610.9  seconds
8050
2023-11-12 02:41:43
8100
2023-11-12 02:43:18
elapsed:  15802.4  seconds
8150
2023-11-12 02:44:56
8200
2023-11-12 02:46:32
elapsed:  15996.3  seconds
8250
2023-11-12 02:48:09
8300
2023-11-12 02:49:44
elapsed:  16188.7  seconds
8350
2023-11-12 02:51:22
8400
2023-11-12 02:52:59
elapsed:  16383.7  seconds
8450
2023-11-12 02:54:37
8500
2023-11-12 02:56:13
elapsed:  16577.0  seconds
8550
2023-11-12 02:57:52
8600
2023-11-12 02:59:28
elapsed:  16772.0  seconds
8650
2023-11-12 03:01:06
8700
2023-11-12 03:02:42
elapsed:  16966.4  seconds
8750
2023-11-12 03:04:21
8800
2023-11-12 03:05:57
elapsed:  17161.1  seconds
8850
2023-11-12 03:07:32
8900
2023-11-12 03:09:07
elapsed:  17351.6  seconds
8950
2023-11-12 03:10:47
9000
2023-11-12 03:12:23
elapsed:  17547.8  seconds
9050
2023-11-12 03:14:03
9100
2023-11-12 03:15:41
elapsed:  17745.1  seconds
9150
2023-11-12 03:17:20
9200
2023-11-12 03:18:56
elapsed:  17940.7  seconds
9250
2023-11-12 03:20:35
9300
2023-11-12 03:22:11
elapsed:  18135.1  seconds
9350
2023-11-12 03:23:49
9400
2023-11-12 03:25:25
elapsed:  18329.6  seconds
9450
2023-11-12 03:27:04
9500
2023-11-12 03:28:41
elapsed:  18525.6  seconds
9550
2023-11-12 03:30:21
9600
2023-11-12 03:31:57
elapsed:  18721.8  seconds
/projects/muyang@colostate.edu/software/anaconda/envs/testenv/lib/python3.11/site-packages/numpy/lib/function_base.py:2455: RuntimeWarning: divide by zero encountered in func (vectorized)
  outputs = ufunc(*inputs)
/projects/muyang@colostate.edu/software/anaconda/envs/testenv/lib/python3.11/site-packages/numpy/lib/function_base.py:2455: RuntimeWarning: invalid value encountered in func (vectorized)
  outputs = ufunc(*inputs)
9650
2023-11-12 03:33:37
9700
2023-11-12 03:35:14
elapsed:  18918.5  seconds
9750
2023-11-12 03:36:54
9800
2023-11-12 03:38:32
elapsed:  19116.0  seconds
9850
2023-11-12 03:40:12
9900
2023-11-12 03:41:49
elapsed:  19313.2  seconds
9950
2023-11-12 03:43:28
10000
2023-11-12 03:45:06
elapsed:  19510.3  seconds
10050
2023-11-12 03:46:45
10100
2023-11-12 03:48:21
elapsed:  19705.5  seconds
10150
2023-11-12 03:50:00
10200
2023-11-12 03:51:38
elapsed:  19902.2  seconds
10250
2023-11-12 03:53:16
10300
2023-11-12 03:54:53
elapsed:  20097.1  seconds
10350
2023-11-12 03:56:31
10400
2023-11-12 03:58:07
elapsed:  20291.1  seconds
10450
2023-11-12 03:59:45
10500
2023-11-12 04:01:22
elapsed:  20485.9  seconds
10550
2023-11-12 04:02:59
10600
2023-11-12 04:04:35
elapsed:  20678.9  seconds
10650
2023-11-12 04:06:12
10700
2023-11-12 04:07:47
elapsed:  20871.6  seconds
10750
2023-11-12 04:09:25
10800
2023-11-12 04:10:59
elapsed:  21063.2  seconds
10850
2023-11-12 04:12:36
10900
2023-11-12 04:14:13
elapsed:  21257.9  seconds
10950
2023-11-12 04:15:53
11000
2023-11-12 04:17:29
elapsed:  21453.3  seconds
11050
2023-11-12 04:19:09
11100
2023-11-12 04:20:46
elapsed:  21650.6  seconds
11150
2023-11-12 04:22:28
11200
2023-11-12 04:24:05
elapsed:  21849.3  seconds
11250
2023-11-12 04:25:44
11300
2023-11-12 04:27:21
elapsed:  22045.0  seconds
11350
2023-11-12 04:28:59
/projects/muyang@colostate.edu/software/anaconda/envs/testenv/lib/python3.11/site-packages/numpy/lib/function_base.py:2455: RuntimeWarning: divide by zero encountered in func (vectorized)
  outputs = ufunc(*inputs)
/projects/muyang@colostate.edu/software/anaconda/envs/testenv/lib/python3.11/site-packages/numpy/lib/function_base.py:2455: RuntimeWarning: invalid value encountered in func (vectorized)
  outputs = ufunc(*inputs)
11400
2023-11-12 04:30:36
elapsed:  22240.6  seconds
11450
2023-11-12 04:32:15
11500
2023-11-12 04:33:51
elapsed:  22435.5  seconds
11550
2023-11-12 04:35:29
11600
2023-11-12 04:37:04
elapsed:  22628.4  seconds
11650
2023-11-12 04:38:43
11700
2023-11-12 04:40:18
elapsed:  22822.8  seconds
11750
2023-11-12 04:41:55
11800
2023-11-12 04:43:32
elapsed:  23016.4  seconds
11850
2023-11-12 04:45:11
11900
2023-11-12 04:46:47
elapsed:  23211.7  seconds
11950
2023-11-12 04:48:28
12000
2023-11-12 04:50:05
elapsed:  23409.7  seconds
12050
2023-11-12 04:51:43
12100
2023-11-12 04:53:18
elapsed:  23602.2  seconds
12150
2023-11-12 04:54:56
12200
2023-11-12 04:56:32
elapsed:  23796.5  seconds
12250
2023-11-12 04:58:09
12300
2023-11-12 04:59:45
elapsed:  23989.1  seconds
12350
2023-11-12 05:01:23
12400
2023-11-12 05:03:00
elapsed:  24184.0  seconds
12450
2023-11-12 05:04:39
12500
2023-11-12 05:06:15
elapsed:  24379.9  seconds
12550
2023-11-12 05:07:55
12600
2023-11-12 05:09:32
elapsed:  24576.7  seconds
12650
2023-11-12 05:11:10
12700
2023-11-12 05:12:45
elapsed:  24769.1  seconds
12750
2023-11-12 05:14:21
12800
2023-11-12 05:15:58
elapsed:  24962.3  seconds
12850
2023-11-12 05:17:35
12900
2023-11-12 05:19:09
elapsed:  25153.6  seconds
12950
2023-11-12 05:20:48
13000
2023-11-12 05:22:24
elapsed:  25348.9  seconds
13050
2023-11-12 05:24:04
13100
2023-11-12 05:25:41
elapsed:  25545.9  seconds
13150
2023-11-12 05:27:21
13200
2023-11-12 05:28:57
elapsed:  25741.3  seconds
13250
2023-11-12 05:30:36
13300
2023-11-12 05:32:13
elapsed:  25937.8  seconds
13350
2023-11-12 05:33:53
13400
2023-11-12 05:35:30
elapsed:  26134.2  seconds
13450
2023-11-12 05:37:09
13500
2023-11-12 05:38:46
elapsed:  26330.0  seconds
13550
2023-11-12 05:40:24
13600
2023-11-12 05:41:59
elapsed:  26523.4  seconds
13650
2023-11-12 05:43:37
13700
2023-11-12 05:45:12
elapsed:  26716.8  seconds
13750
2023-11-12 05:46:49
13800
2023-11-12 05:48:25
elapsed:  26909.3  seconds
13850
2023-11-12 05:50:02
13900
2023-11-12 05:51:39
elapsed:  27103.0  seconds
13950
2023-11-12 05:53:17
14000
2023-11-12 05:54:52
elapsed:  27296.8  seconds
14050
2023-11-12 05:56:30
14100
2023-11-12 05:58:06
elapsed:  27490.2  seconds
14150
2023-11-12 05:59:43
14200
2023-11-12 06:01:16
elapsed:  27680.5  seconds
14250
2023-11-12 06:02:54
14300
2023-11-12 06:04:30
elapsed:  27874.4  seconds
14350
2023-11-12 06:06:08
14400
2023-11-12 06:07:45
elapsed:  28069.5  seconds
14450
2023-11-12 06:09:25
14500
2023-11-12 06:11:02
elapsed:  28266.3  seconds
14550
2023-11-12 06:12:42
14600
2023-11-12 06:14:20
elapsed:  28464.0  seconds
14650
2023-11-12 06:15:59
14700
2023-11-12 06:17:35
elapsed:  28659.8  seconds
14750
2023-11-12 06:19:15
14800
2023-11-12 06:20:51
elapsed:  28855.3  seconds
14850
2023-11-12 06:22:30
14900
2023-11-12 06:24:07
elapsed:  29051.5  seconds
14950
2023-11-12 06:25:46
elapsed:  29245.7  seconds
total time:  29249.6  seconds
true R:  [[5.78464231e-01 8.28597489e-01 7.27496946e-01 2.52131512e+02
  3.90815478e+01 1.09845758e-01 3.14526720e+00 6.99858613e-01
  2.62558933e+00 3.76810884e+01 4.68680734e-01 1.57415794e-01
  3.35007319e-01 3.92068102e-01 2.22485345e-01 1.64775406e-01
  3.91652004e-01 1.33994665e-01 9.28789128e+02 3.04829242e-01
  8.82358650e+01 1.28952386e+00 1.88458219e+00 9.86633543e-01
  3.31054521e-01 1.85351047e-01 3.45787333e-01 1.98149610e+00
  1.24762656e+00 3.54188925e-01 2.67568984e-01 1.40990239e+00
  2.39605436e+00 6.22698747e+02 1.75799463e+01 3.42350227e+01
  5.14015090e-01 1.08563691e+00 2.40578960e-01 1.88020483e-01
  4.15797521e-01 2.12565036e+01 5.82516610e-01 1.15940852e+01
  7.47356043e-01 4.40127721e+00 9.16157611e+00 1.61798309e-01
  8.41874076e-01 7.94805404e-01 4.52653706e-01 4.06081964e+00
  3.22748119e+00 1.24393405e+00 1.65686470e-01 2.06447650e-01
  1.70921859e+00 2.45368512e+01 9.43857769e-01 1.26854034e+00
  8.32669695e-01 1.78527100e+00 2.02013667e-01 3.59862452e+00]
 [6.36518034e-01 3.46546658e-01 9.04238754e-01 2.27393803e-01
  1.21949169e-01 2.96565239e+00 4.57195008e+00 1.24151273e+00
  1.76331509e-01 4.30965387e+00 2.83295793e+00 6.57020487e-01
  8.00560254e-02 1.68463908e+03 4.75811095e+01 4.08154205e-01
  1.75512058e+00 5.97292466e-01 2.22961661e+01 1.59175240e+01
  4.61602179e+00 6.00200263e+00 5.86528804e-01 3.15845060e+00
  5.43450174e-01 4.94108644e+00 3.28131285e-01 3.82144428e+00
  5.41881481e-01 1.64845118e+00 1.27663867e+00 7.97452886e-01
  2.83921229e-01 5.64489766e-01 1.63034426e+00 9.17128000e+01
  2.06287497e-01 2.58154369e-01 5.56132437e+00 2.69354342e+00
  7.09545006e+00 8.97217948e-01 1.20350359e+00 2.91622192e+00
  1.57313235e+00 3.93812727e-01 2.13962400e+00 1.24491439e-01
  3.54345890e+00 3.00489225e+00 4.49747531e+00 8.34433803e+02
  4.41790205e-01 5.74853137e+01 1.82733360e+00 4.30783370e-01
  1.82400455e+02 5.27605713e-02 9.69827937e-01 4.31150436e-01
  7.41388967e-01 9.80628379e-01 1.21867380e+01 6.97929491e-01]
 [1.86237047e+00 1.14182894e+01 7.20804956e-02 2.35861869e-01
  1.31023893e+00 1.35691941e+02 1.11968816e+00 4.74758219e-01
  2.39253201e-01 8.49509617e-01 3.13433724e-01 2.83593787e-01
  2.06456011e+00 1.18915065e+00 1.98048648e+00 5.97122034e-01
  1.14635713e+00 5.65860095e-01 1.50999153e+00 4.05160430e+01
  5.75141316e+01 7.25204746e+00 9.39419138e-01 3.21015663e-01
  2.80511429e-01 9.16099698e-02 4.36287852e-01 3.20144217e+00
  1.72710437e-01 2.31773601e+00 2.86698496e+00 1.02471858e+04
  1.80014539e-01 3.63174718e+01 4.24514620e+00 4.23902458e+01
  2.42519593e-01 2.79640157e-01 2.48631778e+02 3.08642393e-01
  9.69649415e+00 6.51665345e+00 2.63636337e+00 2.79907312e+00
  4.29151979e-01 9.33713869e-01 2.62609712e+01 1.49171756e-01
  1.55955353e-01 3.16548568e+03 4.70540881e-01 1.52040409e+00
  3.58079454e+01 2.32124589e+04 1.02698350e-01 3.06608554e+00
  1.53597026e+00 2.07162116e+02 1.95406317e+00 9.84314277e-01
  8.36321951e-01 3.99385665e+00 3.45659911e-01 2.35932518e+00]
 [2.89455867e+01 7.58069513e+00 9.28182241e-01 5.21679133e-01
  1.84896709e-01 1.33154931e+00 2.66748952e-01 2.29462476e+00
  2.13167726e+00 1.85944486e+00 1.10325935e+02 4.84327722e-01
  1.54842297e-01 2.94358642e+01 1.48782712e+00 1.61235873e+00
  1.26886067e-01 4.40838307e+00 4.09697718e-01 7.74236845e-01
  1.07424911e-01 6.35490180e-01 5.21996677e-01 4.65224813e-01
  2.27112431e-01 2.63217952e-01 3.76314137e-01 6.76710875e+00
  7.66167587e-01 8.10632677e-01 8.02859576e+00 1.28966229e+00
  5.95988124e-01 1.82241236e+01 2.55058215e-01 1.02525162e+00
  1.00426443e+01 4.81507515e+00 2.11799845e-01 8.50832467e-01
  2.15551607e+02 6.83500365e+01 1.68779010e+02 3.44145597e-01
  1.21426351e+00 2.97437595e+01 4.32049705e+01 1.18155260e+02
  3.23978219e+01 2.68012052e-01 2.48328825e+00 9.53930205e+00
  2.85613881e+00 3.92333644e-01 1.53746623e+00 5.32991016e-01
  2.13542906e+00 1.79775947e+00 1.49571240e+01 1.34569986e-01
  1.56994408e+00 1.28593496e+00 1.12531627e+00 4.29480124e-01]
 [1.72439882e+00 6.51319108e+01 7.92267977e+00 1.90631545e-01
  3.25523587e+00 2.61491410e-01 5.11606177e+00 5.40261839e-01
  1.73273194e+01 1.21878550e+00 1.45131557e-01 2.56157031e+01
  2.18400903e-01 2.16119684e+00 1.33901238e+00 7.08349256e+01
  1.02240756e+00 6.65111784e-01 1.27530368e+00 9.92426171e-02
  2.97509404e+00 5.82861247e-01 1.85512318e+00 2.62282089e+00
  7.29012851e+01 9.90806174e-01 8.34777519e-02 4.77360411e-01
  2.43421813e+01 1.61800180e+00 1.96094652e+00 5.82058276e-01
  7.47634354e-01 1.93502803e-01 2.83693247e+00 6.53553632e-01
  9.23877956e-01 4.26562757e+01 2.18609351e-01 4.30071403e-01
  7.19761506e-01 6.32787386e+02 2.63416785e+00 5.70368765e+00
  1.82008182e+02 1.28023549e+00 6.30727738e-01 3.71361051e-01
  1.17720020e+00 2.13663381e-01 9.09053273e-01 3.94412060e+00
  5.05183737e-01 4.05380513e-01 1.15635314e-01 9.30717716e-02
  1.16478718e+00 1.79949002e+00 1.98614151e-01 1.82563689e+00
  2.40045767e-01 2.22439796e+00 1.77218654e-01 2.38651875e-01]
 [7.08971573e-02 3.50380143e-01 1.54316683e+00 4.33999349e-01
  1.96804611e+01 7.86283133e+00 4.88847612e-01 9.81259027e-01
  3.54894305e+00 1.13202981e+02 1.12128685e+02 6.49492273e-01
  2.92890046e+00 1.09048509e+01 1.61132733e-01 6.66054127e-01
  5.02299679e+00 3.17493302e-01 9.06560358e+00 5.20175387e+00
  8.53611070e-01 2.58090766e+00 8.34302416e-01 2.65036386e+00
  4.64672646e+00 2.75523750e-01 1.63121519e+00 1.27317259e+03
  6.56686459e-01 1.21588975e+00 2.43017319e+03 5.26229072e-01
  3.27783790e-01 9.69787802e-02 4.20523612e-01 3.96892879e-01
  9.31262325e-01 1.07441836e+00 3.06888479e-01 8.29076753e+00
  3.44766914e-01 1.27957514e+00 3.18501960e+00 7.97008307e-01
  3.33144404e-01 3.69622369e+00 5.23863377e-01 4.93114189e-01
  7.83459406e-01 6.33137788e+00 1.36214919e+00 5.14808528e-01
  1.93290288e+00 1.55527135e+00 1.21988619e+00 8.25782118e+00
  5.56059912e-01 1.17280561e-01 2.12393491e+01 3.60697145e+00
  4.16446947e-01 4.04429720e-01 6.66312800e-01 1.66982936e-01]
 [2.54970216e-01 5.91273634e+00 4.98365533e+00 1.77536463e+02
  1.83175082e+00 1.04300924e+00 2.58785376e-01 2.06270882e+00
  2.00648523e+01 2.70259735e-01 5.56347921e+00 2.73307855e+00
  1.31889751e+00 5.26786244e+00 3.57151651e+00 6.32304258e+01
  6.38967191e+00 6.17301912e-01 4.13815342e+03 3.12444204e+00
  6.55320712e+00 2.21005471e+00 6.08789374e+01 3.30868177e+00
  1.34352657e+00 1.38468130e+01 2.96681173e-01 1.24567515e-01
  1.52757721e+00 1.66572640e-01 4.17209847e-01 2.54469790e+00
  5.24632807e+02 1.00242852e+00 4.56985398e-02 5.88904364e-01
  4.51108613e-01 1.36087440e+01 2.92666937e-01 1.65919328e-01
  2.41695075e-01 1.05798583e+00 5.57208494e-01 1.57089967e-01
  2.87889690e+00 7.22699271e+00 4.33752420e+01 2.27519224e-01
  9.44115266e-02 4.33090131e-01 7.84696951e-01 1.36652387e-01
  1.12253464e-01 1.16519952e+00 4.97664081e-01 1.61172210e+00
  2.58479343e+00 1.59565346e+01 1.26203853e+04 6.82541055e-01
  1.99797991e+00 1.47862753e+00 1.57875476e+01 2.77699424e+01]
 [3.90184944e-01 2.02058604e+03 1.82885894e-01 3.11690797e+00
  2.26363300e-01 6.36499839e-01 1.15606408e+00 1.90063001e+00
  1.15552382e-01 6.03509131e-01 9.64301287e-01 2.75932756e+01
  1.20732934e+00 2.51373606e-01 2.28365776e-01 8.88774599e-01
  7.73018301e-01 2.57983318e+00 6.11471854e-01 2.20522790e+00
  4.12198208e-01 3.40207087e-01 1.32438655e+00 3.74698547e+00
  1.17999876e+00 5.99744634e-01 2.13069521e-01 1.47980158e+01
  1.94494887e+00 9.40789776e+01 3.50165530e-01 5.64972352e-01
  1.27655968e+00 1.00378657e+00 1.59906337e+00 4.59419661e-01
  9.56931542e-01 5.69525395e+00 7.25356712e-01 2.94020532e-01
  2.08378325e+00 7.11656715e-02 1.40653490e+02 5.97261110e+00
  3.61976959e-01 1.00086878e+01 8.92923369e-01 2.34089298e+00
  3.60380238e+00 6.34993220e-01 2.02498307e+00 3.83543754e+01
  2.05272628e+01 2.77462895e+01 8.17391386e-02 1.97271382e+00
  5.39684179e-01 1.78527287e+00 3.45808828e-01 8.44357755e+02
  8.03126747e-01 1.03450094e+00 4.89660647e-01 9.71239332e-01]
 [2.72414800e-01 4.82521704e-01 1.12338124e+01 1.77910386e+00
  3.09323449e-01 6.78391042e+00 2.68685413e-01 4.39325407e+00
  4.86743851e-01 6.55479581e+00 2.12538110e-01 2.88701722e+00
  2.81671994e+02 4.03447452e-01 1.17667770e+00 1.41582985e+00
  7.83339557e+00 1.75035911e+01 4.34215840e-01 1.30212787e-01
  7.80368185e-02 6.64564689e+01 2.23624741e+00 1.25923352e+00
  1.15214143e+00 4.54488319e-01 7.90637212e-01 2.06912217e-01
  3.44264569e-01 2.11729122e+00 4.03251251e+00 5.47673934e-01
  2.75133798e+00 7.23638747e-01 2.26890708e-01 6.00796667e-02
  1.52699533e+01 8.86480334e-01 1.87405543e+00 7.59949903e-01
  2.71480375e+00 8.46712779e+00 2.12544725e-01 1.84537747e-01
  9.11093872e+00 1.39092371e-01 7.90453314e-01 1.05536794e-01
  3.32353921e+00 6.13974149e+01 2.46846409e+00 6.27221147e+02
  5.86403707e+00 6.31052198e+00 4.08045055e-01 2.74521896e-01
  5.60619937e+02 2.51816435e-01 7.87826332e-01 6.28990166e-01
  2.26794138e-01 1.08918397e-01 1.45973415e+00 6.57064463e-01]]
