1
50
2023-11-11 22:21:43
100
2023-11-11 22:23:35
elapsed:  220.1  seconds
150
2023-11-11 22:25:30
200
2023-11-11 22:27:23
elapsed:  448.0  seconds
250
2023-11-11 22:29:16
300
2023-11-11 22:31:08
elapsed:  673.4  seconds
350
2023-11-11 22:33:04
400
2023-11-11 22:34:57
elapsed:  901.9  seconds
450
2023-11-11 22:36:52
500
2023-11-11 22:38:45
elapsed:  1130.3  seconds
550
2023-11-11 22:40:41
600
2023-11-11 22:42:34
elapsed:  1359.4  seconds
650
2023-11-11 22:44:30
700
2023-11-11 22:46:23
elapsed:  1588.5  seconds
750
2023-11-11 22:48:19
800
2023-11-11 22:50:12
elapsed:  1817.4  seconds
850
2023-11-11 22:52:06
900
2023-11-11 22:54:00
elapsed:  2044.7  seconds
950
2023-11-11 22:55:56
1000
2023-11-11 22:57:48
elapsed:  2272.6  seconds
1050
2023-11-11 22:59:42
1100
2023-11-11 23:01:34
elapsed:  2499.2  seconds
1150
2023-11-11 23:03:27
1200
2023-11-11 23:05:20
elapsed:  2724.6  seconds
1250
2023-11-11 23:07:14
1300
2023-11-11 23:09:04
elapsed:  2948.8  seconds
1350
2023-11-11 23:10:59
1400
2023-11-11 23:12:52
elapsed:  3176.9  seconds
1450
2023-11-11 23:14:47
1500
2023-11-11 23:16:39
elapsed:  3403.8  seconds
1550
2023-11-11 23:18:31
1600
2023-11-11 23:20:23
elapsed:  3628.2  seconds
1650
2023-11-11 23:22:18
1700
2023-11-11 23:24:11
elapsed:  3856.3  seconds
1750
2023-11-11 23:26:06
1800
2023-11-11 23:27:58
elapsed:  4082.7  seconds
1850
2023-11-11 23:29:52
1900
2023-11-11 23:31:44
elapsed:  4308.9  seconds
1950
2023-11-11 23:33:39
2000
2023-11-11 23:35:32
elapsed:  4536.6  seconds
2050
2023-11-11 23:37:28
2100
2023-11-11 23:39:22
elapsed:  4767.2  seconds
2150
2023-11-11 23:41:19
2200
2023-11-11 23:43:13
elapsed:  4997.6  seconds
2250
2023-11-11 23:45:08
2300
2023-11-11 23:47:02
elapsed:  5227.4  seconds
2350
2023-11-11 23:48:58
2400
2023-11-11 23:50:52
elapsed:  5456.8  seconds
2450
2023-11-11 23:52:48
2500
2023-11-11 23:54:39
elapsed:  5684.0  seconds
2550
2023-11-11 23:56:36
2600
2023-11-11 23:58:32
elapsed:  5916.8  seconds
2650
2023-11-12 00:00:28
2700
2023-11-12 00:02:21
elapsed:  6145.9  seconds
2750
2023-11-12 00:04:17
2800
2023-11-12 00:06:12
elapsed:  6376.7  seconds
2850
2023-11-12 00:08:08
2900
2023-11-12 00:10:00
elapsed:  6604.6  seconds
2950
2023-11-12 00:11:55
3000
2023-11-12 00:13:48
elapsed:  6833.3  seconds
3050
2023-11-12 00:15:45
3100
2023-11-12 00:17:38
elapsed:  7062.6  seconds
3150
2023-11-12 00:19:33
3200
2023-11-12 00:21:28
elapsed:  7293.2  seconds
3250
2023-11-12 00:23:25
3300
2023-11-12 00:25:19
elapsed:  7524.1  seconds
3350
2023-11-12 00:27:14
/projects/muyang@colostate.edu/software/anaconda/envs/testenv/lib/python3.11/site-packages/numpy/lib/function_base.py:2455: RuntimeWarning: divide by zero encountered in func (vectorized)
  outputs = ufunc(*inputs)
/projects/muyang@colostate.edu/software/anaconda/envs/testenv/lib/python3.11/site-packages/numpy/lib/function_base.py:2455: RuntimeWarning: invalid value encountered in func (vectorized)
  outputs = ufunc(*inputs)
3400
2023-11-12 00:29:07
elapsed:  7752.1  seconds
/projects/muyang@colostate.edu/software/anaconda/envs/testenv/lib/python3.11/site-packages/numpy/lib/function_base.py:2455: RuntimeWarning: divide by zero encountered in func (vectorized)
  outputs = ufunc(*inputs)
/projects/muyang@colostate.edu/software/anaconda/envs/testenv/lib/python3.11/site-packages/numpy/lib/function_base.py:2455: RuntimeWarning: invalid value encountered in func (vectorized)
  outputs = ufunc(*inputs)
3450
2023-11-12 00:31:02
3500
2023-11-12 00:32:58
elapsed:  7982.6  seconds
3550
2023-11-12 00:34:56
3600
2023-11-12 00:36:50
elapsed:  8215.1  seconds
/projects/muyang@colostate.edu/software/anaconda/envs/testenv/lib/python3.11/site-packages/numpy/lib/function_base.py:2455: RuntimeWarning: divide by zero encountered in func (vectorized)
  outputs = ufunc(*inputs)
/projects/muyang@colostate.edu/software/anaconda/envs/testenv/lib/python3.11/site-packages/numpy/lib/function_base.py:2455: RuntimeWarning: invalid value encountered in func (vectorized)
  outputs = ufunc(*inputs)
3650
2023-11-12 00:38:47
3700
2023-11-12 00:40:42
elapsed:  8447.5  seconds
3750
2023-11-12 00:42:39
3800
2023-11-12 00:44:34
elapsed:  8679.0  seconds
3850
2023-11-12 00:46:30
3900
2023-11-12 00:48:24
elapsed:  8908.9  seconds
3950
2023-11-12 00:50:19
4000
2023-11-12 00:52:13
elapsed:  9138.1  seconds
/projects/muyang@colostate.edu/software/anaconda/envs/testenv/lib/python3.11/site-packages/numpy/lib/function_base.py:2455: RuntimeWarning: divide by zero encountered in func (vectorized)
  outputs = ufunc(*inputs)
/projects/muyang@colostate.edu/software/anaconda/envs/testenv/lib/python3.11/site-packages/numpy/lib/function_base.py:2455: RuntimeWarning: invalid value encountered in func (vectorized)
  outputs = ufunc(*inputs)
4050
2023-11-12 00:54:09
4100
2023-11-12 00:56:02
elapsed:  9367.4  seconds
4150
2023-11-12 00:57:59
4200
2023-11-12 00:59:54
elapsed:  9598.7  seconds
4250
2023-11-12 01:01:50
4300
2023-11-12 01:03:44
elapsed:  9829.3  seconds
4350
2023-11-12 01:05:40
4400
2023-11-12 01:07:35
elapsed:  10059.7  seconds
4450
2023-11-12 01:09:31
4500
2023-11-12 01:11:26
elapsed:  10291.2  seconds
4550
2023-11-12 01:13:22
4600
2023-11-12 01:15:15
elapsed:  10520.1  seconds
4650
2023-11-12 01:17:09
4700
2023-11-12 01:19:04
elapsed:  10748.7  seconds
4750
2023-11-12 01:21:00
4800
2023-11-12 01:22:53
elapsed:  10978.5  seconds
4850
2023-11-12 01:24:49
4900
2023-11-12 01:26:42
elapsed:  11207.4  seconds
4950
2023-11-12 01:28:39
5000
2023-11-12 01:30:33
elapsed:  11438.3  seconds
5050
2023-11-12 01:32:29
5100
2023-11-12 01:34:23
elapsed:  11668.0  seconds
5150
2023-11-12 01:36:20
5200
2023-11-12 01:38:13
elapsed:  11898.0  seconds
5250
2023-11-12 01:40:08
5300
2023-11-12 01:42:02
elapsed:  12127.2  seconds
5350
2023-11-12 01:43:58
5400
2023-11-12 01:45:53
elapsed:  12357.9  seconds
5450
2023-11-12 01:47:48
5500
2023-11-12 01:49:39
elapsed:  12584.4  seconds
5550
2023-11-12 01:51:34
/projects/muyang@colostate.edu/software/anaconda/envs/testenv/lib/python3.11/site-packages/numpy/lib/function_base.py:2455: RuntimeWarning: divide by zero encountered in func (vectorized)
  outputs = ufunc(*inputs)
/projects/muyang@colostate.edu/software/anaconda/envs/testenv/lib/python3.11/site-packages/numpy/lib/function_base.py:2455: RuntimeWarning: invalid value encountered in func (vectorized)
  outputs = ufunc(*inputs)
5600
2023-11-12 01:53:28
elapsed:  12813.2  seconds
5650
2023-11-12 01:55:24
5700
2023-11-12 01:57:18
elapsed:  13043.0  seconds
5750
2023-11-12 01:59:13
5800
2023-11-12 02:01:07
elapsed:  13272.3  seconds
5850
2023-11-12 02:03:04
5900
2023-11-12 02:04:57
elapsed:  13502.2  seconds
5950
2023-11-12 02:06:52
6000
2023-11-12 02:08:45
elapsed:  13730.0  seconds
6050
2023-11-12 02:10:41
6100
2023-11-12 02:12:35
elapsed:  13959.6  seconds
6150
2023-11-12 02:14:31
6200
2023-11-12 02:16:26
elapsed:  14190.7  seconds
6250
2023-11-12 02:18:21
6300
2023-11-12 02:20:16
elapsed:  14420.6  seconds
6350
2023-11-12 02:22:11
6400
2023-11-12 02:24:05
elapsed:  14649.9  seconds
6450
2023-11-12 02:26:01
6500
2023-11-12 02:27:54
elapsed:  14879.2  seconds
6550
2023-11-12 02:29:50
6600
2023-11-12 02:31:44
elapsed:  15108.8  seconds
6650
2023-11-12 02:33:40
6700
2023-11-12 02:35:34
elapsed:  15339.4  seconds
6750
2023-11-12 02:37:30
6800
2023-11-12 02:39:23
elapsed:  15568.1  seconds
6850
2023-11-12 02:41:19
/projects/muyang@colostate.edu/software/anaconda/envs/testenv/lib/python3.11/site-packages/numpy/lib/function_base.py:2455: RuntimeWarning: divide by zero encountered in func (vectorized)
  outputs = ufunc(*inputs)
/projects/muyang@colostate.edu/software/anaconda/envs/testenv/lib/python3.11/site-packages/numpy/lib/function_base.py:2455: RuntimeWarning: invalid value encountered in func (vectorized)
  outputs = ufunc(*inputs)
6900
2023-11-12 02:43:13
elapsed:  15797.7  seconds
6950
2023-11-12 02:45:08
7000
2023-11-12 02:47:02
elapsed:  16027.2  seconds
7050
2023-11-12 02:48:58
7100
2023-11-12 02:50:51
elapsed:  16255.9  seconds
7150
2023-11-12 02:52:44
7200
2023-11-12 02:54:37
elapsed:  16481.9  seconds
7250
2023-11-12 02:56:32
7300
2023-11-12 02:58:23
elapsed:  16708.2  seconds
7350
2023-11-12 03:00:18
7400
2023-11-12 03:02:11
elapsed:  16936.3  seconds
7450
2023-11-12 03:04:06
7500
2023-11-12 03:06:00
elapsed:  17164.8  seconds
7550
2023-11-12 03:07:56
7600
2023-11-12 03:09:49
elapsed:  17394.2  seconds
7650
2023-11-12 03:11:46
7700
2023-11-12 03:13:41
elapsed:  17625.8  seconds
7750
2023-11-12 03:15:36
7800
2023-11-12 03:17:30
elapsed:  17855.1  seconds
7850
2023-11-12 03:19:27
7900
2023-11-12 03:21:20
elapsed:  18085.4  seconds
7950
2023-11-12 03:23:15
8000
2023-11-12 03:25:08
elapsed:  18313.0  seconds
8050
2023-11-12 03:27:04
8100
2023-11-12 03:28:59
elapsed:  18544.0  seconds
8150
2023-11-12 03:30:55
8200
2023-11-12 03:32:50
elapsed:  18775.2  seconds
8250
2023-11-12 03:34:47
8300
2023-11-12 03:36:39
elapsed:  19004.0  seconds
8350
2023-11-12 03:38:35
8400
2023-11-12 03:40:26
elapsed:  19231.0  seconds
8450
2023-11-12 03:42:21
8500
2023-11-12 03:44:14
elapsed:  19459.2  seconds
8550
2023-11-12 03:46:11
8600
2023-11-12 03:48:05
elapsed:  19690.1  seconds
8650
2023-11-12 03:50:01
8700
2023-11-12 03:51:55
elapsed:  19920.1  seconds
8750
2023-11-12 03:53:51
8800
2023-11-12 03:55:45
elapsed:  20150.5  seconds
8850
2023-11-12 03:57:37
8900
2023-11-12 03:59:30
elapsed:  20375.6  seconds
8950
2023-11-12 04:01:25
9000
2023-11-12 04:03:19
elapsed:  20604.5  seconds
/projects/muyang@colostate.edu/software/anaconda/envs/testenv/lib/python3.11/site-packages/numpy/lib/function_base.py:2455: RuntimeWarning: divide by zero encountered in func (vectorized)
  outputs = ufunc(*inputs)
/projects/muyang@colostate.edu/software/anaconda/envs/testenv/lib/python3.11/site-packages/numpy/lib/function_base.py:2455: RuntimeWarning: invalid value encountered in func (vectorized)
  outputs = ufunc(*inputs)
9050
2023-11-12 04:05:16
9100
2023-11-12 04:07:11
elapsed:  20836.3  seconds
/projects/muyang@colostate.edu/software/anaconda/envs/testenv/lib/python3.11/site-packages/numpy/lib/function_base.py:2455: RuntimeWarning: divide by zero encountered in func (vectorized)
  outputs = ufunc(*inputs)
/projects/muyang@colostate.edu/software/anaconda/envs/testenv/lib/python3.11/site-packages/numpy/lib/function_base.py:2455: RuntimeWarning: invalid value encountered in func (vectorized)
  outputs = ufunc(*inputs)
9150
2023-11-12 04:09:08
9200
2023-11-12 04:11:03
elapsed:  21067.7  seconds
9250
2023-11-12 04:13:00
9300
2023-11-12 04:14:54
elapsed:  21299.2  seconds
9350
2023-11-12 04:16:50
9400
2023-11-12 04:18:45
elapsed:  21529.9  seconds
9450
2023-11-12 04:20:40
9500
2023-11-12 04:22:33
elapsed:  21758.2  seconds
9550
2023-11-12 04:24:27
9600
2023-11-12 04:26:21
elapsed:  21986.0  seconds
9650
2023-11-12 04:28:17
9700
2023-11-12 04:30:10
elapsed:  22215.4  seconds
9750
2023-11-12 04:32:06
9800
2023-11-12 04:34:00
elapsed:  22445.5  seconds
9850
2023-11-12 04:35:58
9900
2023-11-12 04:37:51
elapsed:  22676.5  seconds
9950
2023-11-12 04:39:48
10000
2023-11-12 04:41:41
elapsed:  22906.0  seconds
10050
2023-11-12 04:43:36
10100
2023-11-12 04:45:29
elapsed:  23134.0  seconds
10150
2023-11-12 04:47:24
10200
2023-11-12 04:49:18
elapsed:  23362.6  seconds
10250
2023-11-12 04:51:13
10300
2023-11-12 04:53:06
elapsed:  23591.5  seconds
10350
2023-11-12 04:55:02
10400
2023-11-12 04:56:55
elapsed:  23819.6  seconds
10450
2023-11-12 04:58:49
10500
2023-11-12 05:00:44
elapsed:  24049.0  seconds
10550
2023-11-12 05:02:40
10600
2023-11-12 05:04:33
elapsed:  24278.5  seconds
10650
2023-11-12 05:06:29
10700
2023-11-12 05:08:24
elapsed:  24508.7  seconds
10750
2023-11-12 05:10:21
10800
2023-11-12 05:12:13
elapsed:  24738.4  seconds
10850
2023-11-12 05:14:09
10900
2023-11-12 05:16:02
elapsed:  24967.2  seconds
10950
2023-11-12 05:17:59
11000
2023-11-12 05:19:52
elapsed:  25197.5  seconds
11050
2023-11-12 05:21:49
11100
2023-11-12 05:23:43
elapsed:  25427.9  seconds
11150
2023-11-12 05:25:39
11200
2023-11-12 05:27:33
elapsed:  25658.3  seconds
11250
2023-11-12 05:29:28
11300
2023-11-12 05:31:22
elapsed:  25886.7  seconds
11350
2023-11-12 05:33:18
11400
2023-11-12 05:35:10
elapsed:  26115.5  seconds
11450
2023-11-12 05:37:07
11500
2023-11-12 05:39:01
elapsed:  26345.6  seconds
11550
2023-11-12 05:40:55
11600
2023-11-12 05:42:49
elapsed:  26574.1  seconds
11650
2023-11-12 05:44:46
11700
2023-11-12 05:46:40
elapsed:  26804.8  seconds
11750
2023-11-12 05:48:36
11800
2023-11-12 05:50:30
elapsed:  27035.1  seconds
11850
2023-11-12 05:52:26
11900
2023-11-12 05:54:19
elapsed:  27264.2  seconds
11950
2023-11-12 05:56:15
12000
2023-11-12 05:58:09
elapsed:  27493.9  seconds
12050
2023-11-12 06:00:05
12100
2023-11-12 06:01:59
elapsed:  27724.1  seconds
12150
2023-11-12 06:03:56
12200
2023-11-12 06:05:50
elapsed:  27955.4  seconds
12250
2023-11-12 06:07:46
12300
2023-11-12 06:09:40
elapsed:  28185.1  seconds
12350
2023-11-12 06:11:37
12400
2023-11-12 06:13:31
elapsed:  28415.7  seconds
12450
2023-11-12 06:15:25
12500
2023-11-12 06:17:19
elapsed:  28643.6  seconds
12550
2023-11-12 06:19:15
12600
2023-11-12 06:21:10
elapsed:  28874.7  seconds
12650
2023-11-12 06:23:06
12700
2023-11-12 06:24:59
elapsed:  29104.4  seconds
12750
2023-11-12 06:26:56
12800
2023-11-12 06:28:49
elapsed:  29334.3  seconds
12850
2023-11-12 06:30:43
12900
2023-11-12 06:32:34
elapsed:  29559.0  seconds
12950
2023-11-12 06:34:31
13000
2023-11-12 06:36:25
elapsed:  29790.6  seconds
13050
2023-11-12 06:38:22
13100
2023-11-12 06:40:16
elapsed:  30021.3  seconds
13150
2023-11-12 06:42:13
13200
2023-11-12 06:44:07
elapsed:  30251.8  seconds
13250
2023-11-12 06:46:03
13300
2023-11-12 06:47:56
elapsed:  30481.4  seconds
13350
2023-11-12 06:49:53
13400
2023-11-12 06:51:49
elapsed:  30714.0  seconds
13450
2023-11-12 06:53:46
13500
2023-11-12 06:55:40
elapsed:  30944.9  seconds
13550
2023-11-12 06:57:37
13600
2023-11-12 06:59:33
elapsed:  31178.5  seconds
13650
2023-11-12 07:01:31
13700
2023-11-12 07:03:26
elapsed:  31411.1  seconds
/projects/muyang@colostate.edu/software/anaconda/envs/testenv/lib/python3.11/site-packages/numpy/lib/function_base.py:2455: RuntimeWarning: divide by zero encountered in func (vectorized)
  outputs = ufunc(*inputs)
/projects/muyang@colostate.edu/software/anaconda/envs/testenv/lib/python3.11/site-packages/numpy/lib/function_base.py:2455: RuntimeWarning: invalid value encountered in func (vectorized)
  outputs = ufunc(*inputs)
13750
2023-11-12 07:05:21
13800
2023-11-12 07:07:17
elapsed:  31641.7  seconds
13850
2023-11-12 07:09:13
13900
2023-11-12 07:11:07
elapsed:  31871.7  seconds
13950
2023-11-12 07:13:00
14000
2023-11-12 07:14:54
elapsed:  32098.9  seconds
14050
2023-11-12 07:16:50
/projects/muyang@colostate.edu/software/anaconda/envs/testenv/lib/python3.11/site-packages/numpy/lib/function_base.py:2455: RuntimeWarning: divide by zero encountered in func (vectorized)
  outputs = ufunc(*inputs)
/projects/muyang@colostate.edu/software/anaconda/envs/testenv/lib/python3.11/site-packages/numpy/lib/function_base.py:2455: RuntimeWarning: invalid value encountered in func (vectorized)
  outputs = ufunc(*inputs)
14100
2023-11-12 07:18:42
elapsed:  32327.1  seconds
14150
2023-11-12 07:20:39
14200
2023-11-12 07:22:31
elapsed:  32555.6  seconds
14250
2023-11-12 07:24:26
14300
2023-11-12 07:26:20
elapsed:  32785.3  seconds
14350
2023-11-12 07:28:17
14400
2023-11-12 07:30:11
elapsed:  33015.8  seconds
14450
2023-11-12 07:32:07
14500
2023-11-12 07:34:01
elapsed:  33245.8  seconds
14550
2023-11-12 07:35:58
14600
2023-11-12 07:37:52
elapsed:  33477.0  seconds
/projects/muyang@colostate.edu/software/anaconda/envs/testenv/lib/python3.11/site-packages/numpy/lib/function_base.py:2455: RuntimeWarning: divide by zero encountered in func (vectorized)
  outputs = ufunc(*inputs)
/projects/muyang@colostate.edu/software/anaconda/envs/testenv/lib/python3.11/site-packages/numpy/lib/function_base.py:2455: RuntimeWarning: invalid value encountered in func (vectorized)
  outputs = ufunc(*inputs)
14650
2023-11-12 07:39:48
14700
2023-11-12 07:41:42
elapsed:  33707.5  seconds
14750
2023-11-12 07:43:39
14800
2023-11-12 07:45:33
elapsed:  33938.2  seconds
14850
2023-11-12 07:47:29
14900
2023-11-12 07:49:23
elapsed:  34167.7  seconds
14950
2023-11-12 07:51:17
elapsed:  34394.2  seconds
total time:  34398.8  seconds
true R:  [[2.30024127e+01 7.40348725e-01 2.83660221e-01 8.10560573e-01
  9.29803488e+00 3.91637054e+00 2.65179453e-01 4.93320867e+01
  7.07343402e+01 1.97843386e-01 8.86566259e+02 4.79084713e-01
  2.64074468e+00 5.25135464e-01 1.57241102e+00 2.73396091e+01
  1.08597848e+00 3.06739279e-01 1.08702429e+01 4.70184514e+01
  8.57322101e-02 1.89545724e+00 1.35088498e+01 2.98802737e+00
  1.82061742e+00 1.25940756e-01 6.06089783e-01 1.81481690e+00
  8.56315126e+00 8.66929810e-01 8.24845009e-01 4.17621320e+00
  1.75226314e+00 3.45618642e+00 2.76545115e+00 2.37583180e-01
  6.65878952e+00 1.75044007e-01 1.18402543e-01 1.15252908e-01
  7.90835194e-01 7.40965051e-01 7.29609418e-01 1.23403386e+01
  5.76587177e-01 1.02156180e+00 1.45424404e-01 2.53654101e-01
  6.35723173e-01 2.98143344e-01 5.19110793e-01 1.86322116e+01
  2.02954948e-01 1.04025671e+03 2.69475765e-01 3.86709899e-01
  5.70109340e-01 1.00761308e-01 1.79522078e-01 7.98897309e-01
  1.35419769e+00 4.78484330e+00 3.61595762e+00 2.40339881e+01]
 [3.48897613e-01 3.76128660e+00 3.02728587e+00 1.51778148e+00
  5.86083619e+00 8.51186714e-01 1.32854686e-01 1.94460850e-01
  2.22635637e+02 5.02081919e-02 2.66706653e-01 4.95082525e-01
  4.67317016e+00 1.05828934e+01 2.25775872e+02 2.02770133e-01
  1.90670174e+00 1.15463974e-01 1.94096724e-01 1.85265180e+00
  4.92330840e+00 4.51736833e-01 7.90122496e-02 2.37593282e-01
  7.65505467e+00 1.40413504e-01 1.19447937e+02 3.22998278e-01
  1.26561521e+01 3.65843746e+00 1.63920882e+01 4.77104110e-01
  1.61965828e+00 5.51119895e-01 3.58830852e+00 2.09780140e+00
  1.51798105e+00 1.62697739e+00 2.22395663e-01 1.16471445e+01
  1.84848060e+01 6.86528543e-01 2.27360697e+00 2.40808199e-01
  1.86378820e+01 3.99649914e-01 1.40441802e+00 4.90517655e-01
  2.40763752e+03 3.83674764e+00 5.82810518e-02 2.76690063e+00
  1.61996710e+00 2.82874934e-01 2.93874002e-01 1.05272242e+00
  3.96382678e-01 2.15028499e+02 4.09626795e+00 1.35733943e-01
  2.81961310e-01 3.94848845e+00 9.18918836e-01 2.27495684e-01]
 [1.21969933e+00 1.45762539e-01 3.35358632e+00 2.36178051e+00
  2.72870856e+02 6.95081350e-01 1.19184324e+00 7.71521335e+00
  5.59711880e+00 3.05961628e-01 5.62304217e+00 1.02995251e+00
  4.79197480e+00 1.79127278e-01 1.90928481e+01 3.76619238e+01
  3.47100237e+00 2.53348286e-01 1.00534743e+00 1.62590324e+00
  3.51044430e+00 4.05182302e-01 7.71953400e+00 6.77969937e-01
  3.23324833e-01 6.25585200e-02 2.28846963e+00 4.28438587e-01
  3.60767708e-01 9.15237634e-02 2.32402022e+00 9.33160980e-02
  9.34122422e-01 2.87939896e+00 1.20285750e-01 6.34632954e-01
  5.47321053e-01 6.81274174e-01 7.68353397e-01 4.02878397e+00
  1.18612950e+00 3.58283465e-01 3.20835701e-01 8.50905337e+01
  7.11287383e+00 1.30587122e-01 3.88508956e-01 8.35829933e+00
  4.94369811e-01 1.63322968e+01 1.24983505e+00 2.16995698e+00
  2.74878193e-01 9.82561231e-02 4.50209417e-01 1.14187056e+01
  2.49558659e-01 7.88787041e-01 2.15870465e+02 2.43992262e+00
  8.33838465e+00 2.37701330e-01 1.08660055e+00 1.47686090e-01]
 [7.21139874e+00 2.74213872e-01 1.90915706e+01 6.40753781e-01
  5.56518147e-02 1.87358374e+00 1.31476410e+02 2.41088919e+01
  5.69097625e+01 1.51446317e-01 7.95674882e+00 1.36361350e-01
  1.70900179e+01 3.24179687e-01 1.30828280e+00 5.40721118e-01
  2.15066032e+00 5.09586743e+00 8.62742053e+00 6.21501751e-01
  3.21301494e-01 4.57953798e+00 3.32448580e-01 3.05488472e+01
  1.48290927e-01 7.08048184e-01 6.67354325e-01 8.30709064e+00
  6.91984124e-02 3.38325485e-01 2.68226791e-01 4.72235182e-01
  1.13936322e+00 2.47928457e+01 1.28996024e+00 8.56120993e+00
  3.83783730e-01 9.64349179e+00 3.92715399e+00 2.49229142e+00
  9.24080554e+00 5.49234103e+00 2.14129868e+00 2.71782161e+00
  1.04319501e-01 1.65074497e+00 1.15410961e+00 3.46751230e-01
  8.02348692e+00 1.28795298e+00 1.12956786e+00 1.60041080e-01
  9.98572759e-01 2.65830666e+01 5.57673426e-01 2.04668310e+00
  6.25560646e-01 8.82377487e-01 2.43756688e+01 1.62921181e-01
  3.32163849e-01 2.75137959e-01 6.49900352e+01 2.25461811e-01]
 [1.62291910e+02 5.35972232e-01 1.05878121e+00 3.81494064e+01
  2.05247353e+01 9.37761522e-01 5.14850321e-01 4.55141893e+01
  4.13856569e-01 1.85827553e+00 2.39827848e-01 4.05634410e-01
  1.58234183e-01 1.45137804e-01 1.63667644e-01 8.07928083e-01
  9.44641603e-02 3.36395911e-01 1.22020350e+00 6.92779659e+00
  1.01979889e+00 1.21157035e+00 1.03980769e+03 1.14676845e-01
  8.76101495e-01 4.09475077e-01 8.58625783e+00 2.69095482e-01
  2.82350020e-01 3.90014156e+00 2.03930840e+00 3.84706187e+00
  1.26219204e+01 8.90909909e+00 4.57119949e+04 2.26343082e+01
  1.01256314e+01 2.24850596e+00 2.35325973e+01 1.02384075e+02
  3.46336300e-01 5.96588056e-01 1.01819843e+00 6.92935490e-01
  5.69217606e-01 1.13973932e+01 6.49760073e+00 1.11703812e+00
  2.03907508e+01 6.96186798e-01 5.44827931e+00 1.52521097e-01
  4.58738731e+02 6.77055222e+03 4.14741236e-01 5.43062003e-01
  2.34408048e+00 4.25698558e+01 7.45601717e-01 1.14501762e-01
  2.09596420e-01 2.43371239e+02 1.60894309e+00 3.15328757e-01]
 [5.13593796e+01 1.01741098e-01 5.79378432e+00 3.53251092e+00
  9.38249508e+02 1.60743553e+01 2.69876980e+00 2.12814453e+00
  1.03797565e+01 3.14520785e+01 8.89404143e+00 1.47591613e-01
  3.14410144e-01 2.95450301e+01 5.35516590e-02 3.26721920e+02
  1.78889701e+00 2.52855107e+00 4.46651884e-01 1.17451468e+01
  4.97326424e+00 5.27989710e+00 9.19049925e+00 1.48279896e-01
  1.64447764e+00 2.20100043e-01 8.82381945e-02 2.06540931e+01
  4.81718233e+00 1.00722165e+01 3.24018646e+01 2.59150249e-01
  5.60746778e-01 1.92540265e+01 4.42455296e-01 9.39598982e-01
  1.85897142e-01 8.61195118e-01 3.11744944e-01 6.09314388e-01
  9.72568382e-01 4.98921602e-01 4.53749638e-01 9.17793689e-01
  3.94781961e-01 1.31913748e+00 5.61259169e-01 3.56766441e+00
  1.07994232e+00 1.01574524e-01 1.05884258e+01 1.50229902e+00
  4.74171838e-01 1.09951569e+00 3.27660793e+02 1.16764427e+00
  4.21512971e+01 1.51143638e+00 1.10064317e+01 1.06266951e+01
  1.24646910e+04 2.65358554e-01 6.81456457e-01 8.71535792e-01]
 [2.09300105e+01 2.61554730e+00 2.95137660e-01 1.79007071e-01
  6.44133858e-01 2.82728972e+03 5.60077631e+01 6.60755910e-01
  3.13702087e+00 1.10172103e-01 1.43994929e+01 4.30368777e-01
  2.29243214e+01 3.22995846e+00 6.46031036e-01 4.37224098e-01
  3.43050156e+00 6.17463961e-01 7.85625473e-01 1.70140146e-01
  2.86440398e-01 1.27812397e+00 1.63965503e+00 7.47986018e+02
  5.80352289e-01 9.00548876e+00 4.36482216e-01 5.61988617e+00
  7.44707136e-02 3.14430301e+01 2.94216704e+00 1.11266212e+00
  1.97180259e-01 5.36770750e-01 4.35310997e+00 9.05214596e-02
  2.11664755e+00 1.62543104e+00 4.25762443e-01 3.75718221e-01
  2.45836418e+00 3.50337733e-01 4.41364514e-01 1.37190624e-01
  1.60837052e+00 6.28131625e-01 1.46022256e+01 2.81332437e-01
  1.45345385e-01 2.65165071e-01 1.89127611e-01 8.28789200e+00
  4.26283272e+00 4.12827569e-01 9.95003410e+00 4.56089084e-01
  2.27886071e-01 3.57944850e+00 1.07437072e-01 3.37460811e-01
  4.42083470e-02 1.68338472e+00 4.35541849e+00 1.91910211e+02]
 [3.15998814e-01 9.91661047e-01 2.55346152e-01 2.65233427e+00
  7.44388159e-01 8.23491619e-01 1.98230155e-01 2.77816890e+00
  1.05313051e+00 3.36746440e+00 1.97695183e+01 2.83437694e-01
  5.61238968e-01 1.77052471e-01 1.34398783e-01 8.29057411e-01
  1.24681825e-01 9.71835464e+01 8.69725295e-01 4.89016695e-01
  1.24487538e+01 1.17239046e-01 4.16339850e+00 2.42710964e-01
  1.80061992e+00 8.24663035e-02 1.87718901e-01 3.85988774e+02
  2.78124518e+00 3.29499414e-01 3.68565190e+01 1.52753034e-01
  1.21502354e+02 6.74713929e+02 6.58384060e-01 1.01518094e+00
  1.74393298e+00 2.86475858e-01 6.75297917e+01 6.33256806e-01
  1.80659028e+05 5.93995331e-01 1.53854031e+01 3.05888405e-01
  2.00841949e-01 6.25546632e-01 3.36043933e-01 3.85305447e+00
  6.80796442e-02 5.97480928e+03 1.45530952e+00 4.72319082e-01
  3.99008291e+03 1.04064183e+00 3.68778911e-01 5.70003861e+00
  3.49598531e+01 7.19222726e+01 6.97137489e+00 5.65101220e-01
  3.32417765e-01 2.80767913e-01 4.69252804e+02 2.58187080e+00]
 [2.61681819e-01 6.63959069e+00 4.45634519e+00 8.36678183e+00
  2.02192696e-01 4.87715575e+00 2.88614263e+00 2.18377926e+00
  2.71588152e-01 6.58745011e+00 9.76423261e-01 6.61934871e+01
  2.15993747e+00 6.30962035e-01 2.43822425e-01 2.19432077e-01
  2.05195898e+00 4.02981777e-01 3.63289147e-01 1.59212809e+00
  1.95136522e-01 2.42349304e+00 2.35000552e+00 1.97290951e-01
  3.06141521e-01 2.69128884e+01 1.74830738e-01 1.90499088e+00
  2.23459694e+00 4.14902370e-01 7.36187176e+00 8.99313009e-01
  4.17308014e-01 6.32463043e-01 7.59921128e+02 1.19205821e+00
  1.77992103e-01 3.75849955e-01 1.19118496e-01 1.09828563e+02
  1.08163595e+01 1.38792905e+00 2.36653399e+00 3.39572961e+00
  1.40592836e+00 5.23396800e-01 1.05448493e+00 9.16713368e-01
  2.50934353e+03 5.63283773e+03 2.22037782e+00 1.60310525e+00
  2.26878600e+00 1.14109808e-01 4.68924890e-01 2.99681322e-01
  6.07777940e-01 1.90983483e+00 2.20603944e+00 2.76786869e+00
  9.23397596e-01 6.53939682e-01 8.84107710e-01 4.46311280e-01]]
