--------------------------------------------------------------------------
No OpenFabrics connection schemes reported that they were able to be
used on a specific port.  As such, the openib BTL (OpenFabrics
support) will be disabled for this port.

  Local host:           c3cpu-a2-u15-3
  Local device:         mlx5_0
  Local port:           1
  CPCs attempted:       rdmacm, udcm
--------------------------------------------------------------------------
[c3cpu-a2-u15-3.rc.int.colorado.edu:3991144] 63 more processes have sent help message help-mpi-btl-openib-cpc-base.txt / no cpcs for port
[c3cpu-a2-u15-3.rc.int.colorado.edu:3991144] Set MCA parameter "orte_base_help_aggregate" to 0 to see all help / error messages
1
50
2023-11-17 16:02:28
100
2023-11-17 16:04:20
elapsed:  222.1  seconds
150
2023-11-17 16:06:20
200
2023-11-17 16:08:18
elapsed:  460.7  seconds
250
2023-11-17 16:10:17
300
2023-11-17 16:12:14
elapsed:  696.3  seconds
350
2023-11-17 16:14:12
400
2023-11-17 16:16:09
elapsed:  931.8  seconds
450
2023-11-17 16:18:09
500
2023-11-17 16:20:05
elapsed:  1167.5  seconds
550
2023-11-17 16:22:05
600
2023-11-17 16:24:03
elapsed:  1405.1  seconds
650
2023-11-17 16:26:01
700
2023-11-17 16:27:58
elapsed:  1640.7  seconds
750
2023-11-17 16:29:57
800
2023-11-17 16:31:53
elapsed:  1875.4  seconds
850
2023-11-17 16:33:50
900
2023-11-17 16:35:46
elapsed:  2108.5  seconds
950
2023-11-17 16:37:44
1000
2023-11-17 16:39:37
elapsed:  2339.8  seconds
1050
2023-11-17 16:41:33
1100
2023-11-17 16:43:27
elapsed:  2569.6  seconds
1150
2023-11-17 16:45:27
1200
2023-11-17 16:47:23
elapsed:  2805.4  seconds
1250
2023-11-17 16:49:22
1300
2023-11-17 16:51:21
elapsed:  3043.1  seconds
1350
2023-11-17 16:53:20
1400
2023-11-17 16:55:18
elapsed:  3280.3  seconds
1450
2023-11-17 16:57:14
1500
2023-11-17 16:59:12
elapsed:  3514.7  seconds
1550
2023-11-17 17:01:13
1600
2023-11-17 17:03:09
elapsed:  3751.7  seconds
1650
2023-11-17 17:05:06
1700
2023-11-17 17:07:05
elapsed:  3987.2  seconds
1750
2023-11-17 17:09:06
1800
2023-11-17 17:11:03
elapsed:  4225.3  seconds
1850
2023-11-17 17:13:00
1900
2023-11-17 17:14:55
elapsed:  4457.1  seconds
1950
2023-11-17 17:16:51
2000
2023-11-17 17:18:46
elapsed:  4688.8  seconds
2050
2023-11-17 17:20:42
2100
2023-11-17 17:22:36
elapsed:  4918.4  seconds
2150
2023-11-17 17:24:32
2200
2023-11-17 17:26:28
elapsed:  5150.2  seconds
2250
2023-11-17 17:28:24
2300
2023-11-17 17:30:17
elapsed:  5379.2  seconds
2350
2023-11-17 17:32:11
2400
2023-11-17 17:34:03
elapsed:  5605.2  seconds
2450
2023-11-17 17:35:59
2500
2023-11-17 17:37:54
elapsed:  5835.9  seconds
2550
2023-11-17 17:39:48
2600
2023-11-17 17:41:45
elapsed:  6067.1  seconds
2650
2023-11-17 17:43:42
2700
2023-11-17 17:45:39
elapsed:  6301.5  seconds
2750
2023-11-17 17:47:38
2800
2023-11-17 17:49:36
elapsed:  6537.9  seconds
2850
2023-11-17 17:51:34
2900
2023-11-17 17:53:28
elapsed:  6770.6  seconds
2950
2023-11-17 17:55:26
3000
2023-11-17 17:57:19
elapsed:  7001.0  seconds
3050
2023-11-17 17:59:13
3100
2023-11-17 18:01:08
elapsed:  7230.6  seconds
3150
2023-11-17 18:03:07
3200
2023-11-17 18:05:04
elapsed:  7466.0  seconds
3250
2023-11-17 18:07:02
3300
2023-11-17 18:09:00
elapsed:  7702.1  seconds
3350
2023-11-17 18:10:58
3400
2023-11-17 18:12:52
elapsed:  7934.7  seconds
3450
2023-11-17 18:14:48
3500
2023-11-17 18:16:45
elapsed:  8167.3  seconds
3550
2023-11-17 18:18:44
3600
2023-11-17 18:20:41
elapsed:  8403.1  seconds
3650
2023-11-17 18:22:39
3700
2023-11-17 18:24:36
elapsed:  8638.2  seconds
3750
2023-11-17 18:26:34
3800
2023-11-17 18:28:32
elapsed:  8874.6  seconds
3850
2023-11-17 18:30:30
3900
2023-11-17 18:32:26
elapsed:  9108.3  seconds
3950
2023-11-17 18:34:23
4000
2023-11-17 18:36:21
elapsed:  9342.9  seconds
4050
2023-11-17 18:38:19
4100
2023-11-17 18:40:14
elapsed:  9576.0  seconds
4150
2023-11-17 18:42:11
4200
2023-11-17 18:44:09
elapsed:  9811.8  seconds
4250
2023-11-17 18:46:07
4300
2023-11-17 18:48:03
elapsed:  10045.5  seconds
4350
2023-11-17 18:50:00
4400
2023-11-17 18:51:56
elapsed:  10278.1  seconds
4450
2023-11-17 18:53:52
4500
2023-11-17 18:55:48
elapsed:  10510.1  seconds
4550
2023-11-17 18:57:46
4600
2023-11-17 18:59:43
elapsed:  10745.4  seconds
4650
2023-11-17 19:01:43
4700
2023-11-17 19:03:40
elapsed:  10982.5  seconds
4750
2023-11-17 19:05:39
4800
2023-11-17 19:07:36
elapsed:  11218.0  seconds
4850
2023-11-17 19:09:35
4900
2023-11-17 19:11:32
elapsed:  11454.5  seconds
4950
2023-11-17 19:13:31
5000
2023-11-17 19:15:25
elapsed:  11687.6  seconds
5050
2023-11-17 19:17:23
5100
2023-11-17 19:19:18
elapsed:  11920.0  seconds
5150
2023-11-17 19:21:16
5200
2023-11-17 19:23:12
elapsed:  12154.4  seconds
5250
2023-11-17 19:25:09
5300
2023-11-17 19:27:07
elapsed:  12389.2  seconds
5350
2023-11-17 19:29:05
5400
2023-11-17 19:31:01
elapsed:  12623.6  seconds
5450
2023-11-17 19:32:59
5500
2023-11-17 19:34:53
elapsed:  12854.9  seconds
5550
2023-11-17 19:36:51
5600
2023-11-17 19:38:48
elapsed:  13090.1  seconds
5650
2023-11-17 19:40:46
5700
2023-11-17 19:42:43
elapsed:  13325.6  seconds
5750
2023-11-17 19:44:42
5800
2023-11-17 19:46:40
elapsed:  13562.6  seconds
5850
2023-11-17 19:48:42
5900
2023-11-17 19:50:39
elapsed:  13801.0  seconds
5950
2023-11-17 19:52:36
6000
2023-11-17 19:54:33
elapsed:  14035.0  seconds
6050
2023-11-17 19:56:29
6100
2023-11-17 19:58:25
elapsed:  14267.5  seconds
6150
2023-11-17 20:00:24
6200
2023-11-17 20:02:20
elapsed:  14502.7  seconds
6250
2023-11-17 20:04:16
6300
2023-11-17 20:06:08
elapsed:  14730.8  seconds
6350
2023-11-17 20:08:08
6400
2023-11-17 20:10:04
elapsed:  14966.8  seconds
6450
2023-11-17 20:12:05
6500
2023-11-17 20:14:05
elapsed:  15206.9  seconds
6550
2023-11-17 20:16:07
6600
2023-11-17 20:18:07
elapsed:  15448.9  seconds
6650
2023-11-17 20:20:08
6700
2023-11-17 20:22:08
elapsed:  15690.1  seconds
6750
2023-11-17 20:24:08
6800
2023-11-17 20:26:06
elapsed:  15928.0  seconds
6850
2023-11-17 20:28:04
6900
2023-11-17 20:29:59
elapsed:  16161.3  seconds
6950
2023-11-17 20:31:56
7000
2023-11-17 20:33:51
elapsed:  16393.4  seconds
7050
2023-11-17 20:35:49
7100
2023-11-17 20:37:45
elapsed:  16626.8  seconds
7150
2023-11-17 20:39:40
7200
2023-11-17 20:41:35
elapsed:  16857.7  seconds
7250
2023-11-17 20:43:32
7300
2023-11-17 20:45:31
elapsed:  17093.5  seconds
7350
2023-11-17 20:47:29
7400
2023-11-17 20:49:25
elapsed:  17327.6  seconds
7450
2023-11-17 20:51:25
7500
2023-11-17 20:53:22
elapsed:  17564.2  seconds
7550
2023-11-17 20:55:20
7600
2023-11-17 20:57:18
elapsed:  17800.0  seconds
7650
2023-11-17 20:59:17
7700
2023-11-17 21:01:14
elapsed:  18036.7  seconds
7750
2023-11-17 21:03:13
7800
2023-11-17 21:05:10
elapsed:  18272.6  seconds
7850
2023-11-17 21:07:06
7900
2023-11-17 21:09:02
elapsed:  18504.3  seconds
7950
2023-11-17 21:10:59
8000
2023-11-17 21:12:53
elapsed:  18735.1  seconds
8050
2023-11-17 21:14:49
8100
2023-11-17 21:16:45
elapsed:  18967.3  seconds
8150
2023-11-17 21:18:42
8200
2023-11-17 21:20:40
elapsed:  19201.9  seconds
8250
2023-11-17 21:22:39
8300
2023-11-17 21:24:36
elapsed:  19438.4  seconds
8350
2023-11-17 21:26:34
8400
2023-11-17 21:28:31
elapsed:  19673.1  seconds
8450
2023-11-17 21:30:27
8500
2023-11-17 21:32:23
elapsed:  19905.3  seconds
8550
2023-11-17 21:34:22
8600
2023-11-17 21:36:18
elapsed:  20140.6  seconds
8650
2023-11-17 21:38:17
8700
2023-11-17 21:40:14
elapsed:  20376.7  seconds
8750
2023-11-17 21:42:11
8800
2023-11-17 21:44:05
elapsed:  20607.4  seconds
8850
2023-11-17 21:46:03
8900
2023-11-17 21:48:00
elapsed:  20842.2  seconds
8950
2023-11-17 21:49:59
9000
2023-11-17 21:51:58
elapsed:  21080.3  seconds
9050
2023-11-17 21:53:57
9100
2023-11-17 21:55:55
elapsed:  21317.4  seconds
9150
2023-11-17 21:57:54
9200
2023-11-17 21:59:52
elapsed:  21554.5  seconds
9250
2023-11-17 22:01:53
9300
2023-11-17 22:03:52
elapsed:  21794.2  seconds
9350
2023-11-17 22:05:51
9400
2023-11-17 22:07:49
elapsed:  22031.4  seconds
9450
2023-11-17 22:09:45
9500
2023-11-17 22:11:45
elapsed:  22266.9  seconds
9550
2023-11-17 22:13:44
9600
2023-11-17 22:15:41
elapsed:  22502.9  seconds
9650
2023-11-17 22:17:40
9700
2023-11-17 22:19:37
elapsed:  22739.7  seconds
9750
2023-11-17 22:21:38
9800
2023-11-17 22:23:37
elapsed:  22979.1  seconds
9850
2023-11-17 22:25:37
9900
2023-11-17 22:27:34
elapsed:  23216.3  seconds
9950
2023-11-17 22:29:33
elapsed:  23453.3  seconds
total time:  23457.2  seconds
true R:  [[8.63811363e-02 4.39477632e-01 1.74421765e+01 1.59241575e-01
  8.17073619e-01 1.00946800e+00 3.76558750e+00 7.49044266e+00
  1.37809865e+02 2.17431450e+00 5.91209812e+00 6.51059083e-01
  1.51425944e+00 3.93474800e-01 2.61536153e-01 3.54596074e+02
  3.23517660e-01 9.81557482e-01 1.14442443e+00 7.38211445e-01
  2.09078012e+00 1.23502277e+01 6.84448321e+01 6.86877193e-01
  6.26035669e+01 3.14354692e-01 7.18474395e-01 5.58959338e-01
  6.81673356e-01 2.66621609e+00 3.04100946e-01 2.55240850e-01
  1.21987668e+01 1.20013120e+01 1.88203699e+00 4.12290455e-01
  6.50388720e-01 8.36323157e-01 4.31653577e-01 1.08034027e+00
  2.51664755e-01 2.75500768e-01 1.94950609e+02 1.29528503e-01
  3.36516372e-01 1.50465924e+00 1.08808645e+00 8.77551327e+00
  1.11268311e+01 4.66212735e+00 5.15915104e+01 4.24000270e+00
  7.83392291e+00 3.10298512e-01 2.26530034e-01 7.01505102e-01
  5.15419667e+00 4.60287756e-01 1.85818118e-01 1.49383893e+01
  2.48882738e+01 1.35941316e+00 3.52477714e+00 2.57400114e+00]
 [2.66958399e+00 8.19258036e-01 5.86567779e+00 1.77436907e+00
  1.58191056e-01 3.77532928e-01 1.08752515e+00 7.63430583e-01
  7.78144043e+00 1.84845342e-01 5.18693575e+00 4.31764035e-01
  7.87323847e+00 4.18968285e-01 2.46638636e-01 3.01369974e+01
  1.44488052e+00 2.33472379e-01 4.48675957e-01 1.04834709e+00
  1.10310025e+01 7.62166735e-02 1.16946868e+00 8.00215938e-01
  3.27854215e+01 3.48026437e-01 3.79816515e+00 5.07625622e-01
  4.38412860e-01 1.64753848e-01 1.18043113e+00 4.43955270e+00
  8.35634473e-01 1.14370079e+01 5.01359447e-01 1.48934755e-01
  4.63807094e+00 1.72234082e-01 1.27911303e+00 1.23084640e+00
  2.42809534e-01 1.60731623e-01 2.82376734e-01 1.20750682e+00
  9.78207812e-01 3.47486361e+01 1.13702622e+00 1.91357268e-01
  2.20851830e-01 3.44699671e-01 5.94891851e-01 1.01888808e+00
  2.01919945e+00 7.37877618e-01 6.59823337e-01 1.59500644e+00
  2.40686466e-01 9.80938255e+00 9.76739760e-01 5.19134812e+01
  5.11100928e-01 2.18000384e-01 1.18716871e+00 1.49360654e+04]
 [8.96236956e-02 1.11060254e+00 2.49208747e-01 4.84018512e-01
  3.98301287e-01 4.43779096e-01 3.27759202e+00 4.36416474e-01
  4.46819705e+01 6.77111162e+01 1.70198330e-01 4.14002685e-01
  2.50847891e+00 1.59770760e+00 8.03891040e+00 7.23942962e+00
  2.33015240e+00 1.65199921e+00 7.52221017e+00 6.50437515e-01
  6.29361773e-01 1.73737830e-01 3.70913801e+01 4.93730101e+02
  1.40580500e+00 3.27818444e+01 1.25476400e+01 1.58812746e-01
  1.24668972e+00 6.22653488e-02 9.36723460e-01 3.68805533e-01
  7.58371101e+00 4.15947062e-01 5.70685531e-01 6.06528561e-01
  8.15747578e+00 6.98949118e-01 5.12803357e-01 4.06744684e-01
  2.45256304e+00 1.31260644e+02 3.31187896e-01 3.93812455e+00
  2.01513767e-01 7.29859690e-01 2.87158131e+00 8.38433665e-01
  9.66080349e-01 1.72071138e+01 4.74953978e+00 3.07058136e+00
  4.23874248e+00 8.88862793e-01 6.86107855e+00 1.32438239e+02
  1.92985168e+00 2.90741578e-01 2.25187497e-01 1.14397591e-01
  8.30135503e+00 3.24336918e+00 2.28473829e-01 1.45582274e+00]
 [6.64798362e+00 1.20600177e+00 2.22253463e-01 5.37432891e-01
  6.14837419e-01 8.87873057e+00 3.66553564e-01 1.88256504e+00
  6.73263640e-01 3.15511395e+01 9.53122045e+00 1.94290681e+01
  4.23243432e-01 1.59183898e-01 2.08138259e-01 6.40589119e-01
  3.63681139e+00 9.45418223e-01 2.80794769e-01 3.71285746e+01
  2.61949197e-01 1.62452451e-01 2.89233588e+00 5.85552639e+03
  8.15138852e+00 1.27357328e+00 1.27092683e+00 1.60979766e+00
  4.33892050e+00 2.23746212e-01 3.35982481e-01 3.93036820e-01
  1.20331825e+02 4.77841555e-01 3.54747530e+00 9.99867232e-01
  1.54344543e+01 1.21922091e+00 5.95986897e-01 4.57972147e-01
  4.25171375e-01 2.44460288e+00 2.70734569e-01 1.80277863e+00
  3.27000350e-01 4.80386555e-01 2.01859560e+00 4.57473928e-01
  1.40447791e+00 2.55499104e-01 7.59029417e-02 6.82620645e-01
  2.65495877e-01 4.77007780e-01 7.63386865e+01 1.82071069e+00
  6.43404005e-01 3.29512798e-01 4.73208214e-01 1.11592528e+01
  2.57202013e+00 1.76854954e+01 1.74238507e+00 3.38802873e+00]
 [6.74047662e-01 4.66985647e+01 9.77363008e-01 2.86570873e-01
  1.54474574e+00 4.31155337e+00 1.68069575e+00 3.97721566e-01
  1.54096639e+00 1.44756276e+01 8.60177053e-01 2.64720883e-01
  1.90140306e-01 4.48358776e-01 4.78688191e-01 2.61321192e+02
  1.45390573e-01 8.34424576e-01 1.51200296e-01 6.40387636e-01
  5.77527992e-01 1.24531885e-01 4.56506908e+00 2.11352961e+00
  1.07181822e+00 3.55342839e+00 1.62076876e+01 5.66789820e+01
  1.41288258e-01 4.07363798e+01 1.68597486e-01 1.03501186e+00
  5.13880396e-01 1.98827273e+01 2.46656607e+00 3.72363193e-01
  3.29383055e-01 2.84702442e-01 9.28880987e-01 4.10517008e+00
  2.50524979e-01 1.32952032e+00 1.71154439e+00 9.08803020e+00
  2.45856244e-01 5.00805557e-01 4.10258438e-01 4.17552813e-01
  6.63052426e-01 4.33822341e-01 1.26441537e+00 1.73563539e-01
  2.67717457e+02 5.30418124e-01 1.37902706e-01 4.20877872e-01
  6.33369605e-01 1.82098099e-01 1.53238669e+00 1.18893641e+01
  2.56195465e+00 2.62074446e+01 3.95958259e+00 1.16458116e+01]
 [9.75096999e+00 4.44542256e-01 1.24651658e+02 2.45941961e-01
  2.02262642e-01 1.50095600e+03 4.16085939e-01 1.96950069e-01
  6.20800918e+00 1.47643220e+00 7.73653282e-01 2.03019007e+00
  2.26778058e+01 4.36994858e-01 3.28029977e+00 3.62853864e+00
  2.22432225e-01 3.53719522e+00 7.48264305e+01 5.85640205e+00
  8.66748518e-01 5.30825701e+00 4.10586435e+01 4.40971540e-01
  3.80493277e-02 8.87569826e-01 2.64968172e-01 1.39348503e+00
  1.28073974e+00 3.87627861e+01 3.74385064e-01 5.49712420e+01
  1.40588204e+01 2.27376690e+00 3.62103201e+00 1.90318957e-01
  2.43572447e+03 7.79416261e-01 1.73780984e+01 2.11093231e+00
  3.09649646e-01 6.84276329e-01 8.68911517e-01 8.13702154e+00
  6.96918426e+00 2.22883036e+00 2.00006011e+02 7.09366985e-01
  1.07315229e+00 1.15256773e+00 1.34174285e+02 6.43278883e+00
  1.08423112e+01 4.19571631e-01 4.95318986e-01 1.62675557e-01
  1.48645470e-01 3.62684450e-01 4.85534477e-01 9.07831998e+00
  5.24305649e-01 2.30901836e-01 1.08512627e+00 5.32486567e-01]
 [1.53429852e+00 1.14177592e+01 1.28074975e+00 1.16181637e+02
  3.48639235e-01 1.71034553e+01 9.95935010e+00 4.20332754e+00
  5.07180332e-01 2.03780764e-01 2.03997598e+00 2.43474251e-01
  3.36782774e+00 2.21543184e+00 3.46431440e+02 2.64021119e-01
  2.84629887e-01 8.84932228e-02 1.01045044e+01 6.46449125e-02
  1.16171857e+00 5.66854478e-01 1.75893692e-01 6.36780767e-01
  5.82437863e+00 8.61045151e-01 1.62087206e+00 1.73312209e+02
  3.28412720e+01 1.73030698e-01 2.76719448e-01 3.18212518e-01
  4.98798544e+02 2.62504632e-01 3.85645465e-01 2.23406314e+00
  4.33488601e-01 1.04807622e+00 1.22024940e+00 3.53188514e-01
  1.15095136e+02 1.66584536e+01 1.55207366e+01 2.12796648e+00
  3.00501962e-01 5.98233116e+00 5.35985289e-01 1.43198304e+00
  2.94020136e+00 2.37328002e-01 5.60723944e-01 2.30784269e+01
  3.60989667e-01 2.06330940e+00 4.87013335e-01 2.32273080e-01
  9.66950844e-01 6.17674665e-01 4.03463075e-01 1.34417254e+00
  1.35168088e+00 3.24533096e-01 1.37123559e+00 6.68591899e+00]
 [1.54918454e+00 1.22044977e+00 1.15531525e-01 7.45183914e+00
  2.24418582e+00 6.64670199e+02 2.79326490e+01 1.05287344e+01
  3.87096104e+01 1.04470169e+00 4.89955170e-01 4.08842618e-01
  8.83553188e-02 5.63447232e-01 5.06538190e-01 4.63796667e-01
  2.83801029e+01 5.37081374e+00 1.18949686e+00 1.17829241e-01
  1.69161823e-01 6.16977051e-01 6.16612577e-01 8.68444248e-01
  2.06162653e+00 4.80084851e-01 1.89195487e-01 7.00763918e-01
  8.52355717e-01 2.00125594e-01 3.02980767e-01 9.64375296e-02
  1.08202191e-01 7.57765533e+00 2.10075122e-01 3.68102486e+00
  5.44167390e-01 3.66740034e+01 6.61410200e-01 1.30849040e-01
  8.01673505e-01 2.94262645e-01 4.20343563e-01 6.36846555e+00
  3.73488370e-01 2.08455932e+01 3.23300526e+01 1.94152359e+00
  7.16403740e+00 1.44874645e+02 3.13200099e-01 6.89760954e-02
  1.56032791e-01 1.75100725e-01 1.21178703e+00 1.23356149e-01
  5.55449295e+00 2.69884128e+02 6.05906230e+00 1.93370818e+01
  1.05240536e+00 3.50803625e+00 2.21060221e-01 1.03461707e-01]
 [7.26519753e-01 3.39752695e-01 6.75304699e-01 4.07209837e+00
  5.77472023e-01 1.16948767e+01 1.55108130e+00 2.97479394e-01
  6.24906264e-01 5.33598116e-01 7.86974171e+01 4.93806852e+00
  2.94102179e+00 1.48673718e+00 2.66137408e-01 1.18642137e+01
  9.73822779e+00 7.92943239e-01 5.17431548e-01 4.04939881e-01
  2.13499196e+00 1.63238407e+00 6.09181677e-01 1.92850633e-01
  4.68449262e-01 3.89264626e+01 3.14440523e-01 2.74685504e-01
  1.61959666e+00 4.80080692e+02 2.29479718e+05 1.59870924e+00
  5.42308856e-01 1.49641561e+01 7.62540701e-01 1.48224117e-01
  2.61022918e+02 5.33916877e+00 9.63754237e+02 4.34787257e+00
  5.78142274e-01 2.51313955e-01 1.22631695e+01 5.24054340e-01
  6.86302260e-01 2.24880205e+01 1.32067097e-01 2.36336982e-01
  1.74646000e-01 1.06129812e+01 9.66063483e-01 8.67904537e-01
  4.81461502e-01 1.57486251e+01 7.32418496e+00 5.91206827e-01
  1.04367954e+01 4.50056790e-01 8.52983353e-01 1.14928953e+00
  2.30870698e+00 1.46419659e-01 7.69143421e-01 3.47567563e-01]
 [2.50526445e-01 8.36393568e+00 2.86031363e-01 2.35251857e+01
  1.16992136e+01 2.31747880e+01 3.18709014e-01 1.27909713e-01
  1.42916180e-01 5.97059120e-01 3.56494607e+00 2.09992229e+00
  6.10563449e-01 4.80065131e-01 3.74503184e+01 2.64017240e+00
  1.95177109e-01 2.79015881e+02 2.01526577e+00 2.14503697e-01
  2.36038352e+00 1.65090695e+00 3.04421587e+00 2.01175848e-01
  2.07489398e+00 6.54573230e-02 1.46373567e+00 2.10286041e+01
  2.35522205e+01 4.32562525e-01 1.08612281e+00 4.77719162e+00
  3.48727629e+02 4.13220098e-01 2.72204533e+00 4.92334547e-01
  3.35957344e+00 1.74099645e-01 4.46720711e+00 8.27955509e+00
  2.05741659e+01 1.48079650e+01 1.11459314e+01 2.31017603e+02
  6.32370372e-01 6.04687360e+00 2.51725418e-01 7.76391295e-01
  1.64452973e-01 4.85559168e+00 1.96882402e+00 8.67614377e-01
  1.18734964e+01 7.44568471e-01 2.05198947e+02 1.28040837e+00
  1.39892360e+00 7.34642256e+00 7.35731736e-01 8.56822473e+00
  3.52379231e+00 2.12533268e+00 5.10704190e+00 1.81822600e+00]]
