1
50
2023-11-14 19:30:38
100
2023-11-14 19:32:53
elapsed:  268.6  seconds
150
2023-11-14 19:35:09
200
2023-11-14 19:37:21
elapsed:  536.4  seconds
250
2023-11-14 19:39:35
300
2023-11-14 19:41:46
elapsed:  801.2  seconds
350
2023-11-14 19:43:59
400
2023-11-14 19:46:12
elapsed:  1067.2  seconds
450
2023-11-14 19:48:24
500
2023-11-14 19:50:34
elapsed:  1329.1  seconds
550
2023-11-14 19:52:45
600
2023-11-14 19:54:56
elapsed:  1590.9  seconds
650
2023-11-14 19:57:09
700
2023-11-14 19:59:20
elapsed:  1855.0  seconds
750
2023-11-14 20:01:34
800
2023-11-14 20:03:45
elapsed:  2119.9  seconds
850
2023-11-14 20:05:57
900
2023-11-14 20:08:08
elapsed:  2382.9  seconds
950
2023-11-14 20:10:20
1000
2023-11-14 20:12:33
elapsed:  2647.9  seconds
1050
2023-11-14 20:14:49
1100
2023-11-14 20:17:02
elapsed:  2917.6  seconds
1150
2023-11-14 20:19:16
1200
2023-11-14 20:21:29
elapsed:  3184.4  seconds
1250
2023-11-14 20:23:44
1300
2023-11-14 20:25:56
elapsed:  3451.7  seconds
1350
2023-11-14 20:28:08
1400
2023-11-14 20:30:17
elapsed:  3711.8  seconds
1450
2023-11-14 20:32:27
1500
2023-11-14 20:34:37
elapsed:  3971.8  seconds
1550
2023-11-14 20:36:51
1600
2023-11-14 20:39:04
elapsed:  4239.0  seconds
1650
2023-11-14 20:41:19
1700
2023-11-14 20:43:31
elapsed:  4506.7  seconds
1750
2023-11-14 20:45:46
1800
2023-11-14 20:47:59
elapsed:  4774.5  seconds
1850
2023-11-14 20:50:17
1900
2023-11-14 20:52:32
elapsed:  5047.0  seconds
1950
2023-11-14 20:54:48
2000
2023-11-14 20:57:03
elapsed:  5318.7  seconds
2050
2023-11-14 20:59:19
2100
2023-11-14 21:01:33
elapsed:  5588.2  seconds
2150
2023-11-14 21:03:47
2200
2023-11-14 21:06:01
elapsed:  5855.8  seconds
2250
2023-11-14 21:08:14
2300
2023-11-14 21:10:26
elapsed:  6120.8  seconds
2350
2023-11-14 21:12:40
2400
2023-11-14 21:14:52
elapsed:  6387.5  seconds
2450
2023-11-14 21:17:07
2500
2023-11-14 21:19:20
elapsed:  6655.3  seconds
2550
2023-11-14 21:21:34
2600
2023-11-14 21:23:48
elapsed:  6923.5  seconds
2650
2023-11-14 21:26:01
2700
2023-11-14 21:28:17
elapsed:  7192.2  seconds
2750
2023-11-14 21:30:33
2800
2023-11-14 21:32:47
elapsed:  7462.7  seconds
2850
2023-11-14 21:35:03
2900
2023-11-14 21:37:15
elapsed:  7730.7  seconds
2950
2023-11-14 21:39:30
3000
2023-11-14 21:41:44
elapsed:  7999.4  seconds
3050
2023-11-14 21:43:59
3100
2023-11-14 21:46:12
elapsed:  8266.9  seconds
3150
2023-11-14 21:48:29
3200
2023-11-14 21:50:43
elapsed:  8538.2  seconds
3250
2023-11-14 21:52:58
3300
2023-11-14 21:55:11
elapsed:  8806.4  seconds
3350
2023-11-14 21:57:26
3400
2023-11-14 21:59:39
elapsed:  9074.5  seconds
3450
2023-11-14 22:01:51
3500
2023-11-14 22:04:04
elapsed:  9339.4  seconds
3550
2023-11-14 22:06:19
3600
2023-11-14 22:08:32
elapsed:  9607.3  seconds
3650
2023-11-14 22:10:46
/projects/muyang@colostate.edu/software/anaconda/envs/testenv/lib/python3.11/site-packages/numpy/lib/function_base.py:2455: RuntimeWarning: divide by zero encountered in func (vectorized)
  outputs = ufunc(*inputs)
/projects/muyang@colostate.edu/software/anaconda/envs/testenv/lib/python3.11/site-packages/numpy/lib/function_base.py:2455: RuntimeWarning: invalid value encountered in func (vectorized)
  outputs = ufunc(*inputs)
3700
2023-11-14 22:12:59
elapsed:  9873.8  seconds
3750
2023-11-14 22:15:15
3800
2023-11-14 22:17:28
elapsed:  10143.5  seconds
3850
2023-11-14 22:19:46
3900
2023-11-14 22:22:01
elapsed:  10416.6  seconds
3950
2023-11-14 22:24:19
4000
2023-11-14 22:26:35
elapsed:  10689.9  seconds
4050
2023-11-14 22:28:51
4100
2023-11-14 22:31:05
elapsed:  10960.5  seconds
4150
2023-11-14 22:33:22
4200
2023-11-14 22:35:36
elapsed:  11231.0  seconds
4250
2023-11-14 22:37:52
4300
2023-11-14 22:40:07
elapsed:  11502.0  seconds
4350
2023-11-14 22:42:24
4400
2023-11-14 22:44:37
elapsed:  11772.0  seconds
4450
2023-11-14 22:46:52
4500
2023-11-14 22:49:06
elapsed:  12041.5  seconds
4550
2023-11-14 22:51:19
4600
2023-11-14 22:53:31
elapsed:  12306.5  seconds
4650
2023-11-14 22:55:46
4700
2023-11-14 22:58:00
elapsed:  12575.5  seconds
4750
2023-11-14 23:00:15
4800
2023-11-14 23:02:27
elapsed:  12842.0  seconds
4850
2023-11-14 23:04:42
4900
2023-11-14 23:06:55
elapsed:  13110.3  seconds
4950
2023-11-14 23:09:10
elapsed:  13375.1  seconds
total time:  13379.8  seconds
true R:  [[8.74420304e-01 3.17157771e+00 3.25661802e+01 4.65314822e-01
  1.90808161e+01 3.64933523e+00 1.08070865e+00 6.69747196e+00
  2.34394701e+00 4.50158243e-01 1.06786143e+01 3.92925564e+00
  9.68184287e+00 4.23897982e-01 6.58068664e-01 1.84902972e+00
  1.05435744e+00 4.79378972e-01 1.85533850e+00 2.68286399e-01
  1.23267707e+00 8.65047352e-01 9.82672132e+00 3.78530511e+01
  1.22449339e+00 1.37814063e+00 2.22115872e+00 1.50799405e+01
  1.67374987e+01 4.24379373e-01 5.72712541e-01 2.72527009e+00
  1.96632975e+00 3.37692717e-01 8.03567198e-01 4.13406289e+01
  6.43764386e-01 7.34832508e-01 2.78865424e+00 2.42388416e+01
  1.71346105e+00 2.21983544e-01 7.07319089e+00 1.54542329e-01
  1.04773801e+02 9.68135880e-01 3.86840897e+02 9.48423474e-01
  1.03690382e-01 2.69740582e+00 9.34992963e-02 3.28645627e+00
  4.59871538e+01 8.49534754e-01 2.24189672e-01 6.12316571e+01
  1.54275032e-01 5.02247260e+00 3.13837351e-01 9.26020450e-01
  1.95570689e-01 1.23639868e-01 9.14490255e-01 1.58717390e+02]
 [2.13095048e+01 1.25067823e+00 2.45886914e-01 2.10910896e-01
  1.38524898e+02 2.10138794e-01 8.75026925e+00 1.91808304e-01
  1.44875579e-01 1.35489929e+00 2.40175027e+01 3.67921273e+00
  2.11856489e-01 2.95328707e+01 4.93615962e-01 1.10037032e+01
  1.18834110e+01 1.48945048e-01 1.43150748e-01 8.88603770e-01
  2.54672751e+00 1.10177844e+00 2.62693550e-01 7.64401029e-01
  1.31907237e+02 6.24331420e-02 1.65829708e+00 1.47385763e+00
  1.47397190e-01 1.57338909e+01 4.89566433e+00 3.18263932e-01
  7.44280803e+00 1.22472480e-01 3.82926161e-01 7.31260278e-01
  2.25698753e-01 5.35116228e+02 3.37012970e-01 1.46215956e+00
  2.38060194e-01 3.03398898e+00 4.10389604e-01 5.25444379e-01
  7.48859986e-01 2.89306964e-01 9.44908212e-02 4.43976460e+02
  4.68763519e+00 3.17515465e+00 4.76554567e-01 3.47418018e-01
  4.03943919e-01 7.81497581e-01 8.63560607e+00 4.70596701e-01
  1.32710320e-01 1.99811437e+00 7.25917325e+00 2.56277929e+00
  3.24628213e-01 1.88580473e+00 1.15921981e+01 7.72277714e-02]
 [1.41670492e+00 4.74730840e-01 2.38507449e-01 2.71777662e+00
  3.57201352e-01 2.14101615e+00 2.54580779e-01 3.19772821e-01
  8.05756446e-01 5.66778250e+01 6.77767595e+01 5.74890199e-01
  1.99815169e+00 5.84093296e-01 5.98810536e+00 4.38095502e-01
  5.83026990e-01 1.55373525e+00 3.23343179e+00 6.74801524e-01
  8.12634485e+00 3.07758513e-01 1.07279380e+00 6.98574441e+00
  1.48452249e+01 1.09151601e+02 1.07557274e-01 3.29455194e-01
  6.20112946e-01 1.18215558e-01 8.09087960e-01 8.12453684e+01
  8.49716781e-01 1.53459601e+00 1.04755078e+02 2.82240740e-01
  1.55627787e+00 2.00489194e-01 1.68925542e-01 4.85105530e-01
  2.82553133e+00 3.13916148e-01 5.69511785e-01 1.37629691e+01
  5.34010052e+00 7.97296087e-01 3.89703821e-01 6.00400621e+01
  1.65946602e-01 4.09421746e-01 4.23780815e-01 1.23923109e-01
  2.28282182e-01 3.64624023e-01 5.84176725e-01 3.54693380e-01
  3.08765391e-01 6.23681169e-01 1.18263551e-01 1.26462387e+01
  2.39990052e+00 2.09624314e-01 1.53490469e+01 7.22976046e-01]
 [1.35132018e+00 1.13162162e+02 2.31723147e-01 1.14388890e+00
  1.51048970e+00 3.47111431e-01 2.20604282e-01 8.30406290e-02
  3.10361317e-01 2.59570490e+00 4.97969888e-01 9.06898253e+00
  4.34821240e-01 6.25827242e+00 2.28252956e+01 2.13990221e+00
  4.28153241e-01 6.04833736e+02 9.57743487e-01 4.92814677e-01
  4.28546376e+00 2.47538598e-01 4.46061197e-01 1.12799884e-01
  3.68142663e-01 8.39201683e+01 1.07678691e+00 2.06355210e+00
  2.10192218e+00 9.55370491e-01 1.00093861e+01 2.16146179e-01
  6.14877300e-01 3.79993799e+00 6.03934757e-01 1.08566756e-01
  2.30745208e+02 9.67734990e-01 3.37995290e+00 1.06408830e+00
  5.87349526e-01 8.19717758e-01 1.68502600e+00 9.04161577e-01
  3.17226247e-01 4.90440024e-01 3.83468692e+00 2.59974633e+01
  3.06411088e-01 1.66149125e+00 5.05387461e-01 1.95042997e-01
  1.60422550e+02 6.44552287e+00 7.39425381e-01 1.34458848e-01
  1.82345664e-01 6.51984197e-01 8.52141677e-01 2.20281785e+00
  1.12800517e-01 2.29824098e+01 1.36954619e+00 1.67525809e+01]
 [1.62192629e-01 4.66044113e-01 1.02652896e+00 2.81461598e+00
  8.42048861e+01 1.18038747e+00 1.37827351e+00 5.29642267e+01
  7.09787323e-01 5.06142694e-01 9.71827181e-01 5.47063034e+00
  1.54399608e+02 6.54668545e-01 1.76609181e-01 5.24429563e+00
  7.08325090e+01 4.04547640e+02 2.12977088e-01 5.03642921e+00
  1.11957676e+00 6.47112661e+01 2.83062391e-01 2.11292340e+00
  2.85236527e+02 1.48377842e-01 2.16772740e-01 2.65605182e-01
  2.65390701e+00 7.31614652e+00 9.08024242e+01 1.00606657e+00
  1.97051863e+00 1.38623285e+00 2.53938598e-01 1.13282776e+00
  5.91267555e-01 1.07463516e-01 4.25492408e-01 3.64033295e-01
  2.39610788e+00 6.86028626e-01 6.35026737e-01 1.33354676e+01
  7.03432792e+00 1.71351608e+00 3.75686162e+00 2.01522878e+00
  3.05384804e-01 1.21304684e-01 3.36541174e-01 4.05243579e-01
  1.49500605e-01 4.47550414e-01 1.11093451e+00 1.40380515e+00
  2.96581954e+00 2.08662253e+01 1.17801648e+00 1.53760959e-01
  2.26946276e-01 2.94029656e+01 1.43842276e+00 1.94106818e+00]
 [1.53268455e+03 6.25066061e+02 1.07346728e+01 1.01558553e+00
  3.16967882e+00 1.02575208e+00 8.93913574e-01 1.11318555e+03
  2.43926206e-01 1.60990872e+01 1.04572071e+01 3.42074500e+00
  6.25898228e-01 1.04820891e+00 1.45640005e-01 6.47300642e-01
  1.44758658e+00 1.48876349e-01 1.91706677e-01 2.79557614e-01
  1.15609976e+00 6.32330976e+00 1.90202146e+00 7.21305972e-01
  1.05531860e+00 6.03044416e+02 5.47116561e-01 3.34286297e+00
  1.76907294e+00 1.34343386e+00 1.01975634e+00 2.78324732e+00
  3.12083412e-01 3.92411823e-01 2.19712923e-01 1.06225174e-01
  1.05653211e-01 7.76342135e-01 1.82506502e+00 6.47163205e-01
  2.55625699e+00 1.15528317e+01 1.36155613e-01 2.39279038e+00
  3.09110007e+00 3.04286448e+01 2.08193515e-01 7.29706033e-01
  6.83351515e+00 2.86067627e+02 8.17240838e-01 5.45030809e+01
  3.03714590e-01 3.36628900e+00 3.17952935e+02 7.99281149e-02
  1.27011102e+00 6.28786826e-01 1.78517118e-01 1.30752620e-01
  6.15298587e+00 1.48961349e-01 6.72038351e+00 2.83346752e-01]
 [6.64062879e-01 7.09984491e+00 2.65717387e+00 1.09509471e+00
  1.57961939e+02 7.19252102e+00 9.54934946e-02 4.49227020e-01
  6.65977197e+00 3.40732264e-01 4.69483492e+00 1.09492205e+00
  5.04470216e-01 3.08656537e-01 3.39473516e-01 3.32439796e-01
  5.96382410e+00 1.43488657e+01 1.80131763e+00 7.68352309e-01
  1.19372584e+00 1.06937783e+01 9.42420040e-01 6.52602480e-01
  3.52829928e-01 8.58732915e+00 7.01425895e+00 5.08074159e-01
  1.17948210e+00 8.14009244e-02 2.37895596e-01 1.51808660e-01
  6.27722343e-01 1.01874791e+00 1.27068332e+00 2.26510772e+00
  1.13553873e-01 4.71912700e+00 4.86836236e+00 1.00861194e+00
  3.58970593e-01 9.79996015e-01 9.06386269e+01 1.75204452e+02
  1.51154638e+01 8.71169505e-02 3.85603494e+01 1.13395641e+00
  6.81022122e-01 2.27342982e+00 6.69627103e-01 9.85283335e+01
  1.29827533e+01 5.47029216e-01 2.90131822e+01 2.09464581e+01
  1.12524481e-01 9.21460411e+00 2.80778170e+00 3.55741691e+00
  6.21981720e-01 2.37956401e+00 2.10527057e+02 2.59561630e-01]
 [4.53087030e-01 2.49749584e+00 1.68517856e-01 1.46437290e+01
  2.84808200e-01 7.93737787e-01 6.16545659e-01 1.31152029e+00
  9.35577940e+00 1.14873360e-01 3.78564661e+01 8.37926510e+00
  1.29584715e+00 4.11885926e-01 8.57952073e-01 1.19744605e+00
  5.22311956e-01 2.21165500e+00 1.88784055e-01 7.73579089e+00
  9.10902957e-01 6.54804176e-01 1.32403868e+00 5.73177577e-01
  1.88643967e+02 2.94574532e-01 1.96462656e+00 4.87694334e-01
  2.93196636e+00 8.30809797e-02 4.72233422e-02 2.45525523e-01
  5.30708718e+00 1.60128561e+00 1.62765071e+00 1.95469093e+00
  1.35067688e+00 5.29469407e-02 1.03231051e+00 2.21704918e+00
  2.29971660e-01 3.20056455e+00 4.47003826e-01 4.24251609e+02
  3.36951870e+00 3.07945098e-01 3.85017860e-01 1.64287978e+00
  4.43075096e-01 2.01405869e+00 3.01200243e-01 2.18079225e-01
  4.96846214e-01 3.14675806e-01 4.38920088e-01 8.05008029e+00
  2.44843484e+00 1.58614015e+00 2.01558408e-01 5.95586118e-01
  7.36722081e+01 1.40918910e+01 1.25512027e+00 1.10710662e+01]
 [1.05004819e+02 6.20945090e-01 3.98113296e+00 1.34201149e+01
  3.79914832e-01 5.27560348e-01 5.93816210e-01 4.51305255e-01
  2.21662772e+00 3.04767927e+00 4.77129412e+01 2.64026932e+00
  9.17100848e+01 2.42541104e-01 1.21916181e+01 2.56312536e+00
  8.75039275e+01 1.85068106e-01 3.76806494e+00 2.22766020e-01
  4.00887906e-01 3.72993007e-01 1.49147413e+00 6.29197911e+01
  2.39345316e+00 2.58471158e-01 1.07357322e+00 1.03406526e-01
  1.54106401e+00 8.47057299e+02 2.07029980e+00 3.39814545e+01
  1.45540026e+00 1.06443386e+00 3.52799379e-01 4.47290671e+01
  1.79922324e+00 8.60850654e-01 2.11635453e+00 3.66911806e+00
  2.22179153e-01 2.35864053e-01 1.53399096e+04 5.35021248e+01
  3.47759948e-01 3.64991402e+00 1.47157110e+00 1.27338710e-01
  4.35879080e+00 2.16638877e+00 1.39594582e-01 8.74197726e-01
  1.43268096e+00 8.19328778e-01 3.76875883e-01 5.38315901e-01
  2.59798791e-01 9.66436988e-01 1.81649392e+01 6.19562762e-01
  1.33444623e+00 9.02362555e-01 1.11440207e+00 7.35917645e-01]]
