1
50
2023-11-11 22:34:32
100
2023-11-11 22:35:56
elapsed:  166.9  seconds
150
2023-11-11 22:37:25
200
2023-11-11 22:38:49
elapsed:  339.3  seconds
250
2023-11-11 22:40:14
300
2023-11-11 22:41:37
elapsed:  508.2  seconds
350
2023-11-11 22:43:06
400
2023-11-11 22:44:29
elapsed:  679.4  seconds
450
2023-11-11 22:45:55
500
2023-11-11 22:47:19
elapsed:  850.0  seconds
550
2023-11-11 22:48:46
600
2023-11-11 22:50:10
elapsed:  1021.0  seconds
650
2023-11-11 22:51:36
700
2023-11-11 22:53:00
elapsed:  1191.0  seconds
750
2023-11-11 22:54:27
800
2023-11-11 22:55:52
elapsed:  1362.7  seconds
850
2023-11-11 22:57:19
900
2023-11-11 22:58:45
elapsed:  1535.7  seconds
950
2023-11-11 23:00:11
1000
2023-11-11 23:01:37
elapsed:  1707.4  seconds
1050
2023-11-11 23:03:03
1100
2023-11-11 23:04:29
elapsed:  1879.7  seconds
1150
2023-11-11 23:05:56
1200
2023-11-11 23:07:20
elapsed:  2051.0  seconds
1250
2023-11-11 23:08:48
1300
2023-11-11 23:10:13
elapsed:  2223.9  seconds
1350
2023-11-11 23:11:41
1400
2023-11-11 23:13:06
elapsed:  2396.4  seconds
1450
2023-11-11 23:14:33
1500
2023-11-11 23:15:58
elapsed:  2569.1  seconds
1550
2023-11-11 23:17:26
1600
2023-11-11 23:18:48
elapsed:  2738.3  seconds
1650
2023-11-11 23:20:13
1700
2023-11-11 23:21:38
elapsed:  2908.4  seconds
1750
2023-11-11 23:23:05
1800
2023-11-11 23:24:29
elapsed:  3079.5  seconds
1850
2023-11-11 23:25:55
1900
2023-11-11 23:27:18
elapsed:  3248.2  seconds
1950
2023-11-11 23:28:43
2000
2023-11-11 23:30:07
elapsed:  3417.8  seconds
2050
2023-11-11 23:31:34
2100
2023-11-11 23:32:57
elapsed:  3587.6  seconds
2150
2023-11-11 23:34:19
2200
2023-11-11 23:35:42
elapsed:  3753.1  seconds
2250
2023-11-11 23:37:08
2300
2023-11-11 23:38:30
elapsed:  3921.1  seconds
2350
2023-11-11 23:39:56
2400
2023-11-11 23:41:20
elapsed:  4091.0  seconds
2450
2023-11-11 23:42:46
2500
2023-11-11 23:44:10
elapsed:  4261.1  seconds
2550
2023-11-11 23:45:35
2600
2023-11-11 23:46:59
elapsed:  4429.2  seconds
2650
2023-11-11 23:48:23
2700
2023-11-11 23:49:43
elapsed:  4594.2  seconds
2750
2023-11-11 23:51:06
2800
2023-11-11 23:52:30
elapsed:  4760.8  seconds
2850
2023-11-11 23:53:56
2900
2023-11-11 23:55:19
elapsed:  4930.0  seconds
2950
2023-11-11 23:56:44
3000
2023-11-11 23:58:07
elapsed:  5098.1  seconds
3050
2023-11-11 23:59:32
3100
2023-11-12 00:00:53
elapsed:  5263.4  seconds
3150
2023-11-12 00:02:19
3200
2023-11-12 00:03:44
elapsed:  5434.9  seconds
3250
2023-11-12 00:05:10
3300
2023-11-12 00:06:35
elapsed:  5605.2  seconds
3350
2023-11-12 00:08:00
3400
2023-11-12 00:09:24
elapsed:  5774.9  seconds
3450
2023-11-12 00:10:47
3500
2023-11-12 00:12:11
elapsed:  5941.5  seconds
3550
2023-11-12 00:13:38
3600
2023-11-12 00:15:01
elapsed:  6112.0  seconds
3650
2023-11-12 00:16:29
3700
2023-11-12 00:17:53
elapsed:  6283.5  seconds
3750
2023-11-12 00:19:20
3800
2023-11-12 00:20:43
elapsed:  6453.2  seconds
3850
2023-11-12 00:22:10
3900
2023-11-12 00:23:33
elapsed:  6623.7  seconds
3950
2023-11-12 00:24:57
4000
2023-11-12 00:26:17
elapsed:  6787.3  seconds
4050
2023-11-12 00:27:40
4100
2023-11-12 00:29:02
elapsed:  6952.5  seconds
4150
2023-11-12 00:30:28
4200
2023-11-12 00:31:51
elapsed:  7122.2  seconds
4250
2023-11-12 00:33:17
4300
2023-11-12 00:34:39
elapsed:  7289.5  seconds
4350
2023-11-12 00:36:03
4400
2023-11-12 00:37:27
elapsed:  7457.3  seconds
4450
2023-11-12 00:38:52
4500
2023-11-12 00:40:14
elapsed:  7624.8  seconds
4550
2023-11-12 00:41:37
4600
2023-11-12 00:43:00
elapsed:  7790.5  seconds
4650
2023-11-12 00:44:25
4700
2023-11-12 00:45:49
elapsed:  7959.7  seconds
4750
2023-11-12 00:47:15
4800
2023-11-12 00:48:39
elapsed:  8129.6  seconds
4850
2023-11-12 00:50:04
4900
2023-11-12 00:51:26
elapsed:  8296.5  seconds
4950
2023-11-12 00:52:52
5000
2023-11-12 00:54:16
elapsed:  8467.0  seconds
5050
2023-11-12 00:55:43
5100
2023-11-12 00:57:07
elapsed:  8637.5  seconds
5150
2023-11-12 00:58:33
5200
2023-11-12 00:59:57
elapsed:  8808.1  seconds
5250
2023-11-12 01:01:23
5300
2023-11-12 01:02:48
elapsed:  8978.3  seconds
5350
2023-11-12 01:04:13
5400
2023-11-12 01:05:39
elapsed:  9149.4  seconds
5450
2023-11-12 01:07:05
5500
2023-11-12 01:08:28
elapsed:  9318.8  seconds
5550
2023-11-12 01:09:55
5600
2023-11-12 01:11:19
elapsed:  9489.4  seconds
5650
2023-11-12 01:12:45
5700
2023-11-12 01:14:08
elapsed:  9658.8  seconds
5750
2023-11-12 01:15:35
5800
2023-11-12 01:16:58
elapsed:  9828.3  seconds
5850
2023-11-12 01:18:25
5900
2023-11-12 01:19:48
elapsed:  9999.1  seconds
5950
2023-11-12 01:21:12
6000
2023-11-12 01:22:32
elapsed:  10162.7  seconds
6050
2023-11-12 01:23:57
6100
2023-11-12 01:25:21
elapsed:  10331.5  seconds
6150
2023-11-12 01:26:43
6200
2023-11-12 01:28:03
elapsed:  10494.1  seconds
6250
2023-11-12 01:29:29
6300
2023-11-12 01:30:52
elapsed:  10663.1  seconds
6350
2023-11-12 01:32:18
6400
2023-11-12 01:33:42
elapsed:  10832.3  seconds
6450
2023-11-12 01:35:06
6500
2023-11-12 01:36:28
elapsed:  10998.9  seconds
6550
2023-11-12 01:37:53
6600
2023-11-12 01:39:17
elapsed:  11167.9  seconds
6650
2023-11-12 01:40:43
6700
2023-11-12 01:42:05
elapsed:  11335.2  seconds
6750
2023-11-12 01:43:30
6800
2023-11-12 01:44:52
elapsed:  11502.8  seconds
6850
2023-11-12 01:46:18
6900
2023-11-12 01:47:42
elapsed:  11672.6  seconds
6950
2023-11-12 01:49:09
7000
2023-11-12 01:50:32
elapsed:  11843.0  seconds
7050
2023-11-12 01:51:59
7100
2023-11-12 01:53:22
elapsed:  12013.1  seconds
7150
2023-11-12 01:54:48
7200
2023-11-12 01:56:12
elapsed:  12183.0  seconds
7250
2023-11-12 01:57:38
7300
2023-11-12 01:59:02
elapsed:  12353.1  seconds
7350
2023-11-12 02:00:29
7400
2023-11-12 02:01:52
elapsed:  12523.1  seconds
7450
2023-11-12 02:03:18
7500
2023-11-12 02:04:40
elapsed:  12690.3  seconds
7550
2023-11-12 02:06:05
7600
2023-11-12 02:07:26
elapsed:  12856.9  seconds
7650
2023-11-12 02:08:50
7700
2023-11-12 02:10:12
elapsed:  13023.1  seconds
7750
2023-11-12 02:11:37
7800
2023-11-12 02:12:59
elapsed:  13189.9  seconds
7850
2023-11-12 02:14:26
7900
2023-11-12 02:15:50
elapsed:  13360.2  seconds
7950
2023-11-12 02:17:16
8000
2023-11-12 02:18:38
elapsed:  13528.3  seconds
8050
2023-11-12 02:20:04
8100
2023-11-12 02:21:29
elapsed:  13699.6  seconds
8150
2023-11-12 02:22:55
8200
2023-11-12 02:24:21
elapsed:  13871.5  seconds
8250
2023-11-12 02:25:49
8300
2023-11-12 02:27:14
elapsed:  14045.1  seconds
8350
2023-11-12 02:28:40
8400
2023-11-12 02:30:04
elapsed:  14214.9  seconds
8450
2023-11-12 02:31:29
8500
2023-11-12 02:32:46
elapsed:  14376.3  seconds
8550
2023-11-12 02:34:11
8600
2023-11-12 02:35:35
elapsed:  14545.3  seconds
8650
2023-11-12 02:36:59
8700
2023-11-12 02:38:24
elapsed:  14714.5  seconds
8750
2023-11-12 02:39:50
8800
2023-11-12 02:41:14
elapsed:  14884.6  seconds
8850
2023-11-12 02:42:37
8900
2023-11-12 02:44:00
elapsed:  15050.4  seconds
8950
2023-11-12 02:45:28
9000
2023-11-12 02:46:53
elapsed:  15223.8  seconds
9050
2023-11-12 02:48:18
9100
2023-11-12 02:49:40
elapsed:  15390.9  seconds
9150
2023-11-12 02:51:05
9200
2023-11-12 02:52:28
elapsed:  15558.4  seconds
9250
2023-11-12 02:53:54
9300
2023-11-12 02:55:18
elapsed:  15728.5  seconds
9350
2023-11-12 02:56:43
9400
2023-11-12 02:58:06
elapsed:  15897.0  seconds
9450
2023-11-12 02:59:33
9500
2023-11-12 03:00:58
elapsed:  16068.9  seconds
9550
2023-11-12 03:02:24
9600
2023-11-12 03:03:48
elapsed:  16238.7  seconds
9650
2023-11-12 03:05:15
9700
2023-11-12 03:06:38
elapsed:  16408.7  seconds
9750
2023-11-12 03:08:00
9800
2023-11-12 03:09:18
elapsed:  16568.8  seconds
9850
2023-11-12 03:10:42
9900
2023-11-12 03:12:04
elapsed:  16734.8  seconds
9950
2023-11-12 03:13:29
10000
2023-11-12 03:14:48
elapsed:  16899.0  seconds
10050
2023-11-12 03:16:11
10100
2023-11-12 03:17:30
elapsed:  17060.9  seconds
10150
2023-11-12 03:18:55
10200
2023-11-12 03:20:14
elapsed:  17225.2  seconds
10250
2023-11-12 03:21:40
10300
2023-11-12 03:23:00
elapsed:  17391.0  seconds
10350
2023-11-12 03:24:26
10400
2023-11-12 03:25:51
elapsed:  17561.3  seconds
10450
2023-11-12 03:27:17
10500
2023-11-12 03:28:40
elapsed:  17730.8  seconds
10550
2023-11-12 03:30:04
10600
2023-11-12 03:31:28
elapsed:  17898.7  seconds
10650
2023-11-12 03:32:54
10700
2023-11-12 03:34:18
elapsed:  18068.2  seconds
10750
2023-11-12 03:35:43
10800
2023-11-12 03:37:02
elapsed:  18232.5  seconds
10850
2023-11-12 03:38:27
10900
2023-11-12 03:39:51
elapsed:  18401.6  seconds
10950
2023-11-12 03:41:18
11000
2023-11-12 03:42:41
elapsed:  18571.5  seconds
11050
2023-11-12 03:44:05
11100
2023-11-12 03:45:30
elapsed:  18740.3  seconds
11150
2023-11-12 03:46:57
11200
2023-11-12 03:48:21
elapsed:  18911.4  seconds
11250
2023-11-12 03:49:47
11300
2023-11-12 03:51:09
elapsed:  19079.2  seconds
11350
2023-11-12 03:52:37
11400
2023-11-12 03:54:01
elapsed:  19251.9  seconds
11450
2023-11-12 03:55:29
11500
2023-11-12 03:56:54
elapsed:  19424.3  seconds
11550
2023-11-12 03:58:19
11600
2023-11-12 03:59:43
elapsed:  19593.6  seconds
11650
2023-11-12 04:01:09
11700
2023-11-12 04:02:31
elapsed:  19761.7  seconds
11750
2023-11-12 04:03:57
11800
2023-11-12 04:05:20
elapsed:  19930.7  seconds
11850
2023-11-12 04:06:45
11900
2023-11-12 04:08:07
elapsed:  20098.1  seconds
11950
2023-11-12 04:09:33
12000
2023-11-12 04:10:56
elapsed:  20267.1  seconds
12050
2023-11-12 04:12:23
12100
2023-11-12 04:13:47
elapsed:  20437.9  seconds
12150
2023-11-12 04:15:07
12200
2023-11-12 04:16:31
elapsed:  20601.8  seconds
12250
2023-11-12 04:17:55
12300
2023-11-12 04:19:15
elapsed:  20765.3  seconds
12350
2023-11-12 04:20:40
12400
2023-11-12 04:22:04
elapsed:  20934.3  seconds
12450
2023-11-12 04:23:30
12500
2023-11-12 04:24:53
elapsed:  21103.4  seconds
12550
2023-11-12 04:26:19
12600
2023-11-12 04:27:44
elapsed:  21274.4  seconds
12650
2023-11-12 04:29:10
12700
2023-11-12 04:30:34
elapsed:  21444.4  seconds
12750
2023-11-12 04:31:59
12800
2023-11-12 04:33:22
elapsed:  21612.6  seconds
12850
2023-11-12 04:34:50
12900
2023-11-12 04:36:13
elapsed:  21784.0  seconds
12950
2023-11-12 04:37:39
13000
2023-11-12 04:39:02
elapsed:  21952.8  seconds
13050
2023-11-12 04:40:26
13100
2023-11-12 04:41:50
elapsed:  22120.8  seconds
13150
2023-11-12 04:43:12
13200
2023-11-12 04:44:36
elapsed:  22286.2  seconds
13250
2023-11-12 04:45:58
13300
2023-11-12 04:47:20
elapsed:  22450.3  seconds
13350
2023-11-12 04:48:44
13400
2023-11-12 04:50:02
elapsed:  22612.2  seconds
13450
2023-11-12 04:51:26
13500
2023-11-12 04:52:44
elapsed:  22774.2  seconds
13550
2023-11-12 04:54:07
13600
2023-11-12 04:55:31
elapsed:  22941.6  seconds
13650
2023-11-12 04:56:55
13700
2023-11-12 04:58:13
elapsed:  23104.0  seconds
13750
2023-11-12 04:59:38
13800
2023-11-12 05:01:01
elapsed:  23271.8  seconds
13850
2023-11-12 05:02:27
13900
2023-11-12 05:03:47
elapsed:  23438.0  seconds
13950
2023-11-12 05:05:11
14000
2023-11-12 05:06:32
elapsed:  23602.6  seconds
14050
2023-11-12 05:07:55
14100
2023-11-12 05:09:20
elapsed:  23770.5  seconds
14150
2023-11-12 05:10:46
14200
2023-11-12 05:12:09
elapsed:  23940.0  seconds
14250
2023-11-12 05:13:35
14300
2023-11-12 05:14:59
elapsed:  24109.5  seconds
14350
2023-11-12 05:16:21
14400
2023-11-12 05:17:44
elapsed:  24274.9  seconds
14450
2023-11-12 05:19:12
14500
2023-11-12 05:20:34
elapsed:  24444.6  seconds
14550
2023-11-12 05:21:57
14600
2023-11-12 05:23:22
elapsed:  24612.3  seconds
14650
2023-11-12 05:24:49
14700
2023-11-12 05:26:14
elapsed:  24784.4  seconds
14750
2023-11-12 05:27:40
14800
2023-11-12 05:29:04
elapsed:  24954.7  seconds
14850
2023-11-12 05:30:30
14900
2023-11-12 05:31:53
elapsed:  25123.5  seconds
14950
2023-11-12 05:33:19
elapsed:  25293.3  seconds
total time:  25297.2  seconds
true R:  [[8.74420304e-01 3.17157771e+00 3.25661802e+01 4.65314822e-01
  1.90808161e+01 3.64933523e+00 1.08070865e+00 6.69747196e+00
  2.34394701e+00 4.50158243e-01 1.06786143e+01 3.92925564e+00
  9.68184287e+00 4.23897982e-01 6.58068664e-01 1.84902972e+00
  1.05435744e+00 4.79378972e-01 1.85533850e+00 2.68286399e-01
  1.23267707e+00 8.65047352e-01 9.82672132e+00 3.78530511e+01
  1.22449339e+00 1.37814063e+00 2.22115872e+00 1.50799405e+01
  1.67374987e+01 4.24379373e-01 5.72712541e-01 2.72527009e+00
  1.96632975e+00 3.37692717e-01 8.03567198e-01 4.13406289e+01
  6.43764386e-01 7.34832508e-01 2.78865424e+00 2.42388416e+01
  1.71346105e+00 2.21983544e-01 7.07319089e+00 1.54542329e-01
  1.04773801e+02 9.68135880e-01 3.86840897e+02 9.48423474e-01
  1.03690382e-01 2.69740582e+00 9.34992963e-02 3.28645627e+00
  4.59871538e+01 8.49534754e-01 2.24189672e-01 6.12316571e+01
  1.54275032e-01 5.02247260e+00 3.13837351e-01 9.26020450e-01
  1.95570689e-01 1.23639868e-01 9.14490255e-01 1.58717390e+02]
 [2.13095048e+01 1.25067823e+00 2.45886914e-01 2.10910896e-01
  1.38524898e+02 2.10138794e-01 8.75026925e+00 1.91808304e-01
  1.44875579e-01 1.35489929e+00 2.40175027e+01 3.67921273e+00
  2.11856489e-01 2.95328707e+01 4.93615962e-01 1.10037032e+01
  1.18834110e+01 1.48945048e-01 1.43150748e-01 8.88603770e-01
  2.54672751e+00 1.10177844e+00 2.62693550e-01 7.64401029e-01
  1.31907237e+02 6.24331420e-02 1.65829708e+00 1.47385763e+00
  1.47397190e-01 1.57338909e+01 4.89566433e+00 3.18263932e-01
  7.44280803e+00 1.22472480e-01 3.82926161e-01 7.31260278e-01
  2.25698753e-01 5.35116228e+02 3.37012970e-01 1.46215956e+00
  2.38060194e-01 3.03398898e+00 4.10389604e-01 5.25444379e-01
  7.48859986e-01 2.89306964e-01 9.44908212e-02 4.43976460e+02
  4.68763519e+00 3.17515465e+00 4.76554567e-01 3.47418018e-01
  4.03943919e-01 7.81497581e-01 8.63560607e+00 4.70596701e-01
  1.32710320e-01 1.99811437e+00 7.25917325e+00 2.56277929e+00
  3.24628213e-01 1.88580473e+00 1.15921981e+01 7.72277714e-02]
 [1.41670492e+00 4.74730840e-01 2.38507449e-01 2.71777662e+00
  3.57201352e-01 2.14101615e+00 2.54580779e-01 3.19772821e-01
  8.05756446e-01 5.66778250e+01 6.77767595e+01 5.74890199e-01
  1.99815169e+00 5.84093296e-01 5.98810536e+00 4.38095502e-01
  5.83026990e-01 1.55373525e+00 3.23343179e+00 6.74801524e-01
  8.12634485e+00 3.07758513e-01 1.07279380e+00 6.98574441e+00
  1.48452249e+01 1.09151601e+02 1.07557274e-01 3.29455194e-01
  6.20112946e-01 1.18215558e-01 8.09087960e-01 8.12453684e+01
  8.49716781e-01 1.53459601e+00 1.04755078e+02 2.82240740e-01
  1.55627787e+00 2.00489194e-01 1.68925542e-01 4.85105530e-01
  2.82553133e+00 3.13916148e-01 5.69511785e-01 1.37629691e+01
  5.34010052e+00 7.97296087e-01 3.89703821e-01 6.00400621e+01
  1.65946602e-01 4.09421746e-01 4.23780815e-01 1.23923109e-01
  2.28282182e-01 3.64624023e-01 5.84176725e-01 3.54693380e-01
  3.08765391e-01 6.23681169e-01 1.18263551e-01 1.26462387e+01
  2.39990052e+00 2.09624314e-01 1.53490469e+01 7.22976046e-01]
 [1.35132018e+00 1.13162162e+02 2.31723147e-01 1.14388890e+00
  1.51048970e+00 3.47111431e-01 2.20604282e-01 8.30406290e-02
  3.10361317e-01 2.59570490e+00 4.97969888e-01 9.06898253e+00
  4.34821240e-01 6.25827242e+00 2.28252956e+01 2.13990221e+00
  4.28153241e-01 6.04833736e+02 9.57743487e-01 4.92814677e-01
  4.28546376e+00 2.47538598e-01 4.46061197e-01 1.12799884e-01
  3.68142663e-01 8.39201683e+01 1.07678691e+00 2.06355210e+00
  2.10192218e+00 9.55370491e-01 1.00093861e+01 2.16146179e-01
  6.14877300e-01 3.79993799e+00 6.03934757e-01 1.08566756e-01
  2.30745208e+02 9.67734990e-01 3.37995290e+00 1.06408830e+00
  5.87349526e-01 8.19717758e-01 1.68502600e+00 9.04161577e-01
  3.17226247e-01 4.90440024e-01 3.83468692e+00 2.59974633e+01
  3.06411088e-01 1.66149125e+00 5.05387461e-01 1.95042997e-01
  1.60422550e+02 6.44552287e+00 7.39425381e-01 1.34458848e-01
  1.82345664e-01 6.51984197e-01 8.52141677e-01 2.20281785e+00
  1.12800517e-01 2.29824098e+01 1.36954619e+00 1.67525809e+01]
 [1.62192629e-01 4.66044113e-01 1.02652896e+00 2.81461598e+00
  8.42048861e+01 1.18038747e+00 1.37827351e+00 5.29642267e+01
  7.09787323e-01 5.06142694e-01 9.71827181e-01 5.47063034e+00
  1.54399608e+02 6.54668545e-01 1.76609181e-01 5.24429563e+00
  7.08325090e+01 4.04547640e+02 2.12977088e-01 5.03642921e+00
  1.11957676e+00 6.47112661e+01 2.83062391e-01 2.11292340e+00
  2.85236527e+02 1.48377842e-01 2.16772740e-01 2.65605182e-01
  2.65390701e+00 7.31614652e+00 9.08024242e+01 1.00606657e+00
  1.97051863e+00 1.38623285e+00 2.53938598e-01 1.13282776e+00
  5.91267555e-01 1.07463516e-01 4.25492408e-01 3.64033295e-01
  2.39610788e+00 6.86028626e-01 6.35026737e-01 1.33354676e+01
  7.03432792e+00 1.71351608e+00 3.75686162e+00 2.01522878e+00
  3.05384804e-01 1.21304684e-01 3.36541174e-01 4.05243579e-01
  1.49500605e-01 4.47550414e-01 1.11093451e+00 1.40380515e+00
  2.96581954e+00 2.08662253e+01 1.17801648e+00 1.53760959e-01
  2.26946276e-01 2.94029656e+01 1.43842276e+00 1.94106818e+00]
 [1.53268455e+03 6.25066061e+02 1.07346728e+01 1.01558553e+00
  3.16967882e+00 1.02575208e+00 8.93913574e-01 1.11318555e+03
  2.43926206e-01 1.60990872e+01 1.04572071e+01 3.42074500e+00
  6.25898228e-01 1.04820891e+00 1.45640005e-01 6.47300642e-01
  1.44758658e+00 1.48876349e-01 1.91706677e-01 2.79557614e-01
  1.15609976e+00 6.32330976e+00 1.90202146e+00 7.21305972e-01
  1.05531860e+00 6.03044416e+02 5.47116561e-01 3.34286297e+00
  1.76907294e+00 1.34343386e+00 1.01975634e+00 2.78324732e+00
  3.12083412e-01 3.92411823e-01 2.19712923e-01 1.06225174e-01
  1.05653211e-01 7.76342135e-01 1.82506502e+00 6.47163205e-01
  2.55625699e+00 1.15528317e+01 1.36155613e-01 2.39279038e+00
  3.09110007e+00 3.04286448e+01 2.08193515e-01 7.29706033e-01
  6.83351515e+00 2.86067627e+02 8.17240838e-01 5.45030809e+01
  3.03714590e-01 3.36628900e+00 3.17952935e+02 7.99281149e-02
  1.27011102e+00 6.28786826e-01 1.78517118e-01 1.30752620e-01
  6.15298587e+00 1.48961349e-01 6.72038351e+00 2.83346752e-01]
 [6.64062879e-01 7.09984491e+00 2.65717387e+00 1.09509471e+00
  1.57961939e+02 7.19252102e+00 9.54934946e-02 4.49227020e-01
  6.65977197e+00 3.40732264e-01 4.69483492e+00 1.09492205e+00
  5.04470216e-01 3.08656537e-01 3.39473516e-01 3.32439796e-01
  5.96382410e+00 1.43488657e+01 1.80131763e+00 7.68352309e-01
  1.19372584e+00 1.06937783e+01 9.42420040e-01 6.52602480e-01
  3.52829928e-01 8.58732915e+00 7.01425895e+00 5.08074159e-01
  1.17948210e+00 8.14009244e-02 2.37895596e-01 1.51808660e-01
  6.27722343e-01 1.01874791e+00 1.27068332e+00 2.26510772e+00
  1.13553873e-01 4.71912700e+00 4.86836236e+00 1.00861194e+00
  3.58970593e-01 9.79996015e-01 9.06386269e+01 1.75204452e+02
  1.51154638e+01 8.71169505e-02 3.85603494e+01 1.13395641e+00
  6.81022122e-01 2.27342982e+00 6.69627103e-01 9.85283335e+01
  1.29827533e+01 5.47029216e-01 2.90131822e+01 2.09464581e+01
  1.12524481e-01 9.21460411e+00 2.80778170e+00 3.55741691e+00
  6.21981720e-01 2.37956401e+00 2.10527057e+02 2.59561630e-01]
 [4.53087030e-01 2.49749584e+00 1.68517856e-01 1.46437290e+01
  2.84808200e-01 7.93737787e-01 6.16545659e-01 1.31152029e+00
  9.35577940e+00 1.14873360e-01 3.78564661e+01 8.37926510e+00
  1.29584715e+00 4.11885926e-01 8.57952073e-01 1.19744605e+00
  5.22311956e-01 2.21165500e+00 1.88784055e-01 7.73579089e+00
  9.10902957e-01 6.54804176e-01 1.32403868e+00 5.73177577e-01
  1.88643967e+02 2.94574532e-01 1.96462656e+00 4.87694334e-01
  2.93196636e+00 8.30809797e-02 4.72233422e-02 2.45525523e-01
  5.30708718e+00 1.60128561e+00 1.62765071e+00 1.95469093e+00
  1.35067688e+00 5.29469407e-02 1.03231051e+00 2.21704918e+00
  2.29971660e-01 3.20056455e+00 4.47003826e-01 4.24251609e+02
  3.36951870e+00 3.07945098e-01 3.85017860e-01 1.64287978e+00
  4.43075096e-01 2.01405869e+00 3.01200243e-01 2.18079225e-01
  4.96846214e-01 3.14675806e-01 4.38920088e-01 8.05008029e+00
  2.44843484e+00 1.58614015e+00 2.01558408e-01 5.95586118e-01
  7.36722081e+01 1.40918910e+01 1.25512027e+00 1.10710662e+01]
 [1.05004819e+02 6.20945090e-01 3.98113296e+00 1.34201149e+01
  3.79914832e-01 5.27560348e-01 5.93816210e-01 4.51305255e-01
  2.21662772e+00 3.04767927e+00 4.77129412e+01 2.64026932e+00
  9.17100848e+01 2.42541104e-01 1.21916181e+01 2.56312536e+00
  8.75039275e+01 1.85068106e-01 3.76806494e+00 2.22766020e-01
  4.00887906e-01 3.72993007e-01 1.49147413e+00 6.29197911e+01
  2.39345316e+00 2.58471158e-01 1.07357322e+00 1.03406526e-01
  1.54106401e+00 8.47057299e+02 2.07029980e+00 3.39814545e+01
  1.45540026e+00 1.06443386e+00 3.52799379e-01 4.47290671e+01
  1.79922324e+00 8.60850654e-01 2.11635453e+00 3.66911806e+00
  2.22179153e-01 2.35864053e-01 1.53399096e+04 5.35021248e+01
  3.47759948e-01 3.64991402e+00 1.47157110e+00 1.27338710e-01
  4.35879080e+00 2.16638877e+00 1.39594582e-01 8.74197726e-01
  1.43268096e+00 8.19328778e-01 3.76875883e-01 5.38315901e-01
  2.59798791e-01 9.66436988e-01 1.81649392e+01 6.19562762e-01
  1.33444623e+00 9.02362555e-01 1.11440207e+00 7.35917645e-01]]
