--------------------------------------------------------------------------
No OpenFabrics connection schemes reported that they were able to be
used on a specific port.  As such, the openib BTL (OpenFabrics
support) will be disabled for this port.

  Local host:           c3cpu-a2-u3-1
  Local device:         mlx5_0
  Local port:           1
  CPCs attempted:       rdmacm, udcm
--------------------------------------------------------------------------
[c3cpu-a2-u3-1.rc.int.colorado.edu:09373] 63 more processes have sent help message help-mpi-btl-openib-cpc-base.txt / no cpcs for port
[c3cpu-a2-u3-1.rc.int.colorado.edu:09373] Set MCA parameter "orte_base_help_aggregate" to 0 to see all help / error messages
1
50
2023-11-04 00:26:58
100
2023-11-04 00:28:17
elapsed:  154.4  seconds
150
2023-11-04 00:29:40
/projects/muyang@colostate.edu/software/anaconda/envs/testenv/lib/python3.11/site-packages/numpy/lib/function_base.py:2455: RuntimeWarning: divide by zero encountered in func (vectorized)
  outputs = ufunc(*inputs)
/projects/muyang@colostate.edu/software/anaconda/envs/testenv/lib/python3.11/site-packages/numpy/lib/function_base.py:2455: RuntimeWarning: invalid value encountered in func (vectorized)
  outputs = ufunc(*inputs)
200
2023-11-04 00:31:08
elapsed:  325.4  seconds
/projects/muyang@colostate.edu/software/anaconda/envs/testenv/lib/python3.11/site-packages/numpy/lib/function_base.py:2455: RuntimeWarning: divide by zero encountered in func (vectorized)
  outputs = ufunc(*inputs)
/projects/muyang@colostate.edu/software/anaconda/envs/testenv/lib/python3.11/site-packages/numpy/lib/function_base.py:2455: RuntimeWarning: invalid value encountered in func (vectorized)
  outputs = ufunc(*inputs)
/projects/muyang@colostate.edu/software/anaconda/envs/testenv/lib/python3.11/site-packages/numpy/lib/function_base.py:2455: RuntimeWarning: divide by zero encountered in func (vectorized)
  outputs = ufunc(*inputs)
/projects/muyang@colostate.edu/software/anaconda/envs/testenv/lib/python3.11/site-packages/numpy/lib/function_base.py:2455: RuntimeWarning: invalid value encountered in func (vectorized)
  outputs = ufunc(*inputs)
/projects/muyang@colostate.edu/software/anaconda/envs/testenv/lib/python3.11/site-packages/numpy/lib/function_base.py:2455: RuntimeWarning: divide by zero encountered in func (vectorized)
  outputs = ufunc(*inputs)
/projects/muyang@colostate.edu/software/anaconda/envs/testenv/lib/python3.11/site-packages/numpy/lib/function_base.py:2455: RuntimeWarning: invalid value encountered in func (vectorized)
  outputs = ufunc(*inputs)
/projects/muyang@colostate.edu/software/anaconda/envs/testenv/lib/python3.11/site-packages/numpy/lib/function_base.py:2455: RuntimeWarning: divide by zero encountered in func (vectorized)
  outputs = ufunc(*inputs)
/projects/muyang@colostate.edu/software/anaconda/envs/testenv/lib/python3.11/site-packages/numpy/lib/function_base.py:2455: RuntimeWarning: invalid value encountered in func (vectorized)
  outputs = ufunc(*inputs)
250
2023-11-04 00:32:28
/projects/muyang@colostate.edu/software/anaconda/envs/testenv/lib/python3.11/site-packages/numpy/lib/function_base.py:2455: RuntimeWarning: divide by zero encountered in func (vectorized)
  outputs = ufunc(*inputs)
/projects/muyang@colostate.edu/software/anaconda/envs/testenv/lib/python3.11/site-packages/numpy/lib/function_base.py:2455: RuntimeWarning: invalid value encountered in func (vectorized)
  outputs = ufunc(*inputs)
/projects/muyang@colostate.edu/software/anaconda/envs/testenv/lib/python3.11/site-packages/numpy/lib/function_base.py:2455: RuntimeWarning: divide by zero encountered in func (vectorized)
  outputs = ufunc(*inputs)
/projects/muyang@colostate.edu/software/anaconda/envs/testenv/lib/python3.11/site-packages/numpy/lib/function_base.py:2455: RuntimeWarning: invalid value encountered in func (vectorized)
  outputs = ufunc(*inputs)
300
2023-11-04 00:33:56
elapsed:  493.3  seconds
/projects/muyang@colostate.edu/software/anaconda/envs/testenv/lib/python3.11/site-packages/numpy/lib/function_base.py:2455: RuntimeWarning: divide by zero encountered in func (vectorized)
  outputs = ufunc(*inputs)
/projects/muyang@colostate.edu/software/anaconda/envs/testenv/lib/python3.11/site-packages/numpy/lib/function_base.py:2455: RuntimeWarning: invalid value encountered in func (vectorized)
  outputs = ufunc(*inputs)
/projects/muyang@colostate.edu/software/anaconda/envs/testenv/lib/python3.11/site-packages/numpy/lib/function_base.py:2455: RuntimeWarning: divide by zero encountered in func (vectorized)
  outputs = ufunc(*inputs)
/projects/muyang@colostate.edu/software/anaconda/envs/testenv/lib/python3.11/site-packages/numpy/lib/function_base.py:2455: RuntimeWarning: invalid value encountered in func (vectorized)
  outputs = ufunc(*inputs)
350
2023-11-04 00:35:22
400
2023-11-04 00:36:45
elapsed:  662.2  seconds
450
2023-11-04 00:38:12
500
2023-11-04 00:39:37
elapsed:  833.9  seconds
550
2023-11-04 00:41:16
600
2023-11-04 00:42:54
elapsed:  1031.6  seconds
650
2023-11-04 00:44:21
700
2023-11-04 00:45:49
elapsed:  1206.2  seconds
750
2023-11-04 00:47:24
800
2023-11-04 00:49:02
elapsed:  1398.9  seconds
850
2023-11-04 00:50:38
/projects/muyang@colostate.edu/software/anaconda/envs/testenv/lib/python3.11/site-packages/numpy/lib/function_base.py:2455: RuntimeWarning: divide by zero encountered in func (vectorized)
  outputs = ufunc(*inputs)
/projects/muyang@colostate.edu/software/anaconda/envs/testenv/lib/python3.11/site-packages/numpy/lib/function_base.py:2455: RuntimeWarning: invalid value encountered in func (vectorized)
  outputs = ufunc(*inputs)
900
2023-11-04 00:52:09
elapsed:  1586.4  seconds
950
2023-11-04 00:53:42
1000
2023-11-04 00:55:13
elapsed:  1770.4  seconds
1050
2023-11-04 00:56:53
1100
2023-11-04 00:58:36
elapsed:  1973.3  seconds
1150
2023-11-04 01:00:05
1200
2023-11-04 01:01:41
elapsed:  2158.1  seconds
1250
2023-11-04 01:03:11
1300
2023-11-04 01:04:45
elapsed:  2341.8  seconds
1350
2023-11-04 01:06:26
1400
2023-11-04 01:08:01
elapsed:  2538.6  seconds
/projects/muyang@colostate.edu/software/anaconda/envs/testenv/lib/python3.11/site-packages/numpy/lib/function_base.py:2455: RuntimeWarning: divide by zero encountered in func (vectorized)
  outputs = ufunc(*inputs)
/projects/muyang@colostate.edu/software/anaconda/envs/testenv/lib/python3.11/site-packages/numpy/lib/function_base.py:2455: RuntimeWarning: invalid value encountered in func (vectorized)
  outputs = ufunc(*inputs)
1450
2023-11-04 01:09:29
1500
2023-11-04 01:10:53
elapsed:  2710.3  seconds
1550
2023-11-04 01:12:29
1600
2023-11-04 01:14:01
elapsed:  2897.8  seconds
1650
2023-11-04 01:15:41
1700
2023-11-04 01:17:13
elapsed:  3090.2  seconds
1750
2023-11-04 01:18:45
1800
2023-11-04 01:20:11
elapsed:  3268.5  seconds
/projects/muyang@colostate.edu/software/anaconda/envs/testenv/lib/python3.11/site-packages/numpy/lib/function_base.py:2455: RuntimeWarning: divide by zero encountered in func (vectorized)
  outputs = ufunc(*inputs)
/projects/muyang@colostate.edu/software/anaconda/envs/testenv/lib/python3.11/site-packages/numpy/lib/function_base.py:2455: RuntimeWarning: invalid value encountered in func (vectorized)
  outputs = ufunc(*inputs)
1850
2023-11-04 01:21:51
/projects/muyang@colostate.edu/software/anaconda/envs/testenv/lib/python3.11/site-packages/numpy/lib/function_base.py:2455: RuntimeWarning: divide by zero encountered in func (vectorized)
  outputs = ufunc(*inputs)
/projects/muyang@colostate.edu/software/anaconda/envs/testenv/lib/python3.11/site-packages/numpy/lib/function_base.py:2455: RuntimeWarning: invalid value encountered in func (vectorized)
  outputs = ufunc(*inputs)
1900
2023-11-04 01:23:29
elapsed:  3466.6  seconds
1950
2023-11-04 01:24:54
2000
2023-11-04 01:26:26
elapsed:  3643.5  seconds
2050
2023-11-04 01:27:57
2100
2023-11-04 01:29:36
elapsed:  3833.2  seconds
2150
2023-11-04 01:31:19
2200
2023-11-04 01:33:03
elapsed:  4040.7  seconds
2250
2023-11-04 01:34:44
2300
2023-11-04 01:36:17
elapsed:  4234.7  seconds
2350
2023-11-04 01:38:03
2400
2023-11-04 01:39:43
elapsed:  4440.2  seconds
2450
2023-11-04 01:41:26
2500
2023-11-04 01:42:53
elapsed:  4630.2  seconds
2550
2023-11-04 01:44:31
2600
2023-11-04 01:46:07
elapsed:  4824.2  seconds
2650
2023-11-04 01:47:45
2700
2023-11-04 01:49:29
elapsed:  5026.7  seconds
2750
2023-11-04 01:51:05
/projects/muyang@colostate.edu/software/anaconda/envs/testenv/lib/python3.11/site-packages/numpy/lib/function_base.py:2455: RuntimeWarning: divide by zero encountered in func (vectorized)
  outputs = ufunc(*inputs)
/projects/muyang@colostate.edu/software/anaconda/envs/testenv/lib/python3.11/site-packages/numpy/lib/function_base.py:2455: RuntimeWarning: invalid value encountered in func (vectorized)
  outputs = ufunc(*inputs)
2800
2023-11-04 01:52:49
elapsed:  5225.9  seconds
2850
2023-11-04 01:54:31
2900
2023-11-04 01:56:12
elapsed:  5428.9  seconds
2950
2023-11-04 01:57:58
3000
2023-11-04 01:59:35
elapsed:  5632.5  seconds
3050
2023-11-04 02:01:04
3100
2023-11-04 02:02:11
elapsed:  5788.0  seconds
/projects/muyang@colostate.edu/software/anaconda/envs/testenv/lib/python3.11/site-packages/numpy/lib/function_base.py:2455: RuntimeWarning: divide by zero encountered in func (vectorized)
  outputs = ufunc(*inputs)
/projects/muyang@colostate.edu/software/anaconda/envs/testenv/lib/python3.11/site-packages/numpy/lib/function_base.py:2455: RuntimeWarning: invalid value encountered in func (vectorized)
  outputs = ufunc(*inputs)
/projects/muyang@colostate.edu/software/anaconda/envs/testenv/lib/python3.11/site-packages/numpy/lib/function_base.py:2455: RuntimeWarning: divide by zero encountered in func (vectorized)
  outputs = ufunc(*inputs)
/projects/muyang@colostate.edu/software/anaconda/envs/testenv/lib/python3.11/site-packages/numpy/lib/function_base.py:2455: RuntimeWarning: invalid value encountered in func (vectorized)
  outputs = ufunc(*inputs)
3150
2023-11-04 02:03:23
/projects/muyang@colostate.edu/software/anaconda/envs/testenv/lib/python3.11/site-packages/numpy/lib/function_base.py:2455: RuntimeWarning: divide by zero encountered in func (vectorized)
  outputs = ufunc(*inputs)
/projects/muyang@colostate.edu/software/anaconda/envs/testenv/lib/python3.11/site-packages/numpy/lib/function_base.py:2455: RuntimeWarning: invalid value encountered in func (vectorized)
  outputs = ufunc(*inputs)
3200
2023-11-04 02:04:37
elapsed:  5934.3  seconds
3250
2023-11-04 02:06:18
3300
2023-11-04 02:07:58
elapsed:  6135.6  seconds
3350
2023-11-04 02:09:39
3400
2023-11-04 02:11:05
elapsed:  6322.6  seconds
/projects/muyang@colostate.edu/software/anaconda/envs/testenv/lib/python3.11/site-packages/numpy/lib/function_base.py:2455: RuntimeWarning: divide by zero encountered in func (vectorized)
  outputs = ufunc(*inputs)
/projects/muyang@colostate.edu/software/anaconda/envs/testenv/lib/python3.11/site-packages/numpy/lib/function_base.py:2455: RuntimeWarning: invalid value encountered in func (vectorized)
  outputs = ufunc(*inputs)
3450
2023-11-04 02:12:40
3500
2023-11-04 02:14:29
elapsed:  6525.8  seconds
3550
2023-11-04 02:16:03
3600
2023-11-04 02:17:35
elapsed:  6711.9  seconds
3650
2023-11-04 02:19:17
3700
2023-11-04 02:20:59
elapsed:  6916.4  seconds
3750
2023-11-04 02:22:43
3800
2023-11-04 02:24:19
elapsed:  7116.6  seconds
3850
2023-11-04 02:25:48
3900
2023-11-04 02:27:26
elapsed:  7302.9  seconds
3950
2023-11-04 02:29:01
4000
2023-11-04 02:30:40
elapsed:  7496.9  seconds
4050
2023-11-04 02:32:23
4100
2023-11-04 02:33:49
elapsed:  7686.1  seconds
4150
2023-11-04 02:35:13
4200
2023-11-04 02:36:59
elapsed:  7875.9  seconds
4250
2023-11-04 02:38:34
4300
2023-11-04 02:40:14
elapsed:  8071.0  seconds
4350
2023-11-04 02:41:57
4400
2023-11-04 02:43:41
elapsed:  8278.2  seconds
4450
2023-11-04 02:45:20
4500
2023-11-04 02:47:00
elapsed:  8476.8  seconds
4550
2023-11-04 02:48:43
4600
2023-11-04 02:50:24
elapsed:  8681.4  seconds
4650
2023-11-04 02:52:05
4700
2023-11-04 02:53:45
elapsed:  8882.0  seconds
4750
2023-11-04 02:55:20
4800
2023-11-04 02:56:55
elapsed:  9072.2  seconds
4850
2023-11-04 02:58:28
4900
2023-11-04 03:00:06
elapsed:  9263.6  seconds
/projects/muyang@colostate.edu/software/anaconda/envs/testenv/lib/python3.11/site-packages/numpy/lib/function_base.py:2455: RuntimeWarning: divide by zero encountered in func (vectorized)
  outputs = ufunc(*inputs)
/projects/muyang@colostate.edu/software/anaconda/envs/testenv/lib/python3.11/site-packages/numpy/lib/function_base.py:2455: RuntimeWarning: invalid value encountered in func (vectorized)
  outputs = ufunc(*inputs)
/projects/muyang@colostate.edu/software/anaconda/envs/testenv/lib/python3.11/site-packages/numpy/lib/function_base.py:2455: RuntimeWarning: divide by zero encountered in func (vectorized)
  outputs = ufunc(*inputs)
/projects/muyang@colostate.edu/software/anaconda/envs/testenv/lib/python3.11/site-packages/numpy/lib/function_base.py:2455: RuntimeWarning: invalid value encountered in func (vectorized)
  outputs = ufunc(*inputs)
/projects/muyang@colostate.edu/software/anaconda/envs/testenv/lib/python3.11/site-packages/numpy/lib/function_base.py:2455: RuntimeWarning: divide by zero encountered in func (vectorized)
  outputs = ufunc(*inputs)
/projects/muyang@colostate.edu/software/anaconda/envs/testenv/lib/python3.11/site-packages/numpy/lib/function_base.py:2455: RuntimeWarning: invalid value encountered in func (vectorized)
  outputs = ufunc(*inputs)
/projects/muyang@colostate.edu/software/anaconda/envs/testenv/lib/python3.11/site-packages/numpy/lib/function_base.py:2455: RuntimeWarning: divide by zero encountered in func (vectorized)
  outputs = ufunc(*inputs)
/projects/muyang@colostate.edu/software/anaconda/envs/testenv/lib/python3.11/site-packages/numpy/lib/function_base.py:2455: RuntimeWarning: invalid value encountered in func (vectorized)
  outputs = ufunc(*inputs)
/projects/muyang@colostate.edu/software/anaconda/envs/testenv/lib/python3.11/site-packages/numpy/lib/function_base.py:2455: RuntimeWarning: divide by zero encountered in func (vectorized)
  outputs = ufunc(*inputs)
/projects/muyang@colostate.edu/software/anaconda/envs/testenv/lib/python3.11/site-packages/numpy/lib/function_base.py:2455: RuntimeWarning: invalid value encountered in func (vectorized)
  outputs = ufunc(*inputs)
4950
2023-11-04 03:01:50
5000
2023-11-04 03:03:36
elapsed:  9473.0  seconds
5050
2023-11-04 03:05:20
5100
2023-11-04 03:07:01
elapsed:  9678.2  seconds
5150
2023-11-04 03:08:45
5200
2023-11-04 03:10:19
elapsed:  9876.7  seconds
5250
2023-11-04 03:11:57
5300
2023-11-04 03:13:32
elapsed:  10069.1  seconds
5350
2023-11-04 03:15:12
5400
2023-11-04 03:16:53
elapsed:  10269.8  seconds
5450
2023-11-04 03:18:29
/projects/muyang@colostate.edu/software/anaconda/envs/testenv/lib/python3.11/site-packages/numpy/lib/function_base.py:2455: RuntimeWarning: divide by zero encountered in func (vectorized)
  outputs = ufunc(*inputs)
/projects/muyang@colostate.edu/software/anaconda/envs/testenv/lib/python3.11/site-packages/numpy/lib/function_base.py:2455: RuntimeWarning: invalid value encountered in func (vectorized)
  outputs = ufunc(*inputs)
5500
2023-11-04 03:20:03
elapsed:  10459.8  seconds
5550
2023-11-04 03:21:42
5600
2023-11-04 03:23:16
elapsed:  10653.7  seconds
5650
2023-11-04 03:24:54
5700
2023-11-04 03:26:21
elapsed:  10838.4  seconds
5750
2023-11-04 03:27:53
5800
2023-11-04 03:29:28
elapsed:  11025.6  seconds
5850
2023-11-04 03:30:59
5900
2023-11-04 03:32:30
elapsed:  11207.5  seconds
5950
2023-11-04 03:34:06
6000
2023-11-04 03:35:35
elapsed:  11392.6  seconds
6050
2023-11-04 03:37:06
6100
2023-11-04 03:38:44
elapsed:  11581.6  seconds
6150
2023-11-04 03:40:24
6200
2023-11-04 03:42:02
elapsed:  11778.9  seconds
6250
2023-11-04 03:43:27
6300
2023-11-04 03:44:50
elapsed:  11947.2  seconds
6350
2023-11-04 03:46:22
6400
2023-11-04 03:47:52
elapsed:  12129.1  seconds
6450
2023-11-04 03:49:24
6500
2023-11-04 03:50:54
elapsed:  12311.2  seconds
6550
2023-11-04 03:52:27
6600
2023-11-04 03:54:00
elapsed:  12497.3  seconds
6650
2023-11-04 03:55:45
6700
2023-11-04 03:57:24
elapsed:  12701.3  seconds
6750
2023-11-04 03:58:59
6800
2023-11-04 04:00:41
elapsed:  12898.4  seconds
6850
2023-11-04 04:02:22
6900
2023-11-04 04:04:03
elapsed:  13100.1  seconds
6950
2023-11-04 04:05:47
7000
2023-11-04 04:07:22
elapsed:  13299.3  seconds
7050
2023-11-04 04:08:59
7100
2023-11-04 04:10:32
elapsed:  13489.2  seconds
7150
2023-11-04 04:12:09
7200
2023-11-04 04:13:57
elapsed:  13694.0  seconds
7250
2023-11-04 04:15:28
7300
2023-11-04 04:16:55
elapsed:  13872.3  seconds
7350
2023-11-04 04:18:26
/projects/muyang@colostate.edu/software/anaconda/envs/testenv/lib/python3.11/site-packages/numpy/lib/function_base.py:2455: RuntimeWarning: divide by zero encountered in func (vectorized)
  outputs = ufunc(*inputs)
/projects/muyang@colostate.edu/software/anaconda/envs/testenv/lib/python3.11/site-packages/numpy/lib/function_base.py:2455: RuntimeWarning: invalid value encountered in func (vectorized)
  outputs = ufunc(*inputs)
7400
2023-11-04 04:20:02
elapsed:  14059.6  seconds
7450
2023-11-04 04:21:39
7500
2023-11-04 04:23:19
elapsed:  14255.9  seconds
7550
2023-11-04 04:25:03
7600
2023-11-04 04:26:27
elapsed:  14444.3  seconds
7650
2023-11-04 04:28:04
7700
2023-11-04 04:29:45
elapsed:  14642.4  seconds
7750
2023-11-04 04:31:26
7800
2023-11-04 04:33:04
elapsed:  14841.6  seconds
7850
2023-11-04 04:34:49
7900
2023-11-04 04:36:29
elapsed:  15045.9  seconds
7950
2023-11-04 04:38:14
8000
2023-11-04 04:39:51
elapsed:  15248.0  seconds
8050
2023-11-04 04:41:37
8100
2023-11-04 04:43:14
elapsed:  15451.1  seconds
8150
2023-11-04 04:44:55
8200
2023-11-04 04:46:29
elapsed:  15645.8  seconds
8250
2023-11-04 04:48:12
8300
2023-11-04 04:49:46
elapsed:  15843.1  seconds
8350
2023-11-04 04:51:26
8400
2023-11-04 04:53:03
elapsed:  16040.6  seconds
/projects/muyang@colostate.edu/software/anaconda/envs/testenv/lib/python3.11/site-packages/numpy/lib/function_base.py:2455: RuntimeWarning: divide by zero encountered in func (vectorized)
  outputs = ufunc(*inputs)
/projects/muyang@colostate.edu/software/anaconda/envs/testenv/lib/python3.11/site-packages/numpy/lib/function_base.py:2455: RuntimeWarning: invalid value encountered in func (vectorized)
  outputs = ufunc(*inputs)
/projects/muyang@colostate.edu/software/anaconda/envs/testenv/lib/python3.11/site-packages/numpy/lib/function_base.py:2455: RuntimeWarning: divide by zero encountered in func (vectorized)
  outputs = ufunc(*inputs)
/projects/muyang@colostate.edu/software/anaconda/envs/testenv/lib/python3.11/site-packages/numpy/lib/function_base.py:2455: RuntimeWarning: invalid value encountered in func (vectorized)
  outputs = ufunc(*inputs)
8450
2023-11-04 04:54:38
8500
2023-11-04 04:56:17
elapsed:  16234.6  seconds
8550
2023-11-04 04:58:02
8600
2023-11-04 04:59:36
elapsed:  16433.5  seconds
8650
2023-11-04 05:01:13
8700
2023-11-04 05:02:50
elapsed:  16627.2  seconds
8750
2023-11-04 05:04:36
8800
2023-11-04 05:06:10
elapsed:  16827.0  seconds
8850
2023-11-04 05:07:56
8900
2023-11-04 05:09:29
elapsed:  17026.2  seconds
8950
2023-11-04 05:11:08
9000
2023-11-04 05:12:42
elapsed:  17219.0  seconds
9050
2023-11-04 05:14:23
9100
2023-11-04 05:16:08
elapsed:  17425.7  seconds
9150
2023-11-04 05:17:49
9200
2023-11-04 05:19:20
elapsed:  17617.5  seconds
9250
2023-11-04 05:21:07
9300
2023-11-04 05:22:35
elapsed:  17812.0  seconds
9350
2023-11-04 05:24:16
9400
2023-11-04 05:25:55
elapsed:  18012.1  seconds
9450
2023-11-04 05:27:28
9500
2023-11-04 05:29:00
elapsed:  18197.6  seconds
9550
2023-11-04 05:30:39
9600
2023-11-04 05:32:06
elapsed:  18383.5  seconds
9650
2023-11-04 05:33:54
9700
2023-11-04 05:35:39
elapsed:  18596.4  seconds
9750
2023-11-04 05:37:21
9800
2023-11-04 05:38:59
elapsed:  18796.6  seconds
9850
2023-11-04 05:40:37
9900
2023-11-04 05:42:09
elapsed:  18985.9  seconds
9950
2023-11-04 05:43:51
10000
2023-11-04 05:45:27
elapsed:  19184.3  seconds
10050
2023-11-04 05:47:02
10100
2023-11-04 05:48:34
elapsed:  19371.3  seconds
10150
2023-11-04 05:50:19
10200
2023-11-04 05:51:51
elapsed:  19568.3  seconds
10250
2023-11-04 05:53:34
/projects/muyang@colostate.edu/software/anaconda/envs/testenv/lib/python3.11/site-packages/numpy/lib/function_base.py:2455: RuntimeWarning: divide by zero encountered in func (vectorized)
  outputs = ufunc(*inputs)
/projects/muyang@colostate.edu/software/anaconda/envs/testenv/lib/python3.11/site-packages/numpy/lib/function_base.py:2455: RuntimeWarning: invalid value encountered in func (vectorized)
  outputs = ufunc(*inputs)
10300
2023-11-04 05:55:21
elapsed:  19778.7  seconds
/projects/muyang@colostate.edu/software/anaconda/envs/testenv/lib/python3.11/site-packages/numpy/lib/function_base.py:2455: RuntimeWarning: divide by zero encountered in func (vectorized)
  outputs = ufunc(*inputs)
/projects/muyang@colostate.edu/software/anaconda/envs/testenv/lib/python3.11/site-packages/numpy/lib/function_base.py:2455: RuntimeWarning: invalid value encountered in func (vectorized)
  outputs = ufunc(*inputs)
10350
2023-11-04 05:57:01
10400
2023-11-04 05:58:32
elapsed:  19968.9  seconds
10450
2023-11-04 06:00:07
/projects/muyang@colostate.edu/software/anaconda/envs/testenv/lib/python3.11/site-packages/numpy/lib/function_base.py:2455: RuntimeWarning: divide by zero encountered in func (vectorized)
  outputs = ufunc(*inputs)
/projects/muyang@colostate.edu/software/anaconda/envs/testenv/lib/python3.11/site-packages/numpy/lib/function_base.py:2455: RuntimeWarning: invalid value encountered in func (vectorized)
  outputs = ufunc(*inputs)
10500
2023-11-04 06:01:48
elapsed:  20165.4  seconds
/projects/muyang@colostate.edu/software/anaconda/envs/testenv/lib/python3.11/site-packages/numpy/lib/function_base.py:2455: RuntimeWarning: divide by zero encountered in func (vectorized)
  outputs = ufunc(*inputs)
/projects/muyang@colostate.edu/software/anaconda/envs/testenv/lib/python3.11/site-packages/numpy/lib/function_base.py:2455: RuntimeWarning: invalid value encountered in func (vectorized)
  outputs = ufunc(*inputs)
10550
2023-11-04 06:03:27
10600
2023-11-04 06:05:11
elapsed:  20368.6  seconds
10650
2023-11-04 06:06:54
/projects/muyang@colostate.edu/software/anaconda/envs/testenv/lib/python3.11/site-packages/numpy/lib/function_base.py:2455: RuntimeWarning: divide by zero encountered in func (vectorized)
  outputs = ufunc(*inputs)
/projects/muyang@colostate.edu/software/anaconda/envs/testenv/lib/python3.11/site-packages/numpy/lib/function_base.py:2455: RuntimeWarning: invalid value encountered in func (vectorized)
  outputs = ufunc(*inputs)
10700
2023-11-04 06:08:30
elapsed:  20567.7  seconds
/projects/muyang@colostate.edu/software/anaconda/envs/testenv/lib/python3.11/site-packages/numpy/lib/function_base.py:2455: RuntimeWarning: divide by zero encountered in func (vectorized)
  outputs = ufunc(*inputs)
/projects/muyang@colostate.edu/software/anaconda/envs/testenv/lib/python3.11/site-packages/numpy/lib/function_base.py:2455: RuntimeWarning: invalid value encountered in func (vectorized)
  outputs = ufunc(*inputs)
10750
2023-11-04 06:10:19
10800
2023-11-04 06:11:57
elapsed:  20773.9  seconds
10850
2023-11-04 06:13:32
10900
2023-11-04 06:14:50
elapsed:  20947.2  seconds
10950
2023-11-04 06:16:29
11000
2023-11-04 06:17:51
elapsed:  21128.3  seconds
11050
2023-11-04 06:19:24
11100
2023-11-04 06:21:08
elapsed:  21325.1  seconds
11150
2023-11-04 06:22:39
11200
2023-11-04 06:24:20
elapsed:  21517.3  seconds
11250
2023-11-04 06:25:53
11300
2023-11-04 06:27:27
elapsed:  21704.2  seconds
11350
2023-11-04 06:29:09
11400
2023-11-04 06:30:52
elapsed:  21908.8  seconds
11450
2023-11-04 06:32:36
11500
2023-11-04 06:34:08
elapsed:  22105.3  seconds
11550
2023-11-04 06:35:40
11600
2023-11-04 06:37:21
elapsed:  22298.0  seconds
11650
2023-11-04 06:39:04
11700
2023-11-04 06:40:41
elapsed:  22498.2  seconds
11750
2023-11-04 06:42:14
11800
2023-11-04 06:43:55
elapsed:  22691.9  seconds
11850
2023-11-04 06:45:25
11900
2023-11-04 06:47:01
elapsed:  22878.7  seconds
11950
2023-11-04 06:48:38
12000
2023-11-04 06:50:09
elapsed:  23066.4  seconds
12050
2023-11-04 06:51:45
12100
2023-11-04 06:53:15
elapsed:  23252.6  seconds
12150
2023-11-04 06:54:52
12200
2023-11-04 06:56:38
elapsed:  23454.9  seconds
12250
2023-11-04 06:58:18
12300
2023-11-04 06:59:53
elapsed:  23650.2  seconds
12350
2023-11-04 07:01:37
12400
2023-11-04 07:03:15
elapsed:  23852.4  seconds
12450
2023-11-04 07:04:51
12500
2023-11-04 07:06:37
elapsed:  24054.6  seconds
12550
2023-11-04 07:08:22
12600
2023-11-04 07:10:03
elapsed:  24260.1  seconds
12650
2023-11-04 07:11:43
12700
2023-11-04 07:13:19
elapsed:  24456.5  seconds
12750
2023-11-04 07:15:02
12800
2023-11-04 07:16:40
elapsed:  24657.4  seconds
12850
2023-11-04 07:18:19
12900
2023-11-04 07:19:46
elapsed:  24843.3  seconds
/projects/muyang@colostate.edu/software/anaconda/envs/testenv/lib/python3.11/site-packages/numpy/lib/function_base.py:2455: RuntimeWarning: divide by zero encountered in func (vectorized)
  outputs = ufunc(*inputs)
/projects/muyang@colostate.edu/software/anaconda/envs/testenv/lib/python3.11/site-packages/numpy/lib/function_base.py:2455: RuntimeWarning: invalid value encountered in func (vectorized)
  outputs = ufunc(*inputs)
12950
2023-11-04 07:21:21
13000
2023-11-04 07:23:00
elapsed:  25037.5  seconds
13050
2023-11-04 07:24:38
13100
2023-11-04 07:26:20
elapsed:  25236.8  seconds
13150
2023-11-04 07:28:05
13200
2023-11-04 07:29:34
elapsed:  25431.3  seconds
13250
2023-11-04 07:31:18
13300
2023-11-04 07:32:59
elapsed:  25636.2  seconds
13350
2023-11-04 07:34:40
13400
2023-11-04 07:36:19
elapsed:  25836.8  seconds
13450
2023-11-04 07:37:59
13500
2023-11-04 07:39:36
elapsed:  26032.8  seconds
13550
2023-11-04 07:41:18
13600
2023-11-04 07:42:54
elapsed:  26230.8  seconds
13650
2023-11-04 07:44:32
13700
2023-11-04 07:46:21
elapsed:  26438.0  seconds
13750
2023-11-04 07:47:51
13800
2023-11-04 07:49:24
elapsed:  26620.8  seconds
13850
2023-11-04 07:51:07
13900
2023-11-04 07:52:44
elapsed:  26820.8  seconds
13950
2023-11-04 07:54:18
14000
2023-11-04 07:55:59
elapsed:  27016.2  seconds
14050
2023-11-04 07:57:37
14100
2023-11-04 07:59:21
elapsed:  27218.0  seconds
14150
2023-11-04 08:01:02
14200
2023-11-04 08:02:38
elapsed:  27415.2  seconds
14250
2023-11-04 08:04:16
14300
2023-11-04 08:05:56
elapsed:  27612.8  seconds
14350
2023-11-04 08:07:37
14400
2023-11-04 08:09:06
elapsed:  27803.6  seconds
14450
2023-11-04 08:10:50
14500
2023-11-04 08:12:29
elapsed:  28005.9  seconds
14550
2023-11-04 08:14:03
14600
2023-11-04 08:15:41
elapsed:  28198.8  seconds
14650
2023-11-04 08:17:23
14700
2023-11-04 08:19:00
elapsed:  28397.0  seconds
14750
2023-11-04 08:20:38
14800
2023-11-04 08:22:21
elapsed:  28598.3  seconds
14850
2023-11-04 08:24:08
14900
2023-11-04 08:25:42
elapsed:  28799.2  seconds
14950
2023-11-04 08:27:20
elapsed:  28994.6  seconds
total time:  28999.0  seconds
true R:  [[5.78464231e-01 8.28597489e-01 7.27496946e-01 2.52131512e+02
  3.90815478e+01 1.09845758e-01 3.14526720e+00 6.99858613e-01
  2.62558933e+00 3.76810884e+01 4.68680734e-01 1.57415794e-01
  3.35007319e-01 3.92068102e-01 2.22485345e-01 1.64775406e-01
  3.91652004e-01 1.33994665e-01 9.28789128e+02 3.04829242e-01
  8.82358650e+01 1.28952386e+00 1.88458219e+00 9.86633543e-01
  3.31054521e-01 1.85351047e-01 3.45787333e-01 1.98149610e+00
  1.24762656e+00 3.54188925e-01 2.67568984e-01 1.40990239e+00
  2.39605436e+00 6.22698747e+02 1.75799463e+01 3.42350227e+01
  5.14015090e-01 1.08563691e+00 2.40578960e-01 1.88020483e-01
  4.15797521e-01 2.12565036e+01 5.82516610e-01 1.15940852e+01
  7.47356043e-01 4.40127721e+00 9.16157611e+00 1.61798309e-01
  8.41874076e-01 7.94805404e-01 4.52653706e-01 4.06081964e+00
  3.22748119e+00 1.24393405e+00 1.65686470e-01 2.06447650e-01
  1.70921859e+00 2.45368512e+01 9.43857769e-01 1.26854034e+00
  8.32669695e-01 1.78527100e+00 2.02013667e-01 3.59862452e+00]
 [6.36518034e-01 3.46546658e-01 9.04238754e-01 2.27393803e-01
  1.21949169e-01 2.96565239e+00 4.57195008e+00 1.24151273e+00
  1.76331509e-01 4.30965387e+00 2.83295793e+00 6.57020487e-01
  8.00560254e-02 1.68463908e+03 4.75811095e+01 4.08154205e-01
  1.75512058e+00 5.97292466e-01 2.22961661e+01 1.59175240e+01
  4.61602179e+00 6.00200263e+00 5.86528804e-01 3.15845060e+00
  5.43450174e-01 4.94108644e+00 3.28131285e-01 3.82144428e+00
  5.41881481e-01 1.64845118e+00 1.27663867e+00 7.97452886e-01
  2.83921229e-01 5.64489766e-01 1.63034426e+00 9.17128000e+01
  2.06287497e-01 2.58154369e-01 5.56132437e+00 2.69354342e+00
  7.09545006e+00 8.97217948e-01 1.20350359e+00 2.91622192e+00
  1.57313235e+00 3.93812727e-01 2.13962400e+00 1.24491439e-01
  3.54345890e+00 3.00489225e+00 4.49747531e+00 8.34433803e+02
  4.41790205e-01 5.74853137e+01 1.82733360e+00 4.30783370e-01
  1.82400455e+02 5.27605713e-02 9.69827937e-01 4.31150436e-01
  7.41388967e-01 9.80628379e-01 1.21867380e+01 6.97929491e-01]
 [1.86237047e+00 1.14182894e+01 7.20804956e-02 2.35861869e-01
  1.31023893e+00 1.35691941e+02 1.11968816e+00 4.74758219e-01
  2.39253201e-01 8.49509617e-01 3.13433724e-01 2.83593787e-01
  2.06456011e+00 1.18915065e+00 1.98048648e+00 5.97122034e-01
  1.14635713e+00 5.65860095e-01 1.50999153e+00 4.05160430e+01
  5.75141316e+01 7.25204746e+00 9.39419138e-01 3.21015663e-01
  2.80511429e-01 9.16099698e-02 4.36287852e-01 3.20144217e+00
  1.72710437e-01 2.31773601e+00 2.86698496e+00 1.02471858e+04
  1.80014539e-01 3.63174718e+01 4.24514620e+00 4.23902458e+01
  2.42519593e-01 2.79640157e-01 2.48631778e+02 3.08642393e-01
  9.69649415e+00 6.51665345e+00 2.63636337e+00 2.79907312e+00
  4.29151979e-01 9.33713869e-01 2.62609712e+01 1.49171756e-01
  1.55955353e-01 3.16548568e+03 4.70540881e-01 1.52040409e+00
  3.58079454e+01 2.32124589e+04 1.02698350e-01 3.06608554e+00
  1.53597026e+00 2.07162116e+02 1.95406317e+00 9.84314277e-01
  8.36321951e-01 3.99385665e+00 3.45659911e-01 2.35932518e+00]
 [2.89455867e+01 7.58069513e+00 9.28182241e-01 5.21679133e-01
  1.84896709e-01 1.33154931e+00 2.66748952e-01 2.29462476e+00
  2.13167726e+00 1.85944486e+00 1.10325935e+02 4.84327722e-01
  1.54842297e-01 2.94358642e+01 1.48782712e+00 1.61235873e+00
  1.26886067e-01 4.40838307e+00 4.09697718e-01 7.74236845e-01
  1.07424911e-01 6.35490180e-01 5.21996677e-01 4.65224813e-01
  2.27112431e-01 2.63217952e-01 3.76314137e-01 6.76710875e+00
  7.66167587e-01 8.10632677e-01 8.02859576e+00 1.28966229e+00
  5.95988124e-01 1.82241236e+01 2.55058215e-01 1.02525162e+00
  1.00426443e+01 4.81507515e+00 2.11799845e-01 8.50832467e-01
  2.15551607e+02 6.83500365e+01 1.68779010e+02 3.44145597e-01
  1.21426351e+00 2.97437595e+01 4.32049705e+01 1.18155260e+02
  3.23978219e+01 2.68012052e-01 2.48328825e+00 9.53930205e+00
  2.85613881e+00 3.92333644e-01 1.53746623e+00 5.32991016e-01
  2.13542906e+00 1.79775947e+00 1.49571240e+01 1.34569986e-01
  1.56994408e+00 1.28593496e+00 1.12531627e+00 4.29480124e-01]
 [1.72439882e+00 6.51319108e+01 7.92267977e+00 1.90631545e-01
  3.25523587e+00 2.61491410e-01 5.11606177e+00 5.40261839e-01
  1.73273194e+01 1.21878550e+00 1.45131557e-01 2.56157031e+01
  2.18400903e-01 2.16119684e+00 1.33901238e+00 7.08349256e+01
  1.02240756e+00 6.65111784e-01 1.27530368e+00 9.92426171e-02
  2.97509404e+00 5.82861247e-01 1.85512318e+00 2.62282089e+00
  7.29012851e+01 9.90806174e-01 8.34777519e-02 4.77360411e-01
  2.43421813e+01 1.61800180e+00 1.96094652e+00 5.82058276e-01
  7.47634354e-01 1.93502803e-01 2.83693247e+00 6.53553632e-01
  9.23877956e-01 4.26562757e+01 2.18609351e-01 4.30071403e-01
  7.19761506e-01 6.32787386e+02 2.63416785e+00 5.70368765e+00
  1.82008182e+02 1.28023549e+00 6.30727738e-01 3.71361051e-01
  1.17720020e+00 2.13663381e-01 9.09053273e-01 3.94412060e+00
  5.05183737e-01 4.05380513e-01 1.15635314e-01 9.30717716e-02
  1.16478718e+00 1.79949002e+00 1.98614151e-01 1.82563689e+00
  2.40045767e-01 2.22439796e+00 1.77218654e-01 2.38651875e-01]
 [7.08971573e-02 3.50380143e-01 1.54316683e+00 4.33999349e-01
  1.96804611e+01 7.86283133e+00 4.88847612e-01 9.81259027e-01
  3.54894305e+00 1.13202981e+02 1.12128685e+02 6.49492273e-01
  2.92890046e+00 1.09048509e+01 1.61132733e-01 6.66054127e-01
  5.02299679e+00 3.17493302e-01 9.06560358e+00 5.20175387e+00
  8.53611070e-01 2.58090766e+00 8.34302416e-01 2.65036386e+00
  4.64672646e+00 2.75523750e-01 1.63121519e+00 1.27317259e+03
  6.56686459e-01 1.21588975e+00 2.43017319e+03 5.26229072e-01
  3.27783790e-01 9.69787802e-02 4.20523612e-01 3.96892879e-01
  9.31262325e-01 1.07441836e+00 3.06888479e-01 8.29076753e+00
  3.44766914e-01 1.27957514e+00 3.18501960e+00 7.97008307e-01
  3.33144404e-01 3.69622369e+00 5.23863377e-01 4.93114189e-01
  7.83459406e-01 6.33137788e+00 1.36214919e+00 5.14808528e-01
  1.93290288e+00 1.55527135e+00 1.21988619e+00 8.25782118e+00
  5.56059912e-01 1.17280561e-01 2.12393491e+01 3.60697145e+00
  4.16446947e-01 4.04429720e-01 6.66312800e-01 1.66982936e-01]
 [2.54970216e-01 5.91273634e+00 4.98365533e+00 1.77536463e+02
  1.83175082e+00 1.04300924e+00 2.58785376e-01 2.06270882e+00
  2.00648523e+01 2.70259735e-01 5.56347921e+00 2.73307855e+00
  1.31889751e+00 5.26786244e+00 3.57151651e+00 6.32304258e+01
  6.38967191e+00 6.17301912e-01 4.13815342e+03 3.12444204e+00
  6.55320712e+00 2.21005471e+00 6.08789374e+01 3.30868177e+00
  1.34352657e+00 1.38468130e+01 2.96681173e-01 1.24567515e-01
  1.52757721e+00 1.66572640e-01 4.17209847e-01 2.54469790e+00
  5.24632807e+02 1.00242852e+00 4.56985398e-02 5.88904364e-01
  4.51108613e-01 1.36087440e+01 2.92666937e-01 1.65919328e-01
  2.41695075e-01 1.05798583e+00 5.57208494e-01 1.57089967e-01
  2.87889690e+00 7.22699271e+00 4.33752420e+01 2.27519224e-01
  9.44115266e-02 4.33090131e-01 7.84696951e-01 1.36652387e-01
  1.12253464e-01 1.16519952e+00 4.97664081e-01 1.61172210e+00
  2.58479343e+00 1.59565346e+01 1.26203853e+04 6.82541055e-01
  1.99797991e+00 1.47862753e+00 1.57875476e+01 2.77699424e+01]
 [3.90184944e-01 2.02058604e+03 1.82885894e-01 3.11690797e+00
  2.26363300e-01 6.36499839e-01 1.15606408e+00 1.90063001e+00
  1.15552382e-01 6.03509131e-01 9.64301287e-01 2.75932756e+01
  1.20732934e+00 2.51373606e-01 2.28365776e-01 8.88774599e-01
  7.73018301e-01 2.57983318e+00 6.11471854e-01 2.20522790e+00
  4.12198208e-01 3.40207087e-01 1.32438655e+00 3.74698547e+00
  1.17999876e+00 5.99744634e-01 2.13069521e-01 1.47980158e+01
  1.94494887e+00 9.40789776e+01 3.50165530e-01 5.64972352e-01
  1.27655968e+00 1.00378657e+00 1.59906337e+00 4.59419661e-01
  9.56931542e-01 5.69525395e+00 7.25356712e-01 2.94020532e-01
  2.08378325e+00 7.11656715e-02 1.40653490e+02 5.97261110e+00
  3.61976959e-01 1.00086878e+01 8.92923369e-01 2.34089298e+00
  3.60380238e+00 6.34993220e-01 2.02498307e+00 3.83543754e+01
  2.05272628e+01 2.77462895e+01 8.17391386e-02 1.97271382e+00
  5.39684179e-01 1.78527287e+00 3.45808828e-01 8.44357755e+02
  8.03126747e-01 1.03450094e+00 4.89660647e-01 9.71239332e-01]
 [2.72414800e-01 4.82521704e-01 1.12338124e+01 1.77910386e+00
  3.09323449e-01 6.78391042e+00 2.68685413e-01 4.39325407e+00
  4.86743851e-01 6.55479581e+00 2.12538110e-01 2.88701722e+00
  2.81671994e+02 4.03447452e-01 1.17667770e+00 1.41582985e+00
  7.83339557e+00 1.75035911e+01 4.34215840e-01 1.30212787e-01
  7.80368185e-02 6.64564689e+01 2.23624741e+00 1.25923352e+00
  1.15214143e+00 4.54488319e-01 7.90637212e-01 2.06912217e-01
  3.44264569e-01 2.11729122e+00 4.03251251e+00 5.47673934e-01
  2.75133798e+00 7.23638747e-01 2.26890708e-01 6.00796667e-02
  1.52699533e+01 8.86480334e-01 1.87405543e+00 7.59949903e-01
  2.71480375e+00 8.46712779e+00 2.12544725e-01 1.84537747e-01
  9.11093872e+00 1.39092371e-01 7.90453314e-01 1.05536794e-01
  3.32353921e+00 6.13974149e+01 2.46846409e+00 6.27221147e+02
  5.86403707e+00 6.31052198e+00 4.08045055e-01 2.74521896e-01
  5.60619937e+02 2.51816435e-01 7.87826332e-01 6.28990166e-01
  2.26794138e-01 1.08918397e-01 1.45973415e+00 6.57064463e-01]]
