1
50
2023-11-11 22:29:37
100
2023-11-11 22:31:05
elapsed:  175.4  seconds
150
2023-11-11 22:32:42
200
2023-11-11 22:34:16
elapsed:  366.7  seconds
250
2023-11-11 22:35:49
300
2023-11-11 22:37:23
elapsed:  554.1  seconds
350
2023-11-11 22:39:00
400
2023-11-11 22:40:36
elapsed:  746.8  seconds
450
2023-11-11 22:42:12
500
2023-11-11 22:43:47
elapsed:  937.8  seconds
550
2023-11-11 22:45:26
600
2023-11-11 22:47:03
elapsed:  1133.4  seconds
650
2023-11-11 22:48:41
700
2023-11-11 22:50:16
elapsed:  1326.1  seconds
750
2023-11-11 22:51:52
800
2023-11-11 22:53:26
elapsed:  1517.0  seconds
850
2023-11-11 22:55:03
900
2023-11-11 22:56:36
elapsed:  1706.3  seconds
950
2023-11-11 22:58:11
1000
2023-11-11 22:59:43
elapsed:  1894.1  seconds
1050
2023-11-11 23:01:20
1100
2023-11-11 23:02:55
elapsed:  2085.3  seconds
1150
2023-11-11 23:04:32
/projects/muyang@colostate.edu/software/anaconda/envs/testenv/lib/python3.11/site-packages/numpy/lib/function_base.py:2455: RuntimeWarning: divide by zero encountered in func (vectorized)
  outputs = ufunc(*inputs)
/projects/muyang@colostate.edu/software/anaconda/envs/testenv/lib/python3.11/site-packages/numpy/lib/function_base.py:2455: RuntimeWarning: invalid value encountered in func (vectorized)
  outputs = ufunc(*inputs)
1200
2023-11-11 23:06:07
elapsed:  2277.6  seconds
1250
2023-11-11 23:07:45
1300
2023-11-11 23:09:21
elapsed:  2471.5  seconds
1350
2023-11-11 23:10:57
1400
2023-11-11 23:12:33
elapsed:  2663.5  seconds
1450
2023-11-11 23:14:11
/projects/muyang@colostate.edu/software/anaconda/envs/testenv/lib/python3.11/site-packages/numpy/lib/function_base.py:2455: RuntimeWarning: divide by zero encountered in func (vectorized)
  outputs = ufunc(*inputs)
/projects/muyang@colostate.edu/software/anaconda/envs/testenv/lib/python3.11/site-packages/numpy/lib/function_base.py:2455: RuntimeWarning: invalid value encountered in func (vectorized)
  outputs = ufunc(*inputs)
1500
2023-11-11 23:15:46
elapsed:  2856.7  seconds
1550
2023-11-11 23:17:24
1600
2023-11-11 23:18:58
elapsed:  3049.1  seconds
/projects/muyang@colostate.edu/software/anaconda/envs/testenv/lib/python3.11/site-packages/numpy/lib/function_base.py:2455: RuntimeWarning: divide by zero encountered in func (vectorized)
  outputs = ufunc(*inputs)
/projects/muyang@colostate.edu/software/anaconda/envs/testenv/lib/python3.11/site-packages/numpy/lib/function_base.py:2455: RuntimeWarning: invalid value encountered in func (vectorized)
  outputs = ufunc(*inputs)
1650
2023-11-11 23:20:35
1700
2023-11-11 23:22:06
elapsed:  3236.8  seconds
1750
2023-11-11 23:23:42
1800
2023-11-11 23:25:15
elapsed:  3425.8  seconds
1850
2023-11-11 23:26:52
/projects/muyang@colostate.edu/software/anaconda/envs/testenv/lib/python3.11/site-packages/numpy/lib/function_base.py:2455: RuntimeWarning: divide by zero encountered in func (vectorized)
  outputs = ufunc(*inputs)
/projects/muyang@colostate.edu/software/anaconda/envs/testenv/lib/python3.11/site-packages/numpy/lib/function_base.py:2455: RuntimeWarning: invalid value encountered in func (vectorized)
  outputs = ufunc(*inputs)
1900
2023-11-11 23:28:27
elapsed:  3617.3  seconds
1950
2023-11-11 23:30:03
2000
2023-11-11 23:31:38
elapsed:  3808.5  seconds
2050
2023-11-11 23:33:15
2100
2023-11-11 23:34:48
elapsed:  3998.8  seconds
2150
2023-11-11 23:36:24
2200
2023-11-11 23:37:58
elapsed:  4188.4  seconds
2250
2023-11-11 23:39:35
2300
2023-11-11 23:41:11
elapsed:  4381.6  seconds
2350
2023-11-11 23:42:49
2400
2023-11-11 23:44:24
elapsed:  4574.7  seconds
2450
2023-11-11 23:46:01
2500
2023-11-11 23:47:34
elapsed:  4764.9  seconds
2550
2023-11-11 23:49:11
2600
2023-11-11 23:50:46
elapsed:  4956.3  seconds
2650
2023-11-11 23:52:20
2700
2023-11-11 23:53:52
elapsed:  5142.5  seconds
2750
2023-11-11 23:55:31
2800
2023-11-11 23:57:07
elapsed:  5337.8  seconds
2850
2023-11-11 23:58:47
2900
2023-11-12 00:00:21
elapsed:  5531.6  seconds
2950
2023-11-12 00:01:57
3000
2023-11-12 00:03:32
elapsed:  5722.7  seconds
3050
2023-11-12 00:05:11
3100
2023-11-12 00:06:46
elapsed:  5916.7  seconds
3150
2023-11-12 00:08:22
3200
2023-11-12 00:09:57
elapsed:  6107.2  seconds
3250
2023-11-12 00:11:34
3300
2023-11-12 00:13:08
elapsed:  6298.1  seconds
3350
2023-11-12 00:14:44
3400
2023-11-12 00:16:20
elapsed:  6490.1  seconds
3450
2023-11-12 00:17:58
3500
2023-11-12 00:19:35
elapsed:  6685.1  seconds
3550
2023-11-12 00:21:12
3600
2023-11-12 00:22:46
elapsed:  6876.5  seconds
3650
2023-11-12 00:24:23
3700
2023-11-12 00:25:56
elapsed:  7066.8  seconds
3750
2023-11-12 00:27:32
3800
2023-11-12 00:29:06
elapsed:  7256.1  seconds
3850
2023-11-12 00:30:45
/projects/muyang@colostate.edu/software/anaconda/envs/testenv/lib/python3.11/site-packages/numpy/lib/function_base.py:2455: RuntimeWarning: divide by zero encountered in func (vectorized)
  outputs = ufunc(*inputs)
/projects/muyang@colostate.edu/software/anaconda/envs/testenv/lib/python3.11/site-packages/numpy/lib/function_base.py:2455: RuntimeWarning: invalid value encountered in func (vectorized)
  outputs = ufunc(*inputs)
3900
2023-11-12 00:32:20
elapsed:  7450.9  seconds
3950
2023-11-12 00:33:57
4000
2023-11-12 00:35:32
elapsed:  7642.1  seconds
4050
2023-11-12 00:37:09
4100
2023-11-12 00:38:43
elapsed:  7833.9  seconds
4150
2023-11-12 00:40:20
4200
2023-11-12 00:41:54
elapsed:  8024.4  seconds
4250
2023-11-12 00:43:31
4300
2023-11-12 00:45:07
elapsed:  8218.0  seconds
4350
2023-11-12 00:46:46
4400
2023-11-12 00:48:21
elapsed:  8411.5  seconds
4450
2023-11-12 00:49:58
4500
2023-11-12 00:51:34
elapsed:  8604.1  seconds
4550
2023-11-12 00:53:11
4600
2023-11-12 00:54:46
elapsed:  8796.9  seconds
4650
2023-11-12 00:56:24
4700
2023-11-12 00:57:59
elapsed:  8989.2  seconds
4750
2023-11-12 00:59:34
4800
2023-11-12 01:01:09
elapsed:  9179.1  seconds
4850
2023-11-12 01:02:46
4900
2023-11-12 01:04:22
elapsed:  9372.2  seconds
4950
2023-11-12 01:06:00
5000
2023-11-12 01:07:36
elapsed:  9566.9  seconds
5050
2023-11-12 01:09:14
5100
2023-11-12 01:10:49
elapsed:  9759.4  seconds
5150
2023-11-12 01:12:26
5200
2023-11-12 01:14:00
elapsed:  9950.8  seconds
5250
2023-11-12 01:15:37
5300
2023-11-12 01:17:11
elapsed:  10141.6  seconds
5350
2023-11-12 01:18:48
5400
2023-11-12 01:20:23
elapsed:  10333.3  seconds
5450
2023-11-12 01:22:01
5500
2023-11-12 01:23:34
elapsed:  10524.2  seconds
5550
2023-11-12 01:25:11
5600
2023-11-12 01:26:46
elapsed:  10716.9  seconds
5650
2023-11-12 01:28:23
5700
2023-11-12 01:29:57
elapsed:  10907.9  seconds
5750
2023-11-12 01:31:33
5800
2023-11-12 01:33:05
elapsed:  11095.9  seconds
5850
2023-11-12 01:34:42
5900
2023-11-12 01:36:17
elapsed:  11287.1  seconds
5950
2023-11-12 01:37:54
6000
2023-11-12 01:39:31
elapsed:  11481.2  seconds
6050
2023-11-12 01:41:07
6100
2023-11-12 01:42:40
elapsed:  11670.1  seconds
6150
2023-11-12 01:44:14
6200
2023-11-12 01:45:50
elapsed:  11860.7  seconds
/projects/muyang@colostate.edu/software/anaconda/envs/testenv/lib/python3.11/site-packages/numpy/lib/function_base.py:2455: RuntimeWarning: divide by zero encountered in func (vectorized)
  outputs = ufunc(*inputs)
/projects/muyang@colostate.edu/software/anaconda/envs/testenv/lib/python3.11/site-packages/numpy/lib/function_base.py:2455: RuntimeWarning: invalid value encountered in func (vectorized)
  outputs = ufunc(*inputs)
6250
2023-11-12 01:47:29
/projects/muyang@colostate.edu/software/anaconda/envs/testenv/lib/python3.11/site-packages/numpy/lib/function_base.py:2455: RuntimeWarning: divide by zero encountered in func (vectorized)
  outputs = ufunc(*inputs)
/projects/muyang@colostate.edu/software/anaconda/envs/testenv/lib/python3.11/site-packages/numpy/lib/function_base.py:2455: RuntimeWarning: invalid value encountered in func (vectorized)
  outputs = ufunc(*inputs)
6300
2023-11-12 01:49:05
elapsed:  12055.1  seconds
6350
2023-11-12 01:50:42
6400
2023-11-12 01:52:15
elapsed:  12245.7  seconds
6450
2023-11-12 01:53:52
6500
2023-11-12 01:55:27
elapsed:  12438.0  seconds
6550
2023-11-12 01:57:07
6600
2023-11-12 01:58:41
elapsed:  12631.7  seconds
6650
2023-11-12 02:00:17
6700
2023-11-12 02:01:49
elapsed:  12819.4  seconds
6750
2023-11-12 02:03:26
6800
2023-11-12 02:05:00
elapsed:  13010.7  seconds
6850
2023-11-12 02:06:38
6900
2023-11-12 02:08:15
elapsed:  13205.4  seconds
6950
2023-11-12 02:09:52
7000
2023-11-12 02:11:24
elapsed:  13395.0  seconds
7050
2023-11-12 02:12:59
7100
2023-11-12 02:14:33
elapsed:  13583.3  seconds
7150
2023-11-12 02:16:09
7200
2023-11-12 02:17:42
elapsed:  13772.7  seconds
7250
2023-11-12 02:19:18
/projects/muyang@colostate.edu/software/anaconda/envs/testenv/lib/python3.11/site-packages/numpy/lib/function_base.py:2455: RuntimeWarning: divide by zero encountered in func (vectorized)
  outputs = ufunc(*inputs)
/projects/muyang@colostate.edu/software/anaconda/envs/testenv/lib/python3.11/site-packages/numpy/lib/function_base.py:2455: RuntimeWarning: invalid value encountered in func (vectorized)
  outputs = ufunc(*inputs)
7300
2023-11-12 02:20:53
elapsed:  13963.3  seconds
7350
2023-11-12 02:22:26
/projects/muyang@colostate.edu/software/anaconda/envs/testenv/lib/python3.11/site-packages/numpy/lib/function_base.py:2455: RuntimeWarning: divide by zero encountered in func (vectorized)
  outputs = ufunc(*inputs)
/projects/muyang@colostate.edu/software/anaconda/envs/testenv/lib/python3.11/site-packages/numpy/lib/function_base.py:2455: RuntimeWarning: invalid value encountered in func (vectorized)
  outputs = ufunc(*inputs)
7400
2023-11-12 02:23:59
elapsed:  14149.6  seconds
7450
2023-11-12 02:25:34
7500
2023-11-12 02:27:05
elapsed:  14336.1  seconds
7550
2023-11-12 02:28:42
7600
2023-11-12 02:30:16
elapsed:  14527.0  seconds
7650
2023-11-12 02:31:55
7700
2023-11-12 02:33:30
elapsed:  14720.9  seconds
7750
2023-11-12 02:35:02
7800
2023-11-12 02:36:36
elapsed:  14906.6  seconds
7850
2023-11-12 02:38:13
7900
2023-11-12 02:39:47
elapsed:  15097.7  seconds
7950
2023-11-12 02:41:23
8000
2023-11-12 02:42:56
elapsed:  15286.9  seconds
8050
2023-11-12 02:44:33
8100
2023-11-12 02:46:09
elapsed:  15480.0  seconds
8150
2023-11-12 02:47:47
8200
2023-11-12 02:49:22
elapsed:  15672.2  seconds
8250
2023-11-12 02:50:59
8300
2023-11-12 02:52:34
elapsed:  15864.2  seconds
8350
2023-11-12 02:54:11
8400
2023-11-12 02:55:47
elapsed:  16058.0  seconds
8450
2023-11-12 02:57:25
8500
2023-11-12 02:59:00
elapsed:  16250.7  seconds
8550
2023-11-12 03:00:36
8600
2023-11-12 03:02:10
elapsed:  16440.2  seconds
8650
2023-11-12 03:03:46
8700
2023-11-12 03:05:20
elapsed:  16630.5  seconds
8750
2023-11-12 03:06:57
8800
2023-11-12 03:08:28
elapsed:  16818.7  seconds
8850
2023-11-12 03:09:58
8900
2023-11-12 03:11:31
elapsed:  17001.3  seconds
8950
2023-11-12 03:13:07
9000
2023-11-12 03:14:41
elapsed:  17192.0  seconds
9050
2023-11-12 03:16:19
9100
2023-11-12 03:17:54
elapsed:  17384.1  seconds
9150
2023-11-12 03:19:30
9200
2023-11-12 03:21:05
elapsed:  17575.5  seconds
9250
2023-11-12 03:22:41
9300
2023-11-12 03:24:14
elapsed:  17764.2  seconds
9350
2023-11-12 03:25:49
9400
2023-11-12 03:27:22
elapsed:  17952.5  seconds
9450
2023-11-12 03:28:56
9500
2023-11-12 03:30:27
elapsed:  18137.5  seconds
9550
2023-11-12 03:32:01
9600
2023-11-12 03:33:34
elapsed:  18324.4  seconds
9650
2023-11-12 03:35:11
9700
2023-11-12 03:36:42
elapsed:  18512.5  seconds
9750
2023-11-12 03:38:18
9800
2023-11-12 03:39:48
elapsed:  18699.0  seconds
9850
2023-11-12 03:41:24
9900
2023-11-12 03:42:57
elapsed:  18887.6  seconds
9950
2023-11-12 03:44:34
10000
2023-11-12 03:46:07
elapsed:  19078.0  seconds
10050
2023-11-12 03:47:45
10100
2023-11-12 03:49:18
elapsed:  19268.5  seconds
10150
2023-11-12 03:50:57
10200
2023-11-12 03:52:32
elapsed:  19462.8  seconds
/projects/muyang@colostate.edu/software/anaconda/envs/testenv/lib/python3.11/site-packages/numpy/lib/function_base.py:2455: RuntimeWarning: divide by zero encountered in func (vectorized)
  outputs = ufunc(*inputs)
/projects/muyang@colostate.edu/software/anaconda/envs/testenv/lib/python3.11/site-packages/numpy/lib/function_base.py:2455: RuntimeWarning: invalid value encountered in func (vectorized)
  outputs = ufunc(*inputs)
10250
2023-11-12 03:54:07
10300
2023-11-12 03:55:42
elapsed:  19652.5  seconds
10350
2023-11-12 03:57:19
10400
2023-11-12 03:58:53
elapsed:  19843.7  seconds
10450
2023-11-12 04:00:31
10500
2023-11-12 04:02:06
elapsed:  20036.4  seconds
10550
2023-11-12 04:03:42
10600
2023-11-12 04:05:15
elapsed:  20226.0  seconds
10650
2023-11-12 04:06:52
10700
2023-11-12 04:08:26
elapsed:  20416.7  seconds
10750
2023-11-12 04:10:04
10800
2023-11-12 04:11:34
elapsed:  20604.9  seconds
10850
2023-11-12 04:13:10
10900
2023-11-12 04:14:45
elapsed:  20795.6  seconds
10950
2023-11-12 04:16:22
11000
2023-11-12 04:17:57
elapsed:  20987.3  seconds
11050
2023-11-12 04:19:32
11100
2023-11-12 04:21:06
elapsed:  21176.8  seconds
11150
2023-11-12 04:22:43
11200
2023-11-12 04:24:17
elapsed:  21367.6  seconds
11250
2023-11-12 04:25:54
11300
2023-11-12 04:27:28
elapsed:  21558.6  seconds
11350
2023-11-12 04:29:05
11400
2023-11-12 04:30:39
elapsed:  21749.1  seconds
11450
2023-11-12 04:32:17
/projects/muyang@colostate.edu/software/anaconda/envs/testenv/lib/python3.11/site-packages/numpy/lib/function_base.py:2455: RuntimeWarning: divide by zero encountered in func (vectorized)
  outputs = ufunc(*inputs)
/projects/muyang@colostate.edu/software/anaconda/envs/testenv/lib/python3.11/site-packages/numpy/lib/function_base.py:2455: RuntimeWarning: invalid value encountered in func (vectorized)
  outputs = ufunc(*inputs)
11500
2023-11-12 04:33:51
elapsed:  21942.0  seconds
11550
2023-11-12 04:35:29
11600
2023-11-12 04:37:04
elapsed:  22134.7  seconds
11650
2023-11-12 04:38:42
11700
2023-11-12 04:40:11
elapsed:  22321.3  seconds
11750
2023-11-12 04:41:45
11800
2023-11-12 04:43:19
elapsed:  22509.6  seconds
11850
2023-11-12 04:44:55
/projects/muyang@colostate.edu/software/anaconda/envs/testenv/lib/python3.11/site-packages/numpy/lib/function_base.py:2455: RuntimeWarning: divide by zero encountered in func (vectorized)
  outputs = ufunc(*inputs)
/projects/muyang@colostate.edu/software/anaconda/envs/testenv/lib/python3.11/site-packages/numpy/lib/function_base.py:2455: RuntimeWarning: invalid value encountered in func (vectorized)
  outputs = ufunc(*inputs)
11900
2023-11-12 04:46:29
elapsed:  22699.5  seconds
11950
2023-11-12 04:48:07
12000
2023-11-12 04:49:42
elapsed:  22892.6  seconds
12050
2023-11-12 04:51:20
12100
2023-11-12 04:52:56
elapsed:  23087.0  seconds
12150
2023-11-12 04:54:32
12200
2023-11-12 04:56:05
elapsed:  23276.1  seconds
12250
2023-11-12 04:57:44
12300
2023-11-12 04:59:19
elapsed:  23469.5  seconds
12350
2023-11-12 05:00:57
12400
2023-11-12 05:02:33
elapsed:  23663.2  seconds
12450
2023-11-12 05:04:10
/projects/muyang@colostate.edu/software/anaconda/envs/testenv/lib/python3.11/site-packages/numpy/lib/function_base.py:2455: RuntimeWarning: divide by zero encountered in func (vectorized)
  outputs = ufunc(*inputs)
/projects/muyang@colostate.edu/software/anaconda/envs/testenv/lib/python3.11/site-packages/numpy/lib/function_base.py:2455: RuntimeWarning: invalid value encountered in func (vectorized)
  outputs = ufunc(*inputs)
12500
2023-11-12 05:05:46
elapsed:  23856.2  seconds
12550
2023-11-12 05:07:22
12600
2023-11-12 05:08:57
elapsed:  24047.5  seconds
12650
2023-11-12 05:10:36
12700
2023-11-12 05:12:12
elapsed:  24242.9  seconds
12750
2023-11-12 05:13:49
12800
2023-11-12 05:15:26
elapsed:  24436.2  seconds
12850
2023-11-12 05:17:01
12900
2023-11-12 05:18:36
elapsed:  24626.2  seconds
12950
2023-11-12 05:20:15
13000
2023-11-12 05:21:49
elapsed:  24819.7  seconds
/projects/muyang@colostate.edu/software/anaconda/envs/testenv/lib/python3.11/site-packages/numpy/lib/function_base.py:2455: RuntimeWarning: divide by zero encountered in func (vectorized)
  outputs = ufunc(*inputs)
/projects/muyang@colostate.edu/software/anaconda/envs/testenv/lib/python3.11/site-packages/numpy/lib/function_base.py:2455: RuntimeWarning: invalid value encountered in func (vectorized)
  outputs = ufunc(*inputs)
13050
2023-11-12 05:23:24
13100
2023-11-12 05:24:57
elapsed:  25007.1  seconds
13150
2023-11-12 05:26:31
13200
2023-11-12 05:28:05
elapsed:  25195.6  seconds
13250
2023-11-12 05:29:41
13300
2023-11-12 05:31:16
elapsed:  25386.1  seconds
/projects/muyang@colostate.edu/software/anaconda/envs/testenv/lib/python3.11/site-packages/numpy/lib/function_base.py:2455: RuntimeWarning: divide by zero encountered in func (vectorized)
  outputs = ufunc(*inputs)
/projects/muyang@colostate.edu/software/anaconda/envs/testenv/lib/python3.11/site-packages/numpy/lib/function_base.py:2455: RuntimeWarning: invalid value encountered in func (vectorized)
  outputs = ufunc(*inputs)
13350
2023-11-12 05:32:50
13400
2023-11-12 05:34:24
elapsed:  25574.5  seconds
13450
2023-11-12 05:36:01
13500
2023-11-12 05:37:33
elapsed:  25763.5  seconds
13550
2023-11-12 05:39:08
13600
2023-11-12 05:40:43
elapsed:  25953.5  seconds
13650
2023-11-12 05:42:22
13700
2023-11-12 05:43:57
elapsed:  26147.4  seconds
13750
2023-11-12 05:45:34
13800
2023-11-12 05:47:09
elapsed:  26339.1  seconds
13850
2023-11-12 05:48:46
13900
2023-11-12 05:50:19
elapsed:  26529.7  seconds
13950
2023-11-12 05:51:57
14000
2023-11-12 05:53:32
elapsed:  26722.9  seconds
14050
2023-11-12 05:55:11
14100
2023-11-12 05:56:47
elapsed:  26917.4  seconds
14150
2023-11-12 05:58:24
14200
2023-11-12 05:59:57
elapsed:  27108.0  seconds
14250
2023-11-12 06:01:30
14300
2023-11-12 06:03:04
elapsed:  27295.0  seconds
14350
2023-11-12 06:04:43
14400
2023-11-12 06:06:21
elapsed:  27491.1  seconds
14450
2023-11-12 06:07:59
14500
2023-11-12 06:09:34
elapsed:  27685.0  seconds
14550
2023-11-12 06:11:14
14600
2023-11-12 06:12:49
elapsed:  27879.4  seconds
14650
2023-11-12 06:14:27
14700
2023-11-12 06:16:03
elapsed:  28073.6  seconds
14750
2023-11-12 06:17:39
14800
2023-11-12 06:19:14
elapsed:  28264.6  seconds
14850
2023-11-12 06:20:51
14900
2023-11-12 06:22:25
elapsed:  28456.0  seconds
14950
2023-11-12 06:24:00
elapsed:  28642.4  seconds
total time:  28646.9  seconds
true R:  [[2.27233608e-01 9.28848334e-01 7.51129317e-01 3.41023423e-01
  9.28230570e+00 6.90708637e+00 3.40615415e-01 1.31243044e+00
  1.30002966e+00 3.08813173e-01 9.79975578e+00 3.13151428e+00
  6.43502209e-02 5.48777552e-01 5.30470556e+00 2.14975058e+00
  3.44755036e-01 1.04841419e-01 2.99968466e-01 5.22257261e+00
  3.41292136e+00 3.17188938e-01 3.81499751e-01 4.19130510e-01
  5.35862991e-01 4.20304776e+01 1.14650163e+01 1.51081563e-01
  5.18789136e-01 6.74298184e+00 9.95535899e-01 6.05769515e-01
  1.35021417e+01 1.09133439e+01 2.28329097e-01 6.09656381e-02
  1.08926240e+00 5.59179302e-01 1.20176050e+00 1.89510240e-01
  2.19066144e+00 1.08455182e+00 3.03267923e-01 6.11919341e+00
  2.94407939e+00 1.99056700e+00 5.51445325e-01 4.32611133e-01
  2.36400660e+00 3.08880914e-01 1.05354926e-01 1.98010975e+01
  1.07579232e-01 1.75279246e+00 2.05940174e-01 6.60848076e+00
  2.98923086e-01 4.89927959e-01 1.52548659e+00 2.83881594e+00
  4.92532108e+01 7.55948915e+02 1.73567831e+00 7.55314340e-01]
 [1.74865722e-01 2.85719894e+01 3.79143834e+00 5.68013474e+00
  7.06790705e+00 1.92848681e+00 9.90659005e-01 1.64451782e+02
  6.02434029e-01 6.07167076e+00 4.14572825e-01 4.68950057e-01
  2.15115611e+00 3.94941936e+00 1.35793921e+01 2.34382359e-01
  2.76711466e+00 2.98191066e+02 1.25887448e+01 1.11618953e-01
  1.81088513e+00 1.13773508e+01 3.69301587e-01 2.51573984e-01
  2.13612767e+00 4.39322959e+01 6.78815348e+00 1.23940583e+00
  1.00068720e+02 1.72292480e+00 1.00796701e+00 1.28068867e+00
  1.21685724e+01 2.81413717e-01 2.96580866e+01 1.83611599e+00
  1.62387648e+00 5.23157478e-01 4.23893224e-01 1.17314091e+00
  5.81320739e-01 1.02965812e-01 7.04952918e-01 1.34033171e-01
  1.97957206e+00 5.25616350e+00 2.32497855e-01 6.30466412e+00
  5.92371629e-01 3.57414903e+00 2.14626404e-01 3.21693526e-01
  2.18108044e-01 3.89214814e-01 7.39629937e-01 1.39861349e+00
  1.24830191e+00 1.83020841e-01 6.35051007e+00 1.17322798e+00
  1.79760103e+00 6.88073762e+00 5.39265528e+00 5.84089550e-01]
 [1.09707075e+00 6.06402186e-01 4.83796935e+02 1.82562771e-01
  1.76080984e+00 2.88369834e-01 7.86770049e-01 6.07124989e-01
  8.64767678e-01 6.62652144e-01 8.18385256e-01 8.20745066e-01
  7.85353612e-02 3.04371781e-01 1.21026060e+00 7.14329521e-02
  5.85033057e+01 4.48342022e-01 8.74744491e+01 1.91536974e+00
  1.80060760e-01 3.36469441e+00 3.69626657e+00 4.22437596e+01
  6.50864710e-01 2.09645304e+00 2.43739292e-01 4.06588001e+00
  9.63139475e+00 2.12635788e+01 2.51008625e+04 5.72133718e+00
  3.33039223e-01 3.64385338e-01 4.56023076e-01 1.15355126e+00
  9.69893721e-01 1.36848963e+00 6.46397538e+00 2.51476887e+00
  4.81909408e-01 2.27009472e-01 1.16195180e+00 1.32659848e+01
  2.01906434e-01 8.56257034e-02 1.56713106e+00 9.07070111e-02
  6.96881343e-01 3.25088873e-01 5.36873650e-01 1.21702280e-01
  2.67263472e+01 3.58140620e+00 3.75478094e-01 2.90739721e+05
  4.18203962e+00 4.40576438e+00 4.08547750e-01 1.49718423e+04
  4.83120365e-01 9.24069804e-01 4.46975826e+00 1.59993788e+00]
 [1.90110429e+00 6.96441437e+00 9.10255995e+00 1.51155378e+00
  5.72574586e+02 5.76695174e-01 3.53651576e-01 3.97476060e-01
  7.08136721e+00 6.98670160e-02 9.53166597e+00 1.17287866e+00
  4.55620130e-01 9.84526870e-02 3.11131124e+00 6.59715004e+00
  8.36543409e-01 7.54385649e-01 7.62917833e+00 1.21269238e+00
  2.52414097e-01 7.69723267e-01 3.70581221e-01 7.37394142e+00
  1.11879736e+00 2.60267027e+01 6.54824875e-01 1.31810415e-01
  1.66630153e+00 4.60680732e+00 2.37236339e+03 4.46468860e-01
  1.09158157e-01 5.00997436e+01 4.43434744e+01 5.52641473e+00
  1.57603554e+01 1.35111105e-01 1.81880187e+00 3.69864130e-01
  5.43874580e-01 1.04937150e+00 9.27443739e+01 2.25825113e+01
  5.61708518e-01 3.66929869e-02 2.64626703e+00 3.04858787e+02
  1.72858995e+02 6.46756308e-01 1.26938850e+00 2.41881445e-01
  1.07332751e+00 2.03016615e-01 3.59035915e+00 5.63364442e+00
  6.33605041e+00 1.18639415e+00 3.50675873e+02 1.41706173e+00
  3.58500123e-01 1.55635370e-01 2.87930089e+00 5.07591550e-01]
 [4.56397997e-01 3.08659568e-01 1.27259096e-01 2.39281687e-01
  1.09814888e+00 5.56752971e-01 5.98291420e-01 1.53394392e+00
  9.26984987e-01 2.37835590e-01 1.74265628e+00 1.98075778e-01
  2.98455157e-01 2.01824044e-01 3.59360815e-01 5.29728018e-01
  4.80764138e-01 5.15606627e-01 6.60086244e+02 6.29579086e-01
  3.13443822e+01 1.38023534e+00 2.36000064e-01 4.13005717e+00
  4.73332815e-01 4.23914226e-01 1.80053643e+01 2.61323711e+01
  9.03738141e-01 6.85422902e-01 9.35079668e-01 8.15218042e-01
  1.18502154e+00 1.10753656e+00 2.97417195e+01 2.06845121e+01
  1.11434898e-01 1.65941883e-01 4.28686246e-01 2.33043199e-01
  4.53330495e+00 2.40776263e+01 1.08144344e-01 1.61200349e+00
  3.78195283e-01 1.34906751e+00 8.92912371e-01 1.35916789e+00
  2.96012761e-01 1.71398978e-01 2.02998965e+00 9.66043497e+01
  5.44140070e+01 2.98727509e-01 5.08311832e-01 2.40085560e+00
  7.68951870e-01 2.78145388e-01 3.46554519e-01 4.66659079e-01
  2.29392735e-01 9.31982677e-01 2.60599132e+00 1.25269975e+00]
 [7.16125981e-01 1.28131383e+00 4.05418208e-01 3.81344319e-01
  3.00562566e+00 3.12624201e-01 5.40532276e-01 8.40905934e-01
  3.99074629e-01 4.82605581e-01 2.78673366e+01 2.81142345e-01
  7.78994646e-02 2.50522899e+00 1.05186206e-01 3.48743002e-01
  9.06344905e-01 1.17660824e-01 7.93386412e+00 1.61110504e-01
  2.99536426e+01 7.54975639e-01 2.81318235e-01 3.34472172e+01
  2.75715046e+00 4.14338983e+01 9.08732078e-01 5.43849713e-01
  3.88747885e+00 7.15329326e-01 1.96248373e+01 1.31020573e-01
  3.79727096e+01 2.39070791e+00 1.61125315e+01 5.23127877e-01
  1.63280810e+00 1.64094149e-01 6.70821140e-01 1.60133821e+00
  4.94681001e+01 2.25540257e-01 4.42521583e+00 1.14964832e+00
  4.31824929e-01 2.80474631e+01 1.01176804e+00 1.00362028e+01
  1.15252750e-01 7.18696203e-01 1.02230110e+00 5.94452107e-01
  3.52684922e-01 4.71995095e-01 1.90665259e+00 2.03928758e-01
  3.83755852e-01 7.02568757e-01 8.14406830e-01 1.23816505e+00
  3.71308961e+01 2.55128977e+00 8.73908202e-01 3.81915926e-01]
 [7.48258211e+00 2.56745589e+00 5.60231244e-01 2.53416335e-01
  1.67987809e-01 3.14566810e+00 3.32858922e-01 4.88316725e-01
  2.03668001e-01 1.51239061e+00 1.98962054e+00 1.53268895e+00
  5.82447728e+01 6.85636921e-01 4.40495909e-01 7.23105107e-01
  6.50621990e+00 2.68511095e-01 2.47186441e+00 2.41377191e+01
  4.96438549e-01 5.33651686e-01 9.11278540e-02 5.43311859e+00
  6.62780234e+00 4.34578164e+01 1.67504562e+00 2.28353097e-01
  1.02832458e+00 1.09748110e-01 5.87051578e+00 2.85315128e+02
  1.82701667e+00 2.31885832e+00 9.65112763e-01 1.91591235e-01
  1.17809385e+00 1.55954455e+01 9.97726493e+01 9.72609914e-01
  8.25746840e+00 3.52886415e+00 5.39983010e-01 9.49158470e+00
  7.95454667e+00 5.87325582e+00 6.91527203e-01 1.95701724e+04
  5.71668141e-01 1.97347279e+00 6.26287387e-01 2.13802694e-01
  4.39468043e-01 3.33259235e+00 4.47143996e+00 1.20670548e+00
  1.60847178e+01 9.10241761e-02 1.07012251e+01 5.00519136e+00
  1.20172446e+02 1.53639136e+00 6.59769332e+01 1.96642387e+02]
 [5.27365501e-01 3.56956564e+01 1.68700100e+00 1.20260165e+01
  3.45844340e+00 2.86464055e-01 6.18535899e-01 1.81250110e+00
  1.74097008e+00 1.60026237e+00 9.83856535e+00 1.35582578e+00
  1.50182740e-01 1.89024268e-01 4.61713072e+00 2.93032984e+00
  1.03440507e+01 7.78522798e-01 1.20477778e-01 5.38419068e-01
  1.74667392e+00 1.93878817e-01 3.96676872e-01 1.99393438e-01
  3.27368372e-01 1.45613102e+02 1.50504322e+00 6.96892789e+00
  1.32094809e+02 6.76692348e-01 7.59964854e-01 4.79988355e+01
  6.17325847e-01 5.91850136e+00 6.34623150e+00 8.28900036e-01
  3.21698029e-01 4.35710994e-01 4.78957895e-01 2.19073512e-01
  5.05894901e+03 2.02188440e-01 2.90796261e+01 2.06601445e-01
  3.70895638e-01 2.82602204e+01 3.60972794e+00 4.22919765e-01
  8.51440518e-01 6.62587133e-01 1.36014285e+01 2.39766916e+01
  8.99494679e-01 1.04579398e+03 3.94006695e+01 5.33733529e-01
  8.48514711e-01 3.34464991e+00 6.54264861e-01 1.96700005e+00
  7.10253413e-01 9.27487396e-01 8.35822101e+00 3.91591999e-01]
 [2.99186902e-01 6.06894991e-01 2.16619066e-01 5.39801375e-01
  1.62434433e+00 1.24743231e+00 3.41288828e+00 5.21163645e-01
  2.29600987e+00 1.14316549e+00 7.66159426e-01 3.94104096e-01
  1.35876415e+00 4.21529094e+01 9.92921193e-01 3.47418401e+00
  4.81498474e+00 1.16826965e+00 2.24579130e-01 3.60756623e+00
  1.18705821e+04 1.24384248e-01 9.86289830e-02 3.18889029e+00
  1.37924523e+00 5.64553289e-01 9.98159066e-01 5.87962451e-01
  4.67554550e-01 1.05926114e+00 6.21875771e-01 1.75086744e+01
  2.14586365e-01 1.31626286e-01 1.02014409e+00 1.25656233e-01
  5.42509781e-01 1.17720830e-01 2.13850126e+00 1.49033048e-01
  2.22292735e+00 5.40255436e+03 1.57258273e-01 8.73411550e-01
  1.22378468e+03 1.90211339e+00 1.29417177e+01 1.19978135e+00
  8.63171186e+00 2.90162054e-01 3.99332663e+00 3.29876668e+00
  1.54784221e+00 9.94685797e-01 4.86473234e-01 2.13595403e-01
  3.44869264e+00 3.75040756e-01 5.93689441e+02 6.43981744e-01
  1.91857319e-01 1.57431104e+00 1.22868040e+01 2.45967806e+01]]
