1
50
2023-11-17 15:35:25
100
2023-11-17 15:38:18
elapsed:  335.6  seconds
150
2023-11-17 15:41:14
200
2023-11-17 15:44:06
elapsed:  683.6  seconds
250
2023-11-17 15:47:05
300
2023-11-17 15:49:58
elapsed:  1035.1  seconds
350
2023-11-17 15:53:00
400
2023-11-17 15:56:00
elapsed:  1397.6  seconds
450
2023-11-17 15:59:04
500
2023-11-17 16:02:08
elapsed:  1764.9  seconds
/projects/muyang@colostate.edu/software/anaconda/envs/alpine_MCMC/lib/python3.11/site-packages/numpy/lib/function_base.py:2412: RuntimeWarning: divide by zero encountered in func (vectorized)
  outputs = ufunc(*inputs)
/projects/muyang@colostate.edu/software/anaconda/envs/alpine_MCMC/lib/python3.11/site-packages/numpy/lib/function_base.py:2412: RuntimeWarning: invalid value encountered in func (vectorized)
  outputs = ufunc(*inputs)
550
2023-11-17 16:05:11
600
2023-11-17 16:08:19
elapsed:  2136.5  seconds
650
2023-11-17 16:11:29
700
2023-11-17 16:14:37
elapsed:  2514.3  seconds
750
2023-11-17 16:17:44
/projects/muyang@colostate.edu/software/anaconda/envs/alpine_MCMC/lib/python3.11/site-packages/numpy/lib/function_base.py:2412: RuntimeWarning: divide by zero encountered in func (vectorized)
  outputs = ufunc(*inputs)
/projects/muyang@colostate.edu/software/anaconda/envs/alpine_MCMC/lib/python3.11/site-packages/numpy/lib/function_base.py:2412: RuntimeWarning: invalid value encountered in func (vectorized)
  outputs = ufunc(*inputs)
800
2023-11-17 16:20:51
elapsed:  2888.3  seconds
/projects/muyang@colostate.edu/software/anaconda/envs/alpine_MCMC/lib/python3.11/site-packages/numpy/lib/function_base.py:2412: RuntimeWarning: divide by zero encountered in func (vectorized)
  outputs = ufunc(*inputs)
/projects/muyang@colostate.edu/software/anaconda/envs/alpine_MCMC/lib/python3.11/site-packages/numpy/lib/function_base.py:2412: RuntimeWarning: invalid value encountered in func (vectorized)
  outputs = ufunc(*inputs)
/projects/muyang@colostate.edu/software/anaconda/envs/alpine_MCMC/lib/python3.11/site-packages/numpy/lib/function_base.py:2412: RuntimeWarning: divide by zero encountered in func (vectorized)
  outputs = ufunc(*inputs)
/projects/muyang@colostate.edu/software/anaconda/envs/alpine_MCMC/lib/python3.11/site-packages/numpy/lib/function_base.py:2412: RuntimeWarning: invalid value encountered in func (vectorized)
  outputs = ufunc(*inputs)
850
2023-11-17 16:23:59
/projects/muyang@colostate.edu/software/anaconda/envs/alpine_MCMC/lib/python3.11/site-packages/numpy/lib/function_base.py:2412: RuntimeWarning: divide by zero encountered in func (vectorized)
  outputs = ufunc(*inputs)
/projects/muyang@colostate.edu/software/anaconda/envs/alpine_MCMC/lib/python3.11/site-packages/numpy/lib/function_base.py:2412: RuntimeWarning: invalid value encountered in func (vectorized)
  outputs = ufunc(*inputs)
900
2023-11-17 16:27:03
elapsed:  3260.0  seconds
/projects/muyang@colostate.edu/software/anaconda/envs/alpine_MCMC/lib/python3.11/site-packages/numpy/lib/function_base.py:2412: RuntimeWarning: divide by zero encountered in func (vectorized)
  outputs = ufunc(*inputs)
/projects/muyang@colostate.edu/software/anaconda/envs/alpine_MCMC/lib/python3.11/site-packages/numpy/lib/function_base.py:2412: RuntimeWarning: invalid value encountered in func (vectorized)
  outputs = ufunc(*inputs)
950
2023-11-17 16:30:09
1000
2023-11-17 16:33:14
elapsed:  3630.9  seconds
1050
2023-11-17 16:36:22
1100
2023-11-17 16:39:27
elapsed:  4004.4  seconds
/projects/muyang@colostate.edu/software/anaconda/envs/alpine_MCMC/lib/python3.11/site-packages/numpy/lib/function_base.py:2412: RuntimeWarning: divide by zero encountered in func (vectorized)
  outputs = ufunc(*inputs)
/projects/muyang@colostate.edu/software/anaconda/envs/alpine_MCMC/lib/python3.11/site-packages/numpy/lib/function_base.py:2412: RuntimeWarning: invalid value encountered in func (vectorized)
  outputs = ufunc(*inputs)
/projects/muyang@colostate.edu/software/anaconda/envs/alpine_MCMC/lib/python3.11/site-packages/numpy/lib/function_base.py:2412: RuntimeWarning: divide by zero encountered in func (vectorized)
  outputs = ufunc(*inputs)
/projects/muyang@colostate.edu/software/anaconda/envs/alpine_MCMC/lib/python3.11/site-packages/numpy/lib/function_base.py:2412: RuntimeWarning: invalid value encountered in func (vectorized)
  outputs = ufunc(*inputs)
/projects/muyang@colostate.edu/software/anaconda/envs/alpine_MCMC/lib/python3.11/site-packages/numpy/lib/function_base.py:2412: RuntimeWarning: divide by zero encountered in func (vectorized)
  outputs = ufunc(*inputs)
/projects/muyang@colostate.edu/software/anaconda/envs/alpine_MCMC/lib/python3.11/site-packages/numpy/lib/function_base.py:2412: RuntimeWarning: invalid value encountered in func (vectorized)
  outputs = ufunc(*inputs)
1150
2023-11-17 16:42:37
/projects/muyang@colostate.edu/software/anaconda/envs/alpine_MCMC/lib/python3.11/site-packages/numpy/lib/function_base.py:2412: RuntimeWarning: divide by zero encountered in func (vectorized)
  outputs = ufunc(*inputs)
/projects/muyang@colostate.edu/software/anaconda/envs/alpine_MCMC/lib/python3.11/site-packages/numpy/lib/function_base.py:2412: RuntimeWarning: invalid value encountered in func (vectorized)
  outputs = ufunc(*inputs)
/projects/muyang@colostate.edu/software/anaconda/envs/alpine_MCMC/lib/python3.11/site-packages/numpy/lib/function_base.py:2412: RuntimeWarning: divide by zero encountered in func (vectorized)
  outputs = ufunc(*inputs)
/projects/muyang@colostate.edu/software/anaconda/envs/alpine_MCMC/lib/python3.11/site-packages/numpy/lib/function_base.py:2412: RuntimeWarning: invalid value encountered in func (vectorized)
  outputs = ufunc(*inputs)
1200
2023-11-17 16:45:46
elapsed:  4383.1  seconds
/projects/muyang@colostate.edu/software/anaconda/envs/alpine_MCMC/lib/python3.11/site-packages/numpy/lib/function_base.py:2412: RuntimeWarning: divide by zero encountered in func (vectorized)
  outputs = ufunc(*inputs)
/projects/muyang@colostate.edu/software/anaconda/envs/alpine_MCMC/lib/python3.11/site-packages/numpy/lib/function_base.py:2412: RuntimeWarning: invalid value encountered in func (vectorized)
  outputs = ufunc(*inputs)
/projects/muyang@colostate.edu/software/anaconda/envs/alpine_MCMC/lib/python3.11/site-packages/numpy/lib/function_base.py:2412: RuntimeWarning: divide by zero encountered in func (vectorized)
  outputs = ufunc(*inputs)
/projects/muyang@colostate.edu/software/anaconda/envs/alpine_MCMC/lib/python3.11/site-packages/numpy/lib/function_base.py:2412: RuntimeWarning: invalid value encountered in func (vectorized)
  outputs = ufunc(*inputs)
1250
2023-11-17 16:48:51
/projects/muyang@colostate.edu/software/anaconda/envs/alpine_MCMC/lib/python3.11/site-packages/numpy/lib/function_base.py:2412: RuntimeWarning: divide by zero encountered in func (vectorized)
  outputs = ufunc(*inputs)
/projects/muyang@colostate.edu/software/anaconda/envs/alpine_MCMC/lib/python3.11/site-packages/numpy/lib/function_base.py:2412: RuntimeWarning: invalid value encountered in func (vectorized)
  outputs = ufunc(*inputs)
/projects/muyang@colostate.edu/software/anaconda/envs/alpine_MCMC/lib/python3.11/site-packages/numpy/lib/function_base.py:2412: RuntimeWarning: divide by zero encountered in func (vectorized)
  outputs = ufunc(*inputs)
/projects/muyang@colostate.edu/software/anaconda/envs/alpine_MCMC/lib/python3.11/site-packages/numpy/lib/function_base.py:2412: RuntimeWarning: invalid value encountered in func (vectorized)
  outputs = ufunc(*inputs)
/projects/muyang@colostate.edu/software/anaconda/envs/alpine_MCMC/lib/python3.11/site-packages/numpy/lib/function_base.py:2412: RuntimeWarning: divide by zero encountered in func (vectorized)
  outputs = ufunc(*inputs)
/projects/muyang@colostate.edu/software/anaconda/envs/alpine_MCMC/lib/python3.11/site-packages/numpy/lib/function_base.py:2412: RuntimeWarning: invalid value encountered in func (vectorized)
  outputs = ufunc(*inputs)
/projects/muyang@colostate.edu/software/anaconda/envs/alpine_MCMC/lib/python3.11/site-packages/numpy/lib/function_base.py:2412: RuntimeWarning: divide by zero encountered in func (vectorized)
  outputs = ufunc(*inputs)
/projects/muyang@colostate.edu/software/anaconda/envs/alpine_MCMC/lib/python3.11/site-packages/numpy/lib/function_base.py:2412: RuntimeWarning: invalid value encountered in func (vectorized)
  outputs = ufunc(*inputs)
/projects/muyang@colostate.edu/software/anaconda/envs/alpine_MCMC/lib/python3.11/site-packages/numpy/lib/function_base.py:2412: RuntimeWarning: divide by zero encountered in func (vectorized)
  outputs = ufunc(*inputs)
/projects/muyang@colostate.edu/software/anaconda/envs/alpine_MCMC/lib/python3.11/site-packages/numpy/lib/function_base.py:2412: RuntimeWarning: invalid value encountered in func (vectorized)
  outputs = ufunc(*inputs)
/projects/muyang@colostate.edu/software/anaconda/envs/alpine_MCMC/lib/python3.11/site-packages/numpy/lib/function_base.py:2412: RuntimeWarning: divide by zero encountered in func (vectorized)
  outputs = ufunc(*inputs)
/projects/muyang@colostate.edu/software/anaconda/envs/alpine_MCMC/lib/python3.11/site-packages/numpy/lib/function_base.py:2412: RuntimeWarning: invalid value encountered in func (vectorized)
  outputs = ufunc(*inputs)
/projects/muyang@colostate.edu/software/anaconda/envs/alpine_MCMC/lib/python3.11/site-packages/numpy/lib/function_base.py:2412: RuntimeWarning: divide by zero encountered in func (vectorized)
  outputs = ufunc(*inputs)
/projects/muyang@colostate.edu/software/anaconda/envs/alpine_MCMC/lib/python3.11/site-packages/numpy/lib/function_base.py:2412: RuntimeWarning: invalid value encountered in func (vectorized)
  outputs = ufunc(*inputs)
1300
2023-11-17 16:51:58
elapsed:  4755.5  seconds
/projects/muyang@colostate.edu/software/anaconda/envs/alpine_MCMC/lib/python3.11/site-packages/numpy/lib/function_base.py:2412: RuntimeWarning: divide by zero encountered in func (vectorized)
  outputs = ufunc(*inputs)
/projects/muyang@colostate.edu/software/anaconda/envs/alpine_MCMC/lib/python3.11/site-packages/numpy/lib/function_base.py:2412: RuntimeWarning: invalid value encountered in func (vectorized)
  outputs = ufunc(*inputs)
/projects/muyang@colostate.edu/software/anaconda/envs/alpine_MCMC/lib/python3.11/site-packages/numpy/lib/function_base.py:2412: RuntimeWarning: divide by zero encountered in func (vectorized)
  outputs = ufunc(*inputs)
/projects/muyang@colostate.edu/software/anaconda/envs/alpine_MCMC/lib/python3.11/site-packages/numpy/lib/function_base.py:2412: RuntimeWarning: invalid value encountered in func (vectorized)
  outputs = ufunc(*inputs)
/projects/muyang@colostate.edu/software/anaconda/envs/alpine_MCMC/lib/python3.11/site-packages/numpy/lib/function_base.py:2412: RuntimeWarning: divide by zero encountered in func (vectorized)
  outputs = ufunc(*inputs)
/projects/muyang@colostate.edu/software/anaconda/envs/alpine_MCMC/lib/python3.11/site-packages/numpy/lib/function_base.py:2412: RuntimeWarning: invalid value encountered in func (vectorized)
  outputs = ufunc(*inputs)
1350
2023-11-17 16:55:06
1400
2023-11-17 16:58:15
elapsed:  5132.4  seconds
/projects/muyang@colostate.edu/software/anaconda/envs/alpine_MCMC/lib/python3.11/site-packages/numpy/lib/function_base.py:2412: RuntimeWarning: divide by zero encountered in func (vectorized)
  outputs = ufunc(*inputs)
/projects/muyang@colostate.edu/software/anaconda/envs/alpine_MCMC/lib/python3.11/site-packages/numpy/lib/function_base.py:2412: RuntimeWarning: invalid value encountered in func (vectorized)
  outputs = ufunc(*inputs)
/projects/muyang@colostate.edu/software/anaconda/envs/alpine_MCMC/lib/python3.11/site-packages/numpy/lib/function_base.py:2412: RuntimeWarning: divide by zero encountered in func (vectorized)
  outputs = ufunc(*inputs)
/projects/muyang@colostate.edu/software/anaconda/envs/alpine_MCMC/lib/python3.11/site-packages/numpy/lib/function_base.py:2412: RuntimeWarning: invalid value encountered in func (vectorized)
  outputs = ufunc(*inputs)
/projects/muyang@colostate.edu/software/anaconda/envs/alpine_MCMC/lib/python3.11/site-packages/numpy/lib/function_base.py:2412: RuntimeWarning: divide by zero encountered in func (vectorized)
  outputs = ufunc(*inputs)
/projects/muyang@colostate.edu/software/anaconda/envs/alpine_MCMC/lib/python3.11/site-packages/numpy/lib/function_base.py:2412: RuntimeWarning: invalid value encountered in func (vectorized)
  outputs = ufunc(*inputs)
/projects/muyang@colostate.edu/software/anaconda/envs/alpine_MCMC/lib/python3.11/site-packages/numpy/lib/function_base.py:2412: RuntimeWarning: divide by zero encountered in func (vectorized)
  outputs = ufunc(*inputs)
/projects/muyang@colostate.edu/software/anaconda/envs/alpine_MCMC/lib/python3.11/site-packages/numpy/lib/function_base.py:2412: RuntimeWarning: invalid value encountered in func (vectorized)
  outputs = ufunc(*inputs)
1450
2023-11-17 17:01:25
1500
2023-11-17 17:04:34
elapsed:  5511.8  seconds
1550
2023-11-17 17:07:46
1600
2023-11-17 17:10:55
elapsed:  5892.4  seconds
/projects/muyang@colostate.edu/software/anaconda/envs/alpine_MCMC/lib/python3.11/site-packages/numpy/lib/function_base.py:2412: RuntimeWarning: divide by zero encountered in func (vectorized)
  outputs = ufunc(*inputs)
/projects/muyang@colostate.edu/software/anaconda/envs/alpine_MCMC/lib/python3.11/site-packages/numpy/lib/function_base.py:2412: RuntimeWarning: invalid value encountered in func (vectorized)
  outputs = ufunc(*inputs)
/projects/muyang@colostate.edu/software/anaconda/envs/alpine_MCMC/lib/python3.11/site-packages/numpy/lib/function_base.py:2412: RuntimeWarning: divide by zero encountered in func (vectorized)
  outputs = ufunc(*inputs)
/projects/muyang@colostate.edu/software/anaconda/envs/alpine_MCMC/lib/python3.11/site-packages/numpy/lib/function_base.py:2412: RuntimeWarning: invalid value encountered in func (vectorized)
  outputs = ufunc(*inputs)
1650
2023-11-17 17:14:06
1700
2023-11-17 17:17:12
elapsed:  6269.5  seconds
1750
2023-11-17 17:20:23
1800
2023-11-17 17:23:33
elapsed:  6650.3  seconds
1850
2023-11-17 17:26:42
1900
2023-11-17 17:29:47
elapsed:  7024.7  seconds
/projects/muyang@colostate.edu/software/anaconda/envs/alpine_MCMC/lib/python3.11/site-packages/numpy/lib/function_base.py:2412: RuntimeWarning: divide by zero encountered in func (vectorized)
  outputs = ufunc(*inputs)
/projects/muyang@colostate.edu/software/anaconda/envs/alpine_MCMC/lib/python3.11/site-packages/numpy/lib/function_base.py:2412: RuntimeWarning: invalid value encountered in func (vectorized)
  outputs = ufunc(*inputs)
1950
2023-11-17 17:32:54
/projects/muyang@colostate.edu/software/anaconda/envs/alpine_MCMC/lib/python3.11/site-packages/numpy/lib/function_base.py:2412: RuntimeWarning: divide by zero encountered in func (vectorized)
  outputs = ufunc(*inputs)
/projects/muyang@colostate.edu/software/anaconda/envs/alpine_MCMC/lib/python3.11/site-packages/numpy/lib/function_base.py:2412: RuntimeWarning: invalid value encountered in func (vectorized)
  outputs = ufunc(*inputs)
2000
2023-11-17 17:36:00
elapsed:  7397.3  seconds
2050
2023-11-17 17:39:07
2100
2023-11-17 17:42:12
elapsed:  7769.4  seconds
2150
2023-11-17 17:45:17
2200
2023-11-17 17:48:22
elapsed:  8139.5  seconds
2250
2023-11-17 17:51:32
2300
2023-11-17 17:54:38
elapsed:  8514.9  seconds
/projects/muyang@colostate.edu/software/anaconda/envs/alpine_MCMC/lib/python3.11/site-packages/numpy/lib/function_base.py:2412: RuntimeWarning: divide by zero encountered in func (vectorized)
  outputs = ufunc(*inputs)
/projects/muyang@colostate.edu/software/anaconda/envs/alpine_MCMC/lib/python3.11/site-packages/numpy/lib/function_base.py:2412: RuntimeWarning: invalid value encountered in func (vectorized)
  outputs = ufunc(*inputs)
2350
2023-11-17 17:57:46
2400
2023-11-17 18:00:52
elapsed:  8889.4  seconds
/projects/muyang@colostate.edu/software/anaconda/envs/alpine_MCMC/lib/python3.11/site-packages/numpy/lib/function_base.py:2412: RuntimeWarning: divide by zero encountered in func (vectorized)
  outputs = ufunc(*inputs)
/projects/muyang@colostate.edu/software/anaconda/envs/alpine_MCMC/lib/python3.11/site-packages/numpy/lib/function_base.py:2412: RuntimeWarning: invalid value encountered in func (vectorized)
  outputs = ufunc(*inputs)
/projects/muyang@colostate.edu/software/anaconda/envs/alpine_MCMC/lib/python3.11/site-packages/numpy/lib/function_base.py:2412: RuntimeWarning: divide by zero encountered in func (vectorized)
  outputs = ufunc(*inputs)
/projects/muyang@colostate.edu/software/anaconda/envs/alpine_MCMC/lib/python3.11/site-packages/numpy/lib/function_base.py:2412: RuntimeWarning: invalid value encountered in func (vectorized)
  outputs = ufunc(*inputs)
/projects/muyang@colostate.edu/software/anaconda/envs/alpine_MCMC/lib/python3.11/site-packages/numpy/lib/function_base.py:2412: RuntimeWarning: divide by zero encountered in func (vectorized)
  outputs = ufunc(*inputs)
/projects/muyang@colostate.edu/software/anaconda/envs/alpine_MCMC/lib/python3.11/site-packages/numpy/lib/function_base.py:2412: RuntimeWarning: invalid value encountered in func (vectorized)
  outputs = ufunc(*inputs)
/projects/muyang@colostate.edu/software/anaconda/envs/alpine_MCMC/lib/python3.11/site-packages/numpy/lib/function_base.py:2412: RuntimeWarning: divide by zero encountered in func (vectorized)
  outputs = ufunc(*inputs)
/projects/muyang@colostate.edu/software/anaconda/envs/alpine_MCMC/lib/python3.11/site-packages/numpy/lib/function_base.py:2412: RuntimeWarning: invalid value encountered in func (vectorized)
  outputs = ufunc(*inputs)
/projects/muyang@colostate.edu/software/anaconda/envs/alpine_MCMC/lib/python3.11/site-packages/numpy/lib/function_base.py:2412: RuntimeWarning: divide by zero encountered in func (vectorized)
  outputs = ufunc(*inputs)
/projects/muyang@colostate.edu/software/anaconda/envs/alpine_MCMC/lib/python3.11/site-packages/numpy/lib/function_base.py:2412: RuntimeWarning: invalid value encountered in func (vectorized)
  outputs = ufunc(*inputs)
2450
2023-11-17 18:04:04
2500
2023-11-17 18:07:17
elapsed:  9274.6  seconds
/projects/muyang@colostate.edu/software/anaconda/envs/alpine_MCMC/lib/python3.11/site-packages/numpy/lib/function_base.py:2412: RuntimeWarning: divide by zero encountered in func (vectorized)
  outputs = ufunc(*inputs)
/projects/muyang@colostate.edu/software/anaconda/envs/alpine_MCMC/lib/python3.11/site-packages/numpy/lib/function_base.py:2412: RuntimeWarning: invalid value encountered in func (vectorized)
  outputs = ufunc(*inputs)
/projects/muyang@colostate.edu/software/anaconda/envs/alpine_MCMC/lib/python3.11/site-packages/numpy/lib/function_base.py:2412: RuntimeWarning: divide by zero encountered in func (vectorized)
  outputs = ufunc(*inputs)
/projects/muyang@colostate.edu/software/anaconda/envs/alpine_MCMC/lib/python3.11/site-packages/numpy/lib/function_base.py:2412: RuntimeWarning: invalid value encountered in func (vectorized)
  outputs = ufunc(*inputs)
/projects/muyang@colostate.edu/software/anaconda/envs/alpine_MCMC/lib/python3.11/site-packages/numpy/lib/function_base.py:2412: RuntimeWarning: divide by zero encountered in func (vectorized)
  outputs = ufunc(*inputs)
/projects/muyang@colostate.edu/software/anaconda/envs/alpine_MCMC/lib/python3.11/site-packages/numpy/lib/function_base.py:2412: RuntimeWarning: invalid value encountered in func (vectorized)
  outputs = ufunc(*inputs)
/projects/muyang@colostate.edu/software/anaconda/envs/alpine_MCMC/lib/python3.11/site-packages/numpy/lib/function_base.py:2412: RuntimeWarning: divide by zero encountered in func (vectorized)
  outputs = ufunc(*inputs)
/projects/muyang@colostate.edu/software/anaconda/envs/alpine_MCMC/lib/python3.11/site-packages/numpy/lib/function_base.py:2412: RuntimeWarning: invalid value encountered in func (vectorized)
  outputs = ufunc(*inputs)
/projects/muyang@colostate.edu/software/anaconda/envs/alpine_MCMC/lib/python3.11/site-packages/numpy/lib/function_base.py:2412: RuntimeWarning: divide by zero encountered in func (vectorized)
  outputs = ufunc(*inputs)
/projects/muyang@colostate.edu/software/anaconda/envs/alpine_MCMC/lib/python3.11/site-packages/numpy/lib/function_base.py:2412: RuntimeWarning: invalid value encountered in func (vectorized)
  outputs = ufunc(*inputs)
/projects/muyang@colostate.edu/software/anaconda/envs/alpine_MCMC/lib/python3.11/site-packages/numpy/lib/function_base.py:2412: RuntimeWarning: divide by zero encountered in func (vectorized)
  outputs = ufunc(*inputs)
/projects/muyang@colostate.edu/software/anaconda/envs/alpine_MCMC/lib/python3.11/site-packages/numpy/lib/function_base.py:2412: RuntimeWarning: invalid value encountered in func (vectorized)
  outputs = ufunc(*inputs)
2550
2023-11-17 18:10:32
/projects/muyang@colostate.edu/software/anaconda/envs/alpine_MCMC/lib/python3.11/site-packages/numpy/lib/function_base.py:2412: RuntimeWarning: divide by zero encountered in func (vectorized)
  outputs = ufunc(*inputs)
/projects/muyang@colostate.edu/software/anaconda/envs/alpine_MCMC/lib/python3.11/site-packages/numpy/lib/function_base.py:2412: RuntimeWarning: invalid value encountered in func (vectorized)
  outputs = ufunc(*inputs)
2600
2023-11-17 18:13:46
elapsed:  9663.1  seconds
/projects/muyang@colostate.edu/software/anaconda/envs/alpine_MCMC/lib/python3.11/site-packages/numpy/lib/function_base.py:2412: RuntimeWarning: divide by zero encountered in func (vectorized)
  outputs = ufunc(*inputs)
/projects/muyang@colostate.edu/software/anaconda/envs/alpine_MCMC/lib/python3.11/site-packages/numpy/lib/function_base.py:2412: RuntimeWarning: invalid value encountered in func (vectorized)
  outputs = ufunc(*inputs)
/projects/muyang@colostate.edu/software/anaconda/envs/alpine_MCMC/lib/python3.11/site-packages/numpy/lib/function_base.py:2412: RuntimeWarning: divide by zero encountered in func (vectorized)
  outputs = ufunc(*inputs)
/projects/muyang@colostate.edu/software/anaconda/envs/alpine_MCMC/lib/python3.11/site-packages/numpy/lib/function_base.py:2412: RuntimeWarning: invalid value encountered in func (vectorized)
  outputs = ufunc(*inputs)
2650
2023-11-17 18:17:00
2700
2023-11-17 18:20:14
elapsed:  10051.1  seconds
2750
2023-11-17 18:23:30
2800
2023-11-17 18:26:42
elapsed:  10439.6  seconds
/projects/muyang@colostate.edu/software/anaconda/envs/alpine_MCMC/lib/python3.11/site-packages/numpy/lib/function_base.py:2412: RuntimeWarning: divide by zero encountered in func (vectorized)
  outputs = ufunc(*inputs)
/projects/muyang@colostate.edu/software/anaconda/envs/alpine_MCMC/lib/python3.11/site-packages/numpy/lib/function_base.py:2412: RuntimeWarning: invalid value encountered in func (vectorized)
  outputs = ufunc(*inputs)
2850
2023-11-17 18:29:59
2900
2023-11-17 18:33:12
elapsed:  10829.6  seconds
2950
2023-11-17 18:36:25
/projects/muyang@colostate.edu/software/anaconda/envs/alpine_MCMC/lib/python3.11/site-packages/numpy/lib/function_base.py:2412: RuntimeWarning: divide by zero encountered in func (vectorized)
  outputs = ufunc(*inputs)
/projects/muyang@colostate.edu/software/anaconda/envs/alpine_MCMC/lib/python3.11/site-packages/numpy/lib/function_base.py:2412: RuntimeWarning: invalid value encountered in func (vectorized)
  outputs = ufunc(*inputs)
3000
2023-11-17 18:39:35
elapsed:  11212.6  seconds
3050
2023-11-17 18:42:47
/projects/muyang@colostate.edu/software/anaconda/envs/alpine_MCMC/lib/python3.11/site-packages/numpy/lib/function_base.py:2412: RuntimeWarning: divide by zero encountered in func (vectorized)
  outputs = ufunc(*inputs)
/projects/muyang@colostate.edu/software/anaconda/envs/alpine_MCMC/lib/python3.11/site-packages/numpy/lib/function_base.py:2412: RuntimeWarning: invalid value encountered in func (vectorized)
  outputs = ufunc(*inputs)
3100
2023-11-17 18:46:00
elapsed:  11597.2  seconds
/projects/muyang@colostate.edu/software/anaconda/envs/alpine_MCMC/lib/python3.11/site-packages/numpy/lib/function_base.py:2412: RuntimeWarning: divide by zero encountered in func (vectorized)
  outputs = ufunc(*inputs)
/projects/muyang@colostate.edu/software/anaconda/envs/alpine_MCMC/lib/python3.11/site-packages/numpy/lib/function_base.py:2412: RuntimeWarning: invalid value encountered in func (vectorized)
  outputs = ufunc(*inputs)
/projects/muyang@colostate.edu/software/anaconda/envs/alpine_MCMC/lib/python3.11/site-packages/numpy/lib/function_base.py:2412: RuntimeWarning: divide by zero encountered in func (vectorized)
  outputs = ufunc(*inputs)
/projects/muyang@colostate.edu/software/anaconda/envs/alpine_MCMC/lib/python3.11/site-packages/numpy/lib/function_base.py:2412: RuntimeWarning: invalid value encountered in func (vectorized)
  outputs = ufunc(*inputs)
/projects/muyang@colostate.edu/software/anaconda/envs/alpine_MCMC/lib/python3.11/site-packages/numpy/lib/function_base.py:2412: RuntimeWarning: divide by zero encountered in func (vectorized)
  outputs = ufunc(*inputs)
/projects/muyang@colostate.edu/software/anaconda/envs/alpine_MCMC/lib/python3.11/site-packages/numpy/lib/function_base.py:2412: RuntimeWarning: invalid value encountered in func (vectorized)
  outputs = ufunc(*inputs)
3150
2023-11-17 18:49:16
3200
2023-11-17 18:52:31
elapsed:  11987.9  seconds
3250
2023-11-17 18:55:45
3300
2023-11-17 18:58:58
elapsed:  12375.0  seconds
3350
2023-11-17 19:02:12
3400
2023-11-17 19:05:25
elapsed:  12762.5  seconds
3450
2023-11-17 19:08:40
3500
2023-11-17 19:11:54
elapsed:  13151.6  seconds
/projects/muyang@colostate.edu/software/anaconda/envs/alpine_MCMC/lib/python3.11/site-packages/numpy/lib/function_base.py:2412: RuntimeWarning: divide by zero encountered in func (vectorized)
  outputs = ufunc(*inputs)
/projects/muyang@colostate.edu/software/anaconda/envs/alpine_MCMC/lib/python3.11/site-packages/numpy/lib/function_base.py:2412: RuntimeWarning: invalid value encountered in func (vectorized)
  outputs = ufunc(*inputs)
3550
2023-11-17 19:15:09
/projects/muyang@colostate.edu/software/anaconda/envs/alpine_MCMC/lib/python3.11/site-packages/numpy/lib/function_base.py:2412: RuntimeWarning: divide by zero encountered in func (vectorized)
  outputs = ufunc(*inputs)
/projects/muyang@colostate.edu/software/anaconda/envs/alpine_MCMC/lib/python3.11/site-packages/numpy/lib/function_base.py:2412: RuntimeWarning: invalid value encountered in func (vectorized)
  outputs = ufunc(*inputs)
3600
2023-11-17 19:18:23
elapsed:  13540.3  seconds
3650
2023-11-17 19:21:37
/projects/muyang@colostate.edu/software/anaconda/envs/alpine_MCMC/lib/python3.11/site-packages/numpy/lib/function_base.py:2412: RuntimeWarning: divide by zero encountered in func (vectorized)
  outputs = ufunc(*inputs)
/projects/muyang@colostate.edu/software/anaconda/envs/alpine_MCMC/lib/python3.11/site-packages/numpy/lib/function_base.py:2412: RuntimeWarning: invalid value encountered in func (vectorized)
  outputs = ufunc(*inputs)
3700
2023-11-17 19:24:49
elapsed:  13926.0  seconds
/projects/muyang@colostate.edu/software/anaconda/envs/alpine_MCMC/lib/python3.11/site-packages/numpy/lib/function_base.py:2412: RuntimeWarning: divide by zero encountered in func (vectorized)
  outputs = ufunc(*inputs)
/projects/muyang@colostate.edu/software/anaconda/envs/alpine_MCMC/lib/python3.11/site-packages/numpy/lib/function_base.py:2412: RuntimeWarning: invalid value encountered in func (vectorized)
  outputs = ufunc(*inputs)
3750
2023-11-17 19:28:04
3800
2023-11-17 19:31:17
elapsed:  14314.3  seconds
3850
2023-11-17 19:34:30
3900
2023-11-17 19:37:43
elapsed:  14700.5  seconds
/projects/muyang@colostate.edu/software/anaconda/envs/alpine_MCMC/lib/python3.11/site-packages/numpy/lib/function_base.py:2412: RuntimeWarning: divide by zero encountered in func (vectorized)
  outputs = ufunc(*inputs)
/projects/muyang@colostate.edu/software/anaconda/envs/alpine_MCMC/lib/python3.11/site-packages/numpy/lib/function_base.py:2412: RuntimeWarning: invalid value encountered in func (vectorized)
  outputs = ufunc(*inputs)
3950
2023-11-17 19:40:58
4000
2023-11-17 19:44:14
elapsed:  15091.0  seconds
/projects/muyang@colostate.edu/software/anaconda/envs/alpine_MCMC/lib/python3.11/site-packages/numpy/lib/function_base.py:2412: RuntimeWarning: divide by zero encountered in func (vectorized)
  outputs = ufunc(*inputs)
/projects/muyang@colostate.edu/software/anaconda/envs/alpine_MCMC/lib/python3.11/site-packages/numpy/lib/function_base.py:2412: RuntimeWarning: invalid value encountered in func (vectorized)
  outputs = ufunc(*inputs)
4050
2023-11-17 19:47:33
4100
2023-11-17 19:50:49
elapsed:  15486.6  seconds
4150
2023-11-17 19:54:06
4200
2023-11-17 19:57:19
elapsed:  15876.0  seconds
4250
2023-11-17 20:00:38
/projects/muyang@colostate.edu/software/anaconda/envs/alpine_MCMC/lib/python3.11/site-packages/numpy/lib/function_base.py:2412: RuntimeWarning: divide by zero encountered in func (vectorized)
  outputs = ufunc(*inputs)
/projects/muyang@colostate.edu/software/anaconda/envs/alpine_MCMC/lib/python3.11/site-packages/numpy/lib/function_base.py:2412: RuntimeWarning: invalid value encountered in func (vectorized)
  outputs = ufunc(*inputs)
4300
2023-11-17 20:03:58
elapsed:  16275.3  seconds
/projects/muyang@colostate.edu/software/anaconda/envs/alpine_MCMC/lib/python3.11/site-packages/numpy/lib/function_base.py:2412: RuntimeWarning: divide by zero encountered in func (vectorized)
  outputs = ufunc(*inputs)
/projects/muyang@colostate.edu/software/anaconda/envs/alpine_MCMC/lib/python3.11/site-packages/numpy/lib/function_base.py:2412: RuntimeWarning: invalid value encountered in func (vectorized)
  outputs = ufunc(*inputs)
4350
2023-11-17 20:07:20
4400
2023-11-17 20:10:38
elapsed:  16675.1  seconds
/projects/muyang@colostate.edu/software/anaconda/envs/alpine_MCMC/lib/python3.11/site-packages/numpy/lib/function_base.py:2412: RuntimeWarning: divide by zero encountered in func (vectorized)
  outputs = ufunc(*inputs)
/projects/muyang@colostate.edu/software/anaconda/envs/alpine_MCMC/lib/python3.11/site-packages/numpy/lib/function_base.py:2412: RuntimeWarning: invalid value encountered in func (vectorized)
  outputs = ufunc(*inputs)
4450
2023-11-17 20:13:58
/projects/muyang@colostate.edu/software/anaconda/envs/alpine_MCMC/lib/python3.11/site-packages/numpy/lib/function_base.py:2412: RuntimeWarning: divide by zero encountered in func (vectorized)
  outputs = ufunc(*inputs)
/projects/muyang@colostate.edu/software/anaconda/envs/alpine_MCMC/lib/python3.11/site-packages/numpy/lib/function_base.py:2412: RuntimeWarning: invalid value encountered in func (vectorized)
  outputs = ufunc(*inputs)
4500
2023-11-17 20:17:16
elapsed:  17073.2  seconds
/projects/muyang@colostate.edu/software/anaconda/envs/alpine_MCMC/lib/python3.11/site-packages/numpy/lib/function_base.py:2412: RuntimeWarning: divide by zero encountered in func (vectorized)
  outputs = ufunc(*inputs)
/projects/muyang@colostate.edu/software/anaconda/envs/alpine_MCMC/lib/python3.11/site-packages/numpy/lib/function_base.py:2412: RuntimeWarning: invalid value encountered in func (vectorized)
  outputs = ufunc(*inputs)
4550
2023-11-17 20:20:34
4600
2023-11-17 20:23:52
elapsed:  17469.8  seconds
/projects/muyang@colostate.edu/software/anaconda/envs/alpine_MCMC/lib/python3.11/site-packages/numpy/lib/function_base.py:2412: RuntimeWarning: divide by zero encountered in func (vectorized)
  outputs = ufunc(*inputs)
/projects/muyang@colostate.edu/software/anaconda/envs/alpine_MCMC/lib/python3.11/site-packages/numpy/lib/function_base.py:2412: RuntimeWarning: invalid value encountered in func (vectorized)
  outputs = ufunc(*inputs)
/projects/muyang@colostate.edu/software/anaconda/envs/alpine_MCMC/lib/python3.11/site-packages/numpy/lib/function_base.py:2412: RuntimeWarning: divide by zero encountered in func (vectorized)
  outputs = ufunc(*inputs)
/projects/muyang@colostate.edu/software/anaconda/envs/alpine_MCMC/lib/python3.11/site-packages/numpy/lib/function_base.py:2412: RuntimeWarning: invalid value encountered in func (vectorized)
  outputs = ufunc(*inputs)
/projects/muyang@colostate.edu/software/anaconda/envs/alpine_MCMC/lib/python3.11/site-packages/numpy/lib/function_base.py:2412: RuntimeWarning: divide by zero encountered in func (vectorized)
  outputs = ufunc(*inputs)
/projects/muyang@colostate.edu/software/anaconda/envs/alpine_MCMC/lib/python3.11/site-packages/numpy/lib/function_base.py:2412: RuntimeWarning: invalid value encountered in func (vectorized)
  outputs = ufunc(*inputs)
4650
2023-11-17 20:27:15
4700
2023-11-17 20:30:35
elapsed:  17872.2  seconds
4750
2023-11-17 20:33:58
/projects/muyang@colostate.edu/software/anaconda/envs/alpine_MCMC/lib/python3.11/site-packages/numpy/lib/function_base.py:2412: RuntimeWarning: divide by zero encountered in func (vectorized)
  outputs = ufunc(*inputs)
/projects/muyang@colostate.edu/software/anaconda/envs/alpine_MCMC/lib/python3.11/site-packages/numpy/lib/function_base.py:2412: RuntimeWarning: invalid value encountered in func (vectorized)
  outputs = ufunc(*inputs)
4800
2023-11-17 20:37:19
elapsed:  18276.5  seconds
4850
2023-11-17 20:40:41
/projects/muyang@colostate.edu/software/anaconda/envs/alpine_MCMC/lib/python3.11/site-packages/numpy/lib/function_base.py:2412: RuntimeWarning: divide by zero encountered in func (vectorized)
  outputs = ufunc(*inputs)
/projects/muyang@colostate.edu/software/anaconda/envs/alpine_MCMC/lib/python3.11/site-packages/numpy/lib/function_base.py:2412: RuntimeWarning: invalid value encountered in func (vectorized)
  outputs = ufunc(*inputs)
4900
2023-11-17 20:43:59
elapsed:  18676.2  seconds
/projects/muyang@colostate.edu/software/anaconda/envs/alpine_MCMC/lib/python3.11/site-packages/numpy/lib/function_base.py:2412: RuntimeWarning: divide by zero encountered in func (vectorized)
  outputs = ufunc(*inputs)
/projects/muyang@colostate.edu/software/anaconda/envs/alpine_MCMC/lib/python3.11/site-packages/numpy/lib/function_base.py:2412: RuntimeWarning: invalid value encountered in func (vectorized)
  outputs = ufunc(*inputs)
4950
2023-11-17 20:47:21
5000
2023-11-17 20:50:40
elapsed:  19077.0  seconds
5050
2023-11-17 20:54:02
/projects/muyang@colostate.edu/software/anaconda/envs/alpine_MCMC/lib/python3.11/site-packages/numpy/lib/function_base.py:2412: RuntimeWarning: divide by zero encountered in func (vectorized)
  outputs = ufunc(*inputs)
/projects/muyang@colostate.edu/software/anaconda/envs/alpine_MCMC/lib/python3.11/site-packages/numpy/lib/function_base.py:2412: RuntimeWarning: invalid value encountered in func (vectorized)
  outputs = ufunc(*inputs)
5100
2023-11-17 20:57:23
elapsed:  19480.8  seconds
/projects/muyang@colostate.edu/software/anaconda/envs/alpine_MCMC/lib/python3.11/site-packages/numpy/lib/function_base.py:2412: RuntimeWarning: divide by zero encountered in func (vectorized)
  outputs = ufunc(*inputs)
/projects/muyang@colostate.edu/software/anaconda/envs/alpine_MCMC/lib/python3.11/site-packages/numpy/lib/function_base.py:2412: RuntimeWarning: invalid value encountered in func (vectorized)
  outputs = ufunc(*inputs)
5150
2023-11-17 21:00:45
/projects/muyang@colostate.edu/software/anaconda/envs/alpine_MCMC/lib/python3.11/site-packages/numpy/lib/function_base.py:2412: RuntimeWarning: divide by zero encountered in func (vectorized)
  outputs = ufunc(*inputs)
/projects/muyang@colostate.edu/software/anaconda/envs/alpine_MCMC/lib/python3.11/site-packages/numpy/lib/function_base.py:2412: RuntimeWarning: invalid value encountered in func (vectorized)
  outputs = ufunc(*inputs)
5200
2023-11-17 21:04:09
elapsed:  19886.0  seconds
/projects/muyang@colostate.edu/software/anaconda/envs/alpine_MCMC/lib/python3.11/site-packages/numpy/lib/function_base.py:2412: RuntimeWarning: divide by zero encountered in func (vectorized)
  outputs = ufunc(*inputs)
/projects/muyang@colostate.edu/software/anaconda/envs/alpine_MCMC/lib/python3.11/site-packages/numpy/lib/function_base.py:2412: RuntimeWarning: invalid value encountered in func (vectorized)
  outputs = ufunc(*inputs)
/projects/muyang@colostate.edu/software/anaconda/envs/alpine_MCMC/lib/python3.11/site-packages/numpy/lib/function_base.py:2412: RuntimeWarning: divide by zero encountered in func (vectorized)
  outputs = ufunc(*inputs)
/projects/muyang@colostate.edu/software/anaconda/envs/alpine_MCMC/lib/python3.11/site-packages/numpy/lib/function_base.py:2412: RuntimeWarning: invalid value encountered in func (vectorized)
  outputs = ufunc(*inputs)
5250
2023-11-17 21:07:38
5300
2023-11-17 21:11:06
elapsed:  20303.6  seconds
/projects/muyang@colostate.edu/software/anaconda/envs/alpine_MCMC/lib/python3.11/site-packages/numpy/lib/function_base.py:2412: RuntimeWarning: divide by zero encountered in func (vectorized)
  outputs = ufunc(*inputs)
/projects/muyang@colostate.edu/software/anaconda/envs/alpine_MCMC/lib/python3.11/site-packages/numpy/lib/function_base.py:2412: RuntimeWarning: invalid value encountered in func (vectorized)
  outputs = ufunc(*inputs)
5350
2023-11-17 21:14:35
5400
2023-11-17 21:18:00
elapsed:  20717.6  seconds
/projects/muyang@colostate.edu/software/anaconda/envs/alpine_MCMC/lib/python3.11/site-packages/numpy/lib/function_base.py:2412: RuntimeWarning: divide by zero encountered in func (vectorized)
  outputs = ufunc(*inputs)
/projects/muyang@colostate.edu/software/anaconda/envs/alpine_MCMC/lib/python3.11/site-packages/numpy/lib/function_base.py:2412: RuntimeWarning: invalid value encountered in func (vectorized)
  outputs = ufunc(*inputs)
5450
2023-11-17 21:21:30
/projects/muyang@colostate.edu/software/anaconda/envs/alpine_MCMC/lib/python3.11/site-packages/numpy/lib/function_base.py:2412: RuntimeWarning: divide by zero encountered in func (vectorized)
  outputs = ufunc(*inputs)
/projects/muyang@colostate.edu/software/anaconda/envs/alpine_MCMC/lib/python3.11/site-packages/numpy/lib/function_base.py:2412: RuntimeWarning: invalid value encountered in func (vectorized)
  outputs = ufunc(*inputs)
5500
2023-11-17 21:24:57
elapsed:  21134.3  seconds
/projects/muyang@colostate.edu/software/anaconda/envs/alpine_MCMC/lib/python3.11/site-packages/numpy/lib/function_base.py:2412: RuntimeWarning: divide by zero encountered in func (vectorized)
  outputs = ufunc(*inputs)
/projects/muyang@colostate.edu/software/anaconda/envs/alpine_MCMC/lib/python3.11/site-packages/numpy/lib/function_base.py:2412: RuntimeWarning: invalid value encountered in func (vectorized)
  outputs = ufunc(*inputs)
/projects/muyang@colostate.edu/software/anaconda/envs/alpine_MCMC/lib/python3.11/site-packages/numpy/lib/function_base.py:2412: RuntimeWarning: divide by zero encountered in func (vectorized)
  outputs = ufunc(*inputs)
/projects/muyang@colostate.edu/software/anaconda/envs/alpine_MCMC/lib/python3.11/site-packages/numpy/lib/function_base.py:2412: RuntimeWarning: invalid value encountered in func (vectorized)
  outputs = ufunc(*inputs)
5550
2023-11-17 21:28:29
/projects/muyang@colostate.edu/software/anaconda/envs/alpine_MCMC/lib/python3.11/site-packages/numpy/lib/function_base.py:2412: RuntimeWarning: divide by zero encountered in func (vectorized)
  outputs = ufunc(*inputs)
/projects/muyang@colostate.edu/software/anaconda/envs/alpine_MCMC/lib/python3.11/site-packages/numpy/lib/function_base.py:2412: RuntimeWarning: invalid value encountered in func (vectorized)
  outputs = ufunc(*inputs)
5600
2023-11-17 21:32:00
elapsed:  21557.8  seconds
/projects/muyang@colostate.edu/software/anaconda/envs/alpine_MCMC/lib/python3.11/site-packages/numpy/lib/function_base.py:2412: RuntimeWarning: divide by zero encountered in func (vectorized)
  outputs = ufunc(*inputs)
/projects/muyang@colostate.edu/software/anaconda/envs/alpine_MCMC/lib/python3.11/site-packages/numpy/lib/function_base.py:2412: RuntimeWarning: invalid value encountered in func (vectorized)
  outputs = ufunc(*inputs)
5650
2023-11-17 21:35:35
5700
2023-11-17 21:39:07
elapsed:  21983.9  seconds
/projects/muyang@colostate.edu/software/anaconda/envs/alpine_MCMC/lib/python3.11/site-packages/numpy/lib/function_base.py:2412: RuntimeWarning: divide by zero encountered in func (vectorized)
  outputs = ufunc(*inputs)
/projects/muyang@colostate.edu/software/anaconda/envs/alpine_MCMC/lib/python3.11/site-packages/numpy/lib/function_base.py:2412: RuntimeWarning: invalid value encountered in func (vectorized)
  outputs = ufunc(*inputs)
5750
2023-11-17 21:42:40
/projects/muyang@colostate.edu/software/anaconda/envs/alpine_MCMC/lib/python3.11/site-packages/numpy/lib/function_base.py:2412: RuntimeWarning: divide by zero encountered in func (vectorized)
  outputs = ufunc(*inputs)
/projects/muyang@colostate.edu/software/anaconda/envs/alpine_MCMC/lib/python3.11/site-packages/numpy/lib/function_base.py:2412: RuntimeWarning: invalid value encountered in func (vectorized)
  outputs = ufunc(*inputs)
5800
2023-11-17 21:46:10
elapsed:  22407.4  seconds
/projects/muyang@colostate.edu/software/anaconda/envs/alpine_MCMC/lib/python3.11/site-packages/numpy/lib/function_base.py:2412: RuntimeWarning: divide by zero encountered in func (vectorized)
  outputs = ufunc(*inputs)
/projects/muyang@colostate.edu/software/anaconda/envs/alpine_MCMC/lib/python3.11/site-packages/numpy/lib/function_base.py:2412: RuntimeWarning: invalid value encountered in func (vectorized)
  outputs = ufunc(*inputs)
5850
2023-11-17 21:49:44
/projects/muyang@colostate.edu/software/anaconda/envs/alpine_MCMC/lib/python3.11/site-packages/numpy/lib/function_base.py:2412: RuntimeWarning: divide by zero encountered in func (vectorized)
  outputs = ufunc(*inputs)
/projects/muyang@colostate.edu/software/anaconda/envs/alpine_MCMC/lib/python3.11/site-packages/numpy/lib/function_base.py:2412: RuntimeWarning: invalid value encountered in func (vectorized)
  outputs = ufunc(*inputs)
5900
2023-11-17 21:53:12
elapsed:  22829.7  seconds
/projects/muyang@colostate.edu/software/anaconda/envs/alpine_MCMC/lib/python3.11/site-packages/numpy/lib/function_base.py:2412: RuntimeWarning: divide by zero encountered in func (vectorized)
  outputs = ufunc(*inputs)
/projects/muyang@colostate.edu/software/anaconda/envs/alpine_MCMC/lib/python3.11/site-packages/numpy/lib/function_base.py:2412: RuntimeWarning: invalid value encountered in func (vectorized)
  outputs = ufunc(*inputs)
5950
2023-11-17 21:56:47
6000
2023-11-17 22:00:19
elapsed:  23256.0  seconds
/projects/muyang@colostate.edu/software/anaconda/envs/alpine_MCMC/lib/python3.11/site-packages/numpy/lib/function_base.py:2412: RuntimeWarning: divide by zero encountered in func (vectorized)
  outputs = ufunc(*inputs)
/projects/muyang@colostate.edu/software/anaconda/envs/alpine_MCMC/lib/python3.11/site-packages/numpy/lib/function_base.py:2412: RuntimeWarning: invalid value encountered in func (vectorized)
  outputs = ufunc(*inputs)
6050
2023-11-17 22:03:52
6100
2023-11-17 22:07:25
elapsed:  23682.3  seconds
/projects/muyang@colostate.edu/software/anaconda/envs/alpine_MCMC/lib/python3.11/site-packages/numpy/lib/function_base.py:2412: RuntimeWarning: divide by zero encountered in func (vectorized)
  outputs = ufunc(*inputs)
/projects/muyang@colostate.edu/software/anaconda/envs/alpine_MCMC/lib/python3.11/site-packages/numpy/lib/function_base.py:2412: RuntimeWarning: invalid value encountered in func (vectorized)
  outputs = ufunc(*inputs)
6150
2023-11-17 22:10:59
/projects/muyang@colostate.edu/software/anaconda/envs/alpine_MCMC/lib/python3.11/site-packages/numpy/lib/function_base.py:2412: RuntimeWarning: divide by zero encountered in func (vectorized)
  outputs = ufunc(*inputs)
/projects/muyang@colostate.edu/software/anaconda/envs/alpine_MCMC/lib/python3.11/site-packages/numpy/lib/function_base.py:2412: RuntimeWarning: invalid value encountered in func (vectorized)
  outputs = ufunc(*inputs)
6200
2023-11-17 22:14:31
elapsed:  24108.4  seconds
/projects/muyang@colostate.edu/software/anaconda/envs/alpine_MCMC/lib/python3.11/site-packages/numpy/lib/function_base.py:2412: RuntimeWarning: divide by zero encountered in func (vectorized)
  outputs = ufunc(*inputs)
/projects/muyang@colostate.edu/software/anaconda/envs/alpine_MCMC/lib/python3.11/site-packages/numpy/lib/function_base.py:2412: RuntimeWarning: invalid value encountered in func (vectorized)
  outputs = ufunc(*inputs)
6250
2023-11-17 22:18:05
6300
2023-11-17 22:21:36
elapsed:  24532.8  seconds
/projects/muyang@colostate.edu/software/anaconda/envs/alpine_MCMC/lib/python3.11/site-packages/numpy/lib/function_base.py:2412: RuntimeWarning: divide by zero encountered in func (vectorized)
  outputs = ufunc(*inputs)
/projects/muyang@colostate.edu/software/anaconda/envs/alpine_MCMC/lib/python3.11/site-packages/numpy/lib/function_base.py:2412: RuntimeWarning: invalid value encountered in func (vectorized)
  outputs = ufunc(*inputs)
6350
2023-11-17 22:25:09
6400
2023-11-17 22:28:41
elapsed:  24957.9  seconds
/projects/muyang@colostate.edu/software/anaconda/envs/alpine_MCMC/lib/python3.11/site-packages/numpy/lib/function_base.py:2412: RuntimeWarning: divide by zero encountered in func (vectorized)
  outputs = ufunc(*inputs)
/projects/muyang@colostate.edu/software/anaconda/envs/alpine_MCMC/lib/python3.11/site-packages/numpy/lib/function_base.py:2412: RuntimeWarning: invalid value encountered in func (vectorized)
  outputs = ufunc(*inputs)
6450
2023-11-17 22:32:15
/projects/muyang@colostate.edu/software/anaconda/envs/alpine_MCMC/lib/python3.11/site-packages/numpy/lib/function_base.py:2412: RuntimeWarning: divide by zero encountered in func (vectorized)
  outputs = ufunc(*inputs)
/projects/muyang@colostate.edu/software/anaconda/envs/alpine_MCMC/lib/python3.11/site-packages/numpy/lib/function_base.py:2412: RuntimeWarning: invalid value encountered in func (vectorized)
  outputs = ufunc(*inputs)
6500
2023-11-17 22:35:49
elapsed:  25386.2  seconds
/projects/muyang@colostate.edu/software/anaconda/envs/alpine_MCMC/lib/python3.11/site-packages/numpy/lib/function_base.py:2412: RuntimeWarning: divide by zero encountered in func (vectorized)
  outputs = ufunc(*inputs)
/projects/muyang@colostate.edu/software/anaconda/envs/alpine_MCMC/lib/python3.11/site-packages/numpy/lib/function_base.py:2412: RuntimeWarning: invalid value encountered in func (vectorized)
  outputs = ufunc(*inputs)
6550
2023-11-17 22:39:24
6600
2023-11-17 22:42:56
elapsed:  25813.0  seconds
/projects/muyang@colostate.edu/software/anaconda/envs/alpine_MCMC/lib/python3.11/site-packages/numpy/lib/function_base.py:2412: RuntimeWarning: divide by zero encountered in func (vectorized)
  outputs = ufunc(*inputs)
/projects/muyang@colostate.edu/software/anaconda/envs/alpine_MCMC/lib/python3.11/site-packages/numpy/lib/function_base.py:2412: RuntimeWarning: invalid value encountered in func (vectorized)
  outputs = ufunc(*inputs)
6650
2023-11-17 22:46:30
6700
2023-11-17 22:50:02
elapsed:  26239.3  seconds
/projects/muyang@colostate.edu/software/anaconda/envs/alpine_MCMC/lib/python3.11/site-packages/numpy/lib/function_base.py:2412: RuntimeWarning: divide by zero encountered in func (vectorized)
  outputs = ufunc(*inputs)
/projects/muyang@colostate.edu/software/anaconda/envs/alpine_MCMC/lib/python3.11/site-packages/numpy/lib/function_base.py:2412: RuntimeWarning: invalid value encountered in func (vectorized)
  outputs = ufunc(*inputs)
6750
2023-11-17 22:53:37
6800
2023-11-17 22:57:10
elapsed:  26667.0  seconds
/projects/muyang@colostate.edu/software/anaconda/envs/alpine_MCMC/lib/python3.11/site-packages/numpy/lib/function_base.py:2412: RuntimeWarning: divide by zero encountered in func (vectorized)
  outputs = ufunc(*inputs)
/projects/muyang@colostate.edu/software/anaconda/envs/alpine_MCMC/lib/python3.11/site-packages/numpy/lib/function_base.py:2412: RuntimeWarning: invalid value encountered in func (vectorized)
  outputs = ufunc(*inputs)
6850
2023-11-17 23:00:44
6900
2023-11-17 23:04:16
elapsed:  27093.7  seconds
/projects/muyang@colostate.edu/software/anaconda/envs/alpine_MCMC/lib/python3.11/site-packages/numpy/lib/function_base.py:2412: RuntimeWarning: divide by zero encountered in func (vectorized)
  outputs = ufunc(*inputs)
/projects/muyang@colostate.edu/software/anaconda/envs/alpine_MCMC/lib/python3.11/site-packages/numpy/lib/function_base.py:2412: RuntimeWarning: invalid value encountered in func (vectorized)
  outputs = ufunc(*inputs)
6950
2023-11-17 23:07:51
7000
2023-11-17 23:11:24
elapsed:  27521.3  seconds
7050
2023-11-17 23:14:59
/projects/muyang@colostate.edu/software/anaconda/envs/alpine_MCMC/lib/python3.11/site-packages/numpy/lib/function_base.py:2412: RuntimeWarning: divide by zero encountered in func (vectorized)
  outputs = ufunc(*inputs)
/projects/muyang@colostate.edu/software/anaconda/envs/alpine_MCMC/lib/python3.11/site-packages/numpy/lib/function_base.py:2412: RuntimeWarning: invalid value encountered in func (vectorized)
  outputs = ufunc(*inputs)
/projects/muyang@colostate.edu/software/anaconda/envs/alpine_MCMC/lib/python3.11/site-packages/numpy/lib/function_base.py:2412: RuntimeWarning: divide by zero encountered in func (vectorized)
  outputs = ufunc(*inputs)
/projects/muyang@colostate.edu/software/anaconda/envs/alpine_MCMC/lib/python3.11/site-packages/numpy/lib/function_base.py:2412: RuntimeWarning: invalid value encountered in func (vectorized)
  outputs = ufunc(*inputs)
7100
2023-11-17 23:18:31
elapsed:  27948.8  seconds
/projects/muyang@colostate.edu/software/anaconda/envs/alpine_MCMC/lib/python3.11/site-packages/numpy/lib/function_base.py:2412: RuntimeWarning: divide by zero encountered in func (vectorized)
  outputs = ufunc(*inputs)
/projects/muyang@colostate.edu/software/anaconda/envs/alpine_MCMC/lib/python3.11/site-packages/numpy/lib/function_base.py:2412: RuntimeWarning: invalid value encountered in func (vectorized)
  outputs = ufunc(*inputs)
7150
2023-11-17 23:22:03
/projects/muyang@colostate.edu/software/anaconda/envs/alpine_MCMC/lib/python3.11/site-packages/numpy/lib/function_base.py:2412: RuntimeWarning: divide by zero encountered in func (vectorized)
  outputs = ufunc(*inputs)
/projects/muyang@colostate.edu/software/anaconda/envs/alpine_MCMC/lib/python3.11/site-packages/numpy/lib/function_base.py:2412: RuntimeWarning: invalid value encountered in func (vectorized)
  outputs = ufunc(*inputs)
7200
2023-11-17 23:25:34
elapsed:  28371.8  seconds
/projects/muyang@colostate.edu/software/anaconda/envs/alpine_MCMC/lib/python3.11/site-packages/numpy/lib/function_base.py:2412: RuntimeWarning: divide by zero encountered in func (vectorized)
  outputs = ufunc(*inputs)
/projects/muyang@colostate.edu/software/anaconda/envs/alpine_MCMC/lib/python3.11/site-packages/numpy/lib/function_base.py:2412: RuntimeWarning: invalid value encountered in func (vectorized)
  outputs = ufunc(*inputs)
7250
2023-11-17 23:29:06
7300
2023-11-17 23:32:33
elapsed:  28790.5  seconds
/projects/muyang@colostate.edu/software/anaconda/envs/alpine_MCMC/lib/python3.11/site-packages/numpy/lib/function_base.py:2412: RuntimeWarning: divide by zero encountered in func (vectorized)
  outputs = ufunc(*inputs)
/projects/muyang@colostate.edu/software/anaconda/envs/alpine_MCMC/lib/python3.11/site-packages/numpy/lib/function_base.py:2412: RuntimeWarning: invalid value encountered in func (vectorized)
  outputs = ufunc(*inputs)
7350
2023-11-17 23:36:07
7400
2023-11-17 23:39:38
elapsed:  29215.4  seconds
7450
2023-11-17 23:43:09
7500
2023-11-17 23:46:39
elapsed:  29636.4  seconds
/projects/muyang@colostate.edu/software/anaconda/envs/alpine_MCMC/lib/python3.11/site-packages/numpy/lib/function_base.py:2412: RuntimeWarning: divide by zero encountered in func (vectorized)
  outputs = ufunc(*inputs)
/projects/muyang@colostate.edu/software/anaconda/envs/alpine_MCMC/lib/python3.11/site-packages/numpy/lib/function_base.py:2412: RuntimeWarning: invalid value encountered in func (vectorized)
  outputs = ufunc(*inputs)
7550
2023-11-17 23:50:12
7600
2023-11-17 23:53:44
elapsed:  30061.5  seconds
/projects/muyang@colostate.edu/software/anaconda/envs/alpine_MCMC/lib/python3.11/site-packages/numpy/lib/function_base.py:2412: RuntimeWarning: divide by zero encountered in func (vectorized)
  outputs = ufunc(*inputs)
/projects/muyang@colostate.edu/software/anaconda/envs/alpine_MCMC/lib/python3.11/site-packages/numpy/lib/function_base.py:2412: RuntimeWarning: invalid value encountered in func (vectorized)
  outputs = ufunc(*inputs)
7650
2023-11-17 23:57:17
7700
2023-11-18 00:00:48
elapsed:  30485.8  seconds
/projects/muyang@colostate.edu/software/anaconda/envs/alpine_MCMC/lib/python3.11/site-packages/numpy/lib/function_base.py:2412: RuntimeWarning: divide by zero encountered in func (vectorized)
  outputs = ufunc(*inputs)
/projects/muyang@colostate.edu/software/anaconda/envs/alpine_MCMC/lib/python3.11/site-packages/numpy/lib/function_base.py:2412: RuntimeWarning: invalid value encountered in func (vectorized)
  outputs = ufunc(*inputs)
7750
2023-11-18 00:04:22
7800
2023-11-18 00:07:54
elapsed:  30911.2  seconds
/projects/muyang@colostate.edu/software/anaconda/envs/alpine_MCMC/lib/python3.11/site-packages/numpy/lib/function_base.py:2412: RuntimeWarning: divide by zero encountered in func (vectorized)
  outputs = ufunc(*inputs)
/projects/muyang@colostate.edu/software/anaconda/envs/alpine_MCMC/lib/python3.11/site-packages/numpy/lib/function_base.py:2412: RuntimeWarning: invalid value encountered in func (vectorized)
  outputs = ufunc(*inputs)
7850
2023-11-18 00:11:24
7900
2023-11-18 00:14:53
elapsed:  31330.8  seconds
/projects/muyang@colostate.edu/software/anaconda/envs/alpine_MCMC/lib/python3.11/site-packages/numpy/lib/function_base.py:2412: RuntimeWarning: divide by zero encountered in func (vectorized)
  outputs = ufunc(*inputs)
/projects/muyang@colostate.edu/software/anaconda/envs/alpine_MCMC/lib/python3.11/site-packages/numpy/lib/function_base.py:2412: RuntimeWarning: invalid value encountered in func (vectorized)
  outputs = ufunc(*inputs)
7950
2023-11-18 00:18:27
8000
2023-11-18 00:21:58
elapsed:  31755.5  seconds
/projects/muyang@colostate.edu/software/anaconda/envs/alpine_MCMC/lib/python3.11/site-packages/numpy/lib/function_base.py:2412: RuntimeWarning: divide by zero encountered in func (vectorized)
  outputs = ufunc(*inputs)
/projects/muyang@colostate.edu/software/anaconda/envs/alpine_MCMC/lib/python3.11/site-packages/numpy/lib/function_base.py:2412: RuntimeWarning: invalid value encountered in func (vectorized)
  outputs = ufunc(*inputs)
8050
2023-11-18 00:25:31
8100
2023-11-18 00:29:03
elapsed:  32180.8  seconds
/projects/muyang@colostate.edu/software/anaconda/envs/alpine_MCMC/lib/python3.11/site-packages/numpy/lib/function_base.py:2412: RuntimeWarning: divide by zero encountered in func (vectorized)
  outputs = ufunc(*inputs)
/projects/muyang@colostate.edu/software/anaconda/envs/alpine_MCMC/lib/python3.11/site-packages/numpy/lib/function_base.py:2412: RuntimeWarning: invalid value encountered in func (vectorized)
  outputs = ufunc(*inputs)
8150
2023-11-18 00:32:37
8200
2023-11-18 00:36:07
elapsed:  32604.1  seconds
/projects/muyang@colostate.edu/software/anaconda/envs/alpine_MCMC/lib/python3.11/site-packages/numpy/lib/function_base.py:2412: RuntimeWarning: divide by zero encountered in func (vectorized)
  outputs = ufunc(*inputs)
/projects/muyang@colostate.edu/software/anaconda/envs/alpine_MCMC/lib/python3.11/site-packages/numpy/lib/function_base.py:2412: RuntimeWarning: invalid value encountered in func (vectorized)
  outputs = ufunc(*inputs)
8250
2023-11-18 00:39:42
8300
2023-11-18 00:43:14
elapsed:  33031.8  seconds
/projects/muyang@colostate.edu/software/anaconda/envs/alpine_MCMC/lib/python3.11/site-packages/numpy/lib/function_base.py:2412: RuntimeWarning: divide by zero encountered in func (vectorized)
  outputs = ufunc(*inputs)
/projects/muyang@colostate.edu/software/anaconda/envs/alpine_MCMC/lib/python3.11/site-packages/numpy/lib/function_base.py:2412: RuntimeWarning: invalid value encountered in func (vectorized)
  outputs = ufunc(*inputs)
8350
2023-11-18 00:46:46
8400
2023-11-18 00:50:17
elapsed:  33454.1  seconds
/projects/muyang@colostate.edu/software/anaconda/envs/alpine_MCMC/lib/python3.11/site-packages/numpy/lib/function_base.py:2412: RuntimeWarning: divide by zero encountered in func (vectorized)
  outputs = ufunc(*inputs)
/projects/muyang@colostate.edu/software/anaconda/envs/alpine_MCMC/lib/python3.11/site-packages/numpy/lib/function_base.py:2412: RuntimeWarning: invalid value encountered in func (vectorized)
  outputs = ufunc(*inputs)
8450
2023-11-18 00:53:49
8500
2023-11-18 00:57:20
elapsed:  33877.7  seconds
/projects/muyang@colostate.edu/software/anaconda/envs/alpine_MCMC/lib/python3.11/site-packages/numpy/lib/function_base.py:2412: RuntimeWarning: divide by zero encountered in func (vectorized)
  outputs = ufunc(*inputs)
/projects/muyang@colostate.edu/software/anaconda/envs/alpine_MCMC/lib/python3.11/site-packages/numpy/lib/function_base.py:2412: RuntimeWarning: invalid value encountered in func (vectorized)
  outputs = ufunc(*inputs)
8550
2023-11-18 01:00:54
8600
2023-11-18 01:04:24
elapsed:  34301.6  seconds
8650
2023-11-18 01:07:56
/projects/muyang@colostate.edu/software/anaconda/envs/alpine_MCMC/lib/python3.11/site-packages/numpy/lib/function_base.py:2412: RuntimeWarning: divide by zero encountered in func (vectorized)
  outputs = ufunc(*inputs)
/projects/muyang@colostate.edu/software/anaconda/envs/alpine_MCMC/lib/python3.11/site-packages/numpy/lib/function_base.py:2412: RuntimeWarning: invalid value encountered in func (vectorized)
  outputs = ufunc(*inputs)
8700
2023-11-18 01:11:28
elapsed:  34725.6  seconds
/projects/muyang@colostate.edu/software/anaconda/envs/alpine_MCMC/lib/python3.11/site-packages/numpy/lib/function_base.py:2412: RuntimeWarning: divide by zero encountered in func (vectorized)
  outputs = ufunc(*inputs)
/projects/muyang@colostate.edu/software/anaconda/envs/alpine_MCMC/lib/python3.11/site-packages/numpy/lib/function_base.py:2412: RuntimeWarning: invalid value encountered in func (vectorized)
  outputs = ufunc(*inputs)
8750
2023-11-18 01:15:02
8800
2023-11-18 01:18:34
elapsed:  35150.9  seconds
8850
2023-11-18 01:22:08
/projects/muyang@colostate.edu/software/anaconda/envs/alpine_MCMC/lib/python3.11/site-packages/numpy/lib/function_base.py:2412: RuntimeWarning: divide by zero encountered in func (vectorized)
  outputs = ufunc(*inputs)
/projects/muyang@colostate.edu/software/anaconda/envs/alpine_MCMC/lib/python3.11/site-packages/numpy/lib/function_base.py:2412: RuntimeWarning: invalid value encountered in func (vectorized)
  outputs = ufunc(*inputs)
8900
2023-11-18 01:25:40
elapsed:  35577.6  seconds
8950
2023-11-18 01:29:14
/projects/muyang@colostate.edu/software/anaconda/envs/alpine_MCMC/lib/python3.11/site-packages/numpy/lib/function_base.py:2412: RuntimeWarning: divide by zero encountered in func (vectorized)
  outputs = ufunc(*inputs)
/projects/muyang@colostate.edu/software/anaconda/envs/alpine_MCMC/lib/python3.11/site-packages/numpy/lib/function_base.py:2412: RuntimeWarning: invalid value encountered in func (vectorized)
  outputs = ufunc(*inputs)
9000
2023-11-18 01:32:46
elapsed:  36003.2  seconds
/projects/muyang@colostate.edu/software/anaconda/envs/alpine_MCMC/lib/python3.11/site-packages/numpy/lib/function_base.py:2412: RuntimeWarning: divide by zero encountered in func (vectorized)
  outputs = ufunc(*inputs)
/projects/muyang@colostate.edu/software/anaconda/envs/alpine_MCMC/lib/python3.11/site-packages/numpy/lib/function_base.py:2412: RuntimeWarning: invalid value encountered in func (vectorized)
  outputs = ufunc(*inputs)
9050
2023-11-18 01:36:17
9100
2023-11-18 01:39:44
elapsed:  36421.7  seconds
/projects/muyang@colostate.edu/software/anaconda/envs/alpine_MCMC/lib/python3.11/site-packages/numpy/lib/function_base.py:2412: RuntimeWarning: divide by zero encountered in func (vectorized)
  outputs = ufunc(*inputs)
/projects/muyang@colostate.edu/software/anaconda/envs/alpine_MCMC/lib/python3.11/site-packages/numpy/lib/function_base.py:2412: RuntimeWarning: invalid value encountered in func (vectorized)
  outputs = ufunc(*inputs)
9150
2023-11-18 01:43:17
9200
2023-11-18 01:46:50
elapsed:  36847.1  seconds
/projects/muyang@colostate.edu/software/anaconda/envs/alpine_MCMC/lib/python3.11/site-packages/numpy/lib/function_base.py:2412: RuntimeWarning: divide by zero encountered in func (vectorized)
  outputs = ufunc(*inputs)
/projects/muyang@colostate.edu/software/anaconda/envs/alpine_MCMC/lib/python3.11/site-packages/numpy/lib/function_base.py:2412: RuntimeWarning: invalid value encountered in func (vectorized)
  outputs = ufunc(*inputs)
9250
2023-11-18 01:50:22
9300
2023-11-18 01:53:53
elapsed:  37270.4  seconds
9350
2023-11-18 01:57:28
/projects/muyang@colostate.edu/software/anaconda/envs/alpine_MCMC/lib/python3.11/site-packages/numpy/lib/function_base.py:2412: RuntimeWarning: divide by zero encountered in func (vectorized)
  outputs = ufunc(*inputs)
/projects/muyang@colostate.edu/software/anaconda/envs/alpine_MCMC/lib/python3.11/site-packages/numpy/lib/function_base.py:2412: RuntimeWarning: invalid value encountered in func (vectorized)
  outputs = ufunc(*inputs)
9400
2023-11-18 02:00:59
elapsed:  37696.5  seconds
/projects/muyang@colostate.edu/software/anaconda/envs/alpine_MCMC/lib/python3.11/site-packages/numpy/lib/function_base.py:2412: RuntimeWarning: divide by zero encountered in func (vectorized)
  outputs = ufunc(*inputs)
/projects/muyang@colostate.edu/software/anaconda/envs/alpine_MCMC/lib/python3.11/site-packages/numpy/lib/function_base.py:2412: RuntimeWarning: invalid value encountered in func (vectorized)
  outputs = ufunc(*inputs)
9450
2023-11-18 02:04:33
9500
2023-11-18 02:08:03
elapsed:  38120.6  seconds
9550
2023-11-18 02:11:36
9600
2023-11-18 02:15:09
elapsed:  38546.2  seconds
9650
2023-11-18 02:18:43
9700
2023-11-18 02:22:14
elapsed:  38971.3  seconds
/projects/muyang@colostate.edu/software/anaconda/envs/alpine_MCMC/lib/python3.11/site-packages/numpy/lib/function_base.py:2412: RuntimeWarning: divide by zero encountered in func (vectorized)
  outputs = ufunc(*inputs)
/projects/muyang@colostate.edu/software/anaconda/envs/alpine_MCMC/lib/python3.11/site-packages/numpy/lib/function_base.py:2412: RuntimeWarning: invalid value encountered in func (vectorized)
  outputs = ufunc(*inputs)
9750
2023-11-18 02:25:48
9800
2023-11-18 02:29:20
elapsed:  39397.6  seconds
9850
2023-11-18 02:32:53
/projects/muyang@colostate.edu/software/anaconda/envs/alpine_MCMC/lib/python3.11/site-packages/numpy/lib/function_base.py:2412: RuntimeWarning: divide by zero encountered in func (vectorized)
  outputs = ufunc(*inputs)
/projects/muyang@colostate.edu/software/anaconda/envs/alpine_MCMC/lib/python3.11/site-packages/numpy/lib/function_base.py:2412: RuntimeWarning: invalid value encountered in func (vectorized)
  outputs = ufunc(*inputs)
9900
2023-11-18 02:36:25
elapsed:  39822.6  seconds
/projects/muyang@colostate.edu/software/anaconda/envs/alpine_MCMC/lib/python3.11/site-packages/numpy/lib/function_base.py:2412: RuntimeWarning: divide by zero encountered in func (vectorized)
  outputs = ufunc(*inputs)
/projects/muyang@colostate.edu/software/anaconda/envs/alpine_MCMC/lib/python3.11/site-packages/numpy/lib/function_base.py:2412: RuntimeWarning: invalid value encountered in func (vectorized)
  outputs = ufunc(*inputs)
9950
2023-11-18 02:39:56
elapsed:  40239.4  seconds
total time:  40245.6  seconds
true R:  [[4.28210822e-01 2.57904874e-01 2.40276788e+00 2.65244227e+02
  4.14311638e-01 4.17903198e+01 1.40575887e+00 4.58738041e-01
  2.12372350e-01 1.39284219e+00 2.21445851e-01 3.67710827e-01
  8.42405062e+00 1.22463088e+00 7.82545239e+00 2.60141475e-01
  1.50180175e+00 1.37728093e+00 7.15555437e-01 1.88660775e-01
  1.67593865e-01 2.83595638e-01 8.68253585e-01 2.36048267e-01
  2.77783258e+00 2.13881466e-01 7.14251000e+00 3.65616406e-01
  4.32972283e+00 1.25110924e+00 3.82832718e+00 2.43907275e+00
  1.72135963e+00 1.22924413e+01 1.93203972e+00 2.97256458e+00
  5.70524187e-01 3.63269851e-01 2.84394013e-01 3.57215353e-01
  8.87084405e+00 1.08802115e+00 5.02908571e-01 1.90370263e+00
  2.95717274e-01 2.54478488e-01 2.24300811e+00 8.81652197e-02
  7.16943346e-02 1.42024497e-01 9.15412841e+00 4.42366452e-01
  2.81973818e-01 2.64325649e-01 2.09113849e+00 3.94554100e+00
  9.01902465e-01 2.08348720e+01 4.24651726e+01 8.45635385e+00
  1.54232871e+00 1.94276825e-01 3.29644933e+02 1.24025315e+00]
 [1.98238938e+00 6.55979746e+00 2.06761841e+00 2.00184865e-01
  3.22862345e+00 1.50626463e-01 4.25058015e-01 2.88504695e+00
  1.17332793e-01 6.76834367e-01 3.03351600e+02 1.87450907e-01
  7.41838569e+02 1.16833805e+00 7.05441790e+00 5.27257734e-01
  4.73538236e-01 8.53807393e-01 4.94384160e-01 4.03223871e-01
  1.34044492e+00 2.13691638e+00 8.97930459e-01 2.69550387e-01
  1.24528757e+00 2.24898978e+00 3.66441642e+00 4.47325609e-01
  1.81640117e+00 3.58755403e+00 6.97043963e-01 1.32707303e-01
  1.59865498e+00 3.34753712e-01 1.29626485e+00 1.15705633e+01
  9.54341904e-02 5.00920910e-01 1.45257384e+00 1.22069275e-01
  3.23631290e-01 3.89662373e-01 4.42656873e+00 2.68949253e-01
  1.20250013e+01 3.75103093e-01 5.89123362e+00 7.12451529e+00
  2.78298063e+01 9.62584458e-01 3.30318171e-01 9.29073889e-01
  7.67681211e-01 1.35996159e+00 3.83141025e+00 7.76268313e-01
  1.08698416e+00 1.09763950e+01 1.24059635e+01 2.27838761e+00
  1.52836402e+01 3.86877720e+01 2.44050181e+01 7.06731920e-01]
 [2.20651390e+01 1.64231877e+00 1.26314230e-01 9.80801355e-01
  3.30079219e+00 6.55885421e-01 5.16690429e+00 3.02559602e-01
  1.85618550e+01 2.56280667e-01 1.57821636e-01 2.06724767e-01
  2.96692934e+01 1.63123226e-01 2.96479152e+00 5.85692904e-02
  2.91894105e-01 4.07924306e-01 1.47879412e+01 2.08684154e+00
  6.83285956e-01 7.21702854e-01 7.38617845e-01 3.34814023e-01
  1.89297132e-01 5.76330630e-01 1.32741717e+00 5.83366727e-01
  2.64532529e+00 4.87196219e+01 1.34876159e-01 1.78833558e+01
  7.12416293e+00 6.72326262e+00 1.81896106e+00 2.93275495e+00
  5.81171876e+00 1.42309169e+00 2.56774581e+00 1.28518479e-01
  2.00243077e+00 6.51073881e-01 9.04657662e+00 5.40794739e-01
  7.72910067e+01 8.11836278e-02 2.27625342e-01 2.51564063e-01
  2.46578142e+01 3.83318403e+00 9.03172644e-01 3.73901777e+03
  1.88778007e+01 6.09006577e+00 9.29745937e+00 5.82275158e+02
  1.37322670e-01 1.03313888e-01 2.51910893e-01 5.13909664e+00
  5.00984691e-01 1.43645716e-01 8.42294519e-01 1.95594808e+00]
 [2.67750607e+00 7.86785978e-02 3.35344447e+00 3.11076585e+03
  1.19449268e+00 5.18845288e-01 1.79101925e+00 1.27949994e+01
  1.31339533e-01 1.13347083e-01 2.90079818e-01 3.74506039e-01
  1.40210578e-01 4.46804851e-01 2.04264277e+00 5.32525281e-01
  1.17306103e-01 3.94950248e+00 3.64168740e+00 2.37548766e+01
  4.13444956e+00 2.46581476e+00 4.51424717e-01 2.76218338e-01
  2.13626252e-01 3.12505565e-01 6.12054249e+03 1.12954027e+01
  1.01743315e+03 4.31762478e+00 1.42233729e-01 4.49375370e+00
  1.03417881e+01 1.75588737e+01 9.60949797e-01 1.97689881e+00
  1.32069517e+02 9.92255132e-01 2.91386489e+01 2.29438276e+00
  5.64846222e-01 9.17482709e-01 1.20217033e+00 1.03967256e-01
  3.03134796e-01 4.25155887e+00 3.72883155e-01 6.74702157e+01
  2.12456424e+02 4.21138029e+00 1.09370473e-01 2.63326938e-01
  1.67642024e+01 2.31608492e+01 1.09475641e+02 1.11231396e+01
  9.38656211e-01 1.11874488e+01 4.40222944e+01 5.83878656e+00
  7.02006806e-01 7.68673953e-02 4.38776157e+00 3.05591102e+00]
 [2.63065630e-01 5.77191955e-01 3.16647142e-01 2.32533013e+01
  6.59388609e-01 2.16266882e+01 3.43050075e-01 1.99412076e+01
  9.53668579e+01 3.72449238e-01 5.95363752e-02 7.21675089e-01
  7.42706254e-02 2.14348021e-01 3.96635701e+00 1.04691045e-01
  5.75224061e-02 2.43924486e+00 3.29670354e+00 4.05537130e+00
  2.16855354e-01 4.04569042e-01 2.94342444e-01 4.15686268e-01
  2.87764357e+00 9.99874407e-01 2.08274712e+00 1.19219499e+00
  5.21995070e+00 4.51738134e-01 1.31180938e+00 3.52420609e+01
  9.88579946e-01 4.16366701e+00 2.21239281e-01 2.56747185e-01
  6.77401050e-01 5.08445932e+00 4.16816425e-01 1.31627089e+00
  4.01494352e-01 7.63335417e-01 1.20002435e+00 1.40628011e+00
  2.97691341e-01 5.70941047e+00 2.85192749e+00 1.62865390e-01
  2.37326622e+01 2.77124735e+00 1.07384774e+04 1.72625191e+00
  1.93188097e-01 6.78820686e+00 3.48844752e+00 9.62247989e-01
  1.69670572e-01 1.25670700e-01 5.20419989e+00 3.40829447e+00
  1.66496895e+00 1.44778559e+00 4.94906868e+00 4.89841606e-01]
 [2.72875193e-01 3.08192637e+00 1.69380114e+00 1.21693381e+01
  1.30248957e+01 1.04026575e+00 2.73826998e-01 5.84482263e-01
  2.47806973e+00 1.07961280e+00 2.58903060e+00 1.53587820e+01
  5.55379431e-01 3.07436220e-01 8.01439199e+00 3.81775594e+03
  5.87439870e+01 2.15188510e+00 7.16867774e+04 2.78402010e+00
  1.89226424e-01 2.01505271e+00 1.34152797e+00 1.68257082e+00
  3.94293786e-01 5.78824741e-01 5.20619769e-01 1.57121094e+00
  5.75630896e-01 3.62379661e-01 2.59642349e+00 5.45934892e-01
  6.86373224e-01 9.86311243e-01 1.07650513e+00 6.77746157e+00
  1.83180960e+00 3.59345659e-01 2.70006352e-01 2.63031906e+00
  1.31819503e-01 1.87945947e-01 8.15525643e-01 3.91657899e+00
  5.56861698e-01 5.34233813e+00 2.28475240e+00 3.68786228e+00
  2.99706827e+00 8.47080511e-01 1.14665717e+00 4.71537387e+00
  2.86582639e+00 2.16721216e+00 3.38420152e-01 1.10393588e-01
  2.12413422e-01 2.44248120e+02 3.35743059e-01 9.38261767e-01
  1.19149167e-01 3.93336265e+00 2.48645541e-01 3.26724168e-01]
 [7.12359450e-01 1.23525804e-01 4.13676426e+01 1.90511639e+00
  9.88501670e-02 2.75531180e+00 2.81981559e+00 8.15634789e-01
  2.23654952e+00 1.28157751e+00 1.20021301e+00 2.33552854e+00
  5.78671668e+00 1.22765625e+01 1.65941001e-01 1.74021883e+00
  1.85700273e-01 1.50742253e+00 9.46626880e-01 9.64038859e+00
  1.71302438e-01 6.16364701e-01 3.38596399e+01 1.19764202e+00
  3.86256162e-01 1.45636413e+01 1.62776867e+00 5.50073136e-01
  4.91856256e+01 5.66456249e-01 5.66291388e-01 8.47600329e-01
  1.22332774e+00 4.15170443e-01 2.03039234e-01 2.40363543e-01
  6.29174389e-02 4.81021777e-01 1.09591255e+01 1.70376803e+00
  1.37823919e-01 1.34865773e+00 7.08735141e+00 9.32959711e-02
  2.59095740e-01 8.34397827e-01 4.36599360e+01 3.36293411e-01
  1.23248342e+01 6.14934161e+00 1.79659647e+01 1.19283399e-01
  8.65396154e-01 8.75082371e-01 1.14677033e+00 7.73580547e+01
  1.71595780e+01 1.85415369e+00 1.56256006e+01 2.08033025e+00
  2.81589818e-01 2.35329663e+00 1.34089724e+00 5.42158745e+02]
 [3.48519520e+02 2.96389960e-01 3.66323265e+00 2.11330965e+01
  1.16590290e-01 4.10592136e-01 3.85642096e-01 5.50813406e-01
  9.01806691e-01 2.32380354e-01 6.10718973e-01 4.36474858e-01
  4.46809964e+00 6.93706144e-01 2.60580633e-01 4.46531331e+00
  2.85484893e+00 1.88034579e+00 1.27897071e-01 1.93083086e+01
  1.33428148e+00 7.32053228e+01 8.83667797e-01 2.45972428e-01
  2.89376530e+00 4.84781706e+00 1.79946859e-01 7.07364289e-01
  4.96643632e+00 5.79574413e-01 3.68353116e-01 1.11992726e-01
  1.88582053e+01 2.00809340e-01 1.06149364e+01 2.79010930e+01
  2.33118956e-01 1.66582949e+01 2.58452446e-01 2.15546296e+00
  3.64297793e+00 1.12310941e+00 1.50209054e+02 4.04034410e+00
  3.72711686e-01 1.09084370e+01 3.00045194e-01 5.86800364e-02
  1.70558027e+00 2.39748934e-01 3.06240544e-01 1.24174858e+00
  5.66769162e-01 3.03877885e-01 2.96932452e-01 3.49742313e-01
  5.60832916e-01 7.17849861e-01 4.44054854e+01 2.78055269e-01
  1.10565962e+00 2.35008289e+00 1.15482794e+00 6.62685497e+00]
 [1.80671382e-01 2.54954981e+00 1.67999675e+00 2.93591760e-01
  1.87003890e+01 3.93469848e+01 1.08744727e+00 5.08262833e-01
  6.33608171e-01 5.40625118e-01 1.52726642e+00 6.25899578e+00
  3.32155190e+00 1.68092020e-01 6.92194809e-02 2.49288835e+00
  5.16114951e+01 1.96379076e+02 3.49849165e-01 3.34872468e-01
  4.79883726e-01 3.05635180e-01 1.30728199e+00 2.64420036e+00
  3.93736071e+00 7.99952928e-01 3.00635843e+00 1.15960420e+01
  1.68984552e+01 6.29357776e-01 6.89769613e-01 5.54652757e-01
  2.11987819e-01 1.04749414e+00 8.37040795e-01 1.50188705e-01
  2.26951903e+00 3.85902142e-01 3.53068415e-01 7.39720746e-01
  6.35616785e-01 1.38905721e+00 5.12891058e+01 1.03168399e+00
  1.30349547e+00 2.07282715e-01 4.53268002e-01 1.80293175e-01
  1.12331519e+00 1.52247972e+00 2.66597839e+00 5.52700615e+00
  6.71616729e-01 6.85108696e-01 2.75764019e+00 5.02686416e+01
  3.02679486e-01 7.79914517e-01 2.70075265e+00 2.69302668e-01
  3.81972157e-01 1.16092414e+00 2.30504502e+00 7.81037776e-01]
 [2.76652790e+00 3.01488634e+00 5.64810412e+03 2.44552512e+02
  4.17187483e+00 1.86813194e-01 8.17448464e-01 2.80860822e-01
  5.94914533e+00 5.97052117e-01 8.68121963e+00 6.19839008e-01
  7.74454150e-02 5.51996239e-01 9.93163340e-02 8.60773158e-01
  3.05241314e-01 1.86797273e+00 3.64291180e+01 9.47143288e-01
  4.61818430e+00 7.90244649e-01 1.01049714e+00 4.97541457e-01
  2.60755575e+01 1.51637079e-01 2.66697788e+01 2.81154900e+00
  2.77952918e-01 2.15985866e-01 8.06616697e+03 4.32844160e-01
  1.37204842e+00 7.11310215e+01 1.61901897e-01 1.17284724e+00
  3.30393868e+00 3.74496123e+01 9.69989129e+04 6.36594902e-01
  4.47626737e-01 4.51053983e+00 8.74293365e-01 5.91645484e-01
  8.69592483e-01 1.51191658e+00 4.02205345e+00 4.73443730e+02
  3.63392035e-01 3.06463038e-01 3.30332617e+00 5.56954754e-01
  2.52933542e-01 3.78923550e-01 2.09982951e+00 2.10124279e+01
  6.69240536e-02 5.49158119e-01 4.59198665e-01 5.57440188e+00
  3.41060638e-01 6.35221577e-01 2.69452154e-01 6.42887090e+01]]
