1
50
2023-11-17 15:36:27
100
2023-11-17 15:38:49
elapsed:  284.0  seconds
150
2023-11-17 15:41:16
200
2023-11-17 15:43:39
elapsed:  574.7  seconds
250
2023-11-17 15:46:03
300
2023-11-17 15:48:28
elapsed:  862.9  seconds
/projects/muyang@colostate.edu/software/anaconda/envs/alpine_MCMC/lib/python3.11/site-packages/numpy/lib/function_base.py:2412: RuntimeWarning: divide by zero encountered in func (vectorized)
  outputs = ufunc(*inputs)
/projects/muyang@colostate.edu/software/anaconda/envs/alpine_MCMC/lib/python3.11/site-packages/numpy/lib/function_base.py:2412: RuntimeWarning: invalid value encountered in func (vectorized)
  outputs = ufunc(*inputs)
350
2023-11-17 15:50:56
400
2023-11-17 15:53:21
elapsed:  1155.8  seconds
450
2023-11-17 15:55:49
500
2023-11-17 15:58:14
elapsed:  1449.7  seconds
550
2023-11-17 16:00:40
600
2023-11-17 16:03:04
elapsed:  1739.4  seconds
650
2023-11-17 16:05:28
700
2023-11-17 16:07:52
elapsed:  2027.7  seconds
750
2023-11-17 16:10:19
800
2023-11-17 16:12:43
elapsed:  2317.9  seconds
850
2023-11-17 16:15:10
/projects/muyang@colostate.edu/software/anaconda/envs/alpine_MCMC/lib/python3.11/site-packages/numpy/lib/function_base.py:2412: RuntimeWarning: divide by zero encountered in func (vectorized)
  outputs = ufunc(*inputs)
/projects/muyang@colostate.edu/software/anaconda/envs/alpine_MCMC/lib/python3.11/site-packages/numpy/lib/function_base.py:2412: RuntimeWarning: invalid value encountered in func (vectorized)
  outputs = ufunc(*inputs)
900
2023-11-17 16:17:35
elapsed:  2610.1  seconds
/projects/muyang@colostate.edu/software/anaconda/envs/alpine_MCMC/lib/python3.11/site-packages/numpy/lib/function_base.py:2412: RuntimeWarning: divide by zero encountered in func (vectorized)
  outputs = ufunc(*inputs)
/projects/muyang@colostate.edu/software/anaconda/envs/alpine_MCMC/lib/python3.11/site-packages/numpy/lib/function_base.py:2412: RuntimeWarning: invalid value encountered in func (vectorized)
  outputs = ufunc(*inputs)
950
2023-11-17 16:20:01
1000
2023-11-17 16:22:25
elapsed:  2899.9  seconds
1050
2023-11-17 16:24:49
1100
2023-11-17 16:27:12
elapsed:  3187.0  seconds
1150
2023-11-17 16:29:38
1200
2023-11-17 16:32:01
elapsed:  3476.3  seconds
1250
2023-11-17 16:34:26
1300
2023-11-17 16:36:52
elapsed:  3767.2  seconds
1350
2023-11-17 16:39:19
1400
2023-11-17 16:41:45
elapsed:  4060.4  seconds
1450
2023-11-17 16:44:09
1500
2023-11-17 16:46:34
elapsed:  4349.3  seconds
1550
2023-11-17 16:49:02
1600
2023-11-17 16:51:28
elapsed:  4643.8  seconds
1650
2023-11-17 16:53:57
1700
2023-11-17 16:56:25
elapsed:  4939.8  seconds
1750
2023-11-17 16:58:55
1800
2023-11-17 17:01:21
elapsed:  5236.6  seconds
1850
2023-11-17 17:03:46
1900
2023-11-17 17:06:09
elapsed:  5524.0  seconds
1950
2023-11-17 17:08:34
2000
2023-11-17 17:10:59
elapsed:  5814.1  seconds
2050
2023-11-17 17:13:24
2100
2023-11-17 17:15:47
elapsed:  6102.3  seconds
2150
2023-11-17 17:18:12
2200
2023-11-17 17:20:37
elapsed:  6392.0  seconds
2250
2023-11-17 17:23:02
2300
2023-11-17 17:25:27
elapsed:  6682.1  seconds
2350
2023-11-17 17:27:54
2400
2023-11-17 17:30:16
elapsed:  6971.1  seconds
2450
2023-11-17 17:32:40
2500
2023-11-17 17:35:01
elapsed:  7256.2  seconds
2550
2023-11-17 17:37:25
2600
2023-11-17 17:39:45
elapsed:  7540.1  seconds
2650
2023-11-17 17:42:11
2700
2023-11-17 17:44:36
elapsed:  7830.9  seconds
2750
2023-11-17 17:46:59
2800
2023-11-17 17:49:23
elapsed:  8118.0  seconds
2850
2023-11-17 17:51:48
2900
2023-11-17 17:54:08
elapsed:  8403.4  seconds
2950
2023-11-17 17:56:34
3000
2023-11-17 17:58:58
elapsed:  8693.5  seconds
3050
2023-11-17 18:01:22
3100
2023-11-17 18:03:43
elapsed:  8978.8  seconds
3150
2023-11-17 18:06:04
3200
2023-11-17 18:08:26
elapsed:  9261.6  seconds
3250
2023-11-17 18:10:52
3300
2023-11-17 18:13:16
elapsed:  9551.3  seconds
3350
2023-11-17 18:15:40
3400
2023-11-17 18:18:00
elapsed:  9835.7  seconds
3450
2023-11-17 18:20:24
3500
2023-11-17 18:22:48
elapsed:  10123.2  seconds
3550
2023-11-17 18:25:11
3600
2023-11-17 18:27:31
elapsed:  10406.2  seconds
3650
2023-11-17 18:29:54
3700
2023-11-17 18:32:16
elapsed:  10691.6  seconds
3750
2023-11-17 18:34:42
3800
2023-11-17 18:37:06
elapsed:  10981.0  seconds
3850
2023-11-17 18:39:33
3900
2023-11-17 18:41:56
elapsed:  11271.7  seconds
3950
2023-11-17 18:44:24
4000
2023-11-17 18:46:51
elapsed:  11566.5  seconds
4050
2023-11-17 18:49:20
4100
2023-11-17 18:51:44
elapsed:  11859.1  seconds
4150
2023-11-17 18:54:10
4200
2023-11-17 18:56:29
elapsed:  12144.7  seconds
4250
2023-11-17 18:58:54
4300
2023-11-17 19:01:18
elapsed:  12432.9  seconds
4350
2023-11-17 19:03:42
4400
2023-11-17 19:06:06
elapsed:  12720.8  seconds
4450
2023-11-17 19:08:31
/projects/muyang@colostate.edu/software/anaconda/envs/alpine_MCMC/lib/python3.11/site-packages/numpy/lib/function_base.py:2412: RuntimeWarning: divide by zero encountered in func (vectorized)
  outputs = ufunc(*inputs)
/projects/muyang@colostate.edu/software/anaconda/envs/alpine_MCMC/lib/python3.11/site-packages/numpy/lib/function_base.py:2412: RuntimeWarning: invalid value encountered in func (vectorized)
  outputs = ufunc(*inputs)
4500
2023-11-17 19:10:53
elapsed:  13007.9  seconds
4550
2023-11-17 19:13:17
4600
2023-11-17 19:15:40
elapsed:  13295.7  seconds
4650
2023-11-17 19:18:07
4700
2023-11-17 19:20:32
elapsed:  13586.8  seconds
4750
2023-11-17 19:22:58
4800
2023-11-17 19:25:22
elapsed:  13877.5  seconds
4850
2023-11-17 19:27:47
4900
2023-11-17 19:30:11
elapsed:  14166.4  seconds
4950
2023-11-17 19:32:36
5000
2023-11-17 19:34:58
elapsed:  14453.5  seconds
/projects/muyang@colostate.edu/software/anaconda/envs/alpine_MCMC/lib/python3.11/site-packages/numpy/lib/function_base.py:2412: RuntimeWarning: divide by zero encountered in func (vectorized)
  outputs = ufunc(*inputs)
/projects/muyang@colostate.edu/software/anaconda/envs/alpine_MCMC/lib/python3.11/site-packages/numpy/lib/function_base.py:2412: RuntimeWarning: invalid value encountered in func (vectorized)
  outputs = ufunc(*inputs)
5050
2023-11-17 19:37:23
5100
2023-11-17 19:39:47
elapsed:  14742.7  seconds
5150
2023-11-17 19:42:14
5200
2023-11-17 19:44:40
elapsed:  15035.1  seconds
5250
2023-11-17 19:47:04
5300
2023-11-17 19:49:26
elapsed:  15321.4  seconds
5350
2023-11-17 19:51:48
5400
2023-11-17 19:54:09
elapsed:  15604.7  seconds
5450
2023-11-17 19:56:34
5500
2023-11-17 19:58:58
elapsed:  15893.7  seconds
/projects/muyang@colostate.edu/software/anaconda/envs/alpine_MCMC/lib/python3.11/site-packages/numpy/lib/function_base.py:2412: RuntimeWarning: divide by zero encountered in func (vectorized)
  outputs = ufunc(*inputs)
/projects/muyang@colostate.edu/software/anaconda/envs/alpine_MCMC/lib/python3.11/site-packages/numpy/lib/function_base.py:2412: RuntimeWarning: invalid value encountered in func (vectorized)
  outputs = ufunc(*inputs)
5550
2023-11-17 20:01:25
5600
2023-11-17 20:03:49
elapsed:  16184.2  seconds
5650
2023-11-17 20:06:13
5700
2023-11-17 20:08:37
elapsed:  16472.2  seconds
5750
2023-11-17 20:11:04
5800
2023-11-17 20:13:29
elapsed:  16763.8  seconds
5850
2023-11-17 20:15:55
5900
2023-11-17 20:18:19
elapsed:  17054.3  seconds
5950
2023-11-17 20:20:46
6000
2023-11-17 20:23:07
elapsed:  17342.5  seconds
6050
2023-11-17 20:25:33
/projects/muyang@colostate.edu/software/anaconda/envs/alpine_MCMC/lib/python3.11/site-packages/numpy/lib/function_base.py:2412: RuntimeWarning: divide by zero encountered in func (vectorized)
  outputs = ufunc(*inputs)
/projects/muyang@colostate.edu/software/anaconda/envs/alpine_MCMC/lib/python3.11/site-packages/numpy/lib/function_base.py:2412: RuntimeWarning: invalid value encountered in func (vectorized)
  outputs = ufunc(*inputs)
6100
2023-11-17 20:27:53
elapsed:  17627.9  seconds
6150
2023-11-17 20:30:17
6200
2023-11-17 20:32:40
elapsed:  17915.3  seconds
6250
2023-11-17 20:35:01
6300
2023-11-17 20:37:20
elapsed:  18195.3  seconds
6350
2023-11-17 20:39:44
6400
2023-11-17 20:42:03
elapsed:  18478.2  seconds
6450
2023-11-17 20:44:29
6500
2023-11-17 20:46:54
elapsed:  18769.7  seconds
6550
2023-11-17 20:49:22
6600
2023-11-17 20:51:48
elapsed:  19062.9  seconds
6650
2023-11-17 20:54:12
6700
2023-11-17 20:56:33
elapsed:  19348.1  seconds
6750
2023-11-17 20:58:59
6800
2023-11-17 21:01:22
elapsed:  19637.3  seconds
6850
2023-11-17 21:03:45
6900
2023-11-17 21:06:10
elapsed:  19925.2  seconds
6950
2023-11-17 21:08:36
7000
2023-11-17 21:11:00
elapsed:  20215.0  seconds
7050
2023-11-17 21:13:23
7100
2023-11-17 21:15:44
elapsed:  20499.8  seconds
7150
2023-11-17 21:18:08
7200
2023-11-17 21:20:30
elapsed:  20785.6  seconds
7250
2023-11-17 21:22:53
7300
2023-11-17 21:25:14
elapsed:  21069.2  seconds
7350
2023-11-17 21:27:42
7400
2023-11-17 21:30:04
elapsed:  21359.5  seconds
7450
2023-11-17 21:32:30
7500
2023-11-17 21:34:54
elapsed:  21649.6  seconds
7550
2023-11-17 21:37:21
/projects/muyang@colostate.edu/software/anaconda/envs/alpine_MCMC/lib/python3.11/site-packages/numpy/lib/function_base.py:2412: RuntimeWarning: divide by zero encountered in func (vectorized)
  outputs = ufunc(*inputs)
/projects/muyang@colostate.edu/software/anaconda/envs/alpine_MCMC/lib/python3.11/site-packages/numpy/lib/function_base.py:2412: RuntimeWarning: invalid value encountered in func (vectorized)
  outputs = ufunc(*inputs)
7600
2023-11-17 21:39:44
elapsed:  21939.4  seconds
7650
2023-11-17 21:42:13
7700
2023-11-17 21:44:40
elapsed:  22234.9  seconds
7750
2023-11-17 21:47:06
7800
2023-11-17 21:49:32
elapsed:  22527.5  seconds
7850
2023-11-17 21:52:00
7900
2023-11-17 21:54:25
elapsed:  22820.7  seconds
7950
2023-11-17 21:56:53
8000
2023-11-17 21:59:20
elapsed:  23115.4  seconds
8050
2023-11-17 22:01:46
8100
2023-11-17 22:04:11
elapsed:  23405.8  seconds
8150
2023-11-17 22:06:35
8200
2023-11-17 22:09:00
elapsed:  23695.1  seconds
8250
2023-11-17 22:11:27
8300
2023-11-17 22:13:54
elapsed:  23988.8  seconds
8350
2023-11-17 22:16:20
8400
2023-11-17 22:18:46
elapsed:  24280.8  seconds
/projects/muyang@colostate.edu/software/anaconda/envs/alpine_MCMC/lib/python3.11/site-packages/numpy/lib/function_base.py:2412: RuntimeWarning: divide by zero encountered in func (vectorized)
  outputs = ufunc(*inputs)
/projects/muyang@colostate.edu/software/anaconda/envs/alpine_MCMC/lib/python3.11/site-packages/numpy/lib/function_base.py:2412: RuntimeWarning: invalid value encountered in func (vectorized)
  outputs = ufunc(*inputs)
8450
2023-11-17 22:21:13
8500
2023-11-17 22:23:36
elapsed:  24571.7  seconds
8550
2023-11-17 22:26:04
8600
2023-11-17 22:28:28
elapsed:  24863.4  seconds
8650
2023-11-17 22:30:55
8700
2023-11-17 22:33:21
elapsed:  25156.0  seconds
8750
2023-11-17 22:35:47
8800
2023-11-17 22:38:12
elapsed:  25447.1  seconds
8850
2023-11-17 22:40:37
8900
2023-11-17 22:43:02
elapsed:  25737.2  seconds
8950
2023-11-17 22:45:28
9000
2023-11-17 22:47:53
elapsed:  26027.9  seconds
9050
2023-11-17 22:50:18
9100
2023-11-17 22:52:40
elapsed:  26315.4  seconds
9150
2023-11-17 22:55:03
9200
2023-11-17 22:57:26
elapsed:  26600.9  seconds
9250
2023-11-17 22:59:50
9300
2023-11-17 23:02:14
elapsed:  26889.7  seconds
9350
2023-11-17 23:04:42
9400
2023-11-17 23:07:08
elapsed:  27183.4  seconds
9450
2023-11-17 23:09:37
9500
2023-11-17 23:12:02
elapsed:  27477.0  seconds
9550
2023-11-17 23:14:28
9600
2023-11-17 23:16:53
elapsed:  27768.1  seconds
9650
2023-11-17 23:19:20
9700
2023-11-17 23:21:44
elapsed:  28058.9  seconds
9750
2023-11-17 23:24:10
9800
2023-11-17 23:26:36
elapsed:  28351.4  seconds
9850
2023-11-17 23:29:01
9900
2023-11-17 23:31:23
elapsed:  28638.7  seconds
9950
2023-11-17 23:33:48
elapsed:  28924.6  seconds
total time:  28929.6  seconds
true R:  [[4.19845911e-01 4.08616129e-01 4.06355319e-02 2.33993689e+00
  1.32508934e+00 5.73566459e+03 1.33451985e+02 1.82780831e+00
  1.08085827e-01 1.94634928e+00 3.62422783e-01 7.46344453e-01
  2.45555242e+00 2.39523079e-01 2.92692846e+00 2.23301528e+00
  5.01764836e+00 2.71559840e-01 7.55462352e-01 6.86911907e-01
  5.24716080e-01 6.84825394e+00 4.17752806e-01 3.03866278e-01
  1.80263870e+00 5.33248795e-01 3.56193635e-01 2.07917924e-01
  7.52098128e+01 1.87416820e+00 5.45442060e-01 1.52597918e-01
  1.09591622e-01 1.52166447e+05 2.54152353e+02 3.98919357e+00
  8.59336692e-01 1.06520539e-01 1.10071698e+01 5.05529188e-01
  4.01926095e-01 8.32557242e-01 1.56323816e-01 1.48766619e+00
  1.31729728e+00 4.24341662e-01 3.68488760e-01 6.34913564e-01
  7.05096879e-01 8.29125213e-01 1.19047565e+00 1.67781693e+01
  2.76702640e+00 3.40761644e+01 4.07041482e+00 4.48101722e-01
  2.09256049e-01 3.66933199e-01 9.76568254e-01 1.07599072e+00
  6.83169888e-01 1.37645800e-01 1.10900382e-01 6.23263063e-01]
 [9.16453770e-01 4.71028464e+01 3.03082146e+00 1.64859502e-01
  6.14143081e-01 9.96532618e+00 4.09174781e+00 3.18780523e-01
  5.05585602e-02 1.99217317e+02 4.74062818e-01 3.34048162e+00
  1.04814777e-01 3.64540857e-01 4.90085368e-01 1.54769183e+00
  2.37301889e+00 2.13287227e+00 1.82462218e-01 1.82534857e+00
  6.12666788e+02 1.63818287e-01 3.58774000e+00 1.59763619e+00
  7.82532349e-01 5.08415744e+00 1.78858188e+00 2.07608829e-01
  1.73901984e+00 1.92547073e-01 7.03540996e+00 5.35804197e-01
  5.42579454e+00 1.45424100e+00 2.47370436e+04 4.50370461e-01
  4.93539904e+00 1.55485949e+01 9.32392263e-01 6.71026036e-01
  1.90050084e-01 4.18713209e-01 5.47512414e-01 1.22588302e+00
  1.00636511e+00 1.21342970e+00 2.17622892e-01 3.65149575e-01
  4.05698310e-01 2.41437211e-01 2.54898786e-01 2.05647328e-01
  1.03260649e+00 6.10614302e-01 4.10887521e+00 2.82786913e-01
  2.35656856e+00 2.26054880e+01 7.79837963e-02 3.62756169e+00
  7.91035658e-01 4.21209708e-01 4.30181118e+00 2.59474008e-01]
 [3.90168673e-01 1.42978787e-01 3.58867127e-01 2.21200808e-01
  9.97196270e-02 8.58918749e+01 2.10858187e-01 5.66971658e-01
  1.53349761e+00 4.14925415e+00 8.41436973e-01 4.17397513e-01
  9.84924277e+00 1.46510204e+00 5.20280881e-01 7.69725778e-01
  2.69071854e+00 4.40599754e+02 3.15107744e-01 9.37301618e+00
  1.66724775e+00 7.76770493e+00 1.47339264e+02 6.45310128e-01
  8.54146080e+01 5.78558301e-01 1.16649605e-01 4.31223804e-01
  3.15670121e+00 9.41641852e-01 4.78899503e+00 1.44914398e+01
  1.50112823e+00 7.44398585e+00 6.72650877e-01 3.17988831e+00
  4.87322419e+00 1.19460168e+01 6.93954074e+00 1.69034893e+00
  5.58423390e+01 8.53080738e+00 3.93045418e-01 1.35800769e+00
  4.89982558e+00 3.15335301e-01 8.62595706e+00 2.00831838e+02
  8.06905449e-02 2.25003068e+01 3.46333597e-01 5.95405557e-01
  3.84865430e+00 5.31422970e-01 4.28312612e-01 2.31508596e-01
  1.13517571e+00 3.43841630e-01 1.37183948e+00 7.35673062e+00
  1.00947574e-01 1.39597788e+00 3.78078293e-01 6.14203283e-02]
 [5.36424902e-01 9.99920950e+02 1.15225065e+00 2.47501091e+01
  5.64659042e-01 1.97955987e-01 2.89694462e+00 5.05811001e-01
  1.06262824e+00 1.13868531e-01 8.00408839e-01 2.80641765e+00
  6.29551592e+01 1.00024911e+02 5.75473593e-01 1.38365445e+00
  1.10831571e+00 1.82866787e+02 3.42614514e+03 2.02090932e-01
  1.33682298e-01 3.34636102e+02 6.26125577e-01 1.10532286e-01
  4.30003977e+00 1.11431340e+00 2.55411647e-01 8.19975103e+00
  2.92603372e-01 1.35067291e+00 1.65410281e-01 5.59784739e-01
  6.18793562e+00 2.12742649e+02 2.06467404e-01 3.25323142e+01
  2.49894180e-01 2.33842006e+00 8.28764721e-01 3.34593773e+00
  5.96813032e+00 7.88339866e-01 4.95170478e+00 1.43936228e+00
  1.38986856e+02 4.83085896e-01 2.34105980e-01 7.01182899e-01
  2.05599860e+00 4.34345150e+00 8.67643088e-02 1.26986760e-01
  2.06528938e-01 3.81992731e-01 1.05580378e+00 6.82510096e-01
  4.83113278e-01 4.53357485e-01 1.94483519e+01 4.54816939e-01
  9.74555423e+00 2.90671014e-01 6.43721229e-01 1.02918954e+00]
 [4.79717905e+01 2.22335088e+02 6.28101483e+00 1.97563671e+00
  3.61090923e+00 5.05162779e-01 1.63722539e+00 4.98709256e+00
  1.47383338e+00 2.82582412e-01 9.35873370e-02 5.73648114e+00
  2.87528655e-01 1.90677360e-01 1.28527454e+00 2.64350104e+00
  9.45219668e+00 1.55093405e+00 9.02942068e-02 8.48261202e-01
  4.46090074e+01 2.40839375e+01 3.18163669e-01 1.60771386e+02
  9.64273092e-01 4.58144871e-01 6.78090703e-01 1.36931280e-01
  2.11302043e+00 8.37289109e+00 1.13647026e+01 1.99381563e+00
  7.18183714e+00 1.11541769e+00 1.78221801e+00 5.88153973e-01
  1.15343986e+00 4.90520282e-01 8.73067512e+00 2.86504036e+01
  8.95828205e-01 1.74188403e-01 3.63202482e-01 5.69658012e+00
  1.94561926e-01 7.01162087e+03 8.36710813e-01 3.82777970e+01
  1.30187159e+02 3.81417214e-01 1.01003015e+00 4.58766505e-01
  7.83041279e-01 3.94654547e-01 1.16301823e+00 5.59740400e-01
  1.81182039e-01 2.81312014e+00 1.88012421e+00 1.67819463e+00
  3.22378335e+00 1.27351817e+00 6.56894278e-01 2.12006107e+00]
 [3.79375760e+01 2.07175044e+00 4.57393069e-01 2.38355539e+00
  1.64310243e+00 4.03850813e-01 3.86212264e+00 1.17625811e+00
  1.79334772e-01 1.94721354e+00 1.83274064e-01 4.11589869e+00
  4.44227976e-01 1.28731838e+00 1.22884506e+00 5.41244714e+00
  8.72272493e-01 4.01032298e-01 1.73767247e-01 1.07767350e-01
  5.19645726e-01 3.96722847e+01 9.36362313e-01 8.07954823e-01
  1.41986251e+00 1.29314071e+01 1.16251703e-01 1.33361127e+01
  2.33153946e-01 4.25988357e-01 1.85729169e-01 7.79277578e+00
  5.39052413e-01 4.63062260e+00 4.61431366e-01 2.94122259e+00
  6.19975049e-01 2.54463975e+00 2.13791635e-01 3.66574078e+00
  1.44190918e+00 2.21106293e-01 3.48516721e-01 4.50759043e-01
  6.77331115e-02 1.95652710e-01 2.47770701e-01 6.91582523e-01
  3.62295843e-01 1.55152606e-01 1.85521391e-01 7.51050936e+00
  1.48650190e+01 3.20615591e-01 3.67443334e-01 1.06146436e+00
  4.98085933e-01 9.79324947e+00 3.31996018e-01 4.94696930e+00
  3.14568418e-01 6.91213016e-01 2.01157869e+01 1.16875595e+00]
 [5.62885229e-02 3.38236768e+01 1.62362183e-01 5.81093945e-01
  9.45079128e+00 1.57186779e-01 7.77722267e-01 1.02956576e-01
  4.22972582e-01 1.84716659e+00 7.25925005e-02 9.37902424e-01
  1.72994818e-01 5.22950123e-01 6.75396846e+01 2.31307522e+00
  1.39782477e+01 8.41785393e-02 2.06023752e+01 1.37532573e+01
  8.51267717e-01 1.51077194e+00 1.04402310e+01 4.01741827e-01
  2.40841226e+01 8.87198612e-01 1.63370809e-01 3.30021892e+00
  3.66367566e+01 2.89374157e+00 2.77370290e+00 1.21920512e+00
  2.97023060e+01 2.69775398e-01 9.31827784e-01 1.94655735e+00
  5.25733295e-01 1.69927287e+00 9.31726404e+00 2.27596320e-01
  1.66023750e-01 3.64870653e+00 1.20298736e+01 1.22931786e+01
  6.07165034e+00 2.78919793e+00 6.52116212e+01 9.76697200e-01
  8.58268083e-01 2.93098974e+00 3.33906749e+00 9.87682435e-02
  5.15185552e-01 2.54927098e-01 2.78359680e-01 1.06486003e-01
  1.24965793e+01 9.98933813e+02 4.53846580e-01 8.29902513e+00
  3.63865153e-01 8.45768424e-01 7.82648501e-01 1.39471409e+01]
 [6.55397864e-01 3.13070251e-01 4.31966820e+00 4.60098553e+00
  3.25767418e+00 4.44455749e+01 1.56331504e-01 9.25824682e-01
  3.82681234e+01 2.90417801e+00 1.87825742e-01 4.88252552e+00
  2.58038846e-01 6.09915122e+00 4.07523986e+00 1.47594493e-01
  3.84243981e-01 2.66727075e+00 3.41376769e-01 4.44047584e-01
  7.62093118e-01 1.59090002e+02 1.00561138e+00 2.57005439e-01
  3.08100620e+00 4.04061009e+00 1.05112136e+04 1.86239417e+00
  1.91243864e+01 3.18020867e-01 1.54103991e+00 3.14022468e+01
  3.84921154e+00 4.51888881e-01 3.86379739e+00 6.81780820e+03
  4.28065262e-01 2.70413804e-01 8.88051991e-01 1.06584850e+00
  2.13636266e-01 1.31313516e-01 5.26337679e-01 7.75406446e-02
  3.76906669e-01 4.57026169e+01 2.27155916e-01 2.35914661e+00
  3.34582110e+00 5.76585238e+00 2.39102880e+00 1.77541402e+00
  8.71011153e-02 2.36383249e+00 1.50293581e+03 4.82735341e+00
  3.51949297e-01 9.90945344e-01 3.36475424e-01 1.09331799e+00
  7.28785076e+00 9.00678086e-01 2.94010904e-01 6.04026189e+00]
 [4.40430592e-01 1.77505309e+00 7.90851857e+01 2.57789350e+00
  2.48272449e+00 9.67819322e-01 4.36515185e+01 2.64979013e+00
  5.34402007e-01 1.13812459e+03 2.93932016e-01 1.30386159e+00
  1.27560182e+01 3.31892757e+00 7.25618460e-01 9.15756656e-01
  1.88858103e-01 2.46189892e-01 2.42564085e-01 1.12872705e+00
  5.68118926e-01 8.12115336e-01 1.89460025e+00 1.39083391e+00
  6.69783049e+01 1.55077867e+00 8.01727993e-02 6.41920561e+00
  1.34204929e+02 2.09289129e-01 1.23392802e-01 1.87503681e-01
  6.06395394e+00 4.71557587e-01 1.75252895e+00 1.14787192e+02
  1.14459727e+00 1.19883288e+01 2.86662757e+00 1.94704112e-01
  5.88117366e-01 1.03264201e-01 9.03703344e-02 8.23671827e-01
  6.97649285e-01 1.42885122e+00 9.63229897e-01 1.79985436e-01
  6.24075820e-01 4.09942487e-01 5.15387939e-01 2.20638493e+01
  1.09763017e+00 5.10621120e-01 6.08977253e-01 4.51461571e+01
  2.23044162e+00 4.11805934e+00 1.30428199e+00 1.37316453e+00
  6.79590542e-01 1.46401648e+00 7.62481502e+00 2.38368638e-01]
 [3.02125897e+00 2.70775732e-01 3.09139732e-01 2.98202676e+01
  9.46000187e+00 2.19084539e+00 1.93249310e+00 3.59628767e-01
  3.56727863e+00 5.39855270e+00 9.96297286e-01 1.39919970e+00
  1.78552652e-01 7.49250712e+00 3.42396037e+00 4.06587165e-01
  1.39866141e+01 5.19960354e+00 1.53846125e+01 1.03547721e+00
  3.22462965e+00 2.20313377e+01 3.21206636e+00 1.01374613e+00
  8.02253235e+02 4.30994133e-01 7.42792305e+00 3.83156842e+00
  1.36285903e-01 1.61276118e+01 1.13674283e-01 1.37189215e-01
  3.13140781e-01 1.20369158e+00 1.01728863e-01 3.85635521e-01
  6.61803083e-01 6.49258750e-01 2.83886029e-01 2.90424963e+00
  2.12462707e+00 1.02335219e+01 2.49372185e+00 3.43522596e+00
  6.82497261e+00 7.80916384e+00 6.91174203e-01 1.86821424e+02
  6.88866886e+01 3.91871060e-01 1.42189323e+00 1.34663911e-01
  6.35353077e+00 1.19825004e+00 3.28849858e+02 1.02458055e+01
  2.51152516e+02 4.05934885e+01 7.26436735e-01 1.61073268e+00
  2.83483700e-01 2.81762137e-01 1.19695214e-01 1.05554946e+01]]
