--------------------------------------------------------------------------
No OpenFabrics connection schemes reported that they were able to be
used on a specific port.  As such, the openib BTL (OpenFabrics
support) will be disabled for this port.

  Local host:           c3cpu-a2-u7-3
  Local device:         mlx5_0
  Local port:           1
  CPCs attempted:       rdmacm, udcm
--------------------------------------------------------------------------
[c3cpu-a2-u7-3.rc.int.colorado.edu:49699] 63 more processes have sent help message help-mpi-btl-openib-cpc-base.txt / no cpcs for port
[c3cpu-a2-u7-3.rc.int.colorado.edu:49699] Set MCA parameter "orte_base_help_aggregate" to 0 to see all help / error messages
1
50
2023-11-17 15:36:05
100
2023-11-17 15:37:54
elapsed:  215.7  seconds
150
2023-11-17 15:39:46
200
2023-11-17 15:41:38
elapsed:  439.6  seconds
250
2023-11-17 15:43:34
300
2023-11-17 15:45:28
elapsed:  669.7  seconds
350
2023-11-17 15:47:22
400
2023-11-17 15:49:17
elapsed:  899.0  seconds
450
2023-11-17 15:51:13
/projects/muyang@colostate.edu/software/anaconda/envs/alpine_MCMC/lib/python3.11/site-packages/numpy/lib/function_base.py:2412: RuntimeWarning: divide by zero encountered in func (vectorized)
  outputs = ufunc(*inputs)
/projects/muyang@colostate.edu/software/anaconda/envs/alpine_MCMC/lib/python3.11/site-packages/numpy/lib/function_base.py:2412: RuntimeWarning: invalid value encountered in func (vectorized)
  outputs = ufunc(*inputs)
500
2023-11-17 15:53:06
elapsed:  1127.7  seconds
550
2023-11-17 15:54:57
600
2023-11-17 15:56:51
elapsed:  1353.1  seconds
650
2023-11-17 15:58:48
700
2023-11-17 16:00:44
elapsed:  1586.0  seconds
750
2023-11-17 16:02:40
800
2023-11-17 16:04:35
elapsed:  1816.9  seconds
850
2023-11-17 16:06:31
900
2023-11-17 16:08:25
elapsed:  2046.9  seconds
950
2023-11-17 16:10:19
/projects/muyang@colostate.edu/software/anaconda/envs/alpine_MCMC/lib/python3.11/site-packages/numpy/lib/function_base.py:2412: RuntimeWarning: divide by zero encountered in func (vectorized)
  outputs = ufunc(*inputs)
/projects/muyang@colostate.edu/software/anaconda/envs/alpine_MCMC/lib/python3.11/site-packages/numpy/lib/function_base.py:2412: RuntimeWarning: invalid value encountered in func (vectorized)
  outputs = ufunc(*inputs)
1000
2023-11-17 16:12:10
elapsed:  2272.0  seconds
1050
2023-11-17 16:14:04
1100
2023-11-17 16:15:57
elapsed:  2498.7  seconds
1150
2023-11-17 16:17:52
1200
2023-11-17 16:19:47
elapsed:  2729.0  seconds
1250
2023-11-17 16:21:44
1300
2023-11-17 16:23:40
elapsed:  2962.3  seconds
1350
2023-11-17 16:25:39
1400
2023-11-17 16:27:37
elapsed:  3198.7  seconds
1450
2023-11-17 16:29:35
1500
2023-11-17 16:31:33
elapsed:  3435.3  seconds
1550
2023-11-17 16:33:33
1600
2023-11-17 16:35:29
elapsed:  3671.3  seconds
1650
2023-11-17 16:37:24
1700
2023-11-17 16:39:19
elapsed:  3900.9  seconds
1750
2023-11-17 16:41:16
1800
2023-11-17 16:43:12
elapsed:  4134.2  seconds
1850
2023-11-17 16:45:08
1900
2023-11-17 16:47:02
elapsed:  4364.0  seconds
1950
2023-11-17 16:48:59
2000
2023-11-17 16:50:54
elapsed:  4596.2  seconds
2050
2023-11-17 16:52:52
2100
2023-11-17 16:54:48
elapsed:  4830.5  seconds
2150
2023-11-17 16:56:47
2200
2023-11-17 16:58:42
elapsed:  5064.5  seconds
2250
2023-11-17 17:00:38
2300
2023-11-17 17:02:33
elapsed:  5295.3  seconds
2350
2023-11-17 17:04:31
2400
2023-11-17 17:06:24
elapsed:  5526.1  seconds
2450
2023-11-17 17:08:20
2500
2023-11-17 17:10:15
elapsed:  5756.9  seconds
2550
2023-11-17 17:12:11
2600
2023-11-17 17:14:04
elapsed:  5985.9  seconds
2650
2023-11-17 17:16:00
2700
2023-11-17 17:17:56
elapsed:  6217.7  seconds
2750
2023-11-17 17:19:53
2800
2023-11-17 17:21:50
elapsed:  6451.8  seconds
2850
2023-11-17 17:23:45
2900
2023-11-17 17:25:40
elapsed:  6681.9  seconds
2950
2023-11-17 17:27:34
3000
2023-11-17 17:29:25
elapsed:  6906.6  seconds
3050
2023-11-17 17:31:19
3100
2023-11-17 17:33:12
elapsed:  7134.6  seconds
3150
2023-11-17 17:35:08
3200
2023-11-17 17:37:01
elapsed:  7363.4  seconds
3250
2023-11-17 17:38:56
3300
2023-11-17 17:40:50
elapsed:  7592.6  seconds
3350
2023-11-17 17:42:45
3400
2023-11-17 17:44:40
elapsed:  7821.9  seconds
3450
2023-11-17 17:46:37
3500
2023-11-17 17:48:32
elapsed:  8054.1  seconds
3550
2023-11-17 17:50:28
3600
2023-11-17 17:52:21
elapsed:  8283.5  seconds
3650
2023-11-17 17:54:17
3700
2023-11-17 17:56:11
elapsed:  8513.3  seconds
3750
2023-11-17 17:58:07
3800
2023-11-17 18:00:02
elapsed:  8744.1  seconds
3850
2023-11-17 18:01:58
3900
2023-11-17 18:03:52
elapsed:  8974.4  seconds
3950
2023-11-17 18:05:49
4000
2023-11-17 18:07:43
elapsed:  9205.5  seconds
4050
2023-11-17 18:09:38
4100
2023-11-17 18:11:31
elapsed:  9433.4  seconds
4150
2023-11-17 18:13:27
4200
2023-11-17 18:15:20
elapsed:  9662.5  seconds
4250
2023-11-17 18:17:17
4300
2023-11-17 18:19:12
elapsed:  9894.1  seconds
4350
2023-11-17 18:21:08
4400
2023-11-17 18:22:59
elapsed:  10121.6  seconds
4450
2023-11-17 18:24:53
4500
2023-11-17 18:26:45
elapsed:  10347.2  seconds
4550
2023-11-17 18:28:38
4600
2023-11-17 18:30:32
elapsed:  10574.2  seconds
4650
2023-11-17 18:32:26
4700
2023-11-17 18:34:20
elapsed:  10801.9  seconds
4750
2023-11-17 18:36:15
4800
2023-11-17 18:38:08
elapsed:  11030.2  seconds
4850
2023-11-17 18:40:03
4900
2023-11-17 18:41:58
elapsed:  11260.1  seconds
4950
2023-11-17 18:43:54
5000
2023-11-17 18:45:50
elapsed:  11492.4  seconds
5050
2023-11-17 18:47:48
5100
2023-11-17 18:49:45
elapsed:  11726.7  seconds
5150
2023-11-17 18:51:42
5200
2023-11-17 18:53:38
elapsed:  11960.5  seconds
/projects/muyang@colostate.edu/software/anaconda/envs/alpine_MCMC/lib/python3.11/site-packages/numpy/lib/function_base.py:2412: RuntimeWarning: divide by zero encountered in func (vectorized)
  outputs = ufunc(*inputs)
/projects/muyang@colostate.edu/software/anaconda/envs/alpine_MCMC/lib/python3.11/site-packages/numpy/lib/function_base.py:2412: RuntimeWarning: invalid value encountered in func (vectorized)
  outputs = ufunc(*inputs)
5250
2023-11-17 18:55:33
5300
2023-11-17 18:57:29
elapsed:  12191.4  seconds
5350
2023-11-17 18:59:26
5400
2023-11-17 19:01:20
elapsed:  12422.3  seconds
5450
2023-11-17 19:03:17
5500
2023-11-17 19:05:11
elapsed:  12653.5  seconds
5550
2023-11-17 19:07:08
5600
2023-11-17 19:09:03
elapsed:  12885.2  seconds
5650
2023-11-17 19:11:01
5700
2023-11-17 19:12:56
elapsed:  13118.5  seconds
5750
2023-11-17 19:14:53
5800
2023-11-17 19:16:49
elapsed:  13351.6  seconds
5850
2023-11-17 19:18:47
5900
2023-11-17 19:20:44
elapsed:  13586.4  seconds
5950
2023-11-17 19:22:42
6000
2023-11-17 19:24:36
elapsed:  13818.4  seconds
6050
2023-11-17 19:26:35
6100
2023-11-17 19:28:31
elapsed:  14053.5  seconds
6150
2023-11-17 19:30:31
6200
2023-11-17 19:32:29
elapsed:  14291.4  seconds
6250
2023-11-17 19:34:28
6300
2023-11-17 19:36:24
elapsed:  14525.9  seconds
6350
2023-11-17 19:38:22
6400
2023-11-17 19:40:17
elapsed:  14759.6  seconds
6450
2023-11-17 19:42:15
6500
2023-11-17 19:44:11
elapsed:  14993.4  seconds
6550
2023-11-17 19:46:11
6600
2023-11-17 19:48:08
elapsed:  15230.4  seconds
6650
2023-11-17 19:50:05
6700
2023-11-17 19:52:01
elapsed:  15463.3  seconds
6750
2023-11-17 19:53:59
6800
2023-11-17 19:55:55
elapsed:  15696.7  seconds
6850
2023-11-17 19:57:51
6900
2023-11-17 19:59:46
elapsed:  15928.5  seconds
6950
2023-11-17 20:01:44
7000
2023-11-17 20:03:39
elapsed:  16161.4  seconds
7050
2023-11-17 20:05:35
7100
2023-11-17 20:07:28
elapsed:  16390.3  seconds
7150
2023-11-17 20:09:19
7200
2023-11-17 20:11:12
elapsed:  16614.6  seconds
7250
2023-11-17 20:13:08
7300
2023-11-17 20:15:03
elapsed:  16845.5  seconds
7350
2023-11-17 20:17:01
7400
2023-11-17 20:18:57
elapsed:  17078.7  seconds
7450
2023-11-17 20:20:57
7500
2023-11-17 20:22:54
elapsed:  17315.9  seconds
/projects/muyang@colostate.edu/software/anaconda/envs/alpine_MCMC/lib/python3.11/site-packages/numpy/lib/function_base.py:2412: RuntimeWarning: divide by zero encountered in func (vectorized)
  outputs = ufunc(*inputs)
/projects/muyang@colostate.edu/software/anaconda/envs/alpine_MCMC/lib/python3.11/site-packages/numpy/lib/function_base.py:2412: RuntimeWarning: invalid value encountered in func (vectorized)
  outputs = ufunc(*inputs)
7550
2023-11-17 20:24:52
7600
2023-11-17 20:26:48
elapsed:  17549.8  seconds
7650
2023-11-17 20:28:45
/projects/muyang@colostate.edu/software/anaconda/envs/alpine_MCMC/lib/python3.11/site-packages/numpy/lib/function_base.py:2412: RuntimeWarning: divide by zero encountered in func (vectorized)
  outputs = ufunc(*inputs)
/projects/muyang@colostate.edu/software/anaconda/envs/alpine_MCMC/lib/python3.11/site-packages/numpy/lib/function_base.py:2412: RuntimeWarning: invalid value encountered in func (vectorized)
  outputs = ufunc(*inputs)
7700
2023-11-17 20:30:42
elapsed:  17784.0  seconds
7750
2023-11-17 20:32:39
7800
2023-11-17 20:34:33
elapsed:  18015.4  seconds
7850
2023-11-17 20:36:28
7900
2023-11-17 20:38:21
elapsed:  18242.9  seconds
7950
2023-11-17 20:40:17
8000
2023-11-17 20:42:11
elapsed:  18473.0  seconds
8050
2023-11-17 20:44:06
8100
2023-11-17 20:46:00
elapsed:  18702.0  seconds
8150
2023-11-17 20:47:57
8200
2023-11-17 20:49:52
elapsed:  18933.9  seconds
8250
2023-11-17 20:51:48
8300
2023-11-17 20:53:44
elapsed:  19165.9  seconds
8350
2023-11-17 20:55:40
8400
2023-11-17 20:57:36
elapsed:  19397.9  seconds
8450
2023-11-17 20:59:33
8500
2023-11-17 21:01:30
elapsed:  19631.8  seconds
8550
2023-11-17 21:03:27
8600
2023-11-17 21:05:21
elapsed:  19863.1  seconds
8650
2023-11-17 21:07:17
8700
2023-11-17 21:09:09
elapsed:  20090.9  seconds
8750
2023-11-17 21:11:03
8800
2023-11-17 21:12:57
elapsed:  20318.8  seconds
8850
2023-11-17 21:14:53
8900
2023-11-17 21:16:48
elapsed:  20550.5  seconds
8950
2023-11-17 21:18:44
9000
2023-11-17 21:20:39
elapsed:  20781.4  seconds
/projects/muyang@colostate.edu/software/anaconda/envs/alpine_MCMC/lib/python3.11/site-packages/numpy/lib/function_base.py:2412: RuntimeWarning: divide by zero encountered in func (vectorized)
  outputs = ufunc(*inputs)
/projects/muyang@colostate.edu/software/anaconda/envs/alpine_MCMC/lib/python3.11/site-packages/numpy/lib/function_base.py:2412: RuntimeWarning: invalid value encountered in func (vectorized)
  outputs = ufunc(*inputs)
9050
2023-11-17 21:22:37
9100
2023-11-17 21:24:33
elapsed:  21015.3  seconds
9150
2023-11-17 21:26:30
9200
2023-11-17 21:28:25
elapsed:  21247.0  seconds
9250
2023-11-17 21:30:22
9300
2023-11-17 21:32:18
elapsed:  21479.8  seconds
9350
2023-11-17 21:34:17
9400
2023-11-17 21:36:15
elapsed:  21717.0  seconds
9450
2023-11-17 21:38:11
9500
2023-11-17 21:40:07
elapsed:  21949.0  seconds
9550
2023-11-17 21:42:05
9600
2023-11-17 21:44:02
elapsed:  22183.8  seconds
9650
2023-11-17 21:46:01
9700
2023-11-17 21:47:56
elapsed:  22418.1  seconds
9750
2023-11-17 21:49:51
9800
2023-11-17 21:51:46
elapsed:  22648.2  seconds
9850
2023-11-17 21:53:41
9900
2023-11-17 21:55:36
elapsed:  22877.8  seconds
9950
2023-11-17 21:57:32
elapsed:  23107.4  seconds
total time:  23111.5  seconds
true R:  [[4.24514200e-01 1.19838160e+00 5.07733544e+01 9.81580313e-01
  8.70174771e+01 5.66096463e-01 1.08893514e+00 1.30644495e+00
  6.40026624e-01 2.74929165e-01 5.42385685e+02 7.41620848e+00
  6.18779881e-01 1.02873527e-01 7.93034414e+01 4.38693238e+00
  1.15983386e+00 3.61068295e-01 1.28173243e+00 2.77720692e+00
  5.55648472e-01 9.61828539e-01 1.37782886e+00 2.53253116e-01
  9.83859158e+00 8.50291581e-01 6.23258109e-01 2.33033731e-01
  2.75193456e-01 1.01074206e-01 3.27856745e+01 1.00913190e+01
  4.97336295e+00 7.62858281e+00 8.11921018e-01 5.74387057e+01
  1.42598385e-01 1.49564568e+01 2.42494772e-01 2.15654937e-01
  3.38491506e-01 1.43934533e+01 3.35220669e-01 6.82152782e-02
  2.79130530e+00 1.88977984e+01 3.80785999e+00 5.67710086e-01
  1.28405452e-01 1.84231568e+00 4.49855919e-01 4.39521007e-01
  1.57014081e+01 9.82373372e-01 9.53965855e-01 4.98391297e+00
  5.33617559e+00 2.31326419e-01 5.92240694e-01 7.91668964e-01
  5.20328043e-01 7.35773967e-01 1.11146259e-01 1.73543246e+00]
 [1.60066286e-01 7.51526461e-01 2.13273353e+00 2.27796394e-01
  7.90802338e-01 4.92543710e+00 1.29149774e-01 5.14695031e+01
  2.08470711e-01 1.10479441e-01 6.55587527e-01 3.74097767e-01
  6.17494652e-01 6.52195570e-01 1.52242323e+00 1.64032049e-01
  1.17499458e+01 9.20639697e-01 7.96940482e+00 2.72581440e+00
  1.59688375e+00 1.01973485e+00 4.91945966e+01 1.14898577e+01
  2.18672474e+00 1.16317247e+01 1.38959783e+00 1.28023742e-01
  1.16979893e-01 2.87971759e-01 1.79224183e-01 9.88339600e+01
  5.56474208e-01 8.05686878e-01 7.18391531e-01 2.50983721e-01
  4.38308914e+00 1.25823866e+01 2.23528910e-01 2.60789937e-01
  7.50420397e-02 1.82267506e-01 8.00396203e-01 2.93415874e+01
  3.96658702e-01 2.26638453e+01 3.85708021e+00 2.44798768e+00
  3.51395197e+00 1.37127630e+00 5.04977091e-01 8.54691598e+00
  1.87518014e-01 2.94398845e-01 7.23292270e-01 3.16491394e+00
  5.65853727e-01 2.34864363e+00 1.56362914e+00 2.08080193e+02
  1.21042395e+01 1.25369048e+00 4.72472291e+00 1.08205658e+00]
 [2.67106452e+00 3.88917458e-01 4.70049948e-01 1.51972396e+00
  9.53908193e-01 2.08236420e+01 4.53119314e+00 5.19279855e-01
  8.77642519e-02 9.52085197e-02 9.63707540e+00 6.93018771e-02
  1.92402093e+00 3.05911986e+00 4.75148243e+01 5.43856317e+00
  6.83455514e+00 1.50938917e+02 3.09534947e+01 2.27882026e-01
  2.02378127e+02 9.89733395e-02 1.37047719e+01 2.62524560e-01
  1.63121068e+00 1.49950414e-01 2.57963087e-01 2.40573334e+00
  9.78481878e-01 3.44149366e+00 3.91101172e-01 3.67041656e+00
  4.32173598e-01 3.79059845e-01 2.83693591e-01 4.33034313e+02
  4.23619300e+01 2.61719358e-01 2.61628554e-01 7.94391767e-02
  1.55702877e-01 3.97035258e+01 1.18957415e+00 3.13843134e+01
  9.90552528e-02 1.10368732e+00 6.10446117e-02 1.23248126e+00
  4.61824414e-01 1.58774855e+01 9.83638842e-02 1.89017386e-01
  1.15087470e+01 2.75086921e+00 1.93219114e+00 5.98210945e-01
  1.41426931e+00 2.85850633e+00 8.83654031e+01 3.53699288e+01
  9.68985449e-01 1.14303045e+00 4.95255029e-01 6.29127624e-01]
 [2.37163482e-01 1.64697991e+00 2.20460128e+01 7.67069431e+00
  3.37596240e-01 5.56622112e+00 4.98690917e-01 8.14455742e-01
  3.15974634e-01 2.45106969e+00 1.74261650e-01 1.66052415e+00
  1.02826317e+03 2.49936262e+00 4.75606222e+00 1.05071226e+00
  1.45864771e+00 1.53146561e-01 1.10544959e+01 1.11007216e-01
  5.86573896e-01 5.85065811e-01 1.59995594e+01 3.30549931e+00
  3.32382827e+03 4.44483964e+03 5.30142064e+01 3.67328730e-01
  1.51081146e+00 3.94876556e+00 1.16692864e+00 1.80732377e-01
  1.28233831e+00 3.02934346e-01 3.88392683e-01 1.65363631e-01
  4.28913540e-01 7.56933341e-01 6.24808779e-01 3.40913947e-01
  6.61453965e+01 3.75880531e-01 2.29062406e+00 4.14375974e-01
  2.79988932e+00 1.04156016e+00 8.75685106e+00 1.58923010e+00
  2.71204142e+00 7.87287497e+00 5.54679674e-02 3.73869614e+00
  1.35770995e-01 5.76264160e+00 2.46312553e-01 1.41006890e+00
  1.01166963e+01 1.28129049e-01 5.56402025e-01 2.66345718e+01
  3.83542228e+00 2.80267007e-01 4.95900438e-02 2.04274577e+00]
 [8.18450309e-02 2.88653040e-01 3.59588956e+00 2.49041724e+00
  3.68998988e+00 1.20475515e+01 3.37751143e-01 3.35977353e-01
  3.26997104e-01 1.22855501e+00 1.53597161e+00 1.84165368e+00
  1.43630286e-01 4.76942011e+01 4.25403690e-01 3.51568896e-01
  6.16199617e-01 1.32436491e+01 2.83174298e+00 3.16230742e-01
  2.00193601e-01 1.83343290e+00 8.30020466e-02 5.63082029e-01
  2.59290830e-01 3.58218622e+00 1.31422102e+01 3.20746635e-01
  2.59257213e-01 6.69662820e+00 6.51888404e-01 7.01530213e+00
  2.34326367e+01 8.02625181e+00 2.06707385e+04 1.47465999e+00
  2.59345347e-01 2.14661747e+00 2.60550099e+00 1.63922289e+02
  7.65913306e+00 6.84131226e-01 8.14103865e-02 4.16324151e-01
  6.96458263e-01 1.00877625e+00 3.85633821e-01 8.82541011e-01
  8.40927565e-01 3.67785143e-01 1.01189978e+00 5.12434129e-01
  3.61082514e+00 1.18445573e+01 1.47276495e+00 2.60890947e+01
  1.09629552e+03 1.16141830e+00 1.24555555e+01 3.46545620e-01
  1.04874623e-01 3.03185949e-01 5.56632912e-01 7.96140663e-02]
 [2.67036833e+00 9.65788208e-02 1.05330495e+01 6.64219288e-01
  3.42222902e+00 1.05069060e+00 2.77205475e+00 1.16983907e+00
  4.48094144e+00 2.91704329e-01 1.48872901e+02 1.02508735e+00
  1.46657604e-01 5.66758865e-01 1.80785892e+02 1.26979668e+00
  4.25209456e+00 6.81540632e-02 1.00015687e+02 8.41297259e+02
  7.92705159e-02 3.95359237e-01 1.10083811e+00 1.78251531e-01
  1.75953912e+01 1.36269099e-01 4.61123723e-01 1.63807006e-01
  1.89223833e+01 4.01587511e-01 1.27739224e+01 5.92221277e+00
  3.74761007e+00 6.54295828e-01 1.44247225e-01 1.04586606e+00
  2.93282965e+00 3.73394284e+00 5.96978494e+01 1.90611201e+00
  3.54136934e+00 1.80958722e+00 7.52776204e-01 6.67239525e+00
  8.36944719e-01 7.18019365e-01 2.09971052e-01 5.48173845e-01
  2.19102551e+00 1.36017209e+00 5.37385445e-01 1.11492011e+01
  1.25992889e-01 5.82089676e+00 9.31502981e-01 3.43438202e-01
  1.03967913e+01 4.97034244e+00 3.04502443e+02 1.04283079e+00
  2.95148259e+00 1.93065065e+00 6.68066354e-01 1.21387959e+00]
 [6.49102042e-01 1.09811511e+00 2.90745844e+00 3.00046147e-01
  1.47004826e+01 7.50707117e-01 1.67050528e+00 5.48793659e-01
  8.78738843e-01 3.22795347e-01 6.94193714e+00 3.61177468e-01
  1.95687836e+00 3.48096186e+01 1.53548487e+00 1.47700948e+00
  7.47529943e-01 1.55871319e+00 4.25116821e-01 4.53870848e-02
  3.95663115e+01 4.51205447e+00 4.34994968e+00 3.03483247e-01
  1.71691366e+00 1.21170919e+03 7.65562264e-01 2.09475142e+00
  2.06038206e+00 2.01258145e+00 8.17539119e-01 1.86221953e+01
  2.76947746e-01 5.49890004e-01 1.60957005e-01 1.90303221e+01
  1.68805516e+01 1.11125128e+01 5.97933252e+00 9.13598233e+00
  1.24424579e+00 8.21337875e+00 1.02525116e+01 2.78290915e+00
  2.19777919e-01 1.49443773e+00 1.09280615e+01 2.15339692e+00
  5.97864617e+01 4.32180270e+00 8.85330184e-01 1.41600533e+00
  2.07410126e-01 1.03867392e+00 2.55826556e+00 2.74564838e+00
  2.74795163e+00 4.52773737e-01 1.72025134e+02 3.58976456e-01
  1.46536190e-01 5.72698771e-02 6.16683689e-01 7.74032990e+01]
 [2.30344280e-01 2.63241009e+00 4.67024580e-01 1.28558970e+00
  3.55421173e-01 3.29837752e-01 6.76075545e-01 4.23487958e+01
  1.25763297e+00 9.06371263e+00 4.05652418e+00 1.36198942e+04
  1.46602538e+00 6.14675722e+00 6.17684467e-01 5.62465268e+01
  1.66530549e+00 1.46018761e+00 3.96623331e-01 1.83113573e-01
  1.01112210e+00 3.53279491e-01 3.51071843e+02 4.08539374e+00
  6.59225534e+00 9.44490181e-01 4.30314334e-01 1.74806423e-01
  5.95692752e-01 3.43374985e-01 6.30684284e-01 2.26458397e-01
  8.29277474e-02 2.56952710e-01 1.79419329e-01 8.89727502e-01
  1.48895734e+00 4.78640001e-01 7.04898125e-01 2.15763416e+00
  2.31677599e+01 7.58107965e+00 5.60314553e+00 1.41589295e-01
  6.29279308e-01 1.24108370e-01 7.79247489e-01 8.46477263e-01
  1.14834668e+00 3.39580637e+00 1.04907297e+00 1.62227518e+02
  3.60243259e-01 1.59559611e+00 4.74606615e+00 2.15892609e-01
  6.97266821e-01 6.58111736e+00 2.13494129e-01 1.74109091e-01
  5.80309080e-01 5.47540472e+01 6.07726539e+00 3.81455245e+00]
 [3.91783634e+01 3.67433342e+01 2.15984758e-01 1.03085860e+01
  4.02213705e+01 6.94495724e-01 8.36432757e+00 2.27797421e+01
  3.90909781e+00 3.36696965e-01 1.29836551e+02 1.48128537e-01
  3.30905465e+00 2.01858755e+00 4.50833577e-01 2.02486998e-01
  1.54784094e-01 6.33400623e-01 4.12175289e+00 2.32283612e-01
  2.27595028e-01 1.18822207e+00 9.38129365e+01 9.15534979e-01
  9.76016664e+00 1.30355965e+00 3.54389142e+00 2.40764703e-01
  9.79253502e-01 1.34384031e+01 1.19057686e-01 6.63698052e-01
  1.52555542e+00 6.54141864e+00 1.84149046e+00 3.13500717e+00
  4.13771336e-01 3.79645783e-01 3.93465816e+01 1.35605227e+00
  6.28589085e-01 3.01243171e-01 1.70565201e+01 2.35751086e+01
  1.27115797e+03 4.83719892e-02 4.06549118e+00 5.80953604e+00
  7.83968959e+00 9.10624677e+01 7.16562733e+00 2.74843077e+00
  5.82076079e+00 1.75819689e+00 7.11166538e-01 3.19406417e-01
  3.57074938e-01 3.49077456e+00 2.58025738e+02 6.52467224e-01
  1.11939528e+00 1.06329844e+02 2.41844543e+00 2.80907104e+01]
 [3.94455411e+00 4.97945410e+01 5.10511938e+01 6.55699818e-01
  1.43194040e+01 1.34198357e-01 1.80491867e+01 2.66304330e+01
  7.05512447e+00 9.02233009e-01 1.34437893e+00 1.79568354e+00
  3.25127312e-01 4.30652515e+00 5.36234660e+00 1.27226870e+03
  1.11198516e+00 1.87890017e+00 5.54071120e+01 2.56989660e+00
  2.52517593e+00 5.14691650e-01 3.64168111e-01 1.42663519e+00
  2.27378740e-01 3.95334931e-01 4.70587328e+03 1.14365505e+00
  1.60422733e+00 5.33488096e-01 1.00785570e+00 3.77500680e+01
  5.67735330e+00 1.30158053e-01 5.85642946e-01 7.22129060e+00
  6.33726627e-01 1.52551693e+00 1.70061662e+00 6.40235501e+00
  3.51958464e-01 1.28462220e+00 1.09306793e+00 1.61634804e+00
  8.12817688e-02 1.37557211e+00 1.84053996e-01 9.76694129e-01
  1.56034081e+00 1.02176114e+00 7.29351327e-02 7.92095318e-01
  1.07996471e+00 2.69479727e+01 4.07238018e+00 2.57688912e+00
  1.59864674e+00 8.79571157e+00 6.57577455e+00 1.06517470e+00
  2.60035547e+00 1.80348801e+00 2.51035196e+01 5.94752266e-01]]
