--------------------------------------------------------------------------
No OpenFabrics connection schemes reported that they were able to be
used on a specific port.  As such, the openib BTL (OpenFabrics
support) will be disabled for this port.

  Local host:           c3cpu-a2-u11-1
  Local device:         mlx5_0
  Local port:           1
  CPCs attempted:       rdmacm, udcm
--------------------------------------------------------------------------
[c3cpu-a2-u11-1.rc.int.colorado.edu:1156520] 63 more processes have sent help message help-mpi-btl-openib-cpc-base.txt / no cpcs for port
[c3cpu-a2-u11-1.rc.int.colorado.edu:1156520] Set MCA parameter "orte_base_help_aggregate" to 0 to see all help / error messages
1
50
2023-11-17 16:01:08
100
2023-11-17 16:03:46
elapsed:  311.2  seconds
150
2023-11-17 16:06:25
200
2023-11-17 16:09:00
elapsed:  625.2  seconds
250
2023-11-17 16:11:39
300
2023-11-17 16:14:17
elapsed:  941.8  seconds
350
2023-11-17 16:17:00
400
2023-11-17 16:19:42
elapsed:  1267.0  seconds
450
2023-11-17 16:22:28
500
2023-11-17 16:25:14
elapsed:  1599.0  seconds
550
2023-11-17 16:27:58
600
2023-11-17 16:30:44
elapsed:  1929.3  seconds
650
2023-11-17 16:33:31
700
2023-11-17 16:36:16
elapsed:  2261.0  seconds
750
2023-11-17 16:39:01
800
2023-11-17 16:41:45
elapsed:  2589.9  seconds
850
2023-11-17 16:44:31
900
2023-11-17 16:47:16
elapsed:  2920.7  seconds
950
2023-11-17 16:50:01
1000
2023-11-17 16:52:43
elapsed:  3247.8  seconds
1050
2023-11-17 16:55:28
1100
2023-11-17 16:58:15
elapsed:  3579.8  seconds
1150
2023-11-17 17:01:03
1200
2023-11-17 17:03:48
elapsed:  3913.2  seconds
1250
2023-11-17 17:06:38
1300
2023-11-17 17:09:27
elapsed:  4251.9  seconds
1350
2023-11-17 17:12:18
1400
2023-11-17 17:15:09
elapsed:  4593.9  seconds
1450
2023-11-17 17:18:00
1500
2023-11-17 17:20:51
elapsed:  4936.0  seconds
1550
2023-11-17 17:23:44
1600
2023-11-17 17:26:36
elapsed:  5280.8  seconds
1650
2023-11-17 17:29:32
1700
2023-11-17 17:32:27
elapsed:  5631.4  seconds
1750
2023-11-17 17:35:24
1800
2023-11-17 17:38:20
elapsed:  5985.0  seconds
1850
2023-11-17 17:41:18
1900
2023-11-17 17:44:15
elapsed:  6339.5  seconds
1950
2023-11-17 17:47:13
2000
2023-11-17 17:50:10
elapsed:  6695.1  seconds
2050
2023-11-17 17:53:08
2100
2023-11-17 17:56:04
elapsed:  7049.2  seconds
2150
2023-11-17 17:59:00
2200
2023-11-17 18:01:56
elapsed:  7400.8  seconds
2250
2023-11-17 18:04:50
2300
2023-11-17 18:07:40
elapsed:  7744.9  seconds
2350
2023-11-17 18:10:35
2400
2023-11-17 18:13:26
elapsed:  8091.0  seconds
2450
2023-11-17 18:16:20
2500
2023-11-17 18:19:12
elapsed:  8437.0  seconds
2550
2023-11-17 18:22:05
2600
2023-11-17 18:24:58
elapsed:  8782.8  seconds
2650
2023-11-17 18:27:53
2700
2023-11-17 18:30:46
elapsed:  9130.7  seconds
2750
2023-11-17 18:33:39
2800
2023-11-17 18:36:33
elapsed:  9477.5  seconds
2850
2023-11-17 18:39:29
2900
2023-11-17 18:42:24
elapsed:  9828.4  seconds
2950
2023-11-17 18:45:21
3000
2023-11-17 18:48:13
elapsed:  10178.2  seconds
3050
2023-11-17 18:51:07
3100
2023-11-17 18:54:01
elapsed:  10526.1  seconds
3150
2023-11-17 18:56:58
3200
2023-11-17 18:59:53
elapsed:  10877.3  seconds
3250
2023-11-17 19:02:47
3300
2023-11-17 19:05:41
elapsed:  11225.9  seconds
3350
2023-11-17 19:08:37
3400
2023-11-17 19:11:31
elapsed:  11575.9  seconds
/projects/muyang@colostate.edu/software/anaconda/envs/alpine_MCMC/lib/python3.11/site-packages/numpy/lib/function_base.py:2412: RuntimeWarning: divide by zero encountered in func (vectorized)
  outputs = ufunc(*inputs)
/projects/muyang@colostate.edu/software/anaconda/envs/alpine_MCMC/lib/python3.11/site-packages/numpy/lib/function_base.py:2412: RuntimeWarning: invalid value encountered in func (vectorized)
  outputs = ufunc(*inputs)
3450
2023-11-17 19:14:27
3500
2023-11-17 19:17:22
elapsed:  11926.6  seconds
3550
2023-11-17 19:20:19
3600
2023-11-17 19:23:16
elapsed:  12280.3  seconds
3650
2023-11-17 19:26:13
3700
2023-11-17 19:29:10
elapsed:  12634.7  seconds
3750
2023-11-17 19:32:11
3800
2023-11-17 19:35:10
elapsed:  12995.0  seconds
3850
2023-11-17 19:38:11
3900
2023-11-17 19:41:10
elapsed:  13355.2  seconds
3950
2023-11-17 19:44:11
4000
2023-11-17 19:47:10
elapsed:  13714.8  seconds
4050
2023-11-17 19:50:11
4100
2023-11-17 19:53:09
elapsed:  14073.4  seconds
4150
2023-11-17 19:56:09
4200
2023-11-17 19:59:08
elapsed:  14432.4  seconds
/projects/muyang@colostate.edu/software/anaconda/envs/alpine_MCMC/lib/python3.11/site-packages/numpy/lib/function_base.py:2412: RuntimeWarning: divide by zero encountered in func (vectorized)
  outputs = ufunc(*inputs)
/projects/muyang@colostate.edu/software/anaconda/envs/alpine_MCMC/lib/python3.11/site-packages/numpy/lib/function_base.py:2412: RuntimeWarning: invalid value encountered in func (vectorized)
  outputs = ufunc(*inputs)
4250
2023-11-17 20:02:08
4300
2023-11-17 20:05:06
elapsed:  14791.2  seconds
4350
2023-11-17 20:08:07
/projects/muyang@colostate.edu/software/anaconda/envs/alpine_MCMC/lib/python3.11/site-packages/numpy/lib/function_base.py:2412: RuntimeWarning: divide by zero encountered in func (vectorized)
  outputs = ufunc(*inputs)
/projects/muyang@colostate.edu/software/anaconda/envs/alpine_MCMC/lib/python3.11/site-packages/numpy/lib/function_base.py:2412: RuntimeWarning: invalid value encountered in func (vectorized)
  outputs = ufunc(*inputs)
/projects/muyang@colostate.edu/software/anaconda/envs/alpine_MCMC/lib/python3.11/site-packages/numpy/lib/function_base.py:2412: RuntimeWarning: divide by zero encountered in func (vectorized)
  outputs = ufunc(*inputs)
/projects/muyang@colostate.edu/software/anaconda/envs/alpine_MCMC/lib/python3.11/site-packages/numpy/lib/function_base.py:2412: RuntimeWarning: invalid value encountered in func (vectorized)
  outputs = ufunc(*inputs)
4400
2023-11-17 20:11:05
elapsed:  15150.0  seconds
4450
2023-11-17 20:14:06
4500
2023-11-17 20:17:03
elapsed:  15508.0  seconds
4550
2023-11-17 20:20:03
4600
2023-11-17 20:23:02
elapsed:  15867.0  seconds
4650
2023-11-17 20:26:02
4700
2023-11-17 20:29:02
elapsed:  16226.3  seconds
4750
2023-11-17 20:32:03
4800
2023-11-17 20:35:03
elapsed:  16587.4  seconds
4850
2023-11-17 20:38:01
4900
2023-11-17 20:40:59
elapsed:  16943.7  seconds
4950
2023-11-17 20:43:59
5000
2023-11-17 20:46:56
elapsed:  17301.1  seconds
5050
2023-11-17 20:49:56
5100
2023-11-17 20:52:54
elapsed:  17658.8  seconds
5150
2023-11-17 20:55:54
5200
2023-11-17 20:58:50
elapsed:  18014.6  seconds
5250
2023-11-17 21:01:48
5300
2023-11-17 21:04:45
elapsed:  18369.6  seconds
5350
2023-11-17 21:07:43
5400
2023-11-17 21:10:39
elapsed:  18723.5  seconds
5450
2023-11-17 21:13:37
5500
2023-11-17 21:16:34
elapsed:  19078.9  seconds
5550
2023-11-17 21:19:32
5600
2023-11-17 21:22:29
elapsed:  19433.7  seconds
5650
2023-11-17 21:25:28
5700
2023-11-17 21:28:27
elapsed:  19791.9  seconds
5750
2023-11-17 21:31:27
5800
2023-11-17 21:34:25
elapsed:  20150.2  seconds
5850
2023-11-17 21:37:25
5900
2023-11-17 21:40:23
elapsed:  20507.6  seconds
5950
2023-11-17 21:43:23
6000
2023-11-17 21:46:20
elapsed:  20865.0  seconds
6050
2023-11-17 21:49:20
6100
2023-11-17 21:52:19
elapsed:  21223.8  seconds
6150
2023-11-17 21:55:18
6200
2023-11-17 21:58:17
elapsed:  21581.3  seconds
6250
2023-11-17 22:01:16
6300
2023-11-17 22:04:14
elapsed:  21938.9  seconds
6350
2023-11-17 22:07:11
6400
2023-11-17 22:10:07
elapsed:  22291.7  seconds
6450
2023-11-17 22:13:06
6500
2023-11-17 22:16:06
elapsed:  22650.9  seconds
6550
2023-11-17 22:19:06
6600
2023-11-17 22:22:05
elapsed:  23010.1  seconds
6650
2023-11-17 22:25:05
6700
2023-11-17 22:28:03
elapsed:  23367.6  seconds
6750
2023-11-17 22:31:02
6800
2023-11-17 22:33:59
elapsed:  23724.1  seconds
6850
2023-11-17 22:36:59
6900
2023-11-17 22:39:57
elapsed:  24082.1  seconds
6950
2023-11-17 22:42:57
7000
2023-11-17 22:45:57
elapsed:  24441.4  seconds
7050
2023-11-17 22:48:57
7100
2023-11-17 22:51:55
elapsed:  24799.4  seconds
7150
2023-11-17 22:54:52
7200
2023-11-17 22:57:50
elapsed:  25155.0  seconds
7250
2023-11-17 23:00:49
7300
2023-11-17 23:03:45
elapsed:  25510.2  seconds
7350
2023-11-17 23:06:46
7400
2023-11-17 23:09:43
elapsed:  25867.5  seconds
7450
2023-11-17 23:12:43
7500
2023-11-17 23:15:42
elapsed:  26227.0  seconds
7550
2023-11-17 23:18:43
7600
2023-11-17 23:21:41
elapsed:  26586.2  seconds
7650
2023-11-17 23:24:42
7700
2023-11-17 23:27:40
elapsed:  26944.6  seconds
7750
2023-11-17 23:30:41
7800
2023-11-17 23:33:40
elapsed:  27304.7  seconds
7850
2023-11-17 23:36:41
7900
2023-11-17 23:39:40
elapsed:  27665.2  seconds
7950
2023-11-17 23:42:41
8000
2023-11-17 23:45:40
elapsed:  28025.1  seconds
8050
2023-11-17 23:48:41
8100
2023-11-17 23:51:38
elapsed:  28382.4  seconds
8150
2023-11-17 23:54:37
8200
2023-11-17 23:57:35
elapsed:  28739.9  seconds
8250
2023-11-18 00:00:35
8300
2023-11-18 00:03:34
elapsed:  29099.2  seconds
8350
2023-11-18 00:06:35
8400
2023-11-18 00:09:35
elapsed:  29459.6  seconds
8450
2023-11-18 00:12:35
8500
2023-11-18 00:15:35
elapsed:  29819.4  seconds
8550
2023-11-18 00:18:35
8600
2023-11-18 00:21:32
elapsed:  30176.9  seconds
8650
2023-11-18 00:24:33
8700
2023-11-18 00:27:32
elapsed:  30536.6  seconds
8750
2023-11-18 00:30:32
8800
2023-11-18 00:33:30
elapsed:  30895.0  seconds
8850
2023-11-18 00:36:31
8900
2023-11-18 00:39:31
elapsed:  31255.4  seconds
8950
2023-11-18 00:42:30
9000
2023-11-18 00:45:30
elapsed:  31615.3  seconds
9050
2023-11-18 00:48:33
/projects/muyang@colostate.edu/software/anaconda/envs/alpine_MCMC/lib/python3.11/site-packages/numpy/lib/function_base.py:2412: RuntimeWarning: divide by zero encountered in func (vectorized)
  outputs = ufunc(*inputs)
/projects/muyang@colostate.edu/software/anaconda/envs/alpine_MCMC/lib/python3.11/site-packages/numpy/lib/function_base.py:2412: RuntimeWarning: invalid value encountered in func (vectorized)
  outputs = ufunc(*inputs)
9100
2023-11-18 00:51:33
elapsed:  31977.3  seconds
9150
2023-11-18 00:54:33
9200
2023-11-18 00:57:33
elapsed:  32337.6  seconds
9250
2023-11-18 01:00:34
9300
2023-11-18 01:03:34
elapsed:  32698.5  seconds
9350
2023-11-18 01:06:35
9400
2023-11-18 01:09:34
elapsed:  33058.5  seconds
9450
2023-11-18 01:12:35
9500
2023-11-18 01:15:35
elapsed:  33419.4  seconds
9550
2023-11-18 01:18:35
9600
2023-11-18 01:21:35
elapsed:  33779.4  seconds
9650
2023-11-18 01:24:35
9700
2023-11-18 01:27:35
elapsed:  34139.5  seconds
9750
2023-11-18 01:30:36
9800
2023-11-18 01:33:36
elapsed:  34500.6  seconds
9850
2023-11-18 01:36:36
9900
2023-11-18 01:39:36
elapsed:  34861.3  seconds
9950
2023-11-18 01:42:38
elapsed:  35219.9  seconds
total time:  35224.9  seconds
true R:  [[2.43905946e+00 1.45701135e+00 1.50900998e-01 8.05641443e-02
  2.11871295e-01 7.07944753e-01 3.18098327e+00 1.46202177e-01
  1.09065504e-01 1.64968360e-01 1.71643667e+01 2.05237676e+04
  5.37155215e+00 1.54378136e+01 4.05815605e-01 5.05233329e+00
  2.34697334e+01 9.48561857e+00 4.94286960e-01 1.81965250e-01
  6.85475625e+00 1.52011823e+00 2.06765272e+00 3.70809022e+00
  7.04410139e-01 7.70059214e-01 2.80142799e-01 1.55418440e-01
  2.63477944e+02 8.71399494e+00 3.31014156e-01 5.49109773e+00
  6.82278426e-01 3.80593674e-01 4.94766926e+00 8.54922725e-01
  1.05722911e-01 6.44218240e+00 1.50236699e+02 3.75400273e+00
  5.25783544e+00 1.33123620e-01 2.36036935e-01 1.06327915e-01
  2.19753495e-01 7.34606130e-01 3.64979279e-01 2.17395784e+00
  1.87488644e-01 1.19868880e+00 5.81713911e-01 2.28012705e-01
  9.49522418e-01 1.06662215e+00 2.91127730e-01 1.36470438e+00
  1.31759408e+00 8.38001997e-01 3.80202406e+00 2.46903175e+01
  3.63801548e+00 1.87958485e+00 2.18673820e+00 1.87031955e-01]
 [2.47754937e+00 3.38372062e-01 1.07024643e+00 1.06722834e+03
  2.61979304e-01 8.27466321e-01 6.59596682e-01 2.19704828e+03
  2.32599317e-01 9.51702889e-02 7.00533353e+02 2.24561811e+00
  4.15786941e+00 8.88340790e-01 3.10877072e+00 2.59235682e+04
  1.09516882e+00 1.70977494e+00 3.71399613e+00 3.84317847e-01
  2.34731027e+00 6.54063184e-01 1.27989904e+03 2.40816896e-01
  1.00357183e+01 1.87814010e-01 3.48853698e-01 3.80571221e+01
  7.72952090e+00 1.58610516e+01 3.86865360e+00 1.79640262e+00
  2.29151309e-01 2.77021421e-01 7.53633665e-02 1.14242019e+00
  5.67432372e-01 1.04519085e+01 1.28171800e+00 3.44383128e+00
  9.00604822e-01 5.75761118e-01 4.48292545e-01 1.58065978e-01
  1.90708745e+00 1.64383388e+00 1.35676898e+00 5.94919191e+00
  1.90585601e-01 3.55448088e-01 2.71454195e+01 5.95662160e-01
  1.72408802e-01 2.10320199e-01 4.24927659e-01 4.40982729e-01
  1.65044039e+02 5.62676659e-01 4.06439766e-01 6.70662228e+00
  1.11452414e+01 2.97218811e-01 4.95722073e-01 2.37746387e+01]
 [2.40453067e-01 2.67176396e-01 1.70339482e+00 1.89184646e-01
  2.51429266e-01 1.95325664e-01 1.91210753e-01 1.00207942e+00
  3.31403524e-01 8.09657778e-01 2.96320209e+01 3.73207557e-01
  4.89174061e-01 1.17311850e+00 1.73851200e+01 7.86603382e-01
  8.59642406e-02 1.25399529e+00 2.93449932e-01 2.70580062e+01
  1.11057231e-01 7.55564297e-02 7.95740711e-01 6.95390129e+00
  6.58697741e-01 2.78024620e-01 1.82300175e-01 2.82908443e-01
  1.92973873e+01 1.58238036e+01 2.01677262e-01 5.75411582e-01
  4.84348120e-01 1.09517121e+00 2.05864955e+00 6.09514646e+01
  1.10699956e+01 3.01305878e-01 3.56965642e+00 9.58483073e-02
  1.93120853e+01 5.24891567e-01 4.03861185e+00 2.22159493e+00
  2.13436592e-01 1.16748883e+00 3.75110394e-01 5.54025653e-01
  4.21986723e-01 1.11529242e+02 4.83095627e-01 4.50020117e-01
  3.36289655e+00 3.02889751e+00 6.73511160e-01 2.45833293e-01
  3.21906873e-01 5.15704207e-01 4.68406146e-01 3.11541260e-01
  1.35231518e+00 4.90543292e-01 1.02749180e-01 6.10601680e-01]
 [2.03238794e-01 1.17404075e+00 2.41733804e+00 4.78212502e-01
  4.85310402e-01 3.09439123e-01 3.51676952e-01 1.61065294e+00
  6.25636963e+00 5.95865431e+00 1.76044489e-01 2.65430004e-01
  7.39441062e-01 1.88243100e+01 4.17462703e+00 1.97339515e+00
  1.14979955e+02 1.27926405e+02 2.17245599e-01 1.33811808e+00
  1.77030170e+01 7.71567228e+01 1.92104081e+01 6.43438790e+00
  2.50543685e+00 1.05251273e-01 1.00303390e-01 1.66172522e+01
  2.76926600e-01 2.66280096e-01 2.44920491e+00 3.11928218e+04
  9.05565604e-01 7.04650892e-02 2.16846942e+02 6.72135493e+00
  7.32228370e+01 1.18428041e+00 4.13794341e+00 1.62200976e+00
  1.17289501e+00 3.31740498e+00 1.88670089e-01 8.94452796e-01
  3.09764015e-01 2.75073780e-01 4.73224784e+02 3.10248317e+00
  4.05465859e-01 6.34726533e-01 9.45091779e+01 1.02171652e+01
  6.25215940e-01 2.62003248e-01 5.61699654e-01 5.23716155e+00
  7.16973635e+00 2.47708411e+01 3.76777446e+01 5.55304242e-01
  4.21041790e+01 1.44939637e-01 6.04556345e+01 1.07945248e+01]
 [5.04504139e+01 1.23626817e+03 1.56715394e-01 7.96530261e-01
  7.06037878e+01 3.39596751e-01 4.01911674e+00 3.11130014e-01
  3.06003866e-01 5.04862916e-01 1.38280135e-01 1.71241178e+00
  1.09605263e+00 3.73160633e-01 8.91622749e-01 1.40602268e+00
  1.53175707e-01 2.23396355e+00 2.77884524e+00 1.28268699e+00
  2.47269967e+00 5.35161626e-01 1.19322527e+00 1.62586392e-01
  4.71783509e-01 2.48733911e+00 9.97550179e-01 3.53394242e-01
  2.02057206e+01 4.96675278e-01 3.89572913e+01 4.15859935e+00
  1.48317942e-01 7.19367098e-01 2.89062654e+00 2.59414164e+00
  8.93999795e-01 1.09514512e+01 3.61110918e-01 1.49027124e-01
  5.93028482e-01 7.67250008e+01 1.90474641e-01 2.28794930e-01
  1.58105825e-01 7.52463922e-01 1.30797575e-01 3.89588055e+00
  8.82616665e+00 1.14713331e+01 5.86042243e-01 3.71225279e-01
  2.28685073e+02 1.28443173e-01 2.31528422e-01 4.49609502e-01
  9.06157589e+00 2.14518528e-01 1.20549184e-01 2.95334650e+00
  7.62732865e-01 2.22954731e+02 1.31414264e+00 2.92323589e-01]
 [1.84942679e+00 1.84052249e+00 1.49667707e+00 6.53260806e-01
  4.21399634e+01 9.74988928e-02 5.30617607e+00 1.24391167e+00
  3.60595309e+06 2.59287325e-01 8.63900688e+00 4.90156009e+00
  7.27977749e-01 5.79022296e-01 4.97171216e-01 1.67040364e-01
  5.35255340e-01 5.53186522e+00 1.93453818e+00 2.22372684e+00
  3.80246697e+00 5.66946403e-01 2.20048216e+01 1.12782619e+00
  4.35488289e+00 1.49707345e+00 1.90966530e+00 2.40995791e+00
  2.20581887e-01 9.05193708e-02 5.40964181e-01 5.12827053e-02
  3.20676592e+01 1.20428788e+00 4.29521601e+03 3.20099056e+00
  1.00586508e-01 4.06551058e+01 2.16833099e+00 1.57953740e+00
  3.06459247e-01 4.82948834e+00 5.62194820e-01 3.99942148e+02
  1.52006823e+01 6.24856922e-01 1.45912764e-01 1.34166306e+00
  3.51053737e-01 1.28897644e+00 9.53348998e-01 1.75842327e-01
  5.57508100e-01 3.70017712e-01 3.67143996e+00 4.81194452e-01
  3.04641060e-01 1.23663877e+02 5.08886617e-01 1.65673629e+02
  5.97996930e-01 1.19461078e+00 1.29773171e+00 2.51732271e+01]
 [9.58285802e-02 3.01213831e-01 5.39419715e+00 4.86863135e+00
  2.65254654e-01 1.19545023e+04 2.45732446e-01 5.82220133e-01
  3.46129804e+01 4.48479444e-01 2.34356683e-01 2.51030491e-01
  2.75161337e-01 2.96516859e+00 1.57492841e+01 7.09873979e-01
  5.73697849e-01 2.89791708e-01 2.06696384e+01 3.83836979e-01
  4.61535772e-01 4.45684204e+00 3.76014563e+01 4.90197968e-01
  1.30321314e+00 2.50170076e-01 4.93918720e+00 3.55152233e-01
  4.01189113e+01 5.58459739e-01 1.63149575e+01 6.63540303e-01
  3.52890439e+00 3.30987694e+02 4.40156732e-01 9.47172712e-01
  2.72991821e+00 1.95289176e+01 3.77943642e+01 2.79956368e+00
  9.34798809e-01 1.67298367e+00 2.44364368e-01 1.56717967e+00
  2.24245177e+00 1.02302062e+00 2.06816948e+00 1.28780992e-01
  6.34482877e+00 1.79450725e-01 1.40704797e+00 1.61189738e-01
  1.79051943e+00 4.79239820e-01 2.25351279e+00 1.07526461e+00
  1.78324373e+00 2.36492258e+00 9.29665537e+02 5.54090413e+00
  2.19730923e+00 1.81103144e+00 1.85261024e+02 1.06894970e+00]
 [1.07519346e+01 5.10932542e-01 4.18131960e-01 1.70839447e+00
  4.87293628e-01 6.96674821e-01 6.22222492e-01 2.14830497e-01
  1.79553153e+00 2.03033441e-01 3.23599542e-01 1.76938279e+00
  1.52679392e+01 5.58724208e-01 4.36219808e+00 2.60040566e-01
  2.84618670e+01 3.00466108e+00 3.51796041e+00 2.38629006e-01
  1.49552995e+00 1.85370589e+06 9.90781818e-02 3.02560805e-01
  4.33399625e+01 2.28294698e+00 4.72677246e-01 7.20157767e-01
  1.20736610e+03 4.68235055e+00 7.39018652e-01 5.65377944e-01
  1.24856087e-01 3.47009805e+00 9.24492520e+00 1.33757658e+00
  3.29748741e+00 3.06575695e+02 5.51912752e-01 5.52545983e-01
  2.33324601e+01 7.93839553e+00 4.49020482e-01 6.48900166e+01
  1.64410387e+00 7.48704580e-01 2.17547737e+00 8.20721376e+01
  6.34268814e-01 8.00487849e-01 6.54716098e-01 2.79118062e-01
  7.31834726e-01 1.47263962e-01 3.55384153e+00 6.42859216e+01
  1.04683225e+02 2.54129779e-01 3.22769470e+00 1.33346240e+00
  7.95722294e-01 3.58162102e+00 3.57113736e-01 1.89978815e+00]
 [5.89011601e-01 7.95860616e-01 8.56792091e-02 2.96074009e+00
  2.81062970e-01 3.63891835e-01 1.64991693e+00 3.37674443e-01
  1.88130071e-01 1.51917039e+00 1.51855577e-01 1.62754961e+00
  1.40749704e+01 1.55414953e+00 1.05369045e+01 3.90530803e-01
  5.53594444e+00 6.51773925e+04 2.63251524e-01 3.91386989e-01
  6.29390663e+00 1.22893300e+00 2.31135023e+02 7.80311742e+01
  6.67656623e-01 6.63338526e-01 8.53515314e+00 2.16389077e-01
  5.94052039e+00 3.73374519e-01 5.00900230e-01 5.99386585e-01
  7.19638187e+00 4.67020520e+00 1.80195924e-01 1.79576886e-01
  3.85783196e+01 7.16066378e+01 7.55196329e-01 2.05213180e-01
  1.04641059e+00 2.05798650e-01 4.42429912e+00 2.12381421e-01
  8.80976079e+00 2.46625988e+00 9.46745797e-02 1.60608124e+00
  9.81752723e-01 1.18606674e+01 5.77267898e+00 2.34704599e+01
  1.46132181e-01 2.09483293e+00 1.05355820e+00 4.46179651e-01
  1.92728932e+01 3.82229406e+00 3.65537079e-01 2.43106431e-01
  1.62672523e+00 1.63672446e-01 1.87405946e-01 4.05263155e+00]
 [7.68723805e-01 2.00083090e-01 7.79439408e+00 6.10303666e-01
  4.83488123e-01 2.35768992e-01 1.44338709e+01 1.58239499e+00
  6.78570407e+00 3.84106118e+00 6.68026469e+00 3.16003304e-01
  1.08303469e+00 5.29157100e-01 5.63646907e-01 2.78928619e+00
  7.69654453e+00 1.35341546e+02 1.56709122e+00 1.90550625e+01
  8.92655450e-01 3.11761799e+02 1.44638666e+00 2.33195940e-01
  2.74577032e+01 8.39191815e+00 1.23515903e+00 1.58322393e-01
  1.94170849e+01 1.13663967e+00 1.03139036e+02 5.47368365e-01
  2.41722338e+01 9.60942706e+00 3.54162528e+00 1.93036184e+00
  3.28974087e+01 4.02452445e-01 4.36021514e-01 9.85444341e+00
  4.82964605e-01 5.18660185e-01 2.20265189e+00 1.37312820e+00
  1.46357261e+00 2.69672861e-01 2.25590447e-01 1.30908763e-01
  1.05020079e-01 1.46184145e+01 1.17215605e-01 1.15527265e+00
  6.80952425e-01 7.13016572e-02 7.84328332e-01 4.31991767e+01
  1.69233206e+01 2.38300431e+03 4.55398012e-01 3.25892208e+02
  2.00550307e+01 6.63408789e-01 1.10323491e-01 1.12485387e-01]]
