1
50
2023-11-04 02:10:15
100
2023-11-04 02:11:49
elapsed:  185.3  seconds
150
2023-11-04 02:13:35
200
2023-11-04 02:15:17
elapsed:  392.7  seconds
250
2023-11-04 02:17:02
300
2023-11-04 02:18:39
elapsed:  595.0  seconds
350
2023-11-04 02:20:21
400
2023-11-04 02:22:06
elapsed:  801.8  seconds
450
2023-11-04 02:23:58
500
2023-11-04 02:25:42
elapsed:  1017.9  seconds
550
2023-11-04 02:27:22
600
2023-11-04 02:29:12
elapsed:  1227.7  seconds
650
2023-11-04 02:30:53
700
2023-11-04 02:32:39
elapsed:  1435.0  seconds
750
2023-11-04 02:34:37
800
2023-11-04 02:36:27
elapsed:  1662.6  seconds
850
2023-11-04 02:38:12
900
2023-11-04 02:40:00
elapsed:  1875.8  seconds
950
2023-11-04 02:41:49
1000
2023-11-04 02:43:14
elapsed:  2070.2  seconds
1050
2023-11-04 02:45:10
1100
2023-11-04 02:47:04
elapsed:  2299.6  seconds
1150
2023-11-04 02:48:56
1200
2023-11-04 02:50:42
elapsed:  2517.8  seconds
1250
2023-11-04 02:52:30
1300
2023-11-04 02:54:29
elapsed:  2744.4  seconds
1350
2023-11-04 02:56:33
1400
2023-11-04 02:58:13
elapsed:  2969.0  seconds
1450
2023-11-04 03:00:07
1500
2023-11-04 03:01:59
elapsed:  3194.4  seconds
1550
2023-11-04 03:03:43
1600
2023-11-04 03:05:26
elapsed:  3401.3  seconds
1650
2023-11-04 03:07:21
1700
2023-11-04 03:09:05
elapsed:  3620.7  seconds
1750
2023-11-04 03:10:55
1800
2023-11-04 03:12:50
elapsed:  3846.1  seconds
1850
2023-11-04 03:14:59
1900
2023-11-04 03:16:56
elapsed:  4092.2  seconds
1950
2023-11-04 03:18:48
2000
2023-11-04 03:20:38
elapsed:  4314.0  seconds
2050
2023-11-04 03:22:26
2100
2023-11-04 03:24:17
elapsed:  4533.0  seconds
2150
2023-11-04 03:26:05
2200
2023-11-04 03:27:56
elapsed:  4751.9  seconds
2250
2023-11-04 03:29:47
2300
2023-11-04 03:31:35
elapsed:  4971.1  seconds
2350
2023-11-04 03:33:23
2400
2023-11-04 03:35:11
elapsed:  5186.4  seconds
2450
2023-11-04 03:37:16
2500
2023-11-04 03:39:04
elapsed:  5420.2  seconds
2550
2023-11-04 03:40:57
2600
2023-11-04 03:42:46
elapsed:  5641.4  seconds
2650
2023-11-04 03:44:40
2700
2023-11-04 03:46:35
elapsed:  5871.0  seconds
2750
2023-11-04 03:48:23
2800
2023-11-04 03:50:11
elapsed:  6087.2  seconds
2850
2023-11-04 03:52:10
2900
2023-11-04 03:54:00
elapsed:  6315.8  seconds
2950
2023-11-04 03:55:48
3000
2023-11-04 03:57:48
elapsed:  6544.0  seconds
3050
2023-11-04 03:59:48
3100
2023-11-04 04:01:38
elapsed:  6773.9  seconds
3150
2023-11-04 04:03:19
3200
2023-11-04 04:05:20
elapsed:  6995.7  seconds
3250
2023-11-04 04:07:13
3300
2023-11-04 04:09:09
elapsed:  7225.3  seconds
3350
2023-11-04 04:11:04
3400
2023-11-04 04:12:57
elapsed:  7453.1  seconds
3450
2023-11-04 04:14:50
3500
2023-11-04 04:16:36
elapsed:  7672.2  seconds
3550
2023-11-04 04:18:38
3600
2023-11-04 04:20:42
elapsed:  7918.1  seconds
3650
2023-11-04 04:22:39
3700
2023-11-04 04:24:37
elapsed:  8153.2  seconds
3750
2023-11-04 04:26:33
3800
2023-11-04 04:28:27
elapsed:  8383.3  seconds
3850
2023-11-04 04:30:11
3900
2023-11-04 04:32:04
elapsed:  8599.6  seconds
3950
2023-11-04 04:34:02
4000
2023-11-04 04:35:55
elapsed:  8831.0  seconds
4050
2023-11-04 04:37:46
4100
2023-11-04 04:39:41
elapsed:  9056.9  seconds
4150
2023-11-04 04:41:35
4200
2023-11-04 04:43:35
elapsed:  9291.0  seconds
4250
2023-11-04 04:45:39
4300
2023-11-04 04:47:34
elapsed:  9529.6  seconds
4350
2023-11-04 04:49:25
4400
2023-11-04 04:51:17
elapsed:  9753.3  seconds
4450
2023-11-04 04:53:18
4500
2023-11-04 04:55:09
elapsed:  9984.6  seconds
4550
2023-11-04 04:57:07
4600
2023-11-04 04:59:04
elapsed:  10220.0  seconds
4650
2023-11-04 05:00:54
4700
2023-11-04 05:02:54
elapsed:  10449.5  seconds
4750
2023-11-04 05:04:46
4800
2023-11-04 05:06:43
elapsed:  10678.5  seconds
4850
2023-11-04 05:08:27
4900
2023-11-04 05:10:25
elapsed:  10900.6  seconds
4950
2023-11-04 05:12:29
5000
2023-11-04 05:14:32
elapsed:  11147.8  seconds
5050
2023-11-04 05:16:34
5100
2023-11-04 05:18:35
elapsed:  11391.2  seconds
5150
2023-11-04 05:20:41
5200
2023-11-04 05:22:44
elapsed:  11639.5  seconds
5250
2023-11-04 05:24:45
5300
2023-11-04 05:26:49
elapsed:  11884.7  seconds
5350
2023-11-04 05:28:57
5400
2023-11-04 05:30:50
elapsed:  12125.5  seconds
5450
2023-11-04 05:32:31
5500
2023-11-04 05:34:14
elapsed:  12329.8  seconds
5550
2023-11-04 05:36:14
5600
2023-11-04 05:38:11
elapsed:  12566.7  seconds
5650
2023-11-04 05:40:10
5700
2023-11-04 05:41:54
elapsed:  12790.0  seconds
5750
2023-11-04 05:43:44
5800
2023-11-04 05:45:38
elapsed:  13013.8  seconds
5850
2023-11-04 05:47:33
5900
2023-11-04 05:49:26
elapsed:  13242.3  seconds
5950
2023-11-04 05:51:25
6000
2023-11-04 05:53:19
elapsed:  13475.2  seconds
6050
2023-11-04 05:55:08
6100
2023-11-04 05:56:56
elapsed:  13691.8  seconds
6150
2023-11-04 05:58:46
6200
2023-11-04 06:00:29
elapsed:  13905.1  seconds
6250
2023-11-04 06:02:24
6300
2023-11-04 06:04:15
elapsed:  14130.6  seconds
6350
2023-11-04 06:06:04
6400
2023-11-04 06:07:45
elapsed:  14340.4  seconds
6450
2023-11-04 06:09:34
6500
2023-11-04 06:11:23
elapsed:  14558.5  seconds
6550
2023-11-04 06:13:20
6600
2023-11-04 06:15:18
elapsed:  14793.8  seconds
6650
2023-11-04 06:17:01
6700
2023-11-04 06:18:57
elapsed:  15012.7  seconds
6750
2023-11-04 06:20:52
6800
2023-11-04 06:22:47
elapsed:  15242.4  seconds
6850
2023-11-04 06:24:43
6900
2023-11-04 06:26:38
elapsed:  15473.6  seconds
6950
2023-11-04 06:28:39
7000
2023-11-04 06:30:23
elapsed:  15698.5  seconds
7050
2023-11-04 06:32:26
7100
2023-11-04 06:34:21
elapsed:  15937.1  seconds
7150
2023-11-04 06:36:09
7200
2023-11-04 06:38:08
elapsed:  16163.8  seconds
7250
2023-11-04 06:40:01
7300
2023-11-04 06:42:01
elapsed:  16396.4  seconds
7350
2023-11-04 06:44:03
7400
2023-11-04 06:46:06
elapsed:  16642.1  seconds
7450
2023-11-04 06:48:08
7500
2023-11-04 06:50:00
elapsed:  16876.3  seconds
7550
2023-11-04 06:52:04
7600
2023-11-04 06:53:59
elapsed:  17115.2  seconds
7650
2023-11-04 06:56:05
7700
2023-11-04 06:57:56
elapsed:  17351.6  seconds
7750
2023-11-04 06:59:54
7800
2023-11-04 07:01:56
elapsed:  17591.3  seconds
7850
2023-11-04 07:03:58
7900
2023-11-04 07:05:56
elapsed:  17832.2  seconds
7950
2023-11-04 07:08:01
8000
2023-11-04 07:09:58
elapsed:  18073.7  seconds
8050
2023-11-04 07:11:53
8100
2023-11-04 07:13:49
elapsed:  18305.1  seconds
8150
2023-11-04 07:15:40
8200
2023-11-04 07:17:30
elapsed:  18525.7  seconds
8250
2023-11-04 07:19:15
8300
2023-11-04 07:21:11
elapsed:  18747.1  seconds
8350
2023-11-04 07:23:07
8400
2023-11-04 07:24:56
elapsed:  18972.0  seconds
8450
2023-11-04 07:26:49
8500
2023-11-04 07:28:52
elapsed:  19208.1  seconds
8550
2023-11-04 07:30:53
8600
2023-11-04 07:32:50
elapsed:  19445.5  seconds
8650
2023-11-04 07:34:37
8700
2023-11-04 07:36:34
elapsed:  19669.8  seconds
8750
2023-11-04 07:38:34
8800
2023-11-04 07:40:25
elapsed:  19901.1  seconds
8850
2023-11-04 07:41:59
8900
2023-11-04 07:43:46
elapsed:  20101.8  seconds
8950
2023-11-04 07:45:37
9000
2023-11-04 07:47:27
elapsed:  20322.5  seconds
9050
2023-11-04 07:49:14
9100
2023-11-04 07:51:16
elapsed:  20552.3  seconds
/projects/muyang@colostate.edu/software/anaconda/envs/testenv/lib/python3.11/site-packages/numpy/lib/function_base.py:2455: RuntimeWarning: divide by zero encountered in func (vectorized)
  outputs = ufunc(*inputs)
/projects/muyang@colostate.edu/software/anaconda/envs/testenv/lib/python3.11/site-packages/numpy/lib/function_base.py:2455: RuntimeWarning: invalid value encountered in func (vectorized)
  outputs = ufunc(*inputs)
9150
2023-11-04 07:53:21
9200
2023-11-04 07:55:18
elapsed:  20793.6  seconds
9250
2023-11-04 07:57:25
9300
2023-11-04 07:59:14
elapsed:  21030.1  seconds
9350
2023-11-04 08:01:07
9400
2023-11-04 08:02:57
elapsed:  21253.1  seconds
9450
2023-11-04 08:04:51
9500
2023-11-04 08:06:43
elapsed:  21479.0  seconds
9550
2023-11-04 08:08:41
9600
2023-11-04 08:10:42
elapsed:  21717.9  seconds
9650
2023-11-04 08:12:52
9700
2023-11-04 08:14:54
elapsed:  21969.6  seconds
9750
2023-11-04 08:16:37
9800
2023-11-04 08:18:28
elapsed:  22184.3  seconds
9850
2023-11-04 08:20:29
9900
2023-11-04 08:22:14
elapsed:  22409.4  seconds
9950
2023-11-04 08:24:03
10000
2023-11-04 08:25:47
elapsed:  22622.3  seconds
10050
2023-11-04 08:27:28
10100
2023-11-04 08:29:11
elapsed:  22827.2  seconds
10150
2023-11-04 08:31:00
10200
2023-11-04 08:32:52
elapsed:  23047.4  seconds
10250
2023-11-04 08:34:47
10300
2023-11-04 08:36:42
elapsed:  23277.8  seconds
10350
2023-11-04 08:38:36
10400
2023-11-04 08:40:35
elapsed:  23510.8  seconds
10450
2023-11-04 08:42:27
10500
2023-11-04 08:44:14
elapsed:  23730.3  seconds
10550
2023-11-04 08:46:05
10600
2023-11-04 08:47:57
elapsed:  23952.6  seconds
10650
2023-11-04 08:49:47
10700
2023-11-04 08:51:43
elapsed:  24179.2  seconds
10750
2023-11-04 08:53:40
10800
2023-11-04 08:55:35
elapsed:  24411.1  seconds
10850
2023-11-04 08:57:27
10900
2023-11-04 08:59:20
elapsed:  24635.9  seconds
10950
2023-11-04 09:01:14
11000
2023-11-04 09:03:02
elapsed:  24858.0  seconds
11050
2023-11-04 09:04:52
11100
2023-11-04 09:06:43
elapsed:  25079.3  seconds
11150
2023-11-04 09:08:41
11200
2023-11-04 09:10:37
elapsed:  25313.3  seconds
11250
2023-11-04 09:12:34
11300
2023-11-04 09:14:25
elapsed:  25541.3  seconds
11350
2023-11-04 09:16:24
11400
2023-11-04 09:18:15
elapsed:  25770.4  seconds
11450
2023-11-04 09:20:20
11500
2023-11-04 09:22:10
elapsed:  26006.1  seconds
11550
2023-11-04 09:23:55
11600
2023-11-04 09:25:51
elapsed:  26226.9  seconds
11650
2023-11-04 09:27:52
11700
2023-11-04 09:29:33
elapsed:  26448.4  seconds
11750
2023-11-04 09:31:29
11800
2023-11-04 09:33:09
elapsed:  26664.9  seconds
11850
2023-11-04 09:35:13
11900
2023-11-04 09:37:13
elapsed:  26908.6  seconds
11950
2023-11-04 09:39:09
12000
2023-11-04 09:41:14
elapsed:  27150.3  seconds
12050
2023-11-04 09:43:13
12100
2023-11-04 09:45:06
elapsed:  27382.3  seconds
12150
2023-11-04 09:47:01
12200
2023-11-04 09:49:01
elapsed:  27617.1  seconds
12250
2023-11-04 09:50:51
12300
2023-11-04 09:52:41
elapsed:  27837.0  seconds
12350
2023-11-04 09:54:47
12400
2023-11-04 09:56:39
elapsed:  28074.7  seconds
12450
2023-11-04 09:58:42
12500
2023-11-04 10:00:42
elapsed:  28317.4  seconds
12550
2023-11-04 10:02:46
12600
2023-11-04 10:04:46
elapsed:  28561.7  seconds
12650
2023-11-04 10:06:45
12700
2023-11-04 10:08:40
elapsed:  28795.9  seconds
12750
2023-11-04 10:10:34
12800
2023-11-04 10:12:33
elapsed:  29028.5  seconds
12850
2023-11-04 10:14:19
12900
2023-11-04 10:16:11
elapsed:  29247.1  seconds
12950
2023-11-04 10:17:56
13000
2023-11-04 10:19:46
elapsed:  29462.1  seconds
13050
2023-11-04 10:21:35
13100
2023-11-04 10:23:16
elapsed:  29672.0  seconds
13150
2023-11-04 10:25:05
13200
2023-11-04 10:26:55
elapsed:  29891.0  seconds
13250
2023-11-04 10:29:03
13300
2023-11-04 10:31:01
elapsed:  30136.8  seconds
13350
2023-11-04 10:32:55
13400
2023-11-04 10:34:35
elapsed:  30351.1  seconds
13450
2023-11-04 10:36:20
13500
2023-11-04 10:38:07
elapsed:  30562.8  seconds
13550
2023-11-04 10:40:15
13600
2023-11-04 10:42:12
elapsed:  30808.3  seconds
13650
2023-11-04 10:44:07
13700
2023-11-04 10:45:59
elapsed:  31034.4  seconds
13750
2023-11-04 10:47:51
13800
2023-11-04 10:49:40
elapsed:  31256.0  seconds
13850
2023-11-04 10:51:47
13900
2023-11-04 10:53:37
elapsed:  31492.4  seconds
13950
2023-11-04 10:55:41
14000
2023-11-04 10:57:42
elapsed:  31737.5  seconds
14050
2023-11-04 10:59:28
14100
2023-11-04 11:01:24
elapsed:  31960.2  seconds
14150
2023-11-04 11:03:25
14200
2023-11-04 11:05:14
elapsed:  32189.8  seconds
14250
2023-11-04 11:06:59
14300
2023-11-04 11:08:55
elapsed:  32410.6  seconds
14350
2023-11-04 11:10:54
14400
2023-11-04 11:12:48
elapsed:  32643.8  seconds
14450
2023-11-04 11:14:48
14500
2023-11-04 11:16:42
elapsed:  32877.5  seconds
14550
2023-11-04 11:18:38
14600
2023-11-04 11:20:30
elapsed:  33106.1  seconds
14650
2023-11-04 11:22:24
14700
2023-11-04 11:24:18
elapsed:  33333.4  seconds
14750
2023-11-04 11:26:14
14800
2023-11-04 11:28:06
elapsed:  33561.4  seconds
14850
2023-11-04 11:29:58
14900
2023-11-04 11:31:54
elapsed:  33790.3  seconds
14950
2023-11-04 11:33:44
elapsed:  34007.9  seconds
total time:  34013.0  seconds
true R:  [[7.82734520e+02 2.33835952e-01 2.05124401e+03 1.13117455e+00
  2.29635890e+01 2.55424659e+01 2.47537995e-01 1.87565726e+01
  5.79156226e+00 3.67444937e-01 1.84007330e+00 3.74886792e-01
  5.37480161e+00 1.00494052e+00 7.93351685e-01 2.26737095e+01
  1.66950120e+00 9.78061126e-01 1.77369668e+01 4.83861857e-01
  3.37191521e+00 3.73816507e+00 1.58412699e-01 3.49434052e+00
  2.94821310e+00 8.80423140e-02 3.13137578e+00 4.04054092e+00
  2.92039686e+03 2.42750242e+00 5.83786996e+01 8.46629127e+00
  4.52073063e+00 1.88799160e+00 7.59545668e-01 2.42830001e+01
  4.81600733e+01 7.42951777e+00 2.88485360e-01 9.24860948e-01
  3.56032697e-01 1.71009543e+01 1.23722452e+00 9.05154999e-01
  1.29123797e+00 6.24924207e-02 4.43490323e-01 1.23736503e+00
  1.72739985e+00 3.81276357e-01 4.53605099e-01 1.38338287e-01
  2.84959169e-01 1.99125594e+00 3.16417454e+01 2.15573511e+01
  7.67423920e-01 1.66078524e-01 8.38272999e-01 2.41224212e+00
  1.04980202e-01 1.06336374e+01 1.21399600e+01 9.17255689e-01]
 [3.39019598e+00 7.92227102e-01 2.75328640e+00 1.52124814e-01
  2.34161199e+00 6.86318183e+02 1.34736641e+01 1.95043453e+00
  1.06079412e+00 2.19776061e+00 4.16987873e-01 2.54670393e-01
  1.34047418e+00 1.67994816e+00 3.76047450e+01 1.32173068e+00
  9.19808539e-01 5.64951894e+02 1.20882704e+01 4.05531239e+00
  5.53893028e-01 1.46225160e-01 1.70428957e-01 5.90927492e-01
  3.20915652e+03 2.27766722e-01 1.43524070e-01 2.92735378e-01
  1.21376167e-01 2.51942065e-01 3.69352898e+00 4.62489920e-01
  2.60978541e-01 1.57780967e+01 4.76570385e-01 2.68158198e-01
  4.41255745e-01 9.75313521e+02 3.64398606e-01 1.81229102e+00
  1.86711872e+00 6.58655503e+00 4.53318567e-01 3.69994627e+01
  7.23217520e+00 4.50042150e+03 9.30290803e+00 1.75105184e+02
  1.33207416e-01 4.70622819e-01 1.45169425e+00 3.33380700e-01
  3.35837635e+02 1.02219497e+00 4.71109153e+01 9.79331185e-01
  7.78686495e-01 5.23223673e+00 1.08304203e+02 1.74547248e+00
  1.53993207e+01 7.75277280e+00 4.26198628e-01 2.81123422e-01]
 [8.86886701e-01 5.96004825e-01 1.71545474e+00 2.59893589e-01
  1.23303545e-01 1.16073505e-01 1.32467802e+00 2.80506296e-01
  5.72778973e-01 3.93133174e-01 4.76474748e-01 3.30871230e+02
  8.66806250e-01 2.21326251e+00 1.89818272e+00 3.14132209e+01
  4.96520696e-01 1.40884178e-01 2.21204951e-01 9.04797467e-02
  1.01462579e-01 6.26909114e+00 1.07642142e+00 1.87805042e+00
  7.88306069e+00 1.30516831e-01 7.14753475e-01 2.18008714e-01
  3.48465730e+00 2.41465755e+00 5.92336222e+00 2.10362936e+00
  2.50803433e+01 5.52152413e-01 1.14790464e+02 3.31818513e+00
  6.82642651e-01 4.29359467e-01 1.86293651e+00 9.87165992e-01
  1.50636275e+01 2.19852625e-01 2.96334094e-01 2.22527741e-01
  2.37180422e-01 3.21304069e-01 3.59018279e-01 5.95585711e+00
  3.50593375e+00 6.10130326e+00 1.20218026e+00 9.30358671e-01
  1.56958401e-01 3.64131534e-01 3.16867573e-01 1.76016247e+00
  1.80642883e+02 4.85950914e-01 1.59009584e+01 2.45351417e-01
  1.41487277e-01 1.34306802e+00 1.21076389e+01 6.34646003e-01]
 [1.92956527e-01 1.63433738e+00 5.43101606e-01 9.66683963e-01
  1.74892349e+00 7.14644535e+00 1.05077707e+01 5.63829222e-02
  2.15436933e+00 1.97886412e-01 2.97717068e+00 1.28628676e+00
  7.41560179e-01 9.70161655e-01 2.91588896e+00 2.07870197e-01
  5.48270383e-01 2.00390298e-01 7.58075803e-02 1.47254220e+00
  7.90902357e-01 5.80315103e+00 4.27796249e-01 1.33645360e-01
  1.86003014e+00 1.40160645e-01 9.40283461e-02 9.85908029e-01
  5.44187811e-01 1.55753370e-01 8.06263565e+01 1.68793097e+03
  1.43926457e-01 1.45462931e+04 1.25000283e+00 2.74616916e+00
  1.38127604e+01 5.40630757e-01 1.23854105e+00 3.77344052e+00
  6.73584450e-01 2.54206243e+00 1.90617585e-01 2.76855914e-01
  3.45603450e-01 2.68773112e+00 5.17508523e-01 7.96803969e-01
  3.90890973e-01 2.74510473e+01 2.72972240e+00 2.16556832e+00
  2.02721374e+00 1.88128982e+00 6.33522159e-01 1.83403055e-01
  5.44468369e-01 2.74752727e+00 4.89432894e-01 5.68408148e+01
  8.20325929e-01 4.80998321e-01 1.03852157e+01 2.36172304e+02]
 [2.17896590e-01 7.22548110e-01 1.21127264e+01 2.63384235e+02
  6.57059298e-01 4.56177270e-01 1.41615965e-01 2.44828531e-01
  3.38539131e-01 9.09674270e+00 2.18560522e+00 4.13917056e-01
  2.79886079e+00 4.93722617e-01 1.10847186e+01 4.86110586e-02
  1.83830343e+01 3.10489667e+00 1.36206611e+00 1.29973799e+01
  1.44134692e+00 2.09543448e+00 5.08410546e+01 3.85696579e-01
  8.14350598e-01 2.73318253e-01 4.59478831e+00 2.71700436e-01
  4.52800783e-01 3.11153701e-01 6.70996221e+00 1.80518331e-01
  7.61947537e-01 1.77259572e+00 2.87169690e-01 1.41007396e+00
  3.03815804e+01 3.32246790e-01 6.75723797e-01 5.38249997e-01
  6.03863956e-01 2.13527949e-01 8.27091506e+00 1.25524302e-01
  7.06940122e+00 3.57575900e+01 4.86923050e-01 2.47214982e+00
  1.42655980e+01 8.78764790e-01 5.89783281e-01 4.79929308e-01
  9.11220668e-01 1.68357910e-01 5.92163917e+00 6.59527228e+00
  7.40078961e-02 1.84394505e+00 8.25066579e+00 1.46195009e+00
  2.81415921e-01 2.70209514e+02 4.64983177e-01 1.03599883e+00]
 [4.19316957e-01 2.12158756e-01 2.06641742e-01 2.28645092e+00
  4.12274007e+00 5.19506589e-01 1.18288211e+00 5.56592614e-01
  8.93459547e-01 3.55704502e+01 1.88090964e+00 2.21845546e-01
  6.01532037e-01 2.89751466e+00 3.20052562e+00 7.20649726e+00
  4.47213842e+00 1.24865773e+01 1.47532958e+01 3.22999721e-01
  3.79201609e-01 9.68154765e+00 1.94966911e+01 2.42546582e+00
  2.46593713e+00 6.80193494e-01 1.23408671e+00 8.50018092e-01
  4.53486908e+01 2.13036033e-01 1.31013684e+00 2.48935169e-01
  5.32694754e-01 1.27222011e+04 6.62538279e+00 1.56192410e+00
  1.96054978e+03 2.24473604e-01 8.85052589e-01 2.54604285e-01
  8.97599782e+00 6.07830259e-01 4.19643794e+00 1.20765460e+01
  4.72851347e+01 7.64400121e-01 2.82044610e+00 1.70013848e-01
  1.20212960e+01 9.90559597e-01 3.70874641e-01 3.39184337e-01
  8.18652357e-01 9.94233878e-01 5.19710612e-01 1.76010470e+00
  7.97729669e-01 2.16457603e+02 4.74551438e+00 7.59248953e-01
  2.26770571e+00 1.37075421e+00 2.39208414e+00 3.20458593e+00]
 [9.98562617e-01 1.59335668e-01 4.60646174e-01 6.90520449e-01
  3.99204930e-01 1.01278977e+00 3.70368236e+01 4.85182256e-01
  1.13867831e+01 4.26836638e-01 3.59896828e+01 3.72778937e+00
  2.23668188e-01 8.28113914e-01 1.87321667e+00 2.04352933e+00
  8.71149288e-02 7.00053052e+02 3.70316531e-01 2.76280288e+00
  9.02910708e+00 6.39567080e-01 3.15649184e-01 6.81228061e+00
  2.82525647e+00 6.55732292e-01 1.69385539e+00 6.55326025e-01
  1.19288126e-01 2.08618674e+00 6.27351397e+00 5.37187075e+00
  9.75218633e+00 1.26459728e-01 1.33955418e+01 2.95764889e+01
  4.12772626e-01 8.12947709e-01 3.40366331e-01 7.39059651e-01
  5.42539844e-01 2.90358869e-01 9.71011030e+00 7.38017038e-01
  1.51302233e-01 6.97948429e-01 1.82548202e+00 8.72400581e+00
  2.27436721e+01 9.53590064e-01 2.47434282e+00 7.68890649e-01
  5.20201395e-02 1.53646198e+00 7.37372696e-01 3.11213750e-01
  6.07875035e+01 4.42129189e-01 5.43014250e-01 4.19276705e-01
  2.36090163e+00 6.41428813e-01 8.47576041e+00 2.02705570e-01]
 [6.30055292e-01 9.00592989e-01 6.02413637e+00 2.83483526e-01
  1.16550001e+00 7.12661273e+00 4.15973575e+00 7.43044438e+00
  5.39277906e-01 1.00694310e+00 2.66559017e-01 1.14744822e+04
  3.34874555e+02 7.31957771e+00 4.90995359e+00 8.87426889e+00
  9.85305365e+00 1.59875210e+00 1.44947559e+01 3.46745624e+01
  1.57697864e-01 5.55998625e-01 4.66903852e-01 9.27244992e-02
  1.37426253e+00 1.89141763e-01 6.33472246e-01 3.55225603e+00
  3.52977393e+00 4.03852987e+00 3.67053422e+00 3.30661803e+00
  5.74293597e-01 1.35394533e+00 4.05340440e-01 3.34894458e-01
  1.09908653e+01 3.77948866e+00 2.09914839e-01 4.21196024e-01
  2.72215750e+00 1.80431184e+00 4.96679401e-01 9.85353024e+00
  5.54589198e-01 3.33043295e+01 3.52606387e-01 1.06850105e-01
  8.23446420e+01 2.15197277e+00 3.47956778e-01 2.54237593e-01
  1.27177305e+01 2.99493224e+00 1.19656018e+00 5.25713866e-01
  2.93973219e+02 2.11999692e-01 2.75694338e+01 4.70746334e-01
  7.95789498e-02 6.22457595e-01 1.27736173e-01 3.14856197e+01]
 [4.93165972e-01 2.83943455e+00 4.87477953e+00 1.12385521e+00
  3.61393425e-01 3.93471405e-01 6.37293067e-01 1.19900508e+04
  3.06702262e-01 8.45135723e-01 1.38179136e-01 1.44814055e-01
  7.90485253e-01 7.13429519e-01 1.94414423e-01 1.77454836e+01
  9.32752225e+00 9.60412990e+00 1.33316402e+03 5.59903885e+00
  1.38906506e+00 1.65433566e+00 3.43632827e+00 1.92193065e-01
  1.18625676e+00 9.72844365e+01 3.74965512e-01 1.62686672e+00
  1.25019502e+01 1.71743514e+00 2.88558509e-01 4.84472970e+00
  3.09320954e-01 4.94537055e+00 2.67054224e+00 1.42089038e-01
  4.06928293e-01 2.09043467e+00 2.65564970e+00 5.05215560e-01
  8.03915360e-02 1.04796516e+00 8.41533323e-01 1.85865236e-01
  1.01707911e+01 2.56965845e+00 1.11933755e+00 3.30844653e+02
  4.23932492e-01 1.05832739e+01 2.26679824e-01 1.70328082e-01
  2.40011526e-01 8.83082786e+00 4.79396629e-01 7.02762630e-01
  1.42517855e-01 3.60033841e-01 1.14420780e-01 6.21241578e-01
  5.51962351e+00 1.09735420e+00 2.90567385e+00 4.92864698e-01]]
