--------------------------------------------------------------------------
No OpenFabrics connection schemes reported that they were able to be
used on a specific port.  As such, the openib BTL (OpenFabrics
support) will be disabled for this port.

  Local host:           c3cpu-a2-u28-2
  Local device:         mlx5_0
  Local port:           1
  CPCs attempted:       rdmacm, udcm
--------------------------------------------------------------------------
[c3cpu-a2-u28-2.rc.int.colorado.edu:1369862] 63 more processes have sent help message help-mpi-btl-openib-cpc-base.txt / no cpcs for port
[c3cpu-a2-u28-2.rc.int.colorado.edu:1369862] Set MCA parameter "orte_base_help_aggregate" to 0 to see all help / error messages
1
10
2023-10-24 15:07:10
20
2023-10-24 15:07:41
30
2023-10-24 15:08:14
40
2023-10-24 15:08:46
50
2023-10-24 15:09:17
60
2023-10-24 15:09:49
70
2023-10-24 15:10:24
80
2023-10-24 15:10:59
90
2023-10-24 15:11:31
100
2023-10-24 15:12:02
elapsed:  323.5  seconds
110
2023-10-24 15:12:41
120
2023-10-24 15:13:16
130
2023-10-24 15:13:54
140
2023-10-24 15:14:34
150
2023-10-24 15:15:11
160
2023-10-24 15:15:51
170
2023-10-24 15:16:30
180
2023-10-24 15:17:12
190
2023-10-24 15:17:55
200
2023-10-24 15:18:29
elapsed:  709.5  seconds
210
2023-10-24 15:19:03
220
2023-10-24 15:19:39
230
2023-10-24 15:20:18
240
2023-10-24 15:20:56
250
2023-10-24 15:21:34
260
2023-10-24 15:22:16
270
2023-10-24 15:22:54
280
2023-10-24 15:23:35
290
2023-10-24 15:24:14
300
2023-10-24 15:24:56
elapsed:  1097.3  seconds
310
2023-10-24 15:25:40
320
2023-10-24 15:26:14
330
2023-10-24 15:26:56
340
2023-10-24 15:27:33
350
2023-10-24 15:28:11
360
2023-10-24 15:28:49
370
2023-10-24 15:29:31
380
2023-10-24 15:30:13
390
2023-10-24 15:30:59
400
2023-10-24 15:31:38
elapsed:  1499.0  seconds
410
2023-10-24 15:32:20
420
2023-10-24 15:32:58
430
2023-10-24 15:33:34
440
2023-10-24 15:34:25
450
2023-10-24 15:35:04
460
2023-10-24 15:35:45
470
2023-10-24 15:36:27
480
2023-10-24 15:37:08
490
2023-10-24 15:37:48
500
2023-10-24 15:38:25
elapsed:  1905.8  seconds
510
2023-10-24 15:39:04
520
2023-10-24 15:39:44
530
2023-10-24 15:40:26
540
2023-10-24 15:41:01
550
2023-10-24 15:41:34
560
2023-10-24 15:42:13
570
2023-10-24 15:42:57
580
2023-10-24 15:43:39
590
2023-10-24 15:44:17
600
2023-10-24 15:44:56
elapsed:  2297.1  seconds
610
2023-10-24 15:45:36
620
2023-10-24 15:46:10
630
2023-10-24 15:46:46
640
2023-10-24 15:47:27
650
2023-10-24 15:48:10
660
2023-10-24 15:48:53
670
2023-10-24 15:49:31
680
2023-10-24 15:50:11
690
2023-10-24 15:50:49
700
2023-10-24 15:51:29
elapsed:  2690.1  seconds
710
2023-10-24 15:52:10
720
2023-10-24 15:52:48
730
2023-10-24 15:53:31
740
2023-10-24 15:54:11
750
2023-10-24 15:54:51
760
2023-10-24 15:55:36
770
2023-10-24 15:56:15
780
2023-10-24 15:56:58
790
2023-10-24 15:57:39
800
2023-10-24 15:58:23
elapsed:  3104.1  seconds
810
2023-10-24 15:59:06
820
2023-10-24 15:59:48
830
2023-10-24 16:00:32
840
2023-10-24 16:01:11
850
2023-10-24 16:01:55
860
2023-10-24 16:02:40
870
2023-10-24 16:03:24
880
2023-10-24 16:04:04
890
2023-10-24 16:04:40
900
2023-10-24 16:05:23
elapsed:  3523.6  seconds
910
2023-10-24 16:06:03
920
2023-10-24 16:06:41
930
2023-10-24 16:07:20
940
2023-10-24 16:08:01
950
2023-10-24 16:08:47
960
2023-10-24 16:09:28
970
2023-10-24 16:10:09
980
2023-10-24 16:10:51
990
2023-10-24 16:11:33
1000
2023-10-24 16:12:16
elapsed:  3937.0  seconds
1010
2023-10-24 16:13:04
1020
2023-10-24 16:13:48
1030
2023-10-24 16:14:30
1040
2023-10-24 16:15:13
1050
2023-10-24 16:15:57
1060
2023-10-24 16:16:42
1070
2023-10-24 16:17:25
1080
2023-10-24 16:18:03
1090
2023-10-24 16:18:39
1100
2023-10-24 16:19:19
elapsed:  4360.4  seconds
1110
2023-10-24 16:20:06
1120
2023-10-24 16:20:51
1130
2023-10-24 16:21:36
1140
2023-10-24 16:22:15
1150
2023-10-24 16:22:51
1160
2023-10-24 16:23:31
1170
2023-10-24 16:24:08
1180
2023-10-24 16:24:49
1190
2023-10-24 16:25:33
1200
2023-10-24 16:26:16
elapsed:  4776.7  seconds
1210
2023-10-24 16:27:06
1220
2023-10-24 16:27:50
1230
2023-10-24 16:28:31
1240
2023-10-24 16:29:16
1250
2023-10-24 16:29:53
1260
2023-10-24 16:30:30
1270
2023-10-24 16:31:12
1280
2023-10-24 16:31:55
1290
2023-10-24 16:32:40
1300
2023-10-24 16:33:21
elapsed:  5201.9  seconds
1310
2023-10-24 16:34:04
1320
2023-10-24 16:34:47
1330
2023-10-24 16:35:33
1340
2023-10-24 16:36:21
1350
2023-10-24 16:37:06
1360
2023-10-24 16:37:48
1370
2023-10-24 16:38:29
1380
2023-10-24 16:39:07
1390
2023-10-24 16:39:51
1400
2023-10-24 16:40:31
elapsed:  5632.3  seconds
1410
2023-10-24 16:41:11
1420
2023-10-24 16:41:51
1430
2023-10-24 16:42:31
1440
2023-10-24 16:43:09
1450
2023-10-24 16:43:46
1460
2023-10-24 16:44:25
1470
2023-10-24 16:45:02
1480
2023-10-24 16:45:44
1490
2023-10-24 16:46:26
1500
2023-10-24 16:47:03
elapsed:  6024.4  seconds
1510
2023-10-24 16:47:44
1520
2023-10-24 16:48:25
1530
2023-10-24 16:49:03
1540
2023-10-24 16:49:44
1550
2023-10-24 16:50:24
1560
2023-10-24 16:51:02
1570
2023-10-24 16:51:38
1580
2023-10-24 16:52:14
1590
2023-10-24 16:52:48
1600
2023-10-24 16:53:28
elapsed:  6409.5  seconds
1610
2023-10-24 16:54:09
1620
2023-10-24 16:54:47
1630
2023-10-24 16:55:29
1640
2023-10-24 16:56:12
1650
2023-10-24 16:56:55
1660
2023-10-24 16:57:36
1670
2023-10-24 16:58:13
1680
2023-10-24 16:58:51
1690
2023-10-24 16:59:33
1700
2023-10-24 17:00:13
elapsed:  6814.4  seconds
1710
2023-10-24 17:00:56
1720
2023-10-24 17:01:34
1730
2023-10-24 17:02:12
1740
2023-10-24 17:03:01
1750
2023-10-24 17:03:42
1760
2023-10-24 17:04:28
1770
2023-10-24 17:05:10
1780
2023-10-24 17:05:52
1790
2023-10-24 17:06:32
1800
2023-10-24 17:07:13
elapsed:  7233.6  seconds
1810
2023-10-24 17:07:59
1820
2023-10-24 17:08:42
1830
2023-10-24 17:09:32
1840
2023-10-24 17:10:18
1850
2023-10-24 17:11:02
1860
2023-10-24 17:11:52
1870
2023-10-24 17:12:35
1880
2023-10-24 17:13:17
1890
2023-10-24 17:13:54
1900
2023-10-24 17:14:31
elapsed:  7672.1  seconds
1910
2023-10-24 17:15:17
1920
2023-10-24 17:15:57
1930
2023-10-24 17:16:37
1940
2023-10-24 17:17:22
1950
2023-10-24 17:18:09
1960
2023-10-24 17:18:52
1970
2023-10-24 17:19:31
1980
2023-10-24 17:20:10
1990
2023-10-24 17:20:53
2000
2023-10-24 17:21:37
elapsed:  8098.5  seconds
2010
2023-10-24 17:22:22
2020
2023-10-24 17:23:05
2030
2023-10-24 17:23:48
2040
2023-10-24 17:24:26
2050
2023-10-24 17:25:10
2060
2023-10-24 17:25:51
2070
2023-10-24 17:26:30
2080
2023-10-24 17:27:13
2090
2023-10-24 17:27:58
2100
2023-10-24 17:28:35
elapsed:  8515.9  seconds
2110
2023-10-24 17:29:18
2120
2023-10-24 17:29:57
2130
2023-10-24 17:30:43
2140
2023-10-24 17:31:19
2150
2023-10-24 17:31:56
2160
2023-10-24 17:32:30
2170
2023-10-24 17:33:08
2180
2023-10-24 17:33:54
2190
2023-10-24 17:34:31
2200
2023-10-24 17:35:15
elapsed:  8915.9  seconds
2210
2023-10-24 17:35:56
2220
2023-10-24 17:36:35
2230
2023-10-24 17:37:13
2240
2023-10-24 17:37:55
2250
2023-10-24 17:38:31
2260
2023-10-24 17:39:22
2270
2023-10-24 17:40:00
2280
2023-10-24 17:40:36
2290
2023-10-24 17:41:16
2300
2023-10-24 17:41:53
elapsed:  9314.0  seconds
2310
2023-10-24 17:42:38
2320
2023-10-24 17:43:13
2330
2023-10-24 17:43:55
2340
2023-10-24 17:44:37
2350
2023-10-24 17:45:20
2360
2023-10-24 17:46:05
2370
2023-10-24 17:46:51
2380
2023-10-24 17:47:32
2390
2023-10-24 17:48:22
2400
2023-10-24 17:49:11
elapsed:  9751.7  seconds
2410
2023-10-24 17:50:01
2420
2023-10-24 17:50:49
2430
2023-10-24 17:51:27
2440
2023-10-24 17:52:09
2450
2023-10-24 17:52:55
2460
2023-10-24 17:53:45
2470
2023-10-24 17:54:24
2480
2023-10-24 17:55:12
2490
2023-10-24 17:55:52
2500
2023-10-24 17:56:34
elapsed:  10194.8  seconds
2510
2023-10-24 17:57:15
2520
2023-10-24 17:58:01
2530
2023-10-24 17:58:43
2540
2023-10-24 17:59:27
2550
2023-10-24 18:00:10
2560
2023-10-24 18:00:53
2570
2023-10-24 18:01:41
2580
2023-10-24 18:02:22
2590
2023-10-24 18:03:01
2600
2023-10-24 18:03:43
elapsed:  10624.1  seconds
2610
2023-10-24 18:04:32
2620
2023-10-24 18:05:16
2630
2023-10-24 18:05:56
2640
2023-10-24 18:06:37
2650
2023-10-24 18:07:14
2660
2023-10-24 18:07:54
2670
2023-10-24 18:08:41
2680
2023-10-24 18:09:33
2690
2023-10-24 18:10:15
2700
2023-10-24 18:10:59
elapsed:  11059.6  seconds
2710
2023-10-24 18:11:42
2720
2023-10-24 18:12:28
2730
2023-10-24 18:13:10
2740
2023-10-24 18:13:58
2750
2023-10-24 18:14:43
2760
2023-10-24 18:15:32
2770
2023-10-24 18:16:21
2780
2023-10-24 18:17:07
2790
2023-10-24 18:17:51
2800
2023-10-24 18:18:33
elapsed:  11514.4  seconds
2810
2023-10-24 18:19:17
2820
2023-10-24 18:20:00
2830
2023-10-24 18:20:47
2840
2023-10-24 18:21:34
2850
2023-10-24 18:22:15
2860
2023-10-24 18:23:03
2870
2023-10-24 18:23:38
2880
2023-10-24 18:24:13
2890
2023-10-24 18:25:01
2900
2023-10-24 18:25:41
elapsed:  11941.7  seconds
2910
2023-10-24 18:26:23
2920
2023-10-24 18:27:01
2930
2023-10-24 18:27:42
2940
2023-10-24 18:28:21
2950
2023-10-24 18:29:01
2960
2023-10-24 18:29:46
2970
2023-10-24 18:30:24
2980
2023-10-24 18:31:07
2990
2023-10-24 18:31:46
3000
2023-10-24 18:32:28
elapsed:  12348.5  seconds
3010
2023-10-24 18:33:06
3020
2023-10-24 18:33:41
3030
2023-10-24 18:34:11
3040
2023-10-24 18:34:44
3050
2023-10-24 18:35:12
3060
2023-10-24 18:35:44
3070
2023-10-24 18:36:25
3080
2023-10-24 18:37:04
3090
2023-10-24 18:37:41
3100
2023-10-24 18:38:15
elapsed:  12696.0  seconds
3110
2023-10-24 18:38:57
3120
2023-10-24 18:39:30
3130
2023-10-24 18:40:04
3140
2023-10-24 18:40:37
3150
2023-10-24 18:41:06
3160
2023-10-24 18:41:35
3170
2023-10-24 18:42:03
3180
2023-10-24 18:42:35
3190
2023-10-24 18:43:09
3200
2023-10-24 18:43:43
elapsed:  13024.3  seconds
3210
2023-10-24 18:44:16
3220
2023-10-24 18:44:44
3230
2023-10-24 18:45:23
3240
2023-10-24 18:46:09
3250
2023-10-24 18:46:48
3260
2023-10-24 18:47:21
3270
2023-10-24 18:47:55
3280
2023-10-24 18:48:31
3290
2023-10-24 18:49:12
3300
2023-10-24 18:49:49
elapsed:  13390.3  seconds
3310
2023-10-24 18:50:24
3320
2023-10-24 18:50:58
3330
2023-10-24 18:51:45
3340
2023-10-24 18:52:22
3350
2023-10-24 18:53:07
3360
2023-10-24 18:53:47
3370
2023-10-24 18:54:35
3380
2023-10-24 18:55:19
3390
2023-10-24 18:55:57
3400
2023-10-24 18:56:35
elapsed:  13795.5  seconds
3410
2023-10-24 18:57:17
3420
2023-10-24 18:57:57
3430
2023-10-24 18:58:38
3440
2023-10-24 18:59:19
3450
2023-10-24 19:00:02
/projects/muyang@colostate.edu/software/anaconda/envs/testenv/lib/python3.11/site-packages/numpy/lib/function_base.py:2455: RuntimeWarning: divide by zero encountered in func (vectorized)
  outputs = ufunc(*inputs)
/projects/muyang@colostate.edu/software/anaconda/envs/testenv/lib/python3.11/site-packages/numpy/lib/function_base.py:2455: RuntimeWarning: invalid value encountered in func (vectorized)
  outputs = ufunc(*inputs)
3460
2023-10-24 19:00:46
3470
2023-10-24 19:01:30
3480
2023-10-24 19:02:16
3490
2023-10-24 19:02:59
3500
2023-10-24 19:03:49
elapsed:  14229.5  seconds
3510
2023-10-24 19:04:39
3520
2023-10-24 19:05:24
3530
2023-10-24 19:06:09
3540
2023-10-24 19:06:57
3550
2023-10-24 19:07:42
3560
2023-10-24 19:08:29
3570
2023-10-24 19:09:26
3580
2023-10-24 19:10:06
3590
2023-10-24 19:10:47
3600
2023-10-24 19:11:30
elapsed:  14690.7  seconds
3610
2023-10-24 19:12:19
3620
2023-10-24 19:13:02
3630
2023-10-24 19:13:47
/projects/muyang@colostate.edu/software/anaconda/envs/testenv/lib/python3.11/site-packages/numpy/lib/function_base.py:2455: RuntimeWarning: divide by zero encountered in func (vectorized)
  outputs = ufunc(*inputs)
/projects/muyang@colostate.edu/software/anaconda/envs/testenv/lib/python3.11/site-packages/numpy/lib/function_base.py:2455: RuntimeWarning: invalid value encountered in func (vectorized)
  outputs = ufunc(*inputs)
3640
2023-10-24 19:14:27
3650
2023-10-24 19:15:15
3660
2023-10-24 19:15:58
3670
2023-10-24 19:16:37
3680
2023-10-24 19:17:19
3690
2023-10-24 19:18:00
3700
2023-10-24 19:18:44
elapsed:  15125.0  seconds
/projects/muyang@colostate.edu/software/anaconda/envs/testenv/lib/python3.11/site-packages/numpy/lib/function_base.py:2455: RuntimeWarning: divide by zero encountered in func (vectorized)
  outputs = ufunc(*inputs)
/projects/muyang@colostate.edu/software/anaconda/envs/testenv/lib/python3.11/site-packages/numpy/lib/function_base.py:2455: RuntimeWarning: invalid value encountered in func (vectorized)
  outputs = ufunc(*inputs)
3710
2023-10-24 19:19:24
3720
2023-10-24 19:20:03
3730
2023-10-24 19:20:38
3740
2023-10-24 19:21:25
3750
2023-10-24 19:22:06
/projects/muyang@colostate.edu/software/anaconda/envs/testenv/lib/python3.11/site-packages/numpy/lib/function_base.py:2455: RuntimeWarning: divide by zero encountered in func (vectorized)
  outputs = ufunc(*inputs)
/projects/muyang@colostate.edu/software/anaconda/envs/testenv/lib/python3.11/site-packages/numpy/lib/function_base.py:2455: RuntimeWarning: invalid value encountered in func (vectorized)
  outputs = ufunc(*inputs)
3760
2023-10-24 19:22:49
3770
2023-10-24 19:23:32
3780
2023-10-24 19:24:22
3790
2023-10-24 19:25:18
3800
2023-10-24 19:26:10
elapsed:  15570.7  seconds
/projects/muyang@colostate.edu/software/anaconda/envs/testenv/lib/python3.11/site-packages/numpy/lib/function_base.py:2455: RuntimeWarning: divide by zero encountered in func (vectorized)
  outputs = ufunc(*inputs)
/projects/muyang@colostate.edu/software/anaconda/envs/testenv/lib/python3.11/site-packages/numpy/lib/function_base.py:2455: RuntimeWarning: invalid value encountered in func (vectorized)
  outputs = ufunc(*inputs)
3810
2023-10-24 19:26:57
3820
2023-10-24 19:27:42
3830
2023-10-24 19:28:23
3840
2023-10-24 19:29:07
3850
2023-10-24 19:29:50
3860
2023-10-24 19:30:26
3870
2023-10-24 19:31:02
3880
2023-10-24 19:31:48
3890
2023-10-24 19:32:36
3900
2023-10-24 19:33:25
elapsed:  16006.3  seconds
3910
2023-10-24 19:34:11
3920
2023-10-24 19:34:49
3930
2023-10-24 19:35:30
3940
2023-10-24 19:36:12
3950
2023-10-24 19:37:00
3960
2023-10-24 19:37:41
3970
2023-10-24 19:38:15
/projects/muyang@colostate.edu/software/anaconda/envs/testenv/lib/python3.11/site-packages/numpy/lib/function_base.py:2455: RuntimeWarning: divide by zero encountered in func (vectorized)
  outputs = ufunc(*inputs)
/projects/muyang@colostate.edu/software/anaconda/envs/testenv/lib/python3.11/site-packages/numpy/lib/function_base.py:2455: RuntimeWarning: invalid value encountered in func (vectorized)
  outputs = ufunc(*inputs)
3980
2023-10-24 19:38:56
3990
2023-10-24 19:39:32
4000
2023-10-24 19:40:12
elapsed:  16412.9  seconds
4010
2023-10-24 19:40:58
4020
2023-10-24 19:41:40
4030
2023-10-24 19:42:19
4040
2023-10-24 19:43:03
4050
2023-10-24 19:43:38
4060
2023-10-24 19:44:13
4070
2023-10-24 19:44:53
4080
2023-10-24 19:45:33
4090
2023-10-24 19:46:14
4100
2023-10-24 19:46:56
elapsed:  16816.8  seconds
4110
2023-10-24 19:47:39
4120
2023-10-24 19:48:25
4130
2023-10-24 19:49:13
/projects/muyang@colostate.edu/software/anaconda/envs/testenv/lib/python3.11/site-packages/numpy/lib/function_base.py:2455: RuntimeWarning: divide by zero encountered in func (vectorized)
  outputs = ufunc(*inputs)
/projects/muyang@colostate.edu/software/anaconda/envs/testenv/lib/python3.11/site-packages/numpy/lib/function_base.py:2455: RuntimeWarning: invalid value encountered in func (vectorized)
  outputs = ufunc(*inputs)
4140
2023-10-24 19:50:00
4150
2023-10-24 19:50:46
4160
2023-10-24 19:51:27
4170
2023-10-24 19:52:15
4180
2023-10-24 19:53:04
4190
2023-10-24 19:53:48
4200
2023-10-24 19:54:32
elapsed:  17272.6  seconds
4210
2023-10-24 19:55:13
4220
2023-10-24 19:55:50
4230
2023-10-24 19:56:42
/projects/muyang@colostate.edu/software/anaconda/envs/testenv/lib/python3.11/site-packages/numpy/lib/function_base.py:2455: RuntimeWarning: divide by zero encountered in func (vectorized)
  outputs = ufunc(*inputs)
/projects/muyang@colostate.edu/software/anaconda/envs/testenv/lib/python3.11/site-packages/numpy/lib/function_base.py:2455: RuntimeWarning: invalid value encountered in func (vectorized)
  outputs = ufunc(*inputs)
4240
2023-10-24 19:57:28
4250
2023-10-24 19:58:12
4260
2023-10-24 19:58:55
4270
2023-10-24 19:59:43
4280
2023-10-24 20:00:30
4290
2023-10-24 20:01:15
4300
2023-10-24 20:01:58
elapsed:  17718.5  seconds
4310
2023-10-24 20:02:51
4320
2023-10-24 20:03:37
4330
2023-10-24 20:04:20
4340
2023-10-24 20:05:07
4350
2023-10-24 20:05:47
4360
2023-10-24 20:06:24
4370
2023-10-24 20:07:04
/projects/muyang@colostate.edu/software/anaconda/envs/testenv/lib/python3.11/site-packages/numpy/lib/function_base.py:2455: RuntimeWarning: divide by zero encountered in func (vectorized)
  outputs = ufunc(*inputs)
/projects/muyang@colostate.edu/software/anaconda/envs/testenv/lib/python3.11/site-packages/numpy/lib/function_base.py:2455: RuntimeWarning: invalid value encountered in func (vectorized)
  outputs = ufunc(*inputs)
4380
2023-10-24 20:08:01
4390
2023-10-24 20:08:51
4400
2023-10-24 20:09:36
elapsed:  18176.9  seconds
4410
2023-10-24 20:10:21
4420
2023-10-24 20:11:09
4430
2023-10-24 20:11:59
4440
2023-10-24 20:12:44
/projects/muyang@colostate.edu/software/anaconda/envs/testenv/lib/python3.11/site-packages/numpy/lib/function_base.py:2455: RuntimeWarning: divide by zero encountered in func (vectorized)
  outputs = ufunc(*inputs)
/projects/muyang@colostate.edu/software/anaconda/envs/testenv/lib/python3.11/site-packages/numpy/lib/function_base.py:2455: RuntimeWarning: invalid value encountered in func (vectorized)
  outputs = ufunc(*inputs)
4450
2023-10-24 20:13:15
4460
2023-10-24 20:13:51
/projects/muyang@colostate.edu/software/anaconda/envs/testenv/lib/python3.11/site-packages/numpy/lib/function_base.py:2455: RuntimeWarning: divide by zero encountered in func (vectorized)
  outputs = ufunc(*inputs)
/projects/muyang@colostate.edu/software/anaconda/envs/testenv/lib/python3.11/site-packages/numpy/lib/function_base.py:2455: RuntimeWarning: invalid value encountered in func (vectorized)
  outputs = ufunc(*inputs)
4470
2023-10-24 20:14:30
4480
2023-10-24 20:15:13
4490
2023-10-24 20:15:54
4500
2023-10-24 20:16:35
elapsed:  18596.4  seconds
4510
2023-10-24 20:17:28
4520
2023-10-24 20:18:17
4530
2023-10-24 20:19:05
4540
2023-10-24 20:19:50
4550
2023-10-24 20:20:22
4560
2023-10-24 20:21:01
4570
2023-10-24 20:21:37
4580
2023-10-24 20:22:14
4590
2023-10-24 20:22:49
4600
2023-10-24 20:23:24
elapsed:  19005.4  seconds
4610
2023-10-24 20:24:00
4620
2023-10-24 20:24:40
4630
2023-10-24 20:25:19
4640
2023-10-24 20:25:59
4650
2023-10-24 20:26:37
4660
2023-10-24 20:27:25
4670
2023-10-24 20:28:10
/projects/muyang@colostate.edu/software/anaconda/envs/testenv/lib/python3.11/site-packages/numpy/lib/function_base.py:2455: RuntimeWarning: divide by zero encountered in func (vectorized)
  outputs = ufunc(*inputs)
/projects/muyang@colostate.edu/software/anaconda/envs/testenv/lib/python3.11/site-packages/numpy/lib/function_base.py:2455: RuntimeWarning: invalid value encountered in func (vectorized)
  outputs = ufunc(*inputs)
4680
2023-10-24 20:28:56
4690
2023-10-24 20:29:43
4700
2023-10-24 20:30:21
elapsed:  19422.2  seconds
4710
2023-10-24 20:31:06
4720
2023-10-24 20:31:47
/projects/muyang@colostate.edu/software/anaconda/envs/testenv/lib/python3.11/site-packages/numpy/lib/function_base.py:2455: RuntimeWarning: divide by zero encountered in func (vectorized)
  outputs = ufunc(*inputs)
/projects/muyang@colostate.edu/software/anaconda/envs/testenv/lib/python3.11/site-packages/numpy/lib/function_base.py:2455: RuntimeWarning: invalid value encountered in func (vectorized)
  outputs = ufunc(*inputs)
4730
2023-10-24 20:32:29
4740
2023-10-24 20:33:19
4750
2023-10-24 20:34:06
4760
2023-10-24 20:34:56
4770
2023-10-24 20:35:40
4780
2023-10-24 20:36:28
4790
2023-10-24 20:37:17
4800
2023-10-24 20:38:08
elapsed:  19889.3  seconds
4810
2023-10-24 20:38:57
4820
2023-10-24 20:39:44
4830
2023-10-24 20:40:24
4840
2023-10-24 20:41:13
4850
2023-10-24 20:42:00
4860
2023-10-24 20:42:50
4870
2023-10-24 20:43:35
4880
2023-10-24 20:44:22
4890
2023-10-24 20:45:09
4900
2023-10-24 20:45:50
elapsed:  20350.8  seconds
4910
2023-10-24 20:46:39
4920
2023-10-24 20:47:28
4930
2023-10-24 20:48:19
4940
2023-10-24 20:49:07
4950
2023-10-24 20:49:57
4960
2023-10-24 20:50:44
4970
2023-10-24 20:51:29
/projects/muyang@colostate.edu/software/anaconda/envs/testenv/lib/python3.11/site-packages/numpy/lib/function_base.py:2455: RuntimeWarning: divide by zero encountered in func (vectorized)
  outputs = ufunc(*inputs)
/projects/muyang@colostate.edu/software/anaconda/envs/testenv/lib/python3.11/site-packages/numpy/lib/function_base.py:2455: RuntimeWarning: invalid value encountered in func (vectorized)
  outputs = ufunc(*inputs)
4980
2023-10-24 20:52:09
4990
2023-10-24 20:52:52
5000
2023-10-24 20:53:44
elapsed:  20825.0  seconds
5010
2023-10-24 20:54:26
5020
2023-10-24 20:55:16
/projects/muyang@colostate.edu/software/anaconda/envs/testenv/lib/python3.11/site-packages/numpy/lib/function_base.py:2455: RuntimeWarning: divide by zero encountered in func (vectorized)
  outputs = ufunc(*inputs)
/projects/muyang@colostate.edu/software/anaconda/envs/testenv/lib/python3.11/site-packages/numpy/lib/function_base.py:2455: RuntimeWarning: invalid value encountered in func (vectorized)
  outputs = ufunc(*inputs)
5030
2023-10-24 20:56:03
5040
2023-10-24 20:56:49
5050
2023-10-24 20:57:32
5060
2023-10-24 20:58:12
5070
2023-10-24 20:58:53
5080
2023-10-24 20:59:35
5090
2023-10-24 21:00:22
5100
2023-10-24 21:01:00
elapsed:  21261.2  seconds
5110
2023-10-24 21:01:49
5120
2023-10-24 21:02:39
5130
2023-10-24 21:03:26
5140
2023-10-24 21:04:17
5150
2023-10-24 21:05:09
/projects/muyang@colostate.edu/software/anaconda/envs/testenv/lib/python3.11/site-packages/numpy/lib/function_base.py:2455: RuntimeWarning: divide by zero encountered in func (vectorized)
  outputs = ufunc(*inputs)
/projects/muyang@colostate.edu/software/anaconda/envs/testenv/lib/python3.11/site-packages/numpy/lib/function_base.py:2455: RuntimeWarning: invalid value encountered in func (vectorized)
  outputs = ufunc(*inputs)
5160
2023-10-24 21:06:04
5170
2023-10-24 21:06:54
5180
2023-10-24 21:07:47
5190
2023-10-24 21:08:39
5200
2023-10-24 21:09:30
elapsed:  21771.2  seconds
5210
2023-10-24 21:10:18
5220
2023-10-24 21:11:03
5230
2023-10-24 21:11:42
5240
2023-10-24 21:12:31
5250
2023-10-24 21:13:19
5260
2023-10-24 21:14:08
5270
2023-10-24 21:14:51
5280
2023-10-24 21:15:40
5290
2023-10-24 21:16:26
5300
2023-10-24 21:17:09
elapsed:  22230.2  seconds
5310
2023-10-24 21:17:50
5320
2023-10-24 21:18:27
5330
2023-10-24 21:19:10
5340
2023-10-24 21:19:49
5350
2023-10-24 21:20:28
5360
2023-10-24 21:21:12
5370
2023-10-24 21:22:00
5380
2023-10-24 21:22:51
5390
2023-10-24 21:23:39
5400
2023-10-24 21:24:27
elapsed:  22668.3  seconds
5410
2023-10-24 21:25:17
5420
2023-10-24 21:26:06
5430
2023-10-24 21:26:54
5440
2023-10-24 21:27:36
5450
2023-10-24 21:28:26
5460
2023-10-24 21:29:18
5470
2023-10-24 21:29:58
5480
2023-10-24 21:30:42
5490
2023-10-24 21:31:24
5500
2023-10-24 21:32:09
elapsed:  23130.1  seconds
5510
2023-10-24 21:33:04
5520
2023-10-24 21:33:50
5530
2023-10-24 21:34:36
5540
2023-10-24 21:35:25
5550
2023-10-24 21:36:15
5560
2023-10-24 21:37:02
5570
2023-10-24 21:37:41
5580
2023-10-24 21:38:22
5590
2023-10-24 21:39:11
5600
2023-10-24 21:39:56
elapsed:  23597.4  seconds
5610
2023-10-24 21:40:50
5620
2023-10-24 21:41:44
5630
2023-10-24 21:42:33
5640
2023-10-24 21:43:20
5650
2023-10-24 21:44:01
5660
2023-10-24 21:44:43
5670
2023-10-24 21:45:27
5680
2023-10-24 21:46:10
5690
2023-10-24 21:46:55
/projects/muyang@colostate.edu/software/anaconda/envs/testenv/lib/python3.11/site-packages/numpy/lib/function_base.py:2455: RuntimeWarning: divide by zero encountered in func (vectorized)
  outputs = ufunc(*inputs)
/projects/muyang@colostate.edu/software/anaconda/envs/testenv/lib/python3.11/site-packages/numpy/lib/function_base.py:2455: RuntimeWarning: invalid value encountered in func (vectorized)
  outputs = ufunc(*inputs)
5700
2023-10-24 21:47:38
elapsed:  24058.8  seconds
5710
2023-10-24 21:48:26
5720
2023-10-24 21:49:10
5730
2023-10-24 21:49:57
5740
2023-10-24 21:50:38
5750
2023-10-24 21:51:19
5760
2023-10-24 21:51:59
5770
2023-10-24 21:52:43
5780
2023-10-24 21:53:25
5790
2023-10-24 21:54:08
5800
2023-10-24 21:54:58
elapsed:  24498.9  seconds
5810
2023-10-24 21:55:43
5820
2023-10-24 21:56:31
5830
2023-10-24 21:57:18
5840
2023-10-24 21:58:09
5850
2023-10-24 21:58:51
5860
2023-10-24 21:59:34
5870
2023-10-24 22:00:15
5880
2023-10-24 22:00:55
5890
2023-10-24 22:01:34
5900
2023-10-24 22:02:21
elapsed:  24941.6  seconds
5910
2023-10-24 22:03:14
5920
2023-10-24 22:04:01
5930
2023-10-24 22:04:44
5940
2023-10-24 22:05:26
5950
2023-10-24 22:06:14
5960
2023-10-24 22:06:59
/projects/muyang@colostate.edu/software/anaconda/envs/testenv/lib/python3.11/site-packages/numpy/lib/function_base.py:2455: RuntimeWarning: divide by zero encountered in func (vectorized)
  outputs = ufunc(*inputs)
/projects/muyang@colostate.edu/software/anaconda/envs/testenv/lib/python3.11/site-packages/numpy/lib/function_base.py:2455: RuntimeWarning: invalid value encountered in func (vectorized)
  outputs = ufunc(*inputs)
5970
2023-10-24 22:07:43
5980
2023-10-24 22:08:24
5990
2023-10-24 22:08:57
6000
2023-10-24 22:09:38
elapsed:  25379.2  seconds
6010
2023-10-24 22:10:25
6020
2023-10-24 22:11:03
6030
2023-10-24 22:11:43
6040
2023-10-24 22:12:25
6050
2023-10-24 22:13:09
6060
2023-10-24 22:13:55
6070
2023-10-24 22:14:34
6080
2023-10-24 22:15:08
6090
2023-10-24 22:15:42
6100
2023-10-24 22:16:10
elapsed:  25771.0  seconds
6110
2023-10-24 22:16:43
6120
2023-10-24 22:17:21
6130
2023-10-24 22:18:04
6140
2023-10-24 22:18:45
6150
2023-10-24 22:19:32
6160
2023-10-24 22:20:13
6170
2023-10-24 22:20:51
6180
2023-10-24 22:21:34
6190
2023-10-24 22:22:16
6200
2023-10-24 22:22:51
elapsed:  26172.0  seconds
6210
2023-10-24 22:23:33
6220
2023-10-24 22:24:18
6230
2023-10-24 22:25:03
6240
2023-10-24 22:25:48
6250
2023-10-24 22:26:29
6260
2023-10-24 22:27:10
6270
2023-10-24 22:27:52
6280
2023-10-24 22:28:39
6290
2023-10-24 22:29:22
6300
2023-10-24 22:30:12
elapsed:  26613.3  seconds
6310
2023-10-24 22:30:53
6320
2023-10-24 22:31:34
6330
2023-10-24 22:32:20
6340
2023-10-24 22:32:57
6350
2023-10-24 22:33:39
6360
2023-10-24 22:34:27
6370
2023-10-24 22:35:10
6380
2023-10-24 22:35:54
6390
2023-10-24 22:36:41
6400
2023-10-24 22:37:23
elapsed:  27043.9  seconds
6410
2023-10-24 22:38:06
6420
2023-10-24 22:38:54
6430
2023-10-24 22:39:39
6440
2023-10-24 22:40:26
6450
2023-10-24 22:41:09
6460
2023-10-24 22:41:52
6470
2023-10-24 22:42:34
6480
2023-10-24 22:43:21
6490
2023-10-24 22:44:04
6500
2023-10-24 22:44:49
elapsed:  27489.6  seconds
6510
2023-10-24 22:45:38
6520
2023-10-24 22:46:26
6530
2023-10-24 22:47:17
6540
2023-10-24 22:48:08
6550
2023-10-24 22:48:50
6560
2023-10-24 22:49:34
6570
2023-10-24 22:50:17
6580
2023-10-24 22:51:01
6590
2023-10-24 22:51:42
6600
2023-10-24 22:52:31
elapsed:  27952.4  seconds
6610
2023-10-24 22:53:25
6620
2023-10-24 22:54:08
6630
2023-10-24 22:54:57
6640
2023-10-24 22:55:47
6650
2023-10-24 22:56:35
6660
2023-10-24 22:57:21
6670
2023-10-24 22:58:08
6680
2023-10-24 22:58:55
6690
2023-10-24 22:59:34
6700
2023-10-24 23:00:24
elapsed:  28425.2  seconds
6710
2023-10-24 23:01:21
6720
2023-10-24 23:02:14
6730
2023-10-24 23:02:55
6740
2023-10-24 23:03:42
6750
2023-10-24 23:04:33
6760
2023-10-24 23:05:28
6770
2023-10-24 23:06:19
6780
2023-10-24 23:07:14
6790
2023-10-24 23:07:58
/projects/muyang@colostate.edu/software/anaconda/envs/testenv/lib/python3.11/site-packages/numpy/lib/function_base.py:2455: RuntimeWarning: divide by zero encountered in func (vectorized)
  outputs = ufunc(*inputs)
/projects/muyang@colostate.edu/software/anaconda/envs/testenv/lib/python3.11/site-packages/numpy/lib/function_base.py:2455: RuntimeWarning: invalid value encountered in func (vectorized)
  outputs = ufunc(*inputs)
6800
2023-10-24 23:08:44
elapsed:  28925.1  seconds
/projects/muyang@colostate.edu/software/anaconda/envs/testenv/lib/python3.11/site-packages/numpy/lib/function_base.py:2455: RuntimeWarning: divide by zero encountered in func (vectorized)
  outputs = ufunc(*inputs)
/projects/muyang@colostate.edu/software/anaconda/envs/testenv/lib/python3.11/site-packages/numpy/lib/function_base.py:2455: RuntimeWarning: invalid value encountered in func (vectorized)
  outputs = ufunc(*inputs)
6810
2023-10-24 23:09:32
6820
2023-10-24 23:10:20
6830
2023-10-24 23:11:09
6840
2023-10-24 23:11:52
6850
2023-10-24 23:12:37
6860
2023-10-24 23:13:24
6870
2023-10-24 23:14:18
6880
2023-10-24 23:15:04
6890
2023-10-24 23:15:51
6900
2023-10-24 23:16:40
elapsed:  29401.1  seconds
6910
2023-10-24 23:17:27
6920
2023-10-24 23:18:19
6930
2023-10-24 23:19:06
6940
2023-10-24 23:19:56
6950
2023-10-24 23:20:45
6960
2023-10-24 23:21:34
6970
2023-10-24 23:22:21
6980
2023-10-24 23:23:20
6990
2023-10-24 23:24:03
7000
2023-10-24 23:24:47
elapsed:  29888.1  seconds
7010
2023-10-24 23:25:34
7020
2023-10-24 23:26:26
7030
2023-10-24 23:27:12
7040
2023-10-24 23:28:06
7050
2023-10-24 23:28:49
7060
2023-10-24 23:29:39
7070
2023-10-24 23:30:21
7080
2023-10-24 23:31:04
7090
2023-10-24 23:31:57
7100
2023-10-24 23:32:48
elapsed:  30369.3  seconds
7110
2023-10-24 23:33:34
7120
2023-10-24 23:34:22
7130
2023-10-24 23:35:09
7140
2023-10-24 23:36:04
7150
2023-10-24 23:36:53
7160
2023-10-24 23:37:51
7170
2023-10-24 23:38:38
7180
2023-10-24 23:39:32
7190
2023-10-24 23:40:18
/projects/muyang@colostate.edu/software/anaconda/envs/testenv/lib/python3.11/site-packages/numpy/lib/function_base.py:2455: RuntimeWarning: divide by zero encountered in func (vectorized)
  outputs = ufunc(*inputs)
/projects/muyang@colostate.edu/software/anaconda/envs/testenv/lib/python3.11/site-packages/numpy/lib/function_base.py:2455: RuntimeWarning: invalid value encountered in func (vectorized)
  outputs = ufunc(*inputs)
7200
2023-10-24 23:41:06
elapsed:  30866.6  seconds
7210
2023-10-24 23:41:46
7220
2023-10-24 23:42:34
7230
2023-10-24 23:43:20
7240
2023-10-24 23:44:17
7250
2023-10-24 23:44:55
7260
2023-10-24 23:45:41
7270
2023-10-24 23:46:31
7280
2023-10-24 23:47:16
7290
2023-10-24 23:48:02
7300
2023-10-24 23:48:50
elapsed:  31330.6  seconds
7310
2023-10-24 23:49:42
7320
2023-10-24 23:50:25
7330
2023-10-24 23:51:08
7340
2023-10-24 23:51:59
7350
2023-10-24 23:52:44
7360
2023-10-24 23:53:40
7370
2023-10-24 23:54:33
7380
2023-10-24 23:55:19
7390
2023-10-24 23:56:06
7400
2023-10-24 23:56:52
elapsed:  31813.0  seconds
7410
2023-10-24 23:57:46
7420
2023-10-24 23:58:35
7430
2023-10-24 23:59:22
7440
2023-10-25 00:00:14
7450
2023-10-25 00:01:02
7460
2023-10-25 00:01:54
7470
2023-10-25 00:02:38
7480
2023-10-25 00:03:21
7490
2023-10-25 00:04:14
7500
2023-10-25 00:05:00
elapsed:  32301.0  seconds
7510
2023-10-25 00:05:47
7520
2023-10-25 00:06:30
7530
2023-10-25 00:07:17
7540
2023-10-25 00:08:06
7550
2023-10-25 00:08:57
7560
2023-10-25 00:09:47
7570
2023-10-25 00:10:41
7580
2023-10-25 00:11:14
7590
2023-10-25 00:11:52
7600
2023-10-25 00:12:26
elapsed:  32747.1  seconds
7610
2023-10-25 00:13:12
7620
2023-10-25 00:13:42
7630
2023-10-25 00:14:38
7640
2023-10-25 00:15:28
7650
2023-10-25 00:16:15
7660
2023-10-25 00:17:01
7670
2023-10-25 00:17:48
7680
2023-10-25 00:18:30
7690
2023-10-25 00:19:14
7700
2023-10-25 00:20:07
elapsed:  33207.9  seconds
7710
2023-10-25 00:21:05
7720
2023-10-25 00:21:48
7730
2023-10-25 00:22:31
7740
2023-10-25 00:23:20
7750
2023-10-25 00:24:07
7760
2023-10-25 00:24:58
7770
2023-10-25 00:25:49
7780
2023-10-25 00:26:38
7790
2023-10-25 00:27:29
7800
2023-10-25 00:28:15
elapsed:  33695.9  seconds
7810
2023-10-25 00:29:07
7820
2023-10-25 00:29:58
7830
2023-10-25 00:30:47
7840
2023-10-25 00:31:41
7850
2023-10-25 00:32:38
7860
2023-10-25 00:33:29
7870
2023-10-25 00:34:19
7880
2023-10-25 00:35:09
7890
2023-10-25 00:35:52
7900
2023-10-25 00:36:43
elapsed:  34203.9  seconds
7910
2023-10-25 00:37:32
7920
2023-10-25 00:38:21
7930
2023-10-25 00:39:00
7940
2023-10-25 00:39:49
7950
2023-10-25 00:40:43
7960
2023-10-25 00:41:32
7970
2023-10-25 00:42:18
7980
2023-10-25 00:43:03
7990
2023-10-25 00:43:59
8000
2023-10-25 00:44:47
elapsed:  34687.5  seconds
8010
2023-10-25 00:45:31
8020
2023-10-25 00:46:19
/projects/muyang@colostate.edu/software/anaconda/envs/testenv/lib/python3.11/site-packages/numpy/lib/function_base.py:2455: RuntimeWarning: divide by zero encountered in func (vectorized)
  outputs = ufunc(*inputs)
/projects/muyang@colostate.edu/software/anaconda/envs/testenv/lib/python3.11/site-packages/numpy/lib/function_base.py:2455: RuntimeWarning: invalid value encountered in func (vectorized)
  outputs = ufunc(*inputs)
8030
2023-10-25 00:47:10
8040
2023-10-25 00:48:00
8050
2023-10-25 00:48:47
8060
2023-10-25 00:49:38
8070
2023-10-25 00:50:32
8080
2023-10-25 00:51:23
8090
2023-10-25 00:52:10
8100
2023-10-25 00:53:06
elapsed:  35186.8  seconds
8110
2023-10-25 00:53:57
8120
2023-10-25 00:54:43
8130
2023-10-25 00:55:33
8140
2023-10-25 00:56:18
8150
2023-10-25 00:57:10
8160
2023-10-25 00:58:06
8170
2023-10-25 00:58:55
8180
2023-10-25 00:59:53
8190
2023-10-25 01:00:40
8200
2023-10-25 01:01:30
elapsed:  35691.5  seconds
8210
2023-10-25 01:02:19
8220
2023-10-25 01:03:09
/projects/muyang@colostate.edu/software/anaconda/envs/testenv/lib/python3.11/site-packages/numpy/lib/function_base.py:2455: RuntimeWarning: divide by zero encountered in func (vectorized)
  outputs = ufunc(*inputs)
/projects/muyang@colostate.edu/software/anaconda/envs/testenv/lib/python3.11/site-packages/numpy/lib/function_base.py:2455: RuntimeWarning: invalid value encountered in func (vectorized)
  outputs = ufunc(*inputs)
8230
2023-10-25 01:03:55
8240
2023-10-25 01:04:41
8250
2023-10-25 01:05:24
8260
2023-10-25 01:06:11
8270
2023-10-25 01:07:00
8280
2023-10-25 01:07:51
8290
2023-10-25 01:08:37
8300
2023-10-25 01:09:25
elapsed:  36165.6  seconds
8310
2023-10-25 01:10:16
8320
2023-10-25 01:11:00
8330
2023-10-25 01:11:56
8340
2023-10-25 01:12:47
8350
2023-10-25 01:13:34
8360
2023-10-25 01:14:17
8370
2023-10-25 01:15:03
8380
2023-10-25 01:15:50
8390
2023-10-25 01:16:35
8400
2023-10-25 01:17:25
elapsed:  36646.4  seconds
8410
2023-10-25 01:18:19
8420
2023-10-25 01:19:09
8430
2023-10-25 01:19:56
/projects/muyang@colostate.edu/software/anaconda/envs/testenv/lib/python3.11/site-packages/numpy/lib/function_base.py:2455: RuntimeWarning: divide by zero encountered in func (vectorized)
  outputs = ufunc(*inputs)
/projects/muyang@colostate.edu/software/anaconda/envs/testenv/lib/python3.11/site-packages/numpy/lib/function_base.py:2455: RuntimeWarning: invalid value encountered in func (vectorized)
  outputs = ufunc(*inputs)
8440
2023-10-25 01:20:44
8450
2023-10-25 01:21:37
8460
2023-10-25 01:22:31
8470
2023-10-25 01:23:21
8480
2023-10-25 01:24:13
8490
2023-10-25 01:24:53
8500
2023-10-25 01:25:39
elapsed:  37140.4  seconds
8510
2023-10-25 01:26:25
8520
2023-10-25 01:27:08
8530
2023-10-25 01:27:52
8540
2023-10-25 01:28:40
8550
2023-10-25 01:29:29
8560
2023-10-25 01:30:20
8570
2023-10-25 01:31:08
8580
2023-10-25 01:31:59
8590
2023-10-25 01:32:47
8600
2023-10-25 01:33:30
elapsed:  37611.1  seconds
8610
2023-10-25 01:34:16
8620
2023-10-25 01:35:14
8630
2023-10-25 01:35:59
8640
2023-10-25 01:36:44
8650
2023-10-25 01:37:33
8660
2023-10-25 01:38:24
8670
2023-10-25 01:39:10
8680
2023-10-25 01:39:54
8690
2023-10-25 01:40:41
8700
2023-10-25 01:41:33
elapsed:  38094.2  seconds
8710
2023-10-25 01:42:22
8720
2023-10-25 01:43:12
8730
2023-10-25 01:44:10
8740
2023-10-25 01:45:04
8750
2023-10-25 01:45:49
8760
2023-10-25 01:46:35
8770
2023-10-25 01:47:26
8780
2023-10-25 01:48:15
8790
2023-10-25 01:49:07
8800
2023-10-25 01:49:59
elapsed:  38600.4  seconds
8810
2023-10-25 01:50:50
8820
2023-10-25 01:51:28
8830
2023-10-25 01:52:17
8840
2023-10-25 01:53:05
8850
2023-10-25 01:53:48
8860
2023-10-25 01:54:34
8870
2023-10-25 01:55:22
8880
2023-10-25 01:56:09
8890
2023-10-25 01:56:57
8900
2023-10-25 01:57:47
elapsed:  39067.6  seconds
8910
2023-10-25 01:58:38
8920
2023-10-25 01:59:23
/projects/muyang@colostate.edu/software/anaconda/envs/testenv/lib/python3.11/site-packages/numpy/lib/function_base.py:2455: RuntimeWarning: divide by zero encountered in func (vectorized)
  outputs = ufunc(*inputs)
/projects/muyang@colostate.edu/software/anaconda/envs/testenv/lib/python3.11/site-packages/numpy/lib/function_base.py:2455: RuntimeWarning: invalid value encountered in func (vectorized)
  outputs = ufunc(*inputs)
8930
2023-10-25 02:00:24
8940
2023-10-25 02:01:21
8950
2023-10-25 02:02:14
8960
2023-10-25 02:02:58
8970
2023-10-25 02:03:44
8980
2023-10-25 02:04:31
8990
2023-10-25 02:05:18
9000
2023-10-25 02:06:04
elapsed:  39565.4  seconds
9010
2023-10-25 02:06:45
9020
2023-10-25 02:07:30
9030
2023-10-25 02:08:13
9040
2023-10-25 02:09:01
9050
2023-10-25 02:09:51
9060
2023-10-25 02:10:29
9070
2023-10-25 02:11:15
9080
2023-10-25 02:12:07
9090
2023-10-25 02:12:59
9100
2023-10-25 02:13:45
elapsed:  40026.0  seconds
9110
2023-10-25 02:14:34
/projects/muyang@colostate.edu/software/anaconda/envs/testenv/lib/python3.11/site-packages/numpy/lib/function_base.py:2455: RuntimeWarning: divide by zero encountered in func (vectorized)
  outputs = ufunc(*inputs)
/projects/muyang@colostate.edu/software/anaconda/envs/testenv/lib/python3.11/site-packages/numpy/lib/function_base.py:2455: RuntimeWarning: invalid value encountered in func (vectorized)
  outputs = ufunc(*inputs)
9120
2023-10-25 02:15:24
9130
2023-10-25 02:16:12
9140
2023-10-25 02:16:59
9150
2023-10-25 02:17:52
9160
2023-10-25 02:18:35
9170
2023-10-25 02:19:19
9180
2023-10-25 02:20:16
9190
2023-10-25 02:21:07
9200
2023-10-25 02:21:50
elapsed:  40511.4  seconds
9210
2023-10-25 02:22:40
9220
2023-10-25 02:23:30
9230
2023-10-25 02:24:22
9240
2023-10-25 02:25:12
9250
2023-10-25 02:25:52
9260
2023-10-25 02:26:29
9270
2023-10-25 02:27:11
9280
2023-10-25 02:27:54
/projects/muyang@colostate.edu/software/anaconda/envs/testenv/lib/python3.11/site-packages/numpy/lib/function_base.py:2455: RuntimeWarning: divide by zero encountered in func (vectorized)
  outputs = ufunc(*inputs)
/projects/muyang@colostate.edu/software/anaconda/envs/testenv/lib/python3.11/site-packages/numpy/lib/function_base.py:2455: RuntimeWarning: invalid value encountered in func (vectorized)
  outputs = ufunc(*inputs)
9290
2023-10-25 02:28:40
9300
2023-10-25 02:29:34
elapsed:  40974.5  seconds
9310
2023-10-25 02:30:27
9320
2023-10-25 02:31:11
9330
2023-10-25 02:31:50
9340
2023-10-25 02:32:20
9350
2023-10-25 02:32:54
9360
2023-10-25 02:33:27
9370
2023-10-25 02:34:00
9380
2023-10-25 02:34:43
9390
2023-10-25 02:35:25
9400
2023-10-25 02:36:10
elapsed:  41370.7  seconds
9410
2023-10-25 02:37:01
9420
2023-10-25 02:37:46
9430
2023-10-25 02:38:22
9440
2023-10-25 02:39:00
9450
2023-10-25 02:39:42
9460
2023-10-25 02:40:23
9470
2023-10-25 02:41:09
9480
2023-10-25 02:41:48
9490
2023-10-25 02:42:29
9500
2023-10-25 02:43:13
elapsed:  41794.3  seconds
9510
2023-10-25 02:44:01
9520
2023-10-25 02:44:39
9530
2023-10-25 02:45:18
9540
2023-10-25 02:46:02
9550
2023-10-25 02:46:52
9560
2023-10-25 02:47:39
9570
2023-10-25 02:48:28
9580
2023-10-25 02:49:19
9590
2023-10-25 02:50:04
9600
2023-10-25 02:50:53
elapsed:  42254.1  seconds
9610
2023-10-25 02:51:44
9620
2023-10-25 02:52:34
9630
2023-10-25 02:53:17
9640
2023-10-25 02:54:05
9650
2023-10-25 02:54:43
9660
2023-10-25 02:55:24
9670
2023-10-25 02:56:03
9680
2023-10-25 02:56:53
9690
2023-10-25 02:57:37
9700
2023-10-25 02:58:10
elapsed:  42691.3  seconds
9710
2023-10-25 02:58:54
9720
2023-10-25 02:59:38
9730
2023-10-25 03:00:29
9740
2023-10-25 03:01:20
9750
2023-10-25 03:02:12
9760
2023-10-25 03:02:56
9770
2023-10-25 03:03:48
9780
2023-10-25 03:04:42
9790
2023-10-25 03:05:28
9800
2023-10-25 03:06:20
elapsed:  43181.0  seconds
9810
2023-10-25 03:07:04
9820
2023-10-25 03:07:50
9830
2023-10-25 03:08:39
9840
2023-10-25 03:09:31
9850
2023-10-25 03:10:15
9860
2023-10-25 03:10:54
9870
2023-10-25 03:11:42
9880
2023-10-25 03:12:28
9890
2023-10-25 03:13:17
9900
2023-10-25 03:14:04
elapsed:  43644.7  seconds
9910
2023-10-25 03:14:51
9920
2023-10-25 03:15:42
9930
2023-10-25 03:16:23
9940
2023-10-25 03:17:10
9950
2023-10-25 03:17:59
9960
2023-10-25 03:18:43
9970
2023-10-25 03:19:22
9980
2023-10-25 03:20:04
9990
2023-10-25 03:20:51
elapsed:  44096.4  seconds
total time:  44105.6  seconds
true R:  [[1.98331887e-01 3.17235054e-01 6.26591881e+00 2.19772721e+00
  1.93818126e-01 2.26379087e-01 1.87605309e+01 3.98306044e-01
  1.15581895e+00 1.26885817e+00 1.77547118e+00 1.44350981e-01
  4.08110596e+01 5.47812743e+00 8.99763792e-01 8.79171414e-02
  1.22066497e+00 1.09883040e+00 4.45102200e-01 2.53371563e-01
  2.77497504e+00 5.46862598e+00 1.86214645e+00 4.06164720e-01
  5.66930872e-01 8.98315447e+00 3.31929482e+00 8.46166329e+01
  1.51579863e+00 7.83675407e-01 5.12179355e+00 2.35409146e+00
  2.46807004e-01 1.62600796e+00 1.27443526e-01 7.73902679e+00
  1.87025030e-01 1.22541360e+05 1.16666551e-01 5.52523631e+00
  7.01874713e+00 1.08726708e+00 1.48086478e+01 3.00636305e-01
  7.29877187e+00 2.84862178e-01 6.84028280e-01 8.30321913e+02
  1.28223792e+00 2.43169785e-01 5.84150017e-01 8.81011403e+00
  1.31244051e-01 6.20632100e+00 2.84381419e-01 1.38426854e+01
  3.76410190e+00 2.15475829e+00 2.76064890e-01 5.08848922e+01
  1.03597812e+00 3.97282631e-01 2.44439803e-01 6.03177903e-01]
 [2.73149105e-01 2.23066152e+01 3.53282935e-01 4.86434781e-01
  1.24628163e+02 1.39769206e-01 1.03613493e+00 1.22193779e+02
  3.38850075e+02 3.35375682e-01 2.03003977e-01 2.67992977e-01
  8.58831894e-01 6.66461897e-01 6.44795739e-01 6.00179985e+00
  2.07578822e+02 4.31760508e+00 4.09125976e-02 9.10839240e+00
  2.31098414e+01 8.01291757e-02 8.76263786e+00 9.77740011e-02
  6.67561360e-02 1.49017060e+00 2.03678963e-01 3.07434650e+01
  4.54300731e+00 5.68610732e+00 1.25391116e+00 2.76495511e+00
  3.66910036e+00 1.43752146e+00 1.28708769e+00 7.06154995e+00
  1.83240848e+00 1.66989004e+01 4.15155366e+03 9.74569058e-01
  1.74559931e-01 1.31011482e+00 1.98625119e+02 9.24112142e-01
  6.17205147e+00 1.82955717e-01 5.14982148e+00 9.82266143e+00
  1.65841929e-01 8.61532489e+01 4.21338211e-01 7.02704585e-01
  2.29016201e-01 2.93334427e-01 2.74453078e-01 1.70271220e+01
  1.32346454e+00 1.29545109e+00 2.05716382e+00 1.76247597e-01
  7.52374711e+00 3.08652234e-01 2.26058520e+00 1.61076731e+00]
 [2.69570863e+00 7.03972387e-01 2.02716557e-01 8.27556546e-01
  7.03474941e-01 6.97849159e-01 9.65798862e+01 1.05961419e+00
  1.39330358e+00 2.95972168e-01 1.31027559e+00 1.63976185e-01
  3.99985083e-01 2.41268777e-01 3.76659349e+00 6.22558649e+00
  3.43583103e-01 4.16351380e-01 1.21839406e-01 1.28214847e+03
  4.32601486e+01 1.31532825e-01 2.31495746e-01 3.13968347e-01
  1.62039164e-01 1.15156880e+01 1.43161999e-01 3.09525734e+01
  1.03428398e+00 2.73137351e+00 8.06511952e-01 1.44066368e-01
  6.31257539e-01 1.18056842e+00 4.48229621e+00 7.95333570e+01
  6.48891361e+00 8.23922549e+01 1.19034830e+02 4.96399087e-01
  3.65581271e+00 2.47269919e-01 7.35124641e+00 4.48758518e-01
  7.53082890e+00 2.33207977e-01 8.53224896e-01 3.67015150e-01
  3.57170629e-01 1.34155714e-01 7.04647752e+00 3.13986763e-01
  5.65410154e+00 5.07896945e-01 1.57397609e+00 8.46406929e+01
  2.96320423e-01 3.64238785e-01 2.70417562e-01 8.64003695e-01
  1.02721938e+01 2.69694050e-01 3.76856304e-01 2.01001150e+01]
 [8.47978346e+00 4.02771528e-01 3.22139865e+00 4.05381812e+01
  1.85115513e+01 4.05649986e+00 3.49755109e-01 1.54105194e-01
  4.37479474e-01 5.54194694e+00 7.67020300e-01 3.39740103e+00
  1.49573683e-01 1.79705670e+01 6.69225802e-01 1.62388326e+01
  1.38399009e+00 1.68979179e-01 9.36040045e-01 9.58676366e-01
  5.31683664e-02 8.87717637e-01 4.42215403e-01 6.80653609e+01
  9.47098577e-01 9.03469784e-01 5.98110726e+00 2.59004405e-01
  2.66815362e-01 4.52075237e+02 4.29880382e-01 8.59865152e+00
  1.60150778e+04 6.29812858e+00 2.26690248e+00 1.11688571e+01
  1.86458797e+00 9.56695995e+00 5.53162364e-01 5.12712220e-01
  4.15355194e-01 3.67334870e-01 4.96532187e+00 5.85277886e-01
  7.82662509e+00 1.90702776e-01 4.90820519e+00 2.64070786e-01
  4.16072369e+00 3.39104820e+00 8.01440530e+02 1.00014258e+00
  5.62492550e+00 1.68088319e+00 5.47824071e-01 6.70600348e-01
  4.96922526e+00 3.82212716e-01 2.12661973e+00 6.17153794e+00
  1.71408047e-01 1.04251164e+00 3.95481179e-01 5.36057493e-01]
 [3.42033751e+00 6.55600833e-01 2.60938373e+00 1.99495500e+00
  2.12107858e+03 4.91977218e-01 1.00759896e+00 4.19408095e-01
  1.10813873e-01 2.45897099e+02 3.03172426e+01 2.87098834e-01
  7.09074537e+00 4.75192355e-01 9.43312707e-01 4.51360006e-01
  4.18748010e-01 4.98299145e+00 9.20649441e-01 1.01277355e+00
  2.40981574e-01 4.64194242e-01 4.40266445e+01 4.98371769e+00
  6.44984570e-01 2.19340928e+00 1.44057780e-01 3.92438873e-01
  1.47170623e-01 6.72302879e+01 1.68186336e+00 1.98286574e-01
  3.63148770e+00 2.04011914e+00 2.89483922e-01 3.51861006e-01
  1.42965031e-01 4.70898127e-01 3.62229355e-01 6.13661953e+00
  1.09318314e+01 3.97071219e-01 1.07176464e+00 9.41810427e+00
  4.14250676e-01 8.45234002e-01 9.58660159e-01 9.89699225e-01
  1.99869312e+00 8.89139274e-01 2.60699786e+00 7.00019386e-01
  6.18763979e+00 9.29588284e-01 8.22240115e-01 5.54126466e-02
  2.02486671e+00 2.66004576e+01 1.65091594e+00 5.96067299e-01
  4.17675501e-01 9.57344732e-01 5.16557800e+00 1.93164666e-01]
 [2.06639807e-01 6.17479767e-02 6.49693630e-01 2.34945185e+01
  7.41266550e-02 3.82584340e+01 4.20223464e-01 9.39313884e-02
  1.52382039e+00 3.38583963e+01 3.33843092e-01 2.63070585e-01
  1.16615212e+00 7.82037886e-01 8.05938759e-01 3.27294116e-01
  1.07761946e+01 6.93115750e-01 2.44601716e+01 4.03062653e-01
  5.71066363e+00 5.07853475e-01 1.40046978e+00 9.58286811e-01
  3.24594098e+02 2.46904369e-01 5.83233698e+01 4.30504645e-01
  2.09134976e-01 3.11295548e-01 1.40950085e+00 2.09220504e-01
  3.96664365e-01 2.51438739e+00 1.41983473e+02 5.58910622e-01
  5.15420170e-01 2.52545417e-01 2.16780308e+00 3.70875644e+00
  3.39200029e+00 1.36455529e-01 1.01972967e+00 3.00735245e+00
  9.27056939e-02 1.64049552e+00 5.12616752e+01 3.38980840e-01
  3.59486951e-01 7.81288806e+00 5.87850710e-01 3.57941408e+00
  2.16273248e-01 1.33536069e-01 1.43155522e+00 4.32284275e+00
  1.17728173e-01 1.63945017e+01 1.36722659e-01 2.03721986e+00
  3.40852201e-01 2.50696253e+00 6.56885352e+00 1.16742483e+00]
 [3.01272217e+00 3.26963714e-01 4.01215856e+00 6.76142345e-01
  6.33671950e-02 2.62262209e+00 1.39892632e+00 1.60025697e-01
  3.13407007e-01 9.63844160e-02 9.13705666e-01 7.72689226e+00
  8.68400873e+00 3.29467755e-01 8.27433969e-02 2.47744281e+00
  8.13525621e-01 4.77851400e+00 6.24565903e+00 9.74473718e-02
  3.65923064e-01 4.15325138e-01 5.20969344e+00 1.83015169e+00
  1.17311249e+01 1.16979806e+00 9.05402997e+00 3.27046295e-01
  2.81259059e+03 2.77343753e-01 5.34507183e-01 2.71965356e+00
  4.28060269e-01 2.48858008e+00 1.74274681e-01 2.20783564e-01
  9.32945237e-01 1.49373640e-01 8.09031070e-01 1.83170028e-01
  2.49500252e+00 1.55826154e-01 4.68051278e+01 3.22457122e+01
  8.62847953e-01 5.78072822e+01 6.36627591e+00 1.81859237e+00
  1.12976977e-01 2.80243204e+03 4.38985158e+00 2.27650483e-01
  1.01639071e+00 3.81340646e-01 2.49979679e+00 1.91142307e-01
  7.95577875e+00 2.83985329e+00 5.05373258e-01 8.89311677e-01
  2.37179780e+00 2.10812643e+00 1.04174719e+01 3.58072510e+00]
 [5.21749455e+00 4.42671909e-01 2.49285594e+00 3.62838697e-01
  4.02708705e-01 2.73548262e+01 1.82890714e+01 2.00758708e-01
  9.47386560e+00 2.23279641e+00 2.39396885e-01 7.61244907e-01
  9.80225529e-01 4.08608085e-01 1.07964168e+00 1.64480754e-01
  2.58050739e-01 3.17152500e-01 2.35138136e+00 6.84304328e-01
  3.32131201e+00 7.40300685e+00 1.69459262e+00 1.81839198e-01
  7.03005502e-01 2.69419835e-01 4.84013637e+00 2.33884344e+00
  4.14168954e-01 1.04689365e+00 4.42472790e-01 2.89791728e-01
  1.06229158e+01 2.86984859e-01 1.92231346e+00 6.89623668e+01
  2.58103728e+00 1.95513413e-01 3.55714167e-01 1.91888564e+02
  4.01305349e-01 1.87436056e-01 4.68352531e+00 6.42787205e-01
  1.76988913e-01 1.56169811e+01 9.56930944e+01 8.94762106e-02
  4.37848658e+00 2.95376852e+01 2.91094052e-01 8.90174380e+01
  8.94706909e+01 1.26626001e+00 7.88208521e-01 8.90131291e-01
  1.30559037e+00 2.24986542e+00 9.15204163e-01 2.48187576e+00
  3.15368045e-01 1.07084647e+01 4.25915910e-01 1.09747997e+00]
 [1.90553343e+00 1.86559859e+01 8.70170945e-01 9.07723889e+01
  1.01410324e+00 1.34695876e-01 2.23397727e+00 1.04348758e+00
  1.07491966e+00 2.48923376e-01 9.70561453e+00 4.53872863e-01
  3.51362445e+00 2.81467005e+02 4.38915256e+00 5.72739343e+01
  7.85821042e+00 2.65075179e-01 1.37936228e+00 3.97267519e-01
  5.23913629e+01 1.15451396e+00 2.22830082e-01 1.50264825e+01
  2.18592191e+00 1.18501211e-01 1.16201770e-01 3.37699694e+00
  2.12563036e-01 2.28621378e+00 5.43489224e-01 2.07422241e-01
  1.08191725e-01 3.86986478e-01 2.60278067e+00 3.32745778e-01
  3.81381819e+01 1.61962504e+01 1.04449791e-01 2.44455384e-01
  7.80271417e-01 2.25575959e+00 1.92387344e+00 6.21701038e-01
  1.57224152e+00 3.09301942e+01 3.53206271e-01 3.22147030e-01
  3.44837570e-01 2.04412769e-01 6.56082815e+01 4.83632496e+00
  3.53562583e-01 2.68771484e+03 4.40475081e-01 2.97653064e+01
  5.35786137e-01 6.09059058e-01 1.07731038e+01 4.57861146e+01
  3.80244475e+00 1.11459088e-01 9.82589580e+00 5.21927088e+00]]
