1
10
2023-10-19 13:49:54
20
2023-10-19 13:50:58
30
2023-10-19 13:52:03
40
2023-10-19 13:53:07
50
2023-10-19 13:54:18
60
2023-10-19 13:55:26
70
2023-10-19 13:56:29
80
2023-10-19 13:57:34
90
2023-10-19 13:58:41
100
2023-10-19 13:59:47
elapsed:  650.7  seconds
110
2023-10-19 14:00:57
120
2023-10-19 14:02:03
130
2023-10-19 14:03:13
140
2023-10-19 14:04:18
150
2023-10-19 14:05:29
/projects/muyang@colostate.edu/software/anaconda/envs/testenv/lib/python3.11/site-packages/numpy/lib/function_base.py:2455: RuntimeWarning: divide by zero encountered in func (vectorized)
  outputs = ufunc(*inputs)
/projects/muyang@colostate.edu/software/anaconda/envs/testenv/lib/python3.11/site-packages/numpy/lib/function_base.py:2455: RuntimeWarning: invalid value encountered in func (vectorized)
  outputs = ufunc(*inputs)
160
2023-10-19 14:06:32
/projects/muyang@colostate.edu/software/anaconda/envs/testenv/lib/python3.11/site-packages/numpy/lib/function_base.py:2455: RuntimeWarning: divide by zero encountered in func (vectorized)
  outputs = ufunc(*inputs)
/projects/muyang@colostate.edu/software/anaconda/envs/testenv/lib/python3.11/site-packages/numpy/lib/function_base.py:2455: RuntimeWarning: invalid value encountered in func (vectorized)
  outputs = ufunc(*inputs)
/projects/muyang@colostate.edu/software/anaconda/envs/testenv/lib/python3.11/site-packages/numpy/lib/function_base.py:2455: RuntimeWarning: divide by zero encountered in func (vectorized)
  outputs = ufunc(*inputs)
/projects/muyang@colostate.edu/software/anaconda/envs/testenv/lib/python3.11/site-packages/numpy/lib/function_base.py:2455: RuntimeWarning: invalid value encountered in func (vectorized)
  outputs = ufunc(*inputs)
170
2023-10-19 14:07:28
180
2023-10-19 14:08:41
/projects/muyang@colostate.edu/software/anaconda/envs/testenv/lib/python3.11/site-packages/numpy/lib/function_base.py:2455: RuntimeWarning: divide by zero encountered in func (vectorized)
  outputs = ufunc(*inputs)
/projects/muyang@colostate.edu/software/anaconda/envs/testenv/lib/python3.11/site-packages/numpy/lib/function_base.py:2455: RuntimeWarning: invalid value encountered in func (vectorized)
  outputs = ufunc(*inputs)
190
2023-10-19 14:09:46
200
2023-10-19 14:10:59
elapsed:  1322.3  seconds
/projects/muyang@colostate.edu/software/anaconda/envs/testenv/lib/python3.11/site-packages/numpy/lib/function_base.py:2455: RuntimeWarning: divide by zero encountered in func (vectorized)
  outputs = ufunc(*inputs)
/projects/muyang@colostate.edu/software/anaconda/envs/testenv/lib/python3.11/site-packages/numpy/lib/function_base.py:2455: RuntimeWarning: invalid value encountered in func (vectorized)
  outputs = ufunc(*inputs)
210
2023-10-19 14:12:09
220
2023-10-19 14:13:17
230
2023-10-19 14:14:25
240
2023-10-19 14:15:32
250
2023-10-19 14:16:40
260
2023-10-19 14:17:47
270
2023-10-19 14:18:53
280
2023-10-19 14:20:02
290
2023-10-19 14:21:12
300
2023-10-19 14:22:18
elapsed:  2000.8  seconds
310
2023-10-19 14:23:26
320
2023-10-19 14:24:37
330
2023-10-19 14:25:45
340
2023-10-19 14:26:53
350
2023-10-19 14:27:59
360
2023-10-19 14:29:11
370
2023-10-19 14:30:16
380
2023-10-19 14:31:23
390
2023-10-19 14:32:30
400
2023-10-19 14:33:38
elapsed:  2681.6  seconds
410
2023-10-19 14:34:48
420
2023-10-19 14:35:56
430
2023-10-19 14:37:04
440
2023-10-19 14:38:20
450
2023-10-19 14:39:27
460
2023-10-19 14:40:43
470
2023-10-19 14:41:53
480
2023-10-19 14:43:03
490
2023-10-19 14:44:13
500
2023-10-19 14:45:23
elapsed:  3386.4  seconds
510
2023-10-19 14:46:35
520
2023-10-19 14:47:44
530
2023-10-19 14:48:50
540
2023-10-19 14:49:58
550
2023-10-19 14:51:03
560
2023-10-19 14:52:12
570
2023-10-19 14:53:23
580
2023-10-19 14:54:29
590
2023-10-19 14:55:38
600
2023-10-19 14:56:45
elapsed:  4068.3  seconds
610
2023-10-19 14:57:56
620
2023-10-19 14:59:06
630
2023-10-19 15:00:21
640
2023-10-19 15:01:30
650
2023-10-19 15:02:39
660
2023-10-19 15:03:47
670
2023-10-19 15:04:55
680
2023-10-19 15:06:03
690
2023-10-19 15:07:10
700
2023-10-19 15:08:18
elapsed:  4760.9  seconds
710
2023-10-19 15:09:26
720
2023-10-19 15:10:44
730
2023-10-19 15:11:58
740
2023-10-19 15:13:05
750
2023-10-19 15:14:19
760
2023-10-19 15:15:36
770
2023-10-19 15:16:49
780
2023-10-19 15:18:05
790
2023-10-19 15:19:13
800
2023-10-19 15:20:20
elapsed:  5483.4  seconds
810
2023-10-19 15:21:34
820
2023-10-19 15:22:46
/projects/muyang@colostate.edu/software/anaconda/envs/testenv/lib/python3.11/site-packages/numpy/lib/function_base.py:2455: RuntimeWarning: divide by zero encountered in func (vectorized)
  outputs = ufunc(*inputs)
/projects/muyang@colostate.edu/software/anaconda/envs/testenv/lib/python3.11/site-packages/numpy/lib/function_base.py:2455: RuntimeWarning: invalid value encountered in func (vectorized)
  outputs = ufunc(*inputs)
830
2023-10-19 15:23:55
840
2023-10-19 15:25:05
850
2023-10-19 15:26:12
860
2023-10-19 15:27:29
870
2023-10-19 15:28:44
880
2023-10-19 15:29:58
890
2023-10-19 15:31:10
900
2023-10-19 15:32:26
elapsed:  6209.7  seconds
910
2023-10-19 15:33:37
920
2023-10-19 15:34:48
930
2023-10-19 15:36:04
940
2023-10-19 15:37:23
950
2023-10-19 15:38:32
960
2023-10-19 15:39:53
970
2023-10-19 15:41:08
980
2023-10-19 15:42:21
990
2023-10-19 15:43:36
1000
2023-10-19 15:44:50
elapsed:  6953.1  seconds
1010
2023-10-19 15:46:02
1020
2023-10-19 15:47:15
1030
2023-10-19 15:48:26
1040
2023-10-19 15:49:35
1050
2023-10-19 15:50:48
1060
2023-10-19 15:52:03
1070
2023-10-19 15:53:11
1080
2023-10-19 15:54:21
1090
2023-10-19 15:55:36
1100
2023-10-19 15:56:49
elapsed:  7672.2  seconds
1110
2023-10-19 15:58:02
1120
2023-10-19 15:59:15
1130
2023-10-19 16:00:28
1140
2023-10-19 16:01:39
1150
2023-10-19 16:02:44
1160
2023-10-19 16:03:46
1170
2023-10-19 16:04:55
1180
2023-10-19 16:06:05
1190
2023-10-19 16:07:11
1200
2023-10-19 16:08:23
elapsed:  8366.6  seconds
1210
2023-10-19 16:09:38
1220
2023-10-19 16:10:56
1230
2023-10-19 16:12:12
1240
2023-10-19 16:13:22
1250
2023-10-19 16:14:34
1260
2023-10-19 16:15:47
1270
2023-10-19 16:16:58
1280
2023-10-19 16:18:08
1290
2023-10-19 16:19:21
1300
2023-10-19 16:20:30
elapsed:  9093.3  seconds
1310
2023-10-19 16:21:47
1320
2023-10-19 16:23:10
1330
2023-10-19 16:24:22
1340
2023-10-19 16:25:37
/projects/muyang@colostate.edu/software/anaconda/envs/testenv/lib/python3.11/site-packages/numpy/lib/function_base.py:2455: RuntimeWarning: divide by zero encountered in func (vectorized)
  outputs = ufunc(*inputs)
/projects/muyang@colostate.edu/software/anaconda/envs/testenv/lib/python3.11/site-packages/numpy/lib/function_base.py:2455: RuntimeWarning: invalid value encountered in func (vectorized)
  outputs = ufunc(*inputs)
1350
2023-10-19 16:26:51
1360
2023-10-19 16:27:58
1370
2023-10-19 16:29:08
1380
2023-10-19 16:30:23
1390
2023-10-19 16:31:40
1400
2023-10-19 16:32:57
elapsed:  9840.3  seconds
1410
2023-10-19 16:34:09
1420
2023-10-19 16:35:22
1430
2023-10-19 16:36:33
1440
2023-10-19 16:37:48
1450
2023-10-19 16:39:00
/projects/muyang@colostate.edu/software/anaconda/envs/testenv/lib/python3.11/site-packages/numpy/lib/function_base.py:2455: RuntimeWarning: divide by zero encountered in func (vectorized)
  outputs = ufunc(*inputs)
/projects/muyang@colostate.edu/software/anaconda/envs/testenv/lib/python3.11/site-packages/numpy/lib/function_base.py:2455: RuntimeWarning: invalid value encountered in func (vectorized)
  outputs = ufunc(*inputs)
1460
2023-10-19 16:40:13
1470
2023-10-19 16:41:29
1480
2023-10-19 16:42:44
1490
2023-10-19 16:43:58
1500
2023-10-19 16:45:15
elapsed:  10578.6  seconds
/projects/muyang@colostate.edu/software/anaconda/envs/testenv/lib/python3.11/site-packages/numpy/lib/function_base.py:2455: RuntimeWarning: divide by zero encountered in func (vectorized)
  outputs = ufunc(*inputs)
/projects/muyang@colostate.edu/software/anaconda/envs/testenv/lib/python3.11/site-packages/numpy/lib/function_base.py:2455: RuntimeWarning: invalid value encountered in func (vectorized)
  outputs = ufunc(*inputs)
1510
2023-10-19 16:46:32
1520
2023-10-19 16:47:54
1530
2023-10-19 16:49:06
1540
2023-10-19 16:50:20
1550
2023-10-19 16:51:42
1560
2023-10-19 16:52:54
1570
2023-10-19 16:54:08
1580
2023-10-19 16:55:16
1590
2023-10-19 16:56:29
1600
2023-10-19 16:57:46
elapsed:  11329.6  seconds
1610
2023-10-19 16:58:57
1620
2023-10-19 17:00:09
1630
2023-10-19 17:01:25
1640
2023-10-19 17:02:40
1650
2023-10-19 17:04:05
1660
2023-10-19 17:05:19
1670
2023-10-19 17:06:33
1680
2023-10-19 17:07:56
1690
2023-10-19 17:09:17
1700
2023-10-19 17:10:38
elapsed:  12100.9  seconds
1710
2023-10-19 17:11:56
1720
2023-10-19 17:13:15
1730
2023-10-19 17:14:29
1740
2023-10-19 17:15:47
1750
2023-10-19 17:17:01
1760
2023-10-19 17:18:13
1770
2023-10-19 17:19:30
1780
2023-10-19 17:20:49
1790
2023-10-19 17:22:04
1800
2023-10-19 17:23:20
elapsed:  12863.2  seconds
1810
2023-10-19 17:24:36
1820
2023-10-19 17:25:45
1830
2023-10-19 17:27:02
1840
2023-10-19 17:28:14
1850
2023-10-19 17:29:33
1860
2023-10-19 17:30:50
1870
2023-10-19 17:32:09
1880
2023-10-19 17:33:28
1890
2023-10-19 17:34:48
1900
2023-10-19 17:36:00
elapsed:  13623.4  seconds
1910
2023-10-19 17:37:11
1920
2023-10-19 17:38:26
1930
2023-10-19 17:39:38
1940
2023-10-19 17:40:56
1950
2023-10-19 17:42:13
1960
2023-10-19 17:43:29
1970
2023-10-19 17:44:48
1980
2023-10-19 17:46:06
1990
2023-10-19 17:47:22
2000
2023-10-19 17:48:41
elapsed:  14384.2  seconds
2010
2023-10-19 17:49:56
2020
2023-10-19 17:51:07
2030
2023-10-19 17:52:25
2040
2023-10-19 17:53:41
2050
2023-10-19 17:54:52
2060
2023-10-19 17:56:06
2070
2023-10-19 17:57:23
2080
2023-10-19 17:58:41
2090
2023-10-19 17:59:56
2100
2023-10-19 18:01:09
elapsed:  15132.2  seconds
/projects/muyang@colostate.edu/software/anaconda/envs/testenv/lib/python3.11/site-packages/numpy/lib/function_base.py:2455: RuntimeWarning: divide by zero encountered in func (vectorized)
  outputs = ufunc(*inputs)
/projects/muyang@colostate.edu/software/anaconda/envs/testenv/lib/python3.11/site-packages/numpy/lib/function_base.py:2455: RuntimeWarning: invalid value encountered in func (vectorized)
  outputs = ufunc(*inputs)
2110
2023-10-19 18:02:27
2120
2023-10-19 18:03:41
2130
2023-10-19 18:04:56
2140
2023-10-19 18:06:12
2150
2023-10-19 18:07:22
2160
2023-10-19 18:08:39
2170
2023-10-19 18:09:56
2180
2023-10-19 18:11:06
2190
2023-10-19 18:12:21
2200
2023-10-19 18:13:34
elapsed:  15877.6  seconds
2210
2023-10-19 18:14:51
2220
2023-10-19 18:16:04
2230
2023-10-19 18:17:18
2240
2023-10-19 18:18:35
2250
2023-10-19 18:19:48
2260
2023-10-19 18:21:10
2270
2023-10-19 18:22:24
2280
2023-10-19 18:23:39
2290
2023-10-19 18:24:57
2300
2023-10-19 18:26:12
elapsed:  16635.7  seconds
2310
2023-10-19 18:27:33
2320
2023-10-19 18:28:53
2330
2023-10-19 18:30:12
2340
2023-10-19 18:31:28
2350
2023-10-19 18:32:46
2360
2023-10-19 18:34:01
2370
2023-10-19 18:35:18
2380
2023-10-19 18:36:45
2390
2023-10-19 18:38:01
2400
2023-10-19 18:39:19
elapsed:  17422.2  seconds
2410
2023-10-19 18:40:35
2420
2023-10-19 18:41:54
2430
2023-10-19 18:43:10
2440
2023-10-19 18:44:26
2450
2023-10-19 18:45:42
2460
2023-10-19 18:46:54
2470
2023-10-19 18:48:10
2480
2023-10-19 18:49:24
2490
2023-10-19 18:50:40
2500
2023-10-19 18:51:59
elapsed:  18182.6  seconds
2510
2023-10-19 18:53:16
2520
2023-10-19 18:54:29
2530
2023-10-19 18:55:46
2540
2023-10-19 18:57:00
2550
2023-10-19 18:58:14
2560
2023-10-19 18:59:32
2570
2023-10-19 19:00:48
2580
2023-10-19 19:02:06
2590
2023-10-19 19:03:20
2600
2023-10-19 19:04:42
elapsed:  18945.1  seconds
2610
2023-10-19 19:06:00
2620
2023-10-19 19:07:20
2630
2023-10-19 19:08:40
2640
2023-10-19 19:09:54
2650
2023-10-19 19:11:17
2660
2023-10-19 19:12:30
2670
2023-10-19 19:13:46
2680
2023-10-19 19:15:01
2690
2023-10-19 19:16:15
2700
2023-10-19 19:17:28
elapsed:  19711.1  seconds
2710
2023-10-19 19:18:45
2720
2023-10-19 19:20:04
2730
2023-10-19 19:21:24
2740
2023-10-19 19:22:40
2750
2023-10-19 19:23:58
2760
2023-10-19 19:25:15
2770
2023-10-19 19:26:31
2780
2023-10-19 19:27:44
2790
2023-10-19 19:29:00
2800
2023-10-19 19:30:11
elapsed:  20474.2  seconds
2810
2023-10-19 19:31:23
2820
2023-10-19 19:32:37
2830
2023-10-19 19:33:55
2840
2023-10-19 19:35:04
2850
2023-10-19 19:36:22
2860
2023-10-19 19:37:43
2870
2023-10-19 19:38:59
2880
2023-10-19 19:40:20
2890
2023-10-19 19:41:37
2900
2023-10-19 19:43:01
elapsed:  21244.2  seconds
2910
2023-10-19 19:44:24
2920
2023-10-19 19:45:47
2930
2023-10-19 19:47:07
2940
2023-10-19 19:48:27
2950
2023-10-19 19:49:46
2960
2023-10-19 19:51:08
2970
2023-10-19 19:52:28
/projects/muyang@colostate.edu/software/anaconda/envs/testenv/lib/python3.11/site-packages/numpy/lib/function_base.py:2455: RuntimeWarning: divide by zero encountered in func (vectorized)
  outputs = ufunc(*inputs)
/projects/muyang@colostate.edu/software/anaconda/envs/testenv/lib/python3.11/site-packages/numpy/lib/function_base.py:2455: RuntimeWarning: invalid value encountered in func (vectorized)
  outputs = ufunc(*inputs)
2980
2023-10-19 19:53:48
2990
2023-10-19 19:54:56
3000
2023-10-19 19:56:02
elapsed:  22025.5  seconds
3010
2023-10-19 19:57:15
3020
2023-10-19 19:58:31
3030
2023-10-19 19:59:53
3040
2023-10-19 20:01:14
3050
2023-10-19 20:02:27
3060
2023-10-19 20:03:42
3070
2023-10-19 20:04:48
3080
2023-10-19 20:06:02
3090
2023-10-19 20:07:26
3100
2023-10-19 20:08:44
elapsed:  22786.9  seconds
3110
2023-10-19 20:10:05
3120
2023-10-19 20:11:18
3130
2023-10-19 20:12:44
3140
2023-10-19 20:14:03
3150
2023-10-19 20:15:19
3160
2023-10-19 20:16:40
3170
2023-10-19 20:17:57
3180
2023-10-19 20:19:15
3190
2023-10-19 20:20:38
3200
2023-10-19 20:22:00
elapsed:  23583.1  seconds
3210
2023-10-19 20:23:22
3220
2023-10-19 20:24:43
3230
2023-10-19 20:26:03
3240
2023-10-19 20:27:17
3250
2023-10-19 20:28:35
3260
2023-10-19 20:29:53
3270
2023-10-19 20:31:16
3280
2023-10-19 20:32:36
3290
2023-10-19 20:33:59
3300
2023-10-19 20:35:18
elapsed:  24381.6  seconds
3310
2023-10-19 20:36:35
3320
2023-10-19 20:37:55
3330
2023-10-19 20:39:20
3340
2023-10-19 20:40:34
3350
2023-10-19 20:41:49
3360
2023-10-19 20:43:07
3370
2023-10-19 20:44:28
/projects/muyang@colostate.edu/software/anaconda/envs/testenv/lib/python3.11/site-packages/numpy/lib/function_base.py:2455: RuntimeWarning: divide by zero encountered in func (vectorized)
  outputs = ufunc(*inputs)
/projects/muyang@colostate.edu/software/anaconda/envs/testenv/lib/python3.11/site-packages/numpy/lib/function_base.py:2455: RuntimeWarning: invalid value encountered in func (vectorized)
  outputs = ufunc(*inputs)
3380
2023-10-19 20:45:48
3390
2023-10-19 20:47:12
3400
2023-10-19 20:48:32
elapsed:  25175.1  seconds
3410
2023-10-19 20:49:49
3420
2023-10-19 20:51:04
3430
2023-10-19 20:52:19
3440
2023-10-19 20:53:34
3450
2023-10-19 20:54:45
3460
2023-10-19 20:56:06
3470
2023-10-19 20:57:22
3480
2023-10-19 20:58:49
3490
2023-10-19 21:00:07
3500
2023-10-19 21:01:20
elapsed:  25943.5  seconds
3510
2023-10-19 21:02:36
3520
2023-10-19 21:03:56
3530
2023-10-19 21:05:14
3540
2023-10-19 21:06:31
3550
2023-10-19 21:07:56
3560
2023-10-19 21:09:14
3570
2023-10-19 21:10:34
3580
2023-10-19 21:11:57
3590
2023-10-19 21:13:09
3600
2023-10-19 21:14:26
elapsed:  26729.0  seconds
3610
2023-10-19 21:15:48
3620
2023-10-19 21:17:05
3630
2023-10-19 21:18:23
3640
2023-10-19 21:19:39
3650
2023-10-19 21:20:55
3660
2023-10-19 21:22:11
3670
2023-10-19 21:23:35
3680
2023-10-19 21:24:56
3690
2023-10-19 21:26:14
3700
2023-10-19 21:27:32
elapsed:  27515.0  seconds
3710
2023-10-19 21:28:55
3720
2023-10-19 21:30:12
3730
2023-10-19 21:31:30
3740
2023-10-19 21:32:51
3750
2023-10-19 21:34:09
3760
2023-10-19 21:35:29
3770
2023-10-19 21:36:44
3780
2023-10-19 21:37:59
3790
2023-10-19 21:39:21
3800
2023-10-19 21:40:43
elapsed:  28305.8  seconds
3810
2023-10-19 21:41:59
3820
2023-10-19 21:43:17
3830
2023-10-19 21:44:33
3840
2023-10-19 21:45:49
3850
2023-10-19 21:47:03
3860
2023-10-19 21:48:19
3870
2023-10-19 21:49:37
3880
2023-10-19 21:50:59
3890
2023-10-19 21:52:17
3900
2023-10-19 21:53:40
elapsed:  29083.3  seconds
3910
2023-10-19 21:54:58
3920
2023-10-19 21:56:19
3930
2023-10-19 21:57:41
3940
2023-10-19 21:59:04
3950
2023-10-19 22:00:23
3960
2023-10-19 22:01:51
3970
2023-10-19 22:03:13
3980
2023-10-19 22:04:36
3990
2023-10-19 22:05:57
4000
2023-10-19 22:07:13
elapsed:  29896.4  seconds
4010
2023-10-19 22:08:37
/projects/muyang@colostate.edu/software/anaconda/envs/testenv/lib/python3.11/site-packages/numpy/lib/function_base.py:2455: RuntimeWarning: divide by zero encountered in func (vectorized)
  outputs = ufunc(*inputs)
/projects/muyang@colostate.edu/software/anaconda/envs/testenv/lib/python3.11/site-packages/numpy/lib/function_base.py:2455: RuntimeWarning: invalid value encountered in func (vectorized)
  outputs = ufunc(*inputs)
4020
2023-10-19 22:10:01
4030
2023-10-19 22:11:22
4040
2023-10-19 22:12:42
4050
2023-10-19 22:14:01
4060
2023-10-19 22:15:18
4070
2023-10-19 22:16:35
4080
2023-10-19 22:17:52
4090
2023-10-19 22:19:06
4100
2023-10-19 22:20:29
elapsed:  30691.9  seconds
4110
2023-10-19 22:21:44
4120
2023-10-19 22:22:55
4130
2023-10-19 22:24:14
4140
2023-10-19 22:25:24
4150
2023-10-19 22:26:45
4160
2023-10-19 22:28:00
4170
2023-10-19 22:29:22
4180
2023-10-19 22:30:54
4190
2023-10-19 22:32:18
4200
2023-10-19 22:33:42
elapsed:  31485.3  seconds
4210
2023-10-19 22:35:02
4220
2023-10-19 22:36:27
4230
2023-10-19 22:37:46
4240
2023-10-19 22:39:13
4250
2023-10-19 22:40:40
4260
2023-10-19 22:42:06
4270
2023-10-19 22:43:29
4280
2023-10-19 22:44:54
4290
2023-10-19 22:46:13
4300
2023-10-19 22:47:37
elapsed:  32320.6  seconds
4310
2023-10-19 22:49:02
4320
2023-10-19 22:50:27
4330
2023-10-19 22:51:56
4340
2023-10-19 22:53:23
4350
2023-10-19 22:54:44
4360
2023-10-19 22:56:06
4370
2023-10-19 22:57:30
4380
2023-10-19 22:58:57
4390
2023-10-19 23:00:21
4400
2023-10-19 23:01:45
elapsed:  33168.6  seconds
4410
2023-10-19 23:03:00
4420
2023-10-19 23:04:30
4430
2023-10-19 23:05:51
4440
2023-10-19 23:07:09
4450
2023-10-19 23:08:25
4460
2023-10-19 23:09:46
4470
2023-10-19 23:11:08
4480
2023-10-19 23:12:36
4490
2023-10-19 23:13:56
4500
2023-10-19 23:15:14
elapsed:  33977.8  seconds
4510
2023-10-19 23:16:38
4520
2023-10-19 23:17:51
4530
2023-10-19 23:19:14
4540
2023-10-19 23:20:39
4550
2023-10-19 23:22:07
4560
2023-10-19 23:23:31
4570
2023-10-19 23:24:56
4580
2023-10-19 23:26:17
4590
2023-10-19 23:27:39
4600
2023-10-19 23:28:54
elapsed:  34797.8  seconds
4610
2023-10-19 23:30:13
4620
2023-10-19 23:31:31
4630
2023-10-19 23:32:53
4640
2023-10-19 23:34:15
4650
2023-10-19 23:35:42
4660
2023-10-19 23:37:00
4670
2023-10-19 23:38:22
4680
2023-10-19 23:39:41
4690
2023-10-19 23:41:07
4700
2023-10-19 23:42:32
elapsed:  35615.4  seconds
4710
2023-10-19 23:43:57
4720
2023-10-19 23:45:20
4730
2023-10-19 23:46:38
4740
2023-10-19 23:47:51
4750
2023-10-19 23:49:08
4760
2023-10-19 23:50:23
4770
2023-10-19 23:51:36
4780
2023-10-19 23:52:53
4790
2023-10-19 23:54:11
4800
2023-10-19 23:55:26
elapsed:  36388.9  seconds
4810
2023-10-19 23:56:38
4820
2023-10-19 23:57:51
4830
2023-10-19 23:59:02
4840
2023-10-20 00:00:15
4850
2023-10-20 00:01:26
4860
2023-10-20 00:02:38
4870
2023-10-20 00:03:54
4880
2023-10-20 00:05:09
4890
2023-10-20 00:06:25
4900
2023-10-20 00:07:35
elapsed:  37118.0  seconds
4910
2023-10-20 00:08:48
4920
2023-10-20 00:10:00
4930
2023-10-20 00:11:13
4940
2023-10-20 00:12:21
4950
2023-10-20 00:13:33
4960
2023-10-20 00:14:45
4970
2023-10-20 00:15:53
4980
2023-10-20 00:17:07
4990
2023-10-20 00:18:21
5000
2023-10-20 00:19:35
elapsed:  37838.1  seconds
5010
2023-10-20 00:20:52
5020
2023-10-20 00:22:03
5030
2023-10-20 00:23:20
5040
2023-10-20 00:24:31
5050
2023-10-20 00:25:49
5060
2023-10-20 00:27:04
5070
2023-10-20 00:28:16
5080
2023-10-20 00:29:32
5090
2023-10-20 00:30:41
5100
2023-10-20 00:31:48
elapsed:  38571.3  seconds
5110
2023-10-20 00:33:05
5120
2023-10-20 00:34:25
5130
2023-10-20 00:35:41
5140
2023-10-20 00:37:01
5150
2023-10-20 00:38:15
5160
2023-10-20 00:39:26
5170
2023-10-20 00:40:43
5180
2023-10-20 00:41:54
5190
2023-10-20 00:43:11
5200
2023-10-20 00:44:26
elapsed:  39329.1  seconds
5210
2023-10-20 00:45:38
5220
2023-10-20 00:46:57
5230
2023-10-20 00:48:16
5240
2023-10-20 00:49:35
5250
2023-10-20 00:50:47
5260
2023-10-20 00:51:59
5270
2023-10-20 00:53:09
5280
2023-10-20 00:54:27
5290
2023-10-20 00:55:40
5300
2023-10-20 00:56:52
elapsed:  40075.6  seconds
5310
2023-10-20 00:58:04
5320
2023-10-20 00:59:16
5330
2023-10-20 01:00:27
5340
2023-10-20 01:01:38
5350
2023-10-20 01:02:52
5360
2023-10-20 01:04:06
5370
2023-10-20 01:05:10
5380
2023-10-20 01:06:21
5390
2023-10-20 01:07:34
5400
2023-10-20 01:08:45
elapsed:  40788.2  seconds
5410
2023-10-20 01:09:58
5420
2023-10-20 01:11:06
5430
2023-10-20 01:12:18
5440
2023-10-20 01:13:31
5450
2023-10-20 01:14:44
5460
2023-10-20 01:15:59
5470
2023-10-20 01:17:12
5480
2023-10-20 01:18:23
5490
2023-10-20 01:19:34
5500
2023-10-20 01:20:43
elapsed:  41505.9  seconds
5510
2023-10-20 01:21:58
5520
2023-10-20 01:23:03
5530
2023-10-20 01:24:08
5540
2023-10-20 01:25:16
5550
2023-10-20 01:26:31
5560
2023-10-20 01:27:39
5570
2023-10-20 01:28:48
5580
2023-10-20 01:30:04
5590
2023-10-20 01:31:17
5600
2023-10-20 01:32:28
elapsed:  42211.6  seconds
5610
2023-10-20 01:33:37
5620
2023-10-20 01:34:43
5630
2023-10-20 01:35:56
5640
2023-10-20 01:37:16
5650
2023-10-20 01:38:32
5660
2023-10-20 01:39:50
5670
2023-10-20 01:41:02
5680
2023-10-20 01:42:10
5690
2023-10-20 01:43:23
5700
2023-10-20 01:44:32
elapsed:  42935.6  seconds
5710
2023-10-20 01:45:39
5720
2023-10-20 01:46:53
5730
2023-10-20 01:48:07
5740
2023-10-20 01:49:19
5750
2023-10-20 01:50:31
5760
2023-10-20 01:51:43
5770
2023-10-20 01:52:59
5780
2023-10-20 01:54:15
5790
2023-10-20 01:55:19
5800
2023-10-20 01:56:33
elapsed:  43656.2  seconds
5810
2023-10-20 01:57:48
5820
2023-10-20 01:59:00
5830
2023-10-20 02:00:12
5840
2023-10-20 02:01:22
5850
2023-10-20 02:02:37
5860
2023-10-20 02:03:45
5870
2023-10-20 02:04:59
5880
2023-10-20 02:06:08
5890
2023-10-20 02:07:16
5900
2023-10-20 02:08:29
elapsed:  44372.5  seconds
5910
2023-10-20 02:09:42
5920
2023-10-20 02:10:54
5930
2023-10-20 02:12:09
5940
2023-10-20 02:13:18
5950
2023-10-20 02:14:31
5960
2023-10-20 02:15:48
5970
2023-10-20 02:17:07
5980
2023-10-20 02:18:14
5990
2023-10-20 02:19:25
6000
2023-10-20 02:20:34
elapsed:  45097.3  seconds
6010
2023-10-20 02:21:43
6020
2023-10-20 02:22:51
6030
2023-10-20 02:23:59
6040
2023-10-20 02:25:14
6050
2023-10-20 02:26:26
6060
2023-10-20 02:27:37
6070
2023-10-20 02:28:49
6080
2023-10-20 02:30:04
6090
2023-10-20 02:31:20
6100
2023-10-20 02:32:35
elapsed:  45818.2  seconds
6110
2023-10-20 02:33:49
6120
2023-10-20 02:35:00
6130
2023-10-20 02:36:06
6140
2023-10-20 02:37:22
6150
2023-10-20 02:38:37
6160
2023-10-20 02:39:45
6170
2023-10-20 02:40:56
6180
2023-10-20 02:42:12
6190
2023-10-20 02:43:27
6200
2023-10-20 02:44:46
elapsed:  46549.3  seconds
6210
2023-10-20 02:45:57
6220
2023-10-20 02:47:08
6230
2023-10-20 02:48:18
6240
2023-10-20 02:49:39
6250
2023-10-20 02:50:50
6260
2023-10-20 02:52:03
6270
2023-10-20 02:53:15
6280
2023-10-20 02:54:24
6290
2023-10-20 02:55:39
6300
2023-10-20 02:56:51
elapsed:  47274.3  seconds
6310
2023-10-20 02:58:02
6320
2023-10-20 02:59:19
6330
2023-10-20 03:00:36
6340
2023-10-20 03:01:49
6350
2023-10-20 03:03:03
6360
2023-10-20 03:04:12
6370
2023-10-20 03:05:24
6380
2023-10-20 03:06:34
6390
2023-10-20 03:07:51
6400
2023-10-20 03:09:01
elapsed:  48003.9  seconds
6410
2023-10-20 03:10:14
6420
2023-10-20 03:11:18
6430
2023-10-20 03:12:33
6440
2023-10-20 03:13:47
6450
2023-10-20 03:15:04
6460
2023-10-20 03:16:24
6470
2023-10-20 03:17:38
6480
2023-10-20 03:18:53
6490
2023-10-20 03:20:06
6500
2023-10-20 03:21:21
elapsed:  48744.4  seconds
6510
2023-10-20 03:22:30
6520
2023-10-20 03:23:48
6530
2023-10-20 03:25:07
6540
2023-10-20 03:26:17
6550
2023-10-20 03:27:31
6560
2023-10-20 03:28:44
6570
2023-10-20 03:29:49
6580
2023-10-20 03:30:57
6590
2023-10-20 03:32:07
6600
2023-10-20 03:33:19
elapsed:  49461.9  seconds
6610
2023-10-20 03:34:26
6620
2023-10-20 03:35:23
6630
2023-10-20 03:36:30
6640
2023-10-20 03:37:42
6650
2023-10-20 03:38:54
6660
2023-10-20 03:40:10
6670
2023-10-20 03:41:25
6680
2023-10-20 03:42:35
6690
2023-10-20 03:43:45
6700
2023-10-20 03:44:54
elapsed:  50157.3  seconds
6710
2023-10-20 03:46:02
6720
2023-10-20 03:47:15
6730
2023-10-20 03:48:32
6740
2023-10-20 03:49:51
6750
2023-10-20 03:51:06
6760
2023-10-20 03:52:22
6770
2023-10-20 03:53:35
6780
2023-10-20 03:54:50
6790
2023-10-20 03:56:09
6800
2023-10-20 03:57:22
elapsed:  50905.5  seconds
6810
2023-10-20 03:58:34
6820
2023-10-20 03:59:49
6830
2023-10-20 04:01:03
6840
2023-10-20 04:02:18
6850
2023-10-20 04:03:30
6860
2023-10-20 04:04:39
6870
2023-10-20 04:05:52
6880
2023-10-20 04:07:09
6890
2023-10-20 04:08:32
6900
2023-10-20 04:09:46
elapsed:  51649.5  seconds
6910
2023-10-20 04:10:59
6920
2023-10-20 04:12:16
6930
2023-10-20 04:13:33
6940
2023-10-20 04:14:49
6950
2023-10-20 04:16:07
6960
2023-10-20 04:17:23
6970
2023-10-20 04:18:36
6980
2023-10-20 04:19:53
6990
2023-10-20 04:21:11
7000
2023-10-20 04:22:32
elapsed:  52415.5  seconds
7010
2023-10-20 04:23:44
7020
2023-10-20 04:25:04
7030
2023-10-20 04:26:21
7040
2023-10-20 04:27:41
7050
2023-10-20 04:29:00
7060
2023-10-20 04:30:22
7070
2023-10-20 04:31:40
7080
2023-10-20 04:32:57
7090
2023-10-20 04:34:16
7100
2023-10-20 04:35:25
elapsed:  53187.8  seconds
7110
2023-10-20 04:36:40
7120
2023-10-20 04:37:57
7130
2023-10-20 04:39:14
7140
2023-10-20 04:40:26
7150
2023-10-20 04:41:41
7160
2023-10-20 04:43:00
7170
2023-10-20 04:44:11
7180
2023-10-20 04:45:25
7190
2023-10-20 04:46:44
7200
2023-10-20 04:48:01
elapsed:  53944.0  seconds
7210
2023-10-20 04:49:21
7220
2023-10-20 04:50:34
7230
2023-10-20 04:51:48
7240
2023-10-20 04:53:04
7250
2023-10-20 04:54:16
7260
2023-10-20 04:55:25
/projects/muyang@colostate.edu/software/anaconda/envs/testenv/lib/python3.11/site-packages/numpy/lib/function_base.py:2455: RuntimeWarning: divide by zero encountered in func (vectorized)
  outputs = ufunc(*inputs)
/projects/muyang@colostate.edu/software/anaconda/envs/testenv/lib/python3.11/site-packages/numpy/lib/function_base.py:2455: RuntimeWarning: invalid value encountered in func (vectorized)
  outputs = ufunc(*inputs)
7270
2023-10-20 04:56:37
7280
2023-10-20 04:57:45
7290
2023-10-20 04:58:56
7300
2023-10-20 05:00:07
elapsed:  54670.4  seconds
7310
2023-10-20 05:01:20
7320
2023-10-20 05:02:26
7330
2023-10-20 05:03:40
7340
2023-10-20 05:04:53
7350
2023-10-20 05:06:08
7360
2023-10-20 05:07:23
7370
2023-10-20 05:08:40
7380
2023-10-20 05:09:54
7390
2023-10-20 05:11:08
7400
2023-10-20 05:12:24
elapsed:  55406.9  seconds
7410
2023-10-20 05:13:35
7420
2023-10-20 05:14:47
7430
2023-10-20 05:16:04
7440
2023-10-20 05:17:19
7450
2023-10-20 05:18:30
7460
2023-10-20 05:19:39
7470
2023-10-20 05:20:50
7480
2023-10-20 05:22:07
7490
2023-10-20 05:23:23
7500
2023-10-20 05:24:41
elapsed:  56143.9  seconds
7510
2023-10-20 05:25:54
7520
2023-10-20 05:27:13
7530
2023-10-20 05:28:28
7540
2023-10-20 05:29:43
7550
2023-10-20 05:31:00
7560
2023-10-20 05:32:15
7570
2023-10-20 05:33:29
7580
2023-10-20 05:34:43
7590
2023-10-20 05:36:01
7600
2023-10-20 05:37:18
elapsed:  56901.8  seconds
7610
2023-10-20 05:38:36
7620
2023-10-20 05:39:49
7630
2023-10-20 05:41:04
7640
2023-10-20 05:42:14
7650
2023-10-20 05:43:23
7660
2023-10-20 05:44:39
/projects/muyang@colostate.edu/software/anaconda/envs/testenv/lib/python3.11/site-packages/numpy/lib/function_base.py:2455: RuntimeWarning: divide by zero encountered in func (vectorized)
  outputs = ufunc(*inputs)
/projects/muyang@colostate.edu/software/anaconda/envs/testenv/lib/python3.11/site-packages/numpy/lib/function_base.py:2455: RuntimeWarning: invalid value encountered in func (vectorized)
  outputs = ufunc(*inputs)
7670
2023-10-20 05:45:50
7680
2023-10-20 05:46:57
7690
2023-10-20 05:48:04
7700
2023-10-20 05:49:14
elapsed:  57617.5  seconds
7710
2023-10-20 05:50:29
7720
2023-10-20 05:51:45
7730
2023-10-20 05:53:05
7740
2023-10-20 05:54:16
7750
2023-10-20 05:55:31
7760
2023-10-20 05:56:47
7770
2023-10-20 05:58:02
7780
2023-10-20 05:59:18
7790
2023-10-20 06:00:34
7800
2023-10-20 06:01:42
elapsed:  58365.6  seconds
7810
2023-10-20 06:03:00
7820
2023-10-20 06:04:14
7830
2023-10-20 06:05:33
7840
2023-10-20 06:06:51
7850
2023-10-20 06:08:07
7860
2023-10-20 06:09:25
7870
2023-10-20 06:10:36
7880
2023-10-20 06:11:51
7890
2023-10-20 06:13:08
7900
2023-10-20 06:14:24
elapsed:  59127.5  seconds
7910
2023-10-20 06:15:35
7920
2023-10-20 06:16:52
7930
2023-10-20 06:18:07
7940
2023-10-20 06:19:24
7950
2023-10-20 06:20:35
7960
2023-10-20 06:21:51
7970
2023-10-20 06:23:03
7980
2023-10-20 06:24:14
7990
2023-10-20 06:25:30
8000
2023-10-20 06:26:46
elapsed:  59869.2  seconds
8010
2023-10-20 06:28:01
8020
2023-10-20 06:29:18
8030
2023-10-20 06:30:43
8040
2023-10-20 06:31:59
8050
2023-10-20 06:33:12
8060
2023-10-20 06:34:30
8070
2023-10-20 06:35:42
8080
2023-10-20 06:36:57
8090
2023-10-20 06:38:09
8100
2023-10-20 06:39:27
elapsed:  60630.7  seconds
8110
2023-10-20 06:40:42
8120
2023-10-20 06:41:53
8130
2023-10-20 06:43:02
8140
2023-10-20 06:44:16
8150
2023-10-20 06:45:27
8160
2023-10-20 06:46:40
8170
2023-10-20 06:47:55
8180
2023-10-20 06:49:04
8190
2023-10-20 06:50:19
8200
2023-10-20 06:51:37
elapsed:  61360.2  seconds
8210
2023-10-20 06:52:51
8220
2023-10-20 06:54:05
8230
2023-10-20 06:55:22
8240
2023-10-20 06:56:34
8250
2023-10-20 06:57:54
/projects/muyang@colostate.edu/software/anaconda/envs/testenv/lib/python3.11/site-packages/numpy/lib/function_base.py:2455: RuntimeWarning: divide by zero encountered in func (vectorized)
  outputs = ufunc(*inputs)
/projects/muyang@colostate.edu/software/anaconda/envs/testenv/lib/python3.11/site-packages/numpy/lib/function_base.py:2455: RuntimeWarning: invalid value encountered in func (vectorized)
  outputs = ufunc(*inputs)
8260
2023-10-20 06:59:11
8270
2023-10-20 07:00:33
8280
2023-10-20 07:01:46
8290
2023-10-20 07:03:01
8300
2023-10-20 07:04:16
elapsed:  62119.0  seconds
8310
2023-10-20 07:05:34
8320
2023-10-20 07:06:46
8330
2023-10-20 07:08:07
8340
2023-10-20 07:09:19
8350
2023-10-20 07:10:29
8360
2023-10-20 07:11:38
8370
2023-10-20 07:12:55
8380
2023-10-20 07:14:15
8390
2023-10-20 07:15:34
8400
2023-10-20 07:16:46
elapsed:  62869.4  seconds
8410
2023-10-20 07:18:02
8420
2023-10-20 07:19:21
8430
2023-10-20 07:20:41
8440
2023-10-20 07:22:02
8450
2023-10-20 07:23:24
8460
2023-10-20 07:24:41
8470
2023-10-20 07:25:56
8480
2023-10-20 07:27:09
8490
2023-10-20 07:28:22
8500
2023-10-20 07:29:31
elapsed:  63634.6  seconds
8510
2023-10-20 07:30:44
8520
2023-10-20 07:31:49
8530
2023-10-20 07:33:03
8540
2023-10-20 07:34:16
8550
2023-10-20 07:35:20
8560
2023-10-20 07:36:29
8570
2023-10-20 07:37:39
8580
2023-10-20 07:38:51
8590
2023-10-20 07:40:03
8600
2023-10-20 07:41:13
elapsed:  64336.4  seconds
8610
2023-10-20 07:42:28
8620
2023-10-20 07:43:38
8630
2023-10-20 07:44:47
8640
2023-10-20 07:45:59
8650
2023-10-20 07:47:12
8660
2023-10-20 07:48:23
8670
2023-10-20 07:49:37
8680
2023-10-20 07:50:48
8690
2023-10-20 07:51:56
8700
2023-10-20 07:53:06
elapsed:  65049.5  seconds
8710
2023-10-20 07:54:17
8720
2023-10-20 07:55:26
8730
2023-10-20 07:56:43
8740
2023-10-20 07:57:55
8750
2023-10-20 07:59:01
8760
2023-10-20 08:00:07
8770
2023-10-20 08:01:13
8780
2023-10-20 08:02:17
8790
2023-10-20 08:03:19
8800
2023-10-20 08:04:21
elapsed:  65724.7  seconds
8810
2023-10-20 08:05:19
8820
2023-10-20 08:06:16
8830
2023-10-20 08:07:15
8840
2023-10-20 08:08:22
8850
2023-10-20 08:09:34
8860
2023-10-20 08:10:42
8870
2023-10-20 08:11:44
8880
2023-10-20 08:12:58
8890
2023-10-20 08:14:08
8900
2023-10-20 08:15:27
elapsed:  66390.3  seconds
8910
2023-10-20 08:16:35
8920
2023-10-20 08:17:45
8930
2023-10-20 08:18:57
8940
2023-10-20 08:20:06
8950
2023-10-20 08:21:16
8960
2023-10-20 08:22:30
8970
2023-10-20 08:23:39
8980
2023-10-20 08:24:54
8990
2023-10-20 08:26:05
9000
2023-10-20 08:27:11
elapsed:  67094.2  seconds
9010
2023-10-20 08:28:18
9020
2023-10-20 08:29:25
9030
2023-10-20 08:30:37
9040
2023-10-20 08:31:45
9050
2023-10-20 08:33:03
9060
2023-10-20 08:34:15
9070
2023-10-20 08:35:25
9080
2023-10-20 08:36:37
9090
2023-10-20 08:37:45
9100
2023-10-20 08:39:02
elapsed:  67805.1  seconds
9110
2023-10-20 08:40:17
9120
2023-10-20 08:41:27
9130
2023-10-20 08:42:35
9140
2023-10-20 08:43:45
9150
2023-10-20 08:44:59
9160
2023-10-20 08:46:13
9170
2023-10-20 08:47:30
9180
2023-10-20 08:48:33
9190
2023-10-20 08:49:37
9200
2023-10-20 08:50:47
elapsed:  68510.7  seconds
9210
2023-10-20 08:52:01
9220
2023-10-20 08:53:15
9230
2023-10-20 08:54:24
9240
2023-10-20 08:55:38
9250
2023-10-20 08:56:55
9260
2023-10-20 08:58:05
9270
2023-10-20 08:59:13
9280
2023-10-20 09:00:25
9290
2023-10-20 09:01:37
9300
2023-10-20 09:02:47
elapsed:  69230.1  seconds
9310
2023-10-20 09:03:53
9320
2023-10-20 09:05:02
9330
2023-10-20 09:06:08
9340
2023-10-20 09:07:18
9350
2023-10-20 09:08:31
9360
2023-10-20 09:09:44
9370
2023-10-20 09:10:56
9380
2023-10-20 09:12:03
9390
2023-10-20 09:13:14
9400
2023-10-20 09:14:29
elapsed:  69931.8  seconds
9410
2023-10-20 09:15:36
9420
2023-10-20 09:16:42
9430
2023-10-20 09:17:54
9440
2023-10-20 09:19:08
9450
2023-10-20 09:20:15
9460
2023-10-20 09:21:29
9470
2023-10-20 09:22:38
9480
2023-10-20 09:23:53
9490
2023-10-20 09:25:03
9500
2023-10-20 09:26:11
elapsed:  70634.4  seconds
9510
2023-10-20 09:27:22
9520
2023-10-20 09:28:35
9530
2023-10-20 09:29:54
9540
2023-10-20 09:31:02
9550
2023-10-20 09:32:16
9560
2023-10-20 09:33:35
9570
2023-10-20 09:34:44
9580
2023-10-20 09:35:56
9590
2023-10-20 09:37:08
9600
2023-10-20 09:38:28
elapsed:  71371.8  seconds
9610
2023-10-20 09:39:48
9620
2023-10-20 09:41:01
9630
2023-10-20 09:42:09
9640
2023-10-20 09:43:21
9650
2023-10-20 09:44:31
9660
2023-10-20 09:45:35
9670
2023-10-20 09:46:41
9680
2023-10-20 09:47:43
9690
2023-10-20 09:48:52
9700
2023-10-20 09:49:59
elapsed:  72062.6  seconds
9710
2023-10-20 09:51:18
9720
2023-10-20 09:52:31
9730
2023-10-20 09:53:40
9740
2023-10-20 09:54:49
9750
2023-10-20 09:56:05
9760
2023-10-20 09:57:19
9770
2023-10-20 09:58:34
9780
2023-10-20 09:59:41
9790
2023-10-20 10:00:50
9800
2023-10-20 10:02:02
elapsed:  72785.5  seconds
9810
2023-10-20 10:03:12
9820
2023-10-20 10:04:17
9830
2023-10-20 10:05:28
9840
2023-10-20 10:06:32
/projects/muyang@colostate.edu/software/anaconda/envs/testenv/lib/python3.11/site-packages/numpy/lib/function_base.py:2455: RuntimeWarning: divide by zero encountered in func (vectorized)
  outputs = ufunc(*inputs)
/projects/muyang@colostate.edu/software/anaconda/envs/testenv/lib/python3.11/site-packages/numpy/lib/function_base.py:2455: RuntimeWarning: invalid value encountered in func (vectorized)
  outputs = ufunc(*inputs)
9850
2023-10-20 10:07:42
9860
2023-10-20 10:08:54
9870
2023-10-20 10:10:05
9880
2023-10-20 10:11:21
9890
2023-10-20 10:12:34
9900
2023-10-20 10:13:49
elapsed:  73492.3  seconds
9910
2023-10-20 10:15:02
9920
2023-10-20 10:16:14
9930
2023-10-20 10:17:25
9940
2023-10-20 10:18:31
/projects/muyang@colostate.edu/software/anaconda/envs/testenv/lib/python3.11/site-packages/numpy/lib/function_base.py:2455: RuntimeWarning: divide by zero encountered in func (vectorized)
  outputs = ufunc(*inputs)
/projects/muyang@colostate.edu/software/anaconda/envs/testenv/lib/python3.11/site-packages/numpy/lib/function_base.py:2455: RuntimeWarning: invalid value encountered in func (vectorized)
  outputs = ufunc(*inputs)
9950
2023-10-20 10:19:47
9960
2023-10-20 10:21:00
9970
2023-10-20 10:22:10
9980
2023-10-20 10:23:29
9990
2023-10-20 10:24:41
elapsed:  74209.2  seconds
total time:  74216.3  seconds
true R:  [[1.55670605e+01 3.01613228e-01 4.29688789e-01 2.25860012e+00
  1.23321690e-01 4.74589383e-01 2.17427902e+02 7.31798811e+02
  2.39873526e-01 1.08481078e+00 3.67210876e-01 1.57910823e-01
  8.52600542e-01 4.24132983e+01 1.49779590e+01 1.09391594e-01
  2.99672641e-01 2.15098180e+00 2.74879820e+01 5.65901798e+02
  3.40461405e-01 5.91053144e-01 3.61118536e+01 7.33501283e+00
  1.62172999e+00 2.62790441e+00 8.58378505e-01 4.33476060e+00
  3.45123948e+00 4.32995721e+00 9.15114438e-01 1.43974401e+00]
 [3.26756398e-01 1.73456118e-01 1.32991748e+00 2.65595563e+00
  6.23580941e-01 1.94905966e-01 1.01796806e+02 3.25008695e-01
  2.14655461e+00 4.54940222e+01 9.68470905e+00 4.01981791e+00
  9.93026222e+00 3.84960465e+01 4.05780958e-01 8.71187525e+02
  2.53925276e+01 5.84055223e+01 2.18421654e+02 1.26207365e+01
  6.10975608e-01 4.29409795e+00 2.89441923e+00 2.74636601e+01
  2.76761841e+00 6.75413264e-01 9.68753363e-01 6.63845621e+03
  1.45055043e+02 2.85892824e-01 1.47660271e+00 9.26021725e-01]
 [3.92211422e+01 2.95726872e+00 1.52487816e+00 1.02696261e+00
  2.41756377e-01 5.44003790e-01 3.76613766e+00 6.41753340e-01
  3.65492282e+05 5.68650701e-01 2.16912852e+02 5.00606073e-01
  5.35315682e-01 3.23546002e+01 3.29219648e+00 5.94961398e-01
  2.28192443e+01 6.33114731e-01 1.02284458e+02 1.45872303e-01
  1.03054891e+00 1.04335261e-01 8.37195772e-01 3.47754413e+00
  9.48377404e-01 1.18860435e+01 9.48299607e+03 6.91097342e-01
  4.16354887e-01 4.13439769e+01 1.88076648e+02 1.67557663e-01]
 [2.37778538e-01 4.36022731e-01 4.50260908e+00 9.41357620e+00
  1.56337275e+01 2.19194152e-01 8.48100209e-01 6.81288845e+00
  4.92308721e-01 4.66122844e+01 7.84981780e-02 4.20766841e-01
  3.19330194e+00 4.00199803e-01 2.57607966e-01 5.05618932e-01
  3.43751172e-01 8.85042988e-01 1.09647032e+00 7.14797270e-01
  5.48512162e-01 8.65665948e-02 1.53268141e-01 2.59172260e+00
  1.30584529e+01 8.51076610e+00 4.86963398e-01 5.55639678e+00
  1.30758166e+00 9.27708939e-01 3.20379165e+03 9.80526763e-01]
 [5.14307834e+00 6.99873763e+01 2.57021878e-01 5.05178405e-01
  2.84300463e+00 7.97888164e+00 1.48503418e+00 1.00641424e+01
  1.29913059e-01 5.26211984e-01 1.08761384e+00 5.21025516e+00
  1.67269827e-01 4.30477353e-01 4.77265896e-01 1.13487227e+00
  2.16056233e+00 7.19808777e-01 7.75145347e+00 3.09484971e-01
  7.08813450e-01 2.52361129e-01 7.56862933e-01 7.43810937e+00
  2.91644793e-01 6.70665449e+00 7.82683208e-01 8.02709878e+03
  3.06395593e+01 6.44161033e-01 1.54507358e-01 5.19048000e-01]
 [6.72879558e-01 7.38163486e+00 1.90847724e+01 2.80515988e-01
  7.90124455e-01 1.04035398e+00 9.45839999e+00 8.36227412e-01
  2.00822467e+01 1.32439386e+00 8.63744627e-02 2.28716829e+00
  1.68020991e-01 7.80897306e-01 4.88873251e-01 2.75796838e+02
  2.60094705e+01 2.48738448e-01 9.06398869e-01 1.21034577e-01
  2.09327962e+00 4.09653573e-01 5.64876107e+01 7.50156566e-01
  4.37746758e+02 2.59445800e-01 9.95319011e-01 1.16678646e+02
  9.28968454e-01 3.92063042e+00 7.58195698e-01 8.64171121e+03]
 [1.74911978e+01 7.89781801e+00 1.68310549e-01 3.08585693e-01
  2.41013551e+00 3.39153220e+01 2.40976679e-01 6.22396038e-01
  5.11600589e-02 4.43217912e+00 1.24382626e-01 1.31769305e-01
  1.31271835e-01 2.03213074e-01 2.41654689e-01 1.78045178e+03
  7.88596229e-01 3.15132997e-01 2.32676821e-01 4.43849764e+00
  3.63868732e+00 9.13384037e-01 4.44469796e-01 8.09339546e-02
  4.12317780e+00 1.86613069e-01 1.52607454e-01 2.88564402e+00
  3.77531096e+00 2.93169833e+00 3.87543176e+02 1.40798425e+00]
 [9.36319567e-01 2.07468840e-01 4.09941864e-01 1.22795243e+01
  1.24007918e+00 6.01199755e+01 3.33713442e+00 5.38818084e+00
  1.01184310e-01 5.03174652e+00 1.21160314e+01 3.71497586e-01
  6.83266308e-01 5.06281535e-01 5.30322787e-01 1.76086144e+01
  3.40680447e+00 1.02275895e+00 5.19319200e+00 2.96527301e+01
  1.22583530e-01 3.13486579e-01 2.10743786e+00 6.00460766e-01
  3.03932405e+00 4.16801967e-01 6.01881450e-01 5.24336108e-01
  3.26803712e+00 2.56274801e-01 2.42100530e+00 5.59990728e-01]
 [4.11913773e+02 6.46148032e+00 2.12921104e-01 1.11924421e+00
  1.55516794e+00 5.05292160e-01 4.29989486e-01 6.79069749e-01
  8.03021192e+04 5.23956861e-01 5.86989845e-01 1.06092083e+00
  3.75849432e+01 2.29700980e+00 5.20165032e-01 1.94481657e+00
  2.56669110e-01 2.25689409e-01 6.05511725e-01 3.23295123e+00
  6.17324709e+00 6.87994396e+03 6.45845638e-01 6.92027486e-01
  1.10990531e+00 9.08847349e+00 7.40985854e-01 2.88490521e+00
  5.13724178e-01 1.63586694e-01 9.65578188e-02 3.11151329e+00]]
