--------------------------------------------------------------------------
No OpenFabrics connection schemes reported that they were able to be
used on a specific port.  As such, the openib BTL (OpenFabrics
support) will be disabled for this port.

  Local host:           c3cpu-a2-u26-2
  Local device:         mlx5_0
  Local port:           1
  CPCs attempted:       rdmacm, udcm
--------------------------------------------------------------------------
[c3cpu-a2-u26-2.rc.int.colorado.edu:2317998] 63 more processes have sent help message help-mpi-btl-openib-cpc-base.txt / no cpcs for port
[c3cpu-a2-u26-2.rc.int.colorado.edu:2317998] Set MCA parameter "orte_base_help_aggregate" to 0 to see all help / error messages
1
50
2023-11-17 15:00:07
100
2023-11-17 15:02:14
elapsed:  249.2  seconds
150
2023-11-17 15:04:27
200
2023-11-17 15:06:37
elapsed:  512.5  seconds
250
2023-11-17 15:08:46
300
2023-11-17 15:10:52
elapsed:  767.2  seconds
350
2023-11-17 15:13:00
400
2023-11-17 15:15:07
elapsed:  1022.4  seconds
450
2023-11-17 15:17:17
500
2023-11-17 15:19:28
elapsed:  1283.9  seconds
550
2023-11-17 15:21:38
600
2023-11-17 15:23:49
elapsed:  1544.5  seconds
650
2023-11-17 15:26:01
/projects/muyang@colostate.edu/software/anaconda/envs/alpine_MCMC/lib/python3.11/site-packages/numpy/lib/function_base.py:2412: RuntimeWarning: divide by zero encountered in func (vectorized)
  outputs = ufunc(*inputs)
/projects/muyang@colostate.edu/software/anaconda/envs/alpine_MCMC/lib/python3.11/site-packages/numpy/lib/function_base.py:2412: RuntimeWarning: invalid value encountered in func (vectorized)
  outputs = ufunc(*inputs)
700
2023-11-17 15:28:11
elapsed:  1806.8  seconds
750
2023-11-17 15:30:22
800
2023-11-17 15:32:30
elapsed:  2065.8  seconds
850
2023-11-17 15:34:39
900
2023-11-17 15:36:45
elapsed:  2320.7  seconds
950
2023-11-17 15:38:53
1000
2023-11-17 15:40:57
elapsed:  2572.9  seconds
1050
2023-11-17 15:43:04
1100
2023-11-17 15:45:12
elapsed:  2827.4  seconds
1150
2023-11-17 15:47:22
1200
2023-11-17 15:49:32
elapsed:  3087.8  seconds
/projects/muyang@colostate.edu/software/anaconda/envs/alpine_MCMC/lib/python3.11/site-packages/numpy/lib/function_base.py:2412: RuntimeWarning: divide by zero encountered in func (vectorized)
  outputs = ufunc(*inputs)
/projects/muyang@colostate.edu/software/anaconda/envs/alpine_MCMC/lib/python3.11/site-packages/numpy/lib/function_base.py:2412: RuntimeWarning: invalid value encountered in func (vectorized)
  outputs = ufunc(*inputs)
1250
2023-11-17 15:51:42
1300
2023-11-17 15:53:52
elapsed:  3347.7  seconds
1350
2023-11-17 15:56:05
/projects/muyang@colostate.edu/software/anaconda/envs/alpine_MCMC/lib/python3.11/site-packages/numpy/lib/function_base.py:2412: RuntimeWarning: divide by zero encountered in func (vectorized)
  outputs = ufunc(*inputs)
/projects/muyang@colostate.edu/software/anaconda/envs/alpine_MCMC/lib/python3.11/site-packages/numpy/lib/function_base.py:2412: RuntimeWarning: invalid value encountered in func (vectorized)
  outputs = ufunc(*inputs)
1400
2023-11-17 15:58:16
elapsed:  3612.0  seconds
1450
2023-11-17 16:00:29
1500
2023-11-17 16:02:41
elapsed:  3876.4  seconds
1550
2023-11-17 16:04:54
1600
2023-11-17 16:07:06
elapsed:  4141.1  seconds
1650
2023-11-17 16:09:19
1700
2023-11-17 16:11:30
elapsed:  4405.3  seconds
1750
2023-11-17 16:13:44
1800
2023-11-17 16:15:57
elapsed:  4672.4  seconds
1850
2023-11-17 16:18:07
1900
2023-11-17 16:20:19
elapsed:  4934.1  seconds
1950
2023-11-17 16:22:31
2000
2023-11-17 16:24:40
elapsed:  5195.7  seconds
2050
2023-11-17 16:26:52
2100
2023-11-17 16:29:04
elapsed:  5459.4  seconds
2150
2023-11-17 16:31:17
2200
2023-11-17 16:33:28
elapsed:  5724.0  seconds
2250
2023-11-17 16:35:41
2300
2023-11-17 16:37:52
elapsed:  5987.5  seconds
2350
2023-11-17 16:40:04
2400
2023-11-17 16:42:12
elapsed:  6247.1  seconds
2450
2023-11-17 16:44:21
2500
2023-11-17 16:46:31
elapsed:  6506.1  seconds
2550
2023-11-17 16:48:40
2600
2023-11-17 16:50:49
elapsed:  6764.5  seconds
2650
2023-11-17 16:52:58
2700
2023-11-17 16:55:06
elapsed:  7021.9  seconds
2750
2023-11-17 16:57:18
2800
2023-11-17 16:59:28
elapsed:  7283.3  seconds
2850
2023-11-17 17:01:38
2900
2023-11-17 17:03:46
elapsed:  7542.0  seconds
2950
2023-11-17 17:05:56
/projects/muyang@colostate.edu/software/anaconda/envs/alpine_MCMC/lib/python3.11/site-packages/numpy/lib/function_base.py:2412: RuntimeWarning: divide by zero encountered in func (vectorized)
  outputs = ufunc(*inputs)
/projects/muyang@colostate.edu/software/anaconda/envs/alpine_MCMC/lib/python3.11/site-packages/numpy/lib/function_base.py:2412: RuntimeWarning: invalid value encountered in func (vectorized)
  outputs = ufunc(*inputs)
3000
2023-11-17 17:08:07
elapsed:  7802.7  seconds
3050
2023-11-17 17:10:20
3100
2023-11-17 17:12:33
elapsed:  8068.4  seconds
3150
2023-11-17 17:14:45
3200
2023-11-17 17:16:57
elapsed:  8332.6  seconds
3250
2023-11-17 17:19:09
3300
2023-11-17 17:21:20
elapsed:  8595.7  seconds
3350
2023-11-17 17:23:32
3400
2023-11-17 17:25:44
elapsed:  8859.1  seconds
3450
2023-11-17 17:27:56
3500
2023-11-17 17:30:06
elapsed:  9121.3  seconds
3550
2023-11-17 17:32:16
3600
2023-11-17 17:34:25
elapsed:  9380.2  seconds
3650
2023-11-17 17:36:33
3700
2023-11-17 17:38:41
elapsed:  9636.8  seconds
3750
2023-11-17 17:40:51
3800
2023-11-17 17:42:58
elapsed:  9893.2  seconds
3850
2023-11-17 17:45:07
3900
2023-11-17 17:47:15
elapsed:  10150.4  seconds
3950
2023-11-17 17:49:24
4000
2023-11-17 17:51:33
elapsed:  10408.7  seconds
4050
2023-11-17 17:53:43
4100
2023-11-17 17:55:50
elapsed:  10666.0  seconds
4150
2023-11-17 17:57:59
4200
2023-11-17 18:00:07
elapsed:  10922.7  seconds
4250
2023-11-17 18:02:18
4300
2023-11-17 18:04:25
elapsed:  11180.9  seconds
4350
2023-11-17 18:06:35
4400
2023-11-17 18:08:41
elapsed:  11436.9  seconds
4450
2023-11-17 18:10:48
4500
2023-11-17 18:12:54
elapsed:  11689.9  seconds
4550
2023-11-17 18:15:04
4600
2023-11-17 18:17:13
elapsed:  11948.5  seconds
4650
2023-11-17 18:19:24
4700
2023-11-17 18:21:33
elapsed:  12208.6  seconds
4750
2023-11-17 18:23:41
/projects/muyang@colostate.edu/software/anaconda/envs/alpine_MCMC/lib/python3.11/site-packages/numpy/lib/function_base.py:2412: RuntimeWarning: divide by zero encountered in func (vectorized)
  outputs = ufunc(*inputs)
/projects/muyang@colostate.edu/software/anaconda/envs/alpine_MCMC/lib/python3.11/site-packages/numpy/lib/function_base.py:2412: RuntimeWarning: invalid value encountered in func (vectorized)
  outputs = ufunc(*inputs)
4800
2023-11-17 18:25:50
elapsed:  12465.2  seconds
4850
2023-11-17 18:27:59
4900
2023-11-17 18:30:08
elapsed:  12723.7  seconds
4950
2023-11-17 18:32:19
5000
2023-11-17 18:34:29
elapsed:  12984.5  seconds
5050
2023-11-17 18:36:40
5100
2023-11-17 18:38:49
elapsed:  13244.4  seconds
5150
2023-11-17 18:41:00
5200
2023-11-17 18:43:11
elapsed:  13506.3  seconds
5250
2023-11-17 18:45:21
5300
2023-11-17 18:47:30
elapsed:  13765.7  seconds
5350
2023-11-17 18:49:40
5400
2023-11-17 18:51:48
elapsed:  14023.4  seconds
5450
2023-11-17 18:53:59
5500
2023-11-17 18:56:09
elapsed:  14284.3  seconds
5550
2023-11-17 18:58:20
5600
2023-11-17 19:00:29
elapsed:  14544.4  seconds
5650
2023-11-17 19:02:40
5700
2023-11-17 19:04:48
elapsed:  14803.6  seconds
5750
2023-11-17 19:06:57
5800
2023-11-17 19:09:05
elapsed:  15061.0  seconds
5850
2023-11-17 19:11:16
5900
2023-11-17 19:13:24
elapsed:  15319.7  seconds
5950
2023-11-17 19:15:34
6000
2023-11-17 19:17:41
elapsed:  15576.8  seconds
6050
2023-11-17 19:19:50
6100
2023-11-17 19:22:00
elapsed:  15835.1  seconds
6150
2023-11-17 19:24:12
6200
2023-11-17 19:26:21
elapsed:  16097.0  seconds
6250
2023-11-17 19:28:33
6300
2023-11-17 19:30:40
elapsed:  16355.9  seconds
6350
2023-11-17 19:32:50
6400
2023-11-17 19:34:58
elapsed:  16613.4  seconds
6450
2023-11-17 19:37:09
6500
2023-11-17 19:39:19
elapsed:  16874.2  seconds
6550
2023-11-17 19:41:30
6600
2023-11-17 19:43:38
elapsed:  17133.8  seconds
/projects/muyang@colostate.edu/software/anaconda/envs/alpine_MCMC/lib/python3.11/site-packages/numpy/lib/function_base.py:2412: RuntimeWarning: divide by zero encountered in func (vectorized)
  outputs = ufunc(*inputs)
/projects/muyang@colostate.edu/software/anaconda/envs/alpine_MCMC/lib/python3.11/site-packages/numpy/lib/function_base.py:2412: RuntimeWarning: invalid value encountered in func (vectorized)
  outputs = ufunc(*inputs)
6650
2023-11-17 19:45:51
6700
2023-11-17 19:48:02
elapsed:  17397.8  seconds
6750
2023-11-17 19:50:16
6800
2023-11-17 19:52:28
elapsed:  17663.7  seconds
6850
2023-11-17 19:54:41
6900
2023-11-17 19:56:52
elapsed:  17927.1  seconds
6950
2023-11-17 19:59:07
7000
2023-11-17 20:01:23
elapsed:  18198.3  seconds
7050
2023-11-17 20:03:41
7100
2023-11-17 20:05:55
elapsed:  18470.1  seconds
/projects/muyang@colostate.edu/software/anaconda/envs/alpine_MCMC/lib/python3.11/site-packages/numpy/lib/function_base.py:2412: RuntimeWarning: divide by zero encountered in func (vectorized)
  outputs = ufunc(*inputs)
/projects/muyang@colostate.edu/software/anaconda/envs/alpine_MCMC/lib/python3.11/site-packages/numpy/lib/function_base.py:2412: RuntimeWarning: invalid value encountered in func (vectorized)
  outputs = ufunc(*inputs)
7150
2023-11-17 20:08:06
7200
2023-11-17 20:10:17
elapsed:  18732.2  seconds
7250
2023-11-17 20:12:29
7300
2023-11-17 20:14:39
elapsed:  18994.7  seconds
7350
2023-11-17 20:16:53
7400
2023-11-17 20:19:04
elapsed:  19259.5  seconds
7450
2023-11-17 20:21:18
7500
2023-11-17 20:23:30
elapsed:  19525.7  seconds
7550
2023-11-17 20:25:45
7600
2023-11-17 20:27:58
elapsed:  19793.2  seconds
7650
2023-11-17 20:30:11
7700
2023-11-17 20:32:24
elapsed:  20059.8  seconds
7750
2023-11-17 20:34:39
7800
2023-11-17 20:36:52
elapsed:  20328.0  seconds
7850
2023-11-17 20:39:08
7900
2023-11-17 20:41:22
elapsed:  20597.7  seconds
7950
2023-11-17 20:43:37
8000
2023-11-17 20:45:50
elapsed:  20865.5  seconds
8050
2023-11-17 20:48:04
8100
2023-11-17 20:50:18
elapsed:  21133.4  seconds
8150
2023-11-17 20:52:32
8200
2023-11-17 20:54:46
elapsed:  21402.0  seconds
8250
2023-11-17 20:57:02
8300
2023-11-17 20:59:16
elapsed:  21671.8  seconds
8350
2023-11-17 21:01:32
8400
2023-11-17 21:03:46
elapsed:  21941.9  seconds
8450
2023-11-17 21:06:02
8500
2023-11-17 21:08:15
elapsed:  22210.1  seconds
8550
2023-11-17 21:10:27
8600
2023-11-17 21:12:38
elapsed:  22473.3  seconds
8650
2023-11-17 21:14:50
8700
2023-11-17 21:17:01
elapsed:  22736.8  seconds
8750
2023-11-17 21:19:12
8800
2023-11-17 21:21:20
elapsed:  22995.3  seconds
8850
2023-11-17 21:23:29
8900
2023-11-17 21:25:38
elapsed:  23253.7  seconds
8950
2023-11-17 21:27:50
9000
2023-11-17 21:29:59
elapsed:  23514.8  seconds
9050
2023-11-17 21:32:11
9100
2023-11-17 21:34:20
elapsed:  23775.9  seconds
9150
2023-11-17 21:36:31
9200
2023-11-17 21:38:39
elapsed:  24034.7  seconds
9250
2023-11-17 21:40:50
9300
2023-11-17 21:42:59
elapsed:  24294.9  seconds
9350
2023-11-17 21:45:11
9400
2023-11-17 21:47:18
elapsed:  24553.9  seconds
9450
2023-11-17 21:49:28
9500
2023-11-17 21:51:37
elapsed:  24812.8  seconds
9550
2023-11-17 21:53:48
9600
2023-11-17 21:55:57
elapsed:  25072.8  seconds
9650
2023-11-17 21:58:08
9700
2023-11-17 22:00:15
elapsed:  25330.6  seconds
9750
2023-11-17 22:02:25
9800
2023-11-17 22:04:34
elapsed:  25589.4  seconds
9850
2023-11-17 22:06:45
9900
2023-11-17 22:08:52
elapsed:  25847.7  seconds
9950
2023-11-17 22:11:01
elapsed:  26103.9  seconds
total time:  26108.2  seconds
true R:  [[1.26903295e+00 1.52238414e-01 3.82999711e-01 3.80120863e-01
  3.58614196e+02 6.23717809e-01 3.25393676e+01 8.59348869e-01
  9.98498970e-01 1.90446134e+00 4.68835854e-01 2.13665037e-01
  5.13437832e-01 2.16956177e+00 5.01032226e-01 1.62852351e+00
  1.18329547e-01 3.41813940e-01 3.28021474e+00 8.78923145e-01
  1.15391217e+00 3.81369021e-01 4.07500863e+01 2.81697283e-01
  4.51193569e-01 1.19376387e+00 9.16273377e-02 6.33306080e-01
  2.91262403e+00 3.84616681e-01 2.23936678e-01 8.00043178e-01
  3.14349197e+01 1.96389914e-01 1.81626027e-01 2.80234820e+00
  9.97058095e-02 4.78006031e-01 2.01513141e-01 3.20530962e+00
  5.15984725e-01 7.26627792e+01 5.39251415e-01 1.32772858e-01
  1.71975650e-01 4.40027413e+01 1.72209426e-01 8.80943541e-01
  3.23650435e+00 9.80419880e-01 4.24917166e+05 2.93904549e-01
  6.54567188e+01 5.46376850e-01 2.02197218e-01 1.43984820e+01
  1.19834312e+00 1.14701855e+00 6.04132091e-01 1.10745298e+00
  4.92172798e-01 2.06934970e+01 2.60373003e-01 2.73785210e-01]
 [5.94817940e+00 2.60266415e-01 6.42340135e+00 1.39208817e+00
  3.40445339e+01 6.96621104e-01 2.13397355e-01 7.45774547e-01
  3.21269407e-01 1.73870735e+01 2.86092901e-01 7.30737608e-01
  1.19015316e+01 1.97421297e+00 8.20738440e-02 3.73090303e+00
  1.60614203e+00 1.73719460e+00 6.31708059e-01 1.44309115e-01
  2.22636575e-01 1.04176788e-01 5.48793229e-01 7.07842011e-01
  2.26440484e-01 4.22392576e-01 8.85937173e-02 1.38356639e-01
  1.17370885e+00 6.05343736e-01 3.79097490e+01 3.93963553e-01
  8.87249751e-02 5.00520759e-01 2.26619406e+01 1.06965370e+01
  5.70597153e+00 1.23411058e+01 2.30615699e+00 2.26914177e-01
  3.01730230e+01 1.05984330e+01 4.25745273e+00 2.05843516e-01
  5.65659225e+00 1.48758979e-01 6.41473154e+00 8.63923749e-01
  5.61511931e-01 1.78346035e+01 1.99158746e-01 4.43513981e-01
  5.36202522e-01 2.72564394e+00 2.92241023e-01 6.27354962e-01
  1.58353951e+01 1.28921081e+01 7.52780795e+00 1.28426890e+01
  5.56337215e-01 3.25027289e-01 1.10698133e-01 1.81448466e+00]
 [4.70019791e+00 8.17750753e-02 7.74782948e-01 3.20993142e+02
  3.36194315e+02 5.98495546e+00 5.03907480e+00 5.66012849e-01
  9.78015503e+03 8.13470530e-01 7.48886160e-01 1.86976096e+00
  4.49991988e+00 7.38319917e-01 2.60718549e-01 1.57328280e+00
  1.16984311e+00 2.46981498e+00 2.00315460e+00 1.30160178e+00
  3.44588039e+00 9.22983932e-01 5.44871901e-01 1.01264104e+00
  1.07594713e+00 1.83459318e+01 1.06357013e-01 2.75002313e+04
  2.54980873e+02 7.39520863e+02 1.02113316e+00 6.77459731e+01
  1.98116805e-01 2.50723643e-01 4.01132438e+00 9.52403429e+00
  5.43517207e-01 2.90512997e+00 5.67601922e-01 1.80585936e-01
  1.45674400e+00 7.76475470e-02 1.00037638e+01 4.06597190e+00
  3.76091712e-01 4.37013973e+01 1.54000693e+00 6.92069455e+00
  3.01983493e+00 2.42671545e-01 1.15335046e+00 2.67127775e-01
  3.24621761e-01 2.41415698e+00 2.70770579e+01 1.02896755e+00
  5.66851318e-01 1.52202791e+01 3.69943998e-01 1.70898913e-01
  8.71441167e+00 5.54518615e+00 4.11714700e-01 9.85683589e-01]
 [4.10396758e-02 2.27790830e+01 1.21893866e+00 9.64966940e-02
  1.88079537e+00 2.70212487e-01 1.37378583e+00 8.52606127e+01
  1.69048786e-01 6.25186754e-01 1.42367746e+01 7.82299916e-01
  4.59871962e+00 1.43987191e+01 1.91976891e+01 3.94044578e+01
  3.74454109e+00 3.36277131e-01 3.84376306e+00 2.52748086e-01
  2.91319898e+00 4.99055914e+01 3.85490961e-01 3.22889438e-01
  4.64413500e-01 3.62394439e-01 5.34732476e-01 1.06265227e+02
  7.74604010e-01 3.30504048e-01 2.08271056e-01 1.06434726e-01
  1.70417566e+00 8.01047773e+00 1.07049152e-01 3.07072484e+00
  2.66242573e-01 1.14466269e-01 9.22258506e-01 6.41310603e+00
  7.21656255e+00 4.16670383e+00 1.19354921e-01 1.10175005e+01
  2.71330875e-01 2.42057750e+00 4.00709653e+00 3.19338843e+00
  6.15125328e-01 2.06373112e+01 6.97587628e-01 2.10902789e+00
  2.58015829e+00 5.74833800e-01 2.03773695e-01 6.23657522e+02
  5.75853126e-01 5.96072564e-01 2.05348465e-01 9.14577678e+00
  2.77093657e+01 2.48954322e+00 2.61240532e-01 1.06095941e+00]
 [4.47706751e-01 9.04040719e-02 1.93411422e+00 2.79132167e+00
  4.46646449e-01 4.54468311e+02 7.05776388e-01 7.78189467e-01
  1.49068512e+00 2.39752009e+00 3.27926544e+00 3.88612651e+00
  3.89678760e+00 2.32925003e+00 7.09299734e-01 1.21664638e+02
  5.89368199e-01 1.93381967e+01 2.17350103e-01 5.67366280e+01
  7.59927717e-01 5.45918788e+00 3.95176158e+00 5.61729356e-01
  9.31935529e+01 6.53334664e+01 4.41957136e-01 4.88046126e-01
  1.39675035e+00 3.31237381e-01 1.43335473e+00 9.06654406e+04
  7.47384240e-01 8.17137028e+00 1.11659748e+00 1.06414168e+00
  4.47846867e+00 8.98003745e-02 1.11248738e+00 1.25655078e+00
  2.17976737e+00 3.19192150e+02 9.34418027e-01 4.35595322e-01
  4.80980690e-01 1.44632986e+00 5.39008458e+00 2.01456585e+00
  9.12211603e+00 1.08282236e+04 1.21684538e+01 1.26330832e+01
  1.76092061e-01 5.18029374e+00 2.98326218e+00 6.23908770e+00
  1.02466479e+02 3.90193185e-01 3.94786050e+00 1.07637851e+01
  1.76809319e+00 3.55810575e+00 2.81983422e+00 1.03643210e+00]
 [1.79063445e-01 1.40185505e+01 1.46284795e+00 2.26360772e+02
  7.73097652e-01 1.66603990e+02 1.06469839e+01 1.46160550e-01
  4.75918241e-01 6.32458091e+00 2.76066394e-01 1.33031228e+00
  3.10084966e-01 8.50275094e-01 1.67798024e+01 3.26151836e+00
  2.35707578e+01 5.74288699e+00 6.17473859e-01 7.41633039e-01
  5.23476668e-01 1.37635354e-01 2.27952454e+00 9.79761007e-01
  4.64262831e-01 1.35969612e+00 3.49733300e+00 8.62509008e+00
  1.38642919e+02 6.40816791e+00 5.19774925e-01 9.23482917e-01
  3.42979354e-01 3.38168804e+01 9.23624486e-02 1.35131568e+01
  1.03445346e+00 2.25376037e+00 6.75000327e-01 1.94349636e+01
  6.59716389e-01 1.73686483e+00 4.52620525e-01 1.38885505e+03
  3.37389945e+00 7.65180679e+00 1.85548812e+00 2.26222153e-01
  3.57475797e-01 1.03483570e+02 5.10163754e-01 7.07004602e+00
  9.29852728e-01 5.80433096e-01 1.42017232e+00 1.16879520e+02
  2.79120515e+00 4.01625981e+00 8.68506470e-01 9.17743997e-01
  9.57093463e+00 2.80661851e+00 1.24471065e+00 2.62973081e-01]
 [3.23889338e+00 6.72920935e+00 4.59981884e+00 4.73361393e+00
  1.13703811e+00 1.58714608e+00 1.39511096e+00 1.36765197e+00
  8.40531602e-01 9.18211949e+00 2.68053713e+00 6.18040230e-01
  8.29738505e+00 7.84320123e-01 7.16798346e-01 8.82126923e+00
  2.98896557e-01 1.71307494e-01 9.88396354e+01 4.72977814e-01
  8.12090325e+02 7.83141284e+00 1.79494071e-01 5.84776533e+02
  5.65525578e-01 4.89964022e-01 7.13886211e-01 5.21328399e-01
  1.03730784e+00 1.69062217e-01 7.70217865e-01 6.16478884e+01
  2.97193738e-01 5.24345196e+00 5.75190289e+00 1.34084927e-01
  1.30591769e-01 1.70431000e+00 6.44058747e-01 2.67988456e-01
  1.61180465e+00 3.99481468e+00 1.07647422e+00 3.72134093e-01
  1.33695538e+00 4.97116741e-01 1.73687167e-01 3.19467800e-01
  2.05993858e+01 1.33314836e-01 4.44567030e+01 2.44045210e+02
  4.98314444e-01 2.31975934e+02 1.69941036e+00 1.60077917e+00
  4.37487773e-01 1.43122657e+00 1.90675920e+00 5.29560479e-01
  3.44957384e-01 1.38453530e+00 8.28225541e-02 2.92920420e+01]
 [1.41141725e+00 2.48559060e+00 4.05990141e+00 7.52528332e+00
  3.31841785e-01 2.37914486e-01 3.76640212e+00 2.90945276e-01
  5.48969724e-01 2.20385383e-01 2.64391444e-01 1.65507193e-01
  4.41898141e+00 1.05980898e+00 1.70935040e+00 6.05806734e-01
  1.40449093e+00 1.79196149e-01 1.69668581e+00 3.88799988e-01
  7.65028757e+00 9.87100401e-01 4.59819209e-01 7.04785179e-01
  1.16265280e+00 2.72470866e-01 8.90634505e-01 4.92735830e+03
  6.77016287e+01 1.60571761e+00 3.67101260e-01 1.81547358e-01
  5.65283988e+02 3.39872686e+01 1.08633105e+00 6.64305242e-01
  8.90874739e-01 2.54994743e+00 5.84025799e+00 3.33009237e+01
  1.94277001e+01 3.00809767e-01 3.91398807e-01 2.11001014e-01
  4.15241056e+00 5.42050230e-01 2.75516063e+00 6.57293433e-01
  1.96489838e+00 3.16239793e+00 7.76551579e-01 4.33367524e+02
  5.54288112e-01 1.07573418e+01 6.42030529e+00 1.71654029e+00
  7.59620659e+02 7.92292863e+01 3.33751423e-01 1.27034597e+00
  6.07476302e-01 1.57500533e-01 2.91722831e-01 1.21718617e+02]
 [8.48652949e-01 1.54118394e-01 4.55848634e-01 1.13770309e+00
  2.40529834e+00 1.92397919e+00 1.99314226e-01 1.34817235e+01
  4.03276161e+00 3.49404195e-01 1.31519569e+01 4.92645149e-01
  1.47960392e-01 5.20812198e+00 7.74151218e+00 1.95296243e-01
  1.28568946e+00 1.76120301e-01 1.71276092e-01 2.96718279e-01
  2.68166072e+00 6.52624388e-01 4.56924580e-01 4.69179160e+01
  2.94695457e+00 1.01422394e-01 2.19078603e+00 9.99850250e-02
  1.03680782e+01 4.13195816e+00 2.01884516e+00 1.56811810e+02
  9.26123712e+00 4.72265617e+01 1.44040910e+04 9.36954406e+00
  7.69321552e+01 7.11658129e+01 1.53710541e+00 1.20846372e+00
  3.20634064e+01 2.23274623e+00 5.37410326e+00 5.87283473e+00
  1.12554182e-01 1.86813317e+00 1.20866922e+02 7.61674597e+02
  6.58105837e+02 8.28739889e-01 3.66224718e+01 8.37525303e-01
  5.01635898e+00 2.90913327e+00 9.34103100e-01 9.00959192e+00
  2.22993869e-01 7.21286148e-01 9.61563869e-02 1.23752752e+00
  1.38207386e-01 5.02951785e+03 2.81332159e-01 6.89402484e-01]
 [1.74336376e-01 4.85414617e-01 2.21325161e+02 5.79003379e-01
  8.98980836e-01 4.33808343e+00 2.28719816e-01 2.20316029e-01
  1.70247640e+00 1.44045620e+01 1.09606271e+00 1.42571361e+01
  1.61434970e-01 3.23484718e+00 1.79209730e-01 1.52081745e+00
  1.55299444e-01 3.40446625e+00 1.75051796e-01 1.04014609e+01
  8.20839930e-01 1.27611479e+01 1.33650404e+00 1.42203173e-01
  3.06065458e+00 1.43742214e+01 1.92896752e-01 1.04870829e-01
  1.13895774e-01 2.74255263e+00 1.60739403e-01 6.59790398e-01
  4.43249407e+00 5.84104795e+00 2.64556889e+00 1.12069756e+00
  2.54867674e+01 2.22791389e+01 2.14773131e-01 1.55519889e+00
  3.50400710e+03 1.10578055e+02 1.23397131e-01 2.58482110e+01
  2.20686107e+02 2.11318960e+00 3.25300613e+01 4.09821451e-01
  1.77687193e-01 5.23022853e-01 1.23771463e+00 1.53853748e+00
  3.40701246e+00 2.62796795e+00 3.04202749e-01 1.21938040e+00
  1.43402551e+01 2.69186899e+00 1.74834918e+00 5.03596927e-01
  5.33212748e+00 1.83253389e+00 5.15591135e+02 1.46049182e-01]]
