--------------------------------------------------------------------------
No OpenFabrics connection schemes reported that they were able to be
used on a specific port.  As such, the openib BTL (OpenFabrics
support) will be disabled for this port.

  Local host:           c3cpu-a2-u17-4
  Local device:         mlx5_0
  Local port:           1
  CPCs attempted:       rdmacm, udcm
--------------------------------------------------------------------------
[c3cpu-a2-u17-4.rc.int.colorado.edu:476056] 63 more processes have sent help message help-mpi-btl-openib-cpc-base.txt / no cpcs for port
[c3cpu-a2-u17-4.rc.int.colorado.edu:476056] Set MCA parameter "orte_base_help_aggregate" to 0 to see all help / error messages
1
50
2023-11-17 14:59:43
100
2023-11-17 15:01:27
elapsed:  207.6  seconds
150
2023-11-17 15:03:16
200
2023-11-17 15:05:01
elapsed:  421.6  seconds
250
2023-11-17 15:06:48
300
2023-11-17 15:08:33
elapsed:  633.4  seconds
350
2023-11-17 15:10:23
400
2023-11-17 15:12:12
elapsed:  852.3  seconds
450
2023-11-17 15:14:01
500
2023-11-17 15:15:50
elapsed:  1070.0  seconds
550
2023-11-17 15:17:40
600
2023-11-17 15:19:27
elapsed:  1287.4  seconds
650
2023-11-17 15:21:18
700
2023-11-17 15:23:08
elapsed:  1507.9  seconds
750
2023-11-17 15:24:57
800
2023-11-17 15:26:45
elapsed:  1725.4  seconds
850
2023-11-17 15:28:35
900
2023-11-17 15:30:23
elapsed:  1943.6  seconds
950
2023-11-17 15:32:12
1000
2023-11-17 15:33:59
elapsed:  2159.5  seconds
1050
2023-11-17 15:35:49
1100
2023-11-17 15:37:38
elapsed:  2378.4  seconds
1150
2023-11-17 15:39:29
1200
2023-11-17 15:41:19
elapsed:  2599.2  seconds
1250
2023-11-17 15:43:09
1300
2023-11-17 15:45:00
elapsed:  2820.5  seconds
1350
2023-11-17 15:46:53
1400
2023-11-17 15:48:42
elapsed:  3042.7  seconds
1450
2023-11-17 15:50:32
1500
2023-11-17 15:52:23
elapsed:  3263.1  seconds
1550
2023-11-17 15:54:14
1600
2023-11-17 15:56:04
elapsed:  3484.3  seconds
1650
2023-11-17 15:57:55
1700
2023-11-17 15:59:44
elapsed:  3704.1  seconds
1750
2023-11-17 16:01:35
1800
2023-11-17 16:03:24
elapsed:  3924.6  seconds
1850
2023-11-17 16:05:15
1900
2023-11-17 16:07:03
elapsed:  4143.3  seconds
1950
2023-11-17 16:08:53
2000
2023-11-17 16:10:41
elapsed:  4361.8  seconds
2050
2023-11-17 16:12:32
/projects/muyang@colostate.edu/software/anaconda/envs/alpine_MCMC/lib/python3.11/site-packages/numpy/lib/function_base.py:2412: RuntimeWarning: divide by zero encountered in func (vectorized)
  outputs = ufunc(*inputs)
/projects/muyang@colostate.edu/software/anaconda/envs/alpine_MCMC/lib/python3.11/site-packages/numpy/lib/function_base.py:2412: RuntimeWarning: invalid value encountered in func (vectorized)
  outputs = ufunc(*inputs)
2100
2023-11-17 16:14:21
elapsed:  4581.6  seconds
2150
2023-11-17 16:16:12
2200
2023-11-17 16:18:00
elapsed:  4800.2  seconds
2250
2023-11-17 16:19:47
2300
2023-11-17 16:21:37
elapsed:  5017.6  seconds
2350
2023-11-17 16:23:26
2400
2023-11-17 16:25:12
elapsed:  5232.5  seconds
2450
2023-11-17 16:27:00
2500
2023-11-17 16:28:47
elapsed:  5446.9  seconds
2550
2023-11-17 16:30:33
2600
2023-11-17 16:32:20
elapsed:  5660.7  seconds
2650
2023-11-17 16:34:10
2700
2023-11-17 16:35:58
elapsed:  5878.7  seconds
2750
2023-11-17 16:37:49
2800
2023-11-17 16:39:38
elapsed:  6097.9  seconds
2850
2023-11-17 16:41:27
2900
2023-11-17 16:43:14
elapsed:  6313.9  seconds
2950
2023-11-17 16:45:03
3000
2023-11-17 16:46:49
elapsed:  6529.3  seconds
3050
2023-11-17 16:48:38
3100
2023-11-17 16:50:28
elapsed:  6747.9  seconds
3150
2023-11-17 16:52:18
3200
2023-11-17 16:54:07
elapsed:  6967.4  seconds
3250
2023-11-17 16:55:57
3300
2023-11-17 16:57:45
elapsed:  7185.4  seconds
3350
2023-11-17 16:59:33
3400
2023-11-17 17:01:20
elapsed:  7400.4  seconds
3450
2023-11-17 17:03:09
3500
2023-11-17 17:04:57
elapsed:  7617.3  seconds
3550
2023-11-17 17:06:47
/projects/muyang@colostate.edu/software/anaconda/envs/alpine_MCMC/lib/python3.11/site-packages/numpy/lib/function_base.py:2412: RuntimeWarning: divide by zero encountered in func (vectorized)
  outputs = ufunc(*inputs)
/projects/muyang@colostate.edu/software/anaconda/envs/alpine_MCMC/lib/python3.11/site-packages/numpy/lib/function_base.py:2412: RuntimeWarning: invalid value encountered in func (vectorized)
  outputs = ufunc(*inputs)
3600
2023-11-17 17:08:35
elapsed:  7835.6  seconds
/projects/muyang@colostate.edu/software/anaconda/envs/alpine_MCMC/lib/python3.11/site-packages/numpy/lib/function_base.py:2412: RuntimeWarning: divide by zero encountered in func (vectorized)
  outputs = ufunc(*inputs)
/projects/muyang@colostate.edu/software/anaconda/envs/alpine_MCMC/lib/python3.11/site-packages/numpy/lib/function_base.py:2412: RuntimeWarning: invalid value encountered in func (vectorized)
  outputs = ufunc(*inputs)
3650
2023-11-17 17:10:27
3700
2023-11-17 17:12:18
elapsed:  8058.1  seconds
3750
2023-11-17 17:14:11
3800
2023-11-17 17:16:02
elapsed:  8281.9  seconds
/projects/muyang@colostate.edu/software/anaconda/envs/alpine_MCMC/lib/python3.11/site-packages/numpy/lib/function_base.py:2412: RuntimeWarning: divide by zero encountered in func (vectorized)
  outputs = ufunc(*inputs)
/projects/muyang@colostate.edu/software/anaconda/envs/alpine_MCMC/lib/python3.11/site-packages/numpy/lib/function_base.py:2412: RuntimeWarning: invalid value encountered in func (vectorized)
  outputs = ufunc(*inputs)
3850
2023-11-17 17:17:53
3900
2023-11-17 17:19:40
elapsed:  8500.2  seconds
3950
2023-11-17 17:21:29
/projects/muyang@colostate.edu/software/anaconda/envs/alpine_MCMC/lib/python3.11/site-packages/numpy/lib/function_base.py:2412: RuntimeWarning: divide by zero encountered in func (vectorized)
  outputs = ufunc(*inputs)
/projects/muyang@colostate.edu/software/anaconda/envs/alpine_MCMC/lib/python3.11/site-packages/numpy/lib/function_base.py:2412: RuntimeWarning: invalid value encountered in func (vectorized)
  outputs = ufunc(*inputs)
4000
2023-11-17 17:23:19
elapsed:  8719.7  seconds
4050
2023-11-17 17:25:11
4100
2023-11-17 17:27:00
elapsed:  8940.4  seconds
4150
2023-11-17 17:28:50
4200
2023-11-17 17:30:40
elapsed:  9159.9  seconds
4250
2023-11-17 17:32:30
4300
2023-11-17 17:34:20
elapsed:  9380.2  seconds
4350
2023-11-17 17:36:09
4400
2023-11-17 17:37:56
elapsed:  9596.8  seconds
4450
2023-11-17 17:39:43
4500
2023-11-17 17:41:29
elapsed:  9809.2  seconds
4550
2023-11-17 17:43:18
4600
2023-11-17 17:45:08
elapsed:  10028.7  seconds
4650
2023-11-17 17:46:58
4700
2023-11-17 17:48:44
elapsed:  10244.5  seconds
4750
2023-11-17 17:50:34
4800
2023-11-17 17:52:24
elapsed:  10464.0  seconds
4850
2023-11-17 17:54:15
4900
2023-11-17 17:56:07
elapsed:  10686.9  seconds
4950
2023-11-17 17:57:59
5000
2023-11-17 17:59:48
elapsed:  10908.4  seconds
5050
2023-11-17 18:01:37
5100
2023-11-17 18:03:27
elapsed:  11126.9  seconds
5150
2023-11-17 18:05:18
5200
2023-11-17 18:07:08
elapsed:  11348.6  seconds
5250
2023-11-17 18:08:59
5300
2023-11-17 18:10:48
elapsed:  11568.0  seconds
5350
2023-11-17 18:12:37
5400
2023-11-17 18:14:26
elapsed:  11786.7  seconds
5450
2023-11-17 18:16:16
5500
2023-11-17 18:18:04
elapsed:  12004.4  seconds
5550
2023-11-17 18:19:53
5600
2023-11-17 18:21:40
elapsed:  12220.8  seconds
5650
2023-11-17 18:23:29
5700
2023-11-17 18:25:16
elapsed:  12436.8  seconds
5750
2023-11-17 18:27:06
/projects/muyang@colostate.edu/software/anaconda/envs/alpine_MCMC/lib/python3.11/site-packages/numpy/lib/function_base.py:2412: RuntimeWarning: divide by zero encountered in func (vectorized)
  outputs = ufunc(*inputs)
/projects/muyang@colostate.edu/software/anaconda/envs/alpine_MCMC/lib/python3.11/site-packages/numpy/lib/function_base.py:2412: RuntimeWarning: invalid value encountered in func (vectorized)
  outputs = ufunc(*inputs)
5800
2023-11-17 18:28:55
elapsed:  12655.2  seconds
5850
2023-11-17 18:30:44
5900
2023-11-17 18:32:32
elapsed:  12872.8  seconds
5950
2023-11-17 18:34:23
6000
2023-11-17 18:36:11
elapsed:  13091.8  seconds
6050
2023-11-17 18:38:01
6100
2023-11-17 18:39:49
elapsed:  13309.8  seconds
6150
2023-11-17 18:41:40
6200
2023-11-17 18:43:29
elapsed:  13529.3  seconds
6250
2023-11-17 18:45:19
6300
2023-11-17 18:47:07
elapsed:  13747.8  seconds
/projects/muyang@colostate.edu/software/anaconda/envs/alpine_MCMC/lib/python3.11/site-packages/numpy/lib/function_base.py:2412: RuntimeWarning: divide by zero encountered in func (vectorized)
  outputs = ufunc(*inputs)
/projects/muyang@colostate.edu/software/anaconda/envs/alpine_MCMC/lib/python3.11/site-packages/numpy/lib/function_base.py:2412: RuntimeWarning: invalid value encountered in func (vectorized)
  outputs = ufunc(*inputs)
6350
2023-11-17 18:48:58
6400
2023-11-17 18:50:49
elapsed:  13969.1  seconds
6450
2023-11-17 18:52:41
/projects/muyang@colostate.edu/software/anaconda/envs/alpine_MCMC/lib/python3.11/site-packages/numpy/lib/function_base.py:2412: RuntimeWarning: divide by zero encountered in func (vectorized)
  outputs = ufunc(*inputs)
/projects/muyang@colostate.edu/software/anaconda/envs/alpine_MCMC/lib/python3.11/site-packages/numpy/lib/function_base.py:2412: RuntimeWarning: invalid value encountered in func (vectorized)
  outputs = ufunc(*inputs)
6500
2023-11-17 18:54:31
elapsed:  14191.6  seconds
6550
2023-11-17 18:56:25
6600
2023-11-17 18:58:19
elapsed:  14419.7  seconds
6650
2023-11-17 19:00:14
6700
2023-11-17 19:02:06
elapsed:  14646.1  seconds
6750
2023-11-17 19:03:57
6800
2023-11-17 19:05:49
elapsed:  14869.5  seconds
6850
2023-11-17 19:07:40
6900
2023-11-17 19:09:30
elapsed:  15090.5  seconds
6950
2023-11-17 19:11:22
7000
2023-11-17 19:13:13
elapsed:  15313.0  seconds
7050
2023-11-17 19:15:03
7100
2023-11-17 19:16:50
elapsed:  15530.0  seconds
7150
2023-11-17 19:18:37
7200
2023-11-17 19:20:26
elapsed:  15746.0  seconds
7250
2023-11-17 19:22:16
7300
2023-11-17 19:24:05
elapsed:  15965.7  seconds
7350
2023-11-17 19:25:57
7400
2023-11-17 19:27:49
elapsed:  16189.3  seconds
7450
2023-11-17 19:29:43
7500
2023-11-17 19:31:35
elapsed:  16415.7  seconds
/projects/muyang@colostate.edu/software/anaconda/envs/alpine_MCMC/lib/python3.11/site-packages/numpy/lib/function_base.py:2412: RuntimeWarning: divide by zero encountered in func (vectorized)
  outputs = ufunc(*inputs)
/projects/muyang@colostate.edu/software/anaconda/envs/alpine_MCMC/lib/python3.11/site-packages/numpy/lib/function_base.py:2412: RuntimeWarning: invalid value encountered in func (vectorized)
  outputs = ufunc(*inputs)
7550
2023-11-17 19:33:27
7600
2023-11-17 19:35:18
elapsed:  16638.1  seconds
7650
2023-11-17 19:37:11
7700
2023-11-17 19:39:01
elapsed:  16861.0  seconds
7750
2023-11-17 19:40:50
7800
2023-11-17 19:42:40
elapsed:  17080.0  seconds
7850
2023-11-17 19:44:30
7900
2023-11-17 19:46:19
elapsed:  17299.6  seconds
7950
2023-11-17 19:48:09
8000
2023-11-17 19:49:58
elapsed:  17518.3  seconds
8050
2023-11-17 19:51:48
8100
2023-11-17 19:53:38
elapsed:  17738.8  seconds
8150
2023-11-17 19:55:29
8200
2023-11-17 19:57:18
elapsed:  17958.1  seconds
8250
2023-11-17 19:59:08
8300
2023-11-17 20:00:58
elapsed:  18178.8  seconds
8350
2023-11-17 20:02:48
8400
2023-11-17 20:04:38
elapsed:  18398.6  seconds
8450
2023-11-17 20:06:30
8500
2023-11-17 20:08:21
elapsed:  18621.1  seconds
8550
2023-11-17 20:10:12
8600
2023-11-17 20:12:03
elapsed:  18843.2  seconds
8650
2023-11-17 20:13:55
8700
2023-11-17 20:15:45
elapsed:  19065.2  seconds
8750
2023-11-17 20:17:35
8800
2023-11-17 20:19:23
elapsed:  19283.2  seconds
8850
2023-11-17 20:21:15
8900
2023-11-17 20:23:04
elapsed:  19504.7  seconds
8950
2023-11-17 20:24:55
9000
2023-11-17 20:26:43
elapsed:  19723.6  seconds
9050
2023-11-17 20:28:32
9100
2023-11-17 20:30:19
elapsed:  19939.7  seconds
9150
2023-11-17 20:32:09
9200
2023-11-17 20:33:57
elapsed:  20157.5  seconds
9250
2023-11-17 20:35:48
9300
2023-11-17 20:37:37
elapsed:  20377.8  seconds
9350
2023-11-17 20:39:28
9400
2023-11-17 20:41:18
elapsed:  20598.1  seconds
9450
2023-11-17 20:43:08
9500
2023-11-17 20:44:57
elapsed:  20817.2  seconds
9550
2023-11-17 20:46:50
9600
2023-11-17 20:48:41
elapsed:  21041.2  seconds
9650
2023-11-17 20:50:34
9700
2023-11-17 20:52:24
elapsed:  21264.0  seconds
9750
2023-11-17 20:54:15
9800
2023-11-17 20:56:06
elapsed:  21486.2  seconds
9850
2023-11-17 20:57:55
9900
2023-11-17 20:59:43
elapsed:  21703.3  seconds
9950
2023-11-17 21:01:33
elapsed:  21921.1  seconds
total time:  21924.6  seconds
true R:  [[2.51947761e+00 7.90440763e-01 9.23802499e-01 1.48007159e+00
  1.87544591e+01 2.74377004e+00 8.98411394e-01 2.08394202e+00
  1.89190906e+00 3.28754963e-01 2.26222753e+00 2.76871067e+00
  6.62667329e+00 7.99229408e-01 8.14552290e-01 6.14024364e-01
  5.75134216e+01 3.58237674e-01 1.54453228e+00 1.15932272e+01
  1.42523764e+00 7.18174529e-01 6.23455347e-01 1.49111375e-01
  2.39728393e+01 8.66668794e-01 1.03638150e+02 2.88093568e+00
  2.04229563e+01 2.12050830e+00 5.29871267e-01 2.77966890e-01
  2.11998963e+00 1.21334988e+00 1.07713949e+00 2.78203492e-01
  1.30064273e+00 5.54342425e-01 2.71017088e-01 1.28354579e-01
  2.07960721e-01 1.94382956e+01 8.75495871e-01 2.07512010e+00
  4.56634675e+00 9.89351254e-01 2.01235338e-01 7.27364945e-01
  1.60773775e+00 1.72181055e+00 3.62519511e+00 4.21160194e+00
  2.74487602e+02 1.00541476e+00 8.20771642e-01 3.69073254e+01
  1.08129819e+01 4.47990466e-01 9.79183401e-01 3.71494046e+00
  5.03737451e+00 9.44718347e-02 3.90114023e+01 4.44358090e+00]
 [1.30970477e+00 4.03003416e-01 4.60785007e+00 1.08991725e-01
  4.55569655e-01 2.23154916e-01 2.32346817e+00 1.36477301e-01
  3.54406733e-01 2.91870425e+01 3.45259486e+00 6.46405196e-01
  1.08134773e+00 7.35126905e-01 5.26913161e+00 8.98086920e-01
  7.44374182e-01 7.20502363e-01 6.34105381e-01 3.33426899e+00
  2.86151975e-01 4.86659884e-01 1.42504081e+01 4.25097209e-01
  7.56598913e-01 8.27731416e-01 4.99059774e-01 6.44056218e-01
  1.77682341e+00 4.28645080e-01 1.88277451e+00 3.61910692e-01
  7.72657995e-01 1.99638138e-01 1.29373348e+00 1.38844200e+01
  4.04345322e-01 1.79114270e+00 1.83537896e+00 4.83356186e+01
  1.24109696e+00 2.92945251e-01 1.23985730e+00 1.39631629e+00
  1.19452804e+00 5.17330104e-01 7.61415437e-01 4.76099562e+00
  2.74753543e+02 2.21642657e-01 1.45790587e+00 1.81008791e+00
  3.37422464e-01 3.33996652e-01 3.90526987e-01 3.13563075e-01
  4.39150898e+00 1.32630399e+00 2.88687675e+01 7.80163243e-01
  4.72195894e-01 8.39305191e-01 2.29156841e+00 5.34324175e-01]
 [2.98316506e-01 2.47368690e-01 1.26932581e+00 4.38958373e+00
  6.33833393e+00 3.59184735e-01 1.96232895e+01 1.03542793e+02
  6.98528128e-01 3.48306637e+02 2.82208789e+00 4.77743119e+00
  2.52476300e-01 1.53591902e+00 3.40835283e-01 1.94177676e+00
  4.22071462e+02 3.14365919e+00 9.85299959e-01 3.78978383e-01
  1.40243686e-01 6.32499180e-01 2.81480775e-01 7.24418655e+00
  1.78679618e-01 3.16754976e+00 2.76055516e+00 9.02975437e-02
  3.18618471e+00 1.70057355e-01 1.85309304e+00 1.20428326e-01
  4.28264760e+00 5.98185139e+03 4.21075153e+01 5.33210220e-01
  4.71933663e+00 2.79245682e+00 4.56266923e-01 1.59622327e+00
  3.67220655e-01 2.51957349e+02 1.04531666e-01 4.99160849e+00
  3.68621703e-01 1.67223262e+01 1.52712667e+03 3.61384388e+00
  7.70944512e-01 4.40465115e-01 1.61014712e-01 3.13317819e-01
  7.12593986e-02 2.37011153e+00 1.49219529e+02 2.90838252e+00
  3.06600599e+00 2.90135370e+01 5.30729016e+00 1.80354839e+01
  2.76543022e-01 2.42614431e+02 2.00551646e+01 2.92283646e+02]
 [3.76612689e+00 1.79940347e-01 1.12642144e+00 3.33165181e+01
  7.17083029e-01 1.37389371e+00 4.77194844e+00 8.04630024e+01
  5.58610356e-01 2.18109883e+00 1.02617272e+00 2.56491978e+00
  4.87551950e-01 3.58337692e+00 2.41216330e-01 3.17835348e+00
  5.47736316e-01 7.06313567e-02 2.39729827e+00 6.00923919e+02
  9.35966099e-01 1.39480709e-01 5.32975246e+00 3.88503018e+00
  5.30029853e+00 5.32529009e+01 4.63151516e+00 2.97416554e+00
  6.97014276e-01 2.40409170e-01 2.98443715e-01 1.16718221e+02
  5.40130846e-01 4.49214183e-01 1.71466767e+00 2.32988152e+00
  3.81979015e-01 7.32856272e-01 6.02510533e-01 1.10260114e+01
  3.90854447e-01 3.45597704e-01 2.21272923e+01 2.18082232e+02
  1.35378418e+00 6.72920125e+00 2.84717966e+00 2.17485786e+01
  1.91193938e+02 2.76092306e-01 5.38187711e-01 4.02473161e+03
  3.34608737e-01 1.15425881e+00 1.86336550e-01 1.75602859e-01
  7.24530411e+00 7.59619683e-01 1.18308511e+03 1.37294115e+02
  8.63586733e+00 1.52733578e+00 4.66457254e-01 1.15221820e-01]
 [6.83258770e-01 4.34395796e-01 2.03501558e-01 9.17329203e-01
  5.33692096e-01 5.00795019e+01 3.04892064e+00 2.24655750e+00
  2.40348902e+02 1.41506850e-01 1.04830751e+01 6.23985246e-01
  1.52804422e-01 3.28153217e+00 1.76240606e+00 1.15614024e+00
  4.75380330e-01 4.74949687e+00 1.11151511e+00 3.06830925e-01
  7.53790288e-01 5.15464807e-01 7.49394381e-01 3.94417540e+00
  2.47674604e+00 5.90266928e+00 1.98265701e-01 1.27156329e-01
  3.25408715e-01 7.39223779e+01 3.70541698e-01 4.20578601e+00
  9.91768202e-02 1.05926386e+01 4.74893114e+01 3.95325323e-01
  1.78445004e-01 1.03479004e+02 2.32911664e+00 5.98663910e-01
  1.10384817e+00 6.26176130e-01 3.53210861e-01 5.18301509e+00
  1.80585771e-01 2.43153172e-01 5.63918717e-01 2.12205533e-01
  2.60084974e-01 3.23472788e-01 4.54251212e-01 3.00012398e+00
  1.51469646e+01 4.17888587e-01 1.30972419e-01 4.42167380e-01
  8.23266495e-01 1.65150383e+00 3.15488233e+00 9.77285113e+00
  5.99624427e-01 2.92131518e-01 1.99234611e-01 5.37395212e-01]
 [1.05527057e+01 9.43261276e+00 1.78105015e-01 1.06381904e+00
  1.29429250e-01 8.69527433e-01 2.10298588e-01 1.41018906e+01
  2.65337030e-01 2.09333257e-01 2.59405967e+00 5.67940632e+01
  9.61738234e-01 4.35604584e+01 8.80167894e-01 4.19650924e+01
  7.06025788e-01 1.22968017e+00 1.12138749e+01 6.27930243e-01
  3.78108015e-01 5.26003530e+00 6.28736176e+00 9.77158143e-01
  6.87803061e-01 6.21916059e-01 4.32331385e+00 2.93989013e-01
  6.52116988e-02 8.89466645e-01 1.99972038e+00 4.65119536e-01
  3.46950879e+00 7.82588382e+00 1.37232048e-01 6.72048780e+00
  3.42465961e-01 1.20871886e+01 1.65727154e+00 2.38546923e-01
  1.54397335e+00 1.82527194e+00 2.17517765e+00 7.04006688e-02
  3.04749710e-01 1.01712271e-01 1.79478361e+00 1.02160164e+00
  5.14992310e+01 2.61924488e+00 1.32708874e+02 8.61165982e+00
  1.73965709e+00 1.13128655e+00 1.46604584e+00 2.32630140e+00
  1.39053635e+00 2.76495182e-01 1.17361917e+01 1.95950977e-01
  5.97490086e-01 7.06788539e+01 3.99142254e+01 4.97035958e-01]
 [7.03940145e-02 3.94836857e+00 2.20035376e-01 9.65027994e-01
  1.95441940e-01 1.85451630e+01 1.39091162e+00 2.26044017e-01
  2.07412054e-01 1.28236807e-01 3.94586673e+00 7.82368370e+00
  3.80065191e-01 3.77938142e-01 2.85334347e+01 2.84111573e-01
  4.16955799e-01 6.03445215e-01 1.27680561e+02 4.90273636e+01
  1.32143105e+01 3.56011634e+00 2.26765092e-01 2.38002247e+00
  5.37006041e-01 3.29044433e+00 2.85094909e-01 8.76685237e-01
  5.60848918e-01 3.56065032e+00 2.81699820e-01 6.73371517e-01
  3.60438388e-01 9.22207490e-01 1.22275582e-01 4.75833915e+01
  8.97901425e+01 4.43733326e+02 1.04130252e+03 2.83077994e-01
  1.45030849e+00 9.76144107e-02 4.72203627e-01 5.76293008e+00
  7.02690700e+00 1.17480166e+00 1.51744089e-01 3.02549147e-01
  8.80908028e-02 5.89651570e-02 1.62748339e+01 1.18810086e-01
  2.96679788e-01 1.07245251e+00 7.11078539e-01 8.32079220e-02
  7.47655822e-01 1.73895851e+00 3.22103197e-01 3.82067064e-01
  1.13608587e+00 2.29415206e+00 8.93586785e-01 4.08810571e-01]
 [6.09514011e+00 3.34737290e+00 1.18336223e+00 7.89702596e+01
  2.48620378e-01 2.23337464e-01 5.70200863e+02 2.34249024e-01
  1.48879563e+02 6.69877002e-01 2.17649535e-01 2.36426286e-01
  3.71870994e-01 2.46388957e-01 1.23936188e+00 3.92190804e+01
  8.44133425e-01 7.29170345e-01 3.04944950e-01 1.90039566e+00
  8.95785094e-01 1.54204334e+00 1.18271039e+00 2.31168581e+00
  1.34424832e+00 1.60460352e-01 9.67831866e-01 1.03769382e-01
  3.00437923e-01 1.10161851e+00 3.19793821e+00 2.79404794e-01
  1.08854076e+01 2.04455981e-01 8.84720467e-02 1.40490354e+00
  1.54217412e+01 2.82254963e-01 4.73395828e-01 4.68666852e-01
  2.04745121e+00 6.64254416e-01 1.70582248e+00 2.39836725e+00
  4.52404926e-01 8.77043450e+01 1.58195757e+02 4.40498612e-01
  1.81820907e-01 4.06373262e-01 7.11464713e-01 1.11054846e+00
  6.71820191e+02 1.95608574e-01 5.24723814e+00 1.79312424e+00
  2.52847468e-01 2.38788528e+00 6.03795559e+00 3.99963079e-01
  6.65668557e+01 1.25439130e+02 2.26237768e-01 8.12236561e+02]
 [4.46275158e-01 6.91517972e+01 1.26032475e-01 1.17844105e+02
  3.89539125e-01 6.51117665e-01 4.01464530e+00 1.74304567e+02
  4.93213422e-01 6.07880112e-01 6.39439713e-01 2.01421990e+01
  1.41543911e+00 7.72193332e-01 7.49016460e+00 1.57116432e-01
  1.43142088e+00 5.11780977e+00 4.66245050e-01 1.54971777e+00
  1.02201305e+01 1.25664008e-01 5.45927476e+00 9.09640429e+01
  3.49535668e-01 1.51965950e-01 2.89811206e+02 1.47079419e-01
  4.33145818e+00 1.25707413e+00 3.93148974e-01 2.11098161e-01
  3.97429920e-01 4.61778129e+00 7.36977170e+00 1.33791799e+02
  8.14620783e+00 3.74992591e-01 3.00754257e+01 6.21994716e-01
  4.83911362e-01 3.39352531e-01 5.57592811e+00 3.35501137e-01
  2.30590285e+00 2.71856449e+00 5.43585682e+01 2.73287507e+00
  1.24260036e+00 2.59882132e-01 3.74055054e-01 1.09491255e+00
  4.91080194e-01 2.87407678e-01 1.64564151e-01 2.50559359e-01
  1.93304698e+02 2.49156830e-01 8.96537256e+01 1.58342601e+01
  1.00236244e+02 1.33354720e+00 3.08048725e-01 4.50649341e-01]
 [2.58727749e+00 5.82175759e+00 5.94281107e-01 3.79373964e-01
  1.74023500e-01 2.16185850e+01 7.43389589e-02 5.44827897e-01
  1.86706822e+02 3.69135685e-01 1.71101712e+00 1.53824167e+00
  5.10537398e-01 2.19071925e-01 1.42176867e+00 6.00308049e+00
  1.50050290e+01 1.52839011e-01 4.70636952e+01 1.02906035e+01
  6.28616925e-01 2.19853235e+02 2.32014450e+01 2.29222908e+00
  5.60056910e-01 1.32133098e+00 1.05407270e+00 1.38699384e-01
  6.11106884e-01 4.00255241e-01 1.63453739e-01 1.38245437e+00
  1.18708480e+00 1.17510742e+00 2.45438127e-01 1.22351253e-01
  6.33881125e-01 6.31911143e+01 7.47552696e+00 6.54424818e-01
  2.73153032e-01 5.25788759e-01 4.36019848e-01 3.23123749e-01
  2.70721331e+00 3.89153533e+00 1.97901645e+00 1.15692068e+00
  1.22512567e+01 4.30848838e-01 5.12799110e-01 1.13930492e+00
  1.08197511e+00 2.03047317e-01 1.48706873e-01 7.12431938e-01
  2.84704091e-01 7.66924665e-01 6.90103909e+00 2.66068743e+00
  1.15885140e+00 4.62832545e-01 1.01399444e+00 6.57593784e-01]]
