1
50
2023-11-11 22:21:07
100
2023-11-11 22:22:44
elapsed:  194.5  seconds
150
2023-11-11 22:24:22
200
2023-11-11 22:25:58
elapsed:  388.2  seconds
250
2023-11-11 22:27:42
/projects/muyang@colostate.edu/software/anaconda/envs/testenv/lib/python3.11/site-packages/numpy/lib/function_base.py:2455: RuntimeWarning: divide by zero encountered in func (vectorized)
  outputs = ufunc(*inputs)
/projects/muyang@colostate.edu/software/anaconda/envs/testenv/lib/python3.11/site-packages/numpy/lib/function_base.py:2455: RuntimeWarning: invalid value encountered in func (vectorized)
  outputs = ufunc(*inputs)
300
2023-11-11 22:29:22
elapsed:  592.7  seconds
350
2023-11-11 22:31:05
400
2023-11-11 22:32:45
elapsed:  795.6  seconds
450
2023-11-11 22:34:30
500
2023-11-11 22:36:09
elapsed:  999.8  seconds
/projects/muyang@colostate.edu/software/anaconda/envs/testenv/lib/python3.11/site-packages/numpy/lib/function_base.py:2455: RuntimeWarning: divide by zero encountered in func (vectorized)
  outputs = ufunc(*inputs)
/projects/muyang@colostate.edu/software/anaconda/envs/testenv/lib/python3.11/site-packages/numpy/lib/function_base.py:2455: RuntimeWarning: invalid value encountered in func (vectorized)
  outputs = ufunc(*inputs)
550
2023-11-11 22:37:50
600
2023-11-11 22:39:32
elapsed:  1202.1  seconds
650
2023-11-11 22:41:15
700
2023-11-11 22:42:55
elapsed:  1405.5  seconds
750
2023-11-11 22:44:36
800
2023-11-11 22:46:18
elapsed:  1607.9  seconds
850
2023-11-11 22:47:58
900
2023-11-11 22:49:39
elapsed:  1809.4  seconds
950
2023-11-11 22:51:23
1000
2023-11-11 22:53:03
elapsed:  2013.1  seconds
1050
2023-11-11 22:54:45
1100
2023-11-11 22:56:28
elapsed:  2218.4  seconds
1150
2023-11-11 22:58:11
1200
2023-11-11 22:59:51
elapsed:  2421.8  seconds
1250
2023-11-11 23:01:36
1300
2023-11-11 23:03:17
elapsed:  2627.7  seconds
1350
2023-11-11 23:05:01
1400
2023-11-11 23:06:42
elapsed:  2832.1  seconds
1450
2023-11-11 23:08:27
1500
2023-11-11 23:10:09
elapsed:  3039.0  seconds
1550
2023-11-11 23:11:52
1600
2023-11-11 23:13:35
elapsed:  3245.5  seconds
1650
2023-11-11 23:15:19
1700
2023-11-11 23:17:02
elapsed:  3452.2  seconds
1750
2023-11-11 23:18:46
1800
2023-11-11 23:20:29
elapsed:  3659.1  seconds
1850
2023-11-11 23:22:14
1900
2023-11-11 23:23:57
elapsed:  3867.5  seconds
1950
2023-11-11 23:25:42
2000
2023-11-11 23:27:25
elapsed:  4075.6  seconds
2050
2023-11-11 23:29:10
2100
2023-11-11 23:30:53
elapsed:  4283.7  seconds
2150
2023-11-11 23:32:39
2200
2023-11-11 23:34:24
elapsed:  4494.3  seconds
2250
2023-11-11 23:36:09
2300
2023-11-11 23:37:53
elapsed:  4703.3  seconds
2350
2023-11-11 23:39:39
2400
2023-11-11 23:41:23
elapsed:  4912.9  seconds
2450
2023-11-11 23:43:08
2500
2023-11-11 23:44:52
elapsed:  5122.3  seconds
/projects/muyang@colostate.edu/software/anaconda/envs/testenv/lib/python3.11/site-packages/numpy/lib/function_base.py:2455: RuntimeWarning: divide by zero encountered in func (vectorized)
  outputs = ufunc(*inputs)
/projects/muyang@colostate.edu/software/anaconda/envs/testenv/lib/python3.11/site-packages/numpy/lib/function_base.py:2455: RuntimeWarning: invalid value encountered in func (vectorized)
  outputs = ufunc(*inputs)
2550
2023-11-11 23:46:37
2600
2023-11-11 23:48:20
elapsed:  5330.7  seconds
2650
2023-11-11 23:50:06
2700
2023-11-11 23:51:50
elapsed:  5540.7  seconds
2750
2023-11-11 23:53:35
2800
2023-11-11 23:55:19
elapsed:  5749.4  seconds
2850
2023-11-11 23:57:04
/projects/muyang@colostate.edu/software/anaconda/envs/testenv/lib/python3.11/site-packages/numpy/lib/function_base.py:2455: RuntimeWarning: divide by zero encountered in func (vectorized)
  outputs = ufunc(*inputs)
/projects/muyang@colostate.edu/software/anaconda/envs/testenv/lib/python3.11/site-packages/numpy/lib/function_base.py:2455: RuntimeWarning: invalid value encountered in func (vectorized)
  outputs = ufunc(*inputs)
2900
2023-11-11 23:58:47
elapsed:  5957.0  seconds
2950
2023-11-12 00:00:32
3000
2023-11-12 00:02:15
elapsed:  6165.8  seconds
3050
2023-11-12 00:03:56
3100
2023-11-12 00:05:39
elapsed:  6369.5  seconds
/projects/muyang@colostate.edu/software/anaconda/envs/testenv/lib/python3.11/site-packages/numpy/lib/function_base.py:2455: RuntimeWarning: divide by zero encountered in func (vectorized)
  outputs = ufunc(*inputs)
/projects/muyang@colostate.edu/software/anaconda/envs/testenv/lib/python3.11/site-packages/numpy/lib/function_base.py:2455: RuntimeWarning: invalid value encountered in func (vectorized)
  outputs = ufunc(*inputs)
3150
2023-11-12 00:07:24
3200
2023-11-12 00:09:08
elapsed:  6578.2  seconds
3250
2023-11-12 00:10:54
3300
2023-11-12 00:12:37
elapsed:  6787.6  seconds
/projects/muyang@colostate.edu/software/anaconda/envs/testenv/lib/python3.11/site-packages/numpy/lib/function_base.py:2455: RuntimeWarning: divide by zero encountered in func (vectorized)
  outputs = ufunc(*inputs)
/projects/muyang@colostate.edu/software/anaconda/envs/testenv/lib/python3.11/site-packages/numpy/lib/function_base.py:2455: RuntimeWarning: invalid value encountered in func (vectorized)
  outputs = ufunc(*inputs)
3350
2023-11-12 00:14:22
3400
2023-11-12 00:16:05
elapsed:  6995.3  seconds
3450
2023-11-12 00:17:50
3500
2023-11-12 00:19:34
elapsed:  7204.0  seconds
3550
2023-11-12 00:21:20
3600
2023-11-12 00:23:04
elapsed:  7414.1  seconds
3650
2023-11-12 00:24:48
3700
2023-11-12 00:26:32
elapsed:  7622.4  seconds
3750
2023-11-12 00:28:19
3800
2023-11-12 00:30:03
elapsed:  7833.4  seconds
3850
2023-11-12 00:31:50
3900
2023-11-12 00:33:34
elapsed:  8044.1  seconds
3950
2023-11-12 00:35:19
4000
2023-11-12 00:37:04
elapsed:  8253.9  seconds
4050
2023-11-12 00:38:50
4100
2023-11-12 00:40:33
elapsed:  8463.8  seconds
4150
2023-11-12 00:42:19
4200
2023-11-12 00:44:02
elapsed:  8672.8  seconds
4250
2023-11-12 00:45:48
4300
2023-11-12 00:47:31
elapsed:  8881.3  seconds
4350
2023-11-12 00:49:17
4400
2023-11-12 00:51:00
elapsed:  9090.5  seconds
4450
2023-11-12 00:52:45
4500
2023-11-12 00:54:27
elapsed:  9296.9  seconds
4550
2023-11-12 00:56:11
4600
2023-11-12 00:57:54
elapsed:  9504.1  seconds
4650
2023-11-12 00:59:39
4700
2023-11-12 01:01:22
elapsed:  9712.6  seconds
4750
2023-11-12 01:03:07
4800
2023-11-12 01:04:50
elapsed:  9920.0  seconds
4850
2023-11-12 01:06:35
4900
2023-11-12 01:08:19
elapsed:  10129.1  seconds
4950
2023-11-12 01:10:03
5000
2023-11-12 01:11:47
elapsed:  10337.3  seconds
5050
2023-11-12 01:13:31
5100
2023-11-12 01:15:13
elapsed:  10543.8  seconds
5150
2023-11-12 01:16:59
5200
2023-11-12 01:18:41
elapsed:  10751.7  seconds
5250
2023-11-12 01:20:26
/projects/muyang@colostate.edu/software/anaconda/envs/testenv/lib/python3.11/site-packages/numpy/lib/function_base.py:2455: RuntimeWarning: divide by zero encountered in func (vectorized)
  outputs = ufunc(*inputs)
/projects/muyang@colostate.edu/software/anaconda/envs/testenv/lib/python3.11/site-packages/numpy/lib/function_base.py:2455: RuntimeWarning: invalid value encountered in func (vectorized)
  outputs = ufunc(*inputs)
5300
2023-11-12 01:22:09
elapsed:  10959.4  seconds
5350
2023-11-12 01:23:53
5400
2023-11-12 01:25:35
elapsed:  11165.8  seconds
5450
2023-11-12 01:27:20
5500
2023-11-12 01:29:02
elapsed:  11372.5  seconds
5550
2023-11-12 01:30:46
5600
2023-11-12 01:32:28
elapsed:  11578.4  seconds
5650
2023-11-12 01:34:12
5700
2023-11-12 01:35:53
elapsed:  11783.7  seconds
5750
2023-11-12 01:37:37
5800
2023-11-12 01:39:19
elapsed:  11989.4  seconds
5850
2023-11-12 01:41:04
5900
2023-11-12 01:42:44
elapsed:  12194.5  seconds
/projects/muyang@colostate.edu/software/anaconda/envs/testenv/lib/python3.11/site-packages/numpy/lib/function_base.py:2455: RuntimeWarning: divide by zero encountered in func (vectorized)
  outputs = ufunc(*inputs)
/projects/muyang@colostate.edu/software/anaconda/envs/testenv/lib/python3.11/site-packages/numpy/lib/function_base.py:2455: RuntimeWarning: invalid value encountered in func (vectorized)
  outputs = ufunc(*inputs)
5950
2023-11-12 01:44:28
6000
2023-11-12 01:46:09
elapsed:  12399.5  seconds
6050
2023-11-12 01:47:52
6100
2023-11-12 01:49:34
elapsed:  12604.4  seconds
6150
2023-11-12 01:51:18
6200
2023-11-12 01:53:00
elapsed:  12810.7  seconds
6250
2023-11-12 01:54:43
6300
2023-11-12 01:56:26
elapsed:  13016.2  seconds
6350
2023-11-12 01:58:10
6400
2023-11-12 01:59:51
elapsed:  13221.2  seconds
6450
2023-11-12 02:01:36
6500
2023-11-12 02:03:17
elapsed:  13427.0  seconds
6550
2023-11-12 02:04:59
6600
2023-11-12 02:06:42
elapsed:  13632.2  seconds
6650
2023-11-12 02:08:26
6700
2023-11-12 02:10:07
elapsed:  13837.8  seconds
6750
2023-11-12 02:11:51
6800
2023-11-12 02:13:33
elapsed:  14043.6  seconds
6850
2023-11-12 02:15:18
6900
2023-11-12 02:17:01
elapsed:  14251.7  seconds
6950
2023-11-12 02:18:46
7000
2023-11-12 02:20:26
elapsed:  14456.8  seconds
7050
2023-11-12 02:22:10
7100
2023-11-12 02:23:53
elapsed:  14663.5  seconds
7150
2023-11-12 02:25:38
7200
2023-11-12 02:27:21
elapsed:  14871.2  seconds
7250
2023-11-12 02:29:06
7300
2023-11-12 02:30:49
elapsed:  15079.0  seconds
7350
2023-11-12 02:32:33
7400
2023-11-12 02:34:15
elapsed:  15285.8  seconds
7450
2023-11-12 02:36:00
7500
2023-11-12 02:37:42
elapsed:  15492.1  seconds
7550
2023-11-12 02:39:27
7600
2023-11-12 02:41:08
elapsed:  15698.8  seconds
7650
2023-11-12 02:42:52
7700
2023-11-12 02:44:34
elapsed:  15904.7  seconds
7750
2023-11-12 02:46:20
7800
2023-11-12 02:48:02
elapsed:  16112.6  seconds
7850
2023-11-12 02:49:47
7900
2023-11-12 02:51:29
elapsed:  16319.7  seconds
7950
2023-11-12 02:53:14
/projects/muyang@colostate.edu/software/anaconda/envs/testenv/lib/python3.11/site-packages/numpy/lib/function_base.py:2455: RuntimeWarning: divide by zero encountered in func (vectorized)
  outputs = ufunc(*inputs)
/projects/muyang@colostate.edu/software/anaconda/envs/testenv/lib/python3.11/site-packages/numpy/lib/function_base.py:2455: RuntimeWarning: invalid value encountered in func (vectorized)
  outputs = ufunc(*inputs)
8000
2023-11-12 02:54:57
elapsed:  16527.1  seconds
/projects/muyang@colostate.edu/software/anaconda/envs/testenv/lib/python3.11/site-packages/numpy/lib/function_base.py:2455: RuntimeWarning: divide by zero encountered in func (vectorized)
  outputs = ufunc(*inputs)
/projects/muyang@colostate.edu/software/anaconda/envs/testenv/lib/python3.11/site-packages/numpy/lib/function_base.py:2455: RuntimeWarning: invalid value encountered in func (vectorized)
  outputs = ufunc(*inputs)
8050
2023-11-12 02:56:42
8100
2023-11-12 02:58:26
elapsed:  16736.2  seconds
8150
2023-11-12 03:00:11
8200
2023-11-12 03:01:54
elapsed:  16944.4  seconds
8250
2023-11-12 03:03:40
8300
2023-11-12 03:05:19
elapsed:  17149.7  seconds
8350
2023-11-12 03:07:04
8400
2023-11-12 03:08:48
elapsed:  17357.9  seconds
8450
2023-11-12 03:10:33
8500
2023-11-12 03:12:16
elapsed:  17566.5  seconds
8550
2023-11-12 03:14:03
8600
2023-11-12 03:15:47
elapsed:  17777.1  seconds
8650
2023-11-12 03:17:33
8700
2023-11-12 03:19:17
elapsed:  17987.2  seconds
/projects/muyang@colostate.edu/software/anaconda/envs/testenv/lib/python3.11/site-packages/numpy/lib/function_base.py:2455: RuntimeWarning: divide by zero encountered in func (vectorized)
  outputs = ufunc(*inputs)
/projects/muyang@colostate.edu/software/anaconda/envs/testenv/lib/python3.11/site-packages/numpy/lib/function_base.py:2455: RuntimeWarning: invalid value encountered in func (vectorized)
  outputs = ufunc(*inputs)
8750
2023-11-12 03:21:04
8800
2023-11-12 03:22:49
elapsed:  18199.1  seconds
8850
2023-11-12 03:24:33
8900
2023-11-12 03:26:17
elapsed:  18407.1  seconds
8950
2023-11-12 03:28:02
/projects/muyang@colostate.edu/software/anaconda/envs/testenv/lib/python3.11/site-packages/numpy/lib/function_base.py:2455: RuntimeWarning: divide by zero encountered in func (vectorized)
  outputs = ufunc(*inputs)
/projects/muyang@colostate.edu/software/anaconda/envs/testenv/lib/python3.11/site-packages/numpy/lib/function_base.py:2455: RuntimeWarning: invalid value encountered in func (vectorized)
  outputs = ufunc(*inputs)
/projects/muyang@colostate.edu/software/anaconda/envs/testenv/lib/python3.11/site-packages/numpy/lib/function_base.py:2455: RuntimeWarning: divide by zero encountered in func (vectorized)
  outputs = ufunc(*inputs)
/projects/muyang@colostate.edu/software/anaconda/envs/testenv/lib/python3.11/site-packages/numpy/lib/function_base.py:2455: RuntimeWarning: invalid value encountered in func (vectorized)
  outputs = ufunc(*inputs)
/projects/muyang@colostate.edu/software/anaconda/envs/testenv/lib/python3.11/site-packages/numpy/lib/function_base.py:2455: RuntimeWarning: divide by zero encountered in func (vectorized)
  outputs = ufunc(*inputs)
/projects/muyang@colostate.edu/software/anaconda/envs/testenv/lib/python3.11/site-packages/numpy/lib/function_base.py:2455: RuntimeWarning: invalid value encountered in func (vectorized)
  outputs = ufunc(*inputs)
9000
2023-11-12 03:29:47
elapsed:  18616.9  seconds
9050
2023-11-12 03:31:29
9100
2023-11-12 03:33:12
elapsed:  18822.2  seconds
/projects/muyang@colostate.edu/software/anaconda/envs/testenv/lib/python3.11/site-packages/numpy/lib/function_base.py:2455: RuntimeWarning: divide by zero encountered in func (vectorized)
  outputs = ufunc(*inputs)
/projects/muyang@colostate.edu/software/anaconda/envs/testenv/lib/python3.11/site-packages/numpy/lib/function_base.py:2455: RuntimeWarning: invalid value encountered in func (vectorized)
  outputs = ufunc(*inputs)
9150
2023-11-12 03:34:58
9200
2023-11-12 03:36:42
elapsed:  19032.7  seconds
9250
2023-11-12 03:38:28
9300
2023-11-12 03:40:12
elapsed:  19242.3  seconds
9350
2023-11-12 03:41:57
/projects/muyang@colostate.edu/software/anaconda/envs/testenv/lib/python3.11/site-packages/numpy/lib/function_base.py:2455: RuntimeWarning: divide by zero encountered in func (vectorized)
  outputs = ufunc(*inputs)
/projects/muyang@colostate.edu/software/anaconda/envs/testenv/lib/python3.11/site-packages/numpy/lib/function_base.py:2455: RuntimeWarning: invalid value encountered in func (vectorized)
  outputs = ufunc(*inputs)
9400
2023-11-12 03:43:40
elapsed:  19450.5  seconds
9450
2023-11-12 03:45:26
9500
2023-11-12 03:47:09
elapsed:  19659.4  seconds
9550
2023-11-12 03:48:53
9600
2023-11-12 03:50:36
elapsed:  19866.4  seconds
9650
2023-11-12 03:52:21
9700
2023-11-12 03:54:03
elapsed:  20073.2  seconds
9750
2023-11-12 03:55:49
9800
2023-11-12 03:57:31
elapsed:  20281.3  seconds
9850
2023-11-12 03:59:15
9900
2023-11-12 04:00:58
elapsed:  20488.5  seconds
/projects/muyang@colostate.edu/software/anaconda/envs/testenv/lib/python3.11/site-packages/numpy/lib/function_base.py:2455: RuntimeWarning: divide by zero encountered in func (vectorized)
  outputs = ufunc(*inputs)
/projects/muyang@colostate.edu/software/anaconda/envs/testenv/lib/python3.11/site-packages/numpy/lib/function_base.py:2455: RuntimeWarning: invalid value encountered in func (vectorized)
  outputs = ufunc(*inputs)
9950
2023-11-12 04:02:42
10000
2023-11-12 04:04:20
elapsed:  20690.8  seconds
10050
2023-11-12 04:06:04
10100
2023-11-12 04:07:45
elapsed:  20895.2  seconds
10150
2023-11-12 04:09:29
10200
2023-11-12 04:11:11
elapsed:  21101.4  seconds
10250
2023-11-12 04:12:56
10300
2023-11-12 04:14:38
elapsed:  21308.7  seconds
10350
2023-11-12 04:16:23
10400
2023-11-12 04:18:06
elapsed:  21516.5  seconds
10450
2023-11-12 04:19:52
10500
2023-11-12 04:21:35
elapsed:  21725.2  seconds
10550
2023-11-12 04:23:20
10600
2023-11-12 04:25:03
elapsed:  21933.7  seconds
/projects/muyang@colostate.edu/software/anaconda/envs/testenv/lib/python3.11/site-packages/numpy/lib/function_base.py:2455: RuntimeWarning: divide by zero encountered in func (vectorized)
  outputs = ufunc(*inputs)
/projects/muyang@colostate.edu/software/anaconda/envs/testenv/lib/python3.11/site-packages/numpy/lib/function_base.py:2455: RuntimeWarning: invalid value encountered in func (vectorized)
  outputs = ufunc(*inputs)
10650
2023-11-12 04:26:48
10700
2023-11-12 04:28:30
elapsed:  22140.8  seconds
10750
2023-11-12 04:30:16
10800
2023-11-12 04:31:54
elapsed:  22344.2  seconds
10850
2023-11-12 04:33:38
10900
2023-11-12 04:35:21
elapsed:  22551.4  seconds
10950
2023-11-12 04:37:07
11000
2023-11-12 04:38:50
elapsed:  22760.6  seconds
11050
2023-11-12 04:40:34
11100
2023-11-12 04:42:16
elapsed:  22966.6  seconds
11150
2023-11-12 04:43:57
11200
2023-11-12 04:45:40
elapsed:  23170.7  seconds
11250
2023-11-12 04:47:24
/projects/muyang@colostate.edu/software/anaconda/envs/testenv/lib/python3.11/site-packages/numpy/lib/function_base.py:2455: RuntimeWarning: divide by zero encountered in func (vectorized)
  outputs = ufunc(*inputs)
/projects/muyang@colostate.edu/software/anaconda/envs/testenv/lib/python3.11/site-packages/numpy/lib/function_base.py:2455: RuntimeWarning: invalid value encountered in func (vectorized)
  outputs = ufunc(*inputs)
11300
2023-11-12 04:49:07
elapsed:  23377.6  seconds
11350
2023-11-12 04:50:53
11400
2023-11-12 04:52:36
elapsed:  23585.9  seconds
11450
2023-11-12 04:54:21
11500
2023-11-12 04:56:04
elapsed:  23794.7  seconds
11550
2023-11-12 04:57:50
11600
2023-11-12 04:59:32
elapsed:  24002.3  seconds
11650
2023-11-12 05:01:18
11700
2023-11-12 05:02:57
elapsed:  24206.8  seconds
11750
2023-11-12 05:04:40
11800
2023-11-12 05:06:23
elapsed:  24413.2  seconds
11850
2023-11-12 05:08:03
11900
2023-11-12 05:09:45
elapsed:  24615.8  seconds
11950
2023-11-12 05:11:32
12000
2023-11-12 05:13:15
elapsed:  24825.1  seconds
/projects/muyang@colostate.edu/software/anaconda/envs/testenv/lib/python3.11/site-packages/numpy/lib/function_base.py:2455: RuntimeWarning: divide by zero encountered in func (vectorized)
  outputs = ufunc(*inputs)
/projects/muyang@colostate.edu/software/anaconda/envs/testenv/lib/python3.11/site-packages/numpy/lib/function_base.py:2455: RuntimeWarning: invalid value encountered in func (vectorized)
  outputs = ufunc(*inputs)
12050
2023-11-12 05:15:00
12100
2023-11-12 05:16:44
elapsed:  25034.1  seconds
12150
2023-11-12 05:18:30
12200
2023-11-12 05:20:13
elapsed:  25243.8  seconds
12250
2023-11-12 05:22:00
12300
2023-11-12 05:23:44
elapsed:  25454.2  seconds
12350
2023-11-12 05:25:29
12400
2023-11-12 05:27:13
elapsed:  25663.6  seconds
12450
2023-11-12 05:28:58
12500
2023-11-12 05:30:41
elapsed:  25871.4  seconds
/projects/muyang@colostate.edu/software/anaconda/envs/testenv/lib/python3.11/site-packages/numpy/lib/function_base.py:2455: RuntimeWarning: divide by zero encountered in func (vectorized)
  outputs = ufunc(*inputs)
/projects/muyang@colostate.edu/software/anaconda/envs/testenv/lib/python3.11/site-packages/numpy/lib/function_base.py:2455: RuntimeWarning: invalid value encountered in func (vectorized)
  outputs = ufunc(*inputs)
12550
2023-11-12 05:32:28
12600
2023-11-12 05:34:13
elapsed:  26083.1  seconds
12650
2023-11-12 05:35:59
12700
2023-11-12 05:37:44
elapsed:  26294.0  seconds
12750
2023-11-12 05:39:31
12800
2023-11-12 05:41:14
elapsed:  26504.5  seconds
12850
2023-11-12 05:43:00
12900
2023-11-12 05:44:44
elapsed:  26714.4  seconds
12950
2023-11-12 05:46:30
13000
2023-11-12 05:48:13
elapsed:  26923.0  seconds
13050
2023-11-12 05:49:57
13100
2023-11-12 05:51:41
elapsed:  27131.1  seconds
13150
2023-11-12 05:53:26
13200
2023-11-12 05:55:10
elapsed:  27340.1  seconds
13250
2023-11-12 05:56:56
13300
2023-11-12 05:58:40
elapsed:  27550.4  seconds
13350
2023-11-12 06:00:26
13400
2023-11-12 06:02:09
elapsed:  27759.2  seconds
13450
2023-11-12 06:03:55
13500
2023-11-12 06:05:31
elapsed:  27961.6  seconds
13550
2023-11-12 06:07:14
13600
2023-11-12 06:08:57
elapsed:  28167.8  seconds
13650
2023-11-12 06:10:43
13700
2023-11-12 06:12:22
elapsed:  28372.6  seconds
13750
2023-11-12 06:14:07
13800
2023-11-12 06:15:48
elapsed:  28578.1  seconds
13850
2023-11-12 06:17:27
13900
2023-11-12 06:19:06
elapsed:  28776.3  seconds
13950
2023-11-12 06:20:43
14000
2023-11-12 06:22:20
elapsed:  28970.4  seconds
14050
2023-11-12 06:24:05
14100
2023-11-12 06:25:47
elapsed:  29177.5  seconds
14150
2023-11-12 06:27:33
/projects/muyang@colostate.edu/software/anaconda/envs/testenv/lib/python3.11/site-packages/numpy/lib/function_base.py:2455: RuntimeWarning: divide by zero encountered in func (vectorized)
  outputs = ufunc(*inputs)
/projects/muyang@colostate.edu/software/anaconda/envs/testenv/lib/python3.11/site-packages/numpy/lib/function_base.py:2455: RuntimeWarning: invalid value encountered in func (vectorized)
  outputs = ufunc(*inputs)
14200
2023-11-12 06:29:16
elapsed:  29386.7  seconds
14250
2023-11-12 06:31:03
14300
2023-11-12 06:32:45
elapsed:  29595.2  seconds
14350
2023-11-12 06:34:31
14400
2023-11-12 06:36:14
elapsed:  29804.7  seconds
14450
2023-11-12 06:38:00
14500
2023-11-12 06:39:43
elapsed:  30013.6  seconds
14550
2023-11-12 06:41:29
14600
2023-11-12 06:43:11
elapsed:  30221.2  seconds
14650
2023-11-12 06:44:56
14700
2023-11-12 06:46:38
elapsed:  30428.8  seconds
14750
2023-11-12 06:48:23
14800
2023-11-12 06:50:07
elapsed:  30637.7  seconds
14850
2023-11-12 06:51:54
14900
2023-11-12 06:53:37
elapsed:  30847.7  seconds
/projects/muyang@colostate.edu/software/anaconda/envs/testenv/lib/python3.11/site-packages/numpy/lib/function_base.py:2455: RuntimeWarning: divide by zero encountered in func (vectorized)
  outputs = ufunc(*inputs)
/projects/muyang@colostate.edu/software/anaconda/envs/testenv/lib/python3.11/site-packages/numpy/lib/function_base.py:2455: RuntimeWarning: invalid value encountered in func (vectorized)
  outputs = ufunc(*inputs)
14950
2023-11-12 06:55:23
elapsed:  31053.8  seconds
total time:  31057.9  seconds
true R:  [[1.26903295e+00 1.74336376e-01 1.54118394e-01 4.05990141e+00
  4.73361393e+00 7.73097652e-01 4.54468311e+02 1.37378583e+00
  5.66012849e-01 3.21269407e-01 1.90446134e+00 1.44045620e+01
  1.31519569e+01 1.65507193e-01 8.29738505e+00 8.50275094e-01
  7.09299734e-01 3.94044578e+01 1.16984311e+00 1.73719460e+00
  3.28021474e+00 1.75051796e-01 2.96718279e-01 7.65028757e+00
  7.83141284e+00 2.27952454e+00 5.61729356e-01 4.64413500e-01
  1.83459318e+01 8.85937173e-02 6.33306080e-01 1.04870829e-01
  1.03680782e+01 1.60571761e+00 7.70217865e-01 9.23482917e-01
  7.47384240e-01 8.01047773e+00 4.01132438e+00 1.06965370e+01
  9.97058095e-02 2.54867674e+01 7.11658129e+01 5.84025799e+00
  2.67988456e-01 6.59716389e-01 3.19192150e+02 1.19354921e-01
  4.06597190e+00 5.65659225e+00 4.40027413e+01 2.11318960e+00
  1.20866922e+02 6.57293433e-01 2.05993858e+01 1.03483570e+02
  1.21684538e+01 2.10902789e+00 3.24621761e-01 2.72564394e+00
  2.02197218e-01 3.04202749e-01 9.00959192e+00 7.59620659e+02]
 [5.94817940e+00 1.52238414e-01 4.85414617e-01 4.55848634e-01
  7.52528332e+00 1.13703811e+00 1.66603990e+02 7.05776388e-01
  8.52606127e+01 9.78015503e+03 1.73870735e+01 4.68835854e-01
  1.09606271e+00 4.92645149e-01 4.41898141e+00 7.84320123e-01
  1.67798024e+01 1.21664638e+02 3.74454109e+00 2.46981498e+00
  6.31708059e-01 8.78923145e-01 1.04014609e+01 2.68166072e+00
  9.87100401e-01 1.79494071e-01 9.79761007e-01 9.31935529e+01
  3.62394439e-01 1.06357013e-01 1.38356639e-01 2.91262403e+00
  1.13895774e-01 4.13195816e+00 3.67101260e-01 6.16478884e+01
  3.42979354e-01 8.17137028e+00 1.07049152e-01 9.52403429e+00
  5.70597153e+00 4.78006031e-01 2.22791389e+01 1.53710541e+00
  3.33009237e+01 1.61180465e+00 1.73686483e+00 9.34418027e-01
  1.10175005e+01 3.76091712e-01 1.48758979e-01 1.72209426e-01
  3.25300613e+01 7.61674597e+02 1.96489838e+00 1.33314836e-01
  5.10163754e-01 1.26330832e+01 2.58015829e+00 2.41415698e+00
  2.92241023e-01 1.43984820e+01 1.21938040e+00 2.22993869e-01]
 [4.70019791e+00 2.60266415e-01 3.82999711e-01 2.21325161e+02
  1.13770309e+00 3.31841785e-01 1.58714608e+00 1.06469839e+01
  7.78189467e-01 1.69048786e-01 8.13470530e-01 2.86092901e-01
  2.13665037e-01 1.42571361e+01 1.47960392e-01 1.05980898e+00
  7.16798346e-01 3.26151836e+00 5.89368199e-01 3.36277131e-01
  2.00315460e+00 1.44309115e-01 1.15391217e+00 8.20839930e-01
  6.52624388e-01 4.59819209e-01 5.84776533e+02 4.64262831e-01
  6.53334664e+01 5.34732476e-01 2.75002313e+04 1.17370885e+00
  3.84616681e-01 2.74255263e+00 2.01884516e+00 1.81547358e-01
  2.97193738e-01 3.38168804e+01 1.11659748e+00 3.07072484e+00
  5.43517207e-01 1.23411058e+01 2.01513141e-01 2.14773131e-01
  1.20846372e+00 1.94277001e+01 3.99481468e+00 4.52620525e-01
  4.35595322e-01 2.71330875e-01 4.37013973e+01 6.41473154e+00
  8.80943541e-01 4.09821451e-01 6.58105837e+02 3.16239793e+00
  4.44567030e+01 7.07004602e+00 1.76092061e-01 5.74833800e-01
  2.70770579e+01 6.27354962e-01 1.19834312e+00 1.43402551e+01]
 [4.10396758e-02 8.17750753e-02 6.42340135e+00 3.80120863e-01
  5.79003379e-01 2.40529834e+00 2.37914486e-01 1.39511096e+00
  1.46160550e-01 1.49068512e+00 6.25186754e-01 7.48886160e-01
  7.30737608e-01 5.13437832e-01 1.61434970e-01 5.20812198e+00
  1.70935040e+00 8.82126923e+00 2.35707578e+01 1.93381967e+01
  3.84376306e+00 1.30160178e+00 2.22636575e-01 3.81369021e-01
  1.27611479e+01 4.56924580e-01 7.04785179e-01 5.65525578e-01
  1.35969612e+00 4.41957136e-01 1.06265227e+02 2.54980873e+02
  6.05343736e-01 2.23936678e-01 1.60739403e-01 1.56811810e+02
  5.65283988e+02 5.24345196e+00 9.23624486e-02 1.06414168e+00
  2.66242573e-01 2.90512997e+00 2.30615699e+00 3.20530962e+00
  1.55519889e+00 3.20634064e+01 3.00809767e-01 1.07647422e+00
  1.38885505e+03 4.80980690e-01 2.42057750e+00 1.54000693e+00
  8.63923749e-01 3.23650435e+00 1.77687193e-01 8.28739889e-01
  7.76551579e-01 2.44045210e+02 9.29852728e-01 5.18029374e+00
  2.03773695e-01 1.02896755e+00 1.58353951e+01 1.14701855e+00]
 [4.47706751e-01 2.27790830e+01 7.74782948e-01 1.39208817e+00
  3.58614196e+02 8.98980836e-01 1.92397919e+00 3.76640212e+00
  1.36765197e+00 4.75918241e-01 2.39752009e+00 1.42367746e+01
  1.86976096e+00 1.19015316e+01 2.16956177e+00 3.23484718e+00
  7.74151218e+00 6.05806734e-01 2.98896557e-01 5.74288699e+00
  2.17350103e-01 2.52748086e-01 3.44588039e+00 1.04176788e-01
  4.07500863e+01 1.33650404e+00 4.69179160e+01 1.16265280e+00
  4.89964022e-01 3.49733300e+00 4.88046126e-01 7.74604010e-01
  7.39520863e+02 3.79097490e+01 8.00043178e-01 6.59790398e-01
  9.26123712e+00 3.39872686e+01 5.75190289e+00 1.35131568e+01
  4.47846867e+00 1.14466269e-01 5.67601922e-01 2.26914177e-01
  5.15984725e-01 3.50400710e+03 2.23274623e+00 3.91398807e-01
  3.72134093e-01 3.37389945e+00 1.44632986e+00 4.00709653e+00
  6.92069455e+00 5.61511931e-01 9.80419880e-01 5.23022853e-01
  3.66224718e+01 4.33367524e+02 4.98314444e-01 5.80433096e-01
  2.98326218e+00 6.23657522e+02 5.66851318e-01 1.28921081e+01]
 [1.79063445e-01 9.04040719e-02 1.21893866e+00 3.20993142e+02
  3.40445339e+01 6.23717809e-01 4.33808343e+00 1.99314226e-01
  2.90945276e-01 8.40531602e-01 6.32458091e+00 3.27926544e+00
  7.82299916e-01 4.49991988e+00 1.97421297e+00 5.01032226e-01
  1.79209730e-01 1.95296243e-01 1.40449093e+00 1.71307494e-01
  6.17473859e-01 5.67366280e+01 2.91319898e+00 9.22983932e-01
  5.48793229e-01 2.81697283e-01 1.42203173e-01 2.94695457e+00
  2.72470866e-01 7.13886211e-01 8.62509008e+00 1.39675035e+00
  3.30504048e-01 1.02113316e+00 3.93963553e-01 3.14349197e+01
  4.43249407e+00 4.72265617e+01 1.08633105e+00 1.34084927e-01
  1.03445346e+00 8.98003745e-02 9.22258506e-01 1.80585936e-01
  3.01730230e+01 7.26627792e+01 1.10578055e+02 5.37410326e+00
  2.11001014e-01 1.33695538e+00 7.65180679e+00 5.39008458e+00
  3.19338843e+00 3.01983493e+00 1.78346035e+01 4.24917166e+05
  1.23771463e+00 8.37525303e-01 5.54288112e-01 2.31975934e+02
  1.42017232e+00 6.23908770e+00 5.75853126e-01 1.52202791e+01]
 [3.23889338e+00 1.40185505e+01 1.93411422e+00 9.64966940e-02
  3.36194315e+02 6.96621104e-01 3.25393676e+01 2.28719816e-01
  1.34817235e+01 5.48969724e-01 9.18211949e+00 2.76066394e-01
  3.88612651e+00 4.59871962e+00 7.38319917e-01 8.20738440e-02
  1.62852351e+00 1.52081745e+00 1.28568946e+00 1.79196149e-01
  9.88396354e+01 7.41633039e-01 7.59927717e-01 4.99055914e+01
  5.44871901e-01 7.07842011e-01 4.51193569e-01 3.06065458e+00
  1.01422394e-01 8.90634505e-01 5.21328399e-01 1.38642919e+02
  3.31237381e-01 2.08271056e-01 6.77459731e+01 8.87249751e-02
  1.96389914e-01 5.84104795e+00 1.44040910e+04 6.64305242e-01
  1.30591769e-01 2.25376037e+00 1.11248738e+00 6.41310603e+00
  1.45674400e+00 1.05984330e+01 5.39251415e-01 1.23397131e-01
  5.87283473e+00 4.15241056e+00 4.97116741e-01 1.85548812e+00
  2.01456585e+00 6.15125328e-01 2.42671545e-01 1.99158746e-01
  2.93904549e-01 1.53853748e+00 5.01635898e+00 1.07573418e+01
  1.69941036e+00 1.16879520e+02 1.02466479e+02 5.96072564e-01]
 [1.41141725e+00 6.72920935e+00 1.46284795e+00 2.79132167e+00
  1.88079537e+00 5.98495546e+00 2.13397355e-01 8.59348869e-01
  2.20316029e-01 4.03276161e+00 2.20385383e-01 2.68053713e+00
  1.33031228e+00 3.89678760e+00 1.43987191e+01 2.60718549e-01
  3.73090303e+00 1.18329547e-01 1.55299444e-01 1.76120301e-01
  1.69668581e+00 4.72977814e-01 5.23476668e-01 5.45918788e+00
  3.85490961e-01 1.01264104e+00 2.26440484e-01 1.19376387e+00
  1.43742214e+01 2.19078603e+00 4.92735830e+03 1.03730784e+00
  6.40816791e+00 1.43335473e+00 1.06434726e-01 1.98116805e-01
  5.00520759e-01 1.81626027e-01 2.64556889e+00 9.36954406e+00
  8.90874739e-01 1.70431000e+00 6.75000327e-01 1.25655078e+00
  7.21656255e+00 7.76475470e-02 4.25745273e+00 1.32772858e-01
  2.58482110e+01 1.12554182e-01 5.42050230e-01 1.73687167e-01
  2.26222153e-01 9.12211603e+00 2.06373112e+01 1.15335046e+00
  4.43513981e-01 6.54567188e+01 3.40701246e+00 2.90913327e+00
  6.42030529e+00 1.60077917e+00 2.79120515e+00 3.90193185e-01]
 [8.48652949e-01 2.48559060e+00 4.59981884e+00 2.26360772e+02
  4.46646449e-01 2.70212487e-01 5.03907480e+00 7.45774547e-01
  9.98498970e-01 1.70247640e+00 3.49404195e-01 2.64391444e-01
  6.18040230e-01 3.10084966e-01 2.32925003e+00 1.91976891e+01
  1.57328280e+00 1.60614203e+00 3.41813940e-01 3.40446625e+00
  1.71276092e-01 3.88799988e-01 8.12090325e+02 1.37635354e-01
  3.95176158e+00 3.22889438e-01 1.07594713e+00 4.22392576e-01
  9.16273377e-02 1.92896752e-01 9.99850250e-02 6.77016287e+01
  1.69062217e-01 5.19774925e-01 9.06654406e+04 1.70417566e+00
  2.50723643e-01 2.26619406e+01 2.80234820e+00 1.12069756e+00
  7.69321552e+01 2.54994743e+00 6.44058747e-01 1.94349636e+01
  2.17976737e+00 4.16670383e+00 1.00037638e+01 2.05843516e-01
  1.71975650e-01 2.20686107e+02 1.86813317e+00 2.75516063e+00
  3.19467800e-01 3.57475797e-01 1.08282236e+04 6.97587628e-01
  2.67127775e-01 5.36202522e-01 5.46376850e-01 2.62796795e+00
  9.34103100e-01 1.71654029e+00 4.37487773e-01 4.01625981e+00]]
