1
50
2023-11-11 22:33:13
100
2023-11-11 22:34:47
elapsed:  187.3  seconds
150
2023-11-11 22:36:22
200
2023-11-11 22:37:53
elapsed:  373.3  seconds
250
2023-11-11 22:39:30
300
2023-11-11 22:41:08
elapsed:  567.9  seconds
350
2023-11-11 22:42:45
400
2023-11-11 22:44:22
elapsed:  762.4  seconds
450
2023-11-11 22:46:03
500
2023-11-11 22:47:38
elapsed:  957.9  seconds
550
2023-11-11 22:49:16
600
2023-11-11 22:50:52
elapsed:  1151.9  seconds
650
2023-11-11 22:52:32
700
2023-11-11 22:54:09
elapsed:  1348.9  seconds
750
2023-11-11 22:55:48
800
2023-11-11 22:57:26
elapsed:  1546.1  seconds
850
2023-11-11 22:59:05
900
2023-11-11 23:00:42
elapsed:  1742.0  seconds
950
2023-11-11 23:02:21
1000
2023-11-11 23:03:58
elapsed:  1937.8  seconds
1050
2023-11-11 23:05:38
1100
2023-11-11 23:07:16
elapsed:  2135.7  seconds
1150
2023-11-11 23:08:54
1200
2023-11-11 23:10:31
elapsed:  2330.6  seconds
1250
2023-11-11 23:12:08
1300
2023-11-11 23:13:45
elapsed:  2524.8  seconds
1350
2023-11-11 23:15:25
1400
2023-11-11 23:16:59
elapsed:  2719.5  seconds
1450
2023-11-11 23:18:36
1500
2023-11-11 23:20:11
elapsed:  2911.3  seconds
1550
2023-11-11 23:21:49
1600
2023-11-11 23:23:26
elapsed:  3106.4  seconds
1650
2023-11-11 23:25:04
1700
2023-11-11 23:26:41
elapsed:  3301.4  seconds
1750
2023-11-11 23:28:17
1800
2023-11-11 23:29:52
elapsed:  3492.3  seconds
1850
2023-11-11 23:31:33
1900
2023-11-11 23:33:09
elapsed:  3688.7  seconds
1950
2023-11-11 23:34:47
2000
2023-11-11 23:36:24
elapsed:  3884.4  seconds
2050
2023-11-11 23:38:03
2100
2023-11-11 23:39:38
elapsed:  4078.3  seconds
2150
2023-11-11 23:41:16
2200
2023-11-11 23:42:53
elapsed:  4273.1  seconds
2250
2023-11-11 23:44:28
2300
2023-11-11 23:46:05
elapsed:  4465.0  seconds
2350
2023-11-11 23:47:42
2400
2023-11-11 23:49:18
elapsed:  4657.9  seconds
2450
2023-11-11 23:50:56
2500
2023-11-11 23:52:32
elapsed:  4852.1  seconds
2550
2023-11-11 23:54:11
2600
2023-11-11 23:55:48
elapsed:  5048.3  seconds
2650
2023-11-11 23:57:27
2700
2023-11-11 23:59:04
elapsed:  5244.4  seconds
2750
2023-11-12 00:00:45
2800
2023-11-12 00:02:22
elapsed:  5442.2  seconds
2850
2023-11-12 00:03:59
2900
2023-11-12 00:05:37
elapsed:  5637.3  seconds
2950
2023-11-12 00:07:17
3000
2023-11-12 00:08:54
elapsed:  5833.6  seconds
3050
2023-11-12 00:10:32
3100
2023-11-12 00:12:10
elapsed:  6029.7  seconds
3150
2023-11-12 00:13:44
3200
2023-11-12 00:15:18
elapsed:  6218.5  seconds
3250
2023-11-12 00:16:56
3300
2023-11-12 00:18:32
elapsed:  6411.6  seconds
3350
2023-11-12 00:20:10
3400
2023-11-12 00:21:44
elapsed:  6604.2  seconds
3450
2023-11-12 00:23:18
3500
2023-11-12 00:24:52
elapsed:  6791.6  seconds
3550
2023-11-12 00:26:25
3600
2023-11-12 00:28:01
elapsed:  6981.4  seconds
3650
2023-11-12 00:29:39
3700
2023-11-12 00:31:18
elapsed:  7177.7  seconds
3750
2023-11-12 00:32:57
3800
2023-11-12 00:34:35
elapsed:  7375.2  seconds
3850
2023-11-12 00:36:14
/projects/muyang@colostate.edu/software/anaconda/envs/testenv/lib/python3.11/site-packages/numpy/lib/function_base.py:2455: RuntimeWarning: divide by zero encountered in func (vectorized)
  outputs = ufunc(*inputs)
/projects/muyang@colostate.edu/software/anaconda/envs/testenv/lib/python3.11/site-packages/numpy/lib/function_base.py:2455: RuntimeWarning: invalid value encountered in func (vectorized)
  outputs = ufunc(*inputs)
3900
2023-11-12 00:37:52
elapsed:  7572.5  seconds
3950
2023-11-12 00:39:32
4000
2023-11-12 00:41:03
elapsed:  7762.6  seconds
4050
2023-11-12 00:42:40
4100
2023-11-12 00:44:15
elapsed:  7955.2  seconds
4150
2023-11-12 00:45:51
4200
2023-11-12 00:47:28
elapsed:  8148.2  seconds
4250
2023-11-12 00:49:07
4300
2023-11-12 00:50:43
elapsed:  8343.0  seconds
4350
2023-11-12 00:52:20
4400
2023-11-12 00:53:54
elapsed:  8534.5  seconds
4450
2023-11-12 00:55:29
4500
2023-11-12 00:57:05
elapsed:  8725.4  seconds
4550
2023-11-12 00:58:44
4600
2023-11-12 01:00:21
elapsed:  8921.4  seconds
4650
2023-11-12 01:02:00
4700
2023-11-12 01:03:37
elapsed:  9116.9  seconds
4750
2023-11-12 01:05:16
4800
2023-11-12 01:06:54
elapsed:  9314.0  seconds
4850
2023-11-12 01:08:34
4900
2023-11-12 01:10:11
elapsed:  9511.2  seconds
4950
2023-11-12 01:11:48
5000
2023-11-12 01:13:25
elapsed:  9705.2  seconds
5050
2023-11-12 01:15:04
5100
2023-11-12 01:16:41
elapsed:  9901.0  seconds
5150
2023-11-12 01:18:20
5200
2023-11-12 01:19:57
elapsed:  10097.2  seconds
5250
2023-11-12 01:21:37
5300
2023-11-12 01:23:14
elapsed:  10293.8  seconds
5350
2023-11-12 01:24:53
5400
2023-11-12 01:26:30
elapsed:  10490.2  seconds
5450
2023-11-12 01:28:10
5500
2023-11-12 01:29:42
elapsed:  10681.9  seconds
5550
2023-11-12 01:31:21
5600
2023-11-12 01:32:59
elapsed:  10878.8  seconds
5650
2023-11-12 01:34:37
5700
2023-11-12 01:36:15
elapsed:  11075.3  seconds
5750
2023-11-12 01:37:54
5800
2023-11-12 01:39:32
elapsed:  11272.1  seconds
5850
2023-11-12 01:41:11
5900
2023-11-12 01:42:49
elapsed:  11469.0  seconds
5950
2023-11-12 01:44:29
6000
2023-11-12 01:46:06
elapsed:  11666.4  seconds
6050
2023-11-12 01:47:45
6100
2023-11-12 01:49:21
elapsed:  11861.3  seconds
6150
2023-11-12 01:51:00
6200
2023-11-12 01:52:37
elapsed:  12056.8  seconds
6250
2023-11-12 01:54:15
6300
2023-11-12 01:55:53
elapsed:  12253.4  seconds
6350
2023-11-12 01:57:32
6400
2023-11-12 01:59:08
elapsed:  12448.2  seconds
6450
2023-11-12 02:00:48
6500
2023-11-12 02:02:25
elapsed:  12645.0  seconds
6550
2023-11-12 02:04:04
6600
2023-11-12 02:05:43
elapsed:  12842.9  seconds
6650
2023-11-12 02:07:21
6700
2023-11-12 02:08:59
elapsed:  13039.1  seconds
6750
2023-11-12 02:10:37
6800
2023-11-12 02:12:14
elapsed:  13233.6  seconds
6850
2023-11-12 02:13:52
6900
2023-11-12 02:15:29
elapsed:  13428.8  seconds
6950
2023-11-12 02:17:09
7000
2023-11-12 02:18:45
elapsed:  13625.2  seconds
7050
2023-11-12 02:20:21
7100
2023-11-12 02:21:58
elapsed:  13818.3  seconds
7150
2023-11-12 02:23:37
7200
2023-11-12 02:25:13
elapsed:  14013.2  seconds
7250
2023-11-12 02:26:51
7300
2023-11-12 02:28:29
elapsed:  14208.8  seconds
7350
2023-11-12 02:30:05
7400
2023-11-12 02:31:43
elapsed:  14403.2  seconds
7450
2023-11-12 02:33:23
7500
2023-11-12 02:35:00
elapsed:  14600.3  seconds
7550
2023-11-12 02:36:40
7600
2023-11-12 02:38:17
elapsed:  14797.0  seconds
7650
2023-11-12 02:39:57
7700
2023-11-12 02:41:33
elapsed:  14993.1  seconds
7750
2023-11-12 02:43:12
7800
2023-11-12 02:44:46
elapsed:  15186.2  seconds
7850
2023-11-12 02:46:26
7900
2023-11-12 02:48:03
elapsed:  15382.6  seconds
7950
2023-11-12 02:49:42
8000
2023-11-12 02:51:19
elapsed:  15578.8  seconds
8050
2023-11-12 02:52:59
8100
2023-11-12 02:54:35
elapsed:  15775.3  seconds
8150
2023-11-12 02:56:16
8200
2023-11-12 02:57:50
elapsed:  15970.0  seconds
8250
2023-11-12 02:59:29
8300
2023-11-12 03:01:06
elapsed:  16166.0  seconds
8350
2023-11-12 03:02:43
8400
2023-11-12 03:04:20
elapsed:  16359.9  seconds
8450
2023-11-12 03:05:59
8500
2023-11-12 03:07:36
elapsed:  16555.8  seconds
8550
2023-11-12 03:09:15
8600
2023-11-12 03:10:52
elapsed:  16752.4  seconds
8650
2023-11-12 03:12:31
8700
2023-11-12 03:14:08
elapsed:  16948.3  seconds
8750
2023-11-12 03:15:48
8800
2023-11-12 03:17:26
elapsed:  17145.7  seconds
8850
2023-11-12 03:19:01
8900
2023-11-12 03:20:38
elapsed:  17337.9  seconds
8950
2023-11-12 03:22:18
9000
2023-11-12 03:23:55
elapsed:  17534.8  seconds
9050
2023-11-12 03:25:35
9100
2023-11-12 03:27:13
elapsed:  17733.0  seconds
9150
2023-11-12 03:28:52
9200
2023-11-12 03:30:29
elapsed:  17929.3  seconds
9250
2023-11-12 03:32:08
9300
2023-11-12 03:33:45
elapsed:  18125.2  seconds
9350
2023-11-12 03:35:24
9400
2023-11-12 03:37:01
elapsed:  18320.8  seconds
9450
2023-11-12 03:38:40
9500
2023-11-12 03:40:16
elapsed:  18516.0  seconds
9550
2023-11-12 03:41:55
9600
2023-11-12 03:43:32
elapsed:  18711.9  seconds
9650
2023-11-12 03:45:07
9700
2023-11-12 03:46:42
elapsed:  18902.0  seconds
9750
2023-11-12 03:48:20
9800
2023-11-12 03:49:56
elapsed:  19096.0  seconds
9850
2023-11-12 03:51:36
9900
2023-11-12 03:53:12
elapsed:  19292.4  seconds
9950
2023-11-12 03:54:52
10000
2023-11-12 03:56:29
elapsed:  19488.6  seconds
10050
2023-11-12 03:58:07
10100
2023-11-12 03:59:43
elapsed:  19683.3  seconds
10150
2023-11-12 04:01:21
10200
2023-11-12 04:02:57
elapsed:  19877.4  seconds
10250
2023-11-12 04:04:36
10300
2023-11-12 04:06:12
elapsed:  20071.9  seconds
10350
2023-11-12 04:07:49
10400
2023-11-12 04:09:25
elapsed:  20264.7  seconds
10450
2023-11-12 04:11:04
10500
2023-11-12 04:12:40
elapsed:  20460.3  seconds
10550
2023-11-12 04:14:19
10600
2023-11-12 04:15:55
elapsed:  20655.2  seconds
10650
2023-11-12 04:17:34
10700
2023-11-12 04:19:10
elapsed:  20850.3  seconds
10750
2023-11-12 04:20:49
10800
2023-11-12 04:22:24
elapsed:  21044.4  seconds
10850
2023-11-12 04:24:02
10900
2023-11-12 04:25:39
elapsed:  21238.6  seconds
10950
2023-11-12 04:27:17
11000
2023-11-12 04:28:53
elapsed:  21432.9  seconds
11050
2023-11-12 04:30:32
/projects/muyang@colostate.edu/software/anaconda/envs/testenv/lib/python3.11/site-packages/numpy/lib/function_base.py:2455: RuntimeWarning: divide by zero encountered in func (vectorized)
  outputs = ufunc(*inputs)
/projects/muyang@colostate.edu/software/anaconda/envs/testenv/lib/python3.11/site-packages/numpy/lib/function_base.py:2455: RuntimeWarning: invalid value encountered in func (vectorized)
  outputs = ufunc(*inputs)
11100
2023-11-12 04:32:07
elapsed:  21626.6  seconds
11150
2023-11-12 04:33:45
11200
2023-11-12 04:35:21
elapsed:  21820.6  seconds
11250
2023-11-12 04:37:00
11300
2023-11-12 04:38:37
elapsed:  22016.7  seconds
11350
2023-11-12 04:40:15
11400
2023-11-12 04:41:51
elapsed:  22210.9  seconds
11450
2023-11-12 04:43:30
11500
2023-11-12 04:45:08
elapsed:  22407.7  seconds
11550
2023-11-12 04:46:45
11600
2023-11-12 04:48:22
elapsed:  22601.7  seconds
11650
2023-11-12 04:50:00
11700
2023-11-12 04:51:36
elapsed:  22796.4  seconds
11750
2023-11-12 04:53:15
11800
2023-11-12 04:54:52
elapsed:  22992.5  seconds
11850
2023-11-12 04:56:31
11900
2023-11-12 04:58:06
elapsed:  23186.5  seconds
11950
2023-11-12 04:59:42
12000
2023-11-12 05:01:19
elapsed:  23379.5  seconds
12050
2023-11-12 05:02:58
12100
2023-11-12 05:04:35
elapsed:  23574.8  seconds
12150
2023-11-12 05:06:13
12200
2023-11-12 05:07:49
elapsed:  23768.8  seconds
12250
2023-11-12 05:09:26
12300
2023-11-12 05:11:03
elapsed:  23963.3  seconds
12350
2023-11-12 05:12:42
12400
2023-11-12 05:14:19
elapsed:  24159.1  seconds
12450
2023-11-12 05:15:57
12500
2023-11-12 05:17:34
elapsed:  24353.9  seconds
12550
2023-11-12 05:19:14
12600
2023-11-12 05:20:51
elapsed:  24550.8  seconds
12650
2023-11-12 05:22:29
12700
2023-11-12 05:24:06
elapsed:  24745.8  seconds
12750
2023-11-12 05:25:45
12800
2023-11-12 05:27:21
elapsed:  24940.7  seconds
12850
2023-11-12 05:28:59
12900
2023-11-12 05:30:36
elapsed:  25136.2  seconds
12950
2023-11-12 05:32:15
13000
2023-11-12 05:33:53
elapsed:  25332.5  seconds
13050
2023-11-12 05:35:33
13100
2023-11-12 05:37:09
elapsed:  25529.1  seconds
13150
2023-11-12 05:38:48
13200
2023-11-12 05:40:25
elapsed:  25724.8  seconds
13250
2023-11-12 05:42:03
13300
2023-11-12 05:43:39
elapsed:  25919.5  seconds
13350
2023-11-12 05:45:18
13400
2023-11-12 05:46:55
elapsed:  26114.8  seconds
13450
2023-11-12 05:48:34
13500
2023-11-12 05:50:13
elapsed:  26312.7  seconds
13550
2023-11-12 05:51:52
13600
2023-11-12 05:53:29
elapsed:  26509.2  seconds
13650
2023-11-12 05:55:08
13700
2023-11-12 05:56:45
elapsed:  26705.4  seconds
13750
2023-11-12 05:58:23
13800
2023-11-12 05:59:59
elapsed:  26898.6  seconds
13850
2023-11-12 06:01:39
13900
2023-11-12 06:03:16
elapsed:  27095.8  seconds
13950
2023-11-12 06:04:53
14000
2023-11-12 06:06:26
elapsed:  27285.9  seconds
14050
2023-11-12 06:07:59
14100
2023-11-12 06:09:32
elapsed:  27471.9  seconds
14150
2023-11-12 06:11:12
14200
2023-11-12 06:12:50
elapsed:  27669.8  seconds
14250
2023-11-12 06:14:29
14300
2023-11-12 06:16:05
elapsed:  27865.2  seconds
14350
2023-11-12 06:17:43
14400
2023-11-12 06:19:18
elapsed:  28057.7  seconds
14450
2023-11-12 06:20:54
14500
2023-11-12 06:22:31
elapsed:  28251.3  seconds
14550
2023-11-12 06:24:10
14600
2023-11-12 06:25:48
elapsed:  28448.2  seconds
14650
2023-11-12 06:27:27
14700
2023-11-12 06:29:05
elapsed:  28645.1  seconds
14750
2023-11-12 06:30:44
14800
2023-11-12 06:32:19
elapsed:  28839.2  seconds
14850
2023-11-12 06:33:58
14900
2023-11-12 06:35:35
elapsed:  29034.9  seconds
14950
2023-11-12 06:37:13
elapsed:  29227.8  seconds
total time:  29232.1  seconds
true R:  [[5.61280214e+00 1.95009871e-01 4.33512236e+00 8.54011978e-01
  4.14656580e+00 2.11178638e+00 3.64120270e-01 1.00508302e+01
  1.47835269e+00 3.59445910e+01 1.45427472e+00 3.18716677e+00
  1.09608593e+00 7.79797050e-01 3.63274013e-01 6.59062090e+00
  2.28165800e+00 7.88168492e+00 6.34491722e-01 2.31185289e+00
  1.14178810e+01 1.12814088e+00 8.13516105e-01 3.13278611e+01
  1.64631371e+00 2.92404942e-01 1.55808413e+00 4.49628373e+04
  1.38442520e+01 1.80303922e+00 1.80697169e+01 9.36982245e-01
  2.81545184e-01 2.38680272e+01 1.33403069e+00 1.10559186e+02
  5.72408780e-01 2.01633338e-01 2.96061891e+02 7.78563835e-01
  3.33556052e-01 8.79039627e+00 1.94584587e+00 3.74259555e-01
  9.42732005e+02 9.17155053e-02 1.39386441e-01 1.42003362e+01
  6.09859713e-01 5.17271440e+00 3.04644802e-01 9.42437090e-01
  9.37642843e+02 7.38013968e-01 6.83607775e+01 1.71370545e+00
  5.29264434e+00 1.89123420e+00 1.90139942e-01 2.13641078e-01
  1.80470483e+01 5.16914529e-01 1.37949837e+00 1.83509758e-01]
 [2.79606469e+00 9.53677897e-01 4.99327749e+00 8.96081128e-01
  6.45988673e+00 7.53714122e+02 2.01126461e-01 3.54295935e-01
  2.09888379e+01 2.54347973e+00 3.42144065e-01 8.36901210e+01
  1.16543513e+01 1.53439371e+01 2.22153860e-01 8.26655342e-01
  6.94768127e+00 2.65025565e+01 1.15359876e+01 6.15905286e+01
  2.99986640e-01 2.12417091e-01 9.24720701e+01 7.13714137e-01
  3.37602935e-01 3.63324139e+00 3.20185219e+00 1.03873675e+00
  8.55292571e-01 7.38349383e+01 1.84630613e+00 4.07865166e+01
  6.44961607e+00 9.14754092e-01 4.89167795e-01 2.79035633e-01
  1.41615773e-01 6.51665100e-01 1.91038909e-01 2.38745784e+00
  1.07543180e-01 9.27564274e+00 4.24392751e+02 3.61576405e+00
  5.28288768e-01 3.11795473e-01 4.80259959e+02 1.87788587e-01
  5.10475229e+00 5.59357176e-01 8.51989189e-02 1.17393621e-01
  5.77953552e-01 6.65278286e+02 3.99166239e-01 1.68952698e+00
  8.84268841e-01 2.03407936e-01 2.58802368e-01 1.59003775e+00
  1.34292420e+01 8.47072513e-01 1.08353438e-01 1.51578903e+00]
 [1.21094726e+02 9.80289922e-02 4.40627720e-01 7.95122675e-01
  2.60000381e-01 1.56712241e-01 3.23100014e-01 1.26906005e+00
  1.24866464e+00 2.96534246e-01 1.04053717e+00 3.32170246e+00
  4.48176639e-01 1.78946709e-01 6.60544496e-01 2.25317017e+00
  2.49672672e+01 4.56452391e+00 2.06917913e+01 2.57270812e+00
  1.12851510e+00 2.12351334e+00 1.04422245e+00 2.89866956e+00
  1.01728950e+02 5.66479942e+00 6.61053765e-01 7.59302748e+01
  3.92873627e+02 2.22816182e+02 3.03225084e+00 1.68618494e+00
  3.49921568e+00 1.85366966e+00 1.41183582e+00 1.32210531e+02
  3.68759548e-01 8.20250023e-01 6.02575963e-01 5.77261876e-01
  4.86269500e-01 8.61819625e-01 4.18503630e-01 4.56144300e+00
  6.16927415e+00 6.59925592e-01 1.81074332e+01 4.97396952e-01
  2.62619451e+00 1.51369587e+00 4.51091296e-02 2.14518037e-01
  1.83406123e-01 4.10824960e+01 8.66650356e-02 7.16207120e-01
  1.90686284e-01 2.61810557e-01 1.26477369e+04 9.37416282e-01
  2.52392314e+00 3.67445080e+00 5.62554164e-01 8.97068996e-01]
 [2.95273457e+00 8.22582396e+00 1.93715879e+00 4.75332988e-01
  5.46487424e+00 4.06718192e-01 2.55946163e+01 1.53711221e+04
  8.64028841e-01 4.35370569e-01 1.01574391e-01 7.35281182e+00
  7.09864637e-01 4.60660117e-01 1.77708923e+00 1.64312848e+03
  6.47691265e+00 4.69540977e-01 2.97536317e+00 3.69800105e+01
  4.19974579e-01 3.15960546e-01 2.17274639e+01 1.92081313e+00
  3.82352420e-01 4.43046384e+00 5.50156890e-01 9.40809910e-01
  5.86520812e+00 5.56144560e+01 1.50384254e-01 5.03368464e-01
  4.36899005e+00 2.19357441e+01 1.30358411e+01 2.54505323e+03
  5.94631773e-01 1.26107987e+00 6.55170611e+00 1.97506628e+00
  7.17402669e-01 6.43014071e-01 1.05114691e+00 5.96990721e-01
  8.57623495e-01 1.22755514e+02 3.83131827e-01 2.18738753e+00
  2.65125830e-01 6.26094337e-02 3.24905810e-01 5.85085558e-01
  8.37836247e-01 1.61991832e-01 2.37924421e-01 3.73487388e-01
  1.87176288e+00 2.38800336e-01 5.04122248e-01 3.48257457e-01
  1.53762605e-01 4.00410458e+00 1.45497407e-01 6.09540290e+01]
 [2.34203671e-01 8.90930102e-01 2.77555273e-01 4.88890940e-01
  2.78119663e+00 5.84875402e-02 1.01553062e+02 1.23540615e-01
  1.14941150e+01 1.38761748e-01 8.00643805e-02 9.05579680e+00
  6.49147827e-01 7.38876961e+00 2.44693115e-01 3.35505456e+00
  4.19851125e+00 2.38897009e+03 1.04545589e+00 3.76475942e-01
  8.41471834e-01 2.13987234e-01 2.15426575e-01 9.00996939e-01
  1.18921583e+00 8.78983253e-02 2.64119678e-01 3.91016663e+02
  7.44740348e+00 5.35138299e-01 8.26646272e-01 4.65328882e+01
  1.45514990e+02 2.60034277e+00 2.92417251e+02 1.62505260e+00
  4.52812953e+00 7.00883150e+00 2.52469973e+01 1.35470878e+00
  1.43816752e+00 1.16612965e+00 3.89355567e+00 1.15154552e-01
  2.58107256e+00 3.67649940e+01 9.62423808e+00 1.03614640e+00
  5.47736022e-01 1.48797498e-01 7.84506793e-01 1.45611874e-01
  7.86888330e-01 4.17972022e+01 2.24460485e-01 6.83474217e-01
  1.57824488e-01 4.36829893e+00 2.46069315e+01 5.03362945e-01
  5.14503693e-01 3.72410773e-01 4.49886170e-01 4.23479715e-01]
 [6.83661624e+02 1.49154823e-01 2.43474360e-01 1.65212256e-01
  9.60055591e-01 4.55133235e+00 2.35165803e+00 1.49748937e-01
  1.86720970e+00 7.08153947e+00 2.01213123e+00 1.30161987e+00
  2.40777474e+00 5.79432955e-01 2.01584067e-01 8.38711479e-02
  9.18956842e+00 1.92117723e-01 1.86528323e+00 1.41015280e+01
  1.41285092e+00 1.06387486e+00 4.47110619e+00 7.37665710e-01
  4.03060405e-01 1.99948502e+00 1.18834048e+00 7.48520954e+00
  5.06465056e+00 2.66822022e-01 6.30419781e-01 2.04562409e+02
  4.05254233e-01 3.04611691e-01 3.20939078e-01 2.26598071e+00
  6.75275199e+01 4.68052455e-01 2.77981333e+00 2.75805867e-01
  8.62696668e+01 2.19628498e-01 9.37623919e-01 1.10132319e+00
  2.86564419e+01 7.21517937e+01 1.29262484e+01 9.25300111e-01
  2.21666716e+00 1.40213122e-01 4.08573719e-01 2.52242861e-01
  3.91455820e+00 2.61570593e+00 5.81312228e-01 1.97951387e+01
  1.22300048e-01 2.54661955e+00 2.80187527e+00 9.05068905e-01
  4.86785854e-01 2.22077733e-01 1.53461022e-01 3.54861721e-01]
 [2.54085935e+00 6.07321625e-01 1.02640844e+00 2.54578460e-01
  1.51525606e-01 1.27413581e-01 1.70437231e+00 5.61312124e-01
  2.75975315e-01 5.71040527e+01 1.24622602e+00 2.04935923e+00
  2.25990769e+01 1.81780804e+01 4.41725619e+00 1.09346391e-01
  1.33392486e-01 1.11880923e+01 2.12161706e+02 2.13115491e+00
  1.12118005e+00 1.26671350e-01 2.83976038e-01 9.31367132e+00
  4.39989092e-01 6.11681630e-01 3.54727400e+00 3.73283002e-01
  3.13095461e-01 1.40067519e+00 7.03833259e-01 8.53987145e-01
  5.97387425e+00 8.68663909e-01 8.32456736e-01 9.15776542e-02
  1.15262360e+00 2.98534379e+00 2.03075017e-01 3.75609234e+00
  3.13527680e-01 2.84987116e+01 2.23411466e-01 3.04760261e+00
  6.82942048e-01 8.42276426e+01 9.26051631e-01 2.97018949e+01
  2.52335691e+00 2.98332438e-01 3.85681070e-01 3.05375812e+00
  1.45388672e-01 5.20039477e-01 1.56525850e+02 3.10532597e+00
  5.28228576e+01 9.76473676e-02 7.55766618e-01 1.43829442e+01
  2.76143821e-01 1.29223928e+00 1.84507424e+00 1.38545339e+02]
 [3.86400635e-01 6.01797083e-01 4.00745764e-01 1.62714884e-01
  1.01954321e+00 4.78079697e-01 2.07337794e+00 3.92391055e-01
  1.43101779e-01 4.05844630e-01 4.38045823e+00 2.45331958e+00
  9.01006900e+01 2.33370230e+00 5.30874646e-02 4.31824678e-01
  1.04308399e-01 1.04624220e-01 9.36231662e+00 7.21184095e-01
  5.56539632e+00 1.20825832e+00 1.31476039e-01 5.27606516e-01
  1.97105988e+00 7.82061441e+00 1.45416216e-01 8.72491807e+00
  5.56763455e-01 1.24975453e-01 2.02881026e+00 2.51489240e-01
  1.10674342e+00 1.77125433e+02 1.35277123e-01 2.57782026e-01
  1.56030997e-01 3.90793378e-01 6.74324743e-01 4.16189854e-01
  1.21771956e+02 4.97085998e-01 3.99954256e+00 4.34974359e-01
  4.10953099e+00 1.35606058e-01 2.48287387e+00 5.47218103e+00
  6.35244501e-01 5.56133258e-01 2.48843122e-01 3.60365968e+01
  7.30283047e+00 9.70914278e-01 8.39932173e-01 3.40288485e+01
  1.17594114e+00 3.14818545e+01 3.35794882e-01 1.40472056e+01
  4.53595778e+00 3.05531307e+01 4.99917809e+00 1.68235365e+00]
 [2.18677109e+00 2.58186322e-01 4.69398156e-01 6.43411376e-01
  4.30514493e-01 2.79499265e-01 2.87014057e-01 2.70522699e+00
  4.93973458e+00 1.93284065e-01 1.51141587e+01 1.41626752e+01
  2.45513996e+02 3.38370695e-01 8.16704676e+00 1.99646265e+02
  2.54750885e+01 7.60534280e+00 1.12937469e+00 4.71509327e-01
  1.44804563e+00 4.65705651e+00 3.40770574e+00 6.11668920e+00
  4.12293800e-01 4.44440226e+01 2.27650402e+01 6.28083954e-01
  5.07303875e-01 2.40984160e-01 2.44225244e+00 1.11153752e+00
  2.44407000e-01 2.53589599e-01 3.17514724e+00 3.19733518e-01
  2.09322817e-01 2.48940140e-01 9.18211913e-02 4.06664682e+02
  8.16872804e-02 6.42485679e+01 3.68456548e+01 1.36204409e+00
  3.60983862e+00 1.89664662e-01 1.11967004e-01 9.94923522e+00
  2.81704089e+00 4.28607238e-01 2.43247941e-01 2.85734998e+05
  2.77197413e+00 2.03823453e+01 2.75753750e-01 2.56637287e+00
  1.13343125e+00 8.04517472e-01 2.53620902e-01 1.57217252e+00
  3.85496359e-01 2.29924822e+00 9.55915653e-01 5.35745443e-01]]
