1
50
2023-11-11 22:21:20
100
2023-11-11 22:22:44
elapsed:  168.9  seconds
150
2023-11-11 22:24:12
200
2023-11-11 22:25:36
elapsed:  340.9  seconds
250
2023-11-11 22:27:01
300
2023-11-11 22:28:24
elapsed:  509.1  seconds
350
2023-11-11 22:29:50
400
2023-11-11 22:31:12
elapsed:  677.0  seconds
450
2023-11-11 22:32:36
500
2023-11-11 22:33:59
elapsed:  844.6  seconds
550
2023-11-11 22:35:25
600
2023-11-11 22:36:48
elapsed:  1013.4  seconds
650
2023-11-11 22:38:11
700
2023-11-11 22:39:32
elapsed:  1177.5  seconds
750
2023-11-11 22:40:57
800
2023-11-11 22:42:21
elapsed:  1346.0  seconds
850
2023-11-11 22:43:46
900
2023-11-11 22:45:08
elapsed:  1513.5  seconds
950
2023-11-11 22:46:34
1000
2023-11-11 22:47:57
elapsed:  1682.3  seconds
1050
2023-11-11 22:49:23
1100
2023-11-11 22:50:47
elapsed:  1852.5  seconds
1150
2023-11-11 22:52:12
1200
2023-11-11 22:53:36
elapsed:  2021.4  seconds
1250
2023-11-11 22:55:03
1300
2023-11-11 22:56:26
elapsed:  2191.0  seconds
1350
2023-11-11 22:57:52
1400
2023-11-11 22:59:18
elapsed:  2363.5  seconds
1450
2023-11-11 23:00:45
1500
2023-11-11 23:02:09
elapsed:  2534.4  seconds
1550
2023-11-11 23:03:34
1600
2023-11-11 23:04:56
elapsed:  2701.3  seconds
1650
2023-11-11 23:06:22
1700
2023-11-11 23:07:46
elapsed:  2871.3  seconds
1750
2023-11-11 23:09:11
1800
2023-11-11 23:10:35
elapsed:  3039.8  seconds
1850
2023-11-11 23:12:00
1900
2023-11-11 23:13:23
elapsed:  3207.7  seconds
1950
2023-11-11 23:14:47
2000
2023-11-11 23:16:11
elapsed:  3376.1  seconds
2050
2023-11-11 23:17:37
2100
2023-11-11 23:19:01
elapsed:  3545.6  seconds
2150
2023-11-11 23:20:28
2200
2023-11-11 23:21:51
elapsed:  3715.8  seconds
2250
2023-11-11 23:23:16
2300
2023-11-11 23:24:40
elapsed:  3884.8  seconds
2350
2023-11-11 23:26:02
2400
2023-11-11 23:27:24
elapsed:  4048.7  seconds
2450
2023-11-11 23:28:49
2500
2023-11-11 23:30:12
elapsed:  4217.0  seconds
2550
2023-11-11 23:31:37
2600
2023-11-11 23:33:02
elapsed:  4386.8  seconds
2650
2023-11-11 23:34:27
2700
2023-11-11 23:35:50
elapsed:  4555.1  seconds
2750
2023-11-11 23:37:16
2800
2023-11-11 23:38:39
elapsed:  4724.1  seconds
2850
2023-11-11 23:40:05
2900
2023-11-11 23:41:28
elapsed:  4893.4  seconds
2950
2023-11-11 23:42:53
3000
2023-11-11 23:44:17
elapsed:  5062.3  seconds
3050
2023-11-11 23:45:43
3100
2023-11-11 23:47:07
elapsed:  5232.1  seconds
3150
2023-11-11 23:48:31
3200
2023-11-11 23:49:54
elapsed:  5399.3  seconds
3250
2023-11-11 23:51:20
3300
2023-11-11 23:52:43
elapsed:  5568.5  seconds
3350
2023-11-11 23:54:08
3400
2023-11-11 23:55:33
elapsed:  5737.8  seconds
3450
2023-11-11 23:56:59
3500
2023-11-11 23:58:23
elapsed:  5908.5  seconds
3550
2023-11-11 23:59:49
3600
2023-11-12 00:01:13
elapsed:  6077.6  seconds
3650
2023-11-12 00:02:39
3700
2023-11-12 00:04:02
elapsed:  6247.0  seconds
3750
2023-11-12 00:05:28
3800
2023-11-12 00:06:52
elapsed:  6416.6  seconds
3850
2023-11-12 00:08:17
3900
2023-11-12 00:09:40
elapsed:  6584.8  seconds
3950
2023-11-12 00:11:05
4000
2023-11-12 00:12:28
elapsed:  6753.2  seconds
4050
2023-11-12 00:13:54
4100
2023-11-12 00:15:17
elapsed:  6922.5  seconds
4150
2023-11-12 00:16:43
4200
2023-11-12 00:18:07
elapsed:  7092.2  seconds
4250
2023-11-12 00:19:32
4300
2023-11-12 00:20:55
elapsed:  7260.5  seconds
4350
2023-11-12 00:22:20
4400
2023-11-12 00:23:44
elapsed:  7428.7  seconds
4450
2023-11-12 00:25:07
4500
2023-11-12 00:26:32
elapsed:  7596.6  seconds
4550
2023-11-12 00:27:57
4600
2023-11-12 00:29:21
elapsed:  7765.8  seconds
4650
2023-11-12 00:30:46
4700
2023-11-12 00:32:10
elapsed:  7935.2  seconds
4750
2023-11-12 00:33:35
4800
2023-11-12 00:34:58
elapsed:  8103.5  seconds
4850
2023-11-12 00:36:25
4900
2023-11-12 00:37:49
elapsed:  8273.9  seconds
4950
2023-11-12 00:39:12
5000
2023-11-12 00:40:36
elapsed:  8441.3  seconds
5050
2023-11-12 00:42:02
5100
2023-11-12 00:43:25
elapsed:  8610.0  seconds
5150
2023-11-12 00:44:51
5200
2023-11-12 00:46:15
elapsed:  8780.4  seconds
5250
2023-11-12 00:47:41
5300
2023-11-12 00:49:04
elapsed:  8949.5  seconds
5350
2023-11-12 00:50:30
5400
2023-11-12 00:51:54
elapsed:  9119.5  seconds
5450
2023-11-12 00:53:21
5500
2023-11-12 00:54:44
elapsed:  9289.1  seconds
5550
2023-11-12 00:56:10
5600
2023-11-12 00:57:35
elapsed:  9459.9  seconds
5650
2023-11-12 00:59:00
5700
2023-11-12 01:00:24
elapsed:  9629.1  seconds
5750
2023-11-12 01:01:50
5800
2023-11-12 01:03:13
elapsed:  9797.9  seconds
5850
2023-11-12 01:04:38
5900
2023-11-12 01:06:02
elapsed:  9967.1  seconds
5950
2023-11-12 01:07:28
6000
2023-11-12 01:08:51
elapsed:  10136.3  seconds
6050
2023-11-12 01:10:18
6100
2023-11-12 01:11:42
elapsed:  10307.0  seconds
6150
2023-11-12 01:13:08
6200
2023-11-12 01:14:32
elapsed:  10476.8  seconds
6250
2023-11-12 01:15:57
6300
2023-11-12 01:17:20
elapsed:  10645.3  seconds
6350
2023-11-12 01:18:45
6400
2023-11-12 01:20:08
elapsed:  10813.2  seconds
6450
2023-11-12 01:21:34
6500
2023-11-12 01:22:57
elapsed:  10981.7  seconds
6550
2023-11-12 01:24:21
6600
2023-11-12 01:25:45
elapsed:  11149.8  seconds
6650
2023-11-12 01:27:10
6700
2023-11-12 01:28:33
elapsed:  11318.0  seconds
6750
2023-11-12 01:29:58
6800
2023-11-12 01:31:22
elapsed:  11487.6  seconds
6850
2023-11-12 01:32:47
6900
2023-11-12 01:34:09
elapsed:  11654.0  seconds
6950
2023-11-12 01:35:34
7000
2023-11-12 01:36:57
elapsed:  11822.0  seconds
7050
2023-11-12 01:38:22
7100
2023-11-12 01:39:45
elapsed:  11989.7  seconds
7150
2023-11-12 01:41:10
7200
2023-11-12 01:42:34
elapsed:  12159.2  seconds
7250
2023-11-12 01:44:00
7300
2023-11-12 01:45:23
elapsed:  12328.5  seconds
7350
2023-11-12 01:46:50
7400
2023-11-12 01:48:13
elapsed:  12498.1  seconds
7450
2023-11-12 01:49:39
7500
2023-11-12 01:51:04
elapsed:  12668.9  seconds
7550
2023-11-12 01:52:30
7600
2023-11-12 01:53:55
elapsed:  12840.1  seconds
7650
2023-11-12 01:55:20
7700
2023-11-12 01:56:44
elapsed:  13008.9  seconds
7750
2023-11-12 01:58:09
7800
2023-11-12 01:59:32
elapsed:  13177.3  seconds
7850
2023-11-12 02:00:59
7900
2023-11-12 02:02:23
elapsed:  13347.8  seconds
7950
2023-11-12 02:03:46
8000
2023-11-12 02:05:09
elapsed:  13514.4  seconds
8050
2023-11-12 02:06:36
8100
2023-11-12 02:07:59
elapsed:  13684.5  seconds
8150
2023-11-12 02:09:26
8200
2023-11-12 02:10:48
elapsed:  13853.3  seconds
8250
2023-11-12 02:12:13
8300
2023-11-12 02:13:36
elapsed:  14020.9  seconds
8350
2023-11-12 02:15:01
8400
2023-11-12 02:16:24
elapsed:  14188.9  seconds
8450
2023-11-12 02:17:49
8500
2023-11-12 02:19:12
elapsed:  14357.5  seconds
8550
2023-11-12 02:20:39
8600
2023-11-12 02:22:03
elapsed:  14527.8  seconds
8650
2023-11-12 02:23:29
8700
2023-11-12 02:24:53
elapsed:  14698.1  seconds
8750
2023-11-12 02:26:19
8800
2023-11-12 02:27:40
elapsed:  14865.3  seconds
8850
2023-11-12 02:29:01
8900
2023-11-12 02:30:23
elapsed:  15028.5  seconds
8950
2023-11-12 02:31:48
9000
2023-11-12 02:33:12
elapsed:  15197.1  seconds
9050
2023-11-12 02:34:37
9100
2023-11-12 02:36:02
elapsed:  15366.9  seconds
9150
2023-11-12 02:37:28
9200
2023-11-12 02:38:51
elapsed:  15536.2  seconds
9250
2023-11-12 02:40:17
9300
2023-11-12 02:41:40
elapsed:  15705.2  seconds
9350
2023-11-12 02:43:06
9400
2023-11-12 02:44:29
elapsed:  15874.3  seconds
9450
2023-11-12 02:45:55
9500
2023-11-12 02:47:19
elapsed:  16043.6  seconds
9550
2023-11-12 02:48:44
9600
2023-11-12 02:50:07
elapsed:  16212.1  seconds
9650
2023-11-12 02:51:33
9700
2023-11-12 02:52:57
elapsed:  16382.1  seconds
9750
2023-11-12 02:54:24
9800
2023-11-12 02:55:47
elapsed:  16552.6  seconds
9850
2023-11-12 02:57:12
9900
2023-11-12 02:58:36
elapsed:  16721.5  seconds
9950
2023-11-12 03:00:02
10000
2023-11-12 03:01:26
elapsed:  16890.7  seconds
10050
2023-11-12 03:02:50
10100
2023-11-12 03:04:10
elapsed:  17055.5  seconds
10150
2023-11-12 03:05:37
10200
2023-11-12 03:07:00
elapsed:  17225.0  seconds
10250
2023-11-12 03:08:25
10300
2023-11-12 03:09:47
elapsed:  17392.6  seconds
10350
2023-11-12 03:11:13
10400
2023-11-12 03:12:36
elapsed:  17561.2  seconds
10450
2023-11-12 03:14:01
10500
2023-11-12 03:15:25
elapsed:  17729.8  seconds
10550
2023-11-12 03:16:50
10600
2023-11-12 03:18:14
elapsed:  17898.9  seconds
10650
2023-11-12 03:19:39
10700
2023-11-12 03:21:03
elapsed:  18067.7  seconds
10750
2023-11-12 03:22:28
10800
2023-11-12 03:23:51
elapsed:  18235.9  seconds
10850
2023-11-12 03:25:16
10900
2023-11-12 03:26:38
elapsed:  18402.8  seconds
10950
2023-11-12 03:28:01
11000
2023-11-12 03:29:25
elapsed:  18570.0  seconds
11050
2023-11-12 03:30:51
11100
2023-11-12 03:32:14
elapsed:  18739.2  seconds
11150
2023-11-12 03:33:39
11200
2023-11-12 03:35:03
elapsed:  18907.7  seconds
11250
2023-11-12 03:36:28
11300
2023-11-12 03:37:50
elapsed:  19075.4  seconds
11350
2023-11-12 03:39:17
11400
2023-11-12 03:40:40
elapsed:  19244.9  seconds
11450
2023-11-12 03:42:05
11500
2023-11-12 03:43:29
elapsed:  19413.9  seconds
11550
2023-11-12 03:44:55
11600
2023-11-12 03:46:17
elapsed:  19582.5  seconds
11650
2023-11-12 03:47:43
11700
2023-11-12 03:49:07
elapsed:  19752.4  seconds
11750
2023-11-12 03:50:31
11800
2023-11-12 03:51:54
elapsed:  19919.3  seconds
11850
2023-11-12 03:53:21
11900
2023-11-12 03:54:45
elapsed:  20090.0  seconds
11950
2023-11-12 03:56:12
12000
2023-11-12 03:57:35
elapsed:  20260.4  seconds
12050
2023-11-12 03:59:01
12100
2023-11-12 04:00:24
elapsed:  20428.7  seconds
12150
2023-11-12 04:01:49
12200
2023-11-12 04:03:11
elapsed:  20596.3  seconds
12250
2023-11-12 04:04:36
12300
2023-11-12 04:06:00
elapsed:  20764.7  seconds
12350
2023-11-12 04:07:27
12400
2023-11-12 04:08:50
elapsed:  20935.2  seconds
12450
2023-11-12 04:10:16
12500
2023-11-12 04:11:40
elapsed:  21105.0  seconds
12550
2023-11-12 04:13:06
12600
2023-11-12 04:14:31
elapsed:  21276.3  seconds
12650
2023-11-12 04:15:58
12700
2023-11-12 04:17:22
elapsed:  21446.7  seconds
12750
2023-11-12 04:18:48
12800
2023-11-12 04:20:12
elapsed:  21617.5  seconds
12850
2023-11-12 04:21:39
12900
2023-11-12 04:23:02
elapsed:  21787.2  seconds
12950
2023-11-12 04:24:29
13000
2023-11-12 04:25:54
elapsed:  21959.0  seconds
13050
2023-11-12 04:27:20
13100
2023-11-12 04:28:44
elapsed:  22128.9  seconds
13150
2023-11-12 04:30:11
13200
2023-11-12 04:31:36
elapsed:  22300.7  seconds
13250
2023-11-12 04:33:02
13300
2023-11-12 04:34:25
elapsed:  22470.5  seconds
13350
2023-11-12 04:35:51
13400
2023-11-12 04:37:15
elapsed:  22639.6  seconds
13450
2023-11-12 04:38:38
13500
2023-11-12 04:40:00
elapsed:  22805.3  seconds
13550
2023-11-12 04:41:25
13600
2023-11-12 04:42:49
elapsed:  22974.0  seconds
13650
2023-11-12 04:44:15
13700
2023-11-12 04:45:40
elapsed:  23145.0  seconds
13750
2023-11-12 04:47:06
13800
2023-11-12 04:48:28
elapsed:  23312.9  seconds
13850
2023-11-12 04:49:51
13900
2023-11-12 04:51:15
elapsed:  23480.5  seconds
13950
2023-11-12 04:52:42
14000
2023-11-12 04:54:05
elapsed:  23649.8  seconds
14050
2023-11-12 04:55:30
14100
2023-11-12 04:56:53
elapsed:  23818.0  seconds
14150
2023-11-12 04:58:20
14200
2023-11-12 04:59:44
elapsed:  23988.6  seconds
14250
2023-11-12 05:01:08
14300
2023-11-12 05:02:32
elapsed:  24157.0  seconds
14350
2023-11-12 05:03:57
14400
2023-11-12 05:05:23
elapsed:  24327.7  seconds
14450
2023-11-12 05:06:50
14500
2023-11-12 05:08:15
elapsed:  24499.9  seconds
14550
2023-11-12 05:09:43
14600
2023-11-12 05:11:09
elapsed:  24674.2  seconds
14650
2023-11-12 05:12:35
14700
2023-11-12 05:13:59
elapsed:  24843.6  seconds
14750
2023-11-12 05:15:25
14800
2023-11-12 05:16:49
elapsed:  25013.9  seconds
14850
2023-11-12 05:18:16
14900
2023-11-12 05:19:40
elapsed:  25185.6  seconds
14950
2023-11-12 05:21:07
elapsed:  25354.4  seconds
total time:  25358.4  seconds
true R:  [[2.51947761e+00 2.58727749e+00 6.91517972e+01 1.18336223e+00
  9.65027994e-01 1.29429250e-01 5.00795019e+01 4.77194844e+00
  1.03542793e+02 3.54406733e-01 3.28754963e-01 3.69135685e-01
  6.39439713e-01 2.36426286e-01 3.80065191e-01 4.35604584e+01
  1.76240606e+00 3.17835348e+00 4.22071462e+02 7.20502363e-01
  1.54453228e+00 4.70636952e+01 1.54971777e+00 8.95785094e-01
  3.56011634e+00 6.28736176e+00 3.94417540e+00 5.30029853e+00
  3.16754976e+00 4.99059774e-01 2.88093568e+00 1.38699384e-01
  4.33145818e+00 1.10161851e+00 2.81699820e-01 4.65119536e-01
  9.91768202e-02 4.49214183e-01 4.21075153e+01 1.38844200e+01
  1.30064273e+00 6.33881125e-01 3.74992591e-01 4.73395828e-01
  2.83077994e-01 1.54397335e+00 6.26176130e-01 2.21272923e+01
  4.99160849e+00 1.19452804e+00 9.89351254e-01 3.89153533e+00
  5.43585682e+01 4.40498612e-01 8.80908028e-02 2.61924488e+00
  4.54251212e-01 4.02473161e+03 7.12593986e-02 3.33996652e-01
  8.20771642e-01 1.48706873e-01 2.50559359e-01 2.52847468e-01]
 [1.30970477e+00 7.90440763e-01 5.82175759e+00 1.26032475e-01
  7.89702596e+01 1.95441940e-01 8.69527433e-01 3.04892064e+00
  8.04630024e+01 6.98528128e-01 2.91870425e+01 2.26222753e+00
  1.71101712e+00 2.01421990e+01 3.71870994e-01 3.77938142e-01
  8.80167894e-01 1.15614024e+00 5.47736316e-01 3.14365919e+00
  6.34105381e-01 1.15932272e+01 1.02906035e+01 1.02201305e+01
  1.54204334e+00 2.26765092e-01 9.77158143e-01 2.47674604e+00
  5.32529009e+01 2.76055516e+00 6.44056218e-01 2.04229563e+01
  6.11106884e-01 1.25707413e+00 3.19793821e+00 6.73371517e-01
  3.46950879e+00 1.05926386e+01 1.71466767e+00 5.33210220e-01
  4.04345322e-01 5.54342425e-01 6.31911143e+01 3.00754257e+01
  4.68666852e-01 1.45030849e+00 1.82527194e+00 3.53210861e-01
  2.18082232e+02 3.68621703e-01 5.17330104e-01 2.01235338e-01
  1.97901645e+00 2.73287507e+00 1.81820907e-01 5.89651570e-02
  1.32708874e+02 3.00012398e+00 3.34608737e-01 2.37011153e+00
  3.90526987e-01 3.69073254e+01 7.12431938e-01 1.93304698e+02]
 [2.98316506e-01 4.03003416e-01 9.23802499e-01 5.94281107e-01
  1.17844105e+02 2.48620378e-01 1.85451630e+01 2.10298588e-01
  2.24655750e+00 5.58610356e-01 3.48306637e+02 3.45259486e+00
  2.76871067e+00 1.53824167e+00 1.41543911e+00 2.46388957e-01
  2.85334347e+01 4.19650924e+01 4.75380330e-01 7.06313567e-02
  9.85299959e-01 3.33426899e+00 1.42523764e+00 6.28616925e-01
  1.25664008e-01 1.18271039e+00 2.38002247e+00 6.87803061e-01
  5.90266928e+00 4.63151516e+00 9.02975437e-02 1.77682341e+00
  2.12050830e+00 4.00255241e-01 3.93148974e-01 2.79404794e-01
  3.60438388e-01 7.82588382e+00 4.74893114e+01 2.32988152e+00
  4.71933663e+00 1.79114270e+00 2.71017088e-01 7.47552696e+00
  6.21994716e-01 2.04745121e+00 9.76144107e-02 2.17517765e+00
  5.18301509e+00 1.35378418e+00 1.67223262e+01 7.61415437e-01
  7.27364945e-01 1.15692068e+00 1.24260036e+00 4.06373262e-01
  1.62748339e+01 8.61165982e+00 1.51469646e+01 1.15425881e+00
  1.49219529e+02 3.13563075e-01 1.08129819e+01 2.84704091e-01]
 [3.76612689e+00 2.47368690e-01 4.60785007e+00 1.48007159e+00
  3.79373964e-01 3.89539125e-01 2.23337464e-01 1.39091162e+00
  1.41018906e+01 2.40348902e+02 2.18109883e+00 2.82208789e+00
  6.46405196e-01 6.62667329e+00 5.10537398e-01 7.72193332e-01
  1.23936188e+00 2.84111573e-01 7.06025788e-01 4.74949687e+00
  2.39729827e+00 3.78978383e-01 2.86151975e-01 7.18174529e-01
  2.19853235e+02 5.45927476e+00 2.31168581e+00 5.37006041e-01
  6.21916059e-01 1.98265701e-01 2.97416554e+00 3.18618471e+00
  4.28645080e-01 5.29871267e-01 1.63453739e-01 2.11098161e-01
  1.08854076e+01 9.22207490e-01 1.37232048e-01 3.95325323e-01
  3.81979015e-01 2.79245682e+00 1.83537896e+00 1.28354579e-01
  6.54424818e-01 4.83911362e-01 6.64254416e-01 4.72203627e-01
  7.04006688e-02 1.80585771e-01 6.72920125e+00 1.52712667e+03
  4.76099562e+00 1.60773775e+00 1.22512567e+01 2.59882132e-01
  7.11464713e-01 1.18810086e-01 1.73965709e+00 4.17888587e-01
  1.86336550e-01 2.90838252e+00 4.39150898e+00 4.47990466e-01]
 [6.83258770e-01 1.79940347e-01 1.26932581e+00 1.08991725e-01
  1.87544591e+01 1.74023500e-01 6.51117665e-01 5.70200863e+02
  2.26044017e-01 2.65337030e-01 1.41506850e-01 1.02617272e+00
  4.77743119e+00 1.08134773e+00 7.99229408e-01 2.19071925e-01
  7.49016460e+00 3.92190804e+01 4.16955799e-01 1.22968017e+00
  1.11151511e+00 6.00923919e+02 1.40243686e-01 4.86659884e-01
  6.23455347e-01 2.32014450e+01 9.09640429e+01 1.34424832e+00
  3.29044433e+00 4.32331385e+00 1.27156329e-01 6.97014276e-01
  1.70057355e-01 1.88277451e+00 2.77966890e-01 1.38245437e+00
  3.97429920e-01 2.04455981e-01 1.22275582e-01 6.72048780e+00
  1.78445004e-01 7.32856272e-01 4.56266923e-01 4.83356186e+01
  2.07960721e-01 2.73153032e-01 3.39352531e-01 1.70582248e+00
  5.76293008e+00 3.04749710e-01 2.43153172e-01 2.84717966e+00
  3.61384388e+00 2.74753543e+02 1.72181055e+00 4.30848838e-01
  3.74055054e-01 1.11054846e+00 2.96679788e-01 1.13128655e+00
  1.30972419e-01 1.75602859e-01 3.06600599e+00 1.32630399e+00]
 [1.05527057e+01 4.34395796e-01 1.12642144e+00 4.38958373e+00
  4.55569655e-01 2.74377004e+00 2.16185850e+01 4.01464530e+00
  2.34249024e-01 2.07412054e-01 2.09333257e-01 1.04830751e+01
  2.56491978e+00 2.52476300e-01 7.35126905e-01 8.14552290e-01
  1.42176867e+00 1.57116432e-01 8.44133425e-01 6.03445215e-01
  1.12138749e+01 3.06830925e-01 9.35966099e-01 6.32499180e-01
  1.42504081e+01 1.49111375e-01 2.29222908e+00 3.49535668e-01
  1.60460352e-01 2.85094909e-01 2.93989013e-01 3.25408715e-01
  2.40409170e-01 1.85309304e+00 3.61910692e-01 2.11998963e+00
  1.18708480e+00 4.61778129e+00 8.84720467e-02 4.75833915e+01
  3.42465961e-01 1.03479004e+02 6.02510533e-01 1.59622327e+00
  1.24109696e+00 1.94382956e+01 5.25788759e-01 5.57592811e+00
  2.39836725e+00 7.02690700e+00 1.01712271e-01 5.63918717e-01
  2.17485786e+01 7.70944512e-01 2.21642657e-01 3.62519511e+00
  5.12799110e-01 1.09491255e+00 6.71820191e+02 1.07245251e+00
  1.46604584e+00 4.42167380e-01 7.24530411e+00 2.90135370e+01]
 [7.03940145e-02 9.43261276e+00 2.03501558e-01 3.33165181e+01
  6.33833393e+00 2.23154916e-01 8.98411394e-01 7.43389589e-02
  1.74304567e+02 1.48879563e+02 1.28236807e-01 2.59405967e+00
  6.23985246e-01 4.87551950e-01 1.53591902e+00 5.26913161e+00
  6.14024364e-01 6.00308049e+00 1.43142088e+00 7.29170345e-01
  1.27680561e+02 6.27930243e-01 7.53790288e-01 1.39480709e-01
  2.81480775e-01 4.25097209e-01 2.39728393e+01 5.60056910e-01
  1.51965950e-01 9.67831866e-01 8.76685237e-01 6.52116988e-02
  7.39223779e+01 2.98443715e-01 1.20428326e-01 7.72657995e-01
  1.21334988e+00 1.17510742e+00 7.36977170e+00 1.40490354e+00
  8.97901425e+01 1.20871886e+01 2.32911664e+00 1.10260114e+01
  3.67220655e-01 2.92945251e-01 8.75495871e-01 4.36019848e-01
  3.35501137e-01 4.52404926e-01 1.17480166e+00 1.79478361e+00
  2.12205533e-01 1.91193938e+02 4.40465115e-01 1.45790587e+00
  4.21160194e+00 1.13930492e+00 4.91080194e-01 1.95608574e-01
  7.11078539e-01 2.32630140e+00 8.23266495e-01 7.59619683e-01]
 [6.09514011e+00 3.94836857e+00 1.78105015e-01 9.17329203e-01
  7.17083029e-01 3.59184735e-01 2.32346817e+00 2.08394202e+00
  5.44827897e-01 4.93213422e-01 6.69877002e-01 3.94586673e+00
  5.67940632e+01 1.52804422e-01 3.58337692e+00 3.40835283e-01
  8.98086920e-01 5.75134216e+01 1.50050290e+01 5.11780977e+00
  3.04944950e-01 4.90273636e+01 3.78108015e-01 5.15464807e-01
  5.32975246e+00 7.24418655e+00 7.56598913e-01 8.66668794e-01
  1.32133098e+00 2.89811206e+02 1.03769382e-01 5.60848918e-01
  8.89466645e-01 3.70541698e-01 1.16718221e+02 4.28264760e+00
  1.99638138e-01 1.07713949e+00 2.45438127e-01 1.33791799e+02
  1.54217412e+01 4.43733326e+02 1.65727154e+00 5.98663910e-01
  3.90854447e-01 2.51957349e+02 1.23985730e+00 2.07512010e+00
  3.23123749e-01 2.30590285e+00 8.77043450e+01 1.51744089e-01
  1.02160164e+00 2.60084974e-01 2.76092306e-01 1.61014712e-01
  1.81008791e+00 2.74487602e+02 1.08197511e+00 2.87407678e-01
  5.24723814e+00 8.32079220e-02 1.39053635e+00 1.65150383e+00]
 [4.46275158e-01 3.34737290e+00 2.20035376e-01 1.06381904e+00
  5.33692096e-01 1.37389371e+00 1.96232895e+01 1.36477301e-01
  1.89190906e+00 1.86706822e+02 6.07880112e-01 2.17649535e-01
  7.82368370e+00 9.61738234e-01 3.28153217e+00 2.41216330e-01
  1.94177676e+00 7.44374182e-01 3.58237674e-01 1.52839011e-01
  4.66245050e-01 1.90039566e+00 1.32143105e+01 5.26003530e+00
  7.49394381e-01 3.88503018e+00 1.78679618e-01 8.27731416e-01
  1.03638150e+02 1.05407270e+00 1.47079419e-01 3.00437923e-01
  3.56065032e+00 1.99972038e+00 4.20578601e+00 5.40130846e-01
  5.98185139e+03 1.29373348e+00 2.78203492e-01 1.22351253e-01
  8.14620783e+00 2.82254963e-01 1.04130252e+03 2.38546923e-01
  1.10384817e+00 3.45597704e-01 1.04531666e-01 1.39631629e+00
  4.56634675e+00 2.70721331e+00 2.71856449e+00 1.58195757e+02
  3.02549147e-01 5.14992310e+01 3.23472788e-01 5.38187711e-01
  3.13317819e-01 3.37422464e-01 1.00541476e+00 2.03047317e-01
  1.64564151e-01 1.79312424e+00 7.47655822e-01 2.76495182e-01]]
