1
50
2023-11-17 15:03:12
100
2023-11-17 15:06:07
elapsed:  345.1  seconds
150
2023-11-17 15:09:05
200
2023-11-17 15:11:59
elapsed:  697.2  seconds
250
2023-11-17 15:14:56
300
2023-11-17 15:17:53
elapsed:  1051.6  seconds
350
2023-11-17 15:20:49
/projects/muyang@colostate.edu/software/anaconda/envs/alpine_MCMC/lib/python3.11/site-packages/numpy/lib/function_base.py:2412: RuntimeWarning: divide by zero encountered in func (vectorized)
  outputs = ufunc(*inputs)
/projects/muyang@colostate.edu/software/anaconda/envs/alpine_MCMC/lib/python3.11/site-packages/numpy/lib/function_base.py:2412: RuntimeWarning: invalid value encountered in func (vectorized)
  outputs = ufunc(*inputs)
/projects/muyang@colostate.edu/software/anaconda/envs/alpine_MCMC/lib/python3.11/site-packages/numpy/lib/function_base.py:2412: RuntimeWarning: divide by zero encountered in func (vectorized)
  outputs = ufunc(*inputs)
/projects/muyang@colostate.edu/software/anaconda/envs/alpine_MCMC/lib/python3.11/site-packages/numpy/lib/function_base.py:2412: RuntimeWarning: invalid value encountered in func (vectorized)
  outputs = ufunc(*inputs)
400
2023-11-17 15:23:42
elapsed:  1400.0  seconds
450
2023-11-17 15:26:46
500
2023-11-17 15:29:48
elapsed:  1766.1  seconds
/projects/muyang@colostate.edu/software/anaconda/envs/alpine_MCMC/lib/python3.11/site-packages/numpy/lib/function_base.py:2412: RuntimeWarning: divide by zero encountered in func (vectorized)
  outputs = ufunc(*inputs)
/projects/muyang@colostate.edu/software/anaconda/envs/alpine_MCMC/lib/python3.11/site-packages/numpy/lib/function_base.py:2412: RuntimeWarning: invalid value encountered in func (vectorized)
  outputs = ufunc(*inputs)
550
2023-11-17 15:32:47
600
2023-11-17 15:35:50
elapsed:  2127.9  seconds
650
2023-11-17 15:38:57
700
2023-11-17 15:42:04
elapsed:  2501.7  seconds
750
2023-11-17 15:45:15
800
2023-11-17 15:48:19
elapsed:  2876.6  seconds
850
2023-11-17 15:51:29
900
2023-11-17 15:54:39
elapsed:  3257.5  seconds
950
2023-11-17 15:57:52
1000
2023-11-17 16:01:01
elapsed:  3639.2  seconds
1050
2023-11-17 16:04:10
/projects/muyang@colostate.edu/software/anaconda/envs/alpine_MCMC/lib/python3.11/site-packages/numpy/lib/function_base.py:2412: RuntimeWarning: divide by zero encountered in func (vectorized)
  outputs = ufunc(*inputs)
/projects/muyang@colostate.edu/software/anaconda/envs/alpine_MCMC/lib/python3.11/site-packages/numpy/lib/function_base.py:2412: RuntimeWarning: invalid value encountered in func (vectorized)
  outputs = ufunc(*inputs)
/projects/muyang@colostate.edu/software/anaconda/envs/alpine_MCMC/lib/python3.11/site-packages/numpy/lib/function_base.py:2412: RuntimeWarning: divide by zero encountered in func (vectorized)
  outputs = ufunc(*inputs)
/projects/muyang@colostate.edu/software/anaconda/envs/alpine_MCMC/lib/python3.11/site-packages/numpy/lib/function_base.py:2412: RuntimeWarning: invalid value encountered in func (vectorized)
  outputs = ufunc(*inputs)
1100
2023-11-17 16:07:19
elapsed:  4017.4  seconds
1150
2023-11-17 16:10:30
1200
2023-11-17 16:13:40
elapsed:  4398.1  seconds
1250
2023-11-17 16:16:53
1300
2023-11-17 16:20:01
elapsed:  4779.0  seconds
1350
2023-11-17 16:23:14
1400
2023-11-17 16:26:19
elapsed:  5157.5  seconds
1450
2023-11-17 16:29:30
/projects/muyang@colostate.edu/software/anaconda/envs/alpine_MCMC/lib/python3.11/site-packages/numpy/lib/function_base.py:2412: RuntimeWarning: divide by zero encountered in func (vectorized)
  outputs = ufunc(*inputs)
/projects/muyang@colostate.edu/software/anaconda/envs/alpine_MCMC/lib/python3.11/site-packages/numpy/lib/function_base.py:2412: RuntimeWarning: invalid value encountered in func (vectorized)
  outputs = ufunc(*inputs)
1500
2023-11-17 16:32:35
elapsed:  5533.0  seconds
1550
2023-11-17 16:35:45
1600
2023-11-17 16:38:52
elapsed:  5910.4  seconds
1650
2023-11-17 16:42:02
1700
2023-11-17 16:45:12
elapsed:  6290.4  seconds
1750
2023-11-17 16:48:25
1800
2023-11-17 16:51:37
elapsed:  6675.1  seconds
1850
2023-11-17 16:54:49
1900
2023-11-17 16:58:02
elapsed:  7060.4  seconds
/projects/muyang@colostate.edu/software/anaconda/envs/alpine_MCMC/lib/python3.11/site-packages/numpy/lib/function_base.py:2412: RuntimeWarning: divide by zero encountered in func (vectorized)
  outputs = ufunc(*inputs)
/projects/muyang@colostate.edu/software/anaconda/envs/alpine_MCMC/lib/python3.11/site-packages/numpy/lib/function_base.py:2412: RuntimeWarning: invalid value encountered in func (vectorized)
  outputs = ufunc(*inputs)
1950
2023-11-17 17:01:13
/projects/muyang@colostate.edu/software/anaconda/envs/alpine_MCMC/lib/python3.11/site-packages/numpy/lib/function_base.py:2412: RuntimeWarning: divide by zero encountered in func (vectorized)
  outputs = ufunc(*inputs)
/projects/muyang@colostate.edu/software/anaconda/envs/alpine_MCMC/lib/python3.11/site-packages/numpy/lib/function_base.py:2412: RuntimeWarning: invalid value encountered in func (vectorized)
  outputs = ufunc(*inputs)
2000
2023-11-17 17:04:19
elapsed:  7437.2  seconds
2050
2023-11-17 17:07:31
2100
2023-11-17 17:10:37
elapsed:  7814.9  seconds
2150
2023-11-17 17:13:47
2200
2023-11-17 17:16:57
elapsed:  8194.8  seconds
2250
2023-11-17 17:20:08
2300
2023-11-17 17:23:18
elapsed:  8576.5  seconds
2350
2023-11-17 17:26:30
/projects/muyang@colostate.edu/software/anaconda/envs/alpine_MCMC/lib/python3.11/site-packages/numpy/lib/function_base.py:2412: RuntimeWarning: divide by zero encountered in func (vectorized)
  outputs = ufunc(*inputs)
/projects/muyang@colostate.edu/software/anaconda/envs/alpine_MCMC/lib/python3.11/site-packages/numpy/lib/function_base.py:2412: RuntimeWarning: invalid value encountered in func (vectorized)
  outputs = ufunc(*inputs)
/projects/muyang@colostate.edu/software/anaconda/envs/alpine_MCMC/lib/python3.11/site-packages/numpy/lib/function_base.py:2412: RuntimeWarning: divide by zero encountered in func (vectorized)
  outputs = ufunc(*inputs)
/projects/muyang@colostate.edu/software/anaconda/envs/alpine_MCMC/lib/python3.11/site-packages/numpy/lib/function_base.py:2412: RuntimeWarning: invalid value encountered in func (vectorized)
  outputs = ufunc(*inputs)
2400
2023-11-17 17:29:32
elapsed:  8950.1  seconds
/projects/muyang@colostate.edu/software/anaconda/envs/alpine_MCMC/lib/python3.11/site-packages/numpy/lib/function_base.py:2412: RuntimeWarning: divide by zero encountered in func (vectorized)
  outputs = ufunc(*inputs)
/projects/muyang@colostate.edu/software/anaconda/envs/alpine_MCMC/lib/python3.11/site-packages/numpy/lib/function_base.py:2412: RuntimeWarning: invalid value encountered in func (vectorized)
  outputs = ufunc(*inputs)
2450
2023-11-17 17:32:41
2500
2023-11-17 17:35:50
elapsed:  9327.7  seconds
/projects/muyang@colostate.edu/software/anaconda/envs/alpine_MCMC/lib/python3.11/site-packages/numpy/lib/function_base.py:2412: RuntimeWarning: divide by zero encountered in func (vectorized)
  outputs = ufunc(*inputs)
/projects/muyang@colostate.edu/software/anaconda/envs/alpine_MCMC/lib/python3.11/site-packages/numpy/lib/function_base.py:2412: RuntimeWarning: invalid value encountered in func (vectorized)
  outputs = ufunc(*inputs)
2550
2023-11-17 17:38:58
2600
2023-11-17 17:42:05
elapsed:  9702.7  seconds
2650
2023-11-17 17:45:16
2700
2023-11-17 17:48:25
elapsed:  10083.1  seconds
2750
2023-11-17 17:51:37
2800
2023-11-17 17:54:48
elapsed:  10465.8  seconds
2850
2023-11-17 17:58:00
2900
2023-11-17 18:01:08
elapsed:  10846.2  seconds
2950
2023-11-17 18:04:17
3000
2023-11-17 18:07:26
elapsed:  11224.6  seconds
3050
2023-11-17 18:10:36
3100
2023-11-17 18:13:46
elapsed:  11604.2  seconds
3150
2023-11-17 18:16:59
/projects/muyang@colostate.edu/software/anaconda/envs/alpine_MCMC/lib/python3.11/site-packages/numpy/lib/function_base.py:2412: RuntimeWarning: divide by zero encountered in func (vectorized)
  outputs = ufunc(*inputs)
/projects/muyang@colostate.edu/software/anaconda/envs/alpine_MCMC/lib/python3.11/site-packages/numpy/lib/function_base.py:2412: RuntimeWarning: invalid value encountered in func (vectorized)
  outputs = ufunc(*inputs)
3200
2023-11-17 18:20:08
elapsed:  11986.1  seconds
3250
2023-11-17 18:23:20
3300
2023-11-17 18:26:32
elapsed:  12370.6  seconds
3350
2023-11-17 18:29:46
/projects/muyang@colostate.edu/software/anaconda/envs/alpine_MCMC/lib/python3.11/site-packages/numpy/lib/function_base.py:2412: RuntimeWarning: divide by zero encountered in func (vectorized)
  outputs = ufunc(*inputs)
/projects/muyang@colostate.edu/software/anaconda/envs/alpine_MCMC/lib/python3.11/site-packages/numpy/lib/function_base.py:2412: RuntimeWarning: invalid value encountered in func (vectorized)
  outputs = ufunc(*inputs)
3400
2023-11-17 18:32:58
elapsed:  12756.4  seconds
/projects/muyang@colostate.edu/software/anaconda/envs/alpine_MCMC/lib/python3.11/site-packages/numpy/lib/function_base.py:2412: RuntimeWarning: divide by zero encountered in func (vectorized)
  outputs = ufunc(*inputs)
/projects/muyang@colostate.edu/software/anaconda/envs/alpine_MCMC/lib/python3.11/site-packages/numpy/lib/function_base.py:2412: RuntimeWarning: invalid value encountered in func (vectorized)
  outputs = ufunc(*inputs)
3450
2023-11-17 18:36:12
/projects/muyang@colostate.edu/software/anaconda/envs/alpine_MCMC/lib/python3.11/site-packages/numpy/lib/function_base.py:2412: RuntimeWarning: divide by zero encountered in func (vectorized)
  outputs = ufunc(*inputs)
/projects/muyang@colostate.edu/software/anaconda/envs/alpine_MCMC/lib/python3.11/site-packages/numpy/lib/function_base.py:2412: RuntimeWarning: invalid value encountered in func (vectorized)
  outputs = ufunc(*inputs)
3500
2023-11-17 18:39:24
elapsed:  13142.4  seconds
3550
2023-11-17 18:42:37
3600
2023-11-17 18:45:49
elapsed:  13527.1  seconds
3650
2023-11-17 18:49:02
3700
2023-11-17 18:52:12
elapsed:  13910.6  seconds
3750
2023-11-17 18:55:27
3800
2023-11-17 18:58:40
elapsed:  14298.5  seconds
3850
2023-11-17 19:01:57
/projects/muyang@colostate.edu/software/anaconda/envs/alpine_MCMC/lib/python3.11/site-packages/numpy/lib/function_base.py:2412: RuntimeWarning: divide by zero encountered in func (vectorized)
  outputs = ufunc(*inputs)
/projects/muyang@colostate.edu/software/anaconda/envs/alpine_MCMC/lib/python3.11/site-packages/numpy/lib/function_base.py:2412: RuntimeWarning: invalid value encountered in func (vectorized)
  outputs = ufunc(*inputs)
3900
2023-11-17 19:05:10
elapsed:  14688.3  seconds
3950
2023-11-17 19:08:26
/projects/muyang@colostate.edu/software/anaconda/envs/alpine_MCMC/lib/python3.11/site-packages/numpy/lib/function_base.py:2412: RuntimeWarning: divide by zero encountered in func (vectorized)
  outputs = ufunc(*inputs)
/projects/muyang@colostate.edu/software/anaconda/envs/alpine_MCMC/lib/python3.11/site-packages/numpy/lib/function_base.py:2412: RuntimeWarning: invalid value encountered in func (vectorized)
  outputs = ufunc(*inputs)
4000
2023-11-17 19:11:40
elapsed:  15077.8  seconds
4050
2023-11-17 19:14:56
4100
2023-11-17 19:18:08
elapsed:  15466.6  seconds
4150
2023-11-17 19:21:22
4200
2023-11-17 19:24:32
elapsed:  15849.9  seconds
/projects/muyang@colostate.edu/software/anaconda/envs/alpine_MCMC/lib/python3.11/site-packages/numpy/lib/function_base.py:2412: RuntimeWarning: divide by zero encountered in func (vectorized)
  outputs = ufunc(*inputs)
/projects/muyang@colostate.edu/software/anaconda/envs/alpine_MCMC/lib/python3.11/site-packages/numpy/lib/function_base.py:2412: RuntimeWarning: invalid value encountered in func (vectorized)
  outputs = ufunc(*inputs)
4250
2023-11-17 19:27:44
4300
2023-11-17 19:30:59
elapsed:  16236.7  seconds
4350
2023-11-17 19:34:14
/projects/muyang@colostate.edu/software/anaconda/envs/alpine_MCMC/lib/python3.11/site-packages/numpy/lib/function_base.py:2412: RuntimeWarning: divide by zero encountered in func (vectorized)
  outputs = ufunc(*inputs)
/projects/muyang@colostate.edu/software/anaconda/envs/alpine_MCMC/lib/python3.11/site-packages/numpy/lib/function_base.py:2412: RuntimeWarning: invalid value encountered in func (vectorized)
  outputs = ufunc(*inputs)
4400
2023-11-17 19:37:22
elapsed:  16620.5  seconds
4450
2023-11-17 19:40:35
4500
2023-11-17 19:43:46
elapsed:  17003.8  seconds
4550
2023-11-17 19:46:56
4600
2023-11-17 19:50:07
elapsed:  17385.0  seconds
4650
2023-11-17 19:53:22
4700
2023-11-17 19:56:35
elapsed:  17773.4  seconds
4750
2023-11-17 19:59:50
4800
2023-11-17 20:03:03
elapsed:  18161.6  seconds
4850
2023-11-17 20:06:09
4900
2023-11-17 20:09:21
elapsed:  18539.2  seconds
4950
2023-11-17 20:12:35
5000
2023-11-17 20:15:45
elapsed:  18922.9  seconds
5050
2023-11-17 20:18:56
5100
2023-11-17 20:22:06
elapsed:  19304.1  seconds
5150
2023-11-17 20:25:20
/projects/muyang@colostate.edu/software/anaconda/envs/alpine_MCMC/lib/python3.11/site-packages/numpy/lib/function_base.py:2412: RuntimeWarning: divide by zero encountered in func (vectorized)
  outputs = ufunc(*inputs)
/projects/muyang@colostate.edu/software/anaconda/envs/alpine_MCMC/lib/python3.11/site-packages/numpy/lib/function_base.py:2412: RuntimeWarning: invalid value encountered in func (vectorized)
  outputs = ufunc(*inputs)
5200
2023-11-17 20:28:30
elapsed:  19687.9  seconds
5250
2023-11-17 20:31:43
5300
2023-11-17 20:34:53
elapsed:  20071.1  seconds
5350
2023-11-17 20:38:07
5400
2023-11-17 20:41:19
elapsed:  20457.0  seconds
5450
2023-11-17 20:44:34
5500
2023-11-17 20:47:47
elapsed:  20844.7  seconds
5550
2023-11-17 20:51:00
5600
2023-11-17 20:54:13
elapsed:  21230.8  seconds
5650
2023-11-17 20:57:24
5700
2023-11-17 21:00:37
elapsed:  21614.9  seconds
5750
2023-11-17 21:03:52
5800
2023-11-17 21:07:05
elapsed:  22003.5  seconds
5850
2023-11-17 21:10:20
5900
2023-11-17 21:13:34
elapsed:  22391.6  seconds
5950
2023-11-17 21:16:47
6000
2023-11-17 21:19:59
elapsed:  22777.1  seconds
6050
2023-11-17 21:23:12
6100
2023-11-17 21:26:18
elapsed:  23156.2  seconds
6150
2023-11-17 21:29:31
6200
2023-11-17 21:32:43
elapsed:  23541.0  seconds
6250
2023-11-17 21:35:55
6300
2023-11-17 21:39:03
elapsed:  23921.2  seconds
6350
2023-11-17 21:42:13
6400
2023-11-17 21:45:21
elapsed:  24298.7  seconds
6450
2023-11-17 21:48:31
6500
2023-11-17 21:51:36
elapsed:  24674.1  seconds
6550
2023-11-17 21:54:46
6600
2023-11-17 21:57:54
elapsed:  25052.4  seconds
6650
2023-11-17 22:01:05
6700
2023-11-17 22:04:13
elapsed:  25431.6  seconds
6750
2023-11-17 22:07:24
6800
2023-11-17 22:10:33
elapsed:  25811.3  seconds
6850
2023-11-17 22:13:44
6900
2023-11-17 22:16:52
elapsed:  26190.6  seconds
6950
2023-11-17 22:20:04
7000
2023-11-17 22:23:11
elapsed:  26568.7  seconds
7050
2023-11-17 22:26:22
7100
2023-11-17 22:29:30
elapsed:  26948.4  seconds
7150
2023-11-17 22:32:40
7200
2023-11-17 22:35:48
elapsed:  27326.5  seconds
7250
2023-11-17 22:39:00
7300
2023-11-17 22:42:06
elapsed:  27704.4  seconds
7350
2023-11-17 22:45:17
7400
2023-11-17 22:48:22
elapsed:  28080.0  seconds
7450
2023-11-17 22:51:32
7500
2023-11-17 22:54:38
elapsed:  28456.0  seconds
7550
2023-11-17 22:57:46
7600
2023-11-17 23:00:52
elapsed:  28830.4  seconds
7650
2023-11-17 23:04:01
7700
2023-11-17 23:07:11
elapsed:  29209.2  seconds
7750
2023-11-17 23:10:23
7800
2023-11-17 23:13:31
elapsed:  29589.6  seconds
7850
2023-11-17 23:16:40
7900
2023-11-17 23:19:45
elapsed:  29962.8  seconds
7950
2023-11-17 23:22:55
8000
2023-11-17 23:26:03
elapsed:  30341.2  seconds
8050
2023-11-17 23:29:16
/projects/muyang@colostate.edu/software/anaconda/envs/alpine_MCMC/lib/python3.11/site-packages/numpy/lib/function_base.py:2412: RuntimeWarning: divide by zero encountered in func (vectorized)
  outputs = ufunc(*inputs)
/projects/muyang@colostate.edu/software/anaconda/envs/alpine_MCMC/lib/python3.11/site-packages/numpy/lib/function_base.py:2412: RuntimeWarning: invalid value encountered in func (vectorized)
  outputs = ufunc(*inputs)
8100
2023-11-17 23:32:25
elapsed:  30723.3  seconds
8150
2023-11-17 23:35:36
8200
2023-11-17 23:38:47
elapsed:  31105.2  seconds
8250
2023-11-17 23:42:01
8300
2023-11-17 23:45:14
elapsed:  31492.4  seconds
8350
2023-11-17 23:48:26
8400
2023-11-17 23:51:36
elapsed:  31874.4  seconds
8450
2023-11-17 23:54:51
8500
2023-11-17 23:58:02
elapsed:  32260.6  seconds
8550
2023-11-18 00:01:17
8600
2023-11-18 00:04:28
elapsed:  32646.6  seconds
8650
2023-11-18 00:07:42
/projects/muyang@colostate.edu/software/anaconda/envs/alpine_MCMC/lib/python3.11/site-packages/numpy/lib/function_base.py:2412: RuntimeWarning: divide by zero encountered in func (vectorized)
  outputs = ufunc(*inputs)
/projects/muyang@colostate.edu/software/anaconda/envs/alpine_MCMC/lib/python3.11/site-packages/numpy/lib/function_base.py:2412: RuntimeWarning: invalid value encountered in func (vectorized)
  outputs = ufunc(*inputs)
8700
2023-11-18 00:10:57
elapsed:  33035.0  seconds
8750
2023-11-18 00:14:12
8800
2023-11-18 00:17:26
elapsed:  33423.9  seconds
8850
2023-11-18 00:20:41
8900
2023-11-18 00:23:55
elapsed:  33813.4  seconds
8950
2023-11-18 00:27:11
9000
2023-11-18 00:30:26
elapsed:  34204.6  seconds
9050
2023-11-18 00:33:43
9100
2023-11-18 00:36:56
elapsed:  34594.0  seconds
9150
2023-11-18 00:40:11
9200
2023-11-18 00:43:25
elapsed:  34983.3  seconds
9250
2023-11-18 00:46:40
9300
2023-11-18 00:49:52
elapsed:  35370.3  seconds
9350
2023-11-18 00:53:05
9400
2023-11-18 00:56:13
elapsed:  35751.5  seconds
9450
2023-11-18 00:59:28
9500
2023-11-18 01:02:41
elapsed:  36139.4  seconds
9550
2023-11-18 01:05:57
9600
2023-11-18 01:09:12
elapsed:  36530.2  seconds
/projects/muyang@colostate.edu/software/anaconda/envs/alpine_MCMC/lib/python3.11/site-packages/numpy/lib/function_base.py:2412: RuntimeWarning: divide by zero encountered in func (vectorized)
  outputs = ufunc(*inputs)
/projects/muyang@colostate.edu/software/anaconda/envs/alpine_MCMC/lib/python3.11/site-packages/numpy/lib/function_base.py:2412: RuntimeWarning: invalid value encountered in func (vectorized)
  outputs = ufunc(*inputs)
9650
2023-11-18 01:12:28
9700
2023-11-18 01:15:42
elapsed:  36920.3  seconds
9750
2023-11-18 01:18:58
9800
2023-11-18 01:22:11
elapsed:  37309.4  seconds
9850
2023-11-18 01:25:24
9900
2023-11-18 01:28:34
elapsed:  37692.3  seconds
9950
2023-11-18 01:31:50
elapsed:  38078.9  seconds
total time:  38084.8  seconds
true R:  [[5.78464231e-01 3.46546658e-01 7.20804956e-02 5.21679133e-01
  3.25523587e+00 7.86283133e+00 2.58785376e-01 1.90063001e+00
  4.86743851e-01 4.68680734e-01 6.57020487e-01 2.06456011e+00
  2.94358642e+01 1.33901238e+00 6.66054127e-01 6.38967191e+00
  2.57983318e+00 4.34215840e-01 8.82358650e+01 6.00200263e+00
  9.39419138e-01 4.65224813e-01 7.29012851e+01 2.75523750e-01
  2.96681173e-01 1.47980158e+01 3.44264569e-01 2.67568984e-01
  7.97452886e-01 1.80014539e-01 1.82241236e+01 2.83693247e+00
  3.96892879e-01 4.51108613e-01 5.69525395e+00 1.87405543e+00
  4.15797521e-01 8.97217948e-01 2.63636337e+00 3.44145597e-01
  1.82008182e+02 3.69622369e+00 4.33752420e+01 2.34089298e+00
  3.32353921e+00 4.52653706e-01 8.34433803e+02 3.58079454e+01
  3.92333644e-01 1.15635314e-01 8.25782118e+00 2.58479343e+00
  1.78527287e+00 7.87826332e-01 8.32669695e-01 9.80628379e-01
  3.45659911e-01 4.29480124e-01 4.74283942e+00 4.68334888e-01
  1.92685867e+00 3.30594576e-01 1.46756240e+00 2.26632470e+00]
 [6.36518034e-01 1.14182894e+01 9.28182241e-01 1.90631545e-01
  1.96804611e+01 1.04300924e+00 1.15606408e+00 4.39325407e+00
  3.76810884e+01 2.83295793e+00 2.83593787e-01 1.54842297e-01
  2.16119684e+00 1.61132733e-01 6.32304258e+01 7.73018301e-01
  1.75035911e+01 3.04829242e-01 4.61602179e+00 7.25204746e+00
  5.21996677e-01 2.62282089e+00 4.64672646e+00 1.38468130e+01
  2.13069521e-01 2.06912217e-01 3.54188925e-01 1.27663867e+00
  1.02471858e+04 5.95988124e-01 1.93502803e-01 4.20523612e-01
  5.88904364e-01 9.56931542e-01 8.86480334e-01 1.88020483e-01
  7.09545006e+00 6.51665345e+00 1.68779010e+02 5.70368765e+00
  3.33144404e-01 7.22699271e+00 8.92923369e-01 1.05536794e-01
  7.94805404e-01 4.49747531e+00 1.52040409e+00 2.85613881e+00
  4.05380513e-01 1.21988619e+00 1.61172210e+00 5.39684179e-01
  2.51816435e-01 1.26854034e+00 7.41388967e-01 3.99385665e+00
  1.12531627e+00 2.38651875e-01 1.65991460e-01 2.82709278e-01
  4.68767697e-01 1.48047470e+00 4.53789152e+00 1.01935746e+00]
 [1.86237047e+00 7.58069513e+00 7.92267977e+00 4.33999349e-01
  1.83175082e+00 6.36499839e-01 2.68685413e-01 2.62558933e+00
  4.30965387e+00 3.13433724e-01 4.84327722e-01 2.18400903e-01
  1.09048509e+01 3.57151651e+00 8.88774599e-01 7.83339557e+00
  9.28789128e+02 1.59175240e+01 5.75141316e+01 6.35490180e-01
  1.85512318e+00 2.65036386e+00 1.34352657e+00 5.99744634e-01
  7.90637212e-01 1.24762656e+00 1.64845118e+00 2.86698496e+00
  1.28966229e+00 7.47634354e-01 9.69787802e-02 4.56985398e-02
  4.59419661e-01 1.52699533e+01 2.40578960e-01 2.69354342e+00
  9.69649415e+00 6.83500365e+01 2.63416785e+00 7.97008307e-01
  2.87889690e+00 1.00086878e+01 7.90453314e-01 8.41874076e-01
  3.00489225e+00 4.70540881e-01 9.53930205e+00 5.05183737e-01
  1.55527135e+00 4.97664081e-01 1.97271382e+00 5.60619937e+02
  9.43857769e-01 4.31150436e-01 8.36321951e-01 1.28593496e+00
  1.77218654e-01 1.66982936e-01 1.99570350e+02 5.34566173e-01
  1.19465579e+01 1.06402299e+01 2.24914063e+00 7.84841570e+03]
 [2.89455867e+01 6.51319108e+01 1.54316683e+00 1.77536463e+02
  2.26363300e-01 6.78391042e+00 6.99858613e-01 1.76331509e-01
  8.49509617e-01 1.10325935e+02 2.56157031e+01 2.92890046e+00
  5.26786244e+00 2.28365776e-01 1.41582985e+00 1.33994665e-01
  2.22961661e+01 4.05160430e+01 1.07424911e-01 5.82861247e-01
  8.34302416e-01 3.30868177e+00 1.17999876e+00 4.54488319e-01
  1.98149610e+00 5.41881481e-01 2.31773601e+00 8.02859576e+00
  5.82058276e-01 3.27783790e-01 1.00242852e+00 1.59906337e+00
  6.00796667e-02 1.08563691e+00 5.56132437e+00 3.08642393e-01
  2.15551607e+02 6.32787386e+02 3.18501960e+00 1.57089967e-01
  3.61976959e-01 1.39092371e-01 1.61798309e-01 3.54345890e+00
  3.16548568e+03 2.48328825e+00 3.94412060e+00 1.93290288e+00
  1.16519952e+00 8.17391386e-02 2.74521896e-01 2.45368512e+01
  9.69827937e-01 9.84314277e-01 1.56994408e+00 2.22439796e+00
  6.66312800e-01 2.77699424e+01 1.75623849e-01 2.96034623e-01
  8.08655725e-01 1.47995734e+00 1.35346782e+00 2.41682199e+00]
 [1.72439882e+00 3.50380143e-01 4.98365533e+00 3.11690797e+00
  3.09323449e-01 3.14526720e+00 1.24151273e+00 2.39253201e-01
  1.85944486e+00 1.45131557e-01 6.49492273e-01 1.31889751e+00
  2.51373606e-01 1.17667770e+00 3.91652004e-01 5.97292466e-01
  1.50999153e+00 7.74236845e-01 2.97509404e+00 2.58090766e+00
  6.08789374e+01 3.74698547e+00 1.15214143e+00 3.45787333e-01
  3.82144428e+00 1.72710437e-01 8.10632677e-01 1.96094652e+00
  5.26229072e-01 5.24632807e+02 1.00378657e+00 2.26890708e-01
  5.14015090e-01 2.58154369e-01 2.48631778e+02 8.50832467e-01
  7.19761506e-01 1.27957514e+00 5.57208494e-01 5.97261110e+00
  9.11093872e+00 9.16157611e+00 1.24491439e-01 1.55955353e-01
  2.68012052e-01 9.09053273e-01 5.14808528e-01 1.12253464e-01
  2.77462895e+01 4.08045055e-01 1.70921859e+00 5.27605713e-02
  1.95406317e+00 1.34569986e-01 2.40045767e-01 4.04429720e-01
  1.57875476e+01 9.71239332e-01 1.60206391e+00 9.45909038e+03
  2.26543952e+01 4.27638397e-01 6.70291352e+01 1.93455429e+01]
 [7.08971573e-02 5.91273634e+00 1.82885894e-01 1.77910386e+00
  1.09845758e-01 4.57195008e+00 4.74758219e-01 2.13167726e+00
  1.21878550e+00 1.12128685e+02 2.73307855e+00 1.20732934e+00
  4.03447452e-01 1.64775406e-01 1.75512058e+00 5.65860095e-01
  4.09697718e-01 9.92426171e-02 8.53611070e-01 2.21005471e+00
  1.32438655e+00 1.25923352e+00 1.85351047e-01 3.28131285e-01
  3.20144217e+00 7.66167587e-01 1.61800180e+00 2.43017319e+03
  2.54469790e+00 1.27655968e+00 7.23638747e-01 3.42350227e+01
  2.06287497e-01 2.79640157e-01 2.11799845e-01 4.30071403e-01
  3.44766914e-01 1.05798583e+00 1.40653490e+02 1.84537747e-01
  4.40127721e+00 2.13962400e+00 1.49171756e-01 3.23978219e+01
  2.13663381e-01 1.36214919e+00 1.36652387e-01 2.05272628e+01
  6.31052198e+00 2.06447650e-01 1.82400455e+02 2.07162116e+02
  1.49571240e+01 1.82563689e+00 4.16446947e-01 1.47862753e+00
  4.89660647e-01 6.57064463e-01 1.06036050e+00 4.17389985e+00
  9.29953288e+05 3.08861041e-01 2.53175368e-01 6.25619994e-01]
 [2.54970216e-01 2.02058604e+03 1.12338124e+01 3.90815478e+01
  2.96565239e+00 1.11968816e+00 2.29462476e+00 1.73273194e+01
  1.13202981e+02 5.56347921e+00 2.75932756e+01 2.81671994e+02
  2.22485345e-01 4.08154205e-01 1.14635713e+00 4.40838307e+00
  1.27530368e+00 5.20175387e+00 6.55320712e+00 3.40207087e-01
  2.23624741e+00 3.31054521e-01 4.94108644e+00 4.36287852e-01
  6.76710875e+00 2.43421813e+01 1.21588975e+00 4.17209847e-01
  5.64972352e-01 2.75133798e+00 1.75799463e+01 9.17128000e+01
  2.42519593e-01 4.81507515e+00 2.18609351e-01 8.29076753e+00
  2.41695075e-01 7.11656715e-02 2.12544725e-01 7.47356043e-01
  3.93812727e-01 2.62609712e+01 1.18155260e+02 1.17720020e+00
  6.33137788e+00 7.84696951e-01 3.83543754e+01 5.86403707e+00
  1.65686470e-01 4.30783370e-01 1.53597026e+00 1.79775947e+00
  1.98614151e-01 3.60697145e+00 1.99797991e+00 1.03450094e+00
  1.45973415e+00 8.50572332e+00 2.84279108e-01 1.50562856e+00
  4.15778370e-01 3.76145856e-01 6.74235942e+00 1.72655311e-01]
 [3.90184944e-01 4.82521704e-01 2.52131512e+02 1.21949169e-01
  1.35691941e+02 2.66748952e-01 5.40261839e-01 3.54894305e+00
  2.70259735e-01 9.64301287e-01 2.88701722e+00 3.92068102e-01
  4.75811095e+01 5.97122034e-01 1.26886067e-01 6.65111784e-01
  9.06560358e+00 3.12444204e+00 4.12198208e-01 6.64564689e+01
  9.86633543e-01 5.43450174e-01 9.16099698e-02 3.76314137e-01
  4.77360411e-01 6.56686459e-01 1.66572640e-01 3.50165530e-01
  5.47673934e-01 6.22698747e+02 1.63034426e+00 4.23902458e+01
  1.00426443e+01 4.26562757e+01 3.06888479e-01 1.65919328e-01
  2.08378325e+00 8.46712779e+00 1.15940852e+01 1.57313235e+00
  9.33713869e-01 4.32049705e+01 3.71361051e-01 7.83459406e-01
  4.33090131e-01 2.02498307e+00 6.27221147e+02 1.24393405e+00
  1.82733360e+00 3.06608554e+00 2.13542906e+00 1.79949002e+00
  2.12393491e+01 6.82541055e-01 8.03126747e-01 1.08918397e-01
  3.59862452e+00 1.68440904e-01 1.05769223e+05 1.53511757e+02
  3.05975898e-01 7.16714583e-01 2.85134420e-01 5.34259118e+01]
 [2.72414800e-01 7.27496946e-01 2.27393803e-01 1.31023893e+00
  1.33154931e+00 5.11606177e+00 9.81259027e-01 2.00648523e+01
  6.03509131e-01 2.12538110e-01 3.35007319e-01 1.68463908e+03
  1.98048648e+00 1.61235873e+00 1.02240756e+00 3.17493302e-01
  4.13815342e+03 2.20522790e+00 7.80368185e-02 1.88458219e+00
  3.15845060e+00 2.80511429e-01 2.63217952e-01 8.34777519e-02
  1.27317259e+03 1.52757721e+00 9.40789776e+01 4.03251251e+00
  2.39605436e+00 5.64489766e-01 4.24514620e+00 1.02525162e+00
  9.23877956e-01 1.07441836e+00 2.92666937e-01 2.94020532e-01
  2.71480375e+00 5.82516610e-01 2.91622192e+00 4.29151979e-01
  2.97437595e+01 6.30727738e-01 4.93114189e-01 9.44115266e-02
  6.34993220e-01 2.46846409e+00 3.22748119e+00 5.74853137e+01
  1.02698350e-01 5.32991016e-01 1.16478718e+00 1.17280561e-01
  1.26203853e+04 8.44357755e+02 2.26794138e-01 2.02013667e-01
  6.97929491e-01 1.97775006e-01 6.46073520e-01 5.01012109e-01
  2.88653457e-01 1.08127932e+00 3.56826082e+01 2.55741045e+00]
 [8.28597489e-01 9.04238754e-01 2.35861869e-01 1.84896709e-01
  2.61491410e-01 4.88847612e-01 2.06270882e+00 1.15552382e-01
  6.55479581e+00 1.57415794e-01 8.00560254e-02 1.18915065e+00
  1.48782712e+00 7.08349256e+01 5.02299679e+00 6.17301912e-01
  6.11471854e-01 1.30212787e-01 1.28952386e+00 5.86528804e-01
  3.21015663e-01 2.27112431e-01 9.90806174e-01 1.63121519e+00
  1.24567515e-01 1.94494887e+00 2.11729122e+00 1.40990239e+00
  2.83921229e-01 3.63174718e+01 2.55058215e-01 6.53553632e-01
  9.31262325e-01 1.36087440e+01 7.25356712e-01 7.59949903e-01
  2.12565036e+01 1.20350359e+00 2.79907312e+00 1.21426351e+00
  1.28023549e+00 5.23863377e-01 2.27519224e-01 3.60380238e+00
  6.13974149e+01 4.06081964e+00 4.41790205e-01 2.32124589e+04
  1.53746623e+00 9.30717716e-02 5.56059912e-01 1.59565346e+01
  3.45808828e-01 6.28990166e-01 1.78527100e+00 1.21867380e+01
  2.35932518e+00 1.20176454e+01 4.00237321e-01 9.03847303e-01
  5.67474002e-01 4.61045191e-01 7.28930104e-02 7.11674273e-02]]
