1
50
2023-11-11 22:33:07
100
2023-11-11 22:34:34
elapsed:  173.1  seconds
150
2023-11-11 22:36:01
200
2023-11-11 22:37:26
elapsed:  345.3  seconds
250
2023-11-11 22:38:54
300
2023-11-11 22:40:20
elapsed:  518.9  seconds
350
2023-11-11 22:41:48
400
2023-11-11 22:43:15
elapsed:  693.8  seconds
450
2023-11-11 22:44:41
500
2023-11-11 22:46:07
elapsed:  866.6  seconds
550
2023-11-11 22:47:35
600
2023-11-11 22:49:01
elapsed:  1040.1  seconds
650
2023-11-11 22:50:26
700
2023-11-11 22:51:49
elapsed:  1208.3  seconds
750
2023-11-11 22:53:15
800
2023-11-11 22:54:35
elapsed:  1374.2  seconds
850
2023-11-11 22:55:58
900
2023-11-11 22:57:20
elapsed:  1539.3  seconds
950
2023-11-11 22:58:46
1000
2023-11-11 23:00:13
elapsed:  1711.9  seconds
1050
2023-11-11 23:01:39
1100
2023-11-11 23:03:05
elapsed:  1884.7  seconds
1150
2023-11-11 23:04:32
1200
2023-11-11 23:05:59
elapsed:  2058.7  seconds
1250
2023-11-11 23:07:28
1300
2023-11-11 23:08:54
elapsed:  2232.9  seconds
1350
2023-11-11 23:10:21
1400
2023-11-11 23:11:47
elapsed:  2406.6  seconds
1450
2023-11-11 23:13:17
1500
2023-11-11 23:14:41
elapsed:  2580.2  seconds
1550
2023-11-11 23:16:10
1600
2023-11-11 23:17:35
elapsed:  2754.4  seconds
1650
2023-11-11 23:19:03
1700
2023-11-11 23:20:29
elapsed:  2928.6  seconds
1750
2023-11-11 23:21:55
1800
2023-11-11 23:23:20
elapsed:  3099.6  seconds
1850
2023-11-11 23:24:48
1900
2023-11-11 23:26:14
elapsed:  3273.0  seconds
1950
2023-11-11 23:27:39
2000
2023-11-11 23:29:05
elapsed:  3444.1  seconds
2050
2023-11-11 23:30:33
2100
2023-11-11 23:32:00
elapsed:  3619.0  seconds
2150
2023-11-11 23:33:28
2200
2023-11-11 23:34:53
elapsed:  3792.6  seconds
2250
2023-11-11 23:36:22
2300
2023-11-11 23:37:47
elapsed:  3966.6  seconds
2350
2023-11-11 23:39:15
2400
2023-11-11 23:40:42
elapsed:  4141.0  seconds
2450
2023-11-11 23:42:10
2500
2023-11-11 23:43:36
elapsed:  4315.4  seconds
2550
2023-11-11 23:45:05
2600
2023-11-11 23:46:29
elapsed:  4488.4  seconds
2650
2023-11-11 23:47:56
2700
2023-11-11 23:49:21
elapsed:  4660.2  seconds
2750
2023-11-11 23:50:48
2800
2023-11-11 23:52:14
elapsed:  4833.4  seconds
2850
2023-11-11 23:53:42
2900
2023-11-11 23:55:08
elapsed:  5007.3  seconds
2950
2023-11-11 23:56:36
3000
2023-11-11 23:58:02
elapsed:  5181.4  seconds
3050
2023-11-11 23:59:27
3100
2023-11-12 00:00:51
elapsed:  5350.2  seconds
3150
2023-11-12 00:02:20
3200
2023-11-12 00:03:47
elapsed:  5525.9  seconds
3250
2023-11-12 00:05:15
3300
2023-11-12 00:06:42
elapsed:  5701.3  seconds
3350
2023-11-12 00:08:10
3400
2023-11-12 00:09:37
elapsed:  5876.3  seconds
3450
2023-11-12 00:11:02
3500
2023-11-12 00:12:27
elapsed:  6045.8  seconds
3550
2023-11-12 00:13:56
3600
2023-11-12 00:15:21
elapsed:  6220.1  seconds
3650
2023-11-12 00:16:47
3700
2023-11-12 00:18:15
elapsed:  6393.9  seconds
3750
2023-11-12 00:19:44
3800
2023-11-12 00:21:10
elapsed:  6568.9  seconds
3850
2023-11-12 00:22:37
3900
2023-11-12 00:24:03
elapsed:  6742.6  seconds
3950
2023-11-12 00:25:31
4000
2023-11-12 00:26:59
elapsed:  6918.0  seconds
4050
2023-11-12 00:28:24
4100
2023-11-12 00:29:49
elapsed:  7088.4  seconds
4150
2023-11-12 00:31:17
4200
2023-11-12 00:32:42
elapsed:  7261.0  seconds
4250
2023-11-12 00:34:09
4300
2023-11-12 00:35:35
elapsed:  7434.1  seconds
4350
2023-11-12 00:37:04
4400
2023-11-12 00:38:28
elapsed:  7607.4  seconds
4450
2023-11-12 00:39:51
4500
2023-11-12 00:41:15
elapsed:  7774.7  seconds
4550
2023-11-12 00:42:43
4600
2023-11-12 00:44:09
elapsed:  7947.8  seconds
4650
2023-11-12 00:45:36
4700
2023-11-12 00:47:02
elapsed:  8121.1  seconds
4750
2023-11-12 00:48:27
4800
2023-11-12 00:49:53
elapsed:  8292.6  seconds
4850
2023-11-12 00:51:22
4900
2023-11-12 00:52:49
elapsed:  8467.8  seconds
4950
2023-11-12 00:54:16
5000
2023-11-12 00:55:43
elapsed:  8642.2  seconds
5050
2023-11-12 00:57:10
5100
2023-11-12 00:58:36
elapsed:  8815.5  seconds
5150
2023-11-12 01:00:05
5200
2023-11-12 01:01:31
elapsed:  8989.8  seconds
5250
2023-11-12 01:02:59
5300
2023-11-12 01:04:25
elapsed:  9164.5  seconds
5350
2023-11-12 01:05:53
5400
2023-11-12 01:07:19
elapsed:  9338.4  seconds
5450
2023-11-12 01:08:47
5500
2023-11-12 01:10:14
elapsed:  9512.9  seconds
5550
2023-11-12 01:11:42
5600
2023-11-12 01:13:08
elapsed:  9687.2  seconds
5650
2023-11-12 01:14:37
5700
2023-11-12 01:16:03
elapsed:  9862.7  seconds
5750
2023-11-12 01:17:32
5800
2023-11-12 01:18:56
elapsed:  10035.2  seconds
5850
2023-11-12 01:20:20
5900
2023-11-12 01:21:46
elapsed:  10205.5  seconds
5950
2023-11-12 01:23:15
6000
2023-11-12 01:24:40
elapsed:  10378.9  seconds
6050
2023-11-12 01:26:07
6100
2023-11-12 01:27:33
elapsed:  10552.4  seconds
6150
2023-11-12 01:29:01
6200
2023-11-12 01:30:26
elapsed:  10724.9  seconds
6250
2023-11-12 01:31:53
6300
2023-11-12 01:33:17
elapsed:  10895.8  seconds
6350
2023-11-12 01:34:45
6400
2023-11-12 01:36:11
elapsed:  11069.8  seconds
6450
2023-11-12 01:37:38
6500
2023-11-12 01:39:03
elapsed:  11242.4  seconds
6550
2023-11-12 01:40:29
6600
2023-11-12 01:41:54
elapsed:  11412.9  seconds
6650
2023-11-12 01:43:21
6700
2023-11-12 01:44:48
elapsed:  11586.9  seconds
6750
2023-11-12 01:46:16
6800
2023-11-12 01:47:42
elapsed:  11760.9  seconds
6850
2023-11-12 01:49:10
6900
2023-11-12 01:50:36
elapsed:  11934.9  seconds
6950
2023-11-12 01:52:04
7000
2023-11-12 01:53:30
elapsed:  12109.0  seconds
7050
2023-11-12 01:54:57
7100
2023-11-12 01:56:24
elapsed:  12283.3  seconds
7150
2023-11-12 01:57:52
7200
2023-11-12 01:59:18
elapsed:  12457.6  seconds
7250
2023-11-12 02:00:46
7300
2023-11-12 02:02:12
elapsed:  12631.2  seconds
7350
2023-11-12 02:03:37
7400
2023-11-12 02:04:58
elapsed:  12797.3  seconds
7450
2023-11-12 02:06:27
7500
2023-11-12 02:07:53
elapsed:  12971.8  seconds
7550
2023-11-12 02:09:20
7600
2023-11-12 02:10:45
elapsed:  13144.3  seconds
7650
2023-11-12 02:12:13
7700
2023-11-12 02:13:38
elapsed:  13317.0  seconds
7750
2023-11-12 02:15:06
7800
2023-11-12 02:16:30
elapsed:  13489.5  seconds
7850
2023-11-12 02:17:58
7900
2023-11-12 02:19:24
elapsed:  13663.1  seconds
7950
2023-11-12 02:20:53
8000
2023-11-12 02:22:19
elapsed:  13838.2  seconds
8050
2023-11-12 02:23:47
8100
2023-11-12 02:25:13
elapsed:  14012.1  seconds
8150
2023-11-12 02:26:40
8200
2023-11-12 02:28:06
elapsed:  14185.7  seconds
8250
2023-11-12 02:29:34
8300
2023-11-12 02:30:59
elapsed:  14358.4  seconds
8350
2023-11-12 02:32:28
8400
2023-11-12 02:33:53
elapsed:  14532.6  seconds
8450
2023-11-12 02:35:21
8500
2023-11-12 02:36:45
elapsed:  14704.5  seconds
8550
2023-11-12 02:38:13
8600
2023-11-12 02:39:39
elapsed:  14877.8  seconds
8650
2023-11-12 02:41:07
8700
2023-11-12 02:42:32
elapsed:  15051.7  seconds
8750
2023-11-12 02:44:00
8800
2023-11-12 02:45:26
elapsed:  15225.4  seconds
8850
2023-11-12 02:46:52
8900
2023-11-12 02:48:18
elapsed:  15397.1  seconds
8950
2023-11-12 02:49:46
9000
2023-11-12 02:51:12
elapsed:  15571.3  seconds
9050
2023-11-12 02:52:39
9100
2023-11-12 02:54:06
elapsed:  15745.2  seconds
9150
2023-11-12 02:55:34
9200
2023-11-12 02:56:59
elapsed:  15918.4  seconds
9250
2023-11-12 02:58:27
9300
2023-11-12 02:59:50
elapsed:  16089.4  seconds
9350
2023-11-12 03:01:17
9400
2023-11-12 03:02:41
elapsed:  16259.8  seconds
9450
2023-11-12 03:04:08
9500
2023-11-12 03:05:35
elapsed:  16434.1  seconds
9550
2023-11-12 03:07:02
9600
2023-11-12 03:08:27
elapsed:  16606.8  seconds
9650
2023-11-12 03:09:56
9700
2023-11-12 03:11:22
elapsed:  16781.2  seconds
9750
2023-11-12 03:12:50
9800
2023-11-12 03:14:16
elapsed:  16955.5  seconds
9850
2023-11-12 03:15:44
9900
2023-11-12 03:17:10
elapsed:  17129.7  seconds
9950
2023-11-12 03:18:37
10000
2023-11-12 03:20:00
elapsed:  17299.1  seconds
10050
2023-11-12 03:21:29
10100
2023-11-12 03:22:54
elapsed:  17472.9  seconds
10150
2023-11-12 03:24:22
10200
2023-11-12 03:25:47
elapsed:  17646.2  seconds
10250
2023-11-12 03:27:15
10300
2023-11-12 03:28:41
elapsed:  17820.1  seconds
10350
2023-11-12 03:30:09
10400
2023-11-12 03:31:35
elapsed:  17994.1  seconds
10450
2023-11-12 03:33:03
10500
2023-11-12 03:34:29
elapsed:  18167.8  seconds
10550
2023-11-12 03:35:52
10600
2023-11-12 03:37:16
elapsed:  18335.5  seconds
10650
2023-11-12 03:38:43
10700
2023-11-12 03:40:09
elapsed:  18508.0  seconds
10750
2023-11-12 03:41:35
10800
2023-11-12 03:43:01
elapsed:  18680.1  seconds
10850
2023-11-12 03:44:29
10900
2023-11-12 03:45:54
elapsed:  18853.2  seconds
10950
2023-11-12 03:47:22
11000
2023-11-12 03:48:47
elapsed:  19026.1  seconds
11050
2023-11-12 03:50:15
11100
2023-11-12 03:51:41
elapsed:  19199.8  seconds
11150
2023-11-12 03:53:08
11200
2023-11-12 03:54:34
elapsed:  19373.7  seconds
11250
2023-11-12 03:56:02
11300
2023-11-12 03:57:25
elapsed:  19544.4  seconds
11350
2023-11-12 03:58:52
11400
2023-11-12 04:00:19
elapsed:  19718.3  seconds
11450
2023-11-12 04:01:47
11500
2023-11-12 04:03:10
elapsed:  19889.6  seconds
11550
2023-11-12 04:04:37
11600
2023-11-12 04:06:03
elapsed:  20062.0  seconds
11650
2023-11-12 04:07:30
11700
2023-11-12 04:08:56
elapsed:  20234.8  seconds
11750
2023-11-12 04:10:24
11800
2023-11-12 04:11:49
elapsed:  20408.4  seconds
11850
2023-11-12 04:13:14
11900
2023-11-12 04:14:36
elapsed:  20575.1  seconds
11950
2023-11-12 04:16:03
12000
2023-11-12 04:17:27
elapsed:  20746.7  seconds
12050
2023-11-12 04:18:55
12100
2023-11-12 04:20:22
elapsed:  20920.8  seconds
12150
2023-11-12 04:21:49
12200
2023-11-12 04:23:17
elapsed:  21096.5  seconds
12250
2023-11-12 04:24:44
12300
2023-11-12 04:26:11
elapsed:  21270.1  seconds
12350
2023-11-12 04:27:38
12400
2023-11-12 04:29:03
elapsed:  21442.7  seconds
12450
2023-11-12 04:30:31
12500
2023-11-12 04:31:55
elapsed:  21614.1  seconds
12550
2023-11-12 04:33:24
12600
2023-11-12 04:34:49
elapsed:  21788.7  seconds
12650
2023-11-12 04:36:19
12700
2023-11-12 04:37:46
elapsed:  21964.8  seconds
12750
2023-11-12 04:39:14
12800
2023-11-12 04:40:38
elapsed:  22137.2  seconds
12850
2023-11-12 04:42:05
12900
2023-11-12 04:43:30
elapsed:  22309.7  seconds
12950
2023-11-12 04:44:57
13000
2023-11-12 04:46:24
elapsed:  22482.9  seconds
13050
2023-11-12 04:47:50
13100
2023-11-12 04:49:17
elapsed:  22656.0  seconds
13150
2023-11-12 04:50:45
13200
2023-11-12 04:52:12
elapsed:  22831.1  seconds
13250
2023-11-12 04:53:40
13300
2023-11-12 04:55:07
elapsed:  23006.0  seconds
13350
2023-11-12 04:56:34
13400
2023-11-12 04:57:58
elapsed:  23177.4  seconds
13450
2023-11-12 04:59:26
13500
2023-11-12 05:00:53
elapsed:  23352.7  seconds
13550
2023-11-12 05:02:21
13600
2023-11-12 05:03:47
elapsed:  23526.4  seconds
13650
2023-11-12 05:05:16
13700
2023-11-12 05:06:43
elapsed:  23701.8  seconds
13750
2023-11-12 05:08:11
13800
2023-11-12 05:09:36
elapsed:  23874.8  seconds
13850
2023-11-12 05:11:03
13900
2023-11-12 05:12:29
elapsed:  24047.9  seconds
13950
2023-11-12 05:13:55
14000
2023-11-12 05:15:17
elapsed:  24216.7  seconds
14050
2023-11-12 05:16:44
14100
2023-11-12 05:18:10
elapsed:  24388.9  seconds
14150
2023-11-12 05:19:38
14200
2023-11-12 05:21:03
elapsed:  24562.5  seconds
14250
2023-11-12 05:22:31
14300
2023-11-12 05:23:57
elapsed:  24736.7  seconds
14350
2023-11-12 05:25:25
14400
2023-11-12 05:26:50
elapsed:  24909.7  seconds
14450
2023-11-12 05:28:17
14500
2023-11-12 05:29:43
elapsed:  25082.1  seconds
14550
2023-11-12 05:31:11
14600
2023-11-12 05:32:37
elapsed:  25256.7  seconds
14650
2023-11-12 05:34:06
14700
2023-11-12 05:35:33
elapsed:  25432.5  seconds
14750
2023-11-12 05:37:02
14800
2023-11-12 05:38:27
elapsed:  25606.3  seconds
14850
2023-11-12 05:39:54
14900
2023-11-12 05:41:20
elapsed:  25778.9  seconds
14950
2023-11-12 05:42:47
elapsed:  25949.0  seconds
total time:  25952.7  seconds
true R:  [[5.94660131e-01 5.48431966e-01 7.26478487e-01 7.25764072e-01
  1.18361315e+00 1.57242242e-01 5.49771672e-01 2.18758673e+02
  1.14005869e+01 6.65421797e+00 1.60184667e-01 2.80619864e+01
  9.55093871e+00 1.78640828e-01 5.69053150e-01 7.84920214e-01
  1.08886314e+02 6.83042469e-01 4.60120900e+00 1.65164412e+00
  5.26473236e+02 1.28122759e-01 1.01901683e+00 4.88697373e+00
  6.91379821e-01 4.72307164e-01 2.23383408e-01 8.10538214e-01
  4.28769888e+00 1.16804188e+00 1.26471529e+01 7.27564854e-01
  8.41805678e-01 6.48514575e-02 1.90580975e+01 9.08913023e-01
  8.23750968e-02 9.40843073e+01 2.69167436e-01 2.78691067e+00
  2.81616865e-01 9.07525734e+01 2.41553181e-01 1.67691316e+00
  1.03728916e+00 2.17433449e-01 1.58024776e+01 7.32820511e+00
  1.39379245e-01 4.39442513e-01 2.35387539e+01 1.21621356e+00
  6.84813264e-01 1.70894450e-01 1.80933855e+00 1.38719697e+00
  8.37064760e-01 2.03181214e+01 3.07501743e-01 2.58449283e+00
  2.33714030e+00 2.89540511e-01 6.80723632e-01 3.10851948e+00]
 [2.98236463e+01 2.36156944e+00 3.63363633e-01 2.77007926e-01
  2.76734141e+01 2.11231560e+00 1.17400021e+00 1.16846367e-01
  1.95764759e-01 1.97339129e+00 3.33797912e-01 9.57440375e+00
  2.08818340e+00 5.45181295e+00 1.21277505e+00 5.88354532e+02
  3.44881842e+00 1.08512444e+01 1.39443592e-01 3.43774482e-01
  5.04416192e-01 7.66555263e-01 2.33097768e+00 2.15365090e+00
  2.05158922e-01 7.58790776e+00 1.65887400e+00 1.59723296e+00
  1.51778385e+00 3.69306644e+00 1.49904693e-01 1.00593399e+02
  4.14504448e-01 1.05012088e+00 4.60480208e-01 7.75119183e-01
  1.09540269e+02 1.48640733e+01 3.26743336e-01 3.62448593e-01
  4.97379388e-01 3.58243662e-01 1.71681484e-01 1.19330454e+00
  7.71667559e-01 1.60813866e+00 1.57837844e+00 2.86192309e-01
  8.53281937e-01 3.96823224e-01 2.27827558e-01 6.71657703e-01
  1.47423593e-01 2.35267949e+00 1.55202592e+01 1.58499944e+00
  1.49344967e+02 5.89399393e+01 3.38779172e+00 4.68273744e+01
  4.78629755e+00 8.01050754e+00 2.23334674e+00 3.37771002e-01]
 [2.54487175e-01 5.54328235e-01 4.19186754e-01 3.30669297e+00
  5.71627138e+01 2.77454146e-01 2.15507917e-01 9.85279959e+00
  4.76658806e+00 4.61614799e+00 7.99484892e-01 4.84407793e-01
  9.42158584e+00 6.74047017e-01 7.09817269e-01 2.68839743e+00
  5.97476529e-01 2.30727625e+00 5.87702293e-01 5.50809120e+00
  9.97108128e+00 1.93631149e+00 1.56502745e+01 1.41168695e+00
  5.55313416e+00 2.28330111e+01 1.06645586e+00 1.98736138e-01
  8.93034771e-01 3.03712084e+00 7.18539152e+00 1.07712362e+00
  1.09610621e+00 3.74489562e+00 6.17957660e+00 4.43729897e+00
  3.08092193e-01 1.88411620e+00 2.06513631e-01 1.32521968e+00
  2.00564440e+01 3.56833945e-01 5.49785970e+02 1.02437282e+00
  4.87236460e+00 1.87659836e+00 6.06892903e-01 5.02228299e+00
  1.26080948e+01 2.39284956e+00 6.62920142e-02 1.07364468e+00
  2.33264154e-01 2.69402366e-01 2.12637676e+00 2.47514890e-01
  2.73674376e+00 9.15164204e-02 5.04873878e-01 5.92780327e-01
  8.93216413e+01 6.55157434e+00 1.12985953e-01 6.08292942e-01]
 [2.11447743e+01 3.95173635e-01 8.32725985e-02 1.55534585e-01
  6.49660739e-01 1.81800716e-01 3.35073137e-01 1.23145951e+00
  8.83710153e+00 1.62511023e+00 1.39746569e+02 1.72592787e+00
  2.19215720e+01 2.00668439e+01 3.32401808e+01 1.69558948e+00
  2.61467277e-01 1.22375679e-01 5.97986782e+00 1.67987480e+00
  2.26709488e-01 2.25025701e-01 3.34400752e-01 2.10520891e+00
  3.39678650e+00 1.96103028e+00 1.68165198e+02 8.30099347e+00
  2.26970531e-01 5.48303196e+00 3.17725613e+01 1.87600550e+00
  3.73454048e+00 8.50069645e-01 1.00876106e+00 2.56321494e+00
  6.89562085e-02 3.14760016e-01 3.60257011e-01 5.26332344e+00
  1.61163462e-01 1.18558478e+02 4.86643650e-02 5.04947537e+00
  1.94445875e-01 1.66196989e-01 3.45451821e-01 2.05328185e-01
  7.51869700e-01 1.74293205e+00 2.13201714e-01 6.78766682e+03
  2.91852823e-01 2.64970251e-01 1.28294815e+00 2.86695042e-01
  6.38341880e+02 2.04337677e-01 1.10256499e-01 2.79942767e+00
  4.65057545e+00 8.26904432e-01 1.88033348e-01 2.04630208e+00]
 [1.73243793e+00 1.19144628e+01 1.02269978e-01 1.40766962e+00
  4.38203746e-01 8.02313517e-01 5.64501359e-01 2.80560412e-01
  2.42097174e-01 7.85024827e+00 9.08208966e-01 3.03729796e+00
  2.99929498e-01 1.00465025e-01 7.51844942e+01 5.24670498e+00
  3.82215353e-01 7.86716468e-01 1.36864839e+00 4.11622160e-01
  4.00172946e-01 2.28788576e-01 9.07510438e-01 6.27643085e+00
  5.50363595e-01 5.79437346e+01 7.55811523e-01 6.04193169e-01
  1.40734673e+01 2.24159501e+00 2.36604229e+00 5.05532534e-01
  2.86042597e+00 3.85075610e-01 6.27764133e+00 5.47390743e-01
  2.17347687e+01 5.72297900e+01 3.24431327e+00 1.18338168e-01
  5.04926597e-01 6.47277595e-02 1.03700553e-01 1.45773917e+01
  7.19201387e+00 2.39813234e+01 9.85040869e-01 9.58970288e-01
  1.02006850e-01 1.12315392e+00 3.74612236e-01 1.62855420e+00
  1.51514724e-01 1.26242845e+00 1.34170706e+00 1.32831303e+00
  4.91465840e-01 5.02307610e-01 1.69246077e+00 1.91777864e-01
  4.64403501e-01 1.43063142e+00 2.31028442e-01 2.88125743e-01]
 [1.21876265e+01 1.55545712e-01 2.91312577e-01 1.20864388e+00
  1.25446666e-01 4.28702489e+01 1.40663444e+01 2.53859021e+00
  3.08736789e+01 6.93543991e-01 6.67782252e-01 1.18283195e+01
  2.18818767e-01 7.28995316e-01 6.24915832e-01 8.83017450e+01
  6.51111017e-01 2.40749499e+00 8.45458717e-01 2.02367416e+00
  1.46356376e+00 4.59849357e-01 3.13246996e+03 5.39747224e+00
  6.58824399e-01 3.68922663e-01 7.63974157e-01 5.35694568e-01
  2.43878364e+00 3.36694787e+00 9.65260248e-01 2.25812851e+01
  4.63199734e+00 8.16066501e-01 5.15745936e+00 1.17004970e+00
  5.75424166e-01 1.30852250e+00 6.37349600e-01 1.26322281e+00
  3.17829085e+02 4.26514786e+00 4.07621632e-01 1.88453490e+00
  8.85595663e+00 1.17861219e+00 7.39523477e-01 1.43927129e-01
  7.28579957e-01 1.04483071e+00 3.24932740e+01 1.20817410e+01
  5.49520833e-01 6.22104823e-01 1.14580249e+02 2.76158863e+00
  5.36136270e-01 1.10616301e+00 1.00437111e+00 1.29520825e-01
  1.66277136e-01 1.17212518e+00 6.93045425e+00 1.19477714e+00]
 [1.06956794e+00 4.21108451e-01 4.55217579e-01 7.99736473e+00
  5.11106819e-01 4.90834332e+00 3.93179409e-01 1.38170788e+00
  7.74003457e-02 1.08925824e+00 3.22088444e-01 9.02907624e+00
  2.13282891e+00 1.25087702e+00 3.60687230e-01 4.70773608e-01
  8.28970976e-01 8.32783051e-01 1.25905744e-01 5.74388455e-01
  5.72708171e-01 4.88199335e-01 1.68484056e+00 2.48930955e+00
  1.18539973e+01 1.45048401e+00 1.52440250e+01 3.82082302e+00
  4.33239379e+01 8.58877406e+00 5.64163119e-01 2.68028862e+01
  4.64559092e-01 6.56891579e-01 2.17431299e+00 3.00645749e-01
  4.82224339e+00 8.13608795e+01 6.95369931e-01 1.30758545e+02
  4.30661927e-01 7.43151216e-01 4.85841172e-01 7.86254914e-01
  5.01701133e+00 6.02037189e+02 1.58836426e-01 1.12790982e-01
  3.05761602e+01 3.64197958e+00 1.13658609e+00 2.54556234e+00
  8.80634279e-01 6.37347506e-02 8.10745750e-01 4.64034252e-01
  5.36936742e-01 1.37613699e+01 1.13993879e-01 9.55039064e+00
  1.74429333e+01 8.81586115e+00 2.02853862e+01 8.81768333e+00]
 [1.16418272e+00 7.93659982e-01 9.82739156e-02 9.94988000e-01
  2.41773167e+00 2.90610127e+01 3.92883771e-01 3.44311755e+00
  2.34038867e+01 9.15738464e-01 1.32937818e+00 1.09724040e+00
  4.67403884e+00 4.06102526e+01 3.17721456e+01 1.36122112e+00
  2.26450998e-01 1.10901240e+00 6.62227864e+01 2.65460306e+01
  4.27813899e-01 6.43816132e-01 6.86512097e-01 3.57680104e+00
  1.80711549e+00 7.91779494e-01 4.55472138e-01 3.32805289e-01
  3.29514560e-01 1.68558131e-01 2.41273759e+00 3.88988025e-01
  1.63350335e-01 9.54554513e+00 1.01593183e+00 2.16370697e+00
  7.83414408e-02 2.08712446e-01 6.30112209e+00 4.97671933e+00
  1.20192268e+01 3.47412488e-01 1.93379630e+01 7.50471335e-01
  6.10683901e-01 1.11683822e+00 3.05360881e+00 2.32427480e-01
  3.79468595e-01 5.21098263e-01 2.30645398e-01 4.94106107e-01
  5.12252907e+00 8.54940760e-01 8.12244850e-01 1.61064034e+00
  1.10314618e+00 3.82118922e-01 8.13747987e+01 1.41352554e-01
  1.63865346e+00 3.12151194e-01 1.32989076e+00 5.61827513e+00]
 [3.59527132e+00 9.28449136e-01 1.62480885e+00 3.79970627e-01
  3.77482773e-01 7.58447393e+00 2.47440833e+00 4.74352460e-01
  2.04702885e+00 8.97787129e-02 1.55656827e-01 7.47761936e+00
  5.51564524e+00 9.30138783e-01 1.21695656e+01 1.06764028e+00
  7.74186114e-01 1.08701592e+00 1.67048506e+00 4.43382910e+00
  5.87862681e+02 4.09935107e+00 7.33650296e+00 7.28852647e-01
  1.48664879e+00 8.47256510e-01 2.02189796e+01 3.44712461e-01
  1.32650533e+01 8.53552336e-01 1.19211255e-01 7.02439123e+00
  5.49735098e-01 2.73905599e+00 3.63640450e+00 7.88212263e-01
  1.61264924e-01 1.25367444e+00 9.17114175e-01 7.70896051e-01
  1.49082426e+03 6.07083506e-01 3.33292446e+01 1.45865150e+00
  5.27724105e-01 2.73980716e+01 1.07663740e+02 2.73071641e-01
  1.14622503e+00 1.75502961e+00 4.47227245e+00 3.72579932e+00
  7.51051929e+00 5.67456742e-01 4.25757799e-01 2.44465294e+00
  5.19647539e+00 2.16459717e-01 2.01861960e+00 1.84952767e+01
  8.34660456e-01 2.97912068e-01 6.74319223e+00 7.98436289e-01]]
