--------------------------------------------------------------------------
No OpenFabrics connection schemes reported that they were able to be
used on a specific port.  As such, the openib BTL (OpenFabrics
support) will be disabled for this port.

  Local host:           c3cpu-a2-u28-1
  Local device:         mlx5_0
  Local port:           1
  CPCs attempted:       rdmacm, udcm
--------------------------------------------------------------------------
[c3cpu-a2-u28-1.rc.int.colorado.edu:4172713] 63 more processes have sent help message help-mpi-btl-openib-cpc-base.txt / no cpcs for port
[c3cpu-a2-u28-1.rc.int.colorado.edu:4172713] Set MCA parameter "orte_base_help_aggregate" to 0 to see all help / error messages
1
50
2023-11-17 15:41:17
100
2023-11-17 15:43:42
elapsed:  284.6  seconds
150
2023-11-17 15:46:19
200
2023-11-17 15:48:56
elapsed:  598.3  seconds
/projects/muyang@colostate.edu/software/anaconda/envs/alpine_MCMC/lib/python3.11/site-packages/numpy/lib/function_base.py:2412: RuntimeWarning: divide by zero encountered in func (vectorized)
  outputs = ufunc(*inputs)
/projects/muyang@colostate.edu/software/anaconda/envs/alpine_MCMC/lib/python3.11/site-packages/numpy/lib/function_base.py:2412: RuntimeWarning: invalid value encountered in func (vectorized)
  outputs = ufunc(*inputs)
/projects/muyang@colostate.edu/software/anaconda/envs/alpine_MCMC/lib/python3.11/site-packages/numpy/lib/function_base.py:2412: RuntimeWarning: divide by zero encountered in func (vectorized)
  outputs = ufunc(*inputs)
/projects/muyang@colostate.edu/software/anaconda/envs/alpine_MCMC/lib/python3.11/site-packages/numpy/lib/function_base.py:2412: RuntimeWarning: invalid value encountered in func (vectorized)
  outputs = ufunc(*inputs)
/projects/muyang@colostate.edu/software/anaconda/envs/alpine_MCMC/lib/python3.11/site-packages/numpy/lib/function_base.py:2412: RuntimeWarning: divide by zero encountered in func (vectorized)
  outputs = ufunc(*inputs)
/projects/muyang@colostate.edu/software/anaconda/envs/alpine_MCMC/lib/python3.11/site-packages/numpy/lib/function_base.py:2412: RuntimeWarning: invalid value encountered in func (vectorized)
  outputs = ufunc(*inputs)
250
2023-11-17 15:51:37
/projects/muyang@colostate.edu/software/anaconda/envs/alpine_MCMC/lib/python3.11/site-packages/numpy/lib/function_base.py:2412: RuntimeWarning: divide by zero encountered in func (vectorized)
  outputs = ufunc(*inputs)
/projects/muyang@colostate.edu/software/anaconda/envs/alpine_MCMC/lib/python3.11/site-packages/numpy/lib/function_base.py:2412: RuntimeWarning: invalid value encountered in func (vectorized)
  outputs = ufunc(*inputs)
300
2023-11-17 15:54:16
elapsed:  917.9  seconds
/projects/muyang@colostate.edu/software/anaconda/envs/alpine_MCMC/lib/python3.11/site-packages/numpy/lib/function_base.py:2412: RuntimeWarning: divide by zero encountered in func (vectorized)
  outputs = ufunc(*inputs)
/projects/muyang@colostate.edu/software/anaconda/envs/alpine_MCMC/lib/python3.11/site-packages/numpy/lib/function_base.py:2412: RuntimeWarning: invalid value encountered in func (vectorized)
  outputs = ufunc(*inputs)
350
2023-11-17 15:56:50
/projects/muyang@colostate.edu/software/anaconda/envs/alpine_MCMC/lib/python3.11/site-packages/numpy/lib/function_base.py:2412: RuntimeWarning: divide by zero encountered in func (vectorized)
  outputs = ufunc(*inputs)
/projects/muyang@colostate.edu/software/anaconda/envs/alpine_MCMC/lib/python3.11/site-packages/numpy/lib/function_base.py:2412: RuntimeWarning: invalid value encountered in func (vectorized)
  outputs = ufunc(*inputs)
400
2023-11-17 15:59:29
elapsed:  1231.1  seconds
450
2023-11-17 16:02:09
/projects/muyang@colostate.edu/software/anaconda/envs/alpine_MCMC/lib/python3.11/site-packages/numpy/lib/function_base.py:2412: RuntimeWarning: divide by zero encountered in func (vectorized)
  outputs = ufunc(*inputs)
/projects/muyang@colostate.edu/software/anaconda/envs/alpine_MCMC/lib/python3.11/site-packages/numpy/lib/function_base.py:2412: RuntimeWarning: invalid value encountered in func (vectorized)
  outputs = ufunc(*inputs)
/projects/muyang@colostate.edu/software/anaconda/envs/alpine_MCMC/lib/python3.11/site-packages/numpy/lib/function_base.py:2412: RuntimeWarning: divide by zero encountered in func (vectorized)
  outputs = ufunc(*inputs)
/projects/muyang@colostate.edu/software/anaconda/envs/alpine_MCMC/lib/python3.11/site-packages/numpy/lib/function_base.py:2412: RuntimeWarning: invalid value encountered in func (vectorized)
  outputs = ufunc(*inputs)
/projects/muyang@colostate.edu/software/anaconda/envs/alpine_MCMC/lib/python3.11/site-packages/numpy/lib/function_base.py:2412: RuntimeWarning: divide by zero encountered in func (vectorized)
  outputs = ufunc(*inputs)
/projects/muyang@colostate.edu/software/anaconda/envs/alpine_MCMC/lib/python3.11/site-packages/numpy/lib/function_base.py:2412: RuntimeWarning: invalid value encountered in func (vectorized)
  outputs = ufunc(*inputs)
/projects/muyang@colostate.edu/software/anaconda/envs/alpine_MCMC/lib/python3.11/site-packages/numpy/lib/function_base.py:2412: RuntimeWarning: divide by zero encountered in func (vectorized)
  outputs = ufunc(*inputs)
/projects/muyang@colostate.edu/software/anaconda/envs/alpine_MCMC/lib/python3.11/site-packages/numpy/lib/function_base.py:2412: RuntimeWarning: invalid value encountered in func (vectorized)
  outputs = ufunc(*inputs)
500
2023-11-17 16:04:48
elapsed:  1550.7  seconds
/projects/muyang@colostate.edu/software/anaconda/envs/alpine_MCMC/lib/python3.11/site-packages/numpy/lib/function_base.py:2412: RuntimeWarning: divide by zero encountered in func (vectorized)
  outputs = ufunc(*inputs)
/projects/muyang@colostate.edu/software/anaconda/envs/alpine_MCMC/lib/python3.11/site-packages/numpy/lib/function_base.py:2412: RuntimeWarning: invalid value encountered in func (vectorized)
  outputs = ufunc(*inputs)
/projects/muyang@colostate.edu/software/anaconda/envs/alpine_MCMC/lib/python3.11/site-packages/numpy/lib/function_base.py:2412: RuntimeWarning: divide by zero encountered in func (vectorized)
  outputs = ufunc(*inputs)
/projects/muyang@colostate.edu/software/anaconda/envs/alpine_MCMC/lib/python3.11/site-packages/numpy/lib/function_base.py:2412: RuntimeWarning: invalid value encountered in func (vectorized)
  outputs = ufunc(*inputs)
/projects/muyang@colostate.edu/software/anaconda/envs/alpine_MCMC/lib/python3.11/site-packages/numpy/lib/function_base.py:2412: RuntimeWarning: divide by zero encountered in func (vectorized)
  outputs = ufunc(*inputs)
/projects/muyang@colostate.edu/software/anaconda/envs/alpine_MCMC/lib/python3.11/site-packages/numpy/lib/function_base.py:2412: RuntimeWarning: invalid value encountered in func (vectorized)
  outputs = ufunc(*inputs)
/projects/muyang@colostate.edu/software/anaconda/envs/alpine_MCMC/lib/python3.11/site-packages/numpy/lib/function_base.py:2412: RuntimeWarning: divide by zero encountered in func (vectorized)
  outputs = ufunc(*inputs)
/projects/muyang@colostate.edu/software/anaconda/envs/alpine_MCMC/lib/python3.11/site-packages/numpy/lib/function_base.py:2412: RuntimeWarning: invalid value encountered in func (vectorized)
  outputs = ufunc(*inputs)
/projects/muyang@colostate.edu/software/anaconda/envs/alpine_MCMC/lib/python3.11/site-packages/numpy/lib/function_base.py:2412: RuntimeWarning: divide by zero encountered in func (vectorized)
  outputs = ufunc(*inputs)
/projects/muyang@colostate.edu/software/anaconda/envs/alpine_MCMC/lib/python3.11/site-packages/numpy/lib/function_base.py:2412: RuntimeWarning: invalid value encountered in func (vectorized)
  outputs = ufunc(*inputs)
/projects/muyang@colostate.edu/software/anaconda/envs/alpine_MCMC/lib/python3.11/site-packages/numpy/lib/function_base.py:2412: RuntimeWarning: divide by zero encountered in func (vectorized)
  outputs = ufunc(*inputs)
/projects/muyang@colostate.edu/software/anaconda/envs/alpine_MCMC/lib/python3.11/site-packages/numpy/lib/function_base.py:2412: RuntimeWarning: invalid value encountered in func (vectorized)
  outputs = ufunc(*inputs)
/projects/muyang@colostate.edu/software/anaconda/envs/alpine_MCMC/lib/python3.11/site-packages/numpy/lib/function_base.py:2412: RuntimeWarning: divide by zero encountered in func (vectorized)
  outputs = ufunc(*inputs)
/projects/muyang@colostate.edu/software/anaconda/envs/alpine_MCMC/lib/python3.11/site-packages/numpy/lib/function_base.py:2412: RuntimeWarning: invalid value encountered in func (vectorized)
  outputs = ufunc(*inputs)
/projects/muyang@colostate.edu/software/anaconda/envs/alpine_MCMC/lib/python3.11/site-packages/numpy/lib/function_base.py:2412: RuntimeWarning: divide by zero encountered in func (vectorized)
  outputs = ufunc(*inputs)
/projects/muyang@colostate.edu/software/anaconda/envs/alpine_MCMC/lib/python3.11/site-packages/numpy/lib/function_base.py:2412: RuntimeWarning: invalid value encountered in func (vectorized)
  outputs = ufunc(*inputs)
/projects/muyang@colostate.edu/software/anaconda/envs/alpine_MCMC/lib/python3.11/site-packages/numpy/lib/function_base.py:2412: RuntimeWarning: divide by zero encountered in func (vectorized)
  outputs = ufunc(*inputs)
/projects/muyang@colostate.edu/software/anaconda/envs/alpine_MCMC/lib/python3.11/site-packages/numpy/lib/function_base.py:2412: RuntimeWarning: invalid value encountered in func (vectorized)
  outputs = ufunc(*inputs)
/projects/muyang@colostate.edu/software/anaconda/envs/alpine_MCMC/lib/python3.11/site-packages/numpy/lib/function_base.py:2412: RuntimeWarning: divide by zero encountered in func (vectorized)
  outputs = ufunc(*inputs)
/projects/muyang@colostate.edu/software/anaconda/envs/alpine_MCMC/lib/python3.11/site-packages/numpy/lib/function_base.py:2412: RuntimeWarning: invalid value encountered in func (vectorized)
  outputs = ufunc(*inputs)
550
2023-11-17 16:07:34
/projects/muyang@colostate.edu/software/anaconda/envs/alpine_MCMC/lib/python3.11/site-packages/numpy/lib/function_base.py:2412: RuntimeWarning: divide by zero encountered in func (vectorized)
  outputs = ufunc(*inputs)
/projects/muyang@colostate.edu/software/anaconda/envs/alpine_MCMC/lib/python3.11/site-packages/numpy/lib/function_base.py:2412: RuntimeWarning: invalid value encountered in func (vectorized)
  outputs = ufunc(*inputs)
600
2023-11-17 16:10:18
elapsed:  1880.2  seconds
/projects/muyang@colostate.edu/software/anaconda/envs/alpine_MCMC/lib/python3.11/site-packages/numpy/lib/function_base.py:2412: RuntimeWarning: divide by zero encountered in func (vectorized)
  outputs = ufunc(*inputs)
/projects/muyang@colostate.edu/software/anaconda/envs/alpine_MCMC/lib/python3.11/site-packages/numpy/lib/function_base.py:2412: RuntimeWarning: invalid value encountered in func (vectorized)
  outputs = ufunc(*inputs)
/projects/muyang@colostate.edu/software/anaconda/envs/alpine_MCMC/lib/python3.11/site-packages/numpy/lib/function_base.py:2412: RuntimeWarning: divide by zero encountered in func (vectorized)
  outputs = ufunc(*inputs)
/projects/muyang@colostate.edu/software/anaconda/envs/alpine_MCMC/lib/python3.11/site-packages/numpy/lib/function_base.py:2412: RuntimeWarning: invalid value encountered in func (vectorized)
  outputs = ufunc(*inputs)
/projects/muyang@colostate.edu/software/anaconda/envs/alpine_MCMC/lib/python3.11/site-packages/numpy/lib/function_base.py:2412: RuntimeWarning: divide by zero encountered in func (vectorized)
  outputs = ufunc(*inputs)
/projects/muyang@colostate.edu/software/anaconda/envs/alpine_MCMC/lib/python3.11/site-packages/numpy/lib/function_base.py:2412: RuntimeWarning: invalid value encountered in func (vectorized)
  outputs = ufunc(*inputs)
/projects/muyang@colostate.edu/software/anaconda/envs/alpine_MCMC/lib/python3.11/site-packages/numpy/lib/function_base.py:2412: RuntimeWarning: divide by zero encountered in func (vectorized)
  outputs = ufunc(*inputs)
/projects/muyang@colostate.edu/software/anaconda/envs/alpine_MCMC/lib/python3.11/site-packages/numpy/lib/function_base.py:2412: RuntimeWarning: invalid value encountered in func (vectorized)
  outputs = ufunc(*inputs)
/projects/muyang@colostate.edu/software/anaconda/envs/alpine_MCMC/lib/python3.11/site-packages/numpy/lib/function_base.py:2412: RuntimeWarning: divide by zero encountered in func (vectorized)
  outputs = ufunc(*inputs)
/projects/muyang@colostate.edu/software/anaconda/envs/alpine_MCMC/lib/python3.11/site-packages/numpy/lib/function_base.py:2412: RuntimeWarning: invalid value encountered in func (vectorized)
  outputs = ufunc(*inputs)
650
2023-11-17 16:13:05
/projects/muyang@colostate.edu/software/anaconda/envs/alpine_MCMC/lib/python3.11/site-packages/numpy/lib/function_base.py:2412: RuntimeWarning: divide by zero encountered in func (vectorized)
  outputs = ufunc(*inputs)
/projects/muyang@colostate.edu/software/anaconda/envs/alpine_MCMC/lib/python3.11/site-packages/numpy/lib/function_base.py:2412: RuntimeWarning: invalid value encountered in func (vectorized)
  outputs = ufunc(*inputs)
/projects/muyang@colostate.edu/software/anaconda/envs/alpine_MCMC/lib/python3.11/site-packages/numpy/lib/function_base.py:2412: RuntimeWarning: divide by zero encountered in func (vectorized)
  outputs = ufunc(*inputs)
/projects/muyang@colostate.edu/software/anaconda/envs/alpine_MCMC/lib/python3.11/site-packages/numpy/lib/function_base.py:2412: RuntimeWarning: invalid value encountered in func (vectorized)
  outputs = ufunc(*inputs)
/projects/muyang@colostate.edu/software/anaconda/envs/alpine_MCMC/lib/python3.11/site-packages/numpy/lib/function_base.py:2412: RuntimeWarning: divide by zero encountered in func (vectorized)
  outputs = ufunc(*inputs)
/projects/muyang@colostate.edu/software/anaconda/envs/alpine_MCMC/lib/python3.11/site-packages/numpy/lib/function_base.py:2412: RuntimeWarning: invalid value encountered in func (vectorized)
  outputs = ufunc(*inputs)
700
2023-11-17 16:15:50
elapsed:  2212.5  seconds
/projects/muyang@colostate.edu/software/anaconda/envs/alpine_MCMC/lib/python3.11/site-packages/numpy/lib/function_base.py:2412: RuntimeWarning: divide by zero encountered in func (vectorized)
  outputs = ufunc(*inputs)
/projects/muyang@colostate.edu/software/anaconda/envs/alpine_MCMC/lib/python3.11/site-packages/numpy/lib/function_base.py:2412: RuntimeWarning: invalid value encountered in func (vectorized)
  outputs = ufunc(*inputs)
/projects/muyang@colostate.edu/software/anaconda/envs/alpine_MCMC/lib/python3.11/site-packages/numpy/lib/function_base.py:2412: RuntimeWarning: divide by zero encountered in func (vectorized)
  outputs = ufunc(*inputs)
/projects/muyang@colostate.edu/software/anaconda/envs/alpine_MCMC/lib/python3.11/site-packages/numpy/lib/function_base.py:2412: RuntimeWarning: invalid value encountered in func (vectorized)
  outputs = ufunc(*inputs)
/projects/muyang@colostate.edu/software/anaconda/envs/alpine_MCMC/lib/python3.11/site-packages/numpy/lib/function_base.py:2412: RuntimeWarning: divide by zero encountered in func (vectorized)
  outputs = ufunc(*inputs)
/projects/muyang@colostate.edu/software/anaconda/envs/alpine_MCMC/lib/python3.11/site-packages/numpy/lib/function_base.py:2412: RuntimeWarning: invalid value encountered in func (vectorized)
  outputs = ufunc(*inputs)
750
2023-11-17 16:18:39
/projects/muyang@colostate.edu/software/anaconda/envs/alpine_MCMC/lib/python3.11/site-packages/numpy/lib/function_base.py:2412: RuntimeWarning: divide by zero encountered in func (vectorized)
  outputs = ufunc(*inputs)
/projects/muyang@colostate.edu/software/anaconda/envs/alpine_MCMC/lib/python3.11/site-packages/numpy/lib/function_base.py:2412: RuntimeWarning: invalid value encountered in func (vectorized)
  outputs = ufunc(*inputs)
/projects/muyang@colostate.edu/software/anaconda/envs/alpine_MCMC/lib/python3.11/site-packages/numpy/lib/function_base.py:2412: RuntimeWarning: divide by zero encountered in func (vectorized)
  outputs = ufunc(*inputs)
/projects/muyang@colostate.edu/software/anaconda/envs/alpine_MCMC/lib/python3.11/site-packages/numpy/lib/function_base.py:2412: RuntimeWarning: invalid value encountered in func (vectorized)
  outputs = ufunc(*inputs)
/projects/muyang@colostate.edu/software/anaconda/envs/alpine_MCMC/lib/python3.11/site-packages/numpy/lib/function_base.py:2412: RuntimeWarning: divide by zero encountered in func (vectorized)
  outputs = ufunc(*inputs)
/projects/muyang@colostate.edu/software/anaconda/envs/alpine_MCMC/lib/python3.11/site-packages/numpy/lib/function_base.py:2412: RuntimeWarning: invalid value encountered in func (vectorized)
  outputs = ufunc(*inputs)
/projects/muyang@colostate.edu/software/anaconda/envs/alpine_MCMC/lib/python3.11/site-packages/numpy/lib/function_base.py:2412: RuntimeWarning: divide by zero encountered in func (vectorized)
  outputs = ufunc(*inputs)
/projects/muyang@colostate.edu/software/anaconda/envs/alpine_MCMC/lib/python3.11/site-packages/numpy/lib/function_base.py:2412: RuntimeWarning: invalid value encountered in func (vectorized)
  outputs = ufunc(*inputs)
/projects/muyang@colostate.edu/software/anaconda/envs/alpine_MCMC/lib/python3.11/site-packages/numpy/lib/function_base.py:2412: RuntimeWarning: divide by zero encountered in func (vectorized)
  outputs = ufunc(*inputs)
/projects/muyang@colostate.edu/software/anaconda/envs/alpine_MCMC/lib/python3.11/site-packages/numpy/lib/function_base.py:2412: RuntimeWarning: invalid value encountered in func (vectorized)
  outputs = ufunc(*inputs)
/projects/muyang@colostate.edu/software/anaconda/envs/alpine_MCMC/lib/python3.11/site-packages/numpy/lib/function_base.py:2412: RuntimeWarning: divide by zero encountered in func (vectorized)
  outputs = ufunc(*inputs)
/projects/muyang@colostate.edu/software/anaconda/envs/alpine_MCMC/lib/python3.11/site-packages/numpy/lib/function_base.py:2412: RuntimeWarning: invalid value encountered in func (vectorized)
  outputs = ufunc(*inputs)
/projects/muyang@colostate.edu/software/anaconda/envs/alpine_MCMC/lib/python3.11/site-packages/numpy/lib/function_base.py:2412: RuntimeWarning: divide by zero encountered in func (vectorized)
  outputs = ufunc(*inputs)
/projects/muyang@colostate.edu/software/anaconda/envs/alpine_MCMC/lib/python3.11/site-packages/numpy/lib/function_base.py:2412: RuntimeWarning: invalid value encountered in func (vectorized)
  outputs = ufunc(*inputs)
800
2023-11-17 16:21:25
elapsed:  2547.8  seconds
/projects/muyang@colostate.edu/software/anaconda/envs/alpine_MCMC/lib/python3.11/site-packages/numpy/lib/function_base.py:2412: RuntimeWarning: divide by zero encountered in func (vectorized)
  outputs = ufunc(*inputs)
/projects/muyang@colostate.edu/software/anaconda/envs/alpine_MCMC/lib/python3.11/site-packages/numpy/lib/function_base.py:2412: RuntimeWarning: invalid value encountered in func (vectorized)
  outputs = ufunc(*inputs)
/projects/muyang@colostate.edu/software/anaconda/envs/alpine_MCMC/lib/python3.11/site-packages/numpy/lib/function_base.py:2412: RuntimeWarning: divide by zero encountered in func (vectorized)
  outputs = ufunc(*inputs)
/projects/muyang@colostate.edu/software/anaconda/envs/alpine_MCMC/lib/python3.11/site-packages/numpy/lib/function_base.py:2412: RuntimeWarning: invalid value encountered in func (vectorized)
  outputs = ufunc(*inputs)
/projects/muyang@colostate.edu/software/anaconda/envs/alpine_MCMC/lib/python3.11/site-packages/numpy/lib/function_base.py:2412: RuntimeWarning: divide by zero encountered in func (vectorized)
  outputs = ufunc(*inputs)
/projects/muyang@colostate.edu/software/anaconda/envs/alpine_MCMC/lib/python3.11/site-packages/numpy/lib/function_base.py:2412: RuntimeWarning: invalid value encountered in func (vectorized)
  outputs = ufunc(*inputs)
/projects/muyang@colostate.edu/software/anaconda/envs/alpine_MCMC/lib/python3.11/site-packages/numpy/lib/function_base.py:2412: RuntimeWarning: divide by zero encountered in func (vectorized)
  outputs = ufunc(*inputs)
/projects/muyang@colostate.edu/software/anaconda/envs/alpine_MCMC/lib/python3.11/site-packages/numpy/lib/function_base.py:2412: RuntimeWarning: invalid value encountered in func (vectorized)
  outputs = ufunc(*inputs)
850
2023-11-17 16:24:16
/projects/muyang@colostate.edu/software/anaconda/envs/alpine_MCMC/lib/python3.11/site-packages/numpy/lib/function_base.py:2412: RuntimeWarning: divide by zero encountered in func (vectorized)
  outputs = ufunc(*inputs)
/projects/muyang@colostate.edu/software/anaconda/envs/alpine_MCMC/lib/python3.11/site-packages/numpy/lib/function_base.py:2412: RuntimeWarning: invalid value encountered in func (vectorized)
  outputs = ufunc(*inputs)
900
2023-11-17 16:27:03
elapsed:  2884.9  seconds
/projects/muyang@colostate.edu/software/anaconda/envs/alpine_MCMC/lib/python3.11/site-packages/numpy/lib/function_base.py:2412: RuntimeWarning: divide by zero encountered in func (vectorized)
  outputs = ufunc(*inputs)
/projects/muyang@colostate.edu/software/anaconda/envs/alpine_MCMC/lib/python3.11/site-packages/numpy/lib/function_base.py:2412: RuntimeWarning: invalid value encountered in func (vectorized)
  outputs = ufunc(*inputs)
950
2023-11-17 16:29:51
/projects/muyang@colostate.edu/software/anaconda/envs/alpine_MCMC/lib/python3.11/site-packages/numpy/lib/function_base.py:2412: RuntimeWarning: divide by zero encountered in func (vectorized)
  outputs = ufunc(*inputs)
/projects/muyang@colostate.edu/software/anaconda/envs/alpine_MCMC/lib/python3.11/site-packages/numpy/lib/function_base.py:2412: RuntimeWarning: invalid value encountered in func (vectorized)
  outputs = ufunc(*inputs)
/projects/muyang@colostate.edu/software/anaconda/envs/alpine_MCMC/lib/python3.11/site-packages/numpy/lib/function_base.py:2412: RuntimeWarning: divide by zero encountered in func (vectorized)
  outputs = ufunc(*inputs)
/projects/muyang@colostate.edu/software/anaconda/envs/alpine_MCMC/lib/python3.11/site-packages/numpy/lib/function_base.py:2412: RuntimeWarning: invalid value encountered in func (vectorized)
  outputs = ufunc(*inputs)
/projects/muyang@colostate.edu/software/anaconda/envs/alpine_MCMC/lib/python3.11/site-packages/numpy/lib/function_base.py:2412: RuntimeWarning: divide by zero encountered in func (vectorized)
  outputs = ufunc(*inputs)
/projects/muyang@colostate.edu/software/anaconda/envs/alpine_MCMC/lib/python3.11/site-packages/numpy/lib/function_base.py:2412: RuntimeWarning: invalid value encountered in func (vectorized)
  outputs = ufunc(*inputs)
1000
2023-11-17 16:32:37
elapsed:  3219.1  seconds
/projects/muyang@colostate.edu/software/anaconda/envs/alpine_MCMC/lib/python3.11/site-packages/numpy/lib/function_base.py:2412: RuntimeWarning: divide by zero encountered in func (vectorized)
  outputs = ufunc(*inputs)
/projects/muyang@colostate.edu/software/anaconda/envs/alpine_MCMC/lib/python3.11/site-packages/numpy/lib/function_base.py:2412: RuntimeWarning: invalid value encountered in func (vectorized)
  outputs = ufunc(*inputs)
1050
2023-11-17 16:35:28
/projects/muyang@colostate.edu/software/anaconda/envs/alpine_MCMC/lib/python3.11/site-packages/numpy/lib/function_base.py:2412: RuntimeWarning: divide by zero encountered in func (vectorized)
  outputs = ufunc(*inputs)
/projects/muyang@colostate.edu/software/anaconda/envs/alpine_MCMC/lib/python3.11/site-packages/numpy/lib/function_base.py:2412: RuntimeWarning: invalid value encountered in func (vectorized)
  outputs = ufunc(*inputs)
1100
2023-11-17 16:38:17
elapsed:  3559.7  seconds
/projects/muyang@colostate.edu/software/anaconda/envs/alpine_MCMC/lib/python3.11/site-packages/numpy/lib/function_base.py:2412: RuntimeWarning: divide by zero encountered in func (vectorized)
  outputs = ufunc(*inputs)
/projects/muyang@colostate.edu/software/anaconda/envs/alpine_MCMC/lib/python3.11/site-packages/numpy/lib/function_base.py:2412: RuntimeWarning: invalid value encountered in func (vectorized)
  outputs = ufunc(*inputs)
1150
2023-11-17 16:41:10
1200
2023-11-17 16:44:01
elapsed:  3903.5  seconds
/projects/muyang@colostate.edu/software/anaconda/envs/alpine_MCMC/lib/python3.11/site-packages/numpy/lib/function_base.py:2412: RuntimeWarning: divide by zero encountered in func (vectorized)
  outputs = ufunc(*inputs)
/projects/muyang@colostate.edu/software/anaconda/envs/alpine_MCMC/lib/python3.11/site-packages/numpy/lib/function_base.py:2412: RuntimeWarning: invalid value encountered in func (vectorized)
  outputs = ufunc(*inputs)
1250
2023-11-17 16:46:56
/projects/muyang@colostate.edu/software/anaconda/envs/alpine_MCMC/lib/python3.11/site-packages/numpy/lib/function_base.py:2412: RuntimeWarning: divide by zero encountered in func (vectorized)
  outputs = ufunc(*inputs)
/projects/muyang@colostate.edu/software/anaconda/envs/alpine_MCMC/lib/python3.11/site-packages/numpy/lib/function_base.py:2412: RuntimeWarning: invalid value encountered in func (vectorized)
  outputs = ufunc(*inputs)
/projects/muyang@colostate.edu/software/anaconda/envs/alpine_MCMC/lib/python3.11/site-packages/numpy/lib/function_base.py:2412: RuntimeWarning: divide by zero encountered in func (vectorized)
  outputs = ufunc(*inputs)
/projects/muyang@colostate.edu/software/anaconda/envs/alpine_MCMC/lib/python3.11/site-packages/numpy/lib/function_base.py:2412: RuntimeWarning: invalid value encountered in func (vectorized)
  outputs = ufunc(*inputs)
1300
2023-11-17 16:49:46
elapsed:  4248.0  seconds
1350
2023-11-17 16:52:38
/projects/muyang@colostate.edu/software/anaconda/envs/alpine_MCMC/lib/python3.11/site-packages/numpy/lib/function_base.py:2412: RuntimeWarning: divide by zero encountered in func (vectorized)
  outputs = ufunc(*inputs)
/projects/muyang@colostate.edu/software/anaconda/envs/alpine_MCMC/lib/python3.11/site-packages/numpy/lib/function_base.py:2412: RuntimeWarning: invalid value encountered in func (vectorized)
  outputs = ufunc(*inputs)
/projects/muyang@colostate.edu/software/anaconda/envs/alpine_MCMC/lib/python3.11/site-packages/numpy/lib/function_base.py:2412: RuntimeWarning: divide by zero encountered in func (vectorized)
  outputs = ufunc(*inputs)
/projects/muyang@colostate.edu/software/anaconda/envs/alpine_MCMC/lib/python3.11/site-packages/numpy/lib/function_base.py:2412: RuntimeWarning: invalid value encountered in func (vectorized)
  outputs = ufunc(*inputs)
1400
2023-11-17 16:55:28
elapsed:  4589.9  seconds
/projects/muyang@colostate.edu/software/anaconda/envs/alpine_MCMC/lib/python3.11/site-packages/numpy/lib/function_base.py:2412: RuntimeWarning: divide by zero encountered in func (vectorized)
  outputs = ufunc(*inputs)
/projects/muyang@colostate.edu/software/anaconda/envs/alpine_MCMC/lib/python3.11/site-packages/numpy/lib/function_base.py:2412: RuntimeWarning: invalid value encountered in func (vectorized)
  outputs = ufunc(*inputs)
1450
2023-11-17 16:58:19
1500
2023-11-17 17:01:09
elapsed:  4931.7  seconds
1550
2023-11-17 17:04:02
1600
2023-11-17 17:06:50
elapsed:  5272.7  seconds
/projects/muyang@colostate.edu/software/anaconda/envs/alpine_MCMC/lib/python3.11/site-packages/numpy/lib/function_base.py:2412: RuntimeWarning: divide by zero encountered in func (vectorized)
  outputs = ufunc(*inputs)
/projects/muyang@colostate.edu/software/anaconda/envs/alpine_MCMC/lib/python3.11/site-packages/numpy/lib/function_base.py:2412: RuntimeWarning: invalid value encountered in func (vectorized)
  outputs = ufunc(*inputs)
1650
2023-11-17 17:09:40
/projects/muyang@colostate.edu/software/anaconda/envs/alpine_MCMC/lib/python3.11/site-packages/numpy/lib/function_base.py:2412: RuntimeWarning: divide by zero encountered in func (vectorized)
  outputs = ufunc(*inputs)
/projects/muyang@colostate.edu/software/anaconda/envs/alpine_MCMC/lib/python3.11/site-packages/numpy/lib/function_base.py:2412: RuntimeWarning: invalid value encountered in func (vectorized)
  outputs = ufunc(*inputs)
1700
2023-11-17 17:12:33
elapsed:  5615.4  seconds
/projects/muyang@colostate.edu/software/anaconda/envs/alpine_MCMC/lib/python3.11/site-packages/numpy/lib/function_base.py:2412: RuntimeWarning: divide by zero encountered in func (vectorized)
  outputs = ufunc(*inputs)
/projects/muyang@colostate.edu/software/anaconda/envs/alpine_MCMC/lib/python3.11/site-packages/numpy/lib/function_base.py:2412: RuntimeWarning: invalid value encountered in func (vectorized)
  outputs = ufunc(*inputs)
1750
2023-11-17 17:15:26
/projects/muyang@colostate.edu/software/anaconda/envs/alpine_MCMC/lib/python3.11/site-packages/numpy/lib/function_base.py:2412: RuntimeWarning: divide by zero encountered in func (vectorized)
  outputs = ufunc(*inputs)
/projects/muyang@colostate.edu/software/anaconda/envs/alpine_MCMC/lib/python3.11/site-packages/numpy/lib/function_base.py:2412: RuntimeWarning: invalid value encountered in func (vectorized)
  outputs = ufunc(*inputs)
1800
2023-11-17 17:18:19
elapsed:  5961.2  seconds
1850
2023-11-17 17:21:12
/projects/muyang@colostate.edu/software/anaconda/envs/alpine_MCMC/lib/python3.11/site-packages/numpy/lib/function_base.py:2412: RuntimeWarning: divide by zero encountered in func (vectorized)
  outputs = ufunc(*inputs)
/projects/muyang@colostate.edu/software/anaconda/envs/alpine_MCMC/lib/python3.11/site-packages/numpy/lib/function_base.py:2412: RuntimeWarning: invalid value encountered in func (vectorized)
  outputs = ufunc(*inputs)
1900
2023-11-17 17:24:04
elapsed:  6306.0  seconds
/projects/muyang@colostate.edu/software/anaconda/envs/alpine_MCMC/lib/python3.11/site-packages/numpy/lib/function_base.py:2412: RuntimeWarning: divide by zero encountered in func (vectorized)
  outputs = ufunc(*inputs)
/projects/muyang@colostate.edu/software/anaconda/envs/alpine_MCMC/lib/python3.11/site-packages/numpy/lib/function_base.py:2412: RuntimeWarning: invalid value encountered in func (vectorized)
  outputs = ufunc(*inputs)
1950
2023-11-17 17:26:54
2000
2023-11-17 17:29:43
elapsed:  6645.4  seconds
2050
2023-11-17 17:32:36
2100
2023-11-17 17:35:25
elapsed:  6987.2  seconds
2150
2023-11-17 17:38:17
/projects/muyang@colostate.edu/software/anaconda/envs/alpine_MCMC/lib/python3.11/site-packages/numpy/lib/function_base.py:2412: RuntimeWarning: divide by zero encountered in func (vectorized)
  outputs = ufunc(*inputs)
/projects/muyang@colostate.edu/software/anaconda/envs/alpine_MCMC/lib/python3.11/site-packages/numpy/lib/function_base.py:2412: RuntimeWarning: invalid value encountered in func (vectorized)
  outputs = ufunc(*inputs)
2200
2023-11-17 17:41:08
elapsed:  7330.6  seconds
/projects/muyang@colostate.edu/software/anaconda/envs/alpine_MCMC/lib/python3.11/site-packages/numpy/lib/function_base.py:2412: RuntimeWarning: divide by zero encountered in func (vectorized)
  outputs = ufunc(*inputs)
/projects/muyang@colostate.edu/software/anaconda/envs/alpine_MCMC/lib/python3.11/site-packages/numpy/lib/function_base.py:2412: RuntimeWarning: invalid value encountered in func (vectorized)
  outputs = ufunc(*inputs)
2250
2023-11-17 17:44:01
2300
2023-11-17 17:46:51
elapsed:  7673.3  seconds
/projects/muyang@colostate.edu/software/anaconda/envs/alpine_MCMC/lib/python3.11/site-packages/numpy/lib/function_base.py:2412: RuntimeWarning: divide by zero encountered in func (vectorized)
  outputs = ufunc(*inputs)
/projects/muyang@colostate.edu/software/anaconda/envs/alpine_MCMC/lib/python3.11/site-packages/numpy/lib/function_base.py:2412: RuntimeWarning: invalid value encountered in func (vectorized)
  outputs = ufunc(*inputs)
2350
2023-11-17 17:49:43
2400
2023-11-17 17:52:34
elapsed:  8016.2  seconds
2450
2023-11-17 17:55:26
2500
2023-11-17 17:58:19
elapsed:  8361.0  seconds
2550
2023-11-17 18:01:13
2600
2023-11-17 18:04:04
elapsed:  8706.3  seconds
2650
2023-11-17 18:06:56
2700
2023-11-17 18:09:46
elapsed:  9048.1  seconds
/projects/muyang@colostate.edu/software/anaconda/envs/alpine_MCMC/lib/python3.11/site-packages/numpy/lib/function_base.py:2412: RuntimeWarning: divide by zero encountered in func (vectorized)
  outputs = ufunc(*inputs)
/projects/muyang@colostate.edu/software/anaconda/envs/alpine_MCMC/lib/python3.11/site-packages/numpy/lib/function_base.py:2412: RuntimeWarning: invalid value encountered in func (vectorized)
  outputs = ufunc(*inputs)
2750
2023-11-17 18:12:37
2800
2023-11-17 18:15:28
elapsed:  9390.2  seconds
2850
2023-11-17 18:18:19
2900
2023-11-17 18:21:08
elapsed:  9730.5  seconds
2950
2023-11-17 18:23:58
3000
2023-11-17 18:26:48
elapsed:  10069.9  seconds
3050
2023-11-17 18:29:37
3100
2023-11-17 18:32:27
elapsed:  10409.3  seconds
3150
2023-11-17 18:35:16
3200
2023-11-17 18:38:06
elapsed:  10748.0  seconds
/projects/muyang@colostate.edu/software/anaconda/envs/alpine_MCMC/lib/python3.11/site-packages/numpy/lib/function_base.py:2412: RuntimeWarning: divide by zero encountered in func (vectorized)
  outputs = ufunc(*inputs)
/projects/muyang@colostate.edu/software/anaconda/envs/alpine_MCMC/lib/python3.11/site-packages/numpy/lib/function_base.py:2412: RuntimeWarning: invalid value encountered in func (vectorized)
  outputs = ufunc(*inputs)
3250
2023-11-17 18:40:57
3300
2023-11-17 18:43:47
elapsed:  11089.0  seconds
3350
2023-11-17 18:46:39
3400
2023-11-17 18:49:29
elapsed:  11431.2  seconds
3450
2023-11-17 18:52:20
3500
2023-11-17 18:55:11
elapsed:  11773.3  seconds
3550
2023-11-17 18:58:02
3600
2023-11-17 19:00:53
elapsed:  12114.8  seconds
3650
2023-11-17 19:03:44
3700
2023-11-17 19:06:36
elapsed:  12458.2  seconds
/projects/muyang@colostate.edu/software/anaconda/envs/alpine_MCMC/lib/python3.11/site-packages/numpy/lib/function_base.py:2412: RuntimeWarning: divide by zero encountered in func (vectorized)
  outputs = ufunc(*inputs)
/projects/muyang@colostate.edu/software/anaconda/envs/alpine_MCMC/lib/python3.11/site-packages/numpy/lib/function_base.py:2412: RuntimeWarning: invalid value encountered in func (vectorized)
  outputs = ufunc(*inputs)
3750
2023-11-17 19:09:29
3800
2023-11-17 19:12:19
elapsed:  12801.1  seconds
3850
2023-11-17 19:15:10
3900
2023-11-17 19:18:01
elapsed:  13143.0  seconds
3950
2023-11-17 19:20:53
4000
2023-11-17 19:23:44
elapsed:  13486.7  seconds
/projects/muyang@colostate.edu/software/anaconda/envs/alpine_MCMC/lib/python3.11/site-packages/numpy/lib/function_base.py:2412: RuntimeWarning: divide by zero encountered in func (vectorized)
  outputs = ufunc(*inputs)
/projects/muyang@colostate.edu/software/anaconda/envs/alpine_MCMC/lib/python3.11/site-packages/numpy/lib/function_base.py:2412: RuntimeWarning: invalid value encountered in func (vectorized)
  outputs = ufunc(*inputs)
4050
2023-11-17 19:26:37
4100
2023-11-17 19:29:25
elapsed:  13827.8  seconds
4150
2023-11-17 19:32:18
4200
2023-11-17 19:35:10
elapsed:  14172.1  seconds
4250
2023-11-17 19:38:03
4300
2023-11-17 19:40:55
elapsed:  14517.4  seconds
4350
2023-11-17 19:43:46
4400
2023-11-17 19:46:35
elapsed:  14857.5  seconds
4450
2023-11-17 19:49:26
/projects/muyang@colostate.edu/software/anaconda/envs/alpine_MCMC/lib/python3.11/site-packages/numpy/lib/function_base.py:2412: RuntimeWarning: divide by zero encountered in func (vectorized)
  outputs = ufunc(*inputs)
/projects/muyang@colostate.edu/software/anaconda/envs/alpine_MCMC/lib/python3.11/site-packages/numpy/lib/function_base.py:2412: RuntimeWarning: invalid value encountered in func (vectorized)
  outputs = ufunc(*inputs)
4500
2023-11-17 19:52:15
elapsed:  15197.3  seconds
4550
2023-11-17 19:55:04
/projects/muyang@colostate.edu/software/anaconda/envs/alpine_MCMC/lib/python3.11/site-packages/numpy/lib/function_base.py:2412: RuntimeWarning: divide by zero encountered in func (vectorized)
  outputs = ufunc(*inputs)
/projects/muyang@colostate.edu/software/anaconda/envs/alpine_MCMC/lib/python3.11/site-packages/numpy/lib/function_base.py:2412: RuntimeWarning: invalid value encountered in func (vectorized)
  outputs = ufunc(*inputs)
4600
2023-11-17 19:57:53
elapsed:  15535.8  seconds
4650
2023-11-17 20:00:42
4700
2023-11-17 20:03:31
elapsed:  15873.8  seconds
4750
2023-11-17 20:06:23
4800
2023-11-17 20:09:11
elapsed:  16213.1  seconds
4850
2023-11-17 20:12:03
/projects/muyang@colostate.edu/software/anaconda/envs/alpine_MCMC/lib/python3.11/site-packages/numpy/lib/function_base.py:2412: RuntimeWarning: divide by zero encountered in func (vectorized)
  outputs = ufunc(*inputs)
/projects/muyang@colostate.edu/software/anaconda/envs/alpine_MCMC/lib/python3.11/site-packages/numpy/lib/function_base.py:2412: RuntimeWarning: invalid value encountered in func (vectorized)
  outputs = ufunc(*inputs)
4900
2023-11-17 20:14:52
elapsed:  16554.3  seconds
4950
2023-11-17 20:17:41
5000
2023-11-17 20:20:32
elapsed:  16894.3  seconds
5050
2023-11-17 20:23:25
/projects/muyang@colostate.edu/software/anaconda/envs/alpine_MCMC/lib/python3.11/site-packages/numpy/lib/function_base.py:2412: RuntimeWarning: divide by zero encountered in func (vectorized)
  outputs = ufunc(*inputs)
/projects/muyang@colostate.edu/software/anaconda/envs/alpine_MCMC/lib/python3.11/site-packages/numpy/lib/function_base.py:2412: RuntimeWarning: invalid value encountered in func (vectorized)
  outputs = ufunc(*inputs)
5100
2023-11-17 20:26:15
elapsed:  17237.6  seconds
/projects/muyang@colostate.edu/software/anaconda/envs/alpine_MCMC/lib/python3.11/site-packages/numpy/lib/function_base.py:2412: RuntimeWarning: divide by zero encountered in func (vectorized)
  outputs = ufunc(*inputs)
/projects/muyang@colostate.edu/software/anaconda/envs/alpine_MCMC/lib/python3.11/site-packages/numpy/lib/function_base.py:2412: RuntimeWarning: invalid value encountered in func (vectorized)
  outputs = ufunc(*inputs)
5150
2023-11-17 20:29:07
5200
2023-11-17 20:31:58
elapsed:  17580.3  seconds
5250
2023-11-17 20:34:48
5300
2023-11-17 20:37:39
elapsed:  17921.4  seconds
5350
2023-11-17 20:40:32
/projects/muyang@colostate.edu/software/anaconda/envs/alpine_MCMC/lib/python3.11/site-packages/numpy/lib/function_base.py:2412: RuntimeWarning: divide by zero encountered in func (vectorized)
  outputs = ufunc(*inputs)
/projects/muyang@colostate.edu/software/anaconda/envs/alpine_MCMC/lib/python3.11/site-packages/numpy/lib/function_base.py:2412: RuntimeWarning: invalid value encountered in func (vectorized)
  outputs = ufunc(*inputs)
5400
2023-11-17 20:43:23
elapsed:  18265.1  seconds
5450
2023-11-17 20:46:16
/projects/muyang@colostate.edu/software/anaconda/envs/alpine_MCMC/lib/python3.11/site-packages/numpy/lib/function_base.py:2412: RuntimeWarning: divide by zero encountered in func (vectorized)
  outputs = ufunc(*inputs)
/projects/muyang@colostate.edu/software/anaconda/envs/alpine_MCMC/lib/python3.11/site-packages/numpy/lib/function_base.py:2412: RuntimeWarning: invalid value encountered in func (vectorized)
  outputs = ufunc(*inputs)
/projects/muyang@colostate.edu/software/anaconda/envs/alpine_MCMC/lib/python3.11/site-packages/numpy/lib/function_base.py:2412: RuntimeWarning: divide by zero encountered in func (vectorized)
  outputs = ufunc(*inputs)
/projects/muyang@colostate.edu/software/anaconda/envs/alpine_MCMC/lib/python3.11/site-packages/numpy/lib/function_base.py:2412: RuntimeWarning: invalid value encountered in func (vectorized)
  outputs = ufunc(*inputs)
5500
2023-11-17 20:49:07
elapsed:  18609.7  seconds
5550
2023-11-17 20:52:01
/projects/muyang@colostate.edu/software/anaconda/envs/alpine_MCMC/lib/python3.11/site-packages/numpy/lib/function_base.py:2412: RuntimeWarning: divide by zero encountered in func (vectorized)
  outputs = ufunc(*inputs)
/projects/muyang@colostate.edu/software/anaconda/envs/alpine_MCMC/lib/python3.11/site-packages/numpy/lib/function_base.py:2412: RuntimeWarning: invalid value encountered in func (vectorized)
  outputs = ufunc(*inputs)
5600
2023-11-17 20:54:53
elapsed:  18955.6  seconds
/projects/muyang@colostate.edu/software/anaconda/envs/alpine_MCMC/lib/python3.11/site-packages/numpy/lib/function_base.py:2412: RuntimeWarning: divide by zero encountered in func (vectorized)
  outputs = ufunc(*inputs)
/projects/muyang@colostate.edu/software/anaconda/envs/alpine_MCMC/lib/python3.11/site-packages/numpy/lib/function_base.py:2412: RuntimeWarning: invalid value encountered in func (vectorized)
  outputs = ufunc(*inputs)
5650
2023-11-17 20:57:45
5700
2023-11-17 21:00:37
elapsed:  19299.8  seconds
/projects/muyang@colostate.edu/software/anaconda/envs/alpine_MCMC/lib/python3.11/site-packages/numpy/lib/function_base.py:2412: RuntimeWarning: divide by zero encountered in func (vectorized)
  outputs = ufunc(*inputs)
/projects/muyang@colostate.edu/software/anaconda/envs/alpine_MCMC/lib/python3.11/site-packages/numpy/lib/function_base.py:2412: RuntimeWarning: invalid value encountered in func (vectorized)
  outputs = ufunc(*inputs)
5750
2023-11-17 21:03:30
5800
2023-11-17 21:06:22
elapsed:  19643.9  seconds
5850
2023-11-17 21:09:16
5900
2023-11-17 21:12:08
elapsed:  19990.6  seconds
5950
2023-11-17 21:15:02
6000
2023-11-17 21:17:55
elapsed:  20337.4  seconds
6050
2023-11-17 21:20:49
/projects/muyang@colostate.edu/software/anaconda/envs/alpine_MCMC/lib/python3.11/site-packages/numpy/lib/function_base.py:2412: RuntimeWarning: divide by zero encountered in func (vectorized)
  outputs = ufunc(*inputs)
/projects/muyang@colostate.edu/software/anaconda/envs/alpine_MCMC/lib/python3.11/site-packages/numpy/lib/function_base.py:2412: RuntimeWarning: invalid value encountered in func (vectorized)
  outputs = ufunc(*inputs)
6100
2023-11-17 21:23:41
elapsed:  20683.5  seconds
6150
2023-11-17 21:26:34
6200
2023-11-17 21:29:26
elapsed:  21028.2  seconds
6250
2023-11-17 21:32:21
6300
2023-11-17 21:35:13
elapsed:  21375.8  seconds
6350
2023-11-17 21:38:07
6400
2023-11-17 21:40:58
elapsed:  21720.2  seconds
6450
2023-11-17 21:43:51
6500
2023-11-17 21:46:43
elapsed:  22065.2  seconds
6550
2023-11-17 21:49:36
/projects/muyang@colostate.edu/software/anaconda/envs/alpine_MCMC/lib/python3.11/site-packages/numpy/lib/function_base.py:2412: RuntimeWarning: divide by zero encountered in func (vectorized)
  outputs = ufunc(*inputs)
/projects/muyang@colostate.edu/software/anaconda/envs/alpine_MCMC/lib/python3.11/site-packages/numpy/lib/function_base.py:2412: RuntimeWarning: invalid value encountered in func (vectorized)
  outputs = ufunc(*inputs)
6600
2023-11-17 21:52:28
elapsed:  22410.3  seconds
6650
2023-11-17 21:55:21
6700
2023-11-17 21:58:14
elapsed:  22756.0  seconds
6750
2023-11-17 22:01:08
6800
2023-11-17 22:04:01
elapsed:  23103.2  seconds
6850
2023-11-17 22:06:54
6900
2023-11-17 22:09:46
elapsed:  23448.3  seconds
6950
2023-11-17 22:12:39
7000
2023-11-17 22:15:31
elapsed:  23793.4  seconds
7050
2023-11-17 22:18:25
7100
2023-11-17 22:21:18
elapsed:  24139.9  seconds
7150
2023-11-17 22:24:09
/projects/muyang@colostate.edu/software/anaconda/envs/alpine_MCMC/lib/python3.11/site-packages/numpy/lib/function_base.py:2412: RuntimeWarning: divide by zero encountered in func (vectorized)
  outputs = ufunc(*inputs)
/projects/muyang@colostate.edu/software/anaconda/envs/alpine_MCMC/lib/python3.11/site-packages/numpy/lib/function_base.py:2412: RuntimeWarning: invalid value encountered in func (vectorized)
  outputs = ufunc(*inputs)
7200
2023-11-17 22:26:59
elapsed:  24481.3  seconds
7250
2023-11-17 22:29:51
7300
2023-11-17 22:32:41
elapsed:  24823.0  seconds
/projects/muyang@colostate.edu/software/anaconda/envs/alpine_MCMC/lib/python3.11/site-packages/numpy/lib/function_base.py:2412: RuntimeWarning: divide by zero encountered in func (vectorized)
  outputs = ufunc(*inputs)
/projects/muyang@colostate.edu/software/anaconda/envs/alpine_MCMC/lib/python3.11/site-packages/numpy/lib/function_base.py:2412: RuntimeWarning: invalid value encountered in func (vectorized)
  outputs = ufunc(*inputs)
7350
2023-11-17 22:35:32
7400
2023-11-17 22:38:20
elapsed:  25162.3  seconds
7450
2023-11-17 22:41:15
7500
2023-11-17 22:44:08
elapsed:  25510.3  seconds
7550
2023-11-17 22:47:01
/projects/muyang@colostate.edu/software/anaconda/envs/alpine_MCMC/lib/python3.11/site-packages/numpy/lib/function_base.py:2412: RuntimeWarning: divide by zero encountered in func (vectorized)
  outputs = ufunc(*inputs)
/projects/muyang@colostate.edu/software/anaconda/envs/alpine_MCMC/lib/python3.11/site-packages/numpy/lib/function_base.py:2412: RuntimeWarning: invalid value encountered in func (vectorized)
  outputs = ufunc(*inputs)
7600
2023-11-17 22:49:53
elapsed:  25855.3  seconds
7650
2023-11-17 22:52:47
7700
2023-11-17 22:55:39
elapsed:  26201.7  seconds
7750
2023-11-17 22:58:30
7800
2023-11-17 23:01:23
elapsed:  26544.8  seconds
7850
2023-11-17 23:04:16
/projects/muyang@colostate.edu/software/anaconda/envs/alpine_MCMC/lib/python3.11/site-packages/numpy/lib/function_base.py:2412: RuntimeWarning: divide by zero encountered in func (vectorized)
  outputs = ufunc(*inputs)
/projects/muyang@colostate.edu/software/anaconda/envs/alpine_MCMC/lib/python3.11/site-packages/numpy/lib/function_base.py:2412: RuntimeWarning: invalid value encountered in func (vectorized)
  outputs = ufunc(*inputs)
7900
2023-11-17 23:07:09
elapsed:  26891.3  seconds
7950
2023-11-17 23:10:01
8000
2023-11-17 23:12:52
elapsed:  27234.0  seconds
8050
2023-11-17 23:15:43
8100
2023-11-17 23:18:34
elapsed:  27576.2  seconds
8150
2023-11-17 23:21:25
8200
2023-11-17 23:24:16
elapsed:  27918.2  seconds
8250
2023-11-17 23:27:08
/projects/muyang@colostate.edu/software/anaconda/envs/alpine_MCMC/lib/python3.11/site-packages/numpy/lib/function_base.py:2412: RuntimeWarning: divide by zero encountered in func (vectorized)
  outputs = ufunc(*inputs)
/projects/muyang@colostate.edu/software/anaconda/envs/alpine_MCMC/lib/python3.11/site-packages/numpy/lib/function_base.py:2412: RuntimeWarning: invalid value encountered in func (vectorized)
  outputs = ufunc(*inputs)
8300
2023-11-17 23:30:00
elapsed:  28262.6  seconds
/projects/muyang@colostate.edu/software/anaconda/envs/alpine_MCMC/lib/python3.11/site-packages/numpy/lib/function_base.py:2412: RuntimeWarning: divide by zero encountered in func (vectorized)
  outputs = ufunc(*inputs)
/projects/muyang@colostate.edu/software/anaconda/envs/alpine_MCMC/lib/python3.11/site-packages/numpy/lib/function_base.py:2412: RuntimeWarning: invalid value encountered in func (vectorized)
  outputs = ufunc(*inputs)
8350
2023-11-17 23:32:53
8400
2023-11-17 23:35:44
elapsed:  28606.7  seconds
8450
2023-11-17 23:38:37
/projects/muyang@colostate.edu/software/anaconda/envs/alpine_MCMC/lib/python3.11/site-packages/numpy/lib/function_base.py:2412: RuntimeWarning: divide by zero encountered in func (vectorized)
  outputs = ufunc(*inputs)
/projects/muyang@colostate.edu/software/anaconda/envs/alpine_MCMC/lib/python3.11/site-packages/numpy/lib/function_base.py:2412: RuntimeWarning: invalid value encountered in func (vectorized)
  outputs = ufunc(*inputs)
8500
2023-11-17 23:41:28
elapsed:  28950.6  seconds
8550
2023-11-17 23:44:23
8600
2023-11-17 23:47:12
elapsed:  29294.2  seconds
8650
2023-11-17 23:50:05
8700
2023-11-17 23:52:56
elapsed:  29638.7  seconds
8750
2023-11-17 23:55:48
8800
2023-11-17 23:58:39
elapsed:  29981.1  seconds
/projects/muyang@colostate.edu/software/anaconda/envs/alpine_MCMC/lib/python3.11/site-packages/numpy/lib/function_base.py:2412: RuntimeWarning: divide by zero encountered in func (vectorized)
  outputs = ufunc(*inputs)
/projects/muyang@colostate.edu/software/anaconda/envs/alpine_MCMC/lib/python3.11/site-packages/numpy/lib/function_base.py:2412: RuntimeWarning: invalid value encountered in func (vectorized)
  outputs = ufunc(*inputs)
8850
2023-11-18 00:01:28
8900
2023-11-18 00:04:18
elapsed:  30320.5  seconds
8950
2023-11-18 00:07:11
9000
2023-11-18 00:10:03
elapsed:  30665.3  seconds
9050
2023-11-18 00:12:56
/projects/muyang@colostate.edu/software/anaconda/envs/alpine_MCMC/lib/python3.11/site-packages/numpy/lib/function_base.py:2412: RuntimeWarning: divide by zero encountered in func (vectorized)
  outputs = ufunc(*inputs)
/projects/muyang@colostate.edu/software/anaconda/envs/alpine_MCMC/lib/python3.11/site-packages/numpy/lib/function_base.py:2412: RuntimeWarning: invalid value encountered in func (vectorized)
  outputs = ufunc(*inputs)
9100
2023-11-18 00:15:46
elapsed:  31008.6  seconds
9150
2023-11-18 00:18:38
9200
2023-11-18 00:21:29
elapsed:  31351.0  seconds
9250
2023-11-18 00:24:20
9300
2023-11-18 00:27:12
elapsed:  31694.1  seconds
9350
2023-11-18 00:30:00
9400
2023-11-18 00:32:49
elapsed:  32030.9  seconds
9450
2023-11-18 00:35:38
9500
2023-11-18 00:38:28
elapsed:  32370.6  seconds
9550
2023-11-18 00:41:21
9600
2023-11-18 00:44:14
elapsed:  32716.2  seconds
9650
2023-11-18 00:47:05
9700
2023-11-18 00:49:56
elapsed:  33058.1  seconds
9750
2023-11-18 00:52:49
/projects/muyang@colostate.edu/software/anaconda/envs/alpine_MCMC/lib/python3.11/site-packages/numpy/lib/function_base.py:2412: RuntimeWarning: divide by zero encountered in func (vectorized)
  outputs = ufunc(*inputs)
/projects/muyang@colostate.edu/software/anaconda/envs/alpine_MCMC/lib/python3.11/site-packages/numpy/lib/function_base.py:2412: RuntimeWarning: invalid value encountered in func (vectorized)
  outputs = ufunc(*inputs)
9800
2023-11-18 00:55:39
elapsed:  33401.3  seconds
9850
2023-11-18 00:58:33
9900
2023-11-18 01:01:26
elapsed:  33748.5  seconds
9950
2023-11-18 01:04:20
/projects/muyang@colostate.edu/software/anaconda/envs/alpine_MCMC/lib/python3.11/site-packages/numpy/lib/function_base.py:2412: RuntimeWarning: divide by zero encountered in func (vectorized)
  outputs = ufunc(*inputs)
/projects/muyang@colostate.edu/software/anaconda/envs/alpine_MCMC/lib/python3.11/site-packages/numpy/lib/function_base.py:2412: RuntimeWarning: invalid value encountered in func (vectorized)
  outputs = ufunc(*inputs)
elapsed:  34089.0  seconds
total time:  34093.9  seconds
true R:  [[5.61280214e+00 9.53677897e-01 4.40627720e-01 4.75332988e-01
  2.78119663e+00 4.55133235e+00 1.70437231e+00 3.92391055e-01
  4.93973458e+00 1.45427472e+00 8.36901210e+01 4.48176639e-01
  4.60660117e-01 2.44693115e-01 8.38711479e-02 1.33392486e-01
  1.04624220e-01 1.12937469e+00 1.14178810e+01 2.12417091e-01
  1.04422245e+00 1.92081313e+00 1.18921583e+00 1.99948502e+00
  3.54727400e+00 8.72491807e+00 5.07303875e-01 1.80697169e+01
  4.07865166e+01 3.49921568e+00 2.19357441e+01 2.92417251e+02
  2.26598071e+00 1.15262360e+00 3.90793378e-01 9.18211913e-02
  3.33556052e-01 9.27564274e+00 4.18503630e-01 5.96990721e-01
  2.58107256e+00 7.21517937e+01 9.26051631e-01 5.47218103e+00
  2.81704089e+00 3.04644802e-01 1.17393621e-01 1.83406123e-01
  1.61991832e-01 2.24460485e-01 1.97951387e+01 5.28228576e+01
  3.14818545e+01 2.53620902e-01 1.80470483e+01 8.47072513e-01
  5.62554164e-01 6.09540290e+01 1.65923436e+00 2.42521252e-01
  4.58322203e-01 1.60811646e-01 1.39423831e-01 2.22098357e+00]
 [2.79606469e+00 9.80289922e-02 1.93715879e+00 4.88890940e-01
  9.60055591e-01 1.27413581e-01 2.07337794e+00 2.70522699e+00
  3.59445910e+01 3.42144065e-01 3.32170246e+00 7.09864637e-01
  7.38876961e+00 2.01584067e-01 1.09346391e-01 1.04308399e-01
  7.60534280e+00 2.31185289e+00 2.99986640e-01 2.12351334e+00
  2.17274639e+01 9.00996939e-01 4.03060405e-01 6.11681630e-01
  1.45416216e-01 6.28083954e-01 1.80303922e+00 1.84630613e+00
  1.68618494e+00 4.36899005e+00 2.60034277e+00 3.20939078e-01
  9.15776542e-02 1.56030997e-01 2.48940140e-01 7.78563835e-01
  1.07543180e-01 8.61819625e-01 1.05114691e+00 1.15154552e-01
  2.86564419e+01 8.42276426e+01 2.48287387e+00 9.94923522e+00
  5.17271440e+00 8.51989189e-02 2.14518037e-01 8.37836247e-01
  4.17972022e+01 5.81312228e-01 3.10532597e+00 1.17594114e+00
  8.04517472e-01 2.13641078e-01 1.34292420e+01 3.67445080e+00
  1.45497407e-01 4.23479715e-01 5.54234653e+02 5.78584981e+00
  1.92628063e-01 2.84296751e+00 4.65076144e-01 5.61984333e-01]
 [1.21094726e+02 8.22582396e+00 2.77555273e-01 1.65212256e-01
  1.51525606e-01 4.78079697e-01 2.87014057e-01 1.47835269e+00
  2.54347973e+00 1.04053717e+00 7.35281182e+00 6.49147827e-01
  5.79432955e-01 4.41725619e+00 4.31824678e-01 2.54750885e+01
  6.34491722e-01 6.15905286e+01 1.12851510e+00 3.15960546e-01
  2.15426575e-01 7.37665710e-01 4.39989092e-01 7.82061441e+00
  2.27650402e+01 1.38442520e+01 7.38349383e+01 3.03225084e+00
  5.03368464e-01 1.45514990e+02 3.04611691e-01 8.32456736e-01
  2.57782026e-01 2.09322817e-01 2.96061891e+02 2.38745784e+00
  4.86269500e-01 6.43014071e-01 3.89355567e+00 1.10132319e+00
  6.82942048e-01 1.35606058e-01 1.11967004e-01 6.09859713e-01
  5.59357176e-01 4.51091296e-02 5.85085558e-01 7.86888330e-01
  2.61570593e+00 1.56525850e+02 3.40288485e+01 1.13343125e+00
  1.90139942e-01 1.59003775e+00 2.52392314e+00 4.00410458e+00
  4.49886170e-01 3.54861721e-01 9.01239680e-01 6.26489658e+00
  5.47314235e+00 2.59830311e+00 3.54948187e+00 8.62777416e-01]
 [2.95273457e+00 8.90930102e-01 2.43474360e-01 2.54578460e-01
  1.01954321e+00 2.79499265e-01 1.00508302e+01 2.09888379e+01
  2.96534246e-01 1.01574391e-01 9.05579680e+00 2.40777474e+00
  1.81780804e+01 5.30874646e-02 1.99646265e+02 7.88168492e+00
  1.15359876e+01 2.57270812e+00 4.19974579e-01 2.13987234e-01
  4.47110619e+00 9.31367132e+00 1.97105988e+00 4.44440226e+01
  4.49628373e+04 8.55292571e-01 2.22816182e+02 1.50384254e-01
  4.65328882e+01 4.05254233e-01 8.68663909e-01 1.35277123e-01
  3.19733518e-01 2.01633338e-01 1.91038909e-01 5.77261876e-01
  7.17402669e-01 1.16612965e+00 9.37623919e-01 3.04760261e+00
  4.10953099e+00 1.89664662e-01 1.42003362e+01 5.10475229e+00
  1.51369587e+00 3.24905810e-01 1.45611874e-01 3.91455820e+00
  5.20039477e-01 8.39932173e-01 2.56637287e+00 1.89123420e+00
  2.58802368e-01 9.37416282e-01 1.53762605e-01 3.72410773e-01
  1.53461022e-01 1.38545339e+02 4.44203207e-01 5.62273991e-01
  3.19981785e+00 4.95021003e-01 7.76954874e+01 5.34610832e-01]
 [2.34203671e-01 1.49154823e-01 1.02640844e+00 1.62714884e-01
  4.30514493e-01 3.64120270e-01 3.54295935e-01 1.24866464e+00
  4.35370569e-01 8.00643805e-02 1.30161987e+00 2.25990769e+01
  2.33370230e+00 8.16704676e+00 2.28165800e+00 2.65025565e+01
  2.06917913e+01 3.69800105e+01 8.41471834e-01 1.06387486e+00
  2.83976038e-01 5.27606516e-01 4.12293800e-01 1.55808413e+00
  1.03873675e+00 3.92873627e+02 5.56144560e+01 8.26646272e-01
  2.04562409e+02 5.97387425e+00 1.77125433e+02 3.17514724e+00
  5.72408780e-01 6.51665100e-01 6.02575963e-01 1.97506628e+00
  1.43816752e+00 2.19628498e-01 2.23411466e-01 4.34974359e-01
  3.60983862e+00 1.39386441e-01 1.87788587e-01 2.62619451e+00
  6.26094337e-02 7.84506793e-01 2.52242861e-01 1.45388672e-01
  9.70914278e-01 2.75753750e-01 5.29264434e+00 2.03407936e-01
  1.26477369e+04 3.48257457e-01 5.14503693e-01 2.22077733e-01
  1.84507424e+00 1.68235365e+00 3.44882857e+00 1.95730669e+00
  1.26595997e-01 2.21630794e-01 4.13301307e-01 5.04733482e-01]
 [6.83661624e+02 6.07321625e-01 4.00745764e-01 6.43411376e-01
  2.11178638e+00 2.01126461e-01 1.26906005e+00 8.64028841e-01
  1.38761748e-01 2.01213123e+00 2.04935923e+00 9.01006900e+01
  3.38370695e-01 6.59062090e+00 6.94768127e+00 4.56452391e+00
  2.97536317e+00 3.76475942e-01 1.41285092e+00 1.26671350e-01
  1.31476039e-01 6.11668920e+00 2.92404942e-01 3.20185219e+00
  7.59302748e+01 5.86520812e+00 5.35138299e-01 6.30419781e-01
  8.53987145e-01 1.10674342e+00 2.53589599e-01 1.10559186e+02
  1.41615773e-01 8.20250023e-01 6.55170611e+00 1.35470878e+00
  8.62696668e+01 2.84987116e+01 3.99954256e+00 1.36204409e+00
  9.17155053e-02 4.80259959e+02 4.97396952e-01 2.65125830e-01
  1.48797498e-01 4.08573719e-01 3.05375812e+00 7.30283047e+00
  2.03823453e+01 1.71370545e+00 8.84268841e-01 2.61810557e-01
  5.04122248e-01 5.03362945e-01 4.86785854e-01 1.29223928e+00
  4.99917809e+00 5.35745443e-01 9.06544493e-01 6.45816211e+00
  3.64726280e+00 7.23747723e-01 6.15450998e-01 1.50417091e-01]
 [2.54085935e+00 6.01797083e-01 4.69398156e-01 4.14656580e+00
  7.53714122e+02 3.23100014e-01 1.53711221e+04 1.14941150e+01
  7.08153947e+00 1.24622602e+00 2.45331958e+00 2.45513996e+02
  3.63274013e-01 8.26655342e-01 2.49672672e+01 4.69540977e-01
  1.04545589e+00 1.41015280e+01 1.12118005e+00 1.20825832e+00
  3.40770574e+00 1.64631371e+00 3.63324139e+00 6.61053765e-01
  9.40809910e-01 7.44740348e+00 2.66822022e-01 7.03833259e-01
  2.51489240e-01 2.44407000e-01 1.33403069e+00 2.79035633e-01
  3.68759548e-01 1.26107987e+00 2.52469973e+01 2.75805867e-01
  3.13527680e-01 4.97085998e-01 3.68456548e+01 9.42732005e+02
  3.11795473e-01 1.81074332e+01 2.18738753e+00 5.47736022e-01
  1.40213122e-01 3.85681070e-01 3.60365968e+01 2.77197413e+00
  6.83607775e+01 1.68952698e+00 1.90686284e-01 2.38800336e-01
  2.46069315e+01 9.05068905e-01 2.76143821e-01 3.05531307e+01
  9.55915653e-01 3.51699589e+00 6.31614985e-01 1.54917205e+01
  5.77152839e+00 1.76149360e-01 2.06730397e-01 1.53498750e+00]
 [3.86400635e-01 2.58186322e-01 8.54011978e-01 6.45988673e+00
  1.56712241e-01 2.55946163e+01 1.23540615e-01 1.86720970e+00
  5.71040527e+01 4.38045823e+00 1.41626752e+01 7.79797050e-01
  2.22153860e-01 2.25317017e+00 6.47691265e+00 2.38897009e+03
  1.86528323e+00 2.13115491e+00 5.56539632e+00 4.65705651e+00
  3.13278611e+01 3.37602935e-01 5.66479942e+00 5.50156890e-01
  3.91016663e+02 5.06465056e+00 1.40067519e+00 2.02881026e+00
  1.11153752e+00 2.38680272e+01 4.89167795e-01 1.32210531e+02
  5.94631773e-01 7.00883150e+00 2.77981333e+00 3.75609234e+00
  1.21771956e+02 6.42485679e+01 3.74259555e-01 5.28288768e-01
  6.59925592e-01 3.83131827e-01 1.03614640e+00 2.21666716e+00
  2.98332438e-01 2.48843122e-01 2.85734998e+05 7.38013968e-01
  3.99166239e-01 7.16207120e-01 1.87176288e+00 4.36829893e+00
  2.80187527e+00 1.43829442e+01 4.53595778e+00 2.29924822e+00
  1.83509758e-01 3.14831614e+00 1.71483837e+03 4.16360650e-01
  5.13328815e+00 3.04505083e+00 1.55275454e+00 9.63795685e-01]
 [2.18677109e+00 4.33512236e+00 8.96081128e-01 2.60000381e-01
  4.06718192e-01 1.01553062e+02 1.49748937e-01 2.75975315e-01
  4.05844630e-01 1.51141587e+01 1.09608593e+00 1.53439371e+01
  6.60544496e-01 1.64312848e+03 4.19851125e+00 1.92117723e-01
  2.12161706e+02 7.21184095e-01 1.44804563e+00 8.13516105e-01
  7.13714137e-01 1.01728950e+02 4.43046384e+00 2.64119678e-01
  7.48520954e+00 3.13095461e-01 1.24975453e-01 2.44225244e+00
  2.81545184e-01 9.14754092e-01 1.41183582e+00 2.54505323e+03
  4.52812953e+00 4.68052455e-01 2.03075017e-01 4.16189854e-01
  8.16872804e-02 1.94584587e+00 3.61576405e+00 6.16927415e+00
  1.22755514e+02 9.62423808e+00 9.25300111e-01 2.52335691e+00
  5.56133258e-01 2.43247941e-01 9.37642843e+02 6.65278286e+02
  8.66650356e-02 3.73487388e-01 1.57824488e-01 2.54661955e+00
  7.55766618e-01 1.40472056e+01 3.85496359e-01 1.37949837e+00
  1.51578903e+00 3.64396316e+00 1.22609157e+01 3.58569288e-01
  1.75016602e-01 8.80092098e-01 3.03905059e+00 6.80463272e-01]
 [1.95009871e-01 4.99327749e+00 7.95122675e-01 5.46487424e+00
  5.84875402e-02 2.35165803e+00 5.61312124e-01 1.43101779e-01
  1.93284065e-01 3.18716677e+00 1.16543513e+01 1.78946709e-01
  1.77708923e+00 3.35505456e+00 9.18956842e+00 1.11880923e+01
  9.36231662e+00 4.71509327e-01 1.12814088e+00 9.24720701e+01
  2.89866956e+00 3.82352420e-01 8.78983253e-02 1.18834048e+00
  3.73283002e-01 5.56763455e-01 2.40984160e-01 9.36982245e-01
  6.44961607e+00 1.85366966e+00 1.30358411e+01 1.62505260e+00
  6.75275199e+01 2.98534379e+00 6.74324743e-01 4.06664682e+02
  8.79039627e+00 4.24392751e+02 4.56144300e+00 8.57623495e-01
  3.67649940e+01 1.29262484e+01 2.97018949e+01 6.35244501e-01
  4.28607238e-01 9.42437090e-01 5.77953552e-01 4.10824960e+01
  2.37924421e-01 6.83474217e-01 1.22300048e-01 9.76473676e-02
  3.35794882e-01 1.57217252e+00 5.16914529e-01 1.08353438e-01
  8.97068996e-01 1.08399155e-01 1.47557421e-01 1.40351502e+00
  5.57984324e-01 5.85979413e-01 1.20814931e+00 1.65288705e+00]]
