--------------------------------------------------------------------------
No OpenFabrics connection schemes reported that they were able to be
used on a specific port.  As such, the openib BTL (OpenFabrics
support) will be disabled for this port.

  Local host:           c3cpu-a2-u32-4
  Local device:         mlx5_0
  Local port:           1
  CPCs attempted:       rdmacm, udcm
--------------------------------------------------------------------------
[c3cpu-a2-u32-4.rc.int.colorado.edu:1275327] 63 more processes have sent help message help-mpi-btl-openib-cpc-base.txt / no cpcs for port
[c3cpu-a2-u32-4.rc.int.colorado.edu:1275327] Set MCA parameter "orte_base_help_aggregate" to 0 to see all help / error messages
1
50
2023-11-08 10:05:29
100
2023-11-08 10:06:48
elapsed:  158.6  seconds
150
2023-11-08 10:08:10
200
2023-11-08 10:09:38
elapsed:  329.0  seconds
250
2023-11-08 10:10:54
300
2023-11-08 10:11:56
elapsed:  466.5  seconds
350
2023-11-08 10:13:10
400
2023-11-08 10:14:20
elapsed:  610.6  seconds
450
2023-11-08 10:15:52
500
2023-11-08 10:16:53
elapsed:  763.7  seconds
550
2023-11-08 10:18:14
600
2023-11-08 10:19:25
elapsed:  915.5  seconds
650
2023-11-08 10:20:51
700
2023-11-08 10:22:21
elapsed:  1091.4  seconds
750
2023-11-08 10:23:53
/projects/muyang@colostate.edu/software/anaconda/envs/testenv/lib/python3.11/site-packages/numpy/lib/function_base.py:2455: RuntimeWarning: divide by zero encountered in func (vectorized)
  outputs = ufunc(*inputs)
/projects/muyang@colostate.edu/software/anaconda/envs/testenv/lib/python3.11/site-packages/numpy/lib/function_base.py:2455: RuntimeWarning: invalid value encountered in func (vectorized)
  outputs = ufunc(*inputs)
800
2023-11-08 10:25:25
elapsed:  1275.5  seconds
850
2023-11-08 10:27:03
900
2023-11-08 10:28:35
elapsed:  1465.3  seconds
950
2023-11-08 10:30:06
1000
2023-11-08 10:31:46
elapsed:  1656.5  seconds
/projects/muyang@colostate.edu/software/anaconda/envs/testenv/lib/python3.11/site-packages/numpy/lib/function_base.py:2455: RuntimeWarning: divide by zero encountered in func (vectorized)
  outputs = ufunc(*inputs)
/projects/muyang@colostate.edu/software/anaconda/envs/testenv/lib/python3.11/site-packages/numpy/lib/function_base.py:2455: RuntimeWarning: invalid value encountered in func (vectorized)
  outputs = ufunc(*inputs)
1050
2023-11-08 10:33:29
/projects/muyang@colostate.edu/software/anaconda/envs/testenv/lib/python3.11/site-packages/numpy/lib/function_base.py:2455: RuntimeWarning: divide by zero encountered in func (vectorized)
  outputs = ufunc(*inputs)
/projects/muyang@colostate.edu/software/anaconda/envs/testenv/lib/python3.11/site-packages/numpy/lib/function_base.py:2455: RuntimeWarning: invalid value encountered in func (vectorized)
  outputs = ufunc(*inputs)
1100
2023-11-08 10:35:01
elapsed:  1851.7  seconds
1150
2023-11-08 10:36:29
1200
2023-11-08 10:37:49
elapsed:  2019.9  seconds
1250
2023-11-08 10:39:06
1300
2023-11-08 10:40:24
elapsed:  2174.7  seconds
1350
2023-11-08 10:42:08
1400
2023-11-08 10:43:43
elapsed:  2373.9  seconds
1450
2023-11-08 10:45:25
1500
2023-11-08 10:46:59
elapsed:  2570.2  seconds
1550
2023-11-08 10:48:28
/projects/muyang@colostate.edu/software/anaconda/envs/testenv/lib/python3.11/site-packages/numpy/lib/function_base.py:2455: RuntimeWarning: divide by zero encountered in func (vectorized)
  outputs = ufunc(*inputs)
/projects/muyang@colostate.edu/software/anaconda/envs/testenv/lib/python3.11/site-packages/numpy/lib/function_base.py:2455: RuntimeWarning: invalid value encountered in func (vectorized)
  outputs = ufunc(*inputs)
1600
2023-11-08 10:49:52
elapsed:  2742.4  seconds
/projects/muyang@colostate.edu/software/anaconda/envs/testenv/lib/python3.11/site-packages/numpy/lib/function_base.py:2455: RuntimeWarning: divide by zero encountered in func (vectorized)
  outputs = ufunc(*inputs)
/projects/muyang@colostate.edu/software/anaconda/envs/testenv/lib/python3.11/site-packages/numpy/lib/function_base.py:2455: RuntimeWarning: invalid value encountered in func (vectorized)
  outputs = ufunc(*inputs)
1650
2023-11-08 10:51:34
1700
2023-11-08 10:53:15
elapsed:  2945.6  seconds
/projects/muyang@colostate.edu/software/anaconda/envs/testenv/lib/python3.11/site-packages/numpy/lib/function_base.py:2455: RuntimeWarning: divide by zero encountered in func (vectorized)
  outputs = ufunc(*inputs)
/projects/muyang@colostate.edu/software/anaconda/envs/testenv/lib/python3.11/site-packages/numpy/lib/function_base.py:2455: RuntimeWarning: invalid value encountered in func (vectorized)
  outputs = ufunc(*inputs)
1750
2023-11-08 10:54:46
1800
2023-11-08 10:56:27
elapsed:  3137.9  seconds
1850
2023-11-08 10:57:56
1900
2023-11-08 10:59:42
elapsed:  3332.7  seconds
1950
2023-11-08 11:01:28
2000
2023-11-08 11:03:01
elapsed:  3532.2  seconds
2050
2023-11-08 11:04:42
/projects/muyang@colostate.edu/software/anaconda/envs/testenv/lib/python3.11/site-packages/numpy/lib/function_base.py:2455: RuntimeWarning: divide by zero encountered in func (vectorized)
  outputs = ufunc(*inputs)
/projects/muyang@colostate.edu/software/anaconda/envs/testenv/lib/python3.11/site-packages/numpy/lib/function_base.py:2455: RuntimeWarning: invalid value encountered in func (vectorized)
  outputs = ufunc(*inputs)
/projects/muyang@colostate.edu/software/anaconda/envs/testenv/lib/python3.11/site-packages/numpy/lib/function_base.py:2455: RuntimeWarning: divide by zero encountered in func (vectorized)
  outputs = ufunc(*inputs)
/projects/muyang@colostate.edu/software/anaconda/envs/testenv/lib/python3.11/site-packages/numpy/lib/function_base.py:2455: RuntimeWarning: invalid value encountered in func (vectorized)
  outputs = ufunc(*inputs)
2100
2023-11-08 11:06:25
elapsed:  3735.4  seconds
2150
2023-11-08 11:08:06
2200
2023-11-08 11:09:46
elapsed:  3936.8  seconds
2250
2023-11-08 11:11:25
2300
2023-11-08 11:12:49
elapsed:  4119.2  seconds
/projects/muyang@colostate.edu/software/anaconda/envs/testenv/lib/python3.11/site-packages/numpy/lib/function_base.py:2455: RuntimeWarning: divide by zero encountered in func (vectorized)
  outputs = ufunc(*inputs)
/projects/muyang@colostate.edu/software/anaconda/envs/testenv/lib/python3.11/site-packages/numpy/lib/function_base.py:2455: RuntimeWarning: invalid value encountered in func (vectorized)
  outputs = ufunc(*inputs)
2350
2023-11-08 11:14:26
2400
2023-11-08 11:16:03
elapsed:  4313.5  seconds
2450
2023-11-08 11:17:39
2500
2023-11-08 11:19:12
elapsed:  4502.6  seconds
2550
2023-11-08 11:20:52
/projects/muyang@colostate.edu/software/anaconda/envs/testenv/lib/python3.11/site-packages/numpy/lib/function_base.py:2455: RuntimeWarning: divide by zero encountered in func (vectorized)
  outputs = ufunc(*inputs)
/projects/muyang@colostate.edu/software/anaconda/envs/testenv/lib/python3.11/site-packages/numpy/lib/function_base.py:2455: RuntimeWarning: invalid value encountered in func (vectorized)
  outputs = ufunc(*inputs)
2600
2023-11-08 11:22:27
elapsed:  4697.6  seconds
2650
2023-11-08 11:24:02
2700
2023-11-08 11:25:33
elapsed:  4883.5  seconds
2750
2023-11-08 11:26:53
2800
2023-11-08 11:28:38
elapsed:  5068.4  seconds
2850
2023-11-08 11:30:20
2900
2023-11-08 11:32:04
elapsed:  5275.1  seconds
2950
2023-11-08 11:33:44
3000
2023-11-08 11:35:29
elapsed:  5479.5  seconds
3050
2023-11-08 11:37:10
3100
2023-11-08 11:38:48
elapsed:  5678.9  seconds
3150
2023-11-08 11:40:20
3200
2023-11-08 11:41:55
elapsed:  5865.9  seconds
3250
2023-11-08 11:43:40
3300
2023-11-08 11:45:17
elapsed:  6068.0  seconds
3350
2023-11-08 11:47:00
3400
2023-11-08 11:48:47
elapsed:  6277.3  seconds
/projects/muyang@colostate.edu/software/anaconda/envs/testenv/lib/python3.11/site-packages/numpy/lib/function_base.py:2455: RuntimeWarning: divide by zero encountered in func (vectorized)
  outputs = ufunc(*inputs)
/projects/muyang@colostate.edu/software/anaconda/envs/testenv/lib/python3.11/site-packages/numpy/lib/function_base.py:2455: RuntimeWarning: invalid value encountered in func (vectorized)
  outputs = ufunc(*inputs)
3450
2023-11-08 11:50:35
3500
2023-11-08 11:52:21
elapsed:  6491.9  seconds
3550
2023-11-08 11:54:00
3600
2023-11-08 11:55:50
elapsed:  6700.5  seconds
3650
2023-11-08 11:57:41
3700
2023-11-08 11:59:34
elapsed:  6924.4  seconds
3750
2023-11-08 12:01:22
3800
2023-11-08 12:03:07
elapsed:  7138.0  seconds
/projects/muyang@colostate.edu/software/anaconda/envs/testenv/lib/python3.11/site-packages/numpy/lib/function_base.py:2455: RuntimeWarning: divide by zero encountered in func (vectorized)
  outputs = ufunc(*inputs)
/projects/muyang@colostate.edu/software/anaconda/envs/testenv/lib/python3.11/site-packages/numpy/lib/function_base.py:2455: RuntimeWarning: invalid value encountered in func (vectorized)
  outputs = ufunc(*inputs)
3850
2023-11-08 12:04:52
3900
2023-11-08 12:06:34
elapsed:  7344.8  seconds
3950
2023-11-08 12:08:01
4000
2023-11-08 12:09:22
elapsed:  7513.1  seconds
4050
2023-11-08 12:10:58
/projects/muyang@colostate.edu/software/anaconda/envs/testenv/lib/python3.11/site-packages/numpy/lib/function_base.py:2455: RuntimeWarning: divide by zero encountered in func (vectorized)
  outputs = ufunc(*inputs)
/projects/muyang@colostate.edu/software/anaconda/envs/testenv/lib/python3.11/site-packages/numpy/lib/function_base.py:2455: RuntimeWarning: invalid value encountered in func (vectorized)
  outputs = ufunc(*inputs)
4100
2023-11-08 12:12:45
elapsed:  7715.7  seconds
4150
2023-11-08 12:14:34
4200
2023-11-08 12:16:17
elapsed:  7927.6  seconds
4250
2023-11-08 12:18:03
4300
2023-11-08 12:19:44
elapsed:  8134.8  seconds
4350
2023-11-08 12:21:36
4400
2023-11-08 12:23:27
elapsed:  8357.4  seconds
4450
2023-11-08 12:25:13
4500
2023-11-08 12:26:56
elapsed:  8567.2  seconds
4550
2023-11-08 12:28:47
4600
2023-11-08 12:30:32
elapsed:  8782.8  seconds
4650
2023-11-08 12:32:12
/projects/muyang@colostate.edu/software/anaconda/envs/testenv/lib/python3.11/site-packages/numpy/lib/function_base.py:2455: RuntimeWarning: divide by zero encountered in func (vectorized)
  outputs = ufunc(*inputs)
/projects/muyang@colostate.edu/software/anaconda/envs/testenv/lib/python3.11/site-packages/numpy/lib/function_base.py:2455: RuntimeWarning: invalid value encountered in func (vectorized)
  outputs = ufunc(*inputs)
4700
2023-11-08 12:33:56
elapsed:  8986.8  seconds
4750
2023-11-08 12:35:32
4800
2023-11-08 12:37:06
elapsed:  9176.6  seconds
4850
2023-11-08 12:38:43
4900
2023-11-08 12:40:21
elapsed:  9372.0  seconds
4950
2023-11-08 12:42:21
5000
2023-11-08 12:44:04
elapsed:  9594.5  seconds
5050
2023-11-08 12:45:47
5100
2023-11-08 12:47:28
elapsed:  9798.8  seconds
5150
2023-11-08 12:49:35
5200
2023-11-08 12:51:07
elapsed:  10017.8  seconds
5250
2023-11-08 12:52:50
5300
2023-11-08 12:54:20
elapsed:  10210.4  seconds
5350
2023-11-08 12:55:53
5400
2023-11-08 12:57:44
elapsed:  10415.0  seconds
5450
2023-11-08 12:59:21
5500
2023-11-08 13:01:00
elapsed:  10611.1  seconds
/projects/muyang@colostate.edu/software/anaconda/envs/testenv/lib/python3.11/site-packages/numpy/lib/function_base.py:2455: RuntimeWarning: divide by zero encountered in func (vectorized)
  outputs = ufunc(*inputs)
/projects/muyang@colostate.edu/software/anaconda/envs/testenv/lib/python3.11/site-packages/numpy/lib/function_base.py:2455: RuntimeWarning: invalid value encountered in func (vectorized)
  outputs = ufunc(*inputs)
5550
2023-11-08 13:02:42
/projects/muyang@colostate.edu/software/anaconda/envs/testenv/lib/python3.11/site-packages/numpy/lib/function_base.py:2455: RuntimeWarning: divide by zero encountered in func (vectorized)
  outputs = ufunc(*inputs)
/projects/muyang@colostate.edu/software/anaconda/envs/testenv/lib/python3.11/site-packages/numpy/lib/function_base.py:2455: RuntimeWarning: invalid value encountered in func (vectorized)
  outputs = ufunc(*inputs)
5600
2023-11-08 13:04:16
elapsed:  10806.8  seconds
5650
2023-11-08 13:06:02
5700
2023-11-08 13:07:33
elapsed:  11003.9  seconds
5750
2023-11-08 13:09:10
5800
2023-11-08 13:10:51
elapsed:  11202.0  seconds
/projects/muyang@colostate.edu/software/anaconda/envs/testenv/lib/python3.11/site-packages/numpy/lib/function_base.py:2455: RuntimeWarning: divide by zero encountered in func (vectorized)
  outputs = ufunc(*inputs)
/projects/muyang@colostate.edu/software/anaconda/envs/testenv/lib/python3.11/site-packages/numpy/lib/function_base.py:2455: RuntimeWarning: invalid value encountered in func (vectorized)
  outputs = ufunc(*inputs)
/projects/muyang@colostate.edu/software/anaconda/envs/testenv/lib/python3.11/site-packages/numpy/lib/function_base.py:2455: RuntimeWarning: divide by zero encountered in func (vectorized)
  outputs = ufunc(*inputs)
/projects/muyang@colostate.edu/software/anaconda/envs/testenv/lib/python3.11/site-packages/numpy/lib/function_base.py:2455: RuntimeWarning: invalid value encountered in func (vectorized)
  outputs = ufunc(*inputs)
5850
2023-11-08 13:12:29
5900
2023-11-08 13:13:59
elapsed:  11390.2  seconds
5950
2023-11-08 13:15:34
6000
2023-11-08 13:17:11
elapsed:  11581.5  seconds
6050
2023-11-08 13:18:50
6100
2023-11-08 13:20:18
elapsed:  11769.0  seconds
6150
2023-11-08 13:21:42
6200
2023-11-08 13:23:15
elapsed:  11945.7  seconds
6250
2023-11-08 13:25:02
6300
2023-11-08 13:26:23
elapsed:  12133.7  seconds
6350
2023-11-08 13:28:05
6400
2023-11-08 13:29:24
elapsed:  12315.1  seconds
/projects/muyang@colostate.edu/software/anaconda/envs/testenv/lib/python3.11/site-packages/numpy/lib/function_base.py:2455: RuntimeWarning: divide by zero encountered in func (vectorized)
  outputs = ufunc(*inputs)
/projects/muyang@colostate.edu/software/anaconda/envs/testenv/lib/python3.11/site-packages/numpy/lib/function_base.py:2455: RuntimeWarning: invalid value encountered in func (vectorized)
  outputs = ufunc(*inputs)
6450
2023-11-08 13:31:21
6500
2023-11-08 13:33:02
elapsed:  12532.4  seconds
6550
2023-11-08 13:34:53
6600
2023-11-08 13:36:42
elapsed:  12752.2  seconds
6650
2023-11-08 13:38:33
6700
2023-11-08 13:40:19
elapsed:  12970.1  seconds
6750
2023-11-08 13:42:09
6800
2023-11-08 13:44:04
elapsed:  13194.4  seconds
6850
2023-11-08 13:45:53
/projects/muyang@colostate.edu/software/anaconda/envs/testenv/lib/python3.11/site-packages/numpy/lib/function_base.py:2455: RuntimeWarning: divide by zero encountered in func (vectorized)
  outputs = ufunc(*inputs)
/projects/muyang@colostate.edu/software/anaconda/envs/testenv/lib/python3.11/site-packages/numpy/lib/function_base.py:2455: RuntimeWarning: invalid value encountered in func (vectorized)
  outputs = ufunc(*inputs)
6900
2023-11-08 13:47:39
elapsed:  13409.2  seconds
6950
2023-11-08 13:49:25
7000
2023-11-08 13:51:02
elapsed:  13613.2  seconds
7050
2023-11-08 13:52:58
7100
2023-11-08 13:54:46
elapsed:  13836.7  seconds
7150
2023-11-08 13:56:32
7200
2023-11-08 13:58:24
elapsed:  14055.1  seconds
7250
2023-11-08 14:00:13
7300
2023-11-08 14:01:53
elapsed:  14263.5  seconds
7350
2023-11-08 14:03:46
7400
2023-11-08 14:05:36
elapsed:  14486.8  seconds
/projects/muyang@colostate.edu/software/anaconda/envs/testenv/lib/python3.11/site-packages/numpy/lib/function_base.py:2455: RuntimeWarning: divide by zero encountered in func (vectorized)
  outputs = ufunc(*inputs)
/projects/muyang@colostate.edu/software/anaconda/envs/testenv/lib/python3.11/site-packages/numpy/lib/function_base.py:2455: RuntimeWarning: invalid value encountered in func (vectorized)
  outputs = ufunc(*inputs)
7450
2023-11-08 14:07:27
7500
2023-11-08 14:09:05
elapsed:  14695.5  seconds
7550
2023-11-08 14:10:50
7600
2023-11-08 14:12:37
elapsed:  14907.9  seconds
7650
2023-11-08 14:14:33
7700
2023-11-08 14:16:18
elapsed:  15128.7  seconds
7750
2023-11-08 14:17:56
7800
2023-11-08 14:19:39
elapsed:  15329.6  seconds
7850
2023-11-08 14:21:28
7900
2023-11-08 14:23:08
elapsed:  15539.0  seconds
7950
2023-11-08 14:24:50
8000
2023-11-08 14:26:38
elapsed:  15748.4  seconds
8050
2023-11-08 14:28:33
8100
2023-11-08 14:30:24
elapsed:  15974.8  seconds
8150
2023-11-08 14:32:08
8200
2023-11-08 14:33:49
elapsed:  16180.2  seconds
8250
2023-11-08 14:35:37
8300
2023-11-08 14:37:22
elapsed:  16393.2  seconds
8350
2023-11-08 14:39:06
8400
2023-11-08 14:40:51
elapsed:  16601.2  seconds
8450
2023-11-08 14:42:33
/projects/muyang@colostate.edu/software/anaconda/envs/testenv/lib/python3.11/site-packages/numpy/lib/function_base.py:2455: RuntimeWarning: divide by zero encountered in func (vectorized)
  outputs = ufunc(*inputs)
/projects/muyang@colostate.edu/software/anaconda/envs/testenv/lib/python3.11/site-packages/numpy/lib/function_base.py:2455: RuntimeWarning: invalid value encountered in func (vectorized)
  outputs = ufunc(*inputs)
8500
2023-11-08 14:44:18
elapsed:  16808.4  seconds
8550
2023-11-08 14:45:59
8600
2023-11-08 14:47:36
elapsed:  17006.8  seconds
/projects/muyang@colostate.edu/software/anaconda/envs/testenv/lib/python3.11/site-packages/numpy/lib/function_base.py:2455: RuntimeWarning: divide by zero encountered in func (vectorized)
  outputs = ufunc(*inputs)
/projects/muyang@colostate.edu/software/anaconda/envs/testenv/lib/python3.11/site-packages/numpy/lib/function_base.py:2455: RuntimeWarning: invalid value encountered in func (vectorized)
  outputs = ufunc(*inputs)
8650
2023-11-08 14:49:18
8700
2023-11-08 14:50:56
elapsed:  17207.0  seconds
8750
2023-11-08 14:52:50
8800
2023-11-08 14:54:23
elapsed:  17414.1  seconds
8850
2023-11-08 14:55:58
8900
2023-11-08 14:57:36
elapsed:  17606.3  seconds
8950
2023-11-08 14:59:23
9000
2023-11-08 15:01:06
elapsed:  17816.7  seconds
9050
2023-11-08 15:02:51
9100
2023-11-08 15:04:24
elapsed:  18014.8  seconds
9150
2023-11-08 15:05:57
9200
2023-11-08 15:07:26
elapsed:  18197.0  seconds
9250
2023-11-08 15:09:14
9300
2023-11-08 15:11:00
elapsed:  18410.9  seconds
9350
2023-11-08 15:12:47
9400
2023-11-08 15:14:28
elapsed:  18618.8  seconds
9450
2023-11-08 15:16:00
9500
2023-11-08 15:17:41
elapsed:  18811.2  seconds
9550
2023-11-08 15:19:28
9600
2023-11-08 15:21:07
elapsed:  19017.3  seconds
9650
2023-11-08 15:22:56
9700
2023-11-08 15:24:40
elapsed:  19231.2  seconds
9750
2023-11-08 15:26:10
9800
2023-11-08 15:27:53
elapsed:  19423.4  seconds
9850
2023-11-08 15:29:28
9900
2023-11-08 15:31:02
elapsed:  19612.3  seconds
9950
2023-11-08 15:32:42
10000
2023-11-08 15:34:24
elapsed:  19814.4  seconds
10050
2023-11-08 15:36:12
10100
2023-11-08 15:37:44
elapsed:  20014.9  seconds
10150
2023-11-08 15:39:24
10200
2023-11-08 15:41:08
elapsed:  20219.0  seconds
10250
2023-11-08 15:42:49
10300
2023-11-08 15:44:30
elapsed:  20420.5  seconds
10350
2023-11-08 15:46:10
10400
2023-11-08 15:47:53
elapsed:  20624.2  seconds
10450
2023-11-08 15:49:24
10500
2023-11-08 15:51:08
elapsed:  20818.4  seconds
10550
2023-11-08 15:52:52
10600
2023-11-08 15:54:33
elapsed:  21023.6  seconds
10650
2023-11-08 15:56:03
10700
2023-11-08 15:57:45
elapsed:  21215.7  seconds
10750
2023-11-08 15:59:27
10800
2023-11-08 16:01:06
elapsed:  21417.1  seconds
10850
2023-11-08 16:02:45
10900
2023-11-08 16:04:32
elapsed:  21623.2  seconds
10950
2023-11-08 16:06:19
11000
2023-11-08 16:07:56
elapsed:  21826.4  seconds
11050
2023-11-08 16:09:39
11100
2023-11-08 16:11:26
elapsed:  22036.5  seconds
11150
2023-11-08 16:13:11
11200
2023-11-08 16:14:54
elapsed:  22244.7  seconds
/projects/muyang@colostate.edu/software/anaconda/envs/testenv/lib/python3.11/site-packages/numpy/lib/function_base.py:2455: RuntimeWarning: divide by zero encountered in func (vectorized)
  outputs = ufunc(*inputs)
/projects/muyang@colostate.edu/software/anaconda/envs/testenv/lib/python3.11/site-packages/numpy/lib/function_base.py:2455: RuntimeWarning: invalid value encountered in func (vectorized)
  outputs = ufunc(*inputs)
11250
2023-11-08 16:16:33
11300
2023-11-08 16:18:05
elapsed:  22436.1  seconds
11350
2023-11-08 16:19:47
11400
2023-11-08 16:21:27
elapsed:  22637.9  seconds
11450
2023-11-08 16:23:10
11500
2023-11-08 16:25:02
elapsed:  22852.5  seconds
11550
2023-11-08 16:26:44
11600
2023-11-08 16:28:21
elapsed:  23051.8  seconds
11650
2023-11-08 16:30:16
11700
2023-11-08 16:31:58
elapsed:  23268.5  seconds
11750
2023-11-08 16:33:27
11800
2023-11-08 16:35:04
elapsed:  23454.3  seconds
11850
2023-11-08 16:36:28
11900
2023-11-08 16:38:10
elapsed:  23640.5  seconds
11950
2023-11-08 16:39:58
12000
2023-11-08 16:41:38
elapsed:  23848.4  seconds
12050
2023-11-08 16:43:17
12100
2023-11-08 16:44:57
elapsed:  24048.0  seconds
12150
2023-11-08 16:46:44
12200
2023-11-08 16:48:32
elapsed:  24263.1  seconds
12250
2023-11-08 16:50:09
12300
2023-11-08 16:51:41
elapsed:  24451.4  seconds
12350
2023-11-08 16:53:31
/projects/muyang@colostate.edu/software/anaconda/envs/testenv/lib/python3.11/site-packages/numpy/lib/function_base.py:2455: RuntimeWarning: divide by zero encountered in func (vectorized)
  outputs = ufunc(*inputs)
/projects/muyang@colostate.edu/software/anaconda/envs/testenv/lib/python3.11/site-packages/numpy/lib/function_base.py:2455: RuntimeWarning: invalid value encountered in func (vectorized)
  outputs = ufunc(*inputs)
12400
2023-11-08 16:55:13
elapsed:  24664.0  seconds
12450
2023-11-08 16:56:53
12500
2023-11-08 16:58:42
elapsed:  24872.8  seconds
12550
2023-11-08 17:00:34
12600
2023-11-08 17:02:16
elapsed:  25086.3  seconds
12650
2023-11-08 17:04:04
12700
2023-11-08 17:05:44
elapsed:  25294.6  seconds
12750
2023-11-08 17:07:24
12800
2023-11-08 17:08:58
elapsed:  25488.5  seconds
12850
2023-11-08 17:10:35
12900
2023-11-08 17:12:15
elapsed:  25685.8  seconds
/projects/muyang@colostate.edu/software/anaconda/envs/testenv/lib/python3.11/site-packages/numpy/lib/function_base.py:2455: RuntimeWarning: divide by zero encountered in func (vectorized)
  outputs = ufunc(*inputs)
/projects/muyang@colostate.edu/software/anaconda/envs/testenv/lib/python3.11/site-packages/numpy/lib/function_base.py:2455: RuntimeWarning: invalid value encountered in func (vectorized)
  outputs = ufunc(*inputs)
12950
2023-11-08 17:14:03
13000
2023-11-08 17:15:42
elapsed:  25892.7  seconds
13050
2023-11-08 17:17:27
13100
2023-11-08 17:19:14
elapsed:  26104.8  seconds
13150
2023-11-08 17:20:59
13200
2023-11-08 17:22:34
elapsed:  26304.4  seconds
13250
2023-11-08 17:24:20
13300
2023-11-08 17:26:03
elapsed:  26514.0  seconds
13350
2023-11-08 17:27:34
13400
2023-11-08 17:29:23
elapsed:  26713.4  seconds
13450
2023-11-08 17:30:53
13500
2023-11-08 17:32:37
elapsed:  26907.6  seconds
13550
2023-11-08 17:34:26
13600
2023-11-08 17:36:11
elapsed:  27121.8  seconds
13650
2023-11-08 17:38:00
13700
2023-11-08 17:39:44
elapsed:  27334.3  seconds
13750
2023-11-08 17:41:34
13800
2023-11-08 17:43:13
elapsed:  27543.3  seconds
13850
2023-11-08 17:44:55
13900
2023-11-08 17:46:17
elapsed:  27727.3  seconds
13950
2023-11-08 17:47:55
14000
2023-11-08 17:49:32
elapsed:  27922.7  seconds
14050
2023-11-08 17:51:14
14100
2023-11-08 17:52:52
elapsed:  28122.4  seconds
14150
2023-11-08 17:54:39
14200
2023-11-08 17:56:15
elapsed:  28325.4  seconds
14250
2023-11-08 17:57:51
14300
2023-11-08 17:59:28
elapsed:  28518.3  seconds
14350
2023-11-08 18:01:16
/projects/muyang@colostate.edu/software/anaconda/envs/testenv/lib/python3.11/site-packages/numpy/lib/function_base.py:2455: RuntimeWarning: divide by zero encountered in func (vectorized)
  outputs = ufunc(*inputs)
/projects/muyang@colostate.edu/software/anaconda/envs/testenv/lib/python3.11/site-packages/numpy/lib/function_base.py:2455: RuntimeWarning: invalid value encountered in func (vectorized)
  outputs = ufunc(*inputs)
14400
2023-11-08 18:02:57
elapsed:  28727.2  seconds
14450
2023-11-08 18:04:36
14500
2023-11-08 18:06:16
elapsed:  28926.7  seconds
14550
2023-11-08 18:07:54
14600
2023-11-08 18:09:18
elapsed:  29109.0  seconds
14650
2023-11-08 18:11:06
14700
2023-11-08 18:12:50
elapsed:  29320.6  seconds
14750
2023-11-08 18:14:38
14800
2023-11-08 18:16:21
elapsed:  29531.9  seconds
14850
2023-11-08 18:18:05
14900
2023-11-08 18:19:51
elapsed:  29741.4  seconds
/projects/muyang@colostate.edu/software/anaconda/envs/testenv/lib/python3.11/site-packages/numpy/lib/function_base.py:2455: RuntimeWarning: divide by zero encountered in func (vectorized)
  outputs = ufunc(*inputs)
/projects/muyang@colostate.edu/software/anaconda/envs/testenv/lib/python3.11/site-packages/numpy/lib/function_base.py:2455: RuntimeWarning: invalid value encountered in func (vectorized)
  outputs = ufunc(*inputs)
14950
2023-11-08 18:21:41
elapsed:  29942.8  seconds
total time:  29947.0  seconds
true R:  [[4.65838174e-01 2.11753351e-01 6.03172336e-01 2.16151243e+00
  5.90369340e-01 2.15583910e-01 1.59694137e-01 3.53244237e-01
  4.92105978e-01 8.33702296e-01 2.25780660e-01 4.28555027e-01
  1.02196925e+00 5.10526253e-01 5.45632404e-01 1.32027958e+00
  1.45393312e+00 6.89065762e-02 2.58896870e+00 3.54393940e+00
  3.36903455e-01 3.18079631e+00 4.07263473e-01 1.59700222e-01
  8.16644367e-02 1.72490010e-01 5.22922311e+02 1.55618331e+00
  2.90638385e+00 1.77750496e+00 2.35899385e-01 6.85710559e-01
  2.52195623e+00 2.19386522e+00 3.73446550e-01 2.23674538e+00
  6.11561905e+00 1.42480327e-01 8.30802331e+00 1.91176517e-01
  6.08140823e+00 1.70504009e+01 5.19164712e-01 6.49797782e+00
  5.80229427e-01 4.63506394e-01 6.93109198e-01 2.44137043e+00
  5.52646016e+01 6.79143172e-01 4.25367957e+01 4.55960468e+00
  2.39025913e-01 4.31880179e-01 1.70789659e-01 1.70097415e-01
  1.73462103e+02 9.47379862e+01 7.45797832e+00 2.13583753e-01
  8.93684060e-01 5.37575050e-01 1.23698219e-01 3.90880983e-01]
 [4.91974229e-01 3.23573590e+00 1.56444465e+00 1.89612317e+00
  5.49226908e-01 2.41331899e+00 1.57377186e+00 1.60491176e+02
  3.20279675e+01 1.69339223e-01 7.21704969e+00 1.49165838e+00
  1.21304086e+00 2.46405535e+00 6.59282384e+00 1.54552643e+02
  1.09983583e+01 8.27561503e-01 1.45342576e+00 1.46157378e+00
  1.87830849e-01 9.14611776e-02 6.86993005e+00 5.66300390e-02
  5.92905240e-01 4.15034468e+00 9.42079837e-01 2.77951670e-01
  2.12391010e+00 1.27418083e+03 1.54632948e+01 4.31265098e+00
  8.83624310e-01 1.28443040e+00 4.85390055e-01 5.22816713e+00
  2.75178142e-01 1.87461941e+01 1.17342164e+02 1.81556662e+00
  7.35427426e-01 1.82595263e+00 1.04020838e-01 1.13409710e-01
  4.01612014e-01 1.45895683e+00 8.48835880e-01 9.37163281e+01
  2.60617110e+00 1.76384235e+00 2.88684010e-01 2.15738423e+01
  2.84761827e+00 1.05662274e-01 3.59885127e+03 7.17101762e-01
  4.86296655e+00 1.28682529e+01 1.82779333e+00 2.01281884e+00
  2.72316267e-01 3.87689478e+00 1.30874994e-01 3.23527088e-01]
 [1.74398582e+00 4.16331418e+00 2.08773281e+00 4.63482476e-01
  3.81364845e+01 1.26519687e+00 3.46686677e-01 3.23738302e-01
  2.14932980e+01 1.82187894e+00 2.27769699e+00 8.78023275e-01
  3.58638905e-01 2.79609099e+01 4.86215482e-01 6.62325749e-01
  1.97554204e+02 4.14339713e-01 1.53365503e+00 1.56357936e+00
  2.87986296e+00 7.30912985e+01 2.24601977e-01 1.47804362e+00
  2.10112678e-01 2.42470042e+03 3.14736605e+02 2.05554179e+00
  2.01039284e+00 1.46685921e-01 2.50257523e-01 3.53064528e-01
  1.57841169e+01 5.18974871e-01 3.27301812e+01 1.74216884e-01
  2.62612533e-01 1.89025653e+00 9.97721671e+01 2.03331773e-01
  1.07975469e+00 8.42375579e+02 8.65249244e+00 1.58592907e+00
  1.83662564e-01 7.71226942e-01 3.45460786e-01 9.00254573e+00
  5.86886697e-01 3.03659059e+00 5.54607627e-01 1.26371289e-01
  9.64647915e-02 5.28035490e-01 2.68168054e+01 2.57949657e+01
  6.11138284e-02 1.17803170e+00 2.36693679e+01 6.26071611e+01
  2.48171668e+01 5.88941947e-01 2.04641789e-01 6.01572678e-01]
 [8.28599509e-01 4.79535583e+00 4.81994664e-01 6.53562885e+00
  1.17205472e+00 5.20838909e+00 3.13871233e+02 7.42391863e-01
  4.44239990e-01 8.23083149e-01 2.93217052e-01 3.31157489e+04
  5.48914769e-01 1.05084814e+00 1.94614417e+01 1.51756808e+00
  1.09215736e-01 3.18804995e+00 2.33514381e-01 1.51517512e-01
  4.31578856e-01 1.02138195e+02 2.83093031e+01 5.30651866e-01
  4.36516006e+00 9.76914040e-01 4.21365677e+00 1.46480351e-01
  1.96433531e+00 2.39910798e-01 4.07532923e+01 2.21960273e+00
  2.10162484e+00 1.09724710e+00 1.75622385e+01 4.71418111e-01
  9.14926254e+03 2.38566704e-01 1.30701059e-01 3.02958914e+00
  1.57670009e+00 2.22416708e+00 1.24162498e+00 5.03632285e-01
  1.74416498e+01 4.97938602e-01 5.67499517e-01 1.04816597e+00
  7.00792111e-01 5.57632773e-01 6.64793391e-01 1.27662751e+00
  7.45367754e-01 2.08311481e+00 4.27088035e-01 3.15465998e+01
  5.24692590e-01 2.18693912e+00 3.00861830e+01 9.08197431e-01
  2.34815650e-01 3.40341226e-01 2.52060106e-01 1.09095447e+00]
 [7.18891986e+00 1.58387822e+00 1.25674343e-01 8.38727561e-01
  2.22465374e+00 5.12689261e+00 1.74912391e-01 1.01864039e+00
  1.33557854e+01 1.64067955e+00 2.38383339e+01 6.08910284e+00
  3.54121767e+00 9.15225631e-01 2.80293143e+00 2.66524294e-01
  1.95644740e-01 1.58554410e+01 5.10991814e-01 5.25556502e+01
  2.20934419e+00 7.26276218e-01 4.07445327e+00 1.72619975e+02
  6.51281750e-01 1.48966156e+00 5.35335154e-01 7.53806561e+01
  2.70163567e+00 5.39215263e-01 1.05478381e+01 8.90947729e-01
  1.24143162e+00 1.03753102e+00 1.44553620e+00 2.85253785e-01
  1.17455580e+00 7.97903553e-02 8.43715474e+02 7.61193867e-01
  1.66461330e-01 1.09421811e-01 4.64893176e+00 1.79885229e+00
  8.14730755e+01 1.66592806e-01 6.53800376e-01 2.57922638e+00
  2.03903871e-01 4.95864430e-01 7.91328257e-01 1.51477994e-01
  3.70091836e+04 5.93285517e+01 7.19176835e+00 2.81258217e+00
  6.05196633e+00 3.15054934e+02 1.08783473e+01 8.48607448e-02
  2.18084158e+03 2.09238811e+01 2.39505282e+00 2.43260246e-01]
 [2.36694763e+00 2.29026353e-01 1.78991348e+01 1.40013530e+01
  7.26241443e-01 3.55316167e-01 8.31810480e+00 1.43665212e+01
  7.74024965e-01 5.35106449e+00 1.44569785e-01 6.87184137e-01
  5.57944790e-01 1.04529238e+00 1.97287694e-01 5.12126906e+04
  2.70023175e-01 2.35546251e-01 2.81191511e+00 4.42853332e-01
  2.98160802e+00 3.19105275e-01 4.83808768e-01 1.97257482e+00
  5.04343428e-01 6.81708038e-01 8.43529592e+02 2.88011271e-01
  1.11878205e-01 4.00438483e-01 2.41189692e+00 3.77287637e+00
  3.73000007e-01 9.39677842e+01 7.30523329e-01 1.27346714e+00
  3.46745523e+00 3.08800216e+03 4.95011804e+00 1.40889017e-01
  4.10756669e+00 1.31464188e+01 1.53540809e+00 1.52956154e+00
  1.40214008e+00 5.78017271e+00 1.20386865e+00 3.86999132e+02
  1.14288484e+00 1.78192728e+03 1.57990097e+01 2.90774931e-01
  1.65543642e-01 2.01284088e-01 9.64083811e+00 1.35678174e-01
  6.80991605e-01 1.35005317e+00 1.56613477e+01 5.41550989e-01
  1.44764999e+00 5.34398884e+01 3.05921972e+00 1.93953645e-01]
 [4.55125103e+01 3.39502190e+01 1.86600884e+03 8.85434837e-02
  1.07994084e+00 4.39815710e-01 3.26978345e-01 4.35228055e+01
  8.56669790e-02 3.71549952e+00 3.14600391e+00 4.11191148e+01
  1.14653536e+00 1.00301712e+01 8.10751954e-01 1.45701525e+00
  2.56340708e+01 5.94931864e+00 4.89677180e-01 8.58099977e-01
  1.11494662e+01 1.95620346e+00 1.13163037e+00 7.32741137e+00
  1.52638999e-01 9.51766264e-01 2.00797569e-01 1.18281219e+00
  1.38279592e-01 3.05873884e-01 2.54553681e+01 9.13980210e+00
  1.14030028e+00 4.61543238e-01 6.26044838e-01 2.83076911e+01
  1.31507998e-01 1.12774052e-01 8.42304293e-01 8.57178093e-01
  8.36674461e-01 5.58669152e-01 4.44082383e+00 1.17753845e-01
  1.43684476e+00 1.18317077e+01 1.11610046e+00 3.40381104e+01
  1.20946096e+00 1.92121775e+01 8.73484358e-02 1.80065695e+01
  5.76972424e-01 1.55965832e+00 4.74077458e-01 2.14285441e-01
  1.48072088e+00 5.13600128e-01 3.82097977e-01 1.62817035e+03
  1.86222984e-01 2.04748505e-01 3.46678695e+00 7.85686088e+00]
 [3.37806360e-01 1.44259919e-01 3.84468415e-01 3.84066260e-01
  1.17559711e+00 2.00672679e+02 2.35917509e-01 2.07505447e+00
  1.40489924e-01 2.30334376e+01 6.16933478e-02 2.51927611e-01
  2.67871937e-01 2.04634122e-01 9.45540744e-02 2.03568167e+00
  5.08110508e-01 4.52782637e-01 2.19615322e+00 7.36192647e-01
  2.09758695e-01 1.46222758e-01 6.96054872e-01 1.09630799e+00
  4.13040756e+01 8.19331532e-01 3.18182564e+01 3.86840156e-01
  1.67090133e+00 2.56719685e+00 8.65173597e-01 9.53235108e-01
  1.88979753e-01 4.07228420e+02 2.80785057e-01 4.27197816e+00
  4.45811343e-01 5.31091241e+02 1.28436535e-01 2.08908995e-01
  1.96704446e+00 5.94887557e+01 2.41028355e+00 7.10638784e+00
  4.00704832e+02 1.27458375e-01 1.26084232e+00 9.87027073e-02
  2.59104830e+01 7.22741869e+02 2.35516842e-01 1.53064833e+00
  1.08119194e+00 7.15643029e+00 4.40870538e-01 4.39574433e-01
  1.34394142e+00 1.98892025e+00 1.93181340e+00 1.39429675e+00
  2.06895785e-01 1.12462963e+01 4.34368516e-01 1.10337609e-01]
 [1.41497120e-01 4.02430982e-01 1.65110528e-01 1.05753693e+00
  2.17056849e-01 4.84879524e-01 2.87089798e+00 7.87439512e-02
  4.45805216e+00 1.41630264e-01 7.44296419e+00 4.40763766e+00
  1.13239828e+01 1.46886118e-01 2.11924056e+00 4.97535834e+00
  2.23153255e+00 1.44155773e-01 5.65054976e+00 1.28953857e+00
  3.29646967e+00 4.89109937e+01 6.75174111e-01 1.35805564e+01
  9.82851205e-01 8.07488072e-02 2.40324825e-01 3.02308416e+00
  1.30746802e-01 2.28995933e+00 7.31230992e-02 1.46592494e+00
  3.61958471e+00 1.76030082e-01 2.78228674e+01 4.17157557e-01
  5.14418896e-01 2.62129010e-01 3.64750685e+00 7.74586811e-01
  4.09127534e-01 6.72522781e-01 1.53870178e+00 4.96977377e-01
  5.64213273e+00 2.32639419e+00 9.25055667e-02 1.09129943e-01
  1.01922825e+00 6.64109206e-01 8.70621237e-01 8.65284583e-01
  9.58086748e-01 8.09316338e-01 3.09746571e+00 9.60740501e+00
  8.73079175e-01 7.27157710e+00 2.10937619e-01 4.56700713e-01
  3.85849517e+00 1.93708312e+00 2.04224647e+00 3.59032740e-01]]
