1
50
2023-11-11 22:35:06
100
2023-11-11 22:36:52
elapsed:  225.6  seconds
150
2023-11-11 22:38:53
200
2023-11-11 22:40:57
elapsed:  470.2  seconds
250
2023-11-11 22:43:01
300
2023-11-11 22:45:06
elapsed:  719.8  seconds
350
2023-11-11 22:47:12
400
2023-11-11 22:49:17
elapsed:  970.8  seconds
450
2023-11-11 22:51:24
500
2023-11-11 22:53:28
elapsed:  1221.3  seconds
550
2023-11-11 22:55:34
600
2023-11-11 22:57:38
elapsed:  1471.1  seconds
650
2023-11-11 22:59:42
700
2023-11-11 23:01:45
elapsed:  1718.5  seconds
750
2023-11-11 23:03:50
800
2023-11-11 23:05:52
elapsed:  1965.6  seconds
850
2023-11-11 23:07:57
900
2023-11-11 23:10:01
elapsed:  2214.8  seconds
950
2023-11-11 23:12:07
1000
2023-11-11 23:14:10
elapsed:  2463.9  seconds
1050
2023-11-11 23:16:16
1100
2023-11-11 23:18:19
elapsed:  2712.8  seconds
1150
2023-11-11 23:20:25
1200
2023-11-11 23:22:28
elapsed:  2961.9  seconds
1250
2023-11-11 23:24:35
1300
2023-11-11 23:26:38
elapsed:  3212.1  seconds
1350
2023-11-11 23:28:45
1400
2023-11-11 23:30:49
elapsed:  3463.0  seconds
1450
2023-11-11 23:32:57
1500
2023-11-11 23:35:01
elapsed:  3714.3  seconds
1550
2023-11-11 23:37:08
1600
2023-11-11 23:39:12
elapsed:  3965.9  seconds
1650
2023-11-11 23:41:18
1700
2023-11-11 23:43:18
elapsed:  4211.7  seconds
1750
2023-11-11 23:45:20
1800
2023-11-11 23:47:24
elapsed:  4457.3  seconds
1850
2023-11-11 23:49:30
1900
2023-11-11 23:51:35
elapsed:  4708.2  seconds
1950
2023-11-11 23:53:40
2000
2023-11-11 23:55:44
elapsed:  4957.8  seconds
2050
2023-11-11 23:57:50
2100
2023-11-11 23:59:51
elapsed:  5204.2  seconds
2150
2023-11-12 00:01:57
2200
2023-11-12 00:04:02
elapsed:  5455.5  seconds
2250
2023-11-12 00:06:08
2300
2023-11-12 00:08:12
elapsed:  5705.7  seconds
2350
2023-11-12 00:10:17
2400
2023-11-12 00:12:20
elapsed:  5953.3  seconds
2450
2023-11-12 00:14:26
2500
2023-11-12 00:16:30
elapsed:  6203.6  seconds
2550
2023-11-12 00:18:36
2600
2023-11-12 00:20:40
elapsed:  6453.8  seconds
2650
2023-11-12 00:22:46
2700
2023-11-12 00:24:49
elapsed:  6702.5  seconds
2750
2023-11-12 00:26:54
2800
2023-11-12 00:28:57
elapsed:  6950.4  seconds
2850
2023-11-12 00:31:02
2900
2023-11-12 00:33:06
elapsed:  7199.5  seconds
2950
2023-11-12 00:35:12
3000
2023-11-12 00:37:17
elapsed:  7451.1  seconds
3050
2023-11-12 00:39:24
3100
2023-11-12 00:41:25
elapsed:  7698.2  seconds
3150
2023-11-12 00:43:30
3200
2023-11-12 00:45:34
elapsed:  7947.8  seconds
3250
2023-11-12 00:47:39
3300
2023-11-12 00:49:43
elapsed:  8196.3  seconds
3350
2023-11-12 00:51:49
3400
2023-11-12 00:53:54
elapsed:  8447.4  seconds
3450
2023-11-12 00:55:55
3500
2023-11-12 00:57:57
elapsed:  8690.2  seconds
3550
2023-11-12 01:00:00
3600
2023-11-12 01:02:04
elapsed:  8937.9  seconds
3650
2023-11-12 01:04:10
3700
2023-11-12 01:06:14
elapsed:  9187.3  seconds
3750
2023-11-12 01:08:20
3800
2023-11-12 01:10:20
elapsed:  9433.9  seconds
3850
2023-11-12 01:12:27
3900
2023-11-12 01:14:30
elapsed:  9683.5  seconds
3950
2023-11-12 01:16:33
4000
2023-11-12 01:18:34
elapsed:  9928.0  seconds
4050
2023-11-12 01:20:41
4100
2023-11-12 01:22:44
elapsed:  10177.5  seconds
4150
2023-11-12 01:24:50
4200
2023-11-12 01:26:53
elapsed:  10426.4  seconds
4250
2023-11-12 01:28:58
4300
2023-11-12 01:31:03
elapsed:  10676.1  seconds
4350
2023-11-12 01:33:08
4400
2023-11-12 01:35:11
elapsed:  10924.8  seconds
4450
2023-11-12 01:37:16
4500
2023-11-12 01:39:18
elapsed:  11172.1  seconds
4550
2023-11-12 01:41:23
4600
2023-11-12 01:43:25
elapsed:  11418.6  seconds
4650
2023-11-12 01:45:30
4700
2023-11-12 01:47:34
elapsed:  11667.4  seconds
4750
2023-11-12 01:49:40
4800
2023-11-12 01:51:43
elapsed:  11916.4  seconds
4850
2023-11-12 01:53:44
4900
2023-11-12 01:55:47
elapsed:  12161.1  seconds
4950
2023-11-12 01:57:53
5000
2023-11-12 01:59:56
elapsed:  12410.0  seconds
5050
2023-11-12 02:02:03
5100
2023-11-12 02:04:06
elapsed:  12659.8  seconds
5150
2023-11-12 02:06:13
5200
2023-11-12 02:08:17
elapsed:  12910.1  seconds
5250
2023-11-12 02:10:22
5300
2023-11-12 02:12:26
elapsed:  13159.2  seconds
5350
2023-11-12 02:14:28
5400
2023-11-12 02:16:32
elapsed:  13405.5  seconds
5450
2023-11-12 02:18:38
5500
2023-11-12 02:20:42
elapsed:  13656.0  seconds
5550
2023-11-12 02:22:47
5600
2023-11-12 02:24:50
elapsed:  13903.5  seconds
5650
2023-11-12 02:26:55
5700
2023-11-12 02:29:00
elapsed:  14153.3  seconds
5750
2023-11-12 02:31:05
5800
2023-11-12 02:33:06
elapsed:  14399.9  seconds
5850
2023-11-12 02:35:12
5900
2023-11-12 02:37:14
elapsed:  14647.6  seconds
5950
2023-11-12 02:39:20
6000
2023-11-12 02:41:23
elapsed:  14897.0  seconds
6050
2023-11-12 02:43:30
6100
2023-11-12 02:45:35
elapsed:  15148.8  seconds
6150
2023-11-12 02:47:42
6200
2023-11-12 02:49:45
elapsed:  15398.8  seconds
6250
2023-11-12 02:51:50
6300
2023-11-12 02:53:55
elapsed:  15648.6  seconds
6350
2023-11-12 02:56:01
6400
2023-11-12 02:58:04
elapsed:  15897.3  seconds
6450
2023-11-12 03:00:06
6500
2023-11-12 03:02:04
elapsed:  16137.1  seconds
6550
2023-11-12 03:04:08
6600
2023-11-12 03:06:13
elapsed:  16386.7  seconds
6650
2023-11-12 03:08:20
6700
2023-11-12 03:10:24
elapsed:  16637.7  seconds
6750
2023-11-12 03:12:28
6800
2023-11-12 03:14:28
elapsed:  16881.7  seconds
6850
2023-11-12 03:16:30
6900
2023-11-12 03:18:33
elapsed:  17126.4  seconds
6950
2023-11-12 03:20:38
7000
2023-11-12 03:22:42
elapsed:  17375.4  seconds
7050
2023-11-12 03:24:48
7100
2023-11-12 03:26:52
elapsed:  17625.3  seconds
7150
2023-11-12 03:28:55
7200
2023-11-12 03:30:59
elapsed:  17872.5  seconds
7250
2023-11-12 03:33:05
7300
2023-11-12 03:35:10
elapsed:  18123.8  seconds
7350
2023-11-12 03:37:15
7400
2023-11-12 03:39:20
elapsed:  18373.1  seconds
7450
2023-11-12 03:41:24
7500
2023-11-12 03:43:28
elapsed:  18621.5  seconds
7550
2023-11-12 03:45:34
7600
2023-11-12 03:47:38
elapsed:  18871.2  seconds
7650
2023-11-12 03:49:43
7700
2023-11-12 03:51:47
elapsed:  19120.9  seconds
7750
2023-11-12 03:53:53
7800
2023-11-12 03:55:57
elapsed:  19371.0  seconds
7850
2023-11-12 03:58:04
7900
2023-11-12 04:00:07
elapsed:  19621.1  seconds
7950
2023-11-12 04:02:13
8000
2023-11-12 04:04:18
elapsed:  19871.4  seconds
8050
2023-11-12 04:06:25
8100
2023-11-12 04:08:29
elapsed:  20122.9  seconds
8150
2023-11-12 04:10:34
8200
2023-11-12 04:12:38
elapsed:  20371.2  seconds
8250
2023-11-12 04:14:43
8300
2023-11-12 04:16:46
elapsed:  20620.0  seconds
8350
2023-11-12 04:18:51
8400
2023-11-12 04:20:55
elapsed:  20869.1  seconds
8450
2023-11-12 04:23:02
8500
2023-11-12 04:25:04
elapsed:  21117.3  seconds
8550
2023-11-12 04:27:06
8600
2023-11-12 04:29:05
elapsed:  21358.5  seconds
8650
2023-11-12 04:31:04
8700
2023-11-12 04:33:06
elapsed:  21599.8  seconds
8750
2023-11-12 04:35:12
8800
2023-11-12 04:37:17
elapsed:  21850.2  seconds
8850
2023-11-12 04:39:22
8900
2023-11-12 04:41:27
elapsed:  22100.4  seconds
/projects/muyang@colostate.edu/software/anaconda/envs/testenv/lib/python3.11/site-packages/numpy/lib/function_base.py:2455: RuntimeWarning: divide by zero encountered in func (vectorized)
  outputs = ufunc(*inputs)
/projects/muyang@colostate.edu/software/anaconda/envs/testenv/lib/python3.11/site-packages/numpy/lib/function_base.py:2455: RuntimeWarning: invalid value encountered in func (vectorized)
  outputs = ufunc(*inputs)
8950
2023-11-12 04:43:32
9000
2023-11-12 04:45:34
elapsed:  22347.8  seconds
9050
2023-11-12 04:47:38
9100
2023-11-12 04:49:43
elapsed:  22596.7  seconds
9150
2023-11-12 04:51:50
9200
2023-11-12 04:53:54
elapsed:  22847.2  seconds
9250
2023-11-12 04:55:56
9300
2023-11-12 04:57:58
elapsed:  23091.1  seconds
9350
2023-11-12 05:00:03
9400
2023-11-12 05:02:07
elapsed:  23340.5  seconds
9450
2023-11-12 05:04:13
9500
2023-11-12 05:06:17
elapsed:  23591.0  seconds
9550
2023-11-12 05:08:23
9600
2023-11-12 05:10:27
elapsed:  23840.6  seconds
9650
2023-11-12 05:12:32
9700
2023-11-12 05:14:35
elapsed:  24088.2  seconds
9750
2023-11-12 05:16:41
9800
2023-11-12 05:18:43
elapsed:  24337.0  seconds
9850
2023-11-12 05:20:49
9900
2023-11-12 05:22:52
elapsed:  24585.4  seconds
9950
2023-11-12 05:24:57
10000
2023-11-12 05:26:59
elapsed:  24832.5  seconds
10050
2023-11-12 05:29:03
10100
2023-11-12 05:31:05
elapsed:  25079.1  seconds
10150
2023-11-12 05:33:12
10200
2023-11-12 05:35:14
elapsed:  25328.1  seconds
10250
2023-11-12 05:37:20
10300
2023-11-12 05:39:22
elapsed:  25575.7  seconds
10350
2023-11-12 05:41:28
10400
2023-11-12 05:43:31
elapsed:  25824.5  seconds
10450
2023-11-12 05:45:37
10500
2023-11-12 05:47:37
elapsed:  26070.7  seconds
10550
2023-11-12 05:49:39
10600
2023-11-12 05:51:44
elapsed:  26317.5  seconds
10650
2023-11-12 05:53:50
10700
2023-11-12 05:55:52
elapsed:  26566.0  seconds
10750
2023-11-12 05:57:56
10800
2023-11-12 05:59:58
elapsed:  26811.2  seconds
10850
2023-11-12 06:02:03
10900
2023-11-12 06:04:07
elapsed:  27060.7  seconds
10950
2023-11-12 06:06:13
11000
2023-11-12 06:08:16
elapsed:  27310.1  seconds
11050
2023-11-12 06:10:22
11100
2023-11-12 06:12:27
elapsed:  27560.7  seconds
11150
2023-11-12 06:14:33
11200
2023-11-12 06:16:37
elapsed:  27810.4  seconds
11250
2023-11-12 06:18:44
11300
2023-11-12 06:20:46
elapsed:  28060.0  seconds
11350
2023-11-12 06:22:51
11400
2023-11-12 06:24:54
elapsed:  28307.9  seconds
11450
2023-11-12 06:27:00
11500
2023-11-12 06:29:05
elapsed:  28558.5  seconds
11550
2023-11-12 06:31:10
11600
2023-11-12 06:33:14
elapsed:  28807.5  seconds
11650
2023-11-12 06:35:19
11700
2023-11-12 06:37:23
elapsed:  29056.3  seconds
11750
2023-11-12 06:39:28
11800
2023-11-12 06:41:32
elapsed:  29305.6  seconds
11850
2023-11-12 06:43:33
11900
2023-11-12 06:45:37
elapsed:  29550.2  seconds
11950
2023-11-12 06:47:42
12000
2023-11-12 06:49:46
elapsed:  29800.0  seconds
12050
2023-11-12 06:51:53
12100
2023-11-12 06:53:57
elapsed:  30051.0  seconds
12150
2023-11-12 06:56:04
12200
2023-11-12 06:58:09
elapsed:  30302.3  seconds
12250
2023-11-12 07:00:16
12300
2023-11-12 07:02:20
elapsed:  30553.9  seconds
12350
2023-11-12 07:04:28
12400
2023-11-12 07:06:32
elapsed:  30805.7  seconds
12450
2023-11-12 07:08:39
12500
2023-11-12 07:10:44
elapsed:  31057.1  seconds
12550
2023-11-12 07:12:50
12600
2023-11-12 07:14:53
elapsed:  31307.0  seconds
12650
2023-11-12 07:17:01
12700
2023-11-12 07:19:04
elapsed:  31558.1  seconds
12750
2023-11-12 07:21:10
12800
2023-11-12 07:23:14
elapsed:  31807.7  seconds
12850
2023-11-12 07:25:23
12900
2023-11-12 07:27:26
elapsed:  32059.5  seconds
12950
2023-11-12 07:29:31
13000
2023-11-12 07:31:35
elapsed:  32308.5  seconds
13050
2023-11-12 07:33:38
13100
2023-11-12 07:35:42
elapsed:  32555.2  seconds
13150
2023-11-12 07:37:47
13200
2023-11-12 07:39:49
elapsed:  32802.9  seconds
13250
2023-11-12 07:41:55
13300
2023-11-12 07:44:00
elapsed:  33053.5  seconds
13350
2023-11-12 07:46:06
13400
2023-11-12 07:48:09
elapsed:  33302.9  seconds
13450
2023-11-12 07:50:16
13500
2023-11-12 07:52:18
elapsed:  33552.0  seconds
13550
2023-11-12 07:54:24
13600
2023-11-12 07:56:28
elapsed:  33802.1  seconds
13650
2023-11-12 07:58:35
13700
2023-11-12 08:00:40
elapsed:  34053.5  seconds
13750
2023-11-12 08:02:46
13800
2023-11-12 08:04:48
elapsed:  34301.8  seconds
13850
2023-11-12 08:06:54
13900
2023-11-12 08:08:55
elapsed:  34548.8  seconds
/projects/muyang@colostate.edu/software/anaconda/envs/testenv/lib/python3.11/site-packages/numpy/lib/function_base.py:2455: RuntimeWarning: divide by zero encountered in func (vectorized)
  outputs = ufunc(*inputs)
/projects/muyang@colostate.edu/software/anaconda/envs/testenv/lib/python3.11/site-packages/numpy/lib/function_base.py:2455: RuntimeWarning: invalid value encountered in func (vectorized)
  outputs = ufunc(*inputs)
13950
2023-11-12 08:11:01
14000
2023-11-12 08:13:01
elapsed:  34794.2  seconds
14050
2023-11-12 08:15:06
14100
2023-11-12 08:17:10
elapsed:  35043.3  seconds
14150
2023-11-12 08:19:17
14200
2023-11-12 08:21:21
elapsed:  35294.1  seconds
14250
2023-11-12 08:23:27
14300
2023-11-12 08:25:30
elapsed:  35543.7  seconds
14350
2023-11-12 08:27:35
14400
2023-11-12 08:29:39
elapsed:  35792.9  seconds
14450
2023-11-12 08:31:46
14500
2023-11-12 08:33:46
elapsed:  36040.0  seconds
14550
2023-11-12 08:35:51
14600
2023-11-12 08:37:55
elapsed:  36288.6  seconds
14650
2023-11-12 08:39:58
14700
2023-11-12 08:42:02
elapsed:  36535.5  seconds
14750
2023-11-12 08:44:08
14800
2023-11-12 08:46:12
elapsed:  36785.4  seconds
14850
2023-11-12 08:48:17
14900
2023-11-12 08:50:21
elapsed:  37034.2  seconds
14950
2023-11-12 08:52:27
elapsed:  37282.4  seconds
total time:  37286.8  seconds
true R:  [[2.43905946e+00 7.68723805e-01 7.95860616e-01 4.18131960e-01
  4.86863135e+00 4.21399634e+01 3.39596751e-01 3.51676952e-01
  1.00207942e+00 2.32599317e-01 1.64968360e-01 3.84106118e+00
  1.51855577e-01 1.76938279e+00 2.75161337e-01 5.79022296e-01
  8.91622749e-01 1.97339515e+00 8.59642406e-02 1.70977494e+00
  4.94286960e-01 1.56709122e+00 3.91386989e-01 1.49552995e+00
  4.45684204e+00 2.20048216e+01 1.62586392e-01 2.50543685e+00
  2.78024620e-01 3.48853698e-01 1.55418440e-01 1.58322393e-01
  5.94052039e+00 4.68235055e+00 1.63149575e+01 5.12827053e-02
  1.48317942e-01 7.04650892e-02 2.05864955e+00 1.14242019e+00
  1.05722911e-01 3.28974087e+01 7.16066378e+01 5.51912752e-01
  2.79956368e+00 3.06459247e-01 7.67250008e+01 1.88670089e-01
  2.22159493e+00 1.90708745e+00 7.34606130e-01 2.69672861e-01
  9.46745797e-02 8.20721376e+01 6.34482877e+00 1.28897644e+00
  5.86042243e-01 1.02171652e+01 3.36289655e+00 2.10320199e-01
  2.91127730e-01 7.84328332e-01 4.46179651e-01 1.04683225e+02]
 [2.47754937e+00 1.45701135e+00 2.00083090e-01 8.56792091e-02
  1.70839447e+00 2.65254654e-01 9.74988928e-02 4.01911674e+00
  1.61065294e+00 3.31403524e-01 9.51702889e-02 1.71643667e+01
  6.68026469e+00 1.62754961e+00 1.52679392e+01 2.96516859e+00
  4.97171216e-01 1.40602268e+00 1.14979955e+02 1.25399529e+00
  3.71399613e+00 1.81965250e-01 1.90550625e+01 6.29390663e+00
  1.85370589e+06 3.76014563e+01 1.12782619e+00 4.71783509e-01
  1.05251273e-01 1.82300175e-01 3.80571221e+01 2.63477944e+02
  1.94170849e+01 3.73374519e-01 7.39018652e-01 6.63540303e-01
  3.20676592e+01 7.19367098e-01 2.16846942e+02 6.09514646e+01
  5.67432372e-01 6.44218240e+00 4.02452445e-01 7.55196329e-01
  5.52545983e-01 9.34798809e-01 4.82948834e+00 1.90474641e-01
  8.94452796e-01 2.13436592e-01 1.64383388e+00 3.64979279e-01
  2.25590447e-01 1.60608124e+00 6.34268814e-01 1.79450725e-01
  9.53348998e-01 3.71225279e-01 6.25215940e-01 3.02889751e+00
  4.24927659e-01 1.36470438e+00 4.31991767e+01 1.92728932e+01]
 [2.40453067e-01 3.38372062e-01 1.50900998e-01 7.79439408e+00
  2.96074009e+00 4.87293628e-01 1.19545023e+04 5.30617607e+00
  3.11130014e-01 6.25636963e+00 8.09657778e-01 7.00533353e+02
  2.05237676e+04 3.16003304e-01 1.40749704e+01 5.58724208e-01
  1.57492841e+01 1.67040364e-01 1.53175707e-01 1.27926405e+02
  2.93449932e-01 3.84317847e-01 6.85475625e+00 8.92655450e-01
  1.22893300e+00 9.90781818e-02 4.90197968e-01 4.35488289e+00
  2.48733911e+00 1.00303390e-01 2.82908443e-01 7.72952090e+00
  8.71399494e+00 1.13663967e+00 5.00900230e-01 5.65377944e-01
  3.52890439e+00 1.20428788e+00 2.89062654e+00 6.72135493e+00
  1.10699956e+01 1.04519085e+01 1.50236699e+02 4.36021514e-01
  2.05213180e-01 2.33324601e+01 1.67298367e+00 5.62194820e-01
  2.28794930e-01 3.09764015e-01 1.16748883e+00 1.35676898e+00
  2.17395784e+00 1.30908763e-01 9.81752723e-01 8.00487849e-01
  1.40704797e+00 1.75842327e-01 2.28685073e+02 2.62003248e-01
  6.73511160e-01 4.40982729e-01 1.31759408e+00 1.69233206e+01]
 [2.03238794e-01 2.67176396e-01 1.07024643e+00 8.05641443e-02
  6.10303666e-01 2.81062970e-01 6.96674821e-01 2.45732446e-01
  1.24391167e+00 3.06003866e-01 5.95865431e+00 2.96320209e+01
  2.24561811e+00 5.37155215e+00 1.08303469e+00 1.55414953e+00
  4.36219808e+00 7.09873979e-01 5.35255340e-01 2.23396355e+00
  2.17245599e-01 2.70580062e+01 2.34731027e+00 1.52011823e+00
  3.11761799e+02 2.31135023e+02 3.02560805e-01 1.30321314e+00
  1.49707345e+00 9.97550179e-01 1.66172522e+01 1.92973873e+01
  1.58610516e+01 3.31014156e-01 1.03139036e+02 5.99386585e-01
  1.24856087e-01 3.30987694e+02 4.29521601e+03 2.59414164e+00
  7.32228370e+01 3.01305878e-01 1.28171800e+00 3.75400273e+00
  9.85444341e+00 1.04641059e+00 7.93839553e+00 2.44364368e-01
  3.99942148e+02 1.58105825e-01 2.75073780e-01 3.75110394e-01
  5.94919191e+00 1.87488644e-01 1.05020079e-01 1.18606674e+01
  6.54716098e-01 1.61189738e-01 5.57508100e-01 1.28443173e-01
  5.61699654e-01 2.45833293e-01 1.65044039e+02 8.38001997e-01]
 [5.04504139e+01 1.17404075e+00 1.70339482e+00 1.06722834e+03
  2.11871295e-01 4.83488123e-01 3.63891835e-01 6.22222492e-01
  5.82220133e-01 3.60595309e+06 5.04862916e-01 1.76044489e-01
  3.73207557e-01 4.15786941e+00 1.54378136e+01 5.29157100e-01
  1.05369045e+01 2.60040566e-01 5.73697849e-01 5.53186522e+00
  2.77884524e+00 1.33811808e+00 1.11057231e-01 6.54063184e-01
  2.06765272e+00 1.44638666e+00 7.80311742e+01 4.33399625e+01
  2.50170076e-01 1.90966530e+00 3.53394242e-01 2.76926600e-01
  1.58238036e+01 3.86865360e+00 5.49109773e+00 5.47368365e-01
  7.19638187e+00 3.47009805e+00 4.40156732e-01 3.20099056e+00
  8.93999795e-01 1.18428041e+00 3.56965642e+00 3.44383128e+00
  5.25783544e+00 4.82964605e-01 2.05798650e-01 4.49020482e-01
  1.56717967e+00 1.52006823e+01 7.52463922e-01 4.73224784e+02
  5.54025653e-01 1.90585601e-01 1.19868880e+00 1.46184145e+01
  5.77267898e+00 2.79118062e-01 1.79051943e+00 3.70017712e-01
  2.31528422e-01 5.23716155e+00 3.21906873e-01 5.62676659e-01]
 [1.84942679e+00 1.23626817e+03 2.41733804e+00 1.89184646e-01
  2.61979304e-01 7.07944753e-01 2.35768992e-01 1.64991693e+00
  2.14830497e-01 3.46129804e+01 2.59287325e-01 1.38280135e-01
  2.65430004e-01 4.89174061e-01 8.88340790e-01 4.05815605e-01
  5.63646907e-01 3.90530803e-01 2.84618670e+01 2.89791708e-01
  1.93453818e+00 1.28268699e+00 1.77030170e+01 7.55564297e-02
  1.27989904e+03 3.70809022e+00 2.33195940e-01 6.67656623e-01
  2.28294698e+00 4.93918720e+00 2.40995791e+00 2.02057206e+01
  2.66280096e-01 2.01677262e-01 1.79640262e+00 6.82278426e-01
  2.41722338e+01 4.67020520e+00 9.24492520e+00 9.47172712e-01
  1.00586508e-01 1.09514512e+01 4.13794341e+00 9.58483073e-02
  9.00604822e-01 1.33123620e-01 5.18660185e-01 4.42429912e+00
  6.48900166e+01 2.24245177e+00 6.24856922e-01 1.30797575e-01
  3.10248317e+00 4.21986723e-01 3.55448088e-01 5.81713911e-01
  1.17215605e-01 2.34704599e+01 7.31834726e-01 4.79239820e-01
  3.67143996e+00 4.49609502e-01 7.16973635e+00 5.15704207e-01]
 [9.58285802e-02 1.84052249e+00 1.56715394e-01 4.78212502e-01
  2.51429266e-01 8.27466321e-01 3.18098327e+00 1.44338709e+01
  3.37674443e-01 1.79553153e+00 4.48479444e-01 8.63900688e+00
  1.71241178e+00 7.39441062e-01 1.17311850e+00 3.10877072e+00
  5.05233329e+00 2.78928619e+00 5.53594444e+00 3.00466108e+00
  2.06696384e+01 2.22372684e+00 2.47269967e+00 7.71567228e+01
  7.95740711e-01 2.40816896e-01 7.04410139e-01 2.74577032e+01
  6.63338526e-01 4.72677246e-01 3.55152233e-01 2.20581887e-01
  4.96675278e-01 2.44920491e+00 5.75411582e-01 2.29151309e-01
  3.80593674e-01 9.60942706e+00 1.80195924e-01 1.33757658e+00
  2.72991821e+00 4.06551058e+01 3.61110918e-01 1.62200976e+00
  1.93120853e+01 5.75761118e-01 2.36036935e-01 2.20265189e+00
  2.12381421e-01 1.64410387e+00 1.02302062e+00 1.45912764e-01
  3.89588055e+00 4.05465859e-01 1.11529242e+02 2.71454195e+01
  2.28012705e-01 1.15527265e+00 1.46132181e-01 1.47263962e-01
  2.25351279e+00 4.81194452e-01 9.06157589e+00 2.47708411e+01]
 [1.07519346e+01 3.01213831e-01 1.49667707e+00 7.96530261e-01
  4.85310402e-01 1.95325664e-01 6.59596682e-01 1.46202177e-01
  1.58239499e+00 1.88130071e-01 2.03033441e-01 2.34356683e-01
  4.90156009e+00 1.09605263e+00 1.88243100e+01 1.73851200e+01
  2.59235682e+04 2.34697334e+01 7.69654453e+00 6.51773925e+04
  3.51796041e+00 3.83836979e-01 3.80246697e+00 5.35161626e-01
  1.92104081e+01 6.95390129e+00 1.00357183e+01 7.70059214e-01
  8.39191815e+00 8.53515314e+00 7.20157767e-01 4.01189113e+01
  9.05193708e-02 3.89572913e+01 3.11928218e+04 4.84348120e-01
  2.77021421e-01 4.94766926e+00 3.54162528e+00 1.79576886e-01
  3.29748741e+00 1.95289176e+01 2.16833099e+00 1.49027124e-01
  1.17289501e+00 5.24891567e-01 4.48292545e-01 1.06327915e-01
  1.37312820e+00 8.80976079e+00 7.48704580e-01 2.06816948e+00
  1.34166306e+00 8.82616665e+00 6.34726533e-01 4.83095627e-01
  5.95662160e-01 9.49522418e-01 6.80952425e-01 2.09483293e+00
  3.55384153e+00 1.07526461e+00 3.04641060e-01 2.14518528e-01]
 [5.89011601e-01 5.10932542e-01 5.39419715e+00 6.53260806e-01
  7.06037878e+01 3.09439123e-01 1.91210753e-01 2.19704828e+03
  1.09065504e-01 6.78570407e+00 1.51917039e+00 3.23599542e-01
  2.51030491e-01 7.27977749e-01 3.73160633e-01 4.17462703e+00
  7.86603382e-01 1.09516882e+00 9.48561857e+00 1.35341546e+02
  2.63251524e-01 2.38629006e-01 4.61535772e-01 5.66946403e-01
  1.19322527e+00 6.43438790e+00 6.58697741e-01 1.87814010e-01
  2.80142799e-01 1.23515903e+00 2.16389077e-01 1.20736610e+03
  5.58459739e-01 5.40964181e-01 4.15859935e+00 9.05565604e-01
  1.09517121e+00 7.53633665e-02 8.54922725e-01 1.93036184e+00
  3.85783196e+01 3.06575695e+02 3.77943642e+01 1.57953740e+00
  5.93028482e-01 3.31740498e+00 4.03861185e+00 1.58065978e-01
  2.19753495e-01 1.46357261e+00 2.46625988e+00 2.17547737e+00
  1.28780992e-01 3.51053737e-01 1.14713331e+01 9.45091779e+01
  4.50020117e-01 1.72408802e-01 1.06662215e+00 7.13016572e-02
  1.05355820e+00 6.42859216e+01 1.78324373e+00 1.23663877e+02]]
