1
50
2023-11-04 01:04:03
100
2023-11-04 01:06:03
elapsed:  241.6  seconds
150
2023-11-04 01:08:06
200
2023-11-04 01:09:49
elapsed:  467.7  seconds
250
2023-11-04 01:11:38
300
2023-11-04 01:13:20
elapsed:  678.4  seconds
350
2023-11-04 01:15:39
400
2023-11-04 01:17:40
elapsed:  938.2  seconds
450
2023-11-04 01:19:17
500
2023-11-04 01:20:53
elapsed:  1131.1  seconds
550
2023-11-04 01:22:37
600
2023-11-04 01:24:49
elapsed:  1367.8  seconds
650
2023-11-04 01:26:52
700
2023-11-04 01:29:04
elapsed:  1622.7  seconds
750
2023-11-04 01:31:23
800
2023-11-04 01:33:44
elapsed:  1902.3  seconds
850
2023-11-04 01:36:06
900
2023-11-04 01:38:19
elapsed:  2177.7  seconds
/projects/muyang@colostate.edu/software/anaconda/envs/testenv/lib/python3.11/site-packages/numpy/lib/function_base.py:2455: RuntimeWarning: divide by zero encountered in func (vectorized)
  outputs = ufunc(*inputs)
/projects/muyang@colostate.edu/software/anaconda/envs/testenv/lib/python3.11/site-packages/numpy/lib/function_base.py:2455: RuntimeWarning: invalid value encountered in func (vectorized)
  outputs = ufunc(*inputs)
950
2023-11-04 01:40:25
1000
2023-11-04 01:42:16
elapsed:  2414.5  seconds
1050
2023-11-04 01:44:26
/projects/muyang@colostate.edu/software/anaconda/envs/testenv/lib/python3.11/site-packages/numpy/lib/function_base.py:2455: RuntimeWarning: divide by zero encountered in func (vectorized)
  outputs = ufunc(*inputs)
/projects/muyang@colostate.edu/software/anaconda/envs/testenv/lib/python3.11/site-packages/numpy/lib/function_base.py:2455: RuntimeWarning: invalid value encountered in func (vectorized)
  outputs = ufunc(*inputs)
1100
2023-11-04 01:46:37
elapsed:  2675.4  seconds
1150
2023-11-04 01:48:52
1200
2023-11-04 01:51:15
elapsed:  2953.7  seconds
1250
2023-11-04 01:53:45
/projects/muyang@colostate.edu/software/anaconda/envs/testenv/lib/python3.11/site-packages/numpy/lib/function_base.py:2455: RuntimeWarning: divide by zero encountered in func (vectorized)
  outputs = ufunc(*inputs)
/projects/muyang@colostate.edu/software/anaconda/envs/testenv/lib/python3.11/site-packages/numpy/lib/function_base.py:2455: RuntimeWarning: invalid value encountered in func (vectorized)
  outputs = ufunc(*inputs)
1300
2023-11-04 01:55:54
elapsed:  3232.8  seconds
1350
2023-11-04 01:58:00
1400
2023-11-04 02:00:18
elapsed:  3496.6  seconds
1450
2023-11-04 02:02:33
1500
2023-11-04 02:04:48
elapsed:  3766.7  seconds
1550
2023-11-04 02:07:24
1600
2023-11-04 02:09:58
elapsed:  4076.5  seconds
1650
2023-11-04 02:12:39
1700
2023-11-04 02:15:11
elapsed:  4389.8  seconds
1750
2023-11-04 02:17:45
1800
2023-11-04 02:20:24
elapsed:  4702.5  seconds
/projects/muyang@colostate.edu/software/anaconda/envs/testenv/lib/python3.11/site-packages/numpy/lib/function_base.py:2455: RuntimeWarning: divide by zero encountered in func (vectorized)
  outputs = ufunc(*inputs)
/projects/muyang@colostate.edu/software/anaconda/envs/testenv/lib/python3.11/site-packages/numpy/lib/function_base.py:2455: RuntimeWarning: invalid value encountered in func (vectorized)
  outputs = ufunc(*inputs)
1850
2023-11-04 02:22:37
1900
2023-11-04 02:25:00
elapsed:  4978.6  seconds
1950
2023-11-04 02:27:42
2000
2023-11-04 02:30:04
elapsed:  5282.6  seconds
/projects/muyang@colostate.edu/software/anaconda/envs/testenv/lib/python3.11/site-packages/numpy/lib/function_base.py:2455: RuntimeWarning: divide by zero encountered in func (vectorized)
  outputs = ufunc(*inputs)
/projects/muyang@colostate.edu/software/anaconda/envs/testenv/lib/python3.11/site-packages/numpy/lib/function_base.py:2455: RuntimeWarning: invalid value encountered in func (vectorized)
  outputs = ufunc(*inputs)
2050
2023-11-04 02:32:34
2100
2023-11-04 02:35:13
elapsed:  5591.2  seconds
/projects/muyang@colostate.edu/software/anaconda/envs/testenv/lib/python3.11/site-packages/numpy/lib/function_base.py:2455: RuntimeWarning: divide by zero encountered in func (vectorized)
  outputs = ufunc(*inputs)
/projects/muyang@colostate.edu/software/anaconda/envs/testenv/lib/python3.11/site-packages/numpy/lib/function_base.py:2455: RuntimeWarning: invalid value encountered in func (vectorized)
  outputs = ufunc(*inputs)
/projects/muyang@colostate.edu/software/anaconda/envs/testenv/lib/python3.11/site-packages/numpy/lib/function_base.py:2455: RuntimeWarning: divide by zero encountered in func (vectorized)
  outputs = ufunc(*inputs)
/projects/muyang@colostate.edu/software/anaconda/envs/testenv/lib/python3.11/site-packages/numpy/lib/function_base.py:2455: RuntimeWarning: invalid value encountered in func (vectorized)
  outputs = ufunc(*inputs)
2150
2023-11-04 02:37:57
2200
2023-11-04 02:40:42
elapsed:  5920.1  seconds
2250
2023-11-04 02:43:23
2300
2023-11-04 02:45:55
elapsed:  6234.0  seconds
2350
2023-11-04 02:48:38
2400
2023-11-04 02:51:25
elapsed:  6563.4  seconds
2450
2023-11-04 02:53:57
2500
2023-11-04 02:56:25
elapsed:  6863.5  seconds
/projects/muyang@colostate.edu/software/anaconda/envs/testenv/lib/python3.11/site-packages/numpy/lib/function_base.py:2455: RuntimeWarning: divide by zero encountered in func (vectorized)
  outputs = ufunc(*inputs)
/projects/muyang@colostate.edu/software/anaconda/envs/testenv/lib/python3.11/site-packages/numpy/lib/function_base.py:2455: RuntimeWarning: invalid value encountered in func (vectorized)
  outputs = ufunc(*inputs)
2550
2023-11-04 02:59:11
2600
2023-11-04 03:01:38
elapsed:  7176.7  seconds
2650
2023-11-04 03:04:10
2700
2023-11-04 03:06:53
elapsed:  7491.7  seconds
2750
2023-11-04 03:09:23
2800
2023-11-04 03:12:11
elapsed:  7809.5  seconds
2850
2023-11-04 03:14:53
2900
2023-11-04 03:17:30
elapsed:  8128.7  seconds
2950
2023-11-04 03:20:07
/projects/muyang@colostate.edu/software/anaconda/envs/testenv/lib/python3.11/site-packages/numpy/lib/function_base.py:2455: RuntimeWarning: divide by zero encountered in func (vectorized)
  outputs = ufunc(*inputs)
/projects/muyang@colostate.edu/software/anaconda/envs/testenv/lib/python3.11/site-packages/numpy/lib/function_base.py:2455: RuntimeWarning: invalid value encountered in func (vectorized)
  outputs = ufunc(*inputs)
3000
2023-11-04 03:22:45
elapsed:  8443.2  seconds
3050
2023-11-04 03:25:22
3100
2023-11-04 03:27:15
elapsed:  8713.7  seconds
/projects/muyang@colostate.edu/software/anaconda/envs/testenv/lib/python3.11/site-packages/numpy/lib/function_base.py:2455: RuntimeWarning: divide by zero encountered in func (vectorized)
  outputs = ufunc(*inputs)
/projects/muyang@colostate.edu/software/anaconda/envs/testenv/lib/python3.11/site-packages/numpy/lib/function_base.py:2455: RuntimeWarning: invalid value encountered in func (vectorized)
  outputs = ufunc(*inputs)
3150
2023-11-04 03:29:33
3200
2023-11-04 03:31:33
elapsed:  8971.4  seconds
3250
2023-11-04 03:34:22
3300
2023-11-04 03:36:24
elapsed:  9262.9  seconds
3350
2023-11-04 03:38:57
3400
2023-11-04 03:41:50
elapsed:  9588.0  seconds
/projects/muyang@colostate.edu/software/anaconda/envs/testenv/lib/python3.11/site-packages/numpy/lib/function_base.py:2455: RuntimeWarning: divide by zero encountered in func (vectorized)
  outputs = ufunc(*inputs)
/projects/muyang@colostate.edu/software/anaconda/envs/testenv/lib/python3.11/site-packages/numpy/lib/function_base.py:2455: RuntimeWarning: invalid value encountered in func (vectorized)
  outputs = ufunc(*inputs)
3450
2023-11-04 03:44:06
/projects/muyang@colostate.edu/software/anaconda/envs/testenv/lib/python3.11/site-packages/numpy/lib/function_base.py:2455: RuntimeWarning: divide by zero encountered in func (vectorized)
  outputs = ufunc(*inputs)
/projects/muyang@colostate.edu/software/anaconda/envs/testenv/lib/python3.11/site-packages/numpy/lib/function_base.py:2455: RuntimeWarning: invalid value encountered in func (vectorized)
  outputs = ufunc(*inputs)
3500
2023-11-04 03:46:44
elapsed:  9882.6  seconds
/projects/muyang@colostate.edu/software/anaconda/envs/testenv/lib/python3.11/site-packages/numpy/lib/function_base.py:2455: RuntimeWarning: divide by zero encountered in func (vectorized)
  outputs = ufunc(*inputs)
/projects/muyang@colostate.edu/software/anaconda/envs/testenv/lib/python3.11/site-packages/numpy/lib/function_base.py:2455: RuntimeWarning: invalid value encountered in func (vectorized)
  outputs = ufunc(*inputs)
3550
2023-11-04 03:49:38
3600
2023-11-04 03:52:39
elapsed:  10237.1  seconds
3650
2023-11-04 03:55:29
3700
2023-11-04 03:58:16
elapsed:  10574.9  seconds
3750
2023-11-04 04:01:03
3800
2023-11-04 04:03:38
elapsed:  10896.4  seconds
3850
2023-11-04 04:06:07
3900
2023-11-04 04:08:53
elapsed:  11211.6  seconds
3950
2023-11-04 04:11:38
4000
2023-11-04 04:14:17
elapsed:  11535.5  seconds
4050
2023-11-04 04:17:09
4100
2023-11-04 04:19:51
elapsed:  11869.7  seconds
4150
2023-11-04 04:22:24
4200
2023-11-04 04:25:16
elapsed:  12194.7  seconds
4250
2023-11-04 04:28:03
4300
2023-11-04 04:30:33
elapsed:  12511.3  seconds
/projects/muyang@colostate.edu/software/anaconda/envs/testenv/lib/python3.11/site-packages/numpy/lib/function_base.py:2455: RuntimeWarning: divide by zero encountered in func (vectorized)
  outputs = ufunc(*inputs)
/projects/muyang@colostate.edu/software/anaconda/envs/testenv/lib/python3.11/site-packages/numpy/lib/function_base.py:2455: RuntimeWarning: invalid value encountered in func (vectorized)
  outputs = ufunc(*inputs)
4350
2023-11-04 04:33:06
4400
2023-11-04 04:35:40
elapsed:  12818.2  seconds
4450
2023-11-04 04:38:11
4500
2023-11-04 04:40:44
elapsed:  13122.8  seconds
4550
2023-11-04 04:43:30
4600
2023-11-04 04:46:27
elapsed:  13465.9  seconds
4650
2023-11-04 04:49:02
4700
2023-11-04 04:51:48
elapsed:  13786.8  seconds
4750
2023-11-04 04:54:27
4800
2023-11-04 04:57:05
elapsed:  14103.9  seconds
4850
2023-11-04 04:59:28
4900
2023-11-04 05:02:05
elapsed:  14403.9  seconds
4950
2023-11-04 05:04:53
5000
2023-11-04 05:07:24
elapsed:  14722.5  seconds
5050
2023-11-04 05:09:58
5100
2023-11-04 05:12:18
elapsed:  15016.9  seconds
5150
2023-11-04 05:14:54
5200
2023-11-04 05:17:09
elapsed:  15307.8  seconds
5250
2023-11-04 05:20:02
5300
2023-11-04 05:22:19
elapsed:  15617.9  seconds
5350
2023-11-04 05:24:46
5400
2023-11-04 05:27:27
elapsed:  15925.8  seconds
5450
2023-11-04 05:30:10
5500
2023-11-04 05:32:45
elapsed:  16243.9  seconds
5550
2023-11-04 05:35:21
5600
2023-11-04 05:37:54
elapsed:  16552.2  seconds
5650
2023-11-04 05:40:42
5700
2023-11-04 05:43:20
elapsed:  16878.6  seconds
5750
2023-11-04 05:45:57
5800
2023-11-04 05:48:22
elapsed:  17180.8  seconds
5850
2023-11-04 05:50:44
5900
2023-11-04 05:53:21
elapsed:  17479.6  seconds
5950
2023-11-04 05:56:24
6000
2023-11-04 05:58:59
elapsed:  17817.0  seconds
6050
2023-11-04 06:01:45
6100
2023-11-04 06:03:42
elapsed:  18100.2  seconds
6150
2023-11-04 06:05:42
6200
2023-11-04 06:07:38
elapsed:  18336.3  seconds
6250
2023-11-04 06:10:24
6300
2023-11-04 06:12:12
elapsed:  18610.4  seconds
6350
2023-11-04 06:14:35
6400
2023-11-04 06:16:49
elapsed:  18887.3  seconds
6450
2023-11-04 06:19:47
6500
2023-11-04 06:22:33
elapsed:  19231.2  seconds
6550
2023-11-04 06:25:30
6600
2023-11-04 06:28:16
elapsed:  19575.0  seconds
6650
2023-11-04 06:30:47
6700
2023-11-04 06:33:15
elapsed:  19873.7  seconds
6750
2023-11-04 06:35:41
6800
2023-11-04 06:38:43
elapsed:  20201.2  seconds
6850
2023-11-04 06:41:23
6900
2023-11-04 06:44:03
elapsed:  20522.0  seconds
6950
2023-11-04 06:46:40
7000
2023-11-04 06:48:57
elapsed:  20815.4  seconds
7050
2023-11-04 06:51:20
7100
2023-11-04 06:53:55
elapsed:  21113.7  seconds
7150
2023-11-04 06:55:46
7200
2023-11-04 06:57:14
elapsed:  21312.8  seconds
7250
2023-11-04 06:59:23
7300
2023-11-04 07:02:03
elapsed:  21601.6  seconds
7350
2023-11-04 07:04:48
7400
2023-11-04 07:07:24
elapsed:  21922.4  seconds
7450
2023-11-04 07:10:19
7500
2023-11-04 07:12:44
elapsed:  22242.5  seconds
7550
2023-11-04 07:15:19
7600
2023-11-04 07:17:54
elapsed:  22552.3  seconds
7650
2023-11-04 07:20:06
7700
2023-11-04 07:22:37
elapsed:  22836.0  seconds
7750
2023-11-04 07:24:51
7800
2023-11-04 07:27:28
elapsed:  23126.7  seconds
7850
2023-11-04 07:30:18
7900
2023-11-04 07:33:06
elapsed:  23464.0  seconds
7950
2023-11-04 07:35:54
/projects/muyang@colostate.edu/software/anaconda/envs/testenv/lib/python3.11/site-packages/numpy/lib/function_base.py:2455: RuntimeWarning: divide by zero encountered in func (vectorized)
  outputs = ufunc(*inputs)
/projects/muyang@colostate.edu/software/anaconda/envs/testenv/lib/python3.11/site-packages/numpy/lib/function_base.py:2455: RuntimeWarning: invalid value encountered in func (vectorized)
  outputs = ufunc(*inputs)
8000
2023-11-04 07:38:44
elapsed:  23802.3  seconds
8050
2023-11-04 07:41:40
8100
2023-11-04 07:44:20
elapsed:  24138.8  seconds
8150
2023-11-04 07:46:45
8200
2023-11-04 07:49:25
elapsed:  24443.4  seconds
8250
2023-11-04 07:51:48
8300
2023-11-04 07:54:33
elapsed:  24751.2  seconds
8350
2023-11-04 07:56:54
8400
2023-11-04 07:59:26
elapsed:  25044.7  seconds
8450
2023-11-04 08:02:05
8500
2023-11-04 08:04:47
elapsed:  25365.5  seconds
8550
2023-11-04 08:07:30
8600
2023-11-04 08:10:04
elapsed:  25682.9  seconds
8650
2023-11-04 08:12:40
8700
2023-11-04 08:15:10
elapsed:  25988.3  seconds
8750
2023-11-04 08:17:56
/projects/muyang@colostate.edu/software/anaconda/envs/testenv/lib/python3.11/site-packages/numpy/lib/function_base.py:2455: RuntimeWarning: divide by zero encountered in func (vectorized)
  outputs = ufunc(*inputs)
/projects/muyang@colostate.edu/software/anaconda/envs/testenv/lib/python3.11/site-packages/numpy/lib/function_base.py:2455: RuntimeWarning: invalid value encountered in func (vectorized)
  outputs = ufunc(*inputs)
8800
2023-11-04 08:20:41
elapsed:  26319.6  seconds
8850
2023-11-04 08:22:55
8900
2023-11-04 08:25:06
elapsed:  26584.0  seconds
8950
2023-11-04 08:27:40
9000
2023-11-04 08:30:20
elapsed:  26898.3  seconds
9050
2023-11-04 08:32:47
9100
2023-11-04 08:35:13
elapsed:  27191.9  seconds
9150
2023-11-04 08:37:44
9200
2023-11-04 08:40:13
elapsed:  27491.2  seconds
9250
2023-11-04 08:42:52
9300
2023-11-04 08:44:40
elapsed:  27758.2  seconds
9350
2023-11-04 08:46:18
9400
2023-11-04 08:48:34
elapsed:  27992.3  seconds
9450
2023-11-04 08:50:46
9500
2023-11-04 08:53:39
elapsed:  28297.8  seconds
9550
2023-11-04 08:56:16
9600
2023-11-04 08:58:30
elapsed:  28588.8  seconds
9650
2023-11-04 09:00:49
9700
2023-11-04 09:03:02
elapsed:  28860.1  seconds
/projects/muyang@colostate.edu/software/anaconda/envs/testenv/lib/python3.11/site-packages/numpy/lib/function_base.py:2455: RuntimeWarning: divide by zero encountered in func (vectorized)
  outputs = ufunc(*inputs)
/projects/muyang@colostate.edu/software/anaconda/envs/testenv/lib/python3.11/site-packages/numpy/lib/function_base.py:2455: RuntimeWarning: invalid value encountered in func (vectorized)
  outputs = ufunc(*inputs)
/projects/muyang@colostate.edu/software/anaconda/envs/testenv/lib/python3.11/site-packages/numpy/lib/function_base.py:2455: RuntimeWarning: divide by zero encountered in func (vectorized)
  outputs = ufunc(*inputs)
/projects/muyang@colostate.edu/software/anaconda/envs/testenv/lib/python3.11/site-packages/numpy/lib/function_base.py:2455: RuntimeWarning: invalid value encountered in func (vectorized)
  outputs = ufunc(*inputs)
9750
2023-11-04 09:05:19
9800
2023-11-04 09:07:08
elapsed:  29106.3  seconds
9850
2023-11-04 09:09:18
9900
2023-11-04 09:10:44
elapsed:  29322.8  seconds
9950
2023-11-04 09:13:31
10000
2023-11-04 09:16:16
elapsed:  29654.0  seconds
10050
2023-11-04 09:19:15
10100
2023-11-04 09:22:11
elapsed:  30009.5  seconds
10150
2023-11-04 09:24:41
10200
2023-11-04 09:27:21
elapsed:  30319.1  seconds
10250
2023-11-04 09:30:10
10300
2023-11-04 09:32:47
elapsed:  30645.8  seconds
/projects/muyang@colostate.edu/software/anaconda/envs/testenv/lib/python3.11/site-packages/numpy/lib/function_base.py:2455: RuntimeWarning: divide by zero encountered in func (vectorized)
  outputs = ufunc(*inputs)
/projects/muyang@colostate.edu/software/anaconda/envs/testenv/lib/python3.11/site-packages/numpy/lib/function_base.py:2455: RuntimeWarning: invalid value encountered in func (vectorized)
  outputs = ufunc(*inputs)
10350
2023-11-04 09:34:47
10400
2023-11-04 09:36:58
elapsed:  30896.1  seconds
10450
2023-11-04 09:39:04
10500
2023-11-04 09:40:56
elapsed:  31134.5  seconds
10550
2023-11-04 09:43:03
10600
2023-11-04 09:45:52
elapsed:  31430.8  seconds
10650
2023-11-04 09:48:28
10700
2023-11-04 09:50:56
elapsed:  31734.3  seconds
10750
2023-11-04 09:53:32
/projects/muyang@colostate.edu/software/anaconda/envs/testenv/lib/python3.11/site-packages/numpy/lib/function_base.py:2455: RuntimeWarning: divide by zero encountered in func (vectorized)
  outputs = ufunc(*inputs)
/projects/muyang@colostate.edu/software/anaconda/envs/testenv/lib/python3.11/site-packages/numpy/lib/function_base.py:2455: RuntimeWarning: invalid value encountered in func (vectorized)
  outputs = ufunc(*inputs)
10800
2023-11-04 09:55:52
elapsed:  32030.3  seconds
10850
2023-11-04 09:58:28
/projects/muyang@colostate.edu/software/anaconda/envs/testenv/lib/python3.11/site-packages/numpy/lib/function_base.py:2455: RuntimeWarning: divide by zero encountered in func (vectorized)
  outputs = ufunc(*inputs)
/projects/muyang@colostate.edu/software/anaconda/envs/testenv/lib/python3.11/site-packages/numpy/lib/function_base.py:2455: RuntimeWarning: invalid value encountered in func (vectorized)
  outputs = ufunc(*inputs)
10900
2023-11-04 10:01:20
elapsed:  32358.9  seconds
10950
2023-11-04 10:04:10
11000
2023-11-04 10:06:52
elapsed:  32690.9  seconds
11050
2023-11-04 10:09:43
11100
2023-11-04 10:12:27
elapsed:  33025.2  seconds
11150
2023-11-04 10:15:09
11200
2023-11-04 10:17:57
elapsed:  33355.2  seconds
11250
2023-11-04 10:20:38
11300
2023-11-04 10:23:08
elapsed:  33666.5  seconds
11350
2023-11-04 10:25:47
11400
2023-11-04 10:28:28
elapsed:  33986.1  seconds
11450
2023-11-04 10:31:00
11500
2023-11-04 10:33:42
elapsed:  34300.5  seconds
11550
2023-11-04 10:36:21
11600
2023-11-04 10:38:52
elapsed:  34610.1  seconds
11650
2023-11-04 10:41:21
11700
2023-11-04 10:43:16
elapsed:  34874.1  seconds
11750
2023-11-04 10:45:21
11800
2023-11-04 10:47:44
elapsed:  35142.4  seconds
11850
2023-11-04 10:50:04
11900
2023-11-04 10:51:45
elapsed:  35383.0  seconds
11950
2023-11-04 10:53:44
12000
2023-11-04 10:55:34
elapsed:  35612.5  seconds
12050
2023-11-04 10:58:22
12100
2023-11-04 11:00:51
elapsed:  35929.4  seconds
12150
2023-11-04 11:03:26
12200
2023-11-04 11:05:55
elapsed:  36233.7  seconds
12250
2023-11-04 11:08:24
12300
2023-11-04 11:10:46
elapsed:  36524.8  seconds
12350
2023-11-04 11:13:39
12400
2023-11-04 11:16:07
elapsed:  36845.7  seconds
12450
2023-11-04 11:18:36
/projects/muyang@colostate.edu/software/anaconda/envs/testenv/lib/python3.11/site-packages/numpy/lib/function_base.py:2455: RuntimeWarning: divide by zero encountered in func (vectorized)
  outputs = ufunc(*inputs)
/projects/muyang@colostate.edu/software/anaconda/envs/testenv/lib/python3.11/site-packages/numpy/lib/function_base.py:2455: RuntimeWarning: invalid value encountered in func (vectorized)
  outputs = ufunc(*inputs)
12500
2023-11-04 11:21:10
elapsed:  37148.0  seconds
12550
2023-11-04 11:23:43
12600
2023-11-04 11:26:34
elapsed:  37472.3  seconds
12650
2023-11-04 11:29:22
12700
2023-11-04 11:32:17
elapsed:  37815.7  seconds
/projects/muyang@colostate.edu/software/anaconda/envs/testenv/lib/python3.11/site-packages/numpy/lib/function_base.py:2455: RuntimeWarning: divide by zero encountered in func (vectorized)
  outputs = ufunc(*inputs)
/projects/muyang@colostate.edu/software/anaconda/envs/testenv/lib/python3.11/site-packages/numpy/lib/function_base.py:2455: RuntimeWarning: invalid value encountered in func (vectorized)
  outputs = ufunc(*inputs)
12750
2023-11-04 11:34:49
12800
2023-11-04 11:37:34
elapsed:  38132.6  seconds
12850
2023-11-04 11:40:13
12900
2023-11-04 11:43:04
elapsed:  38462.7  seconds
12950
2023-11-04 11:45:51
13000
2023-11-04 11:48:37
elapsed:  38795.7  seconds
13050
2023-11-04 11:51:31
/projects/muyang@colostate.edu/software/anaconda/envs/testenv/lib/python3.11/site-packages/numpy/lib/function_base.py:2455: RuntimeWarning: divide by zero encountered in func (vectorized)
  outputs = ufunc(*inputs)
/projects/muyang@colostate.edu/software/anaconda/envs/testenv/lib/python3.11/site-packages/numpy/lib/function_base.py:2455: RuntimeWarning: invalid value encountered in func (vectorized)
  outputs = ufunc(*inputs)
13100
2023-11-04 11:54:09
elapsed:  39127.0  seconds
13150
2023-11-04 11:56:39
13200
2023-11-04 11:58:46
elapsed:  39404.4  seconds
13250
2023-11-04 12:00:55
13300
2023-11-04 12:03:35
elapsed:  39693.6  seconds
13350
2023-11-04 12:06:03
13400
2023-11-04 12:08:47
elapsed:  40005.6  seconds
13450
2023-11-04 12:11:24
13500
2023-11-04 12:14:05
elapsed:  40323.5  seconds
13550
2023-11-04 12:16:58
13600
2023-11-04 12:19:35
elapsed:  40653.4  seconds
13650
2023-11-04 12:22:07
13700
2023-11-04 12:24:54
elapsed:  40972.3  seconds
13750
2023-11-04 12:27:25
13800
2023-11-04 12:29:56
elapsed:  41274.4  seconds
13850
2023-11-04 12:32:39
13900
2023-11-04 12:35:21
elapsed:  41599.6  seconds
13950
2023-11-04 12:38:13
14000
2023-11-04 12:41:09
elapsed:  41947.9  seconds
14050
2023-11-04 12:43:41
14100
2023-11-04 12:46:18
elapsed:  42256.1  seconds
14150
2023-11-04 12:49:08
14200
2023-11-04 12:51:36
elapsed:  42574.2  seconds
14250
2023-11-04 12:54:21
14300
2023-11-04 12:57:13
elapsed:  42911.9  seconds
14350
2023-11-04 13:00:15
14400
2023-11-04 13:02:49
elapsed:  43247.1  seconds
14450
2023-11-04 13:05:40
14500
2023-11-04 13:08:17
elapsed:  43575.2  seconds
14550
2023-11-04 13:10:46
14600
2023-11-04 13:13:22
elapsed:  43880.5  seconds
14650
2023-11-04 13:16:04
14700
2023-11-04 13:18:44
elapsed:  44202.2  seconds
14750
2023-11-04 13:21:26
14800
2023-11-04 13:24:28
elapsed:  44546.6  seconds
14850
2023-11-04 13:27:19
/projects/muyang@colostate.edu/software/anaconda/envs/testenv/lib/python3.11/site-packages/numpy/lib/function_base.py:2455: RuntimeWarning: divide by zero encountered in func (vectorized)
  outputs = ufunc(*inputs)
/projects/muyang@colostate.edu/software/anaconda/envs/testenv/lib/python3.11/site-packages/numpy/lib/function_base.py:2455: RuntimeWarning: invalid value encountered in func (vectorized)
  outputs = ufunc(*inputs)
14900
2023-11-04 13:30:16
elapsed:  44894.8  seconds
14950
2023-11-04 13:32:58
/projects/muyang@colostate.edu/software/anaconda/envs/testenv/lib/python3.11/site-packages/numpy/lib/function_base.py:2455: RuntimeWarning: divide by zero encountered in func (vectorized)
  outputs = ufunc(*inputs)
/projects/muyang@colostate.edu/software/anaconda/envs/testenv/lib/python3.11/site-packages/numpy/lib/function_base.py:2455: RuntimeWarning: invalid value encountered in func (vectorized)
  outputs = ufunc(*inputs)
elapsed:  45191.7  seconds
total time:  45196.2  seconds
true R:  [[2.46658071e-01 3.67050414e+00 8.11268065e-01 4.45856099e+03
  4.50283186e-01 8.55765456e-01 1.61084084e+01 6.60968710e-01
  5.74291110e-01 1.74496990e-01 3.66914513e+01 1.32824148e+00
  1.60585839e+01 8.01775438e-01 1.24496250e-01 5.67803932e+00
  6.43022919e-01 6.21839651e-01 8.11098399e-01 7.52524099e-01
  4.32055774e-01 2.44256132e-01 3.85727938e-01 7.01292100e-01
  6.15589814e+01 1.47413744e+00 3.26766191e-01 2.78312900e+00
  2.53807465e+02 1.36209734e+00 7.28305915e+00 1.23359389e+00
  3.87963315e-01 9.46097535e-01 1.19897721e+00 1.76684455e-01
  2.13172405e+00 7.68277871e+00 1.52449684e-01 9.79604982e+01
  4.25233570e+00 2.07298068e-01 1.55916397e-01 1.10329439e-01
  9.15659761e-01 5.06218870e-01 2.93247793e+01 1.07485773e+01
  1.09344369e-01 1.09639119e-01 1.20036675e+00 2.03844388e-01
  7.37226489e-01 1.03288568e-01 6.63787780e+01 1.41158227e-01
  5.58965942e-01 1.97866139e+00 1.05500455e-01 2.54882079e+01
  1.21729486e+00 9.23265823e-01 8.66505262e-02 4.55753116e-01]
 [1.35750814e-01 2.01724891e+00 3.49883303e-01 1.80653303e-01
  1.89616701e-01 3.07329114e+01 1.40052554e+01 1.27237734e-01
  3.56357100e-01 9.48901197e+00 5.86472063e+00 5.50566756e-01
  7.61224897e+01 2.00288778e+00 1.00172526e+00 3.15064930e-01
  8.22272862e-01 1.41822691e+00 1.79148656e+00 3.07772860e+00
  3.28390536e+00 3.00967384e-01 2.08042847e-01 2.86807471e+01
  9.23398971e+00 3.25526763e-01 2.53758233e-01 8.79429805e-02
  1.29375463e-01 2.57044391e+00 4.54408284e-02 2.67351059e-01
  3.89499873e+00 1.25041988e+00 1.15382851e+03 4.01197678e-01
  4.40581912e+01 1.62076175e+00 7.08141081e+01 6.56517207e-01
  3.14616072e-01 6.97378922e-01 1.18706272e-01 9.35580034e-01
  2.61470177e-01 5.16524557e+00 4.93883349e+00 2.15404934e+00
  1.16346349e-01 4.36180057e+01 1.09451882e+00 1.11272253e+00
  3.70834785e-01 1.97815901e+00 1.27394401e+00 3.40166304e-01
  1.09445482e+02 4.17230405e-01 2.54612430e-01 2.97391566e-01
  1.03906499e+00 6.33285371e-01 7.30247148e-01 1.40739096e-01]
 [6.21176158e+00 8.67386169e-02 1.46704253e-01 3.36399950e+00
  4.52200407e+00 6.51916891e-01 6.70062247e-01 4.11772879e+00
  8.20338113e-01 4.98186369e-01 9.00742899e-01 2.01758738e-01
  1.58165215e+01 4.95548550e-01 1.05163492e+00 2.64445328e-01
  7.78670822e+00 2.17035919e+00 1.60261300e+00 2.05786268e+01
  1.98463251e-01 6.19862770e+00 7.97569050e+00 1.62918883e+01
  1.31197169e+00 7.32715489e-01 1.89335138e+01 5.05282022e-01
  3.16028531e+00 9.13760026e+01 6.93605047e-01 9.43353918e+01
  8.76604010e-01 2.63264375e+02 7.87071406e-01 6.11365731e-01
  5.99466805e-01 4.74008905e+00 2.69016534e-01 1.41329680e+01
  6.49388672e-01 2.75845570e+00 2.35502667e-01 6.37128813e-01
  2.57929612e-01 2.41173273e+00 9.77167113e-01 7.26672886e-01
  2.37511104e-01 3.49524998e-01 3.96678341e-01 3.48913357e-01
  1.58250486e+01 7.44866191e-01 1.34538069e-01 5.73045013e-01
  2.80233219e+00 5.62935184e-01 1.37913468e+00 2.53715477e-01
  2.98120380e+00 2.17425402e-01 1.49367522e-01 4.89812760e+00]
 [5.73849201e-01 2.13842442e-01 2.03511335e-01 9.39839451e-01
  1.39490514e+00 8.96697232e+01 6.05370900e-01 1.66793964e+00
  9.71401757e+00 3.68979152e+00 1.38380720e+00 3.75834125e+00
  1.07181857e+00 2.58325952e+01 4.53659785e+01 1.87381904e+00
  2.40644866e+00 3.56928292e+00 9.78882519e+01 1.06368251e+00
  1.36170653e+00 4.60180319e+00 4.01760990e-01 1.51175555e-01
  8.40408289e-01 2.03497519e+00 5.64524442e+01 1.21186897e+00
  1.52417707e+03 5.87928608e-01 2.54783316e+00 3.79976187e+01
  4.72116654e+01 4.67500039e+02 2.24018491e+00 2.24094442e-01
  1.46206784e-01 5.45049581e-01 4.33635078e+01 6.71234905e-01
  2.03949073e-01 2.39946579e+00 3.90571657e+00 1.53446624e+02
  5.90568931e+00 1.44289859e-01 9.20865638e-01 1.71250042e+01
  4.52789517e-01 1.80201489e+00 5.15470152e+00 1.01792125e+02
  1.04450017e+00 1.35816361e+00 1.61731799e-01 1.90303325e+00
  5.00119278e-01 3.69767384e-01 6.28796494e+00 7.59548850e-01
  4.05947394e-01 7.12451182e+00 3.82832259e-01 1.66782523e-01]
 [2.26952714e+00 9.48041775e-01 8.32621764e-01 5.15329092e+01
  6.85071029e-01 7.80635014e-01 5.55704587e-01 5.30961552e-01
  1.15844633e-01 4.67977015e-01 5.91176716e+00 2.08554604e-01
  1.36138582e+00 2.56805689e+01 2.10166169e+00 1.23944640e-01
  7.17654408e-01 9.12531013e+01 9.90281544e-01 8.01361304e-01
  2.76776490e+00 2.29615019e+02 2.81043553e-01 1.89893925e+00
  4.39838425e-01 6.30030691e-01 5.62567531e-01 6.39365548e-01
  1.77650355e+02 8.57306312e-01 1.05377912e-01 2.64600542e+00
  2.33811275e-01 4.79871688e+01 3.43390420e-01 1.00318922e+01
  3.43799506e+00 7.82080457e-02 8.23825596e+00 3.15069095e-01
  4.09976620e+01 2.05104321e+00 1.66748497e+01 6.30978506e+00
  1.44261059e-01 6.12508441e-01 1.24911381e+00 1.70909179e-01
  1.94519386e-01 3.13710467e-01 1.19924097e+00 5.55073225e+00
  1.58070909e+00 5.35870659e+00 8.07577549e-01 5.41993482e-01
  1.97085111e+00 3.87379843e-01 2.43644378e+00 1.27376419e+01
  1.19422479e+01 3.79583535e+00 1.94169448e+00 1.10804262e+00]
 [5.27170724e+00 3.92671239e+00 1.77424399e-01 9.51253240e-01
  1.21361422e+01 1.22433519e+01 2.35546576e+00 9.83790335e-02
  9.99130782e-01 1.20632365e+01 6.85378405e-01 1.00632450e+01
  3.85242749e-01 1.91265079e-01 1.16940569e+00 1.22847609e-01
  4.58742709e-01 1.91530825e-01 4.86483012e+00 1.00029873e+01
  1.82499575e-01 7.95989355e-01 2.79841240e+03 8.82492346e+01
  4.21955087e-01 2.20808822e-01 1.07935692e+01 3.99393750e+01
  7.89025053e+02 2.58966037e+02 7.41273587e-01 3.35594238e-01
  3.83479700e-01 2.75838926e-01 5.87466138e+00 4.43740361e-01
  1.55828143e-01 3.63060458e+00 2.95036829e+01 3.36336941e+00
  2.56742237e-01 6.39145024e-02 7.60446032e+00 1.84174579e-01
  4.60105115e-01 3.77905050e+00 6.42780857e+00 2.78724348e+00
  3.04936272e-01 5.81972306e+00 8.28702922e-01 9.93920770e-01
  1.49881299e+00 5.98901362e+00 9.47055996e+00 3.11612138e+02
  2.64527841e+00 6.39390835e+02 1.12986821e+00 2.40039128e-01
  2.46539336e+04 1.58953312e+00 1.98105699e-01 1.37235716e+00]
 [2.73455644e-01 1.69995992e+00 6.18327005e+00 6.70221999e-01
  2.66967304e+01 7.02428147e-01 4.07631949e+01 5.59798316e-01
  4.51206357e-01 1.18681829e-01 3.43976689e+01 4.45288346e+01
  4.92583081e-01 1.59030928e-01 3.61589768e-01 2.03138349e+01
  1.07359971e+00 1.08480901e+00 1.28151850e+00 3.16905449e-01
  3.16577503e-01 2.60078696e+01 1.22016811e+01 1.95759602e+00
  1.36470399e+00 4.98636644e+01 1.98489151e+00 5.94941307e-01
  4.54910455e+01 8.87817974e-02 7.24210897e-01 4.97036888e-01
  3.23298545e-01 7.96333522e-01 1.47832598e-01 1.39551736e+00
  4.30555082e-01 9.67837085e+02 7.06280204e+00 1.41893964e+00
  3.73512170e+00 5.88410328e-01 1.46003602e+01 3.22856548e-01
  1.83343713e+03 2.42622138e+00 6.98650004e-01 4.98768553e+00
  2.34334238e-01 8.57104486e+00 2.97095757e+01 1.44664692e+00
  5.68772993e+00 2.94490988e+00 7.40658607e+00 8.90827271e+00
  3.50451989e-01 9.98501313e-01 9.00084759e-01 1.29735790e+00
  2.36993705e+00 5.09518242e-01 5.57557052e-01 1.81811050e-01]
 [3.74082183e+01 1.28534710e+00 5.57883811e+00 8.06188126e-01
  8.35674909e-01 1.03236355e+01 3.63844900e-01 4.54081739e-01
  1.55016734e+01 3.59408550e-01 1.70364283e+01 6.52076045e-01
  5.64489030e+01 3.11310625e+00 9.26622906e-01 5.36988308e-01
  3.11868930e+00 1.40648787e+01 1.84103675e-01 1.40730902e+00
  7.72047391e-01 9.21151078e+01 2.03745031e-01 1.55947400e-01
  2.82244876e+00 9.47636177e-01 2.46855672e-01 2.41956870e+00
  1.85064468e+01 1.68110796e+00 8.15967959e-02 3.88745042e+03
  1.22670071e+00 8.87430286e+02 2.07514955e-01 3.65764865e-01
  1.79332789e+01 9.00690121e+00 1.83001627e+03 6.09081459e+00
  2.34700286e+00 1.56175477e-01 8.31203523e+00 2.68861398e+00
  1.32254592e+00 3.80015199e+00 2.13498018e+02 1.93886106e+00
  2.87384145e+00 3.85781804e-01 3.77945951e+01 5.67685263e-01
  7.57245543e-01 9.98591077e+00 2.36549279e+00 5.13486724e+00
  2.42996667e+00 4.03076477e-01 2.87578486e-01 3.85208474e+00
  2.63322505e+00 1.00449452e+00 1.01100918e+00 1.11782694e+01]
 [1.00274515e+01 7.13226310e-01 1.04024479e+00 9.36120558e+04
  3.19492662e+00 9.20688810e-01 1.44987255e+02 2.79238883e+02
  3.79886117e+01 1.98715114e+01 6.13626689e-01 1.20560113e-01
  4.51530015e+01 1.02386876e+00 9.02306052e-02 7.53930978e-02
  2.37565947e+01 2.67887995e+00 1.60031423e+00 2.08248075e-01
  7.45721282e+01 1.63961214e+00 3.50188132e-01 2.82988211e+02
  8.71786144e-02 2.74559287e-01 1.38468666e-01 1.37230464e+01
  1.26952699e+01 3.83626304e+01 3.62924510e-01 1.98482347e-01
  1.11213491e-01 4.43518458e-01 6.03304046e-02 3.51959510e-01
  4.56640023e-01 8.00338471e-01 6.80706871e-01 1.05798122e+01
  2.96179671e+00 1.91994127e-01 1.15215335e+01 3.58507998e+01
  1.95809915e-01 4.36268103e-01 1.96691672e+01 5.68594444e+01
  1.41761380e+00 4.81188701e+00 1.80230312e-01 2.74033410e+02
  7.04485187e-01 3.38134418e-01 1.87898037e-01 4.62087946e-01
  7.87692055e-01 9.16817115e+00 8.84091744e+00 2.70062814e-01
  1.47291626e+00 2.43492902e+01 3.21615491e-01 7.40227120e-01]]
