1
50
2023-11-14 18:31:08
100
2023-11-14 18:33:56
elapsed:  325.1  seconds
150
2023-11-14 18:36:47
200
2023-11-14 18:39:34
elapsed:  663.1  seconds
250
2023-11-14 18:42:20
300
2023-11-14 18:45:03
elapsed:  992.9  seconds
350
2023-11-14 18:47:50
/projects/muyang@colostate.edu/software/anaconda/envs/testenv/lib/python3.11/site-packages/numpy/lib/function_base.py:2455: RuntimeWarning: divide by zero encountered in func (vectorized)
  outputs = ufunc(*inputs)
/projects/muyang@colostate.edu/software/anaconda/envs/testenv/lib/python3.11/site-packages/numpy/lib/function_base.py:2455: RuntimeWarning: invalid value encountered in func (vectorized)
  outputs = ufunc(*inputs)
/projects/muyang@colostate.edu/software/anaconda/envs/testenv/lib/python3.11/site-packages/numpy/lib/function_base.py:2455: RuntimeWarning: divide by zero encountered in func (vectorized)
  outputs = ufunc(*inputs)
/projects/muyang@colostate.edu/software/anaconda/envs/testenv/lib/python3.11/site-packages/numpy/lib/function_base.py:2455: RuntimeWarning: invalid value encountered in func (vectorized)
  outputs = ufunc(*inputs)
400
2023-11-14 18:50:38
elapsed:  1327.1  seconds
/projects/muyang@colostate.edu/software/anaconda/envs/testenv/lib/python3.11/site-packages/numpy/lib/function_base.py:2455: RuntimeWarning: divide by zero encountered in func (vectorized)
  outputs = ufunc(*inputs)
/projects/muyang@colostate.edu/software/anaconda/envs/testenv/lib/python3.11/site-packages/numpy/lib/function_base.py:2455: RuntimeWarning: invalid value encountered in func (vectorized)
  outputs = ufunc(*inputs)
450
2023-11-14 18:53:29
/projects/muyang@colostate.edu/software/anaconda/envs/testenv/lib/python3.11/site-packages/numpy/lib/function_base.py:2455: RuntimeWarning: divide by zero encountered in func (vectorized)
  outputs = ufunc(*inputs)
/projects/muyang@colostate.edu/software/anaconda/envs/testenv/lib/python3.11/site-packages/numpy/lib/function_base.py:2455: RuntimeWarning: invalid value encountered in func (vectorized)
  outputs = ufunc(*inputs)
/projects/muyang@colostate.edu/software/anaconda/envs/testenv/lib/python3.11/site-packages/numpy/lib/function_base.py:2455: RuntimeWarning: divide by zero encountered in func (vectorized)
  outputs = ufunc(*inputs)
/projects/muyang@colostate.edu/software/anaconda/envs/testenv/lib/python3.11/site-packages/numpy/lib/function_base.py:2455: RuntimeWarning: invalid value encountered in func (vectorized)
  outputs = ufunc(*inputs)
500
2023-11-14 18:56:18
elapsed:  1667.6  seconds
550
2023-11-14 18:59:04
600
2023-11-14 19:01:52
elapsed:  2001.3  seconds
/projects/muyang@colostate.edu/software/anaconda/envs/testenv/lib/python3.11/site-packages/numpy/lib/function_base.py:2455: RuntimeWarning: divide by zero encountered in func (vectorized)
  outputs = ufunc(*inputs)
/projects/muyang@colostate.edu/software/anaconda/envs/testenv/lib/python3.11/site-packages/numpy/lib/function_base.py:2455: RuntimeWarning: invalid value encountered in func (vectorized)
  outputs = ufunc(*inputs)
/projects/muyang@colostate.edu/software/anaconda/envs/testenv/lib/python3.11/site-packages/numpy/lib/function_base.py:2455: RuntimeWarning: divide by zero encountered in func (vectorized)
  outputs = ufunc(*inputs)
/projects/muyang@colostate.edu/software/anaconda/envs/testenv/lib/python3.11/site-packages/numpy/lib/function_base.py:2455: RuntimeWarning: invalid value encountered in func (vectorized)
  outputs = ufunc(*inputs)
650
2023-11-14 19:04:46
700
2023-11-14 19:07:38
elapsed:  2347.7  seconds
750
2023-11-14 19:10:32
800
2023-11-14 19:13:22
elapsed:  2691.9  seconds
/projects/muyang@colostate.edu/software/anaconda/envs/testenv/lib/python3.11/site-packages/numpy/lib/function_base.py:2455: RuntimeWarning: divide by zero encountered in func (vectorized)
  outputs = ufunc(*inputs)
/projects/muyang@colostate.edu/software/anaconda/envs/testenv/lib/python3.11/site-packages/numpy/lib/function_base.py:2455: RuntimeWarning: invalid value encountered in func (vectorized)
  outputs = ufunc(*inputs)
850
2023-11-14 19:16:14
/projects/muyang@colostate.edu/software/anaconda/envs/testenv/lib/python3.11/site-packages/numpy/lib/function_base.py:2455: RuntimeWarning: divide by zero encountered in func (vectorized)
  outputs = ufunc(*inputs)
/projects/muyang@colostate.edu/software/anaconda/envs/testenv/lib/python3.11/site-packages/numpy/lib/function_base.py:2455: RuntimeWarning: invalid value encountered in func (vectorized)
  outputs = ufunc(*inputs)
900
2023-11-14 19:19:07
elapsed:  3036.1  seconds
950
2023-11-14 19:22:02
1000
2023-11-14 19:24:55
elapsed:  3384.7  seconds
/projects/muyang@colostate.edu/software/anaconda/envs/testenv/lib/python3.11/site-packages/numpy/lib/function_base.py:2455: RuntimeWarning: divide by zero encountered in func (vectorized)
  outputs = ufunc(*inputs)
/projects/muyang@colostate.edu/software/anaconda/envs/testenv/lib/python3.11/site-packages/numpy/lib/function_base.py:2455: RuntimeWarning: invalid value encountered in func (vectorized)
  outputs = ufunc(*inputs)
1050
2023-11-14 19:27:50
1100
2023-11-14 19:30:38
elapsed:  3727.5  seconds
1150
2023-11-14 19:33:28
1200
2023-11-14 19:36:18
elapsed:  4067.5  seconds
1250
2023-11-14 19:39:13
1300
2023-11-14 19:42:05
elapsed:  4414.1  seconds
/projects/muyang@colostate.edu/software/anaconda/envs/testenv/lib/python3.11/site-packages/numpy/lib/function_base.py:2455: RuntimeWarning: divide by zero encountered in func (vectorized)
  outputs = ufunc(*inputs)
/projects/muyang@colostate.edu/software/anaconda/envs/testenv/lib/python3.11/site-packages/numpy/lib/function_base.py:2455: RuntimeWarning: invalid value encountered in func (vectorized)
  outputs = ufunc(*inputs)
1350
2023-11-14 19:44:57
1400
2023-11-14 19:47:50
elapsed:  4759.5  seconds
1450
2023-11-14 19:50:44
1500
2023-11-14 19:53:33
elapsed:  5102.3  seconds
1550
2023-11-14 19:56:25
1600
2023-11-14 19:59:17
elapsed:  5446.3  seconds
1650
2023-11-14 20:02:12
/projects/muyang@colostate.edu/software/anaconda/envs/testenv/lib/python3.11/site-packages/numpy/lib/function_base.py:2455: RuntimeWarning: divide by zero encountered in func (vectorized)
  outputs = ufunc(*inputs)
/projects/muyang@colostate.edu/software/anaconda/envs/testenv/lib/python3.11/site-packages/numpy/lib/function_base.py:2455: RuntimeWarning: invalid value encountered in func (vectorized)
  outputs = ufunc(*inputs)
1700
2023-11-14 20:05:07
elapsed:  5796.4  seconds
/projects/muyang@colostate.edu/software/anaconda/envs/testenv/lib/python3.11/site-packages/numpy/lib/function_base.py:2455: RuntimeWarning: divide by zero encountered in func (vectorized)
  outputs = ufunc(*inputs)
/projects/muyang@colostate.edu/software/anaconda/envs/testenv/lib/python3.11/site-packages/numpy/lib/function_base.py:2455: RuntimeWarning: invalid value encountered in func (vectorized)
  outputs = ufunc(*inputs)
1750
2023-11-14 20:08:01
1800
2023-11-14 20:10:52
elapsed:  6141.8  seconds
1850
2023-11-14 20:13:47
1900
2023-11-14 20:16:40
elapsed:  6489.5  seconds
/projects/muyang@colostate.edu/software/anaconda/envs/testenv/lib/python3.11/site-packages/numpy/lib/function_base.py:2455: RuntimeWarning: divide by zero encountered in func (vectorized)
  outputs = ufunc(*inputs)
/projects/muyang@colostate.edu/software/anaconda/envs/testenv/lib/python3.11/site-packages/numpy/lib/function_base.py:2455: RuntimeWarning: invalid value encountered in func (vectorized)
  outputs = ufunc(*inputs)
1950
2023-11-14 20:19:37
2000
2023-11-14 20:22:31
elapsed:  6840.5  seconds
2050
2023-11-14 20:25:21
2100
2023-11-14 20:28:10
elapsed:  7179.2  seconds
2150
2023-11-14 20:31:00
2200
2023-11-14 20:33:48
elapsed:  7517.1  seconds
2250
2023-11-14 20:36:35
2300
2023-11-14 20:39:20
elapsed:  7849.4  seconds
2350
2023-11-14 20:42:07
2400
2023-11-14 20:44:53
elapsed:  8182.5  seconds
2450
2023-11-14 20:47:42
2500
2023-11-14 20:50:31
elapsed:  8520.6  seconds
2550
2023-11-14 20:53:22
2600
2023-11-14 20:56:14
elapsed:  8863.2  seconds
2650
2023-11-14 20:59:07
2700
2023-11-14 21:01:58
elapsed:  9207.8  seconds
2750
2023-11-14 21:04:51
2800
2023-11-14 21:07:42
elapsed:  9551.8  seconds
2850
2023-11-14 21:10:34
2900
2023-11-14 21:13:22
elapsed:  9891.7  seconds
2950
2023-11-14 21:16:15
3000
2023-11-14 21:19:05
elapsed:  10234.2  seconds
3050
2023-11-14 21:21:58
3100
2023-11-14 21:24:49
elapsed:  10578.9  seconds
3150
2023-11-14 21:27:41
3200
2023-11-14 21:30:30
elapsed:  10919.9  seconds
3250
2023-11-14 21:33:23
3300
2023-11-14 21:36:15
elapsed:  11264.6  seconds
3350
2023-11-14 21:39:09
3400
2023-11-14 21:42:03
elapsed:  11612.1  seconds
3450
2023-11-14 21:44:56
3500
2023-11-14 21:47:47
elapsed:  11956.9  seconds
3550
2023-11-14 21:50:37
3600
2023-11-14 21:53:26
elapsed:  12295.3  seconds
3650
2023-11-14 21:56:19
3700
2023-11-14 21:59:12
elapsed:  12641.8  seconds
3750
2023-11-14 22:02:08
/projects/muyang@colostate.edu/software/anaconda/envs/testenv/lib/python3.11/site-packages/numpy/lib/function_base.py:2455: RuntimeWarning: divide by zero encountered in func (vectorized)
  outputs = ufunc(*inputs)
/projects/muyang@colostate.edu/software/anaconda/envs/testenv/lib/python3.11/site-packages/numpy/lib/function_base.py:2455: RuntimeWarning: invalid value encountered in func (vectorized)
  outputs = ufunc(*inputs)
/projects/muyang@colostate.edu/software/anaconda/envs/testenv/lib/python3.11/site-packages/numpy/lib/function_base.py:2455: RuntimeWarning: divide by zero encountered in func (vectorized)
  outputs = ufunc(*inputs)
/projects/muyang@colostate.edu/software/anaconda/envs/testenv/lib/python3.11/site-packages/numpy/lib/function_base.py:2455: RuntimeWarning: invalid value encountered in func (vectorized)
  outputs = ufunc(*inputs)
3800
2023-11-14 22:05:02
elapsed:  12991.4  seconds
/projects/muyang@colostate.edu/software/anaconda/envs/testenv/lib/python3.11/site-packages/numpy/lib/function_base.py:2455: RuntimeWarning: divide by zero encountered in func (vectorized)
  outputs = ufunc(*inputs)
/projects/muyang@colostate.edu/software/anaconda/envs/testenv/lib/python3.11/site-packages/numpy/lib/function_base.py:2455: RuntimeWarning: invalid value encountered in func (vectorized)
  outputs = ufunc(*inputs)
3850
2023-11-14 22:07:59
3900
2023-11-14 22:10:52
elapsed:  13341.7  seconds
/projects/muyang@colostate.edu/software/anaconda/envs/testenv/lib/python3.11/site-packages/numpy/lib/function_base.py:2455: RuntimeWarning: divide by zero encountered in func (vectorized)
  outputs = ufunc(*inputs)
/projects/muyang@colostate.edu/software/anaconda/envs/testenv/lib/python3.11/site-packages/numpy/lib/function_base.py:2455: RuntimeWarning: invalid value encountered in func (vectorized)
  outputs = ufunc(*inputs)
3950
2023-11-14 22:13:49
4000
2023-11-14 22:16:43
elapsed:  13692.0  seconds
4050
2023-11-14 22:19:38
4100
2023-11-14 22:22:29
elapsed:  14038.3  seconds
4150
2023-11-14 22:25:20
4200
2023-11-14 22:28:09
elapsed:  14378.7  seconds
4250
2023-11-14 22:31:01
4300
2023-11-14 22:33:51
elapsed:  14720.2  seconds
4350
2023-11-14 22:36:44
4400
2023-11-14 22:39:35
elapsed:  15064.7  seconds
4450
2023-11-14 22:42:28
4500
2023-11-14 22:45:21
elapsed:  15410.9  seconds
4550
2023-11-14 22:48:14
4600
2023-11-14 22:51:02
elapsed:  15751.3  seconds
4650
2023-11-14 22:53:54
4700
2023-11-14 22:56:49
elapsed:  16098.0  seconds
/projects/muyang@colostate.edu/software/anaconda/envs/testenv/lib/python3.11/site-packages/numpy/lib/function_base.py:2455: RuntimeWarning: divide by zero encountered in func (vectorized)
  outputs = ufunc(*inputs)
/projects/muyang@colostate.edu/software/anaconda/envs/testenv/lib/python3.11/site-packages/numpy/lib/function_base.py:2455: RuntimeWarning: invalid value encountered in func (vectorized)
  outputs = ufunc(*inputs)
/projects/muyang@colostate.edu/software/anaconda/envs/testenv/lib/python3.11/site-packages/numpy/lib/function_base.py:2455: RuntimeWarning: divide by zero encountered in func (vectorized)
  outputs = ufunc(*inputs)
/projects/muyang@colostate.edu/software/anaconda/envs/testenv/lib/python3.11/site-packages/numpy/lib/function_base.py:2455: RuntimeWarning: invalid value encountered in func (vectorized)
  outputs = ufunc(*inputs)
/projects/muyang@colostate.edu/software/anaconda/envs/testenv/lib/python3.11/site-packages/numpy/lib/function_base.py:2455: RuntimeWarning: divide by zero encountered in func (vectorized)
  outputs = ufunc(*inputs)
/projects/muyang@colostate.edu/software/anaconda/envs/testenv/lib/python3.11/site-packages/numpy/lib/function_base.py:2455: RuntimeWarning: invalid value encountered in func (vectorized)
  outputs = ufunc(*inputs)
4750
2023-11-14 22:59:44
/projects/muyang@colostate.edu/software/anaconda/envs/testenv/lib/python3.11/site-packages/numpy/lib/function_base.py:2455: RuntimeWarning: divide by zero encountered in func (vectorized)
  outputs = ufunc(*inputs)
/projects/muyang@colostate.edu/software/anaconda/envs/testenv/lib/python3.11/site-packages/numpy/lib/function_base.py:2455: RuntimeWarning: invalid value encountered in func (vectorized)
  outputs = ufunc(*inputs)
4800
2023-11-14 23:02:37
elapsed:  16446.8  seconds
4850
2023-11-14 23:05:31
/projects/muyang@colostate.edu/software/anaconda/envs/testenv/lib/python3.11/site-packages/numpy/lib/function_base.py:2455: RuntimeWarning: divide by zero encountered in func (vectorized)
  outputs = ufunc(*inputs)
/projects/muyang@colostate.edu/software/anaconda/envs/testenv/lib/python3.11/site-packages/numpy/lib/function_base.py:2455: RuntimeWarning: invalid value encountered in func (vectorized)
  outputs = ufunc(*inputs)
4900
2023-11-14 23:08:22
elapsed:  16791.6  seconds
/projects/muyang@colostate.edu/software/anaconda/envs/testenv/lib/python3.11/site-packages/numpy/lib/function_base.py:2455: RuntimeWarning: divide by zero encountered in func (vectorized)
  outputs = ufunc(*inputs)
/projects/muyang@colostate.edu/software/anaconda/envs/testenv/lib/python3.11/site-packages/numpy/lib/function_base.py:2455: RuntimeWarning: invalid value encountered in func (vectorized)
  outputs = ufunc(*inputs)
4950
2023-11-14 23:11:13
elapsed:  17129.6  seconds
total time:  17134.7  seconds
true R:  [[5.78464231e-01 8.28597489e-01 7.27496946e-01 2.52131512e+02
  3.90815478e+01 1.09845758e-01 3.14526720e+00 6.99858613e-01
  2.62558933e+00 3.76810884e+01 4.68680734e-01 1.57415794e-01
  3.35007319e-01 3.92068102e-01 2.22485345e-01 1.64775406e-01
  3.91652004e-01 1.33994665e-01 9.28789128e+02 3.04829242e-01
  8.82358650e+01 1.28952386e+00 1.88458219e+00 9.86633543e-01
  3.31054521e-01 1.85351047e-01 3.45787333e-01 1.98149610e+00
  1.24762656e+00 3.54188925e-01 2.67568984e-01 1.40990239e+00
  2.39605436e+00 6.22698747e+02 1.75799463e+01 3.42350227e+01
  5.14015090e-01 1.08563691e+00 2.40578960e-01 1.88020483e-01
  4.15797521e-01 2.12565036e+01 5.82516610e-01 1.15940852e+01
  7.47356043e-01 4.40127721e+00 9.16157611e+00 1.61798309e-01
  8.41874076e-01 7.94805404e-01 4.52653706e-01 4.06081964e+00
  3.22748119e+00 1.24393405e+00 1.65686470e-01 2.06447650e-01
  1.70921859e+00 2.45368512e+01 9.43857769e-01 1.26854034e+00
  8.32669695e-01 1.78527100e+00 2.02013667e-01 3.59862452e+00]
 [6.36518034e-01 3.46546658e-01 9.04238754e-01 2.27393803e-01
  1.21949169e-01 2.96565239e+00 4.57195008e+00 1.24151273e+00
  1.76331509e-01 4.30965387e+00 2.83295793e+00 6.57020487e-01
  8.00560254e-02 1.68463908e+03 4.75811095e+01 4.08154205e-01
  1.75512058e+00 5.97292466e-01 2.22961661e+01 1.59175240e+01
  4.61602179e+00 6.00200263e+00 5.86528804e-01 3.15845060e+00
  5.43450174e-01 4.94108644e+00 3.28131285e-01 3.82144428e+00
  5.41881481e-01 1.64845118e+00 1.27663867e+00 7.97452886e-01
  2.83921229e-01 5.64489766e-01 1.63034426e+00 9.17128000e+01
  2.06287497e-01 2.58154369e-01 5.56132437e+00 2.69354342e+00
  7.09545006e+00 8.97217948e-01 1.20350359e+00 2.91622192e+00
  1.57313235e+00 3.93812727e-01 2.13962400e+00 1.24491439e-01
  3.54345890e+00 3.00489225e+00 4.49747531e+00 8.34433803e+02
  4.41790205e-01 5.74853137e+01 1.82733360e+00 4.30783370e-01
  1.82400455e+02 5.27605713e-02 9.69827937e-01 4.31150436e-01
  7.41388967e-01 9.80628379e-01 1.21867380e+01 6.97929491e-01]
 [1.86237047e+00 1.14182894e+01 7.20804956e-02 2.35861869e-01
  1.31023893e+00 1.35691941e+02 1.11968816e+00 4.74758219e-01
  2.39253201e-01 8.49509617e-01 3.13433724e-01 2.83593787e-01
  2.06456011e+00 1.18915065e+00 1.98048648e+00 5.97122034e-01
  1.14635713e+00 5.65860095e-01 1.50999153e+00 4.05160430e+01
  5.75141316e+01 7.25204746e+00 9.39419138e-01 3.21015663e-01
  2.80511429e-01 9.16099698e-02 4.36287852e-01 3.20144217e+00
  1.72710437e-01 2.31773601e+00 2.86698496e+00 1.02471858e+04
  1.80014539e-01 3.63174718e+01 4.24514620e+00 4.23902458e+01
  2.42519593e-01 2.79640157e-01 2.48631778e+02 3.08642393e-01
  9.69649415e+00 6.51665345e+00 2.63636337e+00 2.79907312e+00
  4.29151979e-01 9.33713869e-01 2.62609712e+01 1.49171756e-01
  1.55955353e-01 3.16548568e+03 4.70540881e-01 1.52040409e+00
  3.58079454e+01 2.32124589e+04 1.02698350e-01 3.06608554e+00
  1.53597026e+00 2.07162116e+02 1.95406317e+00 9.84314277e-01
  8.36321951e-01 3.99385665e+00 3.45659911e-01 2.35932518e+00]
 [2.89455867e+01 7.58069513e+00 9.28182241e-01 5.21679133e-01
  1.84896709e-01 1.33154931e+00 2.66748952e-01 2.29462476e+00
  2.13167726e+00 1.85944486e+00 1.10325935e+02 4.84327722e-01
  1.54842297e-01 2.94358642e+01 1.48782712e+00 1.61235873e+00
  1.26886067e-01 4.40838307e+00 4.09697718e-01 7.74236845e-01
  1.07424911e-01 6.35490180e-01 5.21996677e-01 4.65224813e-01
  2.27112431e-01 2.63217952e-01 3.76314137e-01 6.76710875e+00
  7.66167587e-01 8.10632677e-01 8.02859576e+00 1.28966229e+00
  5.95988124e-01 1.82241236e+01 2.55058215e-01 1.02525162e+00
  1.00426443e+01 4.81507515e+00 2.11799845e-01 8.50832467e-01
  2.15551607e+02 6.83500365e+01 1.68779010e+02 3.44145597e-01
  1.21426351e+00 2.97437595e+01 4.32049705e+01 1.18155260e+02
  3.23978219e+01 2.68012052e-01 2.48328825e+00 9.53930205e+00
  2.85613881e+00 3.92333644e-01 1.53746623e+00 5.32991016e-01
  2.13542906e+00 1.79775947e+00 1.49571240e+01 1.34569986e-01
  1.56994408e+00 1.28593496e+00 1.12531627e+00 4.29480124e-01]
 [1.72439882e+00 6.51319108e+01 7.92267977e+00 1.90631545e-01
  3.25523587e+00 2.61491410e-01 5.11606177e+00 5.40261839e-01
  1.73273194e+01 1.21878550e+00 1.45131557e-01 2.56157031e+01
  2.18400903e-01 2.16119684e+00 1.33901238e+00 7.08349256e+01
  1.02240756e+00 6.65111784e-01 1.27530368e+00 9.92426171e-02
  2.97509404e+00 5.82861247e-01 1.85512318e+00 2.62282089e+00
  7.29012851e+01 9.90806174e-01 8.34777519e-02 4.77360411e-01
  2.43421813e+01 1.61800180e+00 1.96094652e+00 5.82058276e-01
  7.47634354e-01 1.93502803e-01 2.83693247e+00 6.53553632e-01
  9.23877956e-01 4.26562757e+01 2.18609351e-01 4.30071403e-01
  7.19761506e-01 6.32787386e+02 2.63416785e+00 5.70368765e+00
  1.82008182e+02 1.28023549e+00 6.30727738e-01 3.71361051e-01
  1.17720020e+00 2.13663381e-01 9.09053273e-01 3.94412060e+00
  5.05183737e-01 4.05380513e-01 1.15635314e-01 9.30717716e-02
  1.16478718e+00 1.79949002e+00 1.98614151e-01 1.82563689e+00
  2.40045767e-01 2.22439796e+00 1.77218654e-01 2.38651875e-01]
 [7.08971573e-02 3.50380143e-01 1.54316683e+00 4.33999349e-01
  1.96804611e+01 7.86283133e+00 4.88847612e-01 9.81259027e-01
  3.54894305e+00 1.13202981e+02 1.12128685e+02 6.49492273e-01
  2.92890046e+00 1.09048509e+01 1.61132733e-01 6.66054127e-01
  5.02299679e+00 3.17493302e-01 9.06560358e+00 5.20175387e+00
  8.53611070e-01 2.58090766e+00 8.34302416e-01 2.65036386e+00
  4.64672646e+00 2.75523750e-01 1.63121519e+00 1.27317259e+03
  6.56686459e-01 1.21588975e+00 2.43017319e+03 5.26229072e-01
  3.27783790e-01 9.69787802e-02 4.20523612e-01 3.96892879e-01
  9.31262325e-01 1.07441836e+00 3.06888479e-01 8.29076753e+00
  3.44766914e-01 1.27957514e+00 3.18501960e+00 7.97008307e-01
  3.33144404e-01 3.69622369e+00 5.23863377e-01 4.93114189e-01
  7.83459406e-01 6.33137788e+00 1.36214919e+00 5.14808528e-01
  1.93290288e+00 1.55527135e+00 1.21988619e+00 8.25782118e+00
  5.56059912e-01 1.17280561e-01 2.12393491e+01 3.60697145e+00
  4.16446947e-01 4.04429720e-01 6.66312800e-01 1.66982936e-01]
 [2.54970216e-01 5.91273634e+00 4.98365533e+00 1.77536463e+02
  1.83175082e+00 1.04300924e+00 2.58785376e-01 2.06270882e+00
  2.00648523e+01 2.70259735e-01 5.56347921e+00 2.73307855e+00
  1.31889751e+00 5.26786244e+00 3.57151651e+00 6.32304258e+01
  6.38967191e+00 6.17301912e-01 4.13815342e+03 3.12444204e+00
  6.55320712e+00 2.21005471e+00 6.08789374e+01 3.30868177e+00
  1.34352657e+00 1.38468130e+01 2.96681173e-01 1.24567515e-01
  1.52757721e+00 1.66572640e-01 4.17209847e-01 2.54469790e+00
  5.24632807e+02 1.00242852e+00 4.56985398e-02 5.88904364e-01
  4.51108613e-01 1.36087440e+01 2.92666937e-01 1.65919328e-01
  2.41695075e-01 1.05798583e+00 5.57208494e-01 1.57089967e-01
  2.87889690e+00 7.22699271e+00 4.33752420e+01 2.27519224e-01
  9.44115266e-02 4.33090131e-01 7.84696951e-01 1.36652387e-01
  1.12253464e-01 1.16519952e+00 4.97664081e-01 1.61172210e+00
  2.58479343e+00 1.59565346e+01 1.26203853e+04 6.82541055e-01
  1.99797991e+00 1.47862753e+00 1.57875476e+01 2.77699424e+01]
 [3.90184944e-01 2.02058604e+03 1.82885894e-01 3.11690797e+00
  2.26363300e-01 6.36499839e-01 1.15606408e+00 1.90063001e+00
  1.15552382e-01 6.03509131e-01 9.64301287e-01 2.75932756e+01
  1.20732934e+00 2.51373606e-01 2.28365776e-01 8.88774599e-01
  7.73018301e-01 2.57983318e+00 6.11471854e-01 2.20522790e+00
  4.12198208e-01 3.40207087e-01 1.32438655e+00 3.74698547e+00
  1.17999876e+00 5.99744634e-01 2.13069521e-01 1.47980158e+01
  1.94494887e+00 9.40789776e+01 3.50165530e-01 5.64972352e-01
  1.27655968e+00 1.00378657e+00 1.59906337e+00 4.59419661e-01
  9.56931542e-01 5.69525395e+00 7.25356712e-01 2.94020532e-01
  2.08378325e+00 7.11656715e-02 1.40653490e+02 5.97261110e+00
  3.61976959e-01 1.00086878e+01 8.92923369e-01 2.34089298e+00
  3.60380238e+00 6.34993220e-01 2.02498307e+00 3.83543754e+01
  2.05272628e+01 2.77462895e+01 8.17391386e-02 1.97271382e+00
  5.39684179e-01 1.78527287e+00 3.45808828e-01 8.44357755e+02
  8.03126747e-01 1.03450094e+00 4.89660647e-01 9.71239332e-01]
 [2.72414800e-01 4.82521704e-01 1.12338124e+01 1.77910386e+00
  3.09323449e-01 6.78391042e+00 2.68685413e-01 4.39325407e+00
  4.86743851e-01 6.55479581e+00 2.12538110e-01 2.88701722e+00
  2.81671994e+02 4.03447452e-01 1.17667770e+00 1.41582985e+00
  7.83339557e+00 1.75035911e+01 4.34215840e-01 1.30212787e-01
  7.80368185e-02 6.64564689e+01 2.23624741e+00 1.25923352e+00
  1.15214143e+00 4.54488319e-01 7.90637212e-01 2.06912217e-01
  3.44264569e-01 2.11729122e+00 4.03251251e+00 5.47673934e-01
  2.75133798e+00 7.23638747e-01 2.26890708e-01 6.00796667e-02
  1.52699533e+01 8.86480334e-01 1.87405543e+00 7.59949903e-01
  2.71480375e+00 8.46712779e+00 2.12544725e-01 1.84537747e-01
  9.11093872e+00 1.39092371e-01 7.90453314e-01 1.05536794e-01
  3.32353921e+00 6.13974149e+01 2.46846409e+00 6.27221147e+02
  5.86403707e+00 6.31052198e+00 4.08045055e-01 2.74521896e-01
  5.60619937e+02 2.51816435e-01 7.87826332e-01 6.28990166e-01
  2.26794138e-01 1.08918397e-01 1.45973415e+00 6.57064463e-01]]
