1
50
2023-11-08 10:05:45
100
2023-11-08 10:07:26
elapsed:  196.3  seconds
150
2023-11-08 10:09:12
200
2023-11-08 10:10:46
elapsed:  396.6  seconds
250
2023-11-08 10:12:31
300
2023-11-08 10:14:28
elapsed:  618.0  seconds
/projects/muyang@colostate.edu/software/anaconda/envs/testenv/lib/python3.11/site-packages/numpy/lib/function_base.py:2455: RuntimeWarning: divide by zero encountered in func (vectorized)
  outputs = ufunc(*inputs)
/projects/muyang@colostate.edu/software/anaconda/envs/testenv/lib/python3.11/site-packages/numpy/lib/function_base.py:2455: RuntimeWarning: invalid value encountered in func (vectorized)
  outputs = ufunc(*inputs)
350
2023-11-08 10:16:17
400
2023-11-08 10:18:12
elapsed:  842.5  seconds
450
2023-11-08 10:20:00
500
2023-11-08 10:21:44
elapsed:  1054.7  seconds
550
2023-11-08 10:23:40
600
2023-11-08 10:25:38
elapsed:  1288.4  seconds
650
2023-11-08 10:27:27
700
2023-11-08 10:29:09
elapsed:  1499.7  seconds
750
2023-11-08 10:31:04
800
2023-11-08 10:32:56
elapsed:  1725.8  seconds
850
2023-11-08 10:34:49
900
2023-11-08 10:36:42
elapsed:  1952.7  seconds
950
2023-11-08 10:38:41
1000
2023-11-08 10:40:39
elapsed:  2188.9  seconds
1050
2023-11-08 10:42:36
1100
2023-11-08 10:44:35
elapsed:  2425.0  seconds
1150
2023-11-08 10:46:29
1200
2023-11-08 10:48:23
elapsed:  2653.4  seconds
1250
2023-11-08 10:50:14
1300
2023-11-08 10:52:14
elapsed:  2884.6  seconds
1350
2023-11-08 10:54:19
1400
2023-11-08 10:56:18
elapsed:  3128.6  seconds
1450
2023-11-08 10:58:09
1500
2023-11-08 11:00:01
elapsed:  3351.6  seconds
1550
2023-11-08 11:01:55
/projects/muyang@colostate.edu/software/anaconda/envs/testenv/lib/python3.11/site-packages/numpy/lib/function_base.py:2455: RuntimeWarning: divide by zero encountered in func (vectorized)
  outputs = ufunc(*inputs)
/projects/muyang@colostate.edu/software/anaconda/envs/testenv/lib/python3.11/site-packages/numpy/lib/function_base.py:2455: RuntimeWarning: invalid value encountered in func (vectorized)
  outputs = ufunc(*inputs)
1600
2023-11-08 11:03:49
elapsed:  3579.3  seconds
1650
2023-11-08 11:05:50
1700
2023-11-08 11:07:39
elapsed:  3809.8  seconds
1750
2023-11-08 11:09:42
1800
2023-11-08 11:11:41
elapsed:  4050.9  seconds
1850
2023-11-08 11:13:43
1900
2023-11-08 11:15:44
elapsed:  4293.9  seconds
1950
2023-11-08 11:17:43
2000
2023-11-08 11:19:40
elapsed:  4530.3  seconds
2050
2023-11-08 11:21:30
2100
2023-11-08 11:23:29
elapsed:  4758.9  seconds
2150
2023-11-08 11:25:26
2200
2023-11-08 11:27:22
elapsed:  4991.8  seconds
2250
2023-11-08 11:29:20
2300
2023-11-08 11:31:09
elapsed:  5218.8  seconds
2350
2023-11-08 11:33:01
2400
2023-11-08 11:34:58
elapsed:  5448.6  seconds
2450
2023-11-08 11:37:09
2500
2023-11-08 11:38:57
elapsed:  5687.2  seconds
2550
2023-11-08 11:40:57
2600
2023-11-08 11:42:54
elapsed:  5924.5  seconds
2650
2023-11-08 11:44:54
2700
2023-11-08 11:46:48
elapsed:  6158.5  seconds
2750
2023-11-08 11:48:40
2800
2023-11-08 11:50:43
elapsed:  6393.5  seconds
2850
2023-11-08 11:52:37
2900
2023-11-08 11:54:36
elapsed:  6625.9  seconds
2950
2023-11-08 11:56:29
3000
2023-11-08 11:58:20
elapsed:  6850.5  seconds
3050
2023-11-08 12:00:19
3100
2023-11-08 12:02:17
elapsed:  7087.3  seconds
3150
2023-11-08 12:04:04
3200
2023-11-08 12:05:59
elapsed:  7309.4  seconds
3250
2023-11-08 12:07:52
3300
2023-11-08 12:09:57
elapsed:  7547.1  seconds
3350
2023-11-08 12:11:51
3400
2023-11-08 12:13:50
elapsed:  7779.9  seconds
3450
2023-11-08 12:15:51
3500
2023-11-08 12:17:50
elapsed:  8019.8  seconds
3550
2023-11-08 12:19:44
3600
2023-11-08 12:21:40
elapsed:  8250.5  seconds
3650
2023-11-08 12:23:43
3700
2023-11-08 12:25:47
elapsed:  8497.1  seconds
3750
2023-11-08 12:27:51
3800
2023-11-08 12:29:53
elapsed:  8743.0  seconds
3850
2023-11-08 12:31:44
3900
2023-11-08 12:33:35
elapsed:  8965.8  seconds
3950
2023-11-08 12:35:29
4000
2023-11-08 12:37:15
elapsed:  9185.2  seconds
4050
2023-11-08 12:39:11
4100
2023-11-08 12:41:06
elapsed:  9416.7  seconds
4150
2023-11-08 12:43:10
4200
2023-11-08 12:45:18
elapsed:  9667.9  seconds
4250
2023-11-08 12:47:15
4300
2023-11-08 12:49:09
elapsed:  9899.8  seconds
4350
2023-11-08 12:51:05
4400
2023-11-08 12:52:57
elapsed:  10127.1  seconds
4450
2023-11-08 12:54:53
4500
2023-11-08 12:56:50
elapsed:  10360.3  seconds
4550
2023-11-08 12:59:00
4600
2023-11-08 13:00:59
elapsed:  10609.0  seconds
4650
2023-11-08 13:02:56
4700
2023-11-08 13:04:56
elapsed:  10846.5  seconds
4750
2023-11-08 13:06:52
4800
2023-11-08 13:08:52
elapsed:  11082.2  seconds
4850
2023-11-08 13:10:46
4900
2023-11-08 13:12:45
elapsed:  11315.6  seconds
4950
2023-11-08 13:14:46
5000
2023-11-08 13:16:53
elapsed:  11563.0  seconds
5050
2023-11-08 13:18:46
5100
2023-11-08 13:20:45
elapsed:  11795.4  seconds
5150
2023-11-08 13:22:46
5200
2023-11-08 13:24:45
elapsed:  12035.4  seconds
5250
2023-11-08 13:26:47
5300
2023-11-08 13:28:42
elapsed:  12271.9  seconds
5350
2023-11-08 13:30:35
5400
2023-11-08 13:32:36
elapsed:  12506.6  seconds
5450
2023-11-08 13:34:33
5500
2023-11-08 13:36:26
elapsed:  12736.0  seconds
5550
2023-11-08 13:38:27
5600
2023-11-08 13:40:24
elapsed:  12974.8  seconds
5650
2023-11-08 13:42:21
5700
2023-11-08 13:44:08
elapsed:  13198.4  seconds
5750
2023-11-08 13:45:54
5800
2023-11-08 13:47:42
elapsed:  13412.3  seconds
5850
2023-11-08 13:49:43
5900
2023-11-08 13:51:31
elapsed:  13641.5  seconds
5950
2023-11-08 13:53:26
6000
2023-11-08 13:55:26
elapsed:  13876.7  seconds
6050
2023-11-08 13:57:20
6100
2023-11-08 13:59:15
elapsed:  14105.0  seconds
6150
2023-11-08 14:01:12
6200
2023-11-08 14:03:01
elapsed:  14331.1  seconds
6250
2023-11-08 14:05:03
6300
2023-11-08 14:06:47
elapsed:  14557.1  seconds
6350
2023-11-08 14:08:41
6400
2023-11-08 14:10:31
elapsed:  14781.3  seconds
6450
2023-11-08 14:12:22
6500
2023-11-08 14:14:20
elapsed:  15010.4  seconds
6550
2023-11-08 14:16:17
6600
2023-11-08 14:18:17
elapsed:  15247.4  seconds
6650
2023-11-08 14:20:13
6700
2023-11-08 14:22:12
elapsed:  15482.1  seconds
6750
2023-11-08 14:24:17
6800
2023-11-08 14:26:16
elapsed:  15726.1  seconds
6850
2023-11-08 14:28:22
6900
2023-11-08 14:30:21
elapsed:  15971.5  seconds
6950
2023-11-08 14:32:24
7000
2023-11-08 14:34:16
elapsed:  16205.9  seconds
7050
2023-11-08 14:36:04
7100
2023-11-08 14:38:03
elapsed:  16433.1  seconds
7150
2023-11-08 14:39:59
7200
2023-11-08 14:41:51
elapsed:  16661.3  seconds
7250
2023-11-08 14:43:41
7300
2023-11-08 14:45:39
elapsed:  16889.2  seconds
7350
2023-11-08 14:47:41
7400
2023-11-08 14:49:33
elapsed:  17122.9  seconds
7450
2023-11-08 14:51:34
7500
2023-11-08 14:53:27
elapsed:  17357.6  seconds
7550
2023-11-08 14:55:32
7600
2023-11-08 14:57:24
elapsed:  17594.8  seconds
7650
2023-11-08 14:59:19
7700
2023-11-08 15:01:24
elapsed:  17833.9  seconds
7750
2023-11-08 15:03:17
7800
2023-11-08 15:05:20
elapsed:  18070.6  seconds
7850
2023-11-08 15:07:23
7900
2023-11-08 15:09:22
elapsed:  18311.9  seconds
7950
2023-11-08 15:11:31
8000
2023-11-08 15:13:36
elapsed:  18565.8  seconds
8050
2023-11-08 15:15:38
8100
2023-11-08 15:17:37
elapsed:  18807.3  seconds
8150
2023-11-08 15:19:31
8200
2023-11-08 15:21:24
elapsed:  19034.8  seconds
8250
2023-11-08 15:23:31
8300
2023-11-08 15:25:28
elapsed:  19278.4  seconds
8350
2023-11-08 15:27:32
8400
2023-11-08 15:29:33
elapsed:  19523.8  seconds
8450
2023-11-08 15:31:37
8500
2023-11-08 15:33:33
elapsed:  19763.5  seconds
8550
2023-11-08 15:35:31
8600
2023-11-08 15:37:28
elapsed:  19998.0  seconds
8650
2023-11-08 15:39:29
8700
2023-11-08 15:41:14
elapsed:  20224.6  seconds
8750
2023-11-08 15:43:15
8800
2023-11-08 15:45:15
elapsed:  20465.1  seconds
8850
2023-11-08 15:47:16
8900
2023-11-08 15:49:15
elapsed:  20705.2  seconds
8950
2023-11-08 15:51:20
9000
2023-11-08 15:53:16
elapsed:  20945.9  seconds
9050
2023-11-08 15:55:10
9100
2023-11-08 15:57:05
elapsed:  21175.1  seconds
9150
2023-11-08 15:59:00
9200
2023-11-08 16:00:58
elapsed:  21408.7  seconds
9250
2023-11-08 16:03:13
9300
2023-11-08 16:05:01
elapsed:  21651.7  seconds
9350
2023-11-08 16:07:05
9400
2023-11-08 16:08:54
elapsed:  21884.3  seconds
9450
2023-11-08 16:10:45
9500
2023-11-08 16:12:38
elapsed:  22108.6  seconds
9550
2023-11-08 16:14:32
9600
2023-11-08 16:16:31
elapsed:  22341.2  seconds
9650
2023-11-08 16:18:43
9700
2023-11-08 16:20:46
elapsed:  22596.2  seconds
9750
2023-11-08 16:22:42
9800
2023-11-08 16:24:34
elapsed:  22824.6  seconds
9850
2023-11-08 16:26:30
9900
2023-11-08 16:28:21
elapsed:  23051.1  seconds
/projects/muyang@colostate.edu/software/anaconda/envs/testenv/lib/python3.11/site-packages/numpy/lib/function_base.py:2455: RuntimeWarning: divide by zero encountered in func (vectorized)
  outputs = ufunc(*inputs)
/projects/muyang@colostate.edu/software/anaconda/envs/testenv/lib/python3.11/site-packages/numpy/lib/function_base.py:2455: RuntimeWarning: invalid value encountered in func (vectorized)
  outputs = ufunc(*inputs)
9950
2023-11-08 16:30:11
10000
2023-11-08 16:32:10
elapsed:  23279.9  seconds
10050
2023-11-08 16:34:13
10100
2023-11-08 16:36:06
elapsed:  23516.5  seconds
10150
2023-11-08 16:38:07
10200
2023-11-08 16:40:05
elapsed:  23755.0  seconds
10250
2023-11-08 16:42:05
10300
2023-11-08 16:44:02
elapsed:  23992.3  seconds
10350
2023-11-08 16:46:03
10400
2023-11-08 16:47:54
elapsed:  24224.2  seconds
10450
2023-11-08 16:49:52
10500
2023-11-08 16:51:43
elapsed:  24453.2  seconds
10550
2023-11-08 16:53:38
10600
2023-11-08 16:55:43
elapsed:  24693.0  seconds
10650
2023-11-08 16:57:44
10700
2023-11-08 16:59:40
elapsed:  24930.7  seconds
10750
2023-11-08 17:01:48
10800
2023-11-08 17:03:41
elapsed:  25171.3  seconds
10850
2023-11-08 17:05:32
10900
2023-11-08 17:07:25
elapsed:  25395.7  seconds
10950
2023-11-08 17:09:23
11000
2023-11-08 17:11:13
elapsed:  25623.4  seconds
11050
2023-11-08 17:13:07
11100
2023-11-08 17:15:08
elapsed:  25858.6  seconds
11150
2023-11-08 17:16:54
11200
2023-11-08 17:18:45
elapsed:  26075.6  seconds
11250
2023-11-08 17:20:41
/projects/muyang@colostate.edu/software/anaconda/envs/testenv/lib/python3.11/site-packages/numpy/lib/function_base.py:2455: RuntimeWarning: divide by zero encountered in func (vectorized)
  outputs = ufunc(*inputs)
/projects/muyang@colostate.edu/software/anaconda/envs/testenv/lib/python3.11/site-packages/numpy/lib/function_base.py:2455: RuntimeWarning: invalid value encountered in func (vectorized)
  outputs = ufunc(*inputs)
11300
2023-11-08 17:22:29
elapsed:  26299.6  seconds
11350
2023-11-08 17:24:37
/projects/muyang@colostate.edu/software/anaconda/envs/testenv/lib/python3.11/site-packages/numpy/lib/function_base.py:2455: RuntimeWarning: divide by zero encountered in func (vectorized)
  outputs = ufunc(*inputs)
/projects/muyang@colostate.edu/software/anaconda/envs/testenv/lib/python3.11/site-packages/numpy/lib/function_base.py:2455: RuntimeWarning: invalid value encountered in func (vectorized)
  outputs = ufunc(*inputs)
11400
2023-11-08 17:26:25
elapsed:  26534.8  seconds
11450
2023-11-08 17:28:21
11500
2023-11-08 17:30:12
elapsed:  26762.1  seconds
11550
2023-11-08 17:32:16
11600
2023-11-08 17:34:02
elapsed:  26991.9  seconds
11650
2023-11-08 17:35:48
11700
2023-11-08 17:37:30
elapsed:  27200.2  seconds
11750
2023-11-08 17:39:19
11800
2023-11-08 17:40:53
elapsed:  27403.7  seconds
11850
2023-11-08 17:42:49
11900
2023-11-08 17:44:38
elapsed:  27628.6  seconds
11950
2023-11-08 17:46:36
12000
2023-11-08 17:48:21
elapsed:  27851.0  seconds
12050
2023-11-08 17:50:15
12100
2023-11-08 17:52:12
elapsed:  28082.1  seconds
12150
2023-11-08 17:54:08
12200
2023-11-08 17:56:06
elapsed:  28316.5  seconds
12250
2023-11-08 17:57:58
12300
2023-11-08 17:59:52
elapsed:  28542.1  seconds
12350
2023-11-08 18:01:54
12400
2023-11-08 18:03:52
elapsed:  28781.8  seconds
12450
2023-11-08 18:05:55
12500
2023-11-08 18:07:44
elapsed:  29014.5  seconds
12550
2023-11-08 18:09:49
12600
2023-11-08 18:11:54
elapsed:  29264.5  seconds
12650
2023-11-08 18:13:56
/projects/muyang@colostate.edu/software/anaconda/envs/testenv/lib/python3.11/site-packages/numpy/lib/function_base.py:2455: RuntimeWarning: divide by zero encountered in func (vectorized)
  outputs = ufunc(*inputs)
/projects/muyang@colostate.edu/software/anaconda/envs/testenv/lib/python3.11/site-packages/numpy/lib/function_base.py:2455: RuntimeWarning: invalid value encountered in func (vectorized)
  outputs = ufunc(*inputs)
12700
2023-11-08 18:15:42
elapsed:  29492.6  seconds
/projects/muyang@colostate.edu/software/anaconda/envs/testenv/lib/python3.11/site-packages/numpy/lib/function_base.py:2455: RuntimeWarning: divide by zero encountered in func (vectorized)
  outputs = ufunc(*inputs)
/projects/muyang@colostate.edu/software/anaconda/envs/testenv/lib/python3.11/site-packages/numpy/lib/function_base.py:2455: RuntimeWarning: invalid value encountered in func (vectorized)
  outputs = ufunc(*inputs)
/projects/muyang@colostate.edu/software/anaconda/envs/testenv/lib/python3.11/site-packages/numpy/lib/function_base.py:2455: RuntimeWarning: divide by zero encountered in func (vectorized)
  outputs = ufunc(*inputs)
/projects/muyang@colostate.edu/software/anaconda/envs/testenv/lib/python3.11/site-packages/numpy/lib/function_base.py:2455: RuntimeWarning: invalid value encountered in func (vectorized)
  outputs = ufunc(*inputs)
/projects/muyang@colostate.edu/software/anaconda/envs/testenv/lib/python3.11/site-packages/numpy/lib/function_base.py:2455: RuntimeWarning: divide by zero encountered in func (vectorized)
  outputs = ufunc(*inputs)
/projects/muyang@colostate.edu/software/anaconda/envs/testenv/lib/python3.11/site-packages/numpy/lib/function_base.py:2455: RuntimeWarning: invalid value encountered in func (vectorized)
  outputs = ufunc(*inputs)
12750
2023-11-08 18:17:10
/projects/muyang@colostate.edu/software/anaconda/envs/testenv/lib/python3.11/site-packages/numpy/lib/function_base.py:2455: RuntimeWarning: divide by zero encountered in func (vectorized)
  outputs = ufunc(*inputs)
/projects/muyang@colostate.edu/software/anaconda/envs/testenv/lib/python3.11/site-packages/numpy/lib/function_base.py:2455: RuntimeWarning: invalid value encountered in func (vectorized)
  outputs = ufunc(*inputs)
/projects/muyang@colostate.edu/software/anaconda/envs/testenv/lib/python3.11/site-packages/numpy/lib/function_base.py:2455: RuntimeWarning: divide by zero encountered in func (vectorized)
  outputs = ufunc(*inputs)
/projects/muyang@colostate.edu/software/anaconda/envs/testenv/lib/python3.11/site-packages/numpy/lib/function_base.py:2455: RuntimeWarning: invalid value encountered in func (vectorized)
  outputs = ufunc(*inputs)
12800
2023-11-08 18:18:35
elapsed:  29665.4  seconds
/projects/muyang@colostate.edu/software/anaconda/envs/testenv/lib/python3.11/site-packages/numpy/lib/function_base.py:2455: RuntimeWarning: divide by zero encountered in func (vectorized)
  outputs = ufunc(*inputs)
/projects/muyang@colostate.edu/software/anaconda/envs/testenv/lib/python3.11/site-packages/numpy/lib/function_base.py:2455: RuntimeWarning: invalid value encountered in func (vectorized)
  outputs = ufunc(*inputs)
12850
2023-11-08 18:20:25
12900
2023-11-08 18:22:16
elapsed:  29886.2  seconds
/projects/muyang@colostate.edu/software/anaconda/envs/testenv/lib/python3.11/site-packages/numpy/lib/function_base.py:2455: RuntimeWarning: divide by zero encountered in func (vectorized)
  outputs = ufunc(*inputs)
/projects/muyang@colostate.edu/software/anaconda/envs/testenv/lib/python3.11/site-packages/numpy/lib/function_base.py:2455: RuntimeWarning: invalid value encountered in func (vectorized)
  outputs = ufunc(*inputs)
/projects/muyang@colostate.edu/software/anaconda/envs/testenv/lib/python3.11/site-packages/numpy/lib/function_base.py:2455: RuntimeWarning: divide by zero encountered in func (vectorized)
  outputs = ufunc(*inputs)
/projects/muyang@colostate.edu/software/anaconda/envs/testenv/lib/python3.11/site-packages/numpy/lib/function_base.py:2455: RuntimeWarning: invalid value encountered in func (vectorized)
  outputs = ufunc(*inputs)
12950
2023-11-08 18:24:09
13000
2023-11-08 18:26:08
elapsed:  30118.1  seconds
13050
2023-11-08 18:28:16
13100
2023-11-08 18:30:19
elapsed:  30369.2  seconds
13150
2023-11-08 18:32:16
13200
2023-11-08 18:34:05
elapsed:  30595.6  seconds
13250
2023-11-08 18:36:10
13300
2023-11-08 18:38:09
elapsed:  30839.8  seconds
13350
2023-11-08 18:40:16
13400
2023-11-08 18:42:20
elapsed:  31090.6  seconds
13450
2023-11-08 18:44:29
13500
2023-11-08 18:46:30
elapsed:  31340.4  seconds
13550
2023-11-08 18:48:38
13600
2023-11-08 18:50:44
elapsed:  31594.5  seconds
13650
2023-11-08 18:52:35
13700
2023-11-08 18:54:33
elapsed:  31822.9  seconds
13750
2023-11-08 18:56:23
13800
2023-11-08 18:58:17
elapsed:  32047.3  seconds
13850
2023-11-08 19:00:09
13900
2023-11-08 19:02:09
elapsed:  32279.2  seconds
13950
2023-11-08 19:04:15
14000
2023-11-08 19:06:05
elapsed:  32515.6  seconds
14050
2023-11-08 19:08:08
14100
2023-11-08 19:10:09
elapsed:  32759.5  seconds
14150
2023-11-08 19:12:16
14200
2023-11-08 19:14:24
elapsed:  33014.4  seconds
14250
2023-11-08 19:16:20
14300
2023-11-08 19:18:16
elapsed:  33246.6  seconds
14350
2023-11-08 19:20:28
14400
2023-11-08 19:22:21
elapsed:  33491.2  seconds
14450
2023-11-08 19:24:22
14500
2023-11-08 19:26:16
elapsed:  33726.3  seconds
14550
2023-11-08 19:28:07
14600
2023-11-08 19:30:07
elapsed:  33957.1  seconds
14650
2023-11-08 19:31:53
14700
2023-11-08 19:33:52
elapsed:  34182.7  seconds
14750
2023-11-08 19:35:47
14800
2023-11-08 19:37:45
elapsed:  34415.5  seconds
14850
2023-11-08 19:39:30
14900
2023-11-08 19:41:16
elapsed:  34626.4  seconds
14950
2023-11-08 19:42:56
elapsed:  34840.2  seconds
total time:  34845.9  seconds
true R:  [[1.92149449e+01 7.12881040e-02 6.22247267e-01 1.68614480e+00
  4.62191083e-01 9.84179862e-01 2.52567975e-01 1.96339220e+02
  1.02493430e+03 9.93293804e-02 3.08593803e+00 1.35048378e+00
  2.78547243e-01 2.37648668e-01 1.85060484e+02 1.16424769e+00
  2.25334965e+00 2.67025483e+00 3.70687729e-01 6.81375055e+00
  6.97867660e-01 1.69172927e+02 4.17188540e-01 6.93619626e-01
  1.08981823e-01 1.98940894e+00 2.37430792e+01 4.26840172e+00
  3.02420673e-01 2.29126254e+00 3.91320457e-01 6.15575937e+00
  1.50758010e-01 3.55841318e-01 4.18547150e+00 2.02775391e+00
  8.30762156e-01 6.94721453e+00 9.73181162e-01 4.12628010e+00
  7.65782945e-01 8.54048098e-01 5.74207941e-01 7.60734301e+00
  3.31522771e-01 6.22867134e-01 4.14057142e-01 4.17961218e+01
  1.79097446e+00 3.93488707e+00 1.87769956e+02 4.29725766e+00
  2.47091716e-01 9.10223826e+00 1.86576924e+00 1.54215567e+00
  6.12915008e-01 1.91382611e+00 2.40842508e+00 8.51686854e+01
  5.41880842e-01 1.34731229e-01 4.72884205e+00 8.81526046e-01]
 [4.36099054e-01 1.12282732e-01 3.33944146e-01 2.01653975e+01
  2.67171417e-01 1.20025408e+00 1.71473081e-01 3.69355924e-01
  2.77429303e-01 6.48472441e+00 7.91178078e+00 6.67737715e-01
  6.37589190e-01 1.71502547e+00 3.37018443e-01 9.40016863e-02
  1.65122590e+00 5.50364650e+00 6.55814791e-01 8.11805508e+00
  1.14162867e+01 2.69730105e-01 4.93744014e+00 1.19337859e+00
  2.81624117e+00 6.89078577e-01 8.00100450e-01 1.67855905e-01
  1.65877596e+01 2.16536765e+00 2.65309835e-01 2.10270981e+00
  1.13312189e+00 1.54413587e+00 7.14901282e+01 5.09227374e-01
  2.39954809e+00 1.00298778e+00 1.66197818e-01 5.56840193e-01
  8.71317784e-02 2.49706478e-01 6.28220404e-01 1.83802026e-01
  2.96792401e-01 5.91236863e-02 1.69801260e+00 6.93293658e+00
  7.63416348e+00 4.18965968e-01 8.26267458e+01 3.53851447e+00
  2.19186507e+00 5.29200983e-01 2.85074532e-01 2.64103715e-01
  1.32393642e+01 1.23077996e+01 2.20798106e+01 2.79481987e+00
  1.71534755e+00 6.91903331e-01 2.86719467e+01 2.14718532e+00]
 [3.07188985e+00 2.49999150e-01 3.25373041e-01 3.32902185e-01
  2.16850528e-01 4.73258905e-01 2.21656315e+00 3.87993236e+00
  2.57061726e-01 4.38339931e+00 1.96466157e+02 9.01092808e+00
  3.48634639e-01 1.71723945e+01 4.12338340e-01 1.85116172e+00
  9.16474126e-01 1.19281317e+01 3.86455326e-01 5.26586770e+00
  8.28489640e-02 3.00954590e+00 2.81294117e-01 1.03634822e+01
  2.73688560e+00 4.48820968e+00 3.90293684e+00 6.88169185e-01
  8.40503563e-01 6.63898766e+00 9.60541720e+00 5.88766363e-01
  9.05784897e-02 7.49332431e+00 1.22556822e+01 1.57203343e+00
  5.22101513e-01 2.38717637e-01 3.81217701e-01 9.26317215e-01
  2.43092348e+00 2.51390926e-01 4.38581847e+02 6.83084868e-01
  2.84285273e-01 5.33098045e+00 1.93157975e-01 7.18516325e-01
  3.25067387e-01 2.01130962e+00 8.02586747e-01 1.46784340e+00
  9.63019591e+02 3.08246411e-01 4.10503336e-01 1.13623254e+00
  2.28099878e-01 2.93292429e-01 1.74973357e+01 6.21566298e+01
  2.07863605e+01 2.69598452e+00 3.15139212e-01 1.27452911e+02]
 [5.69467540e-01 6.91000242e+00 3.77020561e-01 3.10208341e-01
  3.90957664e+00 5.68120319e+00 1.63595997e-01 2.83222696e-01
  2.85567002e-01 1.65055143e+02 1.59324004e-01 3.93872360e+01
  1.49096468e+00 7.59567839e+00 9.09173491e-01 6.85637442e-01
  2.51173916e+00 2.32690258e+01 1.03696238e-01 1.68967049e+00
  6.31595416e-01 3.42327032e-01 4.65761573e-01 7.75107147e-01
  7.39363984e-01 1.10496853e+00 6.27726190e+00 1.49083128e+01
  1.20330309e+00 1.37975100e+00 7.77357777e+00 6.07945340e-01
  1.49267835e+00 5.41763752e+00 1.48966863e+00 2.11881393e-01
  4.20819087e-01 2.57335168e+00 1.30440622e+00 3.55609170e+03
  1.54927465e-01 4.63345634e+00 3.81624338e-01 5.03735149e+00
  2.01439494e-01 1.64305606e+00 1.74833051e-01 8.39905528e-01
  2.05566962e+00 8.50373055e+01 1.89417629e+00 9.45795241e-02
  1.77845676e-01 3.52319857e-01 2.01238807e+00 9.83906268e+00
  1.55692610e-01 9.66233230e-02 3.47980590e-01 1.67276448e-01
  1.76480051e+02 2.86710855e-01 1.01766817e+00 2.56757304e+00]
 [1.07773645e+04 1.29358533e+01 5.55884503e-01 8.15922926e-01
  7.92144270e-01 3.12299511e+00 1.96849210e-01 3.35536171e-01
  3.49086689e+00 8.00802529e+00 1.91200130e-01 2.42559408e+00
  8.19881414e+00 8.57038458e-01 1.13775529e+00 3.78771802e-01
  5.44099219e+02 1.82798924e+00 4.05507965e+00 4.54195166e+01
  2.06004350e+00 8.68092092e+00 6.73533647e+02 2.73629861e-01
  5.60704892e+00 1.41416562e+00 1.01768177e-01 6.00452795e+00
  1.18871123e-01 3.63222718e-01 4.05238406e+02 2.86379151e-01
  2.88935478e+00 6.75132785e-02 3.70223760e-01 5.65212897e-01
  7.84244332e+01 1.38843600e+00 1.53639534e+01 7.73334574e-01
  1.60424178e-01 3.81976066e-01 5.45620279e+00 1.11508457e-01
  1.59269237e+00 2.31742894e-01 2.37061857e+00 3.10314305e+00
  1.88708080e-01 2.97631922e+00 5.43358900e+00 3.56047868e+01
  5.09908338e+00 3.57744278e+00 6.01858797e-01 3.88047393e-01
  1.91675777e-01 1.30404860e+00 7.11841760e+00 2.12668212e+00
  9.72531563e+00 9.29024853e-02 3.21620038e-01 2.11969941e+00]
 [2.21894612e+02 1.20909260e+03 1.66400469e-01 3.65897185e+01
  2.55613732e-01 5.10942865e+00 4.86450359e+00 1.96511035e-01
  4.23103634e-01 1.15033471e+00 2.42090040e-01 1.22285986e-01
  4.53906964e+00 2.70587707e+00 1.31619586e-01 2.30994953e-01
  3.40291252e+00 2.68899087e+01 2.67449477e+00 1.57859870e-01
  1.77713093e-01 1.78665809e+01 1.21573706e-01 5.16219450e-01
  1.47399950e-01 7.93958956e+00 1.45472628e-01 4.75985473e-01
  9.81566827e-02 5.68325988e+01 7.78846025e+03 2.18542482e-01
  6.24559635e+01 1.54071960e+01 3.08580538e-01 7.35819134e-01
  3.12313435e+00 3.94341910e+00 1.02709947e+01 1.69258604e+00
  2.50144610e+00 2.39916231e+00 2.77153026e-01 2.49276255e-01
  4.36099907e+01 1.63382013e-01 1.26285911e+00 2.80026549e-01
  1.13845823e+00 7.70049387e-01 9.23068762e+00 2.08723411e-01
  8.87152066e+01 8.79112045e-01 5.47954604e+00 7.83505791e+00
  1.08440230e+00 9.34933551e+01 2.61980983e+02 1.37988438e+00
  1.98814656e-01 7.52831562e+01 5.94830093e-01 9.22395792e-01]
 [2.39886124e+01 8.21719364e+00 2.98745150e-01 1.30822286e-01
  9.99038049e-01 2.90703118e+00 3.67058429e+00 7.18932617e-01
  8.79057366e-01 1.19476644e+00 6.77193205e+00 1.10547218e+00
  4.80780256e+00 9.49114434e+01 7.10852927e+02 8.39970009e-01
  1.20623948e-01 2.17299244e+00 9.69123709e+00 2.53699090e+00
  6.31001204e+02 1.44442480e-01 1.99179731e-01 6.27630956e-01
  3.05653427e+01 3.98469173e+01 9.29302789e-01 4.14562256e-01
  1.02593610e+00 8.96593193e-01 5.77553029e-01 7.82041666e+01
  2.38716160e-01 1.46746807e+01 1.78439640e+00 6.18264115e+00
  8.61935742e-01 4.44355922e+02 3.23591833e-01 3.83516142e-01
  1.91797408e+00 2.68685270e+00 6.36203223e-01 9.58443702e-01
  3.94551192e-01 2.04149616e-01 1.63829811e+01 2.70039908e+00
  2.51543636e+00 4.32195739e-01 3.84271116e-01 6.40992919e+00
  2.06196411e-01 2.71323832e+00 1.51300356e+01 2.73800692e+00
  1.27293357e+01 6.91948321e-01 1.48584600e+01 2.33681887e+00
  1.13465179e+00 3.09768482e-01 2.86616115e-01 4.07848332e+00]
 [3.47655369e+01 6.20561859e-01 5.29127915e+00 1.56163714e-01
  1.63811050e-01 3.73715141e+00 3.99954175e+01 1.83040383e+00
  1.75688314e+00 2.58089852e-01 1.52477637e+00 1.62282479e+00
  4.60628089e-01 2.77508351e+02 7.24395129e-01 1.52408504e+00
  3.39707330e-01 1.62419224e+00 1.68755881e-01 5.61088809e-01
  1.05361603e-01 2.59011865e+02 4.40876419e+00 7.21414834e+01
  1.00124413e+00 1.17402048e-01 3.18036125e-01 6.56889452e+00
  2.40736423e-01 5.49876268e+00 6.63926862e+00 4.78312133e+01
  3.26239643e+02 9.17747402e-01 3.50774092e-01 2.15080880e-01
  2.93328509e+00 5.14442464e+00 1.25126236e+00 1.05791127e+01
  2.79484091e+00 8.46794575e+01 8.04306542e+00 3.94806301e+00
  1.02161534e+01 6.19555173e+00 7.84269424e-01 7.03719448e+01
  6.95650727e-01 1.25867373e+00 5.15824833e-01 3.29435078e-01
  7.06909460e-01 9.69266003e-01 5.78746000e+00 6.95649486e-01
  3.53439665e+00 7.80708067e-02 2.58798807e+00 7.93104105e-01
  3.70325947e+00 3.47270907e+00 8.12260458e-01 4.22184782e-01]
 [1.55796638e+01 7.23017482e+00 2.71805365e-01 1.23080757e+02
  5.35801037e+00 6.85043329e+02 8.78495762e-01 3.09751141e-01
  1.58568009e-01 4.75790709e+01 6.24896167e-01 1.70854572e+00
  1.53416465e+00 8.36630346e+00 2.57331040e+03 6.75511160e-01
  1.32802015e-01 1.51431206e-01 3.64260166e-01 8.98655853e-02
  2.77264109e+00 1.00451348e+00 6.52313634e-01 1.50647820e+00
  2.44837529e+01 7.07939295e+00 8.08702988e-01 1.47729613e+00
  1.74958124e+02 6.55343543e-01 1.15529469e+02 1.02277624e-01
  1.45202280e+00 3.67942371e+02 1.59658205e+00 4.79452590e-01
  6.57384470e+00 3.63593197e-01 7.53910437e-02 9.37582787e-01
  3.48413801e-01 2.18513600e-01 1.34720025e+00 7.13065199e+00
  1.53724240e-01 8.28524476e-01 9.63833792e+00 1.93231780e+01
  9.96836287e-02 9.46032979e-01 3.15184469e+01 1.56356770e+01
  8.54974918e-01 2.26654260e+00 8.75621674e-01 3.95936329e-01
  1.90037846e-01 4.78431723e+00 1.33207631e+01 8.09772135e-01
  3.83644669e+00 3.18524529e+00 2.26075898e-01 3.99438705e+00]]
