1
50
2023-11-17 15:43:41
100
2023-11-17 15:46:08
elapsed:  297.1  seconds
150
2023-11-17 15:48:38
200
2023-11-17 15:51:11
elapsed:  600.3  seconds
250
2023-11-17 15:53:43
300
2023-11-17 15:56:10
elapsed:  899.2  seconds
350
2023-11-17 15:58:44
400
2023-11-17 16:01:18
elapsed:  1207.6  seconds
450
2023-11-17 16:03:53
500
2023-11-17 16:06:24
elapsed:  1513.0  seconds
550
2023-11-17 16:08:54
600
2023-11-17 16:11:24
elapsed:  1813.7  seconds
650
2023-11-17 16:13:59
700
2023-11-17 16:16:33
elapsed:  2122.2  seconds
750
2023-11-17 16:19:08
800
2023-11-17 16:21:41
elapsed:  2429.9  seconds
850
2023-11-17 16:24:13
900
2023-11-17 16:26:44
elapsed:  2733.4  seconds
950
2023-11-17 16:29:14
1000
2023-11-17 16:31:43
elapsed:  3032.0  seconds
1050
2023-11-17 16:34:11
1100
2023-11-17 16:36:37
elapsed:  3325.9  seconds
1150
2023-11-17 16:39:05
1200
2023-11-17 16:41:32
elapsed:  3621.7  seconds
1250
2023-11-17 16:44:02
1300
2023-11-17 16:46:32
elapsed:  3921.0  seconds
1350
2023-11-17 16:49:00
1400
2023-11-17 16:51:34
elapsed:  4223.5  seconds
1450
2023-11-17 16:54:08
1500
2023-11-17 16:56:41
elapsed:  4530.7  seconds
1550
2023-11-17 16:59:19
1600
2023-11-17 17:01:53
elapsed:  4842.0  seconds
1650
2023-11-17 17:04:27
1700
2023-11-17 17:07:00
elapsed:  5148.9  seconds
1750
2023-11-17 17:09:35
1800
2023-11-17 17:12:04
elapsed:  5453.6  seconds
1850
2023-11-17 17:14:37
1900
2023-11-17 17:17:07
elapsed:  5756.3  seconds
1950
2023-11-17 17:19:38
2000
2023-11-17 17:22:10
elapsed:  6059.7  seconds
2050
2023-11-17 17:24:45
2100
2023-11-17 17:27:17
elapsed:  6365.9  seconds
2150
2023-11-17 17:29:50
2200
2023-11-17 17:32:20
elapsed:  6669.8  seconds
2250
2023-11-17 17:34:55
2300
2023-11-17 17:37:27
elapsed:  6976.6  seconds
2350
2023-11-17 17:40:01
2400
2023-11-17 17:42:30
elapsed:  7279.0  seconds
2450
2023-11-17 17:45:01
2500
2023-11-17 17:47:33
elapsed:  7582.0  seconds
2550
2023-11-17 17:50:04
2600
2023-11-17 17:52:34
elapsed:  7883.0  seconds
2650
2023-11-17 17:55:07
2700
2023-11-17 17:57:37
elapsed:  8186.2  seconds
2750
2023-11-17 18:00:07
2800
2023-11-17 18:02:36
elapsed:  8485.4  seconds
2850
2023-11-17 18:05:09
2900
2023-11-17 18:07:40
elapsed:  8789.7  seconds
2950
2023-11-17 18:10:13
3000
2023-11-17 18:12:43
elapsed:  9092.0  seconds
3050
2023-11-17 18:15:13
3100
2023-11-17 18:17:47
elapsed:  9396.0  seconds
3150
2023-11-17 18:20:22
3200
2023-11-17 18:22:56
elapsed:  9704.9  seconds
3250
2023-11-17 18:25:28
3300
2023-11-17 18:27:58
elapsed:  10007.7  seconds
3350
2023-11-17 18:30:30
3400
2023-11-17 18:32:56
elapsed:  10305.2  seconds
3450
2023-11-17 18:35:25
3500
2023-11-17 18:37:57
elapsed:  10606.7  seconds
3550
2023-11-17 18:40:32
3600
2023-11-17 18:43:08
elapsed:  10917.1  seconds
3650
2023-11-17 18:45:41
3700
2023-11-17 18:48:16
elapsed:  11225.4  seconds
3750
2023-11-17 18:50:49
3800
2023-11-17 18:53:21
elapsed:  11530.2  seconds
3850
2023-11-17 18:55:53
3900
2023-11-17 18:58:22
elapsed:  11831.2  seconds
3950
2023-11-17 19:00:49
4000
2023-11-17 19:03:21
elapsed:  12130.7  seconds
4050
2023-11-17 19:05:57
4100
2023-11-17 19:08:27
elapsed:  12436.3  seconds
4150
2023-11-17 19:11:00
4200
2023-11-17 19:13:27
elapsed:  12736.1  seconds
4250
2023-11-17 19:15:59
4300
2023-11-17 19:18:28
elapsed:  13037.7  seconds
4350
2023-11-17 19:20:56
4400
2023-11-17 19:23:24
elapsed:  13333.4  seconds
4450
2023-11-17 19:25:53
4500
2023-11-17 19:28:18
elapsed:  13627.1  seconds
4550
2023-11-17 19:30:44
4600
2023-11-17 19:33:12
elapsed:  13921.3  seconds
4650
2023-11-17 19:35:41
4700
2023-11-17 19:38:12
elapsed:  14221.4  seconds
4750
2023-11-17 19:40:46
4800
2023-11-17 19:43:16
elapsed:  14525.7  seconds
4850
2023-11-17 19:45:48
4900
2023-11-17 19:48:21
elapsed:  14830.4  seconds
4950
2023-11-17 19:50:56
5000
2023-11-17 19:53:30
elapsed:  15138.8  seconds
5050
2023-11-17 19:56:06
5100
2023-11-17 19:58:42
elapsed:  15451.0  seconds
5150
2023-11-17 20:01:17
5200
2023-11-17 20:03:51
elapsed:  15760.0  seconds
5250
2023-11-17 20:06:21
5300
2023-11-17 20:08:51
elapsed:  16059.8  seconds
5350
2023-11-17 20:11:20
5400
2023-11-17 20:13:48
elapsed:  16357.1  seconds
5450
2023-11-17 20:16:21
5500
2023-11-17 20:18:48
elapsed:  16657.5  seconds
5550
2023-11-17 20:21:22
5600
2023-11-17 20:23:55
elapsed:  16963.8  seconds
5650
2023-11-17 20:26:30
5700
2023-11-17 20:29:03
elapsed:  17272.4  seconds
5750
2023-11-17 20:31:37
5800
2023-11-17 20:34:09
elapsed:  17578.6  seconds
5850
2023-11-17 20:36:44
5900
2023-11-17 20:39:14
elapsed:  17883.5  seconds
5950
2023-11-17 20:41:47
6000
2023-11-17 20:44:16
elapsed:  18185.2  seconds
6050
2023-11-17 20:46:47
6100
2023-11-17 20:49:18
elapsed:  18487.0  seconds
6150
2023-11-17 20:51:53
6200
2023-11-17 20:54:27
elapsed:  18795.9  seconds
6250
2023-11-17 20:57:02
6300
2023-11-17 20:59:34
elapsed:  19103.0  seconds
6350
2023-11-17 21:02:10
6400
2023-11-17 21:04:42
elapsed:  19411.0  seconds
6450
2023-11-17 21:07:16
6500
2023-11-17 21:09:49
elapsed:  19718.2  seconds
6550
2023-11-17 21:12:26
6600
2023-11-17 21:15:01
elapsed:  20029.8  seconds
6650
2023-11-17 21:17:34
6700
2023-11-17 21:20:07
elapsed:  20336.1  seconds
6750
2023-11-17 21:22:43
6800
2023-11-17 21:25:13
elapsed:  20642.7  seconds
6850
2023-11-17 21:27:46
6900
2023-11-17 21:30:18
elapsed:  20947.3  seconds
6950
2023-11-17 21:32:52
7000
2023-11-17 21:35:21
elapsed:  21250.6  seconds
7050
2023-11-17 21:37:54
7100
2023-11-17 21:40:22
elapsed:  21551.7  seconds
7150
2023-11-17 21:42:54
7200
2023-11-17 21:45:24
elapsed:  21853.1  seconds
7250
2023-11-17 21:47:57
7300
2023-11-17 21:50:29
elapsed:  22157.8  seconds
7350
2023-11-17 21:53:04
7400
2023-11-17 21:55:37
elapsed:  22465.8  seconds
7450
2023-11-17 21:58:12
7500
2023-11-17 22:00:46
elapsed:  22775.1  seconds
7550
2023-11-17 22:03:21
7600
2023-11-17 22:05:55
elapsed:  23084.0  seconds
7650
2023-11-17 22:08:25
7700
2023-11-17 22:10:55
elapsed:  23383.8  seconds
7750
2023-11-17 22:13:25
7800
2023-11-17 22:15:52
elapsed:  23681.6  seconds
7850
2023-11-17 22:18:22
7900
2023-11-17 22:20:46
elapsed:  23975.6  seconds
7950
2023-11-17 22:23:18
8000
2023-11-17 22:25:48
elapsed:  24277.1  seconds
8050
2023-11-17 22:28:19
8100
2023-11-17 22:30:49
elapsed:  24578.5  seconds
8150
2023-11-17 22:33:21
8200
2023-11-17 22:35:51
elapsed:  24880.7  seconds
8250
2023-11-17 22:38:26
8300
2023-11-17 22:40:56
elapsed:  25185.6  seconds
8350
2023-11-17 22:43:25
8400
2023-11-17 22:45:55
elapsed:  25484.6  seconds
8450
2023-11-17 22:48:28
8500
2023-11-17 22:50:56
elapsed:  25785.6  seconds
8550
2023-11-17 22:53:27
8600
2023-11-17 22:55:57
elapsed:  26085.8  seconds
8650
2023-11-17 22:58:29
8700
2023-11-17 23:00:57
elapsed:  26386.7  seconds
8750
2023-11-17 23:03:27
8800
2023-11-17 23:05:55
elapsed:  26684.5  seconds
8850
2023-11-17 23:08:27
8900
2023-11-17 23:10:58
elapsed:  26987.4  seconds
8950
2023-11-17 23:13:31
9000
2023-11-17 23:16:03
elapsed:  27292.6  seconds
9050
2023-11-17 23:18:37
9100
2023-11-17 23:21:10
elapsed:  27598.9  seconds
9150
2023-11-17 23:23:43
9200
2023-11-17 23:26:14
elapsed:  27903.4  seconds
9250
2023-11-17 23:28:45
9300
2023-11-17 23:31:16
elapsed:  28205.4  seconds
9350
2023-11-17 23:33:50
9400
2023-11-17 23:36:19
elapsed:  28508.5  seconds
9450
2023-11-17 23:38:51
9500
2023-11-17 23:41:24
elapsed:  28813.7  seconds
9550
2023-11-17 23:44:02
9600
2023-11-17 23:46:37
elapsed:  29126.4  seconds
9650
2023-11-17 23:49:12
9700
2023-11-17 23:51:40
elapsed:  29429.7  seconds
9750
2023-11-17 23:54:13
9800
2023-11-17 23:56:45
elapsed:  29733.9  seconds
9850
2023-11-17 23:59:15
9900
2023-11-18 00:01:48
elapsed:  30037.1  seconds
9950
2023-11-18 00:04:19
elapsed:  30339.4  seconds
total time:  30344.6  seconds
true R:  [[3.99070215e-01 3.68793040e-01 1.71595287e+00 2.09232690e-01
  1.62518778e+00 8.05871952e-01 3.82210028e-01 6.00610195e-01
  8.04730866e-01 4.74628935e-01 1.63175289e+00 1.37828122e+00
  1.74766261e-01 4.89606933e+00 1.86366394e-01 4.47469201e+01
  1.04218585e-01 1.41642271e+01 2.02983383e+02 1.39935183e+01
  3.15775211e-01 3.89077418e-01 1.24613734e+00 1.14328791e-01
  1.30721416e-01 4.53837749e-01 1.23755790e-01 5.14394961e-01
  2.74643418e-01 1.32454688e+00 4.64569352e-01 6.98104224e+01
  7.10203937e-01 3.41663062e-01 2.06217182e-01 4.37501742e-01
  1.57787924e-01 6.88781327e-01 1.86100883e-01 3.24706401e-01
  1.03133240e+02 3.40468631e-01 1.39425379e-01 2.15049536e+00
  3.98379829e-01 5.83128635e-01 3.97600403e+01 4.88431090e-01
  4.52853483e+00 6.86679694e-01 2.94360150e+01 1.84449508e+00
  2.10493752e-01 1.48703445e-01 1.98092690e-01 2.74739081e+01
  1.75028198e-01 5.29094334e-01 2.29149651e+00 1.35938541e-01
  1.56254297e+01 4.34268420e-01 6.17488555e-01 1.02214859e+00]
 [6.51675122e-01 3.17639754e-01 2.03498813e+00 1.54116941e-01
  6.78407027e-01 5.34588615e+00 5.49492668e-02 2.23964189e+00
  1.37547661e+01 2.12216930e-01 5.03764518e-01 1.16141705e+02
  7.68239184e+01 3.37008564e+04 4.00855304e-01 2.73044940e-01
  2.41666172e+00 3.73678028e+02 5.06445336e-01 3.98993837e-01
  1.36197634e+01 1.37821488e+00 2.47969308e+01 7.58816870e-01
  7.82081343e-01 2.36390728e-01 2.43004261e+04 6.58712037e-01
  3.50196519e+01 2.90519010e-01 2.50223990e+01 9.69970724e-01
  2.10920939e+00 2.68435289e+00 1.83446694e+01 3.12809293e-01
  2.21247135e-01 3.49803249e-01 2.80620814e+00 1.26326081e-01
  4.07472245e+02 1.13958064e+00 1.12623190e+00 2.35421945e+01
  2.39032586e+00 2.39294401e-01 5.44909757e-01 1.97042052e-01
  1.55178042e-01 6.24222498e-01 3.23297783e-01 2.16462481e+01
  4.13490265e+01 8.92852579e-02 2.07619633e+00 5.82995033e+00
  4.94971490e-01 4.94109534e-01 2.76693636e+00 9.20704323e+03
  3.36932888e-01 1.40887062e+00 2.78448357e-01 4.60262415e+01]
 [4.34917531e-01 1.63331640e-01 3.81910220e+01 1.28901080e+02
  2.92801589e-01 1.10395095e+01 5.71233886e-01 3.82783276e+00
  3.90757985e+02 7.79332065e-01 2.31337563e+00 3.18881050e+04
  4.17505104e-01 3.73782326e+00 3.36737631e-01 2.46661025e+01
  2.13507975e+00 1.00539633e+00 9.13827921e-01 9.10237497e-01
  1.46758088e-01 1.84318154e-01 1.14808452e+00 2.19854929e-01
  3.21002399e-01 1.23935725e+00 2.87288903e+00 4.21015040e-01
  1.00137164e+00 4.74993505e-01 1.80362240e+00 1.65257514e+00
  9.82969349e-01 4.49459862e+00 8.40987319e-02 9.59943618e+02
  1.10511952e+01 3.20405413e+00 4.81407506e+00 2.68790111e+00
  4.20947263e-01 4.90618961e+00 1.17594561e+00 2.86195085e+01
  5.98548202e-01 1.26496804e-01 3.01458970e+00 1.90457547e-01
  9.01875887e+00 5.68064666e+00 2.70716769e+00 2.71932022e+00
  1.68685512e+04 1.23306826e-01 1.32034126e+00 2.57290809e+01
  7.37085337e+01 1.38720306e+00 6.56533750e-01 1.18006775e+01
  1.47443403e+00 7.31193524e-02 7.30687657e-01 7.94781254e-01]
 [4.61278448e-01 2.09390585e+02 5.34937550e+00 1.13675021e+01
  3.76547993e+00 2.66247240e-01 9.82524734e-01 2.80018061e-01
  2.71592005e-01 4.56443679e-01 3.77225951e-01 9.21080581e-01
  5.23353616e-01 2.55944084e+01 4.20106153e+02 3.88597894e-01
  1.81900215e-01 1.43798437e+00 1.75545798e+00 8.91166757e-02
  4.79835709e-01 3.40198397e+00 8.55634497e+01 7.65945771e+00
  3.18560589e+00 2.44438502e-01 5.69000099e+00 4.96163367e+00
  5.16562229e+00 5.08773283e+00 1.43028490e-01 4.35144592e-01
  1.94921691e+03 7.54686805e-01 3.71369315e+01 1.73533051e+01
  3.47987874e+00 2.03980596e+00 3.52337207e-01 5.61359883e+00
  3.97230344e-01 8.03223968e-02 1.27705955e+00 2.78511674e+00
  1.28805941e+01 1.28622842e+00 4.25723680e-01 8.75972976e+00
  8.33970166e-01 8.25421608e-01 3.43795460e-01 4.42432800e+00
  2.61365910e+00 1.39835963e+00 4.38037172e-01 7.47940962e-01
  2.56501191e-01 1.37369972e-01 3.15208629e-01 1.14316351e+01
  2.49474556e-01 4.59083615e-01 3.14992957e-01 2.76542565e-01]
 [2.96599619e-01 1.41995496e+01 3.80208601e+00 1.49394340e+00
  2.55533659e+01 2.61312882e+03 5.20087407e+00 1.93409522e-01
  2.24043466e-01 1.28651320e+00 4.03044731e-01 4.36101547e-01
  7.84944690e+00 2.02437427e-01 2.32167551e+01 2.83528533e-01
  1.88020715e+00 1.03088166e+01 9.81230757e-01 6.68083678e-01
  1.17356915e+00 1.20269917e+00 1.04761798e+00 2.09626836e-01
  2.14380735e-01 3.71940726e-01 1.61556548e-01 1.12749503e+01
  3.56294515e-01 7.79850041e+00 4.73110060e-01 8.38858184e-01
  1.08119519e+00 3.38310845e+00 1.07137650e+00 4.44479481e+02
  1.28716973e+01 6.00486982e+01 5.33082973e+00 1.78212036e+02
  2.62445614e-01 5.37649274e+00 5.02427888e-01 2.28058219e-01
  2.72730238e-01 3.73723633e+00 2.17912559e+00 5.78743172e+00
  1.38508335e-01 3.80548995e-01 2.68383844e+00 5.70412458e+00
  6.41721424e-01 1.22661240e-01 4.52495896e-01 8.72332255e-02
  1.38193205e+01 6.19504633e-01 2.32070785e+00 1.97046692e-01
  3.36350450e-01 4.39284529e-01 2.21999320e-01 2.18399625e+00]
 [8.36582114e+00 5.10853130e+00 2.04943797e-01 4.64873655e+02
  2.97675779e+00 4.06691100e+00 2.91312341e+00 7.81895655e-01
  2.45242469e+00 2.39868114e-01 7.25034153e-02 7.03805049e-01
  2.27304642e+00 1.30718206e-01 1.77887933e-01 2.86039828e-01
  2.78983831e-01 1.58292876e-01 2.69584196e+00 1.47483799e+00
  8.80157079e-01 2.30897629e-01 6.59629322e-01 2.73983120e-01
  1.09617502e+00 1.83869225e-01 1.00047527e+00 2.18026042e-01
  4.21376119e+00 1.91596546e-01 1.86508442e+01 2.51314496e+00
  2.84725763e-01 2.52758965e-01 3.14004152e+03 6.65485145e-01
  5.91364178e-01 1.84639216e+00 4.35552257e-01 8.77706514e+00
  1.03454971e+01 1.44740153e+00 1.69880515e-01 2.47264404e+00
  1.27892379e+00 3.32142889e+01 1.58262708e+00 1.26346992e+00
  6.19738746e+00 1.34918152e+00 2.59767638e+00 1.17604159e+00
  1.41890625e+01 2.79527671e+01 1.03809696e+00 1.30609164e+00
  2.12889592e-01 1.76473043e+03 1.54482173e+00 1.83708435e+01
  2.31902915e+02 1.04950852e+01 7.80203322e+01 1.83184101e-01]
 [9.15527252e+00 5.36922463e+00 5.12100945e-01 1.22629900e-01
  7.18993019e-01 1.09758551e+00 1.76972329e+00 2.45445518e-01
  3.77507390e-01 9.70665734e+00 1.05283336e+00 5.85030868e-01
  9.45789920e-01 3.99150085e-01 1.91015640e+01 2.08922580e-01
  2.21466844e+00 1.20122967e+02 2.54088032e-01 5.33736395e-01
  1.96333478e+00 6.30392726e+00 1.17170439e+00 3.13602697e+02
  2.83484273e-01 1.39537929e-01 2.00489041e+00 2.34277136e-01
  7.95463190e-01 1.78918835e-01 7.08883224e-01 6.49771602e-01
  9.54006090e-01 4.42762282e-01 1.44463871e-01 2.63074166e-01
  4.78953698e+01 1.42912953e-01 4.13914956e-01 6.16047083e-01
  4.81190178e-01 1.02088401e-01 2.57810367e+00 5.01031308e-01
  3.07154992e-01 1.19402360e+00 4.36178504e+00 1.30804546e-01
  4.53963455e-01 1.58209231e+00 1.94331131e+01 6.48961005e-01
  4.17674837e+00 1.69126702e-01 6.82009678e-01 2.10093474e+01
  3.68559130e+02 2.50643064e-01 1.99001347e+01 1.43923340e+00
  4.97754702e-01 9.11313064e-01 1.73167234e+01 4.55191656e-01]
 [9.97873337e+00 3.44531294e-01 2.67636086e+00 7.43169179e+00
  2.39461604e-01 9.98929123e-01 3.21764981e-01 1.25991056e-01
  1.36758786e+00 1.92658594e-01 8.96466011e-02 1.82339132e-01
  5.16611944e-01 6.69565679e-01 1.01039315e-01 8.58372235e-02
  1.49311977e+00 1.77271477e-01 6.07756882e+00 3.99278653e+00
  2.29586131e+00 7.22635469e-01 1.18465944e-01 5.86335536e+01
  2.24266699e+00 5.83569125e+00 2.85289504e-01 3.88368255e-01
  7.55492194e-01 6.95914929e-01 4.73047248e-01 2.14327548e+01
  6.78274390e-02 2.48074496e+01 2.09988822e+00 4.72491929e-01
  1.02212938e+00 4.70117908e+00 9.45371267e-01 1.64182443e+02
  2.00093917e+01 2.30215116e+01 2.24979929e+01 1.10684768e+01
  1.35217213e+00 3.49296688e-01 2.24169764e+01 7.53240511e+01
  1.50251831e+00 5.66332754e+02 1.35124615e-01 3.29794931e+01
  1.17085717e+01 7.99933877e-01 1.30869374e-01 1.22927006e-01
  4.40738471e-01 1.46952969e+00 1.75828720e+00 1.43229675e+02
  2.27729458e-01 4.99612184e-01 2.50114861e+01 1.05661123e+00]
 [2.72852645e+00 8.83999228e+02 1.59751128e-01 4.54286840e+01
  9.84517390e-01 9.32495174e-02 5.95874664e-01 1.89300699e+00
  1.80234031e+00 1.42775166e+00 6.63059332e-02 6.42466592e-01
  3.17110353e-01 1.27048313e+00 1.09217901e+00 1.30251375e+00
  7.90245826e-01 3.55238461e-01 1.38505701e+00 2.10394596e-01
  6.98669773e+00 2.35675094e-01 2.43331810e-01 6.08201342e-01
  1.14617181e+01 4.56957041e-01 4.17541947e-01 1.96886528e-01
  2.00776668e+00 5.66974197e-01 1.67255339e-01 7.80733393e-01
  1.23129623e+00 1.45759118e+01 8.93061839e+00 9.22064596e+02
  2.54568299e-01 5.80973939e+00 7.68543525e-01 2.15228505e+00
  1.66203130e+01 8.38714197e+00 2.44816848e-01 2.84783559e-01
  7.15522937e+01 3.85967859e+00 3.17700843e+00 1.20321705e+00
  6.50400666e-01 6.16308800e-01 2.23664164e-01 4.82737878e-01
  6.38244781e+00 2.17824396e+01 2.46770191e+00 5.17419390e-01
  1.87533744e-01 1.67368506e-01 4.01711430e-01 1.78829576e-01
  9.86183324e-02 1.80318617e+02 2.85102434e-01 1.02578155e+00]
 [4.48660189e+00 1.35515981e+01 8.60949519e-01 4.38944427e-01
  7.10625446e+01 1.68268713e+00 7.45781807e-01 4.75989108e-01
  9.73878999e+00 2.70542229e+00 3.76184023e-01 1.14098392e-01
  1.77184601e+01 1.04196013e+01 8.27944300e-01 4.49144127e+00
  7.83570464e+00 2.03825034e+00 4.68314252e+01 2.24794504e-01
  1.60385154e-01 1.40132108e+00 1.82801370e+00 5.10712454e-01
  1.01890985e+01 1.05909766e+00 2.37626466e-01 2.57082902e+00
  3.98294131e-01 1.86420001e+01 1.69654636e-01 3.54815781e-01
  1.11832144e+02 1.84483341e-01 1.83961707e+00 3.89174537e-01
  2.61989938e-01 3.23292953e-01 3.40716410e+00 9.67133691e-02
  1.34876796e-01 2.56088177e+01 9.23371723e-02 1.22147170e+00
  2.53543891e-01 6.28902626e-01 1.28865559e-01 5.34244232e+00
  1.92045696e+00 1.41059357e-01 1.11626840e+01 5.89764463e+00
  6.69308394e+00 2.04791472e+00 5.44406947e+00 9.78554152e+00
  2.01194275e+00 4.68992410e+00 2.12654160e-01 5.77411404e-01
  3.63027541e+00 4.46459904e+00 4.93458931e+00 8.07229145e-01]]
