1
10
2023-10-23 18:06:23
20
2023-10-23 18:07:05
30
2023-10-23 18:07:49
40
2023-10-23 18:08:32
50
2023-10-23 18:09:14
60
2023-10-23 18:09:56
70
2023-10-23 18:10:43
80
2023-10-23 18:11:29
90
2023-10-23 18:12:11
100
2023-10-23 18:12:53
elapsed:  431.8  seconds
110
2023-10-23 18:13:45
120
2023-10-23 18:14:31
130
2023-10-23 18:15:21
140
2023-10-23 18:16:13
150
2023-10-23 18:17:02
160
2023-10-23 18:17:56
170
2023-10-23 18:18:47
180
2023-10-23 18:19:42
190
2023-10-23 18:20:40
200
2023-10-23 18:21:24
elapsed:  942.3  seconds
210
2023-10-23 18:22:10
220
2023-10-23 18:22:58
230
2023-10-23 18:23:49
240
2023-10-23 18:24:40
250
2023-10-23 18:25:30
260
2023-10-23 18:26:25
270
2023-10-23 18:27:15
280
2023-10-23 18:28:09
290
2023-10-23 18:29:00
300
2023-10-23 18:29:56
elapsed:  1454.6  seconds
310
2023-10-23 18:30:53
320
2023-10-23 18:31:39
330
2023-10-23 18:32:34
340
2023-10-23 18:33:22
350
2023-10-23 18:34:13
360
2023-10-23 18:35:03
370
2023-10-23 18:35:58
380
2023-10-23 18:36:52
390
2023-10-23 18:37:53
400
2023-10-23 18:38:44
elapsed:  1982.7  seconds
410
2023-10-23 18:39:40
420
2023-10-23 18:40:30
430
2023-10-23 18:41:18
440
2023-10-23 18:42:24
450
2023-10-23 18:43:15
460
2023-10-23 18:44:09
470
2023-10-23 18:45:05
480
2023-10-23 18:45:58
490
2023-10-23 18:46:50
500
2023-10-23 18:47:40
elapsed:  2518.3  seconds
510
2023-10-23 18:48:32
520
2023-10-23 18:49:25
530
2023-10-23 18:50:20
540
2023-10-23 18:51:07
550
2023-10-23 18:51:51
560
2023-10-23 18:52:43
570
2023-10-23 18:53:40
580
2023-10-23 18:54:35
590
2023-10-23 18:55:25
600
2023-10-23 18:56:17
elapsed:  3034.9  seconds
610
2023-10-23 18:57:09
620
2023-10-23 18:57:55
630
2023-10-23 18:58:43
640
2023-10-23 18:59:36
650
2023-10-23 19:00:33
660
2023-10-23 19:01:28
670
2023-10-23 19:02:19
680
2023-10-23 19:03:10
690
2023-10-23 19:04:01
700
2023-10-23 19:04:54
elapsed:  3551.9  seconds
710
2023-10-23 19:05:47
720
2023-10-23 19:06:38
730
2023-10-23 19:07:34
740
2023-10-23 19:08:26
750
2023-10-23 19:09:20
760
2023-10-23 19:10:18
770
2023-10-23 19:11:09
780
2023-10-23 19:12:05
790
2023-10-23 19:12:59
800
2023-10-23 19:13:57
elapsed:  4095.8  seconds
810
2023-10-23 19:14:54
820
2023-10-23 19:15:49
830
2023-10-23 19:16:47
840
2023-10-23 19:17:38
850
2023-10-23 19:18:36
860
2023-10-23 19:19:35
870
2023-10-23 19:20:33
880
2023-10-23 19:21:26
890
2023-10-23 19:22:13
900
2023-10-23 19:23:09
elapsed:  4647.6  seconds
910
2023-10-23 19:24:02
920
2023-10-23 19:24:53
930
2023-10-23 19:25:44
940
2023-10-23 19:26:39
950
2023-10-23 19:27:39
960
2023-10-23 19:28:33
970
2023-10-23 19:29:27
980
2023-10-23 19:30:23
990
2023-10-23 19:31:18
1000
2023-10-23 19:32:14
elapsed:  5192.3  seconds
1010
2023-10-23 19:33:16
1020
2023-10-23 19:34:15
1030
2023-10-23 19:35:10
1040
2023-10-23 19:36:07
1050
2023-10-23 19:37:05
1060
2023-10-23 19:38:04
1070
2023-10-23 19:39:00
1080
2023-10-23 19:39:50
1090
2023-10-23 19:40:38
1100
2023-10-23 19:41:31
elapsed:  5749.7  seconds
1110
2023-10-23 19:42:33
1120
2023-10-23 19:43:32
1130
2023-10-23 19:44:31
1140
2023-10-23 19:45:23
1150
2023-10-23 19:46:10
1160
2023-10-23 19:47:03
1170
2023-10-23 19:47:52
1180
2023-10-23 19:48:46
1190
2023-10-23 19:49:44
1200
2023-10-23 19:50:40
elapsed:  6298.4  seconds
1210
2023-10-23 19:51:46
1220
2023-10-23 19:52:44
1230
2023-10-23 19:53:38
1240
2023-10-23 19:54:38
1250
2023-10-23 19:55:26
1260
2023-10-23 19:56:15
1270
2023-10-23 19:57:11
1280
2023-10-23 19:58:07
1290
2023-10-23 19:59:07
1300
2023-10-23 20:00:00
elapsed:  6858.8  seconds
1310
2023-10-23 20:00:57
1320
2023-10-23 20:01:54
1330
2023-10-23 20:02:53
1340
2023-10-23 20:03:56
1350
2023-10-23 20:04:55
1360
2023-10-23 20:05:51
1370
2023-10-23 20:06:45
1380
2023-10-23 20:07:35
1390
2023-10-23 20:08:33
1400
2023-10-23 20:09:26
elapsed:  7424.6  seconds
1410
2023-10-23 20:10:19
1420
2023-10-23 20:11:12
1430
2023-10-23 20:12:04
1440
2023-10-23 20:12:54
1450
2023-10-23 20:13:44
1460
2023-10-23 20:14:35
1470
2023-10-23 20:15:24
1480
2023-10-23 20:16:20
1490
2023-10-23 20:17:15
1500
2023-10-23 20:18:04
elapsed:  7942.4  seconds
1510
2023-10-23 20:18:58
1520
2023-10-23 20:19:52
1530
2023-10-23 20:20:42
1540
2023-10-23 20:21:36
1550
2023-10-23 20:22:27
1560
2023-10-23 20:23:17
1570
2023-10-23 20:24:05
1580
2023-10-23 20:24:54
1590
2023-10-23 20:25:39
1600
2023-10-23 20:26:32
elapsed:  8449.9  seconds
1610
2023-10-23 20:27:24
1620
2023-10-23 20:28:15
1630
2023-10-23 20:29:10
1640
2023-10-23 20:30:06
1650
2023-10-23 20:31:03
1660
2023-10-23 20:31:57
1670
2023-10-23 20:32:47
1680
2023-10-23 20:33:37
1690
2023-10-23 20:34:32
1700
2023-10-23 20:35:26
elapsed:  8983.9  seconds
1710
2023-10-23 20:36:23
1720
2023-10-23 20:37:13
1730
2023-10-23 20:38:04
1740
2023-10-23 20:39:07
1750
2023-10-23 20:40:01
1760
2023-10-23 20:41:02
1770
2023-10-23 20:41:56
1780
2023-10-23 20:42:52
1790
2023-10-23 20:43:45
1800
2023-10-23 20:44:38
elapsed:  9536.5  seconds
1810
2023-10-23 20:45:40
1820
2023-10-23 20:46:36
1830
2023-10-23 20:47:41
1840
2023-10-23 20:48:42
1850
2023-10-23 20:49:40
1860
2023-10-23 20:50:45
1870
2023-10-23 20:51:42
1880
2023-10-23 20:52:37
1890
2023-10-23 20:53:26
1900
2023-10-23 20:54:15
elapsed:  10113.5  seconds
1910
2023-10-23 20:55:16
1920
2023-10-23 20:56:08
1930
2023-10-23 20:57:01
1940
2023-10-23 20:58:00
1950
2023-10-23 20:59:02
1960
2023-10-23 20:59:59
1970
2023-10-23 21:00:51
1980
2023-10-23 21:01:41
1990
2023-10-23 21:02:39
2000
2023-10-23 21:03:37
elapsed:  10675.1  seconds
2010
2023-10-23 21:04:36
2020
2023-10-23 21:05:32
2030
2023-10-23 21:06:28
2040
2023-10-23 21:07:19
2050
2023-10-23 21:08:16
2060
2023-10-23 21:09:11
2070
2023-10-23 21:10:03
2080
2023-10-23 21:11:00
2090
2023-10-23 21:11:58
2100
2023-10-23 21:12:47
elapsed:  11225.6  seconds
2110
2023-10-23 21:13:44
2120
2023-10-23 21:14:36
2130
2023-10-23 21:15:36
2140
2023-10-23 21:16:25
2150
2023-10-23 21:17:14
2160
2023-10-23 21:17:59
2170
2023-10-23 21:18:49
2180
2023-10-23 21:19:48
2190
2023-10-23 21:20:38
2200
2023-10-23 21:21:36
elapsed:  11754.0  seconds
2210
2023-10-23 21:22:30
2220
2023-10-23 21:23:21
2230
2023-10-23 21:24:11
2240
2023-10-23 21:25:06
2250
2023-10-23 21:25:54
2260
2023-10-23 21:27:00
2270
2023-10-23 21:27:51
2280
2023-10-23 21:28:39
2290
2023-10-23 21:29:32
2300
2023-10-23 21:30:21
elapsed:  12279.1  seconds
2310
2023-10-23 21:31:19
2320
2023-10-23 21:32:07
2330
2023-10-23 21:33:02
2340
2023-10-23 21:33:57
2350
2023-10-23 21:34:53
2360
2023-10-23 21:35:51
2370
2023-10-23 21:36:52
2380
2023-10-23 21:37:46
2390
2023-10-23 21:38:52
2400
2023-10-23 21:39:56
elapsed:  12853.9  seconds
2410
2023-10-23 21:41:01
2420
2023-10-23 21:42:04
2430
2023-10-23 21:42:55
2440
2023-10-23 21:43:51
2450
2023-10-23 21:44:50
2460
2023-10-23 21:45:56
2470
2023-10-23 21:46:48
2480
2023-10-23 21:47:49
2490
2023-10-23 21:48:42
2500
2023-10-23 21:49:38
elapsed:  13435.9  seconds
2510
2023-10-23 21:50:32
2520
2023-10-23 21:51:32
2530
2023-10-23 21:52:28
2540
2023-10-23 21:53:26
2550
2023-10-23 21:54:23
2560
2023-10-23 21:55:19
2570
2023-10-23 21:56:22
2580
2023-10-23 21:57:18
2590
2023-10-23 21:58:09
2600
2023-10-23 21:59:05
elapsed:  14003.5  seconds
2610
2023-10-23 22:00:09
2620
2023-10-23 22:01:06
2630
2023-10-23 22:01:59
2640
2023-10-23 22:02:53
2650
2023-10-23 22:03:42
2660
2023-10-23 22:04:35
2670
2023-10-23 22:05:37
2680
2023-10-23 22:06:44
2690
2023-10-23 22:07:40
2700
2023-10-23 22:08:37
elapsed:  14575.3  seconds
2710
2023-10-23 22:09:35
2720
2023-10-23 22:10:35
2730
2023-10-23 22:11:30
2740
2023-10-23 22:12:32
2750
2023-10-23 22:13:32
2760
2023-10-23 22:14:36
2770
2023-10-23 22:15:40
2780
2023-10-23 22:16:41
2790
2023-10-23 22:17:39
2800
2023-10-23 22:18:35
elapsed:  15172.9  seconds
2810
2023-10-23 22:19:33
2820
2023-10-23 22:20:29
2830
2023-10-23 22:21:30
2840
2023-10-23 22:22:31
2850
2023-10-23 22:23:26
2860
2023-10-23 22:24:29
2870
2023-10-23 22:25:15
2880
2023-10-23 22:26:01
2890
2023-10-23 22:27:03
2900
2023-10-23 22:27:56
elapsed:  15734.5  seconds
2910
2023-10-23 22:28:52
2920
2023-10-23 22:29:43
2930
2023-10-23 22:30:36
2940
2023-10-23 22:31:28
2950
2023-10-23 22:32:21
2960
2023-10-23 22:33:21
2970
2023-10-23 22:34:11
2980
2023-10-23 22:35:07
2990
2023-10-23 22:35:59
3000
2023-10-23 22:36:53
elapsed:  16271.5  seconds
3010
2023-10-23 22:37:43
3020
2023-10-23 22:38:29
3030
2023-10-23 22:39:10
3040
2023-10-23 22:39:53
3050
2023-10-23 22:40:31
3060
2023-10-23 22:41:14
3070
2023-10-23 22:42:07
3080
2023-10-23 22:42:59
3090
2023-10-23 22:43:49
3100
2023-10-23 22:44:34
elapsed:  16732.0  seconds
3110
2023-10-23 22:45:29
3120
2023-10-23 22:46:13
3130
2023-10-23 22:46:57
3140
2023-10-23 22:47:42
3150
2023-10-23 22:48:20
3160
2023-10-23 22:48:59
3170
2023-10-23 22:49:36
3180
2023-10-23 22:50:18
3190
2023-10-23 22:51:04
3200
2023-10-23 22:51:50
elapsed:  17168.2  seconds
3210
2023-10-23 22:52:33
3220
2023-10-23 22:53:10
3230
2023-10-23 22:54:03
3240
2023-10-23 22:55:02
3250
2023-10-23 22:55:54
3260
2023-10-23 22:56:38
3270
2023-10-23 22:57:23
3280
2023-10-23 22:58:10
3290
2023-10-23 22:59:05
3300
2023-10-23 22:59:55
elapsed:  17652.9  seconds
3310
2023-10-23 23:00:40
3320
2023-10-23 23:01:26
3330
2023-10-23 23:02:28
3340
2023-10-23 23:03:16
3350
2023-10-23 23:04:16
3360
2023-10-23 23:05:09
3370
2023-10-23 23:06:13
3380
2023-10-23 23:07:11
3390
2023-10-23 23:08:01
3400
2023-10-23 23:08:50
elapsed:  18188.7  seconds
3410
2023-10-23 23:09:47
3420
2023-10-23 23:10:39
3430
2023-10-23 23:11:33
3440
2023-10-23 23:12:27
3450
2023-10-23 23:13:24
/projects/muyang@colostate.edu/software/anaconda/envs/testenv/lib/python3.11/site-packages/numpy/lib/function_base.py:2455: RuntimeWarning: divide by zero encountered in func (vectorized)
  outputs = ufunc(*inputs)
/projects/muyang@colostate.edu/software/anaconda/envs/testenv/lib/python3.11/site-packages/numpy/lib/function_base.py:2455: RuntimeWarning: invalid value encountered in func (vectorized)
  outputs = ufunc(*inputs)
3460
2023-10-23 23:14:22
3470
2023-10-23 23:15:20
3480
2023-10-23 23:16:20
3490
2023-10-23 23:17:17
3500
2023-10-23 23:18:22
elapsed:  18759.9  seconds
3510
2023-10-23 23:19:28
3520
2023-10-23 23:20:27
3530
2023-10-23 23:21:26
3540
2023-10-23 23:22:30
3550
2023-10-23 23:23:29
3560
2023-10-23 23:24:32
3570
2023-10-23 23:25:46
3580
2023-10-23 23:26:38
3590
2023-10-23 23:27:33
3600
2023-10-23 23:28:30
elapsed:  19368.4  seconds
3610
2023-10-23 23:29:35
3620
2023-10-23 23:30:31
3630
2023-10-23 23:31:30
/projects/muyang@colostate.edu/software/anaconda/envs/testenv/lib/python3.11/site-packages/numpy/lib/function_base.py:2455: RuntimeWarning: divide by zero encountered in func (vectorized)
  outputs = ufunc(*inputs)
/projects/muyang@colostate.edu/software/anaconda/envs/testenv/lib/python3.11/site-packages/numpy/lib/function_base.py:2455: RuntimeWarning: invalid value encountered in func (vectorized)
  outputs = ufunc(*inputs)
3640
2023-10-23 23:32:22
3650
2023-10-23 23:33:24
3660
2023-10-23 23:34:20
3670
2023-10-23 23:35:12
3680
2023-10-23 23:36:08
3690
2023-10-23 23:37:02
3700
2023-10-23 23:38:01
elapsed:  19939.0  seconds
/projects/muyang@colostate.edu/software/anaconda/envs/testenv/lib/python3.11/site-packages/numpy/lib/function_base.py:2455: RuntimeWarning: divide by zero encountered in func (vectorized)
  outputs = ufunc(*inputs)
/projects/muyang@colostate.edu/software/anaconda/envs/testenv/lib/python3.11/site-packages/numpy/lib/function_base.py:2455: RuntimeWarning: invalid value encountered in func (vectorized)
  outputs = ufunc(*inputs)
3710
2023-10-23 23:38:53
3720
2023-10-23 23:39:46
3730
2023-10-23 23:40:32
3740
2023-10-23 23:41:34
3750
2023-10-23 23:42:29
/projects/muyang@colostate.edu/software/anaconda/envs/testenv/lib/python3.11/site-packages/numpy/lib/function_base.py:2455: RuntimeWarning: divide by zero encountered in func (vectorized)
  outputs = ufunc(*inputs)
/projects/muyang@colostate.edu/software/anaconda/envs/testenv/lib/python3.11/site-packages/numpy/lib/function_base.py:2455: RuntimeWarning: invalid value encountered in func (vectorized)
  outputs = ufunc(*inputs)
3760
2023-10-23 23:43:25
3770
2023-10-23 23:44:21
3780
2023-10-23 23:45:27
3790
2023-10-23 23:46:41
3800
2023-10-23 23:47:49
elapsed:  20526.9  seconds
/projects/muyang@colostate.edu/software/anaconda/envs/testenv/lib/python3.11/site-packages/numpy/lib/function_base.py:2455: RuntimeWarning: divide by zero encountered in func (vectorized)
  outputs = ufunc(*inputs)
/projects/muyang@colostate.edu/software/anaconda/envs/testenv/lib/python3.11/site-packages/numpy/lib/function_base.py:2455: RuntimeWarning: invalid value encountered in func (vectorized)
  outputs = ufunc(*inputs)
3810
2023-10-23 23:48:52
3820
2023-10-23 23:49:50
3830
2023-10-23 23:50:44
3840
2023-10-23 23:51:42
3850
2023-10-23 23:52:38
3860
2023-10-23 23:53:26
3870
2023-10-23 23:54:15
3880
2023-10-23 23:55:14
3890
2023-10-23 23:56:18
3900
2023-10-23 23:57:23
elapsed:  21101.5  seconds
3910
2023-10-23 23:58:24
3920
2023-10-23 23:59:15
3930
2023-10-24 00:00:09
3940
2023-10-24 00:01:04
3950
2023-10-24 00:02:07
3960
2023-10-24 00:03:01
3970
2023-10-24 00:03:47
/projects/muyang@colostate.edu/software/anaconda/envs/testenv/lib/python3.11/site-packages/numpy/lib/function_base.py:2455: RuntimeWarning: divide by zero encountered in func (vectorized)
  outputs = ufunc(*inputs)
/projects/muyang@colostate.edu/software/anaconda/envs/testenv/lib/python3.11/site-packages/numpy/lib/function_base.py:2455: RuntimeWarning: invalid value encountered in func (vectorized)
  outputs = ufunc(*inputs)
3980
2023-10-24 00:04:41
3990
2023-10-24 00:05:29
4000
2023-10-24 00:06:21
elapsed:  21639.8  seconds
4010
2023-10-24 00:07:22
4020
2023-10-24 00:08:18
4030
2023-10-24 00:09:09
4040
2023-10-24 00:10:08
4050
2023-10-24 00:10:54
4060
2023-10-24 00:11:39
4070
2023-10-24 00:12:33
4080
2023-10-24 00:13:25
4090
2023-10-24 00:14:20
4100
2023-10-24 00:15:16
elapsed:  22173.9  seconds
4110
2023-10-24 00:16:12
4120
2023-10-24 00:17:14
4130
2023-10-24 00:18:17
/projects/muyang@colostate.edu/software/anaconda/envs/testenv/lib/python3.11/site-packages/numpy/lib/function_base.py:2455: RuntimeWarning: divide by zero encountered in func (vectorized)
  outputs = ufunc(*inputs)
/projects/muyang@colostate.edu/software/anaconda/envs/testenv/lib/python3.11/site-packages/numpy/lib/function_base.py:2455: RuntimeWarning: invalid value encountered in func (vectorized)
  outputs = ufunc(*inputs)
4140
2023-10-24 00:19:18
4150
2023-10-24 00:20:18
4160
2023-10-24 00:21:13
4170
2023-10-24 00:22:16
4180
2023-10-24 00:23:20
4190
2023-10-24 00:24:18
4200
2023-10-24 00:25:16
elapsed:  22774.0  seconds
4210
2023-10-24 00:26:10
4220
2023-10-24 00:26:59
4230
2023-10-24 00:28:07
/projects/muyang@colostate.edu/software/anaconda/envs/testenv/lib/python3.11/site-packages/numpy/lib/function_base.py:2455: RuntimeWarning: divide by zero encountered in func (vectorized)
  outputs = ufunc(*inputs)
/projects/muyang@colostate.edu/software/anaconda/envs/testenv/lib/python3.11/site-packages/numpy/lib/function_base.py:2455: RuntimeWarning: invalid value encountered in func (vectorized)
  outputs = ufunc(*inputs)
4240
2023-10-24 00:29:08
4250
2023-10-24 00:30:06
4260
2023-10-24 00:31:03
4270
2023-10-24 00:32:07
4280
2023-10-24 00:33:09
4290
2023-10-24 00:34:09
4300
2023-10-24 00:35:05
elapsed:  23363.2  seconds
4310
2023-10-24 00:36:15
4320
2023-10-24 00:37:16
4330
2023-10-24 00:38:13
4340
2023-10-24 00:39:15
4350
2023-10-24 00:40:08
4360
2023-10-24 00:40:58
4370
2023-10-24 00:41:51
/projects/muyang@colostate.edu/software/anaconda/envs/testenv/lib/python3.11/site-packages/numpy/lib/function_base.py:2455: RuntimeWarning: divide by zero encountered in func (vectorized)
  outputs = ufunc(*inputs)
/projects/muyang@colostate.edu/software/anaconda/envs/testenv/lib/python3.11/site-packages/numpy/lib/function_base.py:2455: RuntimeWarning: invalid value encountered in func (vectorized)
  outputs = ufunc(*inputs)
4380
2023-10-24 00:43:06
4390
2023-10-24 00:44:11
4400
2023-10-24 00:45:10
elapsed:  23968.8  seconds
4410
2023-10-24 00:46:10
4420
2023-10-24 00:47:13
4430
2023-10-24 00:48:20
4440
2023-10-24 00:49:19
/projects/muyang@colostate.edu/software/anaconda/envs/testenv/lib/python3.11/site-packages/numpy/lib/function_base.py:2455: RuntimeWarning: divide by zero encountered in func (vectorized)
  outputs = ufunc(*inputs)
/projects/muyang@colostate.edu/software/anaconda/envs/testenv/lib/python3.11/site-packages/numpy/lib/function_base.py:2455: RuntimeWarning: invalid value encountered in func (vectorized)
  outputs = ufunc(*inputs)
4450
2023-10-24 00:50:01
4460
2023-10-24 00:50:49
/projects/muyang@colostate.edu/software/anaconda/envs/testenv/lib/python3.11/site-packages/numpy/lib/function_base.py:2455: RuntimeWarning: divide by zero encountered in func (vectorized)
  outputs = ufunc(*inputs)
/projects/muyang@colostate.edu/software/anaconda/envs/testenv/lib/python3.11/site-packages/numpy/lib/function_base.py:2455: RuntimeWarning: invalid value encountered in func (vectorized)
  outputs = ufunc(*inputs)
4470
2023-10-24 00:51:41
4480
2023-10-24 00:52:37
4490
2023-10-24 00:53:31
4500
2023-10-24 00:54:26
elapsed:  24524.7  seconds
4510
2023-10-24 00:55:35
4520
2023-10-24 00:56:40
4530
2023-10-24 00:57:44
4540
2023-10-24 00:58:43
4550
2023-10-24 00:59:25
4560
2023-10-24 01:00:17
4570
2023-10-24 01:01:05
4580
2023-10-24 01:01:54
4590
2023-10-24 01:02:41
4600
2023-10-24 01:03:28
elapsed:  25066.1  seconds
4610
2023-10-24 01:04:15
4620
2023-10-24 01:05:09
4630
2023-10-24 01:06:00
4640
2023-10-24 01:06:54
4650
2023-10-24 01:07:45
4660
2023-10-24 01:08:47
4670
2023-10-24 01:09:47
/projects/muyang@colostate.edu/software/anaconda/envs/testenv/lib/python3.11/site-packages/numpy/lib/function_base.py:2455: RuntimeWarning: divide by zero encountered in func (vectorized)
  outputs = ufunc(*inputs)
/projects/muyang@colostate.edu/software/anaconda/envs/testenv/lib/python3.11/site-packages/numpy/lib/function_base.py:2455: RuntimeWarning: invalid value encountered in func (vectorized)
  outputs = ufunc(*inputs)
4680
2023-10-24 01:10:47
4690
2023-10-24 01:11:50
4700
2023-10-24 01:12:40
elapsed:  25618.5  seconds
4710
2023-10-24 01:13:39
4720
2023-10-24 01:14:33
/projects/muyang@colostate.edu/software/anaconda/envs/testenv/lib/python3.11/site-packages/numpy/lib/function_base.py:2455: RuntimeWarning: divide by zero encountered in func (vectorized)
  outputs = ufunc(*inputs)
/projects/muyang@colostate.edu/software/anaconda/envs/testenv/lib/python3.11/site-packages/numpy/lib/function_base.py:2455: RuntimeWarning: invalid value encountered in func (vectorized)
  outputs = ufunc(*inputs)
4730
2023-10-24 01:15:28
4740
2023-10-24 01:16:34
4750
2023-10-24 01:17:36
4760
2023-10-24 01:18:43
4770
2023-10-24 01:19:41
4780
2023-10-24 01:20:43
4790
2023-10-24 01:21:48
4800
2023-10-24 01:22:55
elapsed:  26233.8  seconds
4810
2023-10-24 01:24:00
4820
2023-10-24 01:25:02
4830
2023-10-24 01:25:55
4840
2023-10-24 01:26:59
4850
2023-10-24 01:28:02
4860
2023-10-24 01:29:08
4870
2023-10-24 01:30:06
4880
2023-10-24 01:31:08
4890
2023-10-24 01:32:10
4900
2023-10-24 01:33:04
elapsed:  26842.7  seconds
4910
2023-10-24 01:34:08
4920
2023-10-24 01:35:13
4930
2023-10-24 01:36:20
4940
2023-10-24 01:37:24
4950
2023-10-24 01:38:31
4960
2023-10-24 01:39:31
4970
2023-10-24 01:40:32
/projects/muyang@colostate.edu/software/anaconda/envs/testenv/lib/python3.11/site-packages/numpy/lib/function_base.py:2455: RuntimeWarning: divide by zero encountered in func (vectorized)
  outputs = ufunc(*inputs)
/projects/muyang@colostate.edu/software/anaconda/envs/testenv/lib/python3.11/site-packages/numpy/lib/function_base.py:2455: RuntimeWarning: invalid value encountered in func (vectorized)
  outputs = ufunc(*inputs)
4980
2023-10-24 01:41:25
4990
2023-10-24 01:42:22
elapsed:  27461.9  seconds
total time:  27470.3  seconds
true R:  [[1.98331887e-01 3.17235054e-01 6.26591881e+00 2.19772721e+00
  1.93818126e-01 2.26379087e-01 1.87605309e+01 3.98306044e-01
  1.15581895e+00 1.26885817e+00 1.77547118e+00 1.44350981e-01
  4.08110596e+01 5.47812743e+00 8.99763792e-01 8.79171414e-02
  1.22066497e+00 1.09883040e+00 4.45102200e-01 2.53371563e-01
  2.77497504e+00 5.46862598e+00 1.86214645e+00 4.06164720e-01
  5.66930872e-01 8.98315447e+00 3.31929482e+00 8.46166329e+01
  1.51579863e+00 7.83675407e-01 5.12179355e+00 2.35409146e+00
  2.46807004e-01 1.62600796e+00 1.27443526e-01 7.73902679e+00
  1.87025030e-01 1.22541360e+05 1.16666551e-01 5.52523631e+00
  7.01874713e+00 1.08726708e+00 1.48086478e+01 3.00636305e-01
  7.29877187e+00 2.84862178e-01 6.84028280e-01 8.30321913e+02
  1.28223792e+00 2.43169785e-01 5.84150017e-01 8.81011403e+00
  1.31244051e-01 6.20632100e+00 2.84381419e-01 1.38426854e+01
  3.76410190e+00 2.15475829e+00 2.76064890e-01 5.08848922e+01
  1.03597812e+00 3.97282631e-01 2.44439803e-01 6.03177903e-01]
 [2.73149105e-01 2.23066152e+01 3.53282935e-01 4.86434781e-01
  1.24628163e+02 1.39769206e-01 1.03613493e+00 1.22193779e+02
  3.38850075e+02 3.35375682e-01 2.03003977e-01 2.67992977e-01
  8.58831894e-01 6.66461897e-01 6.44795739e-01 6.00179985e+00
  2.07578822e+02 4.31760508e+00 4.09125976e-02 9.10839240e+00
  2.31098414e+01 8.01291757e-02 8.76263786e+00 9.77740011e-02
  6.67561360e-02 1.49017060e+00 2.03678963e-01 3.07434650e+01
  4.54300731e+00 5.68610732e+00 1.25391116e+00 2.76495511e+00
  3.66910036e+00 1.43752146e+00 1.28708769e+00 7.06154995e+00
  1.83240848e+00 1.66989004e+01 4.15155366e+03 9.74569058e-01
  1.74559931e-01 1.31011482e+00 1.98625119e+02 9.24112142e-01
  6.17205147e+00 1.82955717e-01 5.14982148e+00 9.82266143e+00
  1.65841929e-01 8.61532489e+01 4.21338211e-01 7.02704585e-01
  2.29016201e-01 2.93334427e-01 2.74453078e-01 1.70271220e+01
  1.32346454e+00 1.29545109e+00 2.05716382e+00 1.76247597e-01
  7.52374711e+00 3.08652234e-01 2.26058520e+00 1.61076731e+00]
 [2.69570863e+00 7.03972387e-01 2.02716557e-01 8.27556546e-01
  7.03474941e-01 6.97849159e-01 9.65798862e+01 1.05961419e+00
  1.39330358e+00 2.95972168e-01 1.31027559e+00 1.63976185e-01
  3.99985083e-01 2.41268777e-01 3.76659349e+00 6.22558649e+00
  3.43583103e-01 4.16351380e-01 1.21839406e-01 1.28214847e+03
  4.32601486e+01 1.31532825e-01 2.31495746e-01 3.13968347e-01
  1.62039164e-01 1.15156880e+01 1.43161999e-01 3.09525734e+01
  1.03428398e+00 2.73137351e+00 8.06511952e-01 1.44066368e-01
  6.31257539e-01 1.18056842e+00 4.48229621e+00 7.95333570e+01
  6.48891361e+00 8.23922549e+01 1.19034830e+02 4.96399087e-01
  3.65581271e+00 2.47269919e-01 7.35124641e+00 4.48758518e-01
  7.53082890e+00 2.33207977e-01 8.53224896e-01 3.67015150e-01
  3.57170629e-01 1.34155714e-01 7.04647752e+00 3.13986763e-01
  5.65410154e+00 5.07896945e-01 1.57397609e+00 8.46406929e+01
  2.96320423e-01 3.64238785e-01 2.70417562e-01 8.64003695e-01
  1.02721938e+01 2.69694050e-01 3.76856304e-01 2.01001150e+01]
 [8.47978346e+00 4.02771528e-01 3.22139865e+00 4.05381812e+01
  1.85115513e+01 4.05649986e+00 3.49755109e-01 1.54105194e-01
  4.37479474e-01 5.54194694e+00 7.67020300e-01 3.39740103e+00
  1.49573683e-01 1.79705670e+01 6.69225802e-01 1.62388326e+01
  1.38399009e+00 1.68979179e-01 9.36040045e-01 9.58676366e-01
  5.31683664e-02 8.87717637e-01 4.42215403e-01 6.80653609e+01
  9.47098577e-01 9.03469784e-01 5.98110726e+00 2.59004405e-01
  2.66815362e-01 4.52075237e+02 4.29880382e-01 8.59865152e+00
  1.60150778e+04 6.29812858e+00 2.26690248e+00 1.11688571e+01
  1.86458797e+00 9.56695995e+00 5.53162364e-01 5.12712220e-01
  4.15355194e-01 3.67334870e-01 4.96532187e+00 5.85277886e-01
  7.82662509e+00 1.90702776e-01 4.90820519e+00 2.64070786e-01
  4.16072369e+00 3.39104820e+00 8.01440530e+02 1.00014258e+00
  5.62492550e+00 1.68088319e+00 5.47824071e-01 6.70600348e-01
  4.96922526e+00 3.82212716e-01 2.12661973e+00 6.17153794e+00
  1.71408047e-01 1.04251164e+00 3.95481179e-01 5.36057493e-01]
 [3.42033751e+00 6.55600833e-01 2.60938373e+00 1.99495500e+00
  2.12107858e+03 4.91977218e-01 1.00759896e+00 4.19408095e-01
  1.10813873e-01 2.45897099e+02 3.03172426e+01 2.87098834e-01
  7.09074537e+00 4.75192355e-01 9.43312707e-01 4.51360006e-01
  4.18748010e-01 4.98299145e+00 9.20649441e-01 1.01277355e+00
  2.40981574e-01 4.64194242e-01 4.40266445e+01 4.98371769e+00
  6.44984570e-01 2.19340928e+00 1.44057780e-01 3.92438873e-01
  1.47170623e-01 6.72302879e+01 1.68186336e+00 1.98286574e-01
  3.63148770e+00 2.04011914e+00 2.89483922e-01 3.51861006e-01
  1.42965031e-01 4.70898127e-01 3.62229355e-01 6.13661953e+00
  1.09318314e+01 3.97071219e-01 1.07176464e+00 9.41810427e+00
  4.14250676e-01 8.45234002e-01 9.58660159e-01 9.89699225e-01
  1.99869312e+00 8.89139274e-01 2.60699786e+00 7.00019386e-01
  6.18763979e+00 9.29588284e-01 8.22240115e-01 5.54126466e-02
  2.02486671e+00 2.66004576e+01 1.65091594e+00 5.96067299e-01
  4.17675501e-01 9.57344732e-01 5.16557800e+00 1.93164666e-01]
 [2.06639807e-01 6.17479767e-02 6.49693630e-01 2.34945185e+01
  7.41266550e-02 3.82584340e+01 4.20223464e-01 9.39313884e-02
  1.52382039e+00 3.38583963e+01 3.33843092e-01 2.63070585e-01
  1.16615212e+00 7.82037886e-01 8.05938759e-01 3.27294116e-01
  1.07761946e+01 6.93115750e-01 2.44601716e+01 4.03062653e-01
  5.71066363e+00 5.07853475e-01 1.40046978e+00 9.58286811e-01
  3.24594098e+02 2.46904369e-01 5.83233698e+01 4.30504645e-01
  2.09134976e-01 3.11295548e-01 1.40950085e+00 2.09220504e-01
  3.96664365e-01 2.51438739e+00 1.41983473e+02 5.58910622e-01
  5.15420170e-01 2.52545417e-01 2.16780308e+00 3.70875644e+00
  3.39200029e+00 1.36455529e-01 1.01972967e+00 3.00735245e+00
  9.27056939e-02 1.64049552e+00 5.12616752e+01 3.38980840e-01
  3.59486951e-01 7.81288806e+00 5.87850710e-01 3.57941408e+00
  2.16273248e-01 1.33536069e-01 1.43155522e+00 4.32284275e+00
  1.17728173e-01 1.63945017e+01 1.36722659e-01 2.03721986e+00
  3.40852201e-01 2.50696253e+00 6.56885352e+00 1.16742483e+00]
 [3.01272217e+00 3.26963714e-01 4.01215856e+00 6.76142345e-01
  6.33671950e-02 2.62262209e+00 1.39892632e+00 1.60025697e-01
  3.13407007e-01 9.63844160e-02 9.13705666e-01 7.72689226e+00
  8.68400873e+00 3.29467755e-01 8.27433969e-02 2.47744281e+00
  8.13525621e-01 4.77851400e+00 6.24565903e+00 9.74473718e-02
  3.65923064e-01 4.15325138e-01 5.20969344e+00 1.83015169e+00
  1.17311249e+01 1.16979806e+00 9.05402997e+00 3.27046295e-01
  2.81259059e+03 2.77343753e-01 5.34507183e-01 2.71965356e+00
  4.28060269e-01 2.48858008e+00 1.74274681e-01 2.20783564e-01
  9.32945237e-01 1.49373640e-01 8.09031070e-01 1.83170028e-01
  2.49500252e+00 1.55826154e-01 4.68051278e+01 3.22457122e+01
  8.62847953e-01 5.78072822e+01 6.36627591e+00 1.81859237e+00
  1.12976977e-01 2.80243204e+03 4.38985158e+00 2.27650483e-01
  1.01639071e+00 3.81340646e-01 2.49979679e+00 1.91142307e-01
  7.95577875e+00 2.83985329e+00 5.05373258e-01 8.89311677e-01
  2.37179780e+00 2.10812643e+00 1.04174719e+01 3.58072510e+00]
 [5.21749455e+00 4.42671909e-01 2.49285594e+00 3.62838697e-01
  4.02708705e-01 2.73548262e+01 1.82890714e+01 2.00758708e-01
  9.47386560e+00 2.23279641e+00 2.39396885e-01 7.61244907e-01
  9.80225529e-01 4.08608085e-01 1.07964168e+00 1.64480754e-01
  2.58050739e-01 3.17152500e-01 2.35138136e+00 6.84304328e-01
  3.32131201e+00 7.40300685e+00 1.69459262e+00 1.81839198e-01
  7.03005502e-01 2.69419835e-01 4.84013637e+00 2.33884344e+00
  4.14168954e-01 1.04689365e+00 4.42472790e-01 2.89791728e-01
  1.06229158e+01 2.86984859e-01 1.92231346e+00 6.89623668e+01
  2.58103728e+00 1.95513413e-01 3.55714167e-01 1.91888564e+02
  4.01305349e-01 1.87436056e-01 4.68352531e+00 6.42787205e-01
  1.76988913e-01 1.56169811e+01 9.56930944e+01 8.94762106e-02
  4.37848658e+00 2.95376852e+01 2.91094052e-01 8.90174380e+01
  8.94706909e+01 1.26626001e+00 7.88208521e-01 8.90131291e-01
  1.30559037e+00 2.24986542e+00 9.15204163e-01 2.48187576e+00
  3.15368045e-01 1.07084647e+01 4.25915910e-01 1.09747997e+00]
 [1.90553343e+00 1.86559859e+01 8.70170945e-01 9.07723889e+01
  1.01410324e+00 1.34695876e-01 2.23397727e+00 1.04348758e+00
  1.07491966e+00 2.48923376e-01 9.70561453e+00 4.53872863e-01
  3.51362445e+00 2.81467005e+02 4.38915256e+00 5.72739343e+01
  7.85821042e+00 2.65075179e-01 1.37936228e+00 3.97267519e-01
  5.23913629e+01 1.15451396e+00 2.22830082e-01 1.50264825e+01
  2.18592191e+00 1.18501211e-01 1.16201770e-01 3.37699694e+00
  2.12563036e-01 2.28621378e+00 5.43489224e-01 2.07422241e-01
  1.08191725e-01 3.86986478e-01 2.60278067e+00 3.32745778e-01
  3.81381819e+01 1.61962504e+01 1.04449791e-01 2.44455384e-01
  7.80271417e-01 2.25575959e+00 1.92387344e+00 6.21701038e-01
  1.57224152e+00 3.09301942e+01 3.53206271e-01 3.22147030e-01
  3.44837570e-01 2.04412769e-01 6.56082815e+01 4.83632496e+00
  3.53562583e-01 2.68771484e+03 4.40475081e-01 2.97653064e+01
  5.35786137e-01 6.09059058e-01 1.07731038e+01 4.57861146e+01
  3.80244475e+00 1.11459088e-01 9.82589580e+00 5.21927088e+00]]
