1
50
2023-11-08 10:06:03
100
2023-11-08 10:07:42
elapsed:  198.4  seconds
150
2023-11-08 10:09:26
200
2023-11-08 10:11:04
elapsed:  400.4  seconds
250
2023-11-08 10:12:53
300
2023-11-08 10:14:41
elapsed:  617.2  seconds
350
2023-11-08 10:16:34
400
2023-11-08 10:18:22
elapsed:  838.1  seconds
450
2023-11-08 10:20:11
500
2023-11-08 10:21:56
elapsed:  1052.5  seconds
550
2023-11-08 10:23:53
600
2023-11-08 10:25:49
elapsed:  1284.9  seconds
650
2023-11-08 10:27:38
700
2023-11-08 10:29:26
elapsed:  1502.0  seconds
750
2023-11-08 10:31:15
800
2023-11-08 10:33:11
elapsed:  1727.1  seconds
850
2023-11-08 10:35:14
900
2023-11-08 10:37:06
elapsed:  1962.2  seconds
950
2023-11-08 10:38:59
1000
2023-11-08 10:40:45
elapsed:  2180.8  seconds
1050
2023-11-08 10:42:42
1100
2023-11-08 10:44:39
elapsed:  2414.9  seconds
1150
2023-11-08 10:46:41
1200
2023-11-08 10:48:40
elapsed:  2656.3  seconds
1250
2023-11-08 10:50:42
1300
2023-11-08 10:52:18
elapsed:  2873.7  seconds
1350
2023-11-08 10:54:06
1400
2023-11-08 10:56:06
elapsed:  3102.5  seconds
1450
2023-11-08 10:58:12
1500
2023-11-08 11:00:21
elapsed:  3357.3  seconds
1550
2023-11-08 11:02:22
1600
2023-11-08 11:04:17
elapsed:  3593.2  seconds
1650
2023-11-08 11:06:16
1700
2023-11-08 11:08:14
elapsed:  3829.8  seconds
1750
2023-11-08 11:10:16
1800
2023-11-08 11:12:14
elapsed:  4069.7  seconds
1850
2023-11-08 11:14:21
1900
2023-11-08 11:16:13
elapsed:  4308.9  seconds
1950
2023-11-08 11:18:25
2000
2023-11-08 11:20:28
elapsed:  4563.9  seconds
2050
2023-11-08 11:22:30
2100
2023-11-08 11:24:33
elapsed:  4808.9  seconds
2150
2023-11-08 11:26:25
2200
2023-11-08 11:28:23
elapsed:  5039.4  seconds
2250
2023-11-08 11:30:14
2300
2023-11-08 11:32:01
elapsed:  5257.1  seconds
2350
2023-11-08 11:34:05
2400
2023-11-08 11:36:03
elapsed:  5499.2  seconds
2450
2023-11-08 11:38:10
2500
2023-11-08 11:40:00
elapsed:  5735.7  seconds
2550
2023-11-08 11:42:12
2600
2023-11-08 11:44:16
elapsed:  5992.5  seconds
2650
2023-11-08 11:46:21
2700
2023-11-08 11:48:22
elapsed:  6238.2  seconds
2750
2023-11-08 11:50:21
2800
2023-11-08 11:52:36
elapsed:  6492.4  seconds
2850
2023-11-08 11:54:46
2900
2023-11-08 11:56:44
elapsed:  6740.5  seconds
2950
2023-11-08 11:58:47
3000
2023-11-08 12:00:51
elapsed:  6987.0  seconds
3050
2023-11-08 12:03:01
3100
2023-11-08 12:04:59
elapsed:  7234.8  seconds
3150
2023-11-08 12:06:51
3200
2023-11-08 12:08:53
elapsed:  7468.7  seconds
3250
2023-11-08 12:10:47
3300
2023-11-08 12:12:45
elapsed:  7701.5  seconds
3350
2023-11-08 12:14:43
3400
2023-11-08 12:16:42
elapsed:  7938.3  seconds
3450
2023-11-08 12:18:37
3500
2023-11-08 12:20:35
elapsed:  8171.2  seconds
3550
2023-11-08 12:22:42
3600
2023-11-08 12:24:35
elapsed:  8411.1  seconds
3650
2023-11-08 12:26:40
3700
2023-11-08 12:28:44
elapsed:  8660.5  seconds
3750
2023-11-08 12:31:13
3800
2023-11-08 12:33:14
elapsed:  8929.8  seconds
/projects/muyang@colostate.edu/software/anaconda/envs/testenv/lib/python3.11/site-packages/numpy/lib/function_base.py:2455: RuntimeWarning: divide by zero encountered in func (vectorized)
  outputs = ufunc(*inputs)
/projects/muyang@colostate.edu/software/anaconda/envs/testenv/lib/python3.11/site-packages/numpy/lib/function_base.py:2455: RuntimeWarning: invalid value encountered in func (vectorized)
  outputs = ufunc(*inputs)
3850
2023-11-08 12:35:19
3900
2023-11-08 12:37:24
elapsed:  9179.9  seconds
3950
2023-11-08 12:39:37
4000
2023-11-08 12:41:35
elapsed:  9431.3  seconds
4050
2023-11-08 12:43:47
/projects/muyang@colostate.edu/software/anaconda/envs/testenv/lib/python3.11/site-packages/numpy/lib/function_base.py:2455: RuntimeWarning: divide by zero encountered in func (vectorized)
  outputs = ufunc(*inputs)
/projects/muyang@colostate.edu/software/anaconda/envs/testenv/lib/python3.11/site-packages/numpy/lib/function_base.py:2455: RuntimeWarning: invalid value encountered in func (vectorized)
  outputs = ufunc(*inputs)
4100
2023-11-08 12:45:52
elapsed:  9687.7  seconds
4150
2023-11-08 12:47:50
4200
2023-11-08 12:49:39
elapsed:  9914.8  seconds
4250
2023-11-08 12:51:36
4300
2023-11-08 12:53:27
elapsed:  10143.5  seconds
4350
2023-11-08 12:55:25
4400
2023-11-08 12:57:22
elapsed:  10378.5  seconds
4450
2023-11-08 12:59:26
4500
2023-11-08 13:01:29
elapsed:  10625.5  seconds
4550
2023-11-08 13:03:25
4600
2023-11-08 13:05:26
elapsed:  10862.4  seconds
4650
2023-11-08 13:07:46
4700
2023-11-08 13:09:45
elapsed:  11121.1  seconds
4750
2023-11-08 13:12:04
4800
2023-11-08 13:14:03
elapsed:  11378.7  seconds
4850
2023-11-08 13:16:11
4900
2023-11-08 13:18:13
elapsed:  11629.1  seconds
4950
2023-11-08 13:20:30
5000
2023-11-08 13:22:33
elapsed:  11889.4  seconds
5050
2023-11-08 13:24:45
5100
2023-11-08 13:26:53
elapsed:  12149.6  seconds
5150
2023-11-08 13:29:00
5200
2023-11-08 13:31:17
elapsed:  12413.5  seconds
5250
2023-11-08 13:33:34
5300
2023-11-08 13:35:38
elapsed:  12673.6  seconds
5350
2023-11-08 13:37:49
5400
2023-11-08 13:40:11
elapsed:  12946.8  seconds
/projects/muyang@colostate.edu/software/anaconda/envs/testenv/lib/python3.11/site-packages/numpy/lib/function_base.py:2455: RuntimeWarning: divide by zero encountered in func (vectorized)
  outputs = ufunc(*inputs)
/projects/muyang@colostate.edu/software/anaconda/envs/testenv/lib/python3.11/site-packages/numpy/lib/function_base.py:2455: RuntimeWarning: invalid value encountered in func (vectorized)
  outputs = ufunc(*inputs)
5450
2023-11-08 13:42:27
5500
2023-11-08 13:44:35
elapsed:  13211.4  seconds
5550
2023-11-08 13:46:40
5600
2023-11-08 13:48:49
elapsed:  13465.1  seconds
5650
2023-11-08 13:51:02
5700
2023-11-08 13:53:10
elapsed:  13725.9  seconds
5750
2023-11-08 13:55:18
5800
2023-11-08 13:57:21
elapsed:  13976.9  seconds
/projects/muyang@colostate.edu/software/anaconda/envs/testenv/lib/python3.11/site-packages/numpy/lib/function_base.py:2455: RuntimeWarning: divide by zero encountered in func (vectorized)
  outputs = ufunc(*inputs)
/projects/muyang@colostate.edu/software/anaconda/envs/testenv/lib/python3.11/site-packages/numpy/lib/function_base.py:2455: RuntimeWarning: invalid value encountered in func (vectorized)
  outputs = ufunc(*inputs)
5850
2023-11-08 13:59:13
/projects/muyang@colostate.edu/software/anaconda/envs/testenv/lib/python3.11/site-packages/numpy/lib/function_base.py:2455: RuntimeWarning: divide by zero encountered in func (vectorized)
  outputs = ufunc(*inputs)
/projects/muyang@colostate.edu/software/anaconda/envs/testenv/lib/python3.11/site-packages/numpy/lib/function_base.py:2455: RuntimeWarning: invalid value encountered in func (vectorized)
  outputs = ufunc(*inputs)
5900
2023-11-08 14:01:12
elapsed:  14207.8  seconds
5950
2023-11-08 14:03:39
6000
2023-11-08 14:05:46
elapsed:  14482.5  seconds
6050
2023-11-08 14:07:54
6100
2023-11-08 14:10:04
elapsed:  14740.2  seconds
6150
2023-11-08 14:12:15
6200
2023-11-08 14:14:09
elapsed:  14984.7  seconds
6250
2023-11-08 14:16:08
6300
2023-11-08 14:18:12
elapsed:  15227.9  seconds
6350
2023-11-08 14:20:09
6400
2023-11-08 14:21:50
elapsed:  15445.9  seconds
6450
2023-11-08 14:23:46
6500
2023-11-08 14:25:38
elapsed:  15673.7  seconds
6550
2023-11-08 14:27:43
6600
2023-11-08 14:29:54
elapsed:  15930.1  seconds
6650
2023-11-08 14:32:04
6700
2023-11-08 14:34:06
elapsed:  16181.8  seconds
6750
2023-11-08 14:36:12
6800
2023-11-08 14:38:26
elapsed:  16441.9  seconds
6850
2023-11-08 14:40:40
6900
2023-11-08 14:42:48
elapsed:  16704.2  seconds
6950
2023-11-08 14:44:54
7000
2023-11-08 14:47:07
elapsed:  16962.7  seconds
7050
2023-11-08 14:49:14
7100
2023-11-08 14:51:20
elapsed:  17216.6  seconds
7150
2023-11-08 14:53:43
7200
2023-11-08 14:55:54
elapsed:  17489.9  seconds
7250
2023-11-08 14:58:02
7300
2023-11-08 14:59:53
elapsed:  17728.7  seconds
7350
2023-11-08 15:01:53
/projects/muyang@colostate.edu/software/anaconda/envs/testenv/lib/python3.11/site-packages/numpy/lib/function_base.py:2455: RuntimeWarning: divide by zero encountered in func (vectorized)
  outputs = ufunc(*inputs)
/projects/muyang@colostate.edu/software/anaconda/envs/testenv/lib/python3.11/site-packages/numpy/lib/function_base.py:2455: RuntimeWarning: invalid value encountered in func (vectorized)
  outputs = ufunc(*inputs)
7400
2023-11-08 15:04:01
elapsed:  17976.7  seconds
7450
2023-11-08 15:05:59
7500
2023-11-08 15:08:16
elapsed:  18231.7  seconds
7550
2023-11-08 15:10:26
7600
2023-11-08 15:12:29
elapsed:  18484.6  seconds
7650
2023-11-08 15:14:31
7700
2023-11-08 15:16:35
elapsed:  18731.2  seconds
7750
2023-11-08 15:18:36
7800
2023-11-08 15:20:32
elapsed:  18968.2  seconds
7850
2023-11-08 15:22:38
7900
2023-11-08 15:24:33
elapsed:  19209.2  seconds
7950
2023-11-08 15:26:20
8000
2023-11-08 15:28:14
elapsed:  19430.1  seconds
8050
2023-11-08 15:30:33
8100
2023-11-08 15:32:47
elapsed:  19703.5  seconds
8150
2023-11-08 15:34:59
8200
2023-11-08 15:36:50
elapsed:  19946.3  seconds
8250
2023-11-08 15:38:59
8300
2023-11-08 15:40:57
elapsed:  20193.1  seconds
8350
2023-11-08 15:43:03
8400
2023-11-08 15:45:03
elapsed:  20438.7  seconds
8450
2023-11-08 15:47:09
8500
2023-11-08 15:49:13
elapsed:  20689.3  seconds
8550
2023-11-08 15:51:25
8600
2023-11-08 15:53:35
elapsed:  20951.0  seconds
8650
2023-11-08 15:55:38
8700
2023-11-08 15:57:40
elapsed:  21196.1  seconds
8750
2023-11-08 15:59:53
8800
2023-11-08 16:01:47
elapsed:  21443.4  seconds
8850
2023-11-08 16:03:32
8900
2023-11-08 16:05:36
elapsed:  21671.8  seconds
8950
2023-11-08 16:07:44
9000
2023-11-08 16:09:51
elapsed:  21926.8  seconds
9050
2023-11-08 16:11:43
9100
2023-11-08 16:13:37
elapsed:  22153.1  seconds
9150
2023-11-08 16:15:34
9200
2023-11-08 16:17:29
elapsed:  22385.5  seconds
9250
2023-11-08 16:19:43
9300
2023-11-08 16:21:35
elapsed:  22631.2  seconds
9350
2023-11-08 16:23:45
9400
2023-11-08 16:25:45
elapsed:  22881.1  seconds
9450
2023-11-08 16:27:40
9500
2023-11-08 16:29:52
elapsed:  23128.5  seconds
9550
2023-11-08 16:31:43
9600
2023-11-08 16:33:29
elapsed:  23345.0  seconds
9650
2023-11-08 16:35:33
/projects/muyang@colostate.edu/software/anaconda/envs/testenv/lib/python3.11/site-packages/numpy/lib/function_base.py:2455: RuntimeWarning: divide by zero encountered in func (vectorized)
  outputs = ufunc(*inputs)
/projects/muyang@colostate.edu/software/anaconda/envs/testenv/lib/python3.11/site-packages/numpy/lib/function_base.py:2455: RuntimeWarning: invalid value encountered in func (vectorized)
  outputs = ufunc(*inputs)
9700
2023-11-08 16:37:40
elapsed:  23595.9  seconds
9750
2023-11-08 16:39:47
9800
2023-11-08 16:41:49
elapsed:  23844.7  seconds
9850
2023-11-08 16:43:54
9900
2023-11-08 16:46:02
elapsed:  24098.0  seconds
9950
2023-11-08 16:48:12
10000
2023-11-08 16:50:11
elapsed:  24347.1  seconds
/projects/muyang@colostate.edu/software/anaconda/envs/testenv/lib/python3.11/site-packages/numpy/lib/function_base.py:2455: RuntimeWarning: divide by zero encountered in func (vectorized)
  outputs = ufunc(*inputs)
/projects/muyang@colostate.edu/software/anaconda/envs/testenv/lib/python3.11/site-packages/numpy/lib/function_base.py:2455: RuntimeWarning: invalid value encountered in func (vectorized)
  outputs = ufunc(*inputs)
10050
2023-11-08 16:52:18
10100
2023-11-08 16:54:19
elapsed:  24595.2  seconds
10150
2023-11-08 16:56:25
10200
2023-11-08 16:58:30
elapsed:  24846.6  seconds
10250
2023-11-08 17:00:33
10300
2023-11-08 17:02:35
elapsed:  25090.9  seconds
10350
2023-11-08 17:04:38
10400
2023-11-08 17:06:35
elapsed:  25331.2  seconds
10450
2023-11-08 17:08:38
10500
2023-11-08 17:10:39
elapsed:  25574.8  seconds
10550
2023-11-08 17:12:37
10600
2023-11-08 17:14:29
elapsed:  25805.3  seconds
10650
2023-11-08 17:16:32
10700
2023-11-08 17:18:15
elapsed:  26030.7  seconds
10750
2023-11-08 17:20:26
10800
2023-11-08 17:22:15
elapsed:  26270.8  seconds
10850
2023-11-08 17:24:08
10900
2023-11-08 17:26:09
elapsed:  26504.7  seconds
10950
2023-11-08 17:28:14
11000
2023-11-08 17:30:09
elapsed:  26744.6  seconds
11050
2023-11-08 17:32:05
11100
2023-11-08 17:34:08
elapsed:  26984.2  seconds
11150
2023-11-08 17:36:09
11200
2023-11-08 17:38:07
elapsed:  27223.0  seconds
11250
2023-11-08 17:40:01
11300
2023-11-08 17:41:50
elapsed:  27446.4  seconds
11350
2023-11-08 17:43:40
11400
2023-11-08 17:45:28
elapsed:  27664.1  seconds
11450
2023-11-08 17:47:25
11500
2023-11-08 17:49:28
elapsed:  27904.5  seconds
11550
2023-11-08 17:51:45
11600
2023-11-08 17:53:35
elapsed:  28150.7  seconds
11650
2023-11-08 17:55:22
11700
2023-11-08 17:57:14
elapsed:  28370.2  seconds
11750
2023-11-08 17:59:21
11800
2023-11-08 18:01:26
elapsed:  28622.1  seconds
11850
2023-11-08 18:03:33
11900
2023-11-08 18:05:44
elapsed:  28879.9  seconds
11950
2023-11-08 18:07:54
12000
2023-11-08 18:10:05
elapsed:  29141.5  seconds
12050
2023-11-08 18:12:10
12100
2023-11-08 18:14:20
elapsed:  29395.7  seconds
12150
2023-11-08 18:16:16
12200
2023-11-08 18:18:33
elapsed:  29649.0  seconds
12250
2023-11-08 18:20:32
12300
2023-11-08 18:22:39
elapsed:  29895.0  seconds
12350
2023-11-08 18:24:43
12400
2023-11-08 18:26:50
elapsed:  30146.0  seconds
12450
2023-11-08 18:28:57
12500
2023-11-08 18:30:56
elapsed:  30392.2  seconds
12550
2023-11-08 18:33:10
12600
2023-11-08 18:35:06
elapsed:  30642.4  seconds
12650
2023-11-08 18:37:17
12700
2023-11-08 18:38:46
elapsed:  30862.5  seconds
12750
2023-11-08 18:40:33
12800
2023-11-08 18:42:12
elapsed:  31068.0  seconds
12850
2023-11-08 18:44:00
12900
2023-11-08 18:45:54
elapsed:  31290.0  seconds
12950
2023-11-08 18:48:01
13000
2023-11-08 18:49:35
elapsed:  31510.8  seconds
13050
2023-11-08 18:51:37
13100
2023-11-08 18:53:44
elapsed:  31760.2  seconds
13150
2023-11-08 18:55:44
13200
2023-11-08 18:57:37
elapsed:  31992.9  seconds
13250
2023-11-08 18:59:40
13300
2023-11-08 19:01:42
elapsed:  32238.0  seconds
13350
2023-11-08 19:03:41
13400
2023-11-08 19:05:24
elapsed:  32459.6  seconds
13450
2023-11-08 19:07:28
13500
2023-11-08 19:09:46
elapsed:  32721.8  seconds
13550
2023-11-08 19:11:44
13600
2023-11-08 19:13:43
elapsed:  32959.5  seconds
13650
2023-11-08 19:15:36
13700
2023-11-08 19:17:39
elapsed:  33195.1  seconds
13750
2023-11-08 19:19:47
13800
2023-11-08 19:21:54
elapsed:  33450.1  seconds
13850
2023-11-08 19:23:53
13900
2023-11-08 19:26:02
elapsed:  33698.2  seconds
13950
2023-11-08 19:28:10
14000
2023-11-08 19:30:19
elapsed:  33955.4  seconds
14050
2023-11-08 19:32:25
14100
2023-11-08 19:34:27
elapsed:  34203.2  seconds
14150
2023-11-08 19:36:34
14200
2023-11-08 19:38:34
elapsed:  34449.9  seconds
14250
2023-11-08 19:40:44
14300
2023-11-08 19:42:43
elapsed:  34699.5  seconds
14350
2023-11-08 19:44:51
14400
2023-11-08 19:46:43
elapsed:  34939.5  seconds
14450
2023-11-08 19:48:41
14500
2023-11-08 19:50:42
elapsed:  35178.0  seconds
14550
2023-11-08 19:52:39
14600
2023-11-08 19:54:40
elapsed:  35415.8  seconds
14650
2023-11-08 19:56:29
14700
2023-11-08 19:58:11
elapsed:  35626.9  seconds
14750
2023-11-08 19:59:52
14800
2023-11-08 20:02:05
elapsed:  35861.0  seconds
14850
2023-11-08 20:04:01
14900
2023-11-08 20:05:52
elapsed:  36087.8  seconds
14950
2023-11-08 20:07:54
elapsed:  36325.6  seconds
total time:  36329.7  seconds
true R:  [[4.19845911e-01 3.02125897e+00 1.77505309e+00 4.31966820e+00
  5.81093945e-01 1.64310243e+00 5.05162779e-01 2.89694462e+00
  5.66971658e-01 5.05585602e-02 1.94634928e+00 5.39855270e+00
  2.93932016e-01 4.88252552e+00 1.72994818e-01 1.28731838e+00
  1.28527454e+00 1.38365445e+00 2.69071854e+00 2.13287227e+00
  7.55462352e-01 1.53846125e+01 1.12872705e+00 7.62093118e-01
  1.51077194e+00 9.36362313e-01 1.60771386e+02 4.30003977e+00
  5.78558301e-01 1.78858188e+00 2.07917924e-01 3.83156842e+00
  1.34204929e+02 3.18020867e-01 2.77370290e+00 7.79277578e+00
  7.18183714e+00 2.12742649e+02 6.72650877e-01 4.50370461e-01
  8.59336692e-01 6.61803083e-01 1.19883288e+01 8.88051991e-01
  2.27596320e-01 1.44190918e+00 1.74188403e-01 4.95170478e+00
  1.35800769e+00 1.00636511e+00 4.24341662e-01 7.80916384e+00
  9.63229897e-01 2.35914661e+00 8.58268083e-01 1.55152606e-01
  1.01003015e+00 1.26986760e-01 3.84865430e+00 6.10614302e-01
  4.07041482e+00 3.28849858e+02 4.51461571e+01 3.51949297e-01]
 [9.16453770e-01 4.08616129e-01 2.70775732e-01 7.90851857e+01
  4.60098553e+00 9.45079128e+00 4.03850813e-01 1.63722539e+00
  5.05811001e-01 1.53349761e+00 1.99217317e+02 3.62422783e-01
  9.96297286e-01 1.30386159e+00 2.58038846e-01 5.22950123e-01
  1.22884506e+00 2.64350104e+00 1.10831571e+00 4.40599754e+02
  1.82462218e-01 6.86911907e-01 1.03547721e+00 5.68118926e-01
  1.59090002e+02 1.04402310e+01 8.07954823e-01 9.64273092e-01
  1.11431340e+00 1.16649605e-01 2.07608829e-01 7.52098128e+01
  1.36285903e-01 2.09289129e-01 1.54103991e+00 1.21920512e+00
  5.39052413e-01 1.11541769e+00 2.06467404e-01 3.17988831e+00
  4.93539904e+00 1.06520539e-01 6.49258750e-01 2.86662757e+00
  1.06584850e+00 1.66023750e-01 2.21106293e-01 3.63202482e-01
  1.43936228e+00 4.89982558e+00 1.21342970e+00 3.68488760e-01
  6.91174203e-01 1.79985436e-01 3.34582110e+00 2.93098974e+00
  1.85521391e-01 4.58766505e-01 2.06528938e-01 5.31422970e-01
  4.10887521e+00 4.48101722e-01 1.02458055e+01 2.23044162e+00]
 [3.90168673e-01 4.71028464e+01 4.06355319e-02 3.09139732e-01
  2.57789350e+00 3.25767418e+00 1.57186779e-01 3.86212264e+00
  4.98709256e+00 1.06262824e+00 4.14925415e+00 4.74062818e-01
  7.46344453e-01 1.39919970e+00 1.27560182e+01 6.09915122e+00
  6.75396846e+01 5.41244714e+00 9.45219668e+00 1.82866787e+02
  3.15107744e-01 1.82534857e+00 5.24716080e-01 3.22462965e+00
  8.12115336e-01 1.00561138e+00 4.01741827e-01 1.41986251e+00
  4.58144871e-01 2.55411647e-01 4.31223804e-01 1.73901984e+00
  1.87416820e+00 1.61276118e+01 1.23392802e-01 3.14022468e+01
  2.97023060e+01 4.63062260e+00 1.78221801e+00 3.25323142e+01
  4.87322419e+00 1.55485949e+01 1.10071698e+01 2.83886029e-01
  1.94704112e-01 2.13636266e-01 3.64870653e+00 3.48516721e-01
  5.69658012e+00 1.38986856e+02 3.15335301e-01 2.17622892e-01
  6.34913564e-01 1.86821424e+02 6.24075820e-01 5.76585238e+00
  3.33906749e+00 7.51050936e+00 7.83041279e-01 3.81992731e-01
  4.28312612e-01 2.82786913e-01 2.09256049e-01 2.51152516e+02]
 [5.36424902e-01 1.42978787e-01 3.03082146e+00 2.33993689e+00
  2.98202676e+01 2.48272449e+00 4.44455749e+01 7.77722267e-01
  1.17625811e+00 1.47383338e+00 1.13868531e-01 8.41436973e-01
  3.34048162e+00 2.45555242e+00 1.78552652e-01 3.31892757e+00
  4.07523986e+00 2.31307522e+00 8.72272493e-01 1.55093405e+00
  3.42614514e+03 9.37301618e+00 6.12666788e+02 6.84825394e+00
  2.20313377e+01 1.89460025e+00 2.57005439e-01 2.40841226e+01
  1.29314071e+01 6.78090703e-01 8.19975103e+00 3.15670121e+00
  1.92547073e-01 5.45442060e-01 1.13674283e-01 1.87503681e-01
  3.84921154e+00 2.69775398e-01 4.61431366e-01 5.88153973e-01
  2.49894180e-01 1.19460168e+01 9.32392263e-01 5.05529188e-01
  2.90424963e+00 5.88117366e-01 1.31313516e-01 1.20298736e+01
  4.50759043e-01 1.94561926e-01 4.83085896e-01 8.62595706e+00
  3.65149575e-01 7.05096879e-01 6.88866886e+01 4.09942487e-01
  2.39102880e+00 9.87682435e-02 1.48650190e+01 3.94654547e-01
  1.05580378e+00 2.31508596e-01 2.35656856e+00 3.66933199e-01]
 [4.79717905e+01 9.99920950e+02 3.58867127e-01 1.64859502e-01
  1.32508934e+00 9.46000187e+00 9.67819322e-01 1.56331504e-01
  1.02956576e-01 1.79334772e-01 2.82582412e-01 8.00408839e-01
  4.17397513e-01 1.04814777e-01 2.39523079e-01 7.49250712e+00
  7.25618460e-01 1.47594493e-01 1.39782477e+01 4.01032298e-01
  9.02942068e-02 2.02090932e-01 1.66724775e+00 1.63818287e-01
  4.17752806e-01 3.21206636e+00 1.39083391e+00 3.08100620e+00
  8.87198612e-01 1.16251703e-01 1.36931280e-01 2.92603372e-01
  9.41641852e-01 7.03540996e+00 1.52597918e-01 1.37189215e-01
  6.06395394e+00 4.51888881e-01 9.31827784e-01 2.94122259e+00
  1.15343986e+00 2.33842006e+00 6.93954074e+00 6.71026036e-01
  4.01926095e-01 2.12462707e+00 1.03264201e-01 5.26337679e-01
  1.22931786e+01 6.77331115e-02 7.01162087e+03 2.34105980e-01
  2.00831838e+02 4.05698310e-01 8.29125213e-01 3.91871060e-01
  5.15387939e-01 1.77541402e+00 5.15185552e-01 3.20615591e-01
  1.16301823e+00 6.82510096e-01 1.13517571e+00 2.26054880e+01]
 [3.79375760e+01 2.22335088e+02 1.15225065e+00 2.21200808e-01
  6.14143081e-01 5.73566459e+03 2.19084539e+00 4.36515185e+01
  9.25824682e-01 4.22972582e-01 1.94721354e+00 9.35873370e-02
  2.80641765e+00 9.84924277e+00 3.64540857e-01 2.92692846e+00
  3.42396037e+00 9.15756656e-01 3.84243981e-01 8.41785393e-02
  1.73767247e-01 8.48261202e-01 1.33682298e-01 7.76770493e+00
  3.58774000e+00 3.03866278e-01 1.01374613e+00 6.69783049e+01
  4.04061009e+00 1.63370809e-01 1.33361127e+01 2.11302043e+00
  1.35067291e+00 4.78899503e+00 5.35804197e-01 1.09591622e-01
  3.13140781e-01 4.71557587e-01 3.86379739e+00 1.94655735e+00
  6.19975049e-01 4.90520282e-01 8.28764721e-01 1.69034893e+00
  1.90050084e-01 8.32557242e-01 1.02335219e+01 9.03703344e-02
  7.75406446e-02 6.07165034e+00 1.95652710e-01 8.36710813e-01
  7.01182899e-01 8.06905449e-02 2.41437211e-01 1.19047565e+00
  1.42189323e+00 2.20638493e+01 8.71011153e-02 2.54927098e-01
  3.67443334e-01 5.59740400e-01 4.83113278e-01 3.43841630e-01]
 [5.62885229e-02 2.07175044e+00 6.28101483e+00 2.47501091e+01
  9.97196270e-02 9.96532618e+00 1.33451985e+02 1.93249310e+00
  2.64979013e+00 3.82681234e+01 1.84716659e+00 1.83274064e-01
  5.73648114e+00 6.29551592e+01 1.46510204e+00 4.90085368e-01
  2.23301528e+00 4.06587165e-01 1.88858103e-01 2.66727075e+00
  2.06023752e+01 1.07767350e-01 4.46090074e+01 3.34636102e+02
  1.47339264e+02 1.59763619e+00 1.80263870e+00 8.02253235e+02
  1.55077867e+00 1.05112136e+04 3.30021892e+00 2.33153946e-01
  8.37289109e+00 1.65410281e-01 1.44914398e+01 5.42579454e+00
  1.52166447e+05 1.20369158e+00 1.75252895e+00 6.81780820e+03
  5.25733295e-01 2.54463975e+00 8.73067512e+00 3.34593773e+00
  5.58423390e+01 4.18713209e-01 1.56323816e-01 2.49372185e+00
  8.23671827e-01 3.76906669e-01 2.78919793e+00 2.47770701e-01
  3.82777970e+01 2.05599860e+00 2.25003068e+01 2.54898786e-01
  1.67781693e+01 1.34663911e-01 1.09763017e+00 2.36383249e+00
  2.78359680e-01 1.06146436e+00 1.81182039e-01 4.53357485e-01]
 [6.55397864e-01 3.38236768e+01 4.57393069e-01 1.97563671e+00
  5.64659042e-01 8.58918749e+01 4.09174781e+00 1.82780831e+00
  3.59628767e-01 5.34402007e-01 2.90417801e+00 7.25925005e-02
  4.11589869e+00 2.87528655e-01 1.00024911e+02 5.20280881e-01
  1.54769183e+00 5.01764836e+00 1.39866141e+01 2.46189892e-01
  3.41376769e-01 1.37532573e+01 5.19645726e-01 2.40839375e+01
  6.26125577e-01 6.45310128e-01 7.82532349e-01 5.33248795e-01
  4.30994133e-01 8.01727993e-02 1.86239417e+00 3.66367566e+01
  4.25988357e-01 1.13647026e+01 5.59784739e-01 1.50112823e+00
  1.45424100e+00 2.54152353e+02 1.01728863e-01 1.14787192e+02
  4.28065262e-01 1.69927287e+00 2.13791635e-01 2.86504036e+01
  5.96813032e+00 8.53080738e+00 5.47512414e-01 1.48766619e+00
  3.43522596e+00 6.97649285e-01 4.57026169e+01 6.52116212e+01
  6.91582523e-01 1.30187159e+02 4.34345150e+00 3.46333597e-01
  2.05647328e-01 2.76702640e+00 6.35353077e+00 5.10621120e-01
  1.50293581e+03 1.06486003e-01 4.98085933e-01 2.81312014e+00]
 [4.40430592e-01 3.13070251e-01 1.62362183e-01 2.38355539e+00
  3.61090923e+00 1.97955987e-01 2.10858187e-01 3.18780523e-01
  1.08085827e-01 3.56727863e+00 1.13812459e+03 1.87825742e-01
  9.37902424e-01 4.44227976e-01 1.90677360e-01 5.75473593e-01
  7.69725778e-01 2.37301889e+00 2.71559840e-01 5.19960354e+00
  2.42564085e-01 4.44047584e-01 8.51267717e-01 3.96722847e+01
  3.18163669e-01 1.10532286e-01 8.54146080e+01 5.08415744e+00
  3.56193635e-01 7.42792305e+00 6.41920561e+00 1.91243864e+01
  2.89374157e+00 1.85729169e-01 1.99381563e+00 6.18793562e+00
  7.44398585e+00 2.47370436e+04 3.98919357e+00 3.85635521e-01
  1.14459727e+00 2.70413804e-01 9.31726404e+00 3.66574078e+00
  8.95828205e-01 7.88339866e-01 3.93045418e-01 1.22588302e+00
  1.31729728e+00 6.82497261e+00 1.42885122e+00 2.27155916e-01
  9.76697200e-01 3.62295843e-01 3.81417214e-01 8.67643088e-02
  5.95405557e-01 1.03260649e+00 3.40761644e+01 1.19825004e+00
  6.08977253e-01 4.82735341e+00 1.24965793e+01 9.79324947e+00]]
