1
50
2023-11-17 15:15:13
100
2023-11-17 15:18:22
elapsed:  368.7  seconds
150
2023-11-17 15:21:38
/projects/muyang@colostate.edu/software/anaconda/envs/alpine_MCMC/lib/python3.11/site-packages/numpy/lib/function_base.py:2412: RuntimeWarning: divide by zero encountered in func (vectorized)
  outputs = ufunc(*inputs)
/projects/muyang@colostate.edu/software/anaconda/envs/alpine_MCMC/lib/python3.11/site-packages/numpy/lib/function_base.py:2412: RuntimeWarning: invalid value encountered in func (vectorized)
  outputs = ufunc(*inputs)
200
2023-11-17 15:24:47
elapsed:  754.2  seconds
250
2023-11-17 15:28:01
300
2023-11-17 15:31:12
elapsed:  1138.6  seconds
350
2023-11-17 15:34:23
400
2023-11-17 15:37:36
elapsed:  1522.6  seconds
450
2023-11-17 15:40:51
500
2023-11-17 15:44:05
elapsed:  1912.4  seconds
550
2023-11-17 15:47:16
600
2023-11-17 15:50:27
elapsed:  2293.6  seconds
650
2023-11-17 15:53:40
700
2023-11-17 15:56:55
elapsed:  2682.0  seconds
750
2023-11-17 16:00:10
800
2023-11-17 16:03:24
elapsed:  3071.4  seconds
850
2023-11-17 16:06:40
900
2023-11-17 16:09:55
elapsed:  3462.0  seconds
950
2023-11-17 16:13:10
1000
2023-11-17 16:16:21
elapsed:  3847.6  seconds
1050
2023-11-17 16:19:36
1100
2023-11-17 16:22:49
elapsed:  4236.1  seconds
1150
2023-11-17 16:26:06
1200
2023-11-17 16:29:22
elapsed:  4629.3  seconds
1250
2023-11-17 16:32:44
1300
2023-11-17 16:36:04
elapsed:  5031.4  seconds
1350
2023-11-17 16:39:25
1400
2023-11-17 16:42:45
elapsed:  5431.8  seconds
1450
2023-11-17 16:46:05
1500
2023-11-17 16:49:23
elapsed:  5830.3  seconds
/projects/muyang@colostate.edu/software/anaconda/envs/alpine_MCMC/lib/python3.11/site-packages/numpy/lib/function_base.py:2412: RuntimeWarning: divide by zero encountered in func (vectorized)
  outputs = ufunc(*inputs)
/projects/muyang@colostate.edu/software/anaconda/envs/alpine_MCMC/lib/python3.11/site-packages/numpy/lib/function_base.py:2412: RuntimeWarning: invalid value encountered in func (vectorized)
  outputs = ufunc(*inputs)
1550
2023-11-17 16:52:42
1600
2023-11-17 16:55:58
elapsed:  6225.0  seconds
1650
2023-11-17 16:59:16
1700
2023-11-17 17:02:36
elapsed:  6622.8  seconds
1750
2023-11-17 17:05:58
1800
2023-11-17 17:09:19
elapsed:  7025.5  seconds
1850
2023-11-17 17:12:41
/projects/muyang@colostate.edu/software/anaconda/envs/alpine_MCMC/lib/python3.11/site-packages/numpy/lib/function_base.py:2412: RuntimeWarning: divide by zero encountered in func (vectorized)
  outputs = ufunc(*inputs)
/projects/muyang@colostate.edu/software/anaconda/envs/alpine_MCMC/lib/python3.11/site-packages/numpy/lib/function_base.py:2412: RuntimeWarning: invalid value encountered in func (vectorized)
  outputs = ufunc(*inputs)
1900
2023-11-17 17:16:04
elapsed:  7431.0  seconds
1950
2023-11-17 17:19:26
2000
2023-11-17 17:22:49
elapsed:  7836.1  seconds
2050
2023-11-17 17:26:12
2100
2023-11-17 17:29:34
elapsed:  8241.0  seconds
2150
2023-11-17 17:32:58
2200
2023-11-17 17:36:21
elapsed:  8648.0  seconds
2250
2023-11-17 17:39:43
2300
2023-11-17 17:43:05
elapsed:  9052.2  seconds
2350
2023-11-17 17:46:27
2400
2023-11-17 17:49:48
elapsed:  9455.3  seconds
/projects/muyang@colostate.edu/software/anaconda/envs/alpine_MCMC/lib/python3.11/site-packages/numpy/lib/function_base.py:2412: RuntimeWarning: divide by zero encountered in func (vectorized)
  outputs = ufunc(*inputs)
/projects/muyang@colostate.edu/software/anaconda/envs/alpine_MCMC/lib/python3.11/site-packages/numpy/lib/function_base.py:2412: RuntimeWarning: invalid value encountered in func (vectorized)
  outputs = ufunc(*inputs)
2450
2023-11-17 17:53:13
2500
2023-11-17 17:56:36
elapsed:  9862.8  seconds
2550
2023-11-17 17:59:58
2600
2023-11-17 18:03:20
elapsed:  10266.9  seconds
2650
2023-11-17 18:06:45
2700
2023-11-17 18:10:08
elapsed:  10675.3  seconds
2750
2023-11-17 18:13:33
/projects/muyang@colostate.edu/software/anaconda/envs/alpine_MCMC/lib/python3.11/site-packages/numpy/lib/function_base.py:2412: RuntimeWarning: divide by zero encountered in func (vectorized)
  outputs = ufunc(*inputs)
/projects/muyang@colostate.edu/software/anaconda/envs/alpine_MCMC/lib/python3.11/site-packages/numpy/lib/function_base.py:2412: RuntimeWarning: invalid value encountered in func (vectorized)
  outputs = ufunc(*inputs)
2800
2023-11-17 18:16:55
elapsed:  11082.0  seconds
2850
2023-11-17 18:20:18
2900
2023-11-17 18:23:40
elapsed:  11487.2  seconds
/projects/muyang@colostate.edu/software/anaconda/envs/alpine_MCMC/lib/python3.11/site-packages/numpy/lib/function_base.py:2412: RuntimeWarning: divide by zero encountered in func (vectorized)
  outputs = ufunc(*inputs)
/projects/muyang@colostate.edu/software/anaconda/envs/alpine_MCMC/lib/python3.11/site-packages/numpy/lib/function_base.py:2412: RuntimeWarning: invalid value encountered in func (vectorized)
  outputs = ufunc(*inputs)
2950
2023-11-17 18:27:03
3000
2023-11-17 18:30:24
elapsed:  11890.9  seconds
3050
2023-11-17 18:33:45
3100
2023-11-17 18:37:06
elapsed:  12293.3  seconds
3150
2023-11-17 18:40:30
3200
2023-11-17 18:43:49
elapsed:  12696.5  seconds
3250
2023-11-17 18:47:09
3300
2023-11-17 18:50:29
elapsed:  13095.7  seconds
3350
2023-11-17 18:53:48
3400
2023-11-17 18:57:07
elapsed:  13493.8  seconds
3450
2023-11-17 19:00:27
3500
2023-11-17 19:03:43
elapsed:  13890.3  seconds
/projects/muyang@colostate.edu/software/anaconda/envs/alpine_MCMC/lib/python3.11/site-packages/numpy/lib/function_base.py:2412: RuntimeWarning: divide by zero encountered in func (vectorized)
  outputs = ufunc(*inputs)
/projects/muyang@colostate.edu/software/anaconda/envs/alpine_MCMC/lib/python3.11/site-packages/numpy/lib/function_base.py:2412: RuntimeWarning: invalid value encountered in func (vectorized)
  outputs = ufunc(*inputs)
3550
2023-11-17 19:07:01
3600
2023-11-17 19:10:17
elapsed:  14284.3  seconds
/projects/muyang@colostate.edu/software/anaconda/envs/alpine_MCMC/lib/python3.11/site-packages/numpy/lib/function_base.py:2412: RuntimeWarning: divide by zero encountered in func (vectorized)
  outputs = ufunc(*inputs)
/projects/muyang@colostate.edu/software/anaconda/envs/alpine_MCMC/lib/python3.11/site-packages/numpy/lib/function_base.py:2412: RuntimeWarning: invalid value encountered in func (vectorized)
  outputs = ufunc(*inputs)
3650
2023-11-17 19:13:35
3700
2023-11-17 19:16:52
elapsed:  14678.9  seconds
3750
2023-11-17 19:20:12
/projects/muyang@colostate.edu/software/anaconda/envs/alpine_MCMC/lib/python3.11/site-packages/numpy/lib/function_base.py:2412: RuntimeWarning: divide by zero encountered in func (vectorized)
  outputs = ufunc(*inputs)
/projects/muyang@colostate.edu/software/anaconda/envs/alpine_MCMC/lib/python3.11/site-packages/numpy/lib/function_base.py:2412: RuntimeWarning: invalid value encountered in func (vectorized)
  outputs = ufunc(*inputs)
3800
2023-11-17 19:23:29
elapsed:  15075.6  seconds
3850
2023-11-17 19:26:45
3900
2023-11-17 19:30:05
elapsed:  15471.8  seconds
/projects/muyang@colostate.edu/software/anaconda/envs/alpine_MCMC/lib/python3.11/site-packages/numpy/lib/function_base.py:2412: RuntimeWarning: divide by zero encountered in func (vectorized)
  outputs = ufunc(*inputs)
/projects/muyang@colostate.edu/software/anaconda/envs/alpine_MCMC/lib/python3.11/site-packages/numpy/lib/function_base.py:2412: RuntimeWarning: invalid value encountered in func (vectorized)
  outputs = ufunc(*inputs)
3950
2023-11-17 19:33:25
4000
2023-11-17 19:36:46
elapsed:  15872.9  seconds
4050
2023-11-17 19:40:07
4100
2023-11-17 19:43:26
elapsed:  16273.1  seconds
4150
2023-11-17 19:46:43
4200
2023-11-17 19:50:01
elapsed:  16667.5  seconds
4250
2023-11-17 19:53:20
/projects/muyang@colostate.edu/software/anaconda/envs/alpine_MCMC/lib/python3.11/site-packages/numpy/lib/function_base.py:2412: RuntimeWarning: divide by zero encountered in func (vectorized)
  outputs = ufunc(*inputs)
/projects/muyang@colostate.edu/software/anaconda/envs/alpine_MCMC/lib/python3.11/site-packages/numpy/lib/function_base.py:2412: RuntimeWarning: invalid value encountered in func (vectorized)
  outputs = ufunc(*inputs)
4300
2023-11-17 19:56:37
elapsed:  17063.6  seconds
4350
2023-11-17 19:59:53
4400
2023-11-17 20:03:09
elapsed:  17456.0  seconds
4450
2023-11-17 20:06:27
4500
2023-11-17 20:09:43
elapsed:  17850.3  seconds
4550
2023-11-17 20:13:05
4600
2023-11-17 20:16:28
elapsed:  18255.3  seconds
4650
2023-11-17 20:19:52
/projects/muyang@colostate.edu/software/anaconda/envs/alpine_MCMC/lib/python3.11/site-packages/numpy/lib/function_base.py:2412: RuntimeWarning: divide by zero encountered in func (vectorized)
  outputs = ufunc(*inputs)
/projects/muyang@colostate.edu/software/anaconda/envs/alpine_MCMC/lib/python3.11/site-packages/numpy/lib/function_base.py:2412: RuntimeWarning: invalid value encountered in func (vectorized)
  outputs = ufunc(*inputs)
4700
2023-11-17 20:23:13
elapsed:  18659.6  seconds
4750
2023-11-17 20:26:37
/projects/muyang@colostate.edu/software/anaconda/envs/alpine_MCMC/lib/python3.11/site-packages/numpy/lib/function_base.py:2412: RuntimeWarning: divide by zero encountered in func (vectorized)
  outputs = ufunc(*inputs)
/projects/muyang@colostate.edu/software/anaconda/envs/alpine_MCMC/lib/python3.11/site-packages/numpy/lib/function_base.py:2412: RuntimeWarning: invalid value encountered in func (vectorized)
  outputs = ufunc(*inputs)
4800
2023-11-17 20:30:00
elapsed:  19067.1  seconds
4850
2023-11-17 20:33:26
4900
2023-11-17 20:36:49
elapsed:  19475.7  seconds
/projects/muyang@colostate.edu/software/anaconda/envs/alpine_MCMC/lib/python3.11/site-packages/numpy/lib/function_base.py:2412: RuntimeWarning: divide by zero encountered in func (vectorized)
  outputs = ufunc(*inputs)
/projects/muyang@colostate.edu/software/anaconda/envs/alpine_MCMC/lib/python3.11/site-packages/numpy/lib/function_base.py:2412: RuntimeWarning: invalid value encountered in func (vectorized)
  outputs = ufunc(*inputs)
4950
2023-11-17 20:40:14
5000
2023-11-17 20:43:36
elapsed:  19883.4  seconds
5050
2023-11-17 20:47:01
5100
2023-11-17 20:50:25
elapsed:  20291.5  seconds
5150
2023-11-17 20:53:51
5200
2023-11-17 20:57:17
elapsed:  20704.4  seconds
5250
2023-11-17 21:00:43
5300
2023-11-17 21:04:07
elapsed:  21114.2  seconds
5350
2023-11-17 21:07:33
5400
2023-11-17 21:10:57
elapsed:  21524.4  seconds
/projects/muyang@colostate.edu/software/anaconda/envs/alpine_MCMC/lib/python3.11/site-packages/numpy/lib/function_base.py:2412: RuntimeWarning: divide by zero encountered in func (vectorized)
  outputs = ufunc(*inputs)
/projects/muyang@colostate.edu/software/anaconda/envs/alpine_MCMC/lib/python3.11/site-packages/numpy/lib/function_base.py:2412: RuntimeWarning: invalid value encountered in func (vectorized)
  outputs = ufunc(*inputs)
/projects/muyang@colostate.edu/software/anaconda/envs/alpine_MCMC/lib/python3.11/site-packages/numpy/lib/function_base.py:2412: RuntimeWarning: divide by zero encountered in func (vectorized)
  outputs = ufunc(*inputs)
/projects/muyang@colostate.edu/software/anaconda/envs/alpine_MCMC/lib/python3.11/site-packages/numpy/lib/function_base.py:2412: RuntimeWarning: invalid value encountered in func (vectorized)
  outputs = ufunc(*inputs)
5450
2023-11-17 21:14:24
5500
2023-11-17 21:17:49
elapsed:  21935.6  seconds
5550
2023-11-17 21:21:15
5600
2023-11-17 21:24:38
elapsed:  22345.1  seconds
5650
2023-11-17 21:28:02
5700
2023-11-17 21:31:24
elapsed:  22750.7  seconds
5750
2023-11-17 21:34:47
5800
2023-11-17 21:38:11
elapsed:  23157.6  seconds
5850
2023-11-17 21:41:36
5900
2023-11-17 21:44:58
elapsed:  23564.9  seconds
5950
2023-11-17 21:48:24
6000
2023-11-17 21:51:46
elapsed:  23973.3  seconds
6050
2023-11-17 21:55:09
6100
2023-11-17 21:58:29
elapsed:  24376.3  seconds
6150
2023-11-17 22:01:56
6200
2023-11-17 22:05:16
elapsed:  24783.2  seconds
6250
2023-11-17 22:08:41
6300
2023-11-17 22:12:02
elapsed:  25189.3  seconds
6350
2023-11-17 22:15:26
6400
2023-11-17 22:18:47
elapsed:  25594.1  seconds
/projects/muyang@colostate.edu/software/anaconda/envs/alpine_MCMC/lib/python3.11/site-packages/numpy/lib/function_base.py:2412: RuntimeWarning: divide by zero encountered in func (vectorized)
  outputs = ufunc(*inputs)
/projects/muyang@colostate.edu/software/anaconda/envs/alpine_MCMC/lib/python3.11/site-packages/numpy/lib/function_base.py:2412: RuntimeWarning: invalid value encountered in func (vectorized)
  outputs = ufunc(*inputs)
6450
2023-11-17 22:22:12
6500
2023-11-17 22:25:35
elapsed:  26002.2  seconds
6550
2023-11-17 22:28:57
6600
2023-11-17 22:32:15
elapsed:  26401.5  seconds
6650
2023-11-17 22:35:33
6700
2023-11-17 22:38:49
elapsed:  26795.5  seconds
6750
2023-11-17 22:42:14
6800
2023-11-17 22:45:37
elapsed:  27203.5  seconds
6850
2023-11-17 22:48:59
6900
2023-11-17 22:52:22
elapsed:  27609.4  seconds
6950
2023-11-17 22:55:48
/projects/muyang@colostate.edu/software/anaconda/envs/alpine_MCMC/lib/python3.11/site-packages/numpy/lib/function_base.py:2412: RuntimeWarning: divide by zero encountered in func (vectorized)
  outputs = ufunc(*inputs)
/projects/muyang@colostate.edu/software/anaconda/envs/alpine_MCMC/lib/python3.11/site-packages/numpy/lib/function_base.py:2412: RuntimeWarning: invalid value encountered in func (vectorized)
  outputs = ufunc(*inputs)
7000
2023-11-17 22:59:11
elapsed:  28017.5  seconds
7050
2023-11-17 23:02:35
7100
2023-11-17 23:05:57
elapsed:  28423.7  seconds
7150
2023-11-17 23:09:23
7200
2023-11-17 23:12:46
elapsed:  28833.4  seconds
7250
2023-11-17 23:16:12
7300
2023-11-17 23:19:33
elapsed:  29239.8  seconds
7350
2023-11-17 23:22:58
7400
2023-11-17 23:26:18
elapsed:  29645.0  seconds
/projects/muyang@colostate.edu/software/anaconda/envs/alpine_MCMC/lib/python3.11/site-packages/numpy/lib/function_base.py:2412: RuntimeWarning: divide by zero encountered in func (vectorized)
  outputs = ufunc(*inputs)
/projects/muyang@colostate.edu/software/anaconda/envs/alpine_MCMC/lib/python3.11/site-packages/numpy/lib/function_base.py:2412: RuntimeWarning: invalid value encountered in func (vectorized)
  outputs = ufunc(*inputs)
7450
2023-11-17 23:29:40
7500
2023-11-17 23:33:02
elapsed:  30048.9  seconds
7550
2023-11-17 23:36:26
/projects/muyang@colostate.edu/software/anaconda/envs/alpine_MCMC/lib/python3.11/site-packages/numpy/lib/function_base.py:2412: RuntimeWarning: divide by zero encountered in func (vectorized)
  outputs = ufunc(*inputs)
/projects/muyang@colostate.edu/software/anaconda/envs/alpine_MCMC/lib/python3.11/site-packages/numpy/lib/function_base.py:2412: RuntimeWarning: invalid value encountered in func (vectorized)
  outputs = ufunc(*inputs)
7600
2023-11-17 23:39:45
elapsed:  30452.1  seconds
7650
2023-11-17 23:43:06
7700
2023-11-17 23:46:28
elapsed:  30854.8  seconds
7750
2023-11-17 23:49:47
7800
2023-11-17 23:53:00
elapsed:  31247.0  seconds
7850
2023-11-17 23:56:14
7900
2023-11-17 23:59:29
elapsed:  31636.2  seconds
/projects/muyang@colostate.edu/software/anaconda/envs/alpine_MCMC/lib/python3.11/site-packages/numpy/lib/function_base.py:2412: RuntimeWarning: divide by zero encountered in func (vectorized)
  outputs = ufunc(*inputs)
/projects/muyang@colostate.edu/software/anaconda/envs/alpine_MCMC/lib/python3.11/site-packages/numpy/lib/function_base.py:2412: RuntimeWarning: invalid value encountered in func (vectorized)
  outputs = ufunc(*inputs)
7950
2023-11-18 00:02:49
8000
2023-11-18 00:06:06
elapsed:  32032.9  seconds
8050
2023-11-18 00:09:26
8100
2023-11-18 00:12:44
elapsed:  32430.6  seconds
8150
2023-11-18 00:16:03
8200
2023-11-18 00:19:22
elapsed:  32828.8  seconds
8250
2023-11-18 00:22:44
8300
2023-11-18 00:26:05
elapsed:  33231.7  seconds
8350
2023-11-18 00:29:25
8400
2023-11-18 00:32:45
elapsed:  33632.1  seconds
8450
2023-11-18 00:36:08
8500
2023-11-18 00:39:28
elapsed:  34035.3  seconds
8550
2023-11-18 00:42:52
/projects/muyang@colostate.edu/software/anaconda/envs/alpine_MCMC/lib/python3.11/site-packages/numpy/lib/function_base.py:2412: RuntimeWarning: divide by zero encountered in func (vectorized)
  outputs = ufunc(*inputs)
/projects/muyang@colostate.edu/software/anaconda/envs/alpine_MCMC/lib/python3.11/site-packages/numpy/lib/function_base.py:2412: RuntimeWarning: invalid value encountered in func (vectorized)
  outputs = ufunc(*inputs)
8600
2023-11-18 00:46:13
elapsed:  34440.0  seconds
8650
2023-11-18 00:49:35
8700
2023-11-18 00:52:54
elapsed:  34840.8  seconds
8750
2023-11-18 00:56:14
8800
2023-11-18 00:59:34
elapsed:  35240.8  seconds
8850
2023-11-18 01:02:56
8900
2023-11-18 01:06:18
elapsed:  35644.7  seconds
8950
2023-11-18 01:09:41
9000
2023-11-18 01:13:03
elapsed:  36050.4  seconds
9050
2023-11-18 01:16:26
9100
2023-11-18 01:19:45
elapsed:  36452.2  seconds
/projects/muyang@colostate.edu/software/anaconda/envs/alpine_MCMC/lib/python3.11/site-packages/numpy/lib/function_base.py:2412: RuntimeWarning: divide by zero encountered in func (vectorized)
  outputs = ufunc(*inputs)
/projects/muyang@colostate.edu/software/anaconda/envs/alpine_MCMC/lib/python3.11/site-packages/numpy/lib/function_base.py:2412: RuntimeWarning: invalid value encountered in func (vectorized)
  outputs = ufunc(*inputs)
9150
2023-11-18 01:23:06
9200
2023-11-18 01:26:26
elapsed:  36852.5  seconds
9250
2023-11-18 01:29:48
9300
2023-11-18 01:33:09
elapsed:  37256.1  seconds
9350
2023-11-18 01:36:32
9400
2023-11-18 01:39:53
elapsed:  37659.5  seconds
9450
2023-11-18 01:43:16
9500
2023-11-18 01:46:33
elapsed:  38060.3  seconds
/projects/muyang@colostate.edu/software/anaconda/envs/alpine_MCMC/lib/python3.11/site-packages/numpy/lib/function_base.py:2412: RuntimeWarning: divide by zero encountered in func (vectorized)
  outputs = ufunc(*inputs)
/projects/muyang@colostate.edu/software/anaconda/envs/alpine_MCMC/lib/python3.11/site-packages/numpy/lib/function_base.py:2412: RuntimeWarning: invalid value encountered in func (vectorized)
  outputs = ufunc(*inputs)
9550
2023-11-18 01:49:54
9600
2023-11-18 01:53:14
elapsed:  38461.2  seconds
9650
2023-11-18 01:56:35
9700
2023-11-18 01:59:53
elapsed:  38859.5  seconds
9750
2023-11-18 02:03:15
9800
2023-11-18 02:06:34
elapsed:  39261.3  seconds
9850
2023-11-18 02:09:56
9900
2023-11-18 02:13:14
elapsed:  39661.0  seconds
9950
2023-11-18 02:16:34
elapsed:  40055.8  seconds
total time:  40062.2  seconds
true R:  [[7.03837878e-01 4.63551416e-01 3.25238941e-01 5.68778012e-01
  1.03183666e+00 1.99255884e-01 1.38187803e+00 6.92367258e-01
  2.45465422e+00 1.05580622e+00 1.27787146e+00 1.04251066e+01
  2.01604987e-01 2.18859467e-01 4.05206542e+00 2.60504366e-01
  5.22953568e+00 2.47652342e+00 2.80076077e+00 1.31060598e-01
  5.46866322e+00 2.99162253e+01 1.22840553e-01 5.42682109e-01
  1.07883738e+01 6.28543341e+00 2.59149779e+01 8.86475844e+00
  1.72925265e+01 1.34519726e+01 8.72690129e+00 4.08549833e-01
  2.34931797e-01 5.64329793e+00 7.74827995e-01 6.10883108e+00
  2.81745675e-01 1.66017101e+00 2.48581772e+00 5.08853283e-01
  1.72422511e-01 5.35445093e-01 7.74074067e-01 9.68555431e+01
  5.33614466e-01 1.05018422e+00 1.74524761e+00 1.97956231e+00
  6.27148121e-01 7.71339620e-01 9.90495332e-02 6.78082907e-01
  8.14883847e-01 1.12418067e+02 1.14408538e+00 8.47545658e-01
  2.18155715e+01 4.15412457e-01 1.85538176e-01 7.82989280e-01
  9.22612762e-01 2.92431893e+00 2.18191227e+00 1.79608725e+00]
 [2.09764960e+00 5.28088034e+00 1.58715949e+00 1.66006980e-01
  1.31951413e+01 6.79388712e-02 1.73018580e+02 1.46796375e+01
  7.05369624e-01 1.81473963e+00 1.95569020e+00 3.49446320e-01
  6.46991221e+00 7.02351822e+00 1.83013966e+02 1.07845355e+00
  3.08127214e+00 3.40604486e+04 2.13042523e+01 1.87956739e+00
  8.10378554e-02 2.59099869e+00 1.32146041e+00 5.96446381e-01
  7.12177302e-01 4.68319688e-01 7.54813416e+00 6.86505163e-01
  1.37339969e+00 1.92893788e+01 6.34145707e+02 2.95501807e+00
  7.22842036e-01 2.34228732e-01 4.18187394e+00 4.43745109e-01
  8.96928952e+00 1.56944304e-01 1.53287647e+01 3.82526010e-01
  1.06076880e-01 8.42530178e+00 2.95250340e-01 2.16799330e+00
  1.52069732e-01 3.80339326e-01 2.68704837e+00 1.48686393e+01
  1.77934358e+01 8.87666819e-01 4.22145849e+00 9.44627425e+01
  8.74449350e-01 6.49151140e-01 4.61270422e-02 2.73743606e+05
  1.13821732e+00 1.25784162e+00 1.79681747e+01 3.33862272e+00
  4.17000522e+00 2.52234684e+01 1.31084697e+00 3.02433421e+00]
 [1.96378606e+01 2.10430032e-01 5.78323258e+01 2.69719032e-01
  2.29214772e+01 1.08107624e+00 1.15988412e+00 1.42976025e+00
  1.31251757e+01 3.08171930e-01 7.73808159e-01 1.44222684e+00
  5.60892272e-01 4.40028195e+00 2.50861494e+01 3.83202505e-01
  1.14930264e+01 2.03478296e+01 2.88986478e+01 1.06916106e-01
  6.91584403e+00 3.75239503e-01 2.78710753e-01 4.29091429e-01
  1.05144995e-01 8.24103478e+00 5.29576471e-01 3.00287186e-01
  1.80112828e+00 4.72532560e+03 5.21525205e-01 3.32296729e-01
  4.83754353e-01 2.69311015e-01 2.12134906e-01 3.71941107e+02
  1.33034451e+01 8.85181201e-01 1.67289307e+00 4.44166440e-01
  3.29006556e-01 1.21119792e+00 3.38055252e+00 3.67483776e-01
  2.67244492e-01 2.22324747e+00 3.04780104e+00 6.28628696e-01
  7.67006208e+00 5.53221462e+00 3.04307436e-01 1.12616828e+00
  7.78430135e-01 2.44539660e+00 9.25492555e-01 1.10510888e+03
  1.15071464e+01 1.14061258e-01 3.80655203e-01 1.37521587e+00
  2.34234029e+00 1.52673976e-01 1.89046171e-01 4.15771708e-01]
 [3.65656250e-01 5.62001799e+00 2.87061838e+01 1.28605373e+00
  4.64899022e-01 9.84669081e-02 3.38953142e+00 3.15934030e-01
  3.27727763e+00 4.62879847e-01 3.00210090e-01 1.27381694e+00
  3.59692880e+00 1.02341477e+00 2.89954101e-01 1.76732450e+00
  1.05922240e+00 4.32483976e-01 1.55737611e-01 9.36857935e-01
  1.50098502e+00 7.85286468e+00 7.20718354e-01 5.62679573e-01
  3.04688460e-01 8.08963628e+01 1.45156732e-01 2.18649908e+01
  1.50166782e+00 1.07983311e+00 2.55854140e-01 7.00700133e-01
  2.10393989e+00 2.94069917e+00 1.08990137e+02 6.46387639e+01
  5.06850076e+00 4.99554233e-01 2.33798391e-01 1.38345200e-01
  2.29639033e-01 4.62364228e+00 8.49774225e-01 5.70294650e+00
  1.67211416e-01 1.04010093e+01 4.13598281e-01 2.83746707e+00
  1.00189341e+03 2.34234017e+00 7.05009292e+02 1.67162631e+00
  2.95042240e-01 1.66473486e-01 2.61155233e+01 5.21481670e-01
  7.54742754e-01 1.04915800e+01 4.63133622e+00 1.73977462e-01
  4.50953116e+01 5.50214117e-01 9.28505171e-01 9.19684075e-01]
 [6.50187329e-01 4.45554954e-01 3.06885425e+02 3.94910767e-01
  3.19849750e-01 1.82796650e+04 1.85013295e+00 4.56239604e+00
  1.40356576e+00 9.81459803e+01 3.75249648e+00 5.98460513e-01
  1.82625237e-01 1.94236417e-01 6.80264105e+00 2.23702468e-01
  3.57817693e+00 1.67144793e+00 3.71009977e-01 2.38893453e-01
  5.58501920e+00 7.68244336e+01 2.44496839e+02 2.06787078e+00
  2.88390802e-01 1.62220755e+01 4.21386220e-01 1.31619784e+00
  1.43642430e-01 7.49207479e-01 5.46760825e-01 7.25653294e+00
  1.47481553e+00 9.34222634e+02 2.69925105e-01 3.31801814e+00
  3.86806022e+00 2.41957819e+00 5.12513950e-01 3.39550620e-01
  2.71082113e-01 7.47101317e-02 4.77929524e+00 8.64884867e-01
  9.41775849e+01 2.60950062e-01 7.50671681e-02 2.40527789e-01
  8.71298911e-01 2.68249416e+00 3.24612288e+00 4.43636788e-01
  6.89393303e+00 6.37571458e+00 4.21288093e-01 6.44787959e-02
  4.85593286e-01 4.84653449e-01 1.83325372e+00 1.77556341e+00
  3.53951681e+02 8.88930240e+01 2.27653297e-01 4.93540420e+00]
 [1.53041640e+00 5.17853606e+00 3.30135969e-01 4.26162861e+01
  1.93994849e+00 3.95073515e+00 6.36599254e-01 6.17667203e-01
  3.88846808e+01 1.00184606e+01 1.88143511e+00 7.26509806e+00
  1.65637205e+01 1.36024171e-01 3.02823774e-01 1.12518038e-01
  1.84055053e-01 4.06193663e-01 6.29812946e-01 9.57547893e-01
  4.89121286e+00 2.03363179e-01 2.89723034e-01 6.86538432e+00
  5.19976448e-01 3.04844981e+00 1.22059046e-01 8.41661742e-01
  5.67479862e+00 9.42928837e-01 1.30432287e+00 5.21434204e+00
  7.08731421e-01 1.51948707e+00 1.53923891e-01 2.23441515e-01
  3.85553415e-01 3.89384038e+00 2.11923749e-01 4.87370502e+02
  1.11187118e+00 1.51977092e+00 6.80255363e-01 3.68126631e-01
  8.32527361e+00 6.31189773e-01 2.75150077e+00 4.60660981e-01
  1.90089337e+00 7.54000306e-01 9.00355280e-01 9.36702956e-01
  1.10197656e-01 2.44372725e+01 1.11523573e+00 1.52929948e-01
  1.00115690e+00 3.36850801e-01 3.03844136e+00 5.83286816e+00
  1.76048815e-01 3.50845629e-01 1.63114477e+01 1.83658719e-01]
 [4.23128938e+00 2.32032608e-01 1.13154523e+00 6.27717978e-01
  4.87189019e+00 4.75938241e-01 5.44716907e-01 8.26271158e+01
  1.31705608e+01 7.18448276e-01 1.17435551e+01 2.15299875e+01
  5.14147152e-01 2.23142280e+01 3.09887410e+01 3.38692495e+02
  2.80320112e-01 1.57604585e+01 6.70394370e-01 3.72469787e-01
  9.21949855e-02 8.67517970e-01 1.15508176e+00 1.46105049e-01
  2.15039995e-01 1.73446121e+01 2.86049579e-01 1.63826982e-01
  2.51560843e+00 3.51163166e-01 3.38093002e+00 2.68639340e-01
  2.87944309e+00 6.02241292e-01 1.17268828e+00 8.55700114e-01
  2.39010941e+00 9.52143100e-01 3.29174601e+01 2.02259053e-01
  1.31159559e-01 3.38392927e-01 8.59670970e-02 2.74943116e-01
  9.70379710e-01 5.29124161e-02 5.18495091e-01 2.39188010e+03
  1.06563609e-01 3.02986650e+00 1.17323811e+01 5.90420352e+00
  2.81060294e-01 1.50717187e+00 4.64771649e-01 1.25398762e+00
  2.25666139e-01 8.17203284e-01 3.25418222e-01 1.02228825e-01
  5.14588918e-01 2.83344382e-01 1.41569359e-01 6.14589344e-01]
 [7.88830572e+00 1.11575479e+00 1.66898316e-01 8.92430261e-02
  1.33159468e+00 1.29838727e+01 3.39121448e-01 4.82248450e-01
  4.27377211e-01 5.67540075e+00 8.20979163e+01 1.10694524e-01
  3.59470157e-01 3.44590406e+01 1.15870276e+00 8.22321413e-01
  1.93869241e+00 9.00590517e-01 1.22767014e+01 3.68260491e-01
  4.74370456e-01 3.12778898e+00 5.96514947e-01 2.20225544e-01
  3.41674119e-01 5.71825128e+00 5.43713880e-01 1.99167052e+02
  5.48615869e-01 2.67513835e+00 3.89360107e+01 4.56710172e-01
  1.08443077e-01 7.15072041e-01 1.05659264e+01 2.55430734e-01
  5.73284353e-01 1.31172486e-01 3.17138231e-01 8.06030059e+01
  5.77615403e-01 2.19840227e+00 1.02198879e+01 1.25864323e+00
  3.95980152e-01 1.07473881e+03 2.32432044e+01 4.90862293e-01
  5.55152927e+00 2.15365832e-01 6.72916536e-01 1.00031337e+02
  2.56294901e+02 1.44683697e+00 7.85481603e-01 3.66592904e+00
  1.09654408e+00 1.34950219e+00 1.04036769e+01 6.32706548e-01
  2.85267222e+01 2.25279327e+01 7.60244520e+00 2.01126229e-01]
 [9.07257473e+00 2.36258416e+00 2.40655992e-01 1.42476162e+00
  1.47764689e+00 1.67073923e+00 1.76150454e+01 3.12919001e-01
  1.64989863e+00 1.03391844e+01 1.29363608e+01 1.29490470e-01
  3.43542996e+00 5.56766858e+02 7.98871178e+00 9.64800045e-01
  7.11350844e-01 1.69943162e+00 1.58351241e-01 1.53713733e+00
  8.20541642e-01 2.59523256e-01 6.91779758e+00 1.12619548e+00
  1.61241107e+01 2.84788732e+01 1.00788363e+00 2.64676492e-01
  6.27267168e-02 3.58176853e-01 1.29818500e+00 4.37193013e-01
  8.87402613e+01 2.31832624e+00 5.03416731e-01 1.82771644e-01
  2.52633029e+01 6.65271915e-01 1.21206413e+02 3.31232537e+00
  1.00156805e+00 7.62615654e+00 6.21401740e-01 7.89598550e-02
  1.62230776e-01 1.41989853e-01 5.01456645e-01 7.36536292e-01
  7.45336649e-01 8.62535373e+00 1.56088014e+01 4.14888987e-01
  2.41422165e+00 5.58632428e-01 3.85568300e-01 2.31249401e-01
  8.70558965e-01 1.08964511e+00 4.38432041e-01 2.63395786e+00
  3.25566533e+00 2.80496953e-01 1.43455724e+00 1.19505787e-01]
 [3.58072774e+00 1.49177610e+01 2.58136026e+01 1.76727426e-01
  5.34354027e-01 1.61032190e+00 9.28405750e-01 5.14500905e-01
  3.62402090e-01 2.65003577e+00 4.98096734e+01 2.73924484e-01
  7.85748333e-01 1.64080145e+01 5.26648653e-01 2.15710390e+00
  1.56327357e+02 2.98265433e+02 1.66286214e+05 3.82482278e+00
  5.16131911e+00 8.87601412e-01 2.81866920e+00 7.49129786e+00
  1.11211230e+00 2.20572764e+00 3.38524202e-01 8.74338509e-01
  1.18115977e-01 2.67864214e-01 2.51415089e+00 8.05846085e+02
  1.15815117e+03 1.26614346e+00 1.01454496e-01 1.70490011e-01
  2.69434517e-01 2.37795113e+01 1.59550910e+04 1.22521262e+01
  6.55227486e-01 1.92284983e-01 1.57606449e+00 6.99534256e-01
  7.15377464e-01 1.38964206e+01 8.08053775e-01 4.05089609e-01
  4.19489419e+00 3.44014155e+00 2.80528841e+00 1.63336025e+00
  4.80740046e-01 6.97713300e+00 1.74868822e+01 2.18956668e+00
  9.42928230e+00 1.58352308e-01 2.51869816e+00 2.30804565e+00
  2.99780052e+01 1.27735593e-01 3.57718692e+00 3.24596696e+00]]
