1
50
2023-11-04 01:07:54
100
2023-11-04 01:09:25
elapsed:  183.1  seconds
150
2023-11-04 01:10:55
200
2023-11-04 01:12:27
elapsed:  365.0  seconds
/projects/muyang@colostate.edu/software/anaconda/envs/testenv/lib/python3.11/site-packages/numpy/lib/function_base.py:2455: RuntimeWarning: divide by zero encountered in func (vectorized)
  outputs = ufunc(*inputs)
/projects/muyang@colostate.edu/software/anaconda/envs/testenv/lib/python3.11/site-packages/numpy/lib/function_base.py:2455: RuntimeWarning: invalid value encountered in func (vectorized)
  outputs = ufunc(*inputs)
250
2023-11-04 01:13:56
/projects/muyang@colostate.edu/software/anaconda/envs/testenv/lib/python3.11/site-packages/numpy/lib/function_base.py:2455: RuntimeWarning: divide by zero encountered in func (vectorized)
  outputs = ufunc(*inputs)
/projects/muyang@colostate.edu/software/anaconda/envs/testenv/lib/python3.11/site-packages/numpy/lib/function_base.py:2455: RuntimeWarning: invalid value encountered in func (vectorized)
  outputs = ufunc(*inputs)
300
2023-11-04 01:15:23
elapsed:  540.8  seconds
350
2023-11-04 01:16:48
400
2023-11-04 01:18:18
elapsed:  715.5  seconds
450
2023-11-04 01:19:38
500
2023-11-04 01:21:01
elapsed:  878.5  seconds
550
2023-11-04 01:22:18
600
2023-11-04 01:23:45
elapsed:  1042.7  seconds
650
2023-11-04 01:25:14
/projects/muyang@colostate.edu/software/anaconda/envs/testenv/lib/python3.11/site-packages/numpy/lib/function_base.py:2455: RuntimeWarning: divide by zero encountered in func (vectorized)
  outputs = ufunc(*inputs)
/projects/muyang@colostate.edu/software/anaconda/envs/testenv/lib/python3.11/site-packages/numpy/lib/function_base.py:2455: RuntimeWarning: invalid value encountered in func (vectorized)
  outputs = ufunc(*inputs)
700
2023-11-04 01:26:50
elapsed:  1228.5  seconds
750
2023-11-04 01:28:07
800
2023-11-04 01:29:53
elapsed:  1410.8  seconds
850
2023-11-04 01:31:32
900
2023-11-04 01:33:12
elapsed:  1609.9  seconds
/projects/muyang@colostate.edu/software/anaconda/envs/testenv/lib/python3.11/site-packages/numpy/lib/function_base.py:2455: RuntimeWarning: divide by zero encountered in func (vectorized)
  outputs = ufunc(*inputs)
/projects/muyang@colostate.edu/software/anaconda/envs/testenv/lib/python3.11/site-packages/numpy/lib/function_base.py:2455: RuntimeWarning: invalid value encountered in func (vectorized)
  outputs = ufunc(*inputs)
950
2023-11-04 01:35:06
1000
2023-11-04 01:36:28
elapsed:  1805.7  seconds
1050
2023-11-04 01:38:12
1100
2023-11-04 01:39:55
elapsed:  2013.1  seconds
1150
2023-11-04 01:41:19
1200
2023-11-04 01:42:52
elapsed:  2190.2  seconds
1250
2023-11-04 01:44:21
/projects/muyang@colostate.edu/software/anaconda/envs/testenv/lib/python3.11/site-packages/numpy/lib/function_base.py:2455: RuntimeWarning: divide by zero encountered in func (vectorized)
  outputs = ufunc(*inputs)
/projects/muyang@colostate.edu/software/anaconda/envs/testenv/lib/python3.11/site-packages/numpy/lib/function_base.py:2455: RuntimeWarning: invalid value encountered in func (vectorized)
  outputs = ufunc(*inputs)
1300
2023-11-04 01:45:59
elapsed:  2377.3  seconds
1350
2023-11-04 01:47:56
/projects/muyang@colostate.edu/software/anaconda/envs/testenv/lib/python3.11/site-packages/numpy/lib/function_base.py:2455: RuntimeWarning: divide by zero encountered in func (vectorized)
  outputs = ufunc(*inputs)
/projects/muyang@colostate.edu/software/anaconda/envs/testenv/lib/python3.11/site-packages/numpy/lib/function_base.py:2455: RuntimeWarning: invalid value encountered in func (vectorized)
  outputs = ufunc(*inputs)
1400
2023-11-04 01:49:35
elapsed:  2592.5  seconds
1450
2023-11-04 01:51:26
/projects/muyang@colostate.edu/software/anaconda/envs/testenv/lib/python3.11/site-packages/numpy/lib/function_base.py:2455: RuntimeWarning: divide by zero encountered in func (vectorized)
  outputs = ufunc(*inputs)
/projects/muyang@colostate.edu/software/anaconda/envs/testenv/lib/python3.11/site-packages/numpy/lib/function_base.py:2455: RuntimeWarning: invalid value encountered in func (vectorized)
  outputs = ufunc(*inputs)
1500
2023-11-04 01:53:26
elapsed:  2824.3  seconds
1550
2023-11-04 01:55:20
1600
2023-11-04 01:56:59
elapsed:  3037.4  seconds
1650
2023-11-04 01:58:51
1700
2023-11-04 02:00:37
elapsed:  3254.8  seconds
1750
2023-11-04 02:02:37
1800
2023-11-04 02:04:43
elapsed:  3501.2  seconds
1850
2023-11-04 02:06:32
1900
2023-11-04 02:08:02
elapsed:  3700.2  seconds
1950
2023-11-04 02:10:03
2000
2023-11-04 02:11:52
elapsed:  3929.5  seconds
2050
2023-11-04 02:13:56
2100
2023-11-04 02:16:04
elapsed:  4181.8  seconds
2150
2023-11-04 02:17:55
2200
2023-11-04 02:19:55
elapsed:  4412.8  seconds
2250
2023-11-04 02:21:44
2300
2023-11-04 02:23:10
elapsed:  4607.9  seconds
/projects/muyang@colostate.edu/software/anaconda/envs/testenv/lib/python3.11/site-packages/numpy/lib/function_base.py:2455: RuntimeWarning: divide by zero encountered in func (vectorized)
  outputs = ufunc(*inputs)
/projects/muyang@colostate.edu/software/anaconda/envs/testenv/lib/python3.11/site-packages/numpy/lib/function_base.py:2455: RuntimeWarning: invalid value encountered in func (vectorized)
  outputs = ufunc(*inputs)
2350
2023-11-04 02:24:50
2400
2023-11-04 02:26:26
elapsed:  4804.1  seconds
/projects/muyang@colostate.edu/software/anaconda/envs/testenv/lib/python3.11/site-packages/numpy/lib/function_base.py:2455: RuntimeWarning: divide by zero encountered in func (vectorized)
  outputs = ufunc(*inputs)
/projects/muyang@colostate.edu/software/anaconda/envs/testenv/lib/python3.11/site-packages/numpy/lib/function_base.py:2455: RuntimeWarning: invalid value encountered in func (vectorized)
  outputs = ufunc(*inputs)
2450
2023-11-04 02:28:31
2500
2023-11-04 02:30:20
elapsed:  5038.2  seconds
2550
2023-11-04 02:32:26
2600
2023-11-04 02:34:12
elapsed:  5269.9  seconds
2650
2023-11-04 02:36:10
2700
2023-11-04 02:38:01
elapsed:  5499.2  seconds
/projects/muyang@colostate.edu/software/anaconda/envs/testenv/lib/python3.11/site-packages/numpy/lib/function_base.py:2455: RuntimeWarning: divide by zero encountered in func (vectorized)
  outputs = ufunc(*inputs)
/projects/muyang@colostate.edu/software/anaconda/envs/testenv/lib/python3.11/site-packages/numpy/lib/function_base.py:2455: RuntimeWarning: invalid value encountered in func (vectorized)
  outputs = ufunc(*inputs)
2750
2023-11-04 02:40:09
2800
2023-11-04 02:42:12
elapsed:  5750.2  seconds
2850
2023-11-04 02:44:05
2900
2023-11-04 02:46:00
elapsed:  5978.4  seconds
2950
2023-11-04 02:48:07
3000
2023-11-04 02:50:14
elapsed:  6232.4  seconds
3050
2023-11-04 02:52:02
3100
2023-11-04 02:53:47
elapsed:  6444.7  seconds
3150
2023-11-04 02:55:44
3200
2023-11-04 02:57:37
elapsed:  6674.9  seconds
3250
2023-11-04 02:59:29
3300
2023-11-04 03:01:30
elapsed:  6908.3  seconds
3350
2023-11-04 03:03:40
3400
2023-11-04 03:05:45
elapsed:  7162.9  seconds
3450
2023-11-04 03:07:53
3500
2023-11-04 03:09:54
elapsed:  7412.5  seconds
3550
2023-11-04 03:11:54
3600
2023-11-04 03:14:00
elapsed:  7658.4  seconds
3650
2023-11-04 03:16:10
3700
2023-11-04 03:18:24
elapsed:  7921.6  seconds
3750
2023-11-04 03:20:20
/projects/muyang@colostate.edu/software/anaconda/envs/testenv/lib/python3.11/site-packages/numpy/lib/function_base.py:2455: RuntimeWarning: divide by zero encountered in func (vectorized)
  outputs = ufunc(*inputs)
/projects/muyang@colostate.edu/software/anaconda/envs/testenv/lib/python3.11/site-packages/numpy/lib/function_base.py:2455: RuntimeWarning: invalid value encountered in func (vectorized)
  outputs = ufunc(*inputs)
3800
2023-11-04 03:22:14
elapsed:  8152.4  seconds
3850
2023-11-04 03:24:16
3900
2023-11-04 03:26:28
elapsed:  8405.8  seconds
3950
2023-11-04 03:28:10
4000
2023-11-04 03:29:40
elapsed:  8598.2  seconds
4050
2023-11-04 03:31:25
4100
2023-11-04 03:33:23
elapsed:  8821.5  seconds
4150
2023-11-04 03:35:32
4200
2023-11-04 03:37:41
elapsed:  9078.7  seconds
4250
2023-11-04 03:39:49
4300
2023-11-04 03:41:52
elapsed:  9329.9  seconds
4350
2023-11-04 03:43:54
4400
2023-11-04 03:46:05
elapsed:  9583.0  seconds
4450
2023-11-04 03:48:01
4500
2023-11-04 03:49:59
elapsed:  9816.8  seconds
4550
2023-11-04 03:51:53
4600
2023-11-04 03:53:45
elapsed:  10042.7  seconds
4650
2023-11-04 03:55:39
4700
2023-11-04 03:57:41
elapsed:  10278.9  seconds
4750
2023-11-04 03:59:27
4800
2023-11-04 04:01:20
elapsed:  10498.0  seconds
4850
2023-11-04 04:03:19
4900
2023-11-04 04:05:16
elapsed:  10733.9  seconds
4950
2023-11-04 04:07:30
5000
2023-11-04 04:09:40
elapsed:  10997.7  seconds
5050
2023-11-04 04:11:41
5100
2023-11-04 04:13:44
elapsed:  11242.1  seconds
5150
2023-11-04 04:15:47
5200
2023-11-04 04:17:50
elapsed:  11488.1  seconds
5250
2023-11-04 04:19:53
5300
2023-11-04 04:21:48
elapsed:  11726.2  seconds
5350
2023-11-04 04:23:47
5400
2023-11-04 04:25:50
elapsed:  11967.5  seconds
5450
2023-11-04 04:27:52
5500
2023-11-04 04:29:43
elapsed:  12200.7  seconds
5550
2023-11-04 04:31:49
5600
2023-11-04 04:33:48
elapsed:  12445.9  seconds
5650
2023-11-04 04:35:49
5700
2023-11-04 04:37:47
elapsed:  12684.5  seconds
5750
2023-11-04 04:39:40
/projects/muyang@colostate.edu/software/anaconda/envs/testenv/lib/python3.11/site-packages/numpy/lib/function_base.py:2455: RuntimeWarning: divide by zero encountered in func (vectorized)
  outputs = ufunc(*inputs)
/projects/muyang@colostate.edu/software/anaconda/envs/testenv/lib/python3.11/site-packages/numpy/lib/function_base.py:2455: RuntimeWarning: invalid value encountered in func (vectorized)
  outputs = ufunc(*inputs)
5800
2023-11-04 04:41:33
elapsed:  12910.9  seconds
5850
2023-11-04 04:43:26
/projects/muyang@colostate.edu/software/anaconda/envs/testenv/lib/python3.11/site-packages/numpy/lib/function_base.py:2455: RuntimeWarning: divide by zero encountered in func (vectorized)
  outputs = ufunc(*inputs)
/projects/muyang@colostate.edu/software/anaconda/envs/testenv/lib/python3.11/site-packages/numpy/lib/function_base.py:2455: RuntimeWarning: invalid value encountered in func (vectorized)
  outputs = ufunc(*inputs)
5900
2023-11-04 04:45:25
elapsed:  13142.8  seconds
5950
2023-11-04 04:47:34
6000
2023-11-04 04:49:33
elapsed:  13390.6  seconds
6050
2023-11-04 04:51:25
6100
2023-11-04 04:52:52
elapsed:  13590.0  seconds
6150
2023-11-04 04:54:40
6200
2023-11-04 04:56:15
elapsed:  13793.3  seconds
6250
2023-11-04 04:58:21
6300
2023-11-04 05:00:30
elapsed:  14048.5  seconds
6350
2023-11-04 05:02:45
6400
2023-11-04 05:04:56
elapsed:  14314.4  seconds
6450
2023-11-04 05:06:38
6500
2023-11-04 05:08:29
elapsed:  14526.5  seconds
6550
2023-11-04 05:10:35
6600
2023-11-04 05:12:26
elapsed:  14764.5  seconds
6650
2023-11-04 05:14:32
6700
2023-11-04 05:16:39
elapsed:  15017.5  seconds
6750
2023-11-04 05:18:43
6800
2023-11-04 05:20:41
elapsed:  15259.0  seconds
6850
2023-11-04 05:22:58
6900
2023-11-04 05:25:09
elapsed:  15526.7  seconds
6950
2023-11-04 05:27:13
7000
2023-11-04 05:29:16
elapsed:  15774.0  seconds
7050
2023-11-04 05:31:21
7100
2023-11-04 05:33:25
elapsed:  16023.2  seconds
7150
2023-11-04 05:35:28
7200
2023-11-04 05:37:22
elapsed:  16260.3  seconds
7250
2023-11-04 05:39:18
7300
2023-11-04 05:41:09
elapsed:  16486.9  seconds
7350
2023-11-04 05:43:12
7400
2023-11-04 05:45:20
elapsed:  16737.8  seconds
7450
2023-11-04 05:47:20
7500
2023-11-04 05:49:09
elapsed:  16967.1  seconds
7550
2023-11-04 05:51:03
7600
2023-11-04 05:52:59
elapsed:  17197.0  seconds
7650
2023-11-04 05:55:02
7700
2023-11-04 05:57:02
elapsed:  17439.8  seconds
/projects/muyang@colostate.edu/software/anaconda/envs/testenv/lib/python3.11/site-packages/numpy/lib/function_base.py:2455: RuntimeWarning: divide by zero encountered in func (vectorized)
  outputs = ufunc(*inputs)
/projects/muyang@colostate.edu/software/anaconda/envs/testenv/lib/python3.11/site-packages/numpy/lib/function_base.py:2455: RuntimeWarning: invalid value encountered in func (vectorized)
  outputs = ufunc(*inputs)
7750
2023-11-04 05:58:54
7800
2023-11-04 06:00:47
elapsed:  17665.2  seconds
7850
2023-11-04 06:02:53
7900
2023-11-04 06:04:47
elapsed:  17905.3  seconds
7950
2023-11-04 06:06:46
8000
2023-11-04 06:08:36
elapsed:  18134.3  seconds
8050
2023-11-04 06:10:41
8100
2023-11-04 06:12:45
elapsed:  18383.5  seconds
8150
2023-11-04 06:14:57
8200
2023-11-04 06:16:52
elapsed:  18629.9  seconds
8250
2023-11-04 06:18:48
8300
2023-11-04 06:20:45
elapsed:  18863.3  seconds
8350
2023-11-04 06:22:44
8400
2023-11-04 06:24:41
elapsed:  19099.3  seconds
8450
2023-11-04 06:26:39
8500
2023-11-04 06:28:43
elapsed:  19341.0  seconds
8550
2023-11-04 06:30:39
8600
2023-11-04 06:32:30
elapsed:  19568.4  seconds
8650
2023-11-04 06:34:15
8700
2023-11-04 06:35:54
elapsed:  19771.5  seconds
8750
2023-11-04 06:37:55
8800
2023-11-04 06:39:26
elapsed:  19984.2  seconds
8850
2023-11-04 06:41:19
8900
2023-11-04 06:43:24
elapsed:  20221.9  seconds
8950
2023-11-04 06:45:27
9000
2023-11-04 06:47:37
elapsed:  20475.4  seconds
9050
2023-11-04 06:49:39
9100
2023-11-04 06:51:41
elapsed:  20719.0  seconds
9150
2023-11-04 06:53:51
9200
2023-11-04 06:55:56
elapsed:  20974.0  seconds
9250
2023-11-04 06:58:13
9300
2023-11-04 07:00:09
elapsed:  21227.4  seconds
9350
2023-11-04 07:02:08
/projects/muyang@colostate.edu/software/anaconda/envs/testenv/lib/python3.11/site-packages/numpy/lib/function_base.py:2455: RuntimeWarning: divide by zero encountered in func (vectorized)
  outputs = ufunc(*inputs)
/projects/muyang@colostate.edu/software/anaconda/envs/testenv/lib/python3.11/site-packages/numpy/lib/function_base.py:2455: RuntimeWarning: invalid value encountered in func (vectorized)
  outputs = ufunc(*inputs)
9400
2023-11-04 07:03:43
elapsed:  21440.5  seconds
9450
2023-11-04 07:05:24
9500
2023-11-04 07:07:25
elapsed:  21663.0  seconds
9550
2023-11-04 07:09:30
9600
2023-11-04 07:11:37
elapsed:  21915.0  seconds
/projects/muyang@colostate.edu/software/anaconda/envs/testenv/lib/python3.11/site-packages/numpy/lib/function_base.py:2455: RuntimeWarning: divide by zero encountered in func (vectorized)
  outputs = ufunc(*inputs)
/projects/muyang@colostate.edu/software/anaconda/envs/testenv/lib/python3.11/site-packages/numpy/lib/function_base.py:2455: RuntimeWarning: invalid value encountered in func (vectorized)
  outputs = ufunc(*inputs)
9650
2023-11-04 07:13:39
9700
2023-11-04 07:15:37
elapsed:  22154.9  seconds
9750
2023-11-04 07:17:37
9800
2023-11-04 07:19:36
elapsed:  22394.0  seconds
9850
2023-11-04 07:21:38
9900
2023-11-04 07:23:21
elapsed:  22618.9  seconds
9950
2023-11-04 07:25:21
10000
2023-11-04 07:27:24
elapsed:  22862.3  seconds
10050
2023-11-04 07:29:27
10100
2023-11-04 07:31:29
elapsed:  23107.4  seconds
10150
2023-11-04 07:33:31
10200
2023-11-04 07:35:18
elapsed:  23336.3  seconds
10250
2023-11-04 07:37:15
10300
2023-11-04 07:39:16
elapsed:  23573.5  seconds
10350
2023-11-04 07:41:05
10400
2023-11-04 07:42:52
elapsed:  23790.1  seconds
10450
2023-11-04 07:44:54
10500
2023-11-04 07:46:41
elapsed:  24019.2  seconds
10550
2023-11-04 07:48:40
10600
2023-11-04 07:50:39
elapsed:  24256.8  seconds
10650
2023-11-04 07:52:36
10700
2023-11-04 07:54:24
elapsed:  24482.2  seconds
10750
2023-11-04 07:56:26
10800
2023-11-04 07:58:09
elapsed:  24706.6  seconds
10850
2023-11-04 07:59:48
10900
2023-11-04 08:01:39
elapsed:  24916.9  seconds
10950
2023-11-04 08:03:44
11000
2023-11-04 08:05:39
elapsed:  25156.7  seconds
11050
2023-11-04 08:07:49
11100
2023-11-04 08:09:53
elapsed:  25410.8  seconds
11150
2023-11-04 08:11:37
11200
2023-11-04 08:13:37
elapsed:  25634.6  seconds
11250
2023-11-04 08:15:29
11300
2023-11-04 08:17:18
elapsed:  25856.0  seconds
11350
2023-11-04 08:19:21
11400
2023-11-04 08:20:55
elapsed:  26072.7  seconds
11450
2023-11-04 08:23:08
11500
2023-11-04 08:25:10
elapsed:  26328.4  seconds
11550
2023-11-04 08:27:08
11600
2023-11-04 08:29:06
elapsed:  26564.4  seconds
11650
2023-11-04 08:31:04
11700
2023-11-04 08:32:48
elapsed:  26786.1  seconds
11750
2023-11-04 08:34:26
11800
2023-11-04 08:36:17
elapsed:  26995.3  seconds
/projects/muyang@colostate.edu/software/anaconda/envs/testenv/lib/python3.11/site-packages/numpy/lib/function_base.py:2455: RuntimeWarning: divide by zero encountered in func (vectorized)
  outputs = ufunc(*inputs)
/projects/muyang@colostate.edu/software/anaconda/envs/testenv/lib/python3.11/site-packages/numpy/lib/function_base.py:2455: RuntimeWarning: invalid value encountered in func (vectorized)
  outputs = ufunc(*inputs)
11850
2023-11-04 08:38:12
/projects/muyang@colostate.edu/software/anaconda/envs/testenv/lib/python3.11/site-packages/numpy/lib/function_base.py:2455: RuntimeWarning: divide by zero encountered in func (vectorized)
  outputs = ufunc(*inputs)
/projects/muyang@colostate.edu/software/anaconda/envs/testenv/lib/python3.11/site-packages/numpy/lib/function_base.py:2455: RuntimeWarning: invalid value encountered in func (vectorized)
  outputs = ufunc(*inputs)
11900
2023-11-04 08:39:49
elapsed:  27206.5  seconds
11950
2023-11-04 08:41:39
12000
2023-11-04 08:43:14
elapsed:  27412.1  seconds
12050
2023-11-04 08:45:19
12100
2023-11-04 08:47:11
elapsed:  27649.0  seconds
12150
2023-11-04 08:49:09
12200
2023-11-04 08:51:11
elapsed:  27889.0  seconds
12250
2023-11-04 08:53:03
/projects/muyang@colostate.edu/software/anaconda/envs/testenv/lib/python3.11/site-packages/numpy/lib/function_base.py:2455: RuntimeWarning: divide by zero encountered in func (vectorized)
  outputs = ufunc(*inputs)
/projects/muyang@colostate.edu/software/anaconda/envs/testenv/lib/python3.11/site-packages/numpy/lib/function_base.py:2455: RuntimeWarning: invalid value encountered in func (vectorized)
  outputs = ufunc(*inputs)
12300
2023-11-04 08:54:58
elapsed:  28116.3  seconds
12350
2023-11-04 08:57:05
12400
2023-11-04 08:59:08
elapsed:  28366.1  seconds
12450
2023-11-04 09:01:10
12500
2023-11-04 09:03:10
elapsed:  28608.5  seconds
/projects/muyang@colostate.edu/software/anaconda/envs/testenv/lib/python3.11/site-packages/numpy/lib/function_base.py:2455: RuntimeWarning: divide by zero encountered in func (vectorized)
  outputs = ufunc(*inputs)
/projects/muyang@colostate.edu/software/anaconda/envs/testenv/lib/python3.11/site-packages/numpy/lib/function_base.py:2455: RuntimeWarning: invalid value encountered in func (vectorized)
  outputs = ufunc(*inputs)
12550
2023-11-04 09:05:11
12600
2023-11-04 09:07:15
elapsed:  28853.0  seconds
12650
2023-11-04 09:09:14
12700
2023-11-04 09:11:03
elapsed:  29080.8  seconds
12750
2023-11-04 09:13:02
12800
2023-11-04 09:15:03
elapsed:  29321.5  seconds
12850
2023-11-04 09:16:44
12900
2023-11-04 09:18:26
elapsed:  29524.0  seconds
12950
2023-11-04 09:20:23
13000
2023-11-04 09:22:08
elapsed:  29745.9  seconds
13050
2023-11-04 09:24:13
13100
2023-11-04 09:26:14
elapsed:  29992.3  seconds
13150
2023-11-04 09:28:17
13200
2023-11-04 09:29:52
elapsed:  30209.8  seconds
13250
2023-11-04 09:31:54
13300
2023-11-04 09:33:57
elapsed:  30454.8  seconds
13350
2023-11-04 09:35:46
13400
2023-11-04 09:37:39
elapsed:  30676.6  seconds
13450
2023-11-04 09:39:25
13500
2023-11-04 09:41:12
elapsed:  30889.6  seconds
13550
2023-11-04 09:43:22
13600
2023-11-04 09:45:16
elapsed:  31133.9  seconds
13650
2023-11-04 09:47:08
13700
2023-11-04 09:48:58
elapsed:  31356.1  seconds
13750
2023-11-04 09:50:47
/projects/muyang@colostate.edu/software/anaconda/envs/testenv/lib/python3.11/site-packages/numpy/lib/function_base.py:2455: RuntimeWarning: divide by zero encountered in func (vectorized)
  outputs = ufunc(*inputs)
/projects/muyang@colostate.edu/software/anaconda/envs/testenv/lib/python3.11/site-packages/numpy/lib/function_base.py:2455: RuntimeWarning: invalid value encountered in func (vectorized)
  outputs = ufunc(*inputs)
13800
2023-11-04 09:52:40
elapsed:  31578.3  seconds
13850
2023-11-04 09:54:21
13900
2023-11-04 09:55:57
elapsed:  31775.3  seconds
13950
2023-11-04 09:57:47
14000
2023-11-04 09:59:25
elapsed:  31982.8  seconds
14050
2023-11-04 10:01:14
14100
2023-11-04 10:02:59
elapsed:  32196.9  seconds
14150
2023-11-04 10:05:05
14200
2023-11-04 10:07:03
elapsed:  32441.1  seconds
14250
2023-11-04 10:08:57
14300
2023-11-04 10:10:56
elapsed:  32674.4  seconds
14350
2023-11-04 10:12:52
14400
2023-11-04 10:14:22
elapsed:  32880.1  seconds
14450
2023-11-04 10:16:08
14500
2023-11-04 10:17:58
elapsed:  33095.7  seconds
14550
2023-11-04 10:19:48
14600
2023-11-04 10:21:23
elapsed:  33300.5  seconds
/projects/muyang@colostate.edu/software/anaconda/envs/testenv/lib/python3.11/site-packages/numpy/lib/function_base.py:2455: RuntimeWarning: divide by zero encountered in func (vectorized)
  outputs = ufunc(*inputs)
/projects/muyang@colostate.edu/software/anaconda/envs/testenv/lib/python3.11/site-packages/numpy/lib/function_base.py:2455: RuntimeWarning: invalid value encountered in func (vectorized)
  outputs = ufunc(*inputs)
14650
2023-11-04 10:22:50
14700
2023-11-04 10:24:46
elapsed:  33503.5  seconds
14750
2023-11-04 10:26:46
14800
2023-11-04 10:28:49
elapsed:  33747.2  seconds
14850
2023-11-04 10:30:42
14900
2023-11-04 10:32:30
elapsed:  33968.5  seconds
14950
2023-11-04 10:34:25
elapsed:  34205.2  seconds
total time:  34210.5  seconds
true R:  [[2.27233608e-01 9.28848334e-01 7.51129317e-01 3.41023423e-01
  9.28230570e+00 6.90708637e+00 3.40615415e-01 1.31243044e+00
  1.30002966e+00 3.08813173e-01 9.79975578e+00 3.13151428e+00
  6.43502209e-02 5.48777552e-01 5.30470556e+00 2.14975058e+00
  3.44755036e-01 1.04841419e-01 2.99968466e-01 5.22257261e+00
  3.41292136e+00 3.17188938e-01 3.81499751e-01 4.19130510e-01
  5.35862991e-01 4.20304776e+01 1.14650163e+01 1.51081563e-01
  5.18789136e-01 6.74298184e+00 9.95535899e-01 6.05769515e-01
  1.35021417e+01 1.09133439e+01 2.28329097e-01 6.09656381e-02
  1.08926240e+00 5.59179302e-01 1.20176050e+00 1.89510240e-01
  2.19066144e+00 1.08455182e+00 3.03267923e-01 6.11919341e+00
  2.94407939e+00 1.99056700e+00 5.51445325e-01 4.32611133e-01
  2.36400660e+00 3.08880914e-01 1.05354926e-01 1.98010975e+01
  1.07579232e-01 1.75279246e+00 2.05940174e-01 6.60848076e+00
  2.98923086e-01 4.89927959e-01 1.52548659e+00 2.83881594e+00
  4.92532108e+01 7.55948915e+02 1.73567831e+00 7.55314340e-01]
 [1.74865722e-01 2.85719894e+01 3.79143834e+00 5.68013474e+00
  7.06790705e+00 1.92848681e+00 9.90659005e-01 1.64451782e+02
  6.02434029e-01 6.07167076e+00 4.14572825e-01 4.68950057e-01
  2.15115611e+00 3.94941936e+00 1.35793921e+01 2.34382359e-01
  2.76711466e+00 2.98191066e+02 1.25887448e+01 1.11618953e-01
  1.81088513e+00 1.13773508e+01 3.69301587e-01 2.51573984e-01
  2.13612767e+00 4.39322959e+01 6.78815348e+00 1.23940583e+00
  1.00068720e+02 1.72292480e+00 1.00796701e+00 1.28068867e+00
  1.21685724e+01 2.81413717e-01 2.96580866e+01 1.83611599e+00
  1.62387648e+00 5.23157478e-01 4.23893224e-01 1.17314091e+00
  5.81320739e-01 1.02965812e-01 7.04952918e-01 1.34033171e-01
  1.97957206e+00 5.25616350e+00 2.32497855e-01 6.30466412e+00
  5.92371629e-01 3.57414903e+00 2.14626404e-01 3.21693526e-01
  2.18108044e-01 3.89214814e-01 7.39629937e-01 1.39861349e+00
  1.24830191e+00 1.83020841e-01 6.35051007e+00 1.17322798e+00
  1.79760103e+00 6.88073762e+00 5.39265528e+00 5.84089550e-01]
 [1.09707075e+00 6.06402186e-01 4.83796935e+02 1.82562771e-01
  1.76080984e+00 2.88369834e-01 7.86770049e-01 6.07124989e-01
  8.64767678e-01 6.62652144e-01 8.18385256e-01 8.20745066e-01
  7.85353612e-02 3.04371781e-01 1.21026060e+00 7.14329521e-02
  5.85033057e+01 4.48342022e-01 8.74744491e+01 1.91536974e+00
  1.80060760e-01 3.36469441e+00 3.69626657e+00 4.22437596e+01
  6.50864710e-01 2.09645304e+00 2.43739292e-01 4.06588001e+00
  9.63139475e+00 2.12635788e+01 2.51008625e+04 5.72133718e+00
  3.33039223e-01 3.64385338e-01 4.56023076e-01 1.15355126e+00
  9.69893721e-01 1.36848963e+00 6.46397538e+00 2.51476887e+00
  4.81909408e-01 2.27009472e-01 1.16195180e+00 1.32659848e+01
  2.01906434e-01 8.56257034e-02 1.56713106e+00 9.07070111e-02
  6.96881343e-01 3.25088873e-01 5.36873650e-01 1.21702280e-01
  2.67263472e+01 3.58140620e+00 3.75478094e-01 2.90739721e+05
  4.18203962e+00 4.40576438e+00 4.08547750e-01 1.49718423e+04
  4.83120365e-01 9.24069804e-01 4.46975826e+00 1.59993788e+00]
 [1.90110429e+00 6.96441437e+00 9.10255995e+00 1.51155378e+00
  5.72574586e+02 5.76695174e-01 3.53651576e-01 3.97476060e-01
  7.08136721e+00 6.98670160e-02 9.53166597e+00 1.17287866e+00
  4.55620130e-01 9.84526870e-02 3.11131124e+00 6.59715004e+00
  8.36543409e-01 7.54385649e-01 7.62917833e+00 1.21269238e+00
  2.52414097e-01 7.69723267e-01 3.70581221e-01 7.37394142e+00
  1.11879736e+00 2.60267027e+01 6.54824875e-01 1.31810415e-01
  1.66630153e+00 4.60680732e+00 2.37236339e+03 4.46468860e-01
  1.09158157e-01 5.00997436e+01 4.43434744e+01 5.52641473e+00
  1.57603554e+01 1.35111105e-01 1.81880187e+00 3.69864130e-01
  5.43874580e-01 1.04937150e+00 9.27443739e+01 2.25825113e+01
  5.61708518e-01 3.66929869e-02 2.64626703e+00 3.04858787e+02
  1.72858995e+02 6.46756308e-01 1.26938850e+00 2.41881445e-01
  1.07332751e+00 2.03016615e-01 3.59035915e+00 5.63364442e+00
  6.33605041e+00 1.18639415e+00 3.50675873e+02 1.41706173e+00
  3.58500123e-01 1.55635370e-01 2.87930089e+00 5.07591550e-01]
 [4.56397997e-01 3.08659568e-01 1.27259096e-01 2.39281687e-01
  1.09814888e+00 5.56752971e-01 5.98291420e-01 1.53394392e+00
  9.26984987e-01 2.37835590e-01 1.74265628e+00 1.98075778e-01
  2.98455157e-01 2.01824044e-01 3.59360815e-01 5.29728018e-01
  4.80764138e-01 5.15606627e-01 6.60086244e+02 6.29579086e-01
  3.13443822e+01 1.38023534e+00 2.36000064e-01 4.13005717e+00
  4.73332815e-01 4.23914226e-01 1.80053643e+01 2.61323711e+01
  9.03738141e-01 6.85422902e-01 9.35079668e-01 8.15218042e-01
  1.18502154e+00 1.10753656e+00 2.97417195e+01 2.06845121e+01
  1.11434898e-01 1.65941883e-01 4.28686246e-01 2.33043199e-01
  4.53330495e+00 2.40776263e+01 1.08144344e-01 1.61200349e+00
  3.78195283e-01 1.34906751e+00 8.92912371e-01 1.35916789e+00
  2.96012761e-01 1.71398978e-01 2.02998965e+00 9.66043497e+01
  5.44140070e+01 2.98727509e-01 5.08311832e-01 2.40085560e+00
  7.68951870e-01 2.78145388e-01 3.46554519e-01 4.66659079e-01
  2.29392735e-01 9.31982677e-01 2.60599132e+00 1.25269975e+00]
 [7.16125981e-01 1.28131383e+00 4.05418208e-01 3.81344319e-01
  3.00562566e+00 3.12624201e-01 5.40532276e-01 8.40905934e-01
  3.99074629e-01 4.82605581e-01 2.78673366e+01 2.81142345e-01
  7.78994646e-02 2.50522899e+00 1.05186206e-01 3.48743002e-01
  9.06344905e-01 1.17660824e-01 7.93386412e+00 1.61110504e-01
  2.99536426e+01 7.54975639e-01 2.81318235e-01 3.34472172e+01
  2.75715046e+00 4.14338983e+01 9.08732078e-01 5.43849713e-01
  3.88747885e+00 7.15329326e-01 1.96248373e+01 1.31020573e-01
  3.79727096e+01 2.39070791e+00 1.61125315e+01 5.23127877e-01
  1.63280810e+00 1.64094149e-01 6.70821140e-01 1.60133821e+00
  4.94681001e+01 2.25540257e-01 4.42521583e+00 1.14964832e+00
  4.31824929e-01 2.80474631e+01 1.01176804e+00 1.00362028e+01
  1.15252750e-01 7.18696203e-01 1.02230110e+00 5.94452107e-01
  3.52684922e-01 4.71995095e-01 1.90665259e+00 2.03928758e-01
  3.83755852e-01 7.02568757e-01 8.14406830e-01 1.23816505e+00
  3.71308961e+01 2.55128977e+00 8.73908202e-01 3.81915926e-01]
 [7.48258211e+00 2.56745589e+00 5.60231244e-01 2.53416335e-01
  1.67987809e-01 3.14566810e+00 3.32858922e-01 4.88316725e-01
  2.03668001e-01 1.51239061e+00 1.98962054e+00 1.53268895e+00
  5.82447728e+01 6.85636921e-01 4.40495909e-01 7.23105107e-01
  6.50621990e+00 2.68511095e-01 2.47186441e+00 2.41377191e+01
  4.96438549e-01 5.33651686e-01 9.11278540e-02 5.43311859e+00
  6.62780234e+00 4.34578164e+01 1.67504562e+00 2.28353097e-01
  1.02832458e+00 1.09748110e-01 5.87051578e+00 2.85315128e+02
  1.82701667e+00 2.31885832e+00 9.65112763e-01 1.91591235e-01
  1.17809385e+00 1.55954455e+01 9.97726493e+01 9.72609914e-01
  8.25746840e+00 3.52886415e+00 5.39983010e-01 9.49158470e+00
  7.95454667e+00 5.87325582e+00 6.91527203e-01 1.95701724e+04
  5.71668141e-01 1.97347279e+00 6.26287387e-01 2.13802694e-01
  4.39468043e-01 3.33259235e+00 4.47143996e+00 1.20670548e+00
  1.60847178e+01 9.10241761e-02 1.07012251e+01 5.00519136e+00
  1.20172446e+02 1.53639136e+00 6.59769332e+01 1.96642387e+02]
 [5.27365501e-01 3.56956564e+01 1.68700100e+00 1.20260165e+01
  3.45844340e+00 2.86464055e-01 6.18535899e-01 1.81250110e+00
  1.74097008e+00 1.60026237e+00 9.83856535e+00 1.35582578e+00
  1.50182740e-01 1.89024268e-01 4.61713072e+00 2.93032984e+00
  1.03440507e+01 7.78522798e-01 1.20477778e-01 5.38419068e-01
  1.74667392e+00 1.93878817e-01 3.96676872e-01 1.99393438e-01
  3.27368372e-01 1.45613102e+02 1.50504322e+00 6.96892789e+00
  1.32094809e+02 6.76692348e-01 7.59964854e-01 4.79988355e+01
  6.17325847e-01 5.91850136e+00 6.34623150e+00 8.28900036e-01
  3.21698029e-01 4.35710994e-01 4.78957895e-01 2.19073512e-01
  5.05894901e+03 2.02188440e-01 2.90796261e+01 2.06601445e-01
  3.70895638e-01 2.82602204e+01 3.60972794e+00 4.22919765e-01
  8.51440518e-01 6.62587133e-01 1.36014285e+01 2.39766916e+01
  8.99494679e-01 1.04579398e+03 3.94006695e+01 5.33733529e-01
  8.48514711e-01 3.34464991e+00 6.54264861e-01 1.96700005e+00
  7.10253413e-01 9.27487396e-01 8.35822101e+00 3.91591999e-01]
 [2.99186902e-01 6.06894991e-01 2.16619066e-01 5.39801375e-01
  1.62434433e+00 1.24743231e+00 3.41288828e+00 5.21163645e-01
  2.29600987e+00 1.14316549e+00 7.66159426e-01 3.94104096e-01
  1.35876415e+00 4.21529094e+01 9.92921193e-01 3.47418401e+00
  4.81498474e+00 1.16826965e+00 2.24579130e-01 3.60756623e+00
  1.18705821e+04 1.24384248e-01 9.86289830e-02 3.18889029e+00
  1.37924523e+00 5.64553289e-01 9.98159066e-01 5.87962451e-01
  4.67554550e-01 1.05926114e+00 6.21875771e-01 1.75086744e+01
  2.14586365e-01 1.31626286e-01 1.02014409e+00 1.25656233e-01
  5.42509781e-01 1.17720830e-01 2.13850126e+00 1.49033048e-01
  2.22292735e+00 5.40255436e+03 1.57258273e-01 8.73411550e-01
  1.22378468e+03 1.90211339e+00 1.29417177e+01 1.19978135e+00
  8.63171186e+00 2.90162054e-01 3.99332663e+00 3.29876668e+00
  1.54784221e+00 9.94685797e-01 4.86473234e-01 2.13595403e-01
  3.44869264e+00 3.75040756e-01 5.93689441e+02 6.43981744e-01
  1.91857319e-01 1.57431104e+00 1.22868040e+01 2.45967806e+01]]
