1
10
2023-10-26 11:32:53
20
2023-10-26 11:33:28
30
2023-10-26 11:34:04
40
2023-10-26 11:34:39
50
2023-10-26 11:35:14
60
2023-10-26 11:35:51
70
2023-10-26 11:36:30
80
2023-10-26 11:37:05
90
2023-10-26 11:37:43
100
2023-10-26 11:38:22
elapsed:  360.2  seconds
110
2023-10-26 11:38:59
120
2023-10-26 11:39:39
130
2023-10-26 11:40:17
140
2023-10-26 11:40:56
150
2023-10-26 11:41:29
160
2023-10-26 11:42:02
170
2023-10-26 11:42:38
180
2023-10-26 11:43:14
190
2023-10-26 11:43:46
200
2023-10-26 11:44:16
elapsed:  713.9  seconds
210
2023-10-26 11:44:51
220
2023-10-26 11:45:26
230
2023-10-26 11:46:01
240
2023-10-26 11:46:38
250
2023-10-26 11:47:15
260
2023-10-26 11:47:55
270
2023-10-26 11:48:34
280
2023-10-26 11:49:16
290
2023-10-26 11:49:52
300
2023-10-26 11:50:32
elapsed:  1090.5  seconds
310
2023-10-26 11:51:14
320
2023-10-26 11:51:47
330
2023-10-26 11:52:24
340
2023-10-26 11:53:05
350
2023-10-26 11:53:45
360
2023-10-26 11:54:21
370
2023-10-26 11:55:00
380
2023-10-26 11:55:36
390
2023-10-26 11:56:20
400
2023-10-26 11:56:59
elapsed:  1477.6  seconds
410
2023-10-26 11:57:38
420
2023-10-26 11:58:14
430
2023-10-26 11:58:49
440
2023-10-26 11:59:33
450
2023-10-26 12:00:01
460
2023-10-26 12:00:44
470
2023-10-26 12:01:17
480
2023-10-26 12:01:45
490
2023-10-26 12:02:21
500
2023-10-26 12:02:59
elapsed:  1837.2  seconds
510
2023-10-26 12:03:35
520
2023-10-26 12:04:08
530
2023-10-26 12:04:46
540
2023-10-26 12:05:18
550
2023-10-26 12:05:48
560
2023-10-26 12:06:20
570
2023-10-26 12:07:04
580
2023-10-26 12:07:51
590
2023-10-26 12:08:38
600
2023-10-26 12:09:19
elapsed:  2217.8  seconds
610
2023-10-26 12:09:53
620
2023-10-26 12:10:30
630
2023-10-26 12:11:00
640
2023-10-26 12:11:43
650
2023-10-26 12:12:22
660
2023-10-26 12:13:02
670
2023-10-26 12:13:42
680
2023-10-26 12:14:25
690
2023-10-26 12:15:05
700
2023-10-26 12:15:44
elapsed:  2602.6  seconds
710
2023-10-26 12:16:29
720
2023-10-26 12:17:17
730
2023-10-26 12:17:59
740
2023-10-26 12:18:47
750
2023-10-26 12:19:30
760
2023-10-26 12:20:15
770
2023-10-26 12:20:53
780
2023-10-26 12:21:36
790
2023-10-26 12:22:12
800
2023-10-26 12:22:49
elapsed:  3026.9  seconds
810
2023-10-26 12:23:39
820
2023-10-26 12:24:25
830
2023-10-26 12:24:58
840
2023-10-26 12:25:33
850
2023-10-26 12:26:10
860
2023-10-26 12:26:56
870
2023-10-26 12:27:37
880
2023-10-26 12:28:17
890
2023-10-26 12:28:56
900
2023-10-26 12:29:34
elapsed:  3432.7  seconds
910
2023-10-26 12:30:14
920
2023-10-26 12:30:47
930
2023-10-26 12:31:33
940
2023-10-26 12:32:16
950
2023-10-26 12:32:55
960
2023-10-26 12:33:40
970
2023-10-26 12:34:20
980
2023-10-26 12:35:02
990
2023-10-26 12:35:47
1000
2023-10-26 12:36:33
elapsed:  3851.7  seconds
1010
2023-10-26 12:37:24
1020
2023-10-26 12:38:08
1030
2023-10-26 12:38:53
1040
2023-10-26 12:39:37
1050
2023-10-26 12:40:22
1060
2023-10-26 12:41:05
1070
2023-10-26 12:41:49
1080
2023-10-26 12:42:29
1090
2023-10-26 12:43:11
1100
2023-10-26 12:43:58
elapsed:  4296.7  seconds
1110
2023-10-26 12:44:50
1120
2023-10-26 12:45:35
1130
2023-10-26 12:46:19
1140
2023-10-26 12:47:05
1150
2023-10-26 12:47:38
1160
2023-10-26 12:48:18
1170
2023-10-26 12:49:01
1180
2023-10-26 12:49:43
1190
2023-10-26 12:50:26
1200
2023-10-26 12:51:09
elapsed:  4727.1  seconds
1210
2023-10-26 12:51:56
1220
2023-10-26 12:52:42
1230
2023-10-26 12:53:29
1240
2023-10-26 12:54:14
1250
2023-10-26 12:54:53
1260
2023-10-26 12:55:42
1270
2023-10-26 12:56:31
1280
2023-10-26 12:57:17
1290
2023-10-26 12:58:07
1300
2023-10-26 12:58:52
elapsed:  5190.3  seconds
1310
2023-10-26 12:59:35
1320
2023-10-26 13:00:13
1330
2023-10-26 13:01:00
1340
2023-10-26 13:01:44
1350
2023-10-26 13:02:32
1360
2023-10-26 13:03:17
1370
2023-10-26 13:03:57
1380
2023-10-26 13:04:42
1390
2023-10-26 13:05:19
1400
2023-10-26 13:06:03
elapsed:  5621.2  seconds
1410
2023-10-26 13:06:44
1420
2023-10-26 13:07:18
1430
2023-10-26 13:07:53
1440
2023-10-26 13:08:33
1450
2023-10-26 13:09:10
1460
2023-10-26 13:09:46
1470
2023-10-26 13:10:25
1480
2023-10-26 13:11:09
1490
2023-10-26 13:11:39
1500
2023-10-26 13:12:10
elapsed:  5988.5  seconds
1510
2023-10-26 13:12:52
1520
2023-10-26 13:13:33
1530
2023-10-26 13:14:10
1540
2023-10-26 13:14:56
1550
2023-10-26 13:15:39
1560
2023-10-26 13:16:22
1570
2023-10-26 13:17:04
1580
2023-10-26 13:17:51
1590
2023-10-26 13:18:39
1600
2023-10-26 13:19:23
elapsed:  6420.9  seconds
1610
2023-10-26 13:20:09
1620
2023-10-26 13:20:55
1630
2023-10-26 13:21:41
1640
2023-10-26 13:22:27
1650
2023-10-26 13:23:09
1660
2023-10-26 13:23:55
1670
2023-10-26 13:24:34
1680
2023-10-26 13:25:20
1690
2023-10-26 13:26:03
1700
2023-10-26 13:26:51
elapsed:  6869.0  seconds
1710
2023-10-26 13:27:36
1720
2023-10-26 13:28:17
1730
2023-10-26 13:29:01
1740
2023-10-26 13:29:55
1750
2023-10-26 13:30:37
1760
2023-10-26 13:31:22
1770
2023-10-26 13:32:05
1780
2023-10-26 13:32:48
1790
2023-10-26 13:33:31
1800
2023-10-26 13:34:16
elapsed:  7314.2  seconds
1810
2023-10-26 13:34:52
1820
2023-10-26 13:35:27
/projects/muyang@colostate.edu/software/anaconda/envs/testenv/lib/python3.11/site-packages/numpy/lib/function_base.py:2455: RuntimeWarning: divide by zero encountered in func (vectorized)
  outputs = ufunc(*inputs)
/projects/muyang@colostate.edu/software/anaconda/envs/testenv/lib/python3.11/site-packages/numpy/lib/function_base.py:2455: RuntimeWarning: invalid value encountered in func (vectorized)
  outputs = ufunc(*inputs)
1830
2023-10-26 13:36:11
1840
2023-10-26 13:36:59
1850
2023-10-26 13:37:41
1860
2023-10-26 13:38:26
1870
2023-10-26 13:39:11
1880
2023-10-26 13:39:54
1890
2023-10-26 13:40:37
1900
2023-10-26 13:41:20
elapsed:  7738.5  seconds
1910
2023-10-26 13:42:11
1920
2023-10-26 13:42:59
1930
2023-10-26 13:43:41
1940
2023-10-26 13:44:19
1950
2023-10-26 13:45:04
1960
2023-10-26 13:45:43
1970
2023-10-26 13:46:28
1980
2023-10-26 13:47:05
1990
2023-10-26 13:47:50
2000
2023-10-26 13:48:24
elapsed:  8162.3  seconds
2010
2023-10-26 13:49:03
2020
2023-10-26 13:49:45
2030
2023-10-26 13:50:27
2040
2023-10-26 13:51:02
2050
2023-10-26 13:51:47
2060
2023-10-26 13:52:34
2070
2023-10-26 13:53:13
2080
2023-10-26 13:53:57
2090
2023-10-26 13:54:42
2100
2023-10-26 13:55:25
elapsed:  8583.5  seconds
2110
2023-10-26 13:56:11
2120
2023-10-26 13:56:48
2130
2023-10-26 13:57:31
2140
2023-10-26 13:58:19
2150
2023-10-26 13:59:02
2160
2023-10-26 13:59:48
2170
2023-10-26 14:00:30
2180
2023-10-26 14:01:09
2190
2023-10-26 14:01:54
2200
2023-10-26 14:02:41
elapsed:  9019.5  seconds
2210
2023-10-26 14:03:26
2220
2023-10-26 14:04:03
2230
2023-10-26 14:04:45
2240
2023-10-26 14:05:23
2250
2023-10-26 14:06:05
2260
2023-10-26 14:06:46
2270
2023-10-26 14:07:22
2280
2023-10-26 14:07:58
2290
2023-10-26 14:08:34
2300
2023-10-26 14:09:11
elapsed:  9409.4  seconds
2310
2023-10-26 14:09:57
2320
2023-10-26 14:10:39
2330
2023-10-26 14:11:21
2340
2023-10-26 14:12:09
2350
2023-10-26 14:12:51
2360
2023-10-26 14:13:31
2370
2023-10-26 14:14:15
2380
2023-10-26 14:14:54
2390
2023-10-26 14:15:41
2400
2023-10-26 14:16:29
elapsed:  9847.1  seconds
2410
2023-10-26 14:17:17
2420
2023-10-26 14:18:00
2430
2023-10-26 14:18:41
2440
2023-10-26 14:19:20
2450
2023-10-26 14:20:02
2460
2023-10-26 14:20:46
2470
2023-10-26 14:21:23
2480
2023-10-26 14:22:09
2490
2023-10-26 14:22:53
2500
2023-10-26 14:23:36
elapsed:  10274.6  seconds
2510
2023-10-26 14:24:23
2520
2023-10-26 14:25:06
2530
2023-10-26 14:25:47
2540
2023-10-26 14:26:30
2550
2023-10-26 14:27:13
2560
2023-10-26 14:27:57
2570
2023-10-26 14:28:45
2580
2023-10-26 14:29:26
2590
2023-10-26 14:30:07
2600
2023-10-26 14:30:46
elapsed:  10704.5  seconds
2610
2023-10-26 14:31:32
2620
2023-10-26 14:32:08
2630
2023-10-26 14:32:44
2640
2023-10-26 14:33:24
2650
2023-10-26 14:34:04
2660
2023-10-26 14:34:44
2670
2023-10-26 14:35:18
2680
2023-10-26 14:36:09
2690
2023-10-26 14:36:49
2700
2023-10-26 14:37:26
elapsed:  11104.7  seconds
2710
2023-10-26 14:38:07
2720
2023-10-26 14:38:38
2730
2023-10-26 14:39:08
2740
2023-10-26 14:39:54
2750
2023-10-26 14:40:34
2760
2023-10-26 14:41:18
2770
2023-10-26 14:41:47
2780
2023-10-26 14:42:34
2790
2023-10-26 14:43:11
2800
2023-10-26 14:43:54
elapsed:  11492.1  seconds
2810
2023-10-26 14:44:42
2820
2023-10-26 14:45:24
2830
2023-10-26 14:46:13
2840
2023-10-26 14:46:58
2850
2023-10-26 14:47:40
2860
2023-10-26 14:48:28
2870
2023-10-26 14:49:10
2880
2023-10-26 14:49:49
2890
2023-10-26 14:50:38
2900
2023-10-26 14:51:24
elapsed:  11942.0  seconds
2910
2023-10-26 14:52:11
2920
2023-10-26 14:52:59
2930
2023-10-26 14:53:43
2940
2023-10-26 14:54:21
2950
2023-10-26 14:55:05
2960
2023-10-26 14:55:50
2970
2023-10-26 14:56:28
2980
2023-10-26 14:57:11
2990
2023-10-26 14:57:54
/projects/muyang@colostate.edu/software/anaconda/envs/testenv/lib/python3.11/site-packages/numpy/lib/function_base.py:2455: RuntimeWarning: divide by zero encountered in func (vectorized)
  outputs = ufunc(*inputs)
/projects/muyang@colostate.edu/software/anaconda/envs/testenv/lib/python3.11/site-packages/numpy/lib/function_base.py:2455: RuntimeWarning: invalid value encountered in func (vectorized)
  outputs = ufunc(*inputs)
/projects/muyang@colostate.edu/software/anaconda/envs/testenv/lib/python3.11/site-packages/numpy/lib/function_base.py:2455: RuntimeWarning: divide by zero encountered in func (vectorized)
  outputs = ufunc(*inputs)
/projects/muyang@colostate.edu/software/anaconda/envs/testenv/lib/python3.11/site-packages/numpy/lib/function_base.py:2455: RuntimeWarning: invalid value encountered in func (vectorized)
  outputs = ufunc(*inputs)
3000
2023-10-26 14:58:41
elapsed:  12379.8  seconds
3010
2023-10-26 14:59:24
3020
2023-10-26 15:00:07
3030
2023-10-26 15:00:56
3040
2023-10-26 15:01:35
3050
2023-10-26 15:02:19
3060
2023-10-26 15:02:59
3070
2023-10-26 15:03:41
3080
2023-10-26 15:04:24
3090
2023-10-26 15:05:08
3100
2023-10-26 15:05:50
elapsed:  12808.4  seconds
3110
2023-10-26 15:06:41
3120
2023-10-26 15:07:24
3130
2023-10-26 15:08:02
3140
2023-10-26 15:08:44
3150
2023-10-26 15:09:27
3160
2023-10-26 15:10:10
3170
2023-10-26 15:10:51
3180
2023-10-26 15:11:35
3190
2023-10-26 15:12:23
3200
2023-10-26 15:13:11
elapsed:  13249.8  seconds
3210
2023-10-26 15:13:54
3220
2023-10-26 15:14:40
3230
2023-10-26 15:15:22
3240
2023-10-26 15:16:07
3250
2023-10-26 15:16:54
3260
2023-10-26 15:17:32
3270
2023-10-26 15:18:10
3280
2023-10-26 15:18:49
3290
2023-10-26 15:19:29
3300
2023-10-26 15:20:15
elapsed:  13673.3  seconds
3310
2023-10-26 15:21:02
3320
2023-10-26 15:21:46
3330
2023-10-26 15:22:32
3340
2023-10-26 15:23:07
3350
2023-10-26 15:23:54
3360
2023-10-26 15:24:39
3370
2023-10-26 15:25:26
3380
2023-10-26 15:26:10
3390
2023-10-26 15:26:45
3400
2023-10-26 15:27:23
elapsed:  14101.0  seconds
3410
2023-10-26 15:28:08
3420
2023-10-26 15:28:49
3430
2023-10-26 15:29:34
3440
2023-10-26 15:30:10
3450
2023-10-26 15:30:53
3460
2023-10-26 15:31:40
3470
2023-10-26 15:32:26
3480
2023-10-26 15:33:07
3490
2023-10-26 15:33:51
3500
2023-10-26 15:34:33
elapsed:  14531.5  seconds
3510
2023-10-26 15:35:17
3520
2023-10-26 15:35:58
3530
2023-10-26 15:36:36
3540
2023-10-26 15:37:20
3550
2023-10-26 15:38:03
3560
2023-10-26 15:38:44
3570
2023-10-26 15:39:33
3580
2023-10-26 15:40:20
3590
2023-10-26 15:40:59
3600
2023-10-26 15:41:45
elapsed:  14963.6  seconds
3610
2023-10-26 15:42:31
3620
2023-10-26 15:43:11
3630
2023-10-26 15:43:58
3640
2023-10-26 15:44:42
3650
2023-10-26 15:45:29
3660
2023-10-26 15:46:13
3670
2023-10-26 15:46:58
3680
2023-10-26 15:47:45
3690
2023-10-26 15:48:23
3700
2023-10-26 15:49:06
elapsed:  15404.2  seconds
3710
2023-10-26 15:49:53
3720
2023-10-26 15:50:34
3730
2023-10-26 15:51:11
3740
2023-10-26 15:51:58
3750
2023-10-26 15:52:43
3760
2023-10-26 15:53:29
3770
2023-10-26 15:54:09
3780
2023-10-26 15:54:54
3790
2023-10-26 15:55:43
3800
2023-10-26 15:56:31
elapsed:  15849.1  seconds
3810
2023-10-26 15:57:17
3820
2023-10-26 15:58:03
3830
2023-10-26 15:58:47
3840
2023-10-26 15:59:29
3850
2023-10-26 16:00:17
3860
2023-10-26 16:00:55
3870
2023-10-26 16:01:36
3880
2023-10-26 16:02:19
3890
2023-10-26 16:03:00
3900
2023-10-26 16:03:46
elapsed:  16284.6  seconds
3910
2023-10-26 16:04:23
3920
2023-10-26 16:04:58
3930
2023-10-26 16:05:40
3940
2023-10-26 16:06:20
3950
2023-10-26 16:07:01
3960
2023-10-26 16:07:37
3970
2023-10-26 16:08:12
3980
2023-10-26 16:08:58
/projects/muyang@colostate.edu/software/anaconda/envs/testenv/lib/python3.11/site-packages/numpy/lib/function_base.py:2455: RuntimeWarning: divide by zero encountered in func (vectorized)
  outputs = ufunc(*inputs)
/projects/muyang@colostate.edu/software/anaconda/envs/testenv/lib/python3.11/site-packages/numpy/lib/function_base.py:2455: RuntimeWarning: invalid value encountered in func (vectorized)
  outputs = ufunc(*inputs)
3990
2023-10-26 16:09:39
4000
2023-10-26 16:10:22
elapsed:  16680.5  seconds
4010
2023-10-26 16:11:01
4020
2023-10-26 16:11:32
4030
2023-10-26 16:12:12
4040
2023-10-26 16:12:59
4050
2023-10-26 16:13:41
4060
2023-10-26 16:14:24
4070
2023-10-26 16:15:08
/projects/muyang@colostate.edu/software/anaconda/envs/testenv/lib/python3.11/site-packages/numpy/lib/function_base.py:2455: RuntimeWarning: divide by zero encountered in func (vectorized)
  outputs = ufunc(*inputs)
/projects/muyang@colostate.edu/software/anaconda/envs/testenv/lib/python3.11/site-packages/numpy/lib/function_base.py:2455: RuntimeWarning: invalid value encountered in func (vectorized)
  outputs = ufunc(*inputs)
4080
2023-10-26 16:15:51
4090
2023-10-26 16:16:37
4100
2023-10-26 16:17:14
elapsed:  17092.2  seconds
4110
2023-10-26 16:18:02
4120
2023-10-26 16:18:47
4130
2023-10-26 16:19:31
4140
2023-10-26 16:20:19
4150
2023-10-26 16:21:02
4160
2023-10-26 16:21:43
4170
2023-10-26 16:22:30
4180
2023-10-26 16:23:15
4190
2023-10-26 16:23:54
4200
2023-10-26 16:24:38
elapsed:  17536.0  seconds
4210
2023-10-26 16:25:18
4220
2023-10-26 16:26:01
4230
2023-10-26 16:26:47
4240
2023-10-26 16:27:27
4250
2023-10-26 16:28:11
/projects/muyang@colostate.edu/software/anaconda/envs/testenv/lib/python3.11/site-packages/numpy/lib/function_base.py:2455: RuntimeWarning: divide by zero encountered in func (vectorized)
  outputs = ufunc(*inputs)
/projects/muyang@colostate.edu/software/anaconda/envs/testenv/lib/python3.11/site-packages/numpy/lib/function_base.py:2455: RuntimeWarning: invalid value encountered in func (vectorized)
  outputs = ufunc(*inputs)
4260
2023-10-26 16:28:57
4270
2023-10-26 16:29:41
4280
2023-10-26 16:30:24
4290
2023-10-26 16:31:09
4300
2023-10-26 16:31:46
elapsed:  17964.0  seconds
4310
2023-10-26 16:32:29
4320
2023-10-26 16:33:10
4330
2023-10-26 16:33:56
4340
2023-10-26 16:34:33
4350
2023-10-26 16:35:13
4360
2023-10-26 16:35:52
4370
2023-10-26 16:36:36
4380
2023-10-26 16:37:21
4390
2023-10-26 16:38:03
4400
2023-10-26 16:38:43
elapsed:  18380.9  seconds
4410
2023-10-26 16:39:25
4420
2023-10-26 16:40:11
4430
2023-10-26 16:40:55
4440
2023-10-26 16:41:38
4450
2023-10-26 16:42:17
4460
2023-10-26 16:42:57
4470
2023-10-26 16:43:42
4480
2023-10-26 16:44:22
4490
2023-10-26 16:45:04
4500
2023-10-26 16:45:49
elapsed:  18807.6  seconds
4510
2023-10-26 16:46:35
4520
2023-10-26 16:47:20
4530
2023-10-26 16:48:02
4540
2023-10-26 16:48:53
4550
2023-10-26 16:49:43
4560
2023-10-26 16:50:26
4570
2023-10-26 16:51:11
4580
2023-10-26 16:51:51
4590
2023-10-26 16:52:37
4600
2023-10-26 16:53:20
elapsed:  19258.5  seconds
4610
2023-10-26 16:53:59
4620
2023-10-26 16:54:39
4630
2023-10-26 16:55:22
4640
2023-10-26 16:56:15
4650
2023-10-26 16:56:56
4660
2023-10-26 16:57:37
4670
2023-10-26 16:58:16
4680
2023-10-26 16:58:57
4690
2023-10-26 16:59:41
4700
2023-10-26 17:00:22
elapsed:  19679.9  seconds
4710
2023-10-26 17:01:00
4720
2023-10-26 17:01:37
4730
2023-10-26 17:02:13
4740
2023-10-26 17:02:51
4750
2023-10-26 17:03:20
4760
2023-10-26 17:03:59
4770
2023-10-26 17:04:36
4780
2023-10-26 17:05:15
4790
2023-10-26 17:06:01
4800
2023-10-26 17:06:35
elapsed:  20053.0  seconds
4810
2023-10-26 17:07:15
4820
2023-10-26 17:07:54
4830
2023-10-26 17:08:28
4840
2023-10-26 17:09:03
4850
2023-10-26 17:09:41
/projects/muyang@colostate.edu/software/anaconda/envs/testenv/lib/python3.11/site-packages/numpy/lib/function_base.py:2455: RuntimeWarning: divide by zero encountered in func (vectorized)
  outputs = ufunc(*inputs)
/projects/muyang@colostate.edu/software/anaconda/envs/testenv/lib/python3.11/site-packages/numpy/lib/function_base.py:2455: RuntimeWarning: invalid value encountered in func (vectorized)
  outputs = ufunc(*inputs)
4860
2023-10-26 17:10:21
4870
2023-10-26 17:11:01
4880
2023-10-26 17:11:42
4890
2023-10-26 17:12:23
4900
2023-10-26 17:13:06
elapsed:  20444.1  seconds
4910
2023-10-26 17:13:51
4920
2023-10-26 17:14:34
4930
2023-10-26 17:15:12
4940
2023-10-26 17:15:59
4950
2023-10-26 17:16:41
4960
2023-10-26 17:17:22
4970
2023-10-26 17:17:54
4980
2023-10-26 17:18:26
4990
2023-10-26 17:18:58
5000
2023-10-26 17:19:39
elapsed:  20837.7  seconds
5010
2023-10-26 17:20:25
5020
2023-10-26 17:21:05
5030
2023-10-26 17:21:44
5040
2023-10-26 17:22:17
5050
2023-10-26 17:22:49
5060
2023-10-26 17:23:21
5070
2023-10-26 17:23:55
5080
2023-10-26 17:24:35
5090
2023-10-26 17:25:18
5100
2023-10-26 17:26:08
elapsed:  21226.1  seconds
5110
2023-10-26 17:26:53
5120
2023-10-26 17:27:42
5130
2023-10-26 17:28:25
5140
2023-10-26 17:29:13
5150
2023-10-26 17:30:03
5160
2023-10-26 17:30:41
5170
2023-10-26 17:31:28
5180
2023-10-26 17:32:18
5190
2023-10-26 17:33:00
5200
2023-10-26 17:33:42
elapsed:  21680.0  seconds
5210
2023-10-26 17:34:29
5220
2023-10-26 17:35:16
5230
2023-10-26 17:35:54
5240
2023-10-26 17:36:29
5250
2023-10-26 17:37:02
5260
2023-10-26 17:37:37
5270
2023-10-26 17:38:19
5280
2023-10-26 17:39:03
5290
2023-10-26 17:39:42
5300
2023-10-26 17:40:33
elapsed:  22091.4  seconds
5310
2023-10-26 17:41:22
5320
2023-10-26 17:42:05
5330
2023-10-26 17:42:50
5340
2023-10-26 17:43:35
5350
2023-10-26 17:44:18
5360
2023-10-26 17:45:03
5370
2023-10-26 17:45:44
5380
2023-10-26 17:46:27
/projects/muyang@colostate.edu/software/anaconda/envs/testenv/lib/python3.11/site-packages/numpy/lib/function_base.py:2455: RuntimeWarning: divide by zero encountered in func (vectorized)
  outputs = ufunc(*inputs)
/projects/muyang@colostate.edu/software/anaconda/envs/testenv/lib/python3.11/site-packages/numpy/lib/function_base.py:2455: RuntimeWarning: invalid value encountered in func (vectorized)
  outputs = ufunc(*inputs)
5390
2023-10-26 17:47:14
5400
2023-10-26 17:48:01
elapsed:  22539.4  seconds
5410
2023-10-26 17:48:46
5420
2023-10-26 17:49:34
5430
2023-10-26 17:50:19
5440
2023-10-26 17:51:07
5450
2023-10-26 17:51:40
5460
2023-10-26 17:52:12
5470
2023-10-26 17:52:53
5480
2023-10-26 17:53:25
5490
2023-10-26 17:54:12
5500
2023-10-26 17:54:53
elapsed:  22951.6  seconds
5510
2023-10-26 17:55:37
5520
2023-10-26 17:56:21
5530
2023-10-26 17:57:02
5540
2023-10-26 17:57:49
5550
2023-10-26 17:58:33
5560
2023-10-26 17:59:20
5570
2023-10-26 18:00:02
5580
2023-10-26 18:00:42
5590
2023-10-26 18:01:28
5600
2023-10-26 18:02:08
elapsed:  23386.5  seconds
5610
2023-10-26 18:02:52
5620
2023-10-26 18:03:37
/projects/muyang@colostate.edu/software/anaconda/envs/testenv/lib/python3.11/site-packages/numpy/lib/function_base.py:2455: RuntimeWarning: divide by zero encountered in func (vectorized)
  outputs = ufunc(*inputs)
/projects/muyang@colostate.edu/software/anaconda/envs/testenv/lib/python3.11/site-packages/numpy/lib/function_base.py:2455: RuntimeWarning: invalid value encountered in func (vectorized)
  outputs = ufunc(*inputs)
5630
2023-10-26 18:04:22
5640
2023-10-26 18:05:04
5650
2023-10-26 18:05:49
5660
2023-10-26 18:06:34
5670
2023-10-26 18:07:20
5680
2023-10-26 18:08:03
5690
2023-10-26 18:08:47
5700
2023-10-26 18:09:33
elapsed:  23831.4  seconds
5710
2023-10-26 18:10:20
5720
2023-10-26 18:11:01
5730
2023-10-26 18:11:41
5740
2023-10-26 18:12:24
5750
2023-10-26 18:13:08
5760
2023-10-26 18:13:48
5770
2023-10-26 18:14:27
5780
2023-10-26 18:15:07
5790
2023-10-26 18:15:36
5800
2023-10-26 18:16:14
elapsed:  24232.6  seconds
5810
2023-10-26 18:16:58
5820
2023-10-26 18:17:38
5830
2023-10-26 18:18:16
5840
2023-10-26 18:18:53
5850
2023-10-26 18:19:33
5860
2023-10-26 18:20:16
5870
2023-10-26 18:20:56
5880
2023-10-26 18:21:40
5890
2023-10-26 18:22:25
5900
2023-10-26 18:23:09
elapsed:  24647.0  seconds
5910
2023-10-26 18:23:58
5920
2023-10-26 18:24:38
5930
2023-10-26 18:25:23
5940
2023-10-26 18:26:08
5950
2023-10-26 18:26:54
5960
2023-10-26 18:27:38
5970
2023-10-26 18:28:11
5980
2023-10-26 18:28:52
5990
2023-10-26 18:29:34
6000
2023-10-26 18:30:17
elapsed:  25075.5  seconds
6010
2023-10-26 18:31:01
6020
2023-10-26 18:31:40
6030
2023-10-26 18:32:19
6040
2023-10-26 18:33:00
6050
2023-10-26 18:33:41
6060
2023-10-26 18:34:15
6070
2023-10-26 18:34:51
6080
2023-10-26 18:35:39
6090
2023-10-26 18:36:23
6100
2023-10-26 18:37:07
elapsed:  25485.0  seconds
6110
2023-10-26 18:37:50
6120
2023-10-26 18:38:38
6130
2023-10-26 18:39:16
6140
2023-10-26 18:39:59
6150
2023-10-26 18:40:35
6160
2023-10-26 18:41:12
6170
2023-10-26 18:41:54
6180
2023-10-26 18:42:36
6190
2023-10-26 18:43:20
6200
2023-10-26 18:44:03
elapsed:  25901.0  seconds
6210
2023-10-26 18:44:49
6220
2023-10-26 18:45:32
6230
2023-10-26 18:46:13
6240
2023-10-26 18:46:47
6250
2023-10-26 18:47:23
6260
2023-10-26 18:48:06
6270
2023-10-26 18:48:47
6280
2023-10-26 18:49:24
6290
2023-10-26 18:50:05
6300
2023-10-26 18:50:45
elapsed:  26303.3  seconds
6310
2023-10-26 18:51:26
6320
2023-10-26 18:52:05
6330
2023-10-26 18:52:47
6340
2023-10-26 18:53:26
6350
2023-10-26 18:54:06
6360
2023-10-26 18:54:39
6370
2023-10-26 18:55:18
6380
2023-10-26 18:56:02
6390
2023-10-26 18:56:42
6400
2023-10-26 18:57:27
elapsed:  26705.2  seconds
6410
2023-10-26 18:58:16
6420
2023-10-26 18:58:55
6430
2023-10-26 18:59:38
6440
2023-10-26 19:00:18
6450
2023-10-26 19:01:07
6460
2023-10-26 19:01:48
6470
2023-10-26 19:02:30
6480
2023-10-26 19:03:10
6490
2023-10-26 19:03:48
6500
2023-10-26 19:04:21
elapsed:  27119.4  seconds
6510
2023-10-26 19:05:02
6520
2023-10-26 19:05:46
6530
2023-10-26 19:06:20
6540
2023-10-26 19:06:53
6550
2023-10-26 19:07:28
6560
2023-10-26 19:08:09
6570
2023-10-26 19:08:48
6580
2023-10-26 19:09:36
6590
2023-10-26 19:10:15
6600
2023-10-26 19:11:02
elapsed:  27519.9  seconds
6610
2023-10-26 19:11:45
6620
2023-10-26 19:12:21
6630
2023-10-26 19:12:58
6640
2023-10-26 19:13:44
6650
2023-10-26 19:14:31
6660
2023-10-26 19:15:10
6670
2023-10-26 19:15:50
6680
2023-10-26 19:16:29
6690
2023-10-26 19:16:59
6700
2023-10-26 19:17:41
elapsed:  27919.2  seconds
6710
2023-10-26 19:18:23
6720
2023-10-26 19:19:09
6730
2023-10-26 19:19:54
6740
2023-10-26 19:20:42
6750
2023-10-26 19:21:31
6760
2023-10-26 19:22:17
6770
2023-10-26 19:22:59
6780
2023-10-26 19:23:49
6790
2023-10-26 19:24:32
6800
2023-10-26 19:25:15
elapsed:  28373.3  seconds
6810
2023-10-26 19:26:01
6820
2023-10-26 19:26:44
6830
2023-10-26 19:27:21
6840
2023-10-26 19:28:12
6850
2023-10-26 19:28:52
6860
2023-10-26 19:29:33
6870
2023-10-26 19:30:19
6880
2023-10-26 19:31:05
6890
2023-10-26 19:31:50
6900
2023-10-26 19:32:32
elapsed:  28810.0  seconds
6910
2023-10-26 19:33:14
6920
2023-10-26 19:34:00
6930
2023-10-26 19:34:37
6940
2023-10-26 19:35:22
6950
2023-10-26 19:36:04
6960
2023-10-26 19:36:44
6970
2023-10-26 19:37:23
6980
2023-10-26 19:38:03
6990
2023-10-26 19:38:47
7000
2023-10-26 19:39:27
elapsed:  29224.8  seconds
7010
2023-10-26 19:40:09
7020
2023-10-26 19:40:54
7030
2023-10-26 19:41:31
7040
2023-10-26 19:42:14
7050
2023-10-26 19:42:52
7060
2023-10-26 19:43:38
7070
2023-10-26 19:44:15
7080
2023-10-26 19:44:57
7090
2023-10-26 19:45:40
7100
2023-10-26 19:46:14
elapsed:  29632.3  seconds
7110
2023-10-26 19:47:02
7120
2023-10-26 19:47:45
7130
2023-10-26 19:48:29
7140
2023-10-26 19:49:15
7150
2023-10-26 19:49:54
7160
2023-10-26 19:50:46
7170
2023-10-26 19:51:28
7180
2023-10-26 19:52:11
7190
2023-10-26 19:52:50
7200
2023-10-26 19:53:25
elapsed:  30063.1  seconds
7210
2023-10-26 19:53:56
7220
2023-10-26 19:54:39
7230
2023-10-26 19:55:26
7240
2023-10-26 19:56:11
7250
2023-10-26 19:56:51
7260
2023-10-26 19:57:34
7270
2023-10-26 19:58:15
7280
2023-10-26 19:58:57
7290
2023-10-26 19:59:39
7300
2023-10-26 20:00:18
elapsed:  30475.9  seconds
7310
2023-10-26 20:01:07
7320
2023-10-26 20:01:48
7330
2023-10-26 20:02:26
7340
2023-10-26 20:03:12
7350
2023-10-26 20:03:48
7360
2023-10-26 20:04:33
7370
2023-10-26 20:05:14
7380
2023-10-26 20:05:54
7390
2023-10-26 20:06:41
7400
2023-10-26 20:07:20
elapsed:  30898.6  seconds
7410
2023-10-26 20:08:04
7420
2023-10-26 20:08:51
7430
2023-10-26 20:09:35
7440
2023-10-26 20:10:19
7450
2023-10-26 20:11:01
7460
2023-10-26 20:11:45
7470
2023-10-26 20:12:24
7480
2023-10-26 20:13:06
7490
2023-10-26 20:13:53
7500
2023-10-26 20:14:32
elapsed:  31330.3  seconds
7510
2023-10-26 20:15:24
7520
2023-10-26 20:16:01
7530
2023-10-26 20:16:42
7540
2023-10-26 20:17:22
7550
2023-10-26 20:18:04
7560
2023-10-26 20:18:47
7570
2023-10-26 20:19:29
7580
2023-10-26 20:20:04
7590
2023-10-26 20:20:42
7600
2023-10-26 20:21:10
elapsed:  31728.3  seconds
7610
2023-10-26 20:21:47
7620
2023-10-26 20:22:28
7630
2023-10-26 20:23:11
7640
2023-10-26 20:23:42
7650
2023-10-26 20:24:17
7660
2023-10-26 20:24:58
7670
2023-10-26 20:25:35
7680
2023-10-26 20:26:17
7690
2023-10-26 20:27:03
7700
2023-10-26 20:27:51
elapsed:  32129.7  seconds
7710
2023-10-26 20:28:39
7720
2023-10-26 20:29:19
7730
2023-10-26 20:29:59
7740
2023-10-26 20:30:42
7750
2023-10-26 20:31:24
7760
2023-10-26 20:32:16
7770
2023-10-26 20:33:00
7780
2023-10-26 20:33:51
7790
2023-10-26 20:34:37
7800
2023-10-26 20:35:22
elapsed:  32580.0  seconds
7810
2023-10-26 20:36:10
7820
2023-10-26 20:36:49
7830
2023-10-26 20:37:29
7840
2023-10-26 20:38:01
7850
2023-10-26 20:38:50
7860
2023-10-26 20:39:29
7870
2023-10-26 20:40:10
7880
2023-10-26 20:41:01
7890
2023-10-26 20:41:43
7900
2023-10-26 20:42:27
elapsed:  33005.4  seconds
7910
2023-10-26 20:43:14
7920
2023-10-26 20:44:00
7930
2023-10-26 20:44:41
7940
2023-10-26 20:45:23
7950
2023-10-26 20:46:09
7960
2023-10-26 20:46:48
7970
2023-10-26 20:47:32
7980
2023-10-26 20:48:10
7990
2023-10-26 20:48:57
elapsed:  33433.1  seconds
total time:  33438.6  seconds
true R:  [[2.08044915e+00 8.82824972e+01 1.40461728e-01 4.82246077e-01
  6.14313290e-01 6.22879132e-01 2.52490903e+00 4.53444941e-01
  3.16995522e-01 2.15184456e-01 1.20093355e+01 1.18919289e+00
  2.97041437e+02 3.38934594e+00 5.33364074e+00 5.46284215e+01
  4.54025064e+00 3.62570730e+01 1.92555574e-01 1.99740712e+00
  1.06121316e+00 1.91171084e+01 3.36751166e-01 3.59716754e-01
  4.93922509e+00 1.94416669e-01 8.97709493e+01 2.89941887e-01
  2.10824878e-01 3.58746400e+02 2.16921705e-01 1.59957347e+01
  1.60051657e+00 4.88439396e-01 2.94477329e+00 1.57711311e+00
  1.55673738e+00 1.12828312e+01 1.06924980e+00 7.89245425e-01
  1.68207415e+00 1.97921940e-01 1.09858502e-01 2.49937983e+01
  8.74987157e+00 2.53297532e-01 9.18997806e-01 5.82862768e-02
  1.01736284e+01 2.90015058e-01 1.34804800e+00 1.12390985e+00
  9.47156707e-01 3.05288410e+00 7.71101517e-01 3.87454490e-01
  2.63197122e-01 3.17283079e+00 2.72832100e-01 5.65147729e-01
  8.30844402e+02 7.17539130e-01 4.63871897e-01 6.96664628e-01]
 [9.23926640e-01 1.97534110e+00 4.83343657e+01 6.67592490e+00
  9.93927017e-02 3.30024962e+00 4.79947128e-01 2.56203431e+00
  5.65383022e+02 4.48925903e-02 3.90377914e+01 1.18880443e-01
  1.55565633e-01 3.50692860e+01 4.46883766e-01 4.67950187e-01
  5.79944693e-01 7.07381473e-01 1.94237567e+00 1.41030270e+02
  2.21549015e+00 4.47976372e+02 1.62094295e-01 1.58263379e+00
  4.52596398e-02 8.42391750e-01 7.73521354e+00 1.79309025e+00
  9.02393263e+00 3.32155131e-01 1.03671277e+01 1.79007587e+00
  2.03456155e-01 4.60306604e-01 4.87513416e+02 1.59144446e+01
  3.10812755e+00 3.62973410e-01 1.28586497e+00 7.48925418e-01
  4.22630262e+00 1.34845340e+00 3.39945182e-01 4.83154414e-01
  7.93651464e-01 1.12606612e+01 1.08205667e+00 1.43142362e+00
  7.99732708e-01 6.12394555e+01 8.99741303e-01 4.79504015e-01
  6.73454944e-01 1.45807291e+00 2.76596076e+02 3.02392072e+00
  1.67221194e+02 4.87881173e-01 1.54360510e-01 6.49836780e+00
  2.59517177e+00 5.33906289e-01 1.60709003e+00 3.77373274e-01]
 [5.97295016e-01 1.83492084e-01 4.51643136e-01 2.44566255e+00
  6.68440844e+00 2.19113208e-01 2.28319764e-01 9.39995074e-01
  5.06749786e+04 4.49339135e-01 5.72284303e-01 1.17205817e-01
  1.52010116e+00 2.86151620e+01 2.29732829e+00 1.62655487e+01
  5.71192423e-01 3.17900010e-01 1.77087801e-01 1.21022692e-01
  1.98319582e-01 6.72792695e-01 7.51081111e+00 8.84404437e-01
  6.63669020e-01 3.29337104e-01 2.46005322e-01 1.51524278e+00
  2.81390157e-01 2.16813212e+00 1.15392375e-01 2.23095213e+03
  2.69859637e-01 6.59661513e-01 1.84138696e-01 5.45127746e-01
  8.83857401e-01 4.11454440e+00 2.17967676e-01 4.89140122e-01
  4.90420651e-01 3.64515032e-01 1.71272178e+01 6.56319338e-01
  7.35909520e+00 2.67400342e+00 3.01542350e+00 2.40882632e-01
  1.21368664e+00 2.39535228e+01 1.33292375e+02 2.55502938e+00
  8.30898998e+00 1.51171358e-01 3.17528886e-01 1.26270083e+02
  3.16371487e-01 8.23773834e+00 5.15126495e-01 5.56993953e+00
  3.15955943e+00 7.34041159e-01 1.07734986e+02 2.19480192e+00]
 [3.47657162e-01 3.71500557e+00 5.51978115e+01 2.59806408e-01
  1.90855778e+01 1.69954748e-01 7.21196855e+00 3.76050904e-01
  1.38582661e+01 1.58442650e-01 9.00090532e-02 4.95876995e+00
  9.00286976e-02 6.40158286e+00 2.34958506e-01 1.31531940e-01
  2.46903845e-01 3.95969177e+02 1.94898099e+00 1.09528529e+00
  4.21190974e+00 5.46033564e+00 1.82126774e-01 1.92679899e+00
  1.08609323e+00 7.39423671e+00 1.79600281e+00 1.92770688e-01
  6.23633034e+00 3.11756039e-01 1.53862645e+00 3.13594338e+01
  4.15688406e+01 4.02010232e-01 1.81162063e+02 2.35100884e+01
  2.20955882e+01 2.56633169e+00 2.41736120e-01 8.47436943e-01
  3.25735343e-01 1.95353093e+00 6.94000517e-01 4.21685021e+01
  2.38885132e+00 2.21357463e+00 3.41509702e-01 5.62498094e-01
  2.39884665e-01 7.57627880e+00 1.18126464e+00 6.78107718e-01
  7.06381913e-01 7.80017838e-01 3.57164660e-01 1.19089359e+01
  6.57369178e+00 6.09308688e-01 1.04038339e+00 9.86980030e-01
  4.51485463e+00 1.22271999e+01 4.92801453e+01 6.85313258e-01]
 [3.55339347e+00 1.33614514e+00 3.42678445e-01 2.81406847e-01
  5.60518074e-01 1.59306255e+00 2.97412710e-01 2.75087008e-01
  2.35615096e+00 4.62757942e-02 3.00769626e+00 9.78033977e+00
  4.02150218e+00 1.51999899e+00 8.26732360e+00 4.69889045e+00
  4.78615069e-01 4.02019972e-01 3.04462041e-01 5.36546004e+00
  1.31391324e-01 9.11352971e-01 3.54528629e+01 1.46630249e+00
  9.07471039e+00 2.23727395e+02 4.47442862e+00 5.15694519e-01
  1.00918146e-01 5.06292742e-01 3.88594662e-01 6.94457819e+00
  1.55737793e+01 7.65981701e+00 2.07046710e+00 3.91640054e-01
  1.02471783e+00 3.93856131e-01 5.35971124e-01 1.95229374e+00
  4.94703529e-01 2.58523686e+01 7.48064490e-01 9.08987301e-01
  7.16630246e+00 3.22734201e+03 1.25995733e+00 1.85017817e+00
  2.93652634e+01 2.44198947e+00 4.07424037e+00 7.34747624e+00
  5.62053554e-01 9.28591118e-01 3.27745061e+03 2.21198635e+00
  2.41589736e+00 1.64845819e-01 1.08543286e+00 6.62445127e+04
  1.82862818e+00 2.48692516e-01 1.21200611e+01 2.18270734e-01]
 [2.70866316e+01 1.90867539e+01 3.25940376e+03 1.20231503e+02
  3.40945878e-01 6.77127835e-01 3.04272269e-01 5.91862825e-01
  5.85683760e+00 1.55281439e-01 1.92086912e-01 2.10379535e+00
  1.13998813e+01 1.93210826e+00 6.29709405e-01 7.66689177e-01
  1.12623199e+01 9.01528203e+00 9.92477335e+01 4.87653373e+00
  5.96194794e+00 7.14297145e+00 1.60232330e+00 5.81362431e-02
  1.49990010e+00 2.32386717e-01 4.16619408e+00 2.40793090e-01
  1.15621842e+00 2.86840747e+01 4.90909005e-01 8.84656749e+01
  5.42292881e-01 4.20688210e+00 3.81904749e+00 4.00185702e+00
  4.68942861e-01 1.87584438e-01 2.24513228e+00 7.43111372e-01
  4.61998654e-01 2.93425779e-01 3.05893152e-01 6.04902966e-01
  9.83718962e+00 1.57699948e+00 4.45249345e+00 2.23127355e+02
  7.20284739e-01 3.65261840e-01 7.51670427e-01 1.63520808e-01
  1.23053678e+00 4.76182578e+01 2.40091967e+00 4.33988806e+01
  5.12453829e-01 2.07577115e-01 4.02317988e-01 1.07786588e+00
  6.26756361e+01 4.57885805e-01 3.21493896e+00 1.89725069e+00]
 [7.17172268e-01 2.37441688e+03 4.73135758e-01 1.72240906e-01
  3.75732777e-01 1.37427478e+00 1.92559904e-01 6.32184880e-01
  8.68690313e+00 1.95420958e+00 3.95631409e-01 5.70423975e+01
  2.05742049e-01 4.57900149e+00 3.03031527e-01 1.00530688e+02
  2.53592931e+00 9.59297509e+00 6.78732086e-01 1.53123951e+00
  6.32119890e-01 2.52518112e-01 9.86598134e-01 5.39833601e+00
  1.73397031e+00 1.96016236e+00 2.52314682e+00 4.94908666e+00
  7.70270587e-02 2.19409588e+00 2.01281422e+01 1.06304252e+03
  1.22782151e+00 8.01500063e-01 6.83369172e+00 3.97262286e+00
  9.09111195e-01 5.74442861e-01 1.08855550e+00 1.74946369e+00
  6.89050715e-01 2.12908945e-01 6.15027092e+00 8.92669657e-01
  5.58649814e-01 5.66931768e-01 4.08756741e-01 1.46700144e+01
  1.04328525e+04 5.37623843e+02 4.59586445e+00 1.01136645e+02
  2.68191532e-01 9.33998562e-02 5.43192222e-02 1.56278392e+00
  4.91651457e-01 7.88954358e+00 7.66454947e+00 2.88905000e+01
  1.18564683e+00 2.82738857e+01 1.05061735e-01 4.02654114e+00]
 [3.25713355e-01 3.55371415e+00 2.37080933e+00 1.79790377e+00
  3.91170179e-01 8.50954556e-01 2.41120871e+00 1.56907524e+00
  2.94029904e-01 3.43261047e-01 1.07960637e+01 1.01154213e+01
  3.58430353e-01 1.02674643e-01 2.90898813e-01 6.84267391e-01
  2.38719334e+00 7.13859485e-01 6.22005486e+00 8.83629191e-01
  3.19858319e+00 2.05715914e-01 1.25670244e+00 2.77719422e-01
  3.02999630e-01 1.45940059e+03 4.53074765e-01 1.54849545e+01
  9.75040095e-01 6.88030490e+01 6.06601249e-01 1.47077357e+00
  4.43547800e-01 7.29461097e-01 8.43754885e-01 1.11996185e-01
  6.84102917e+01 4.67498970e+00 2.26994105e-01 8.05246050e-01
  7.62000534e-01 1.59488783e+01 2.78598512e+00 1.83346435e-01
  9.00239459e-01 1.99250923e+00 3.25912456e-01 2.39473878e-01
  5.43541386e+00 4.08538605e-01 3.95001171e+01 1.83820307e+01
  6.89240254e-01 1.14822719e+00 2.08264206e-01 6.31946205e-01
  2.25769697e+00 2.96140620e+00 7.21684140e-01 1.59312650e+01
  4.98143335e+00 2.85302335e-01 3.18254428e-01 5.00193318e-01]
 [9.45142557e+01 1.64139119e+02 4.53757381e-01 9.68652104e-01
  2.54075546e+00 8.80634028e-01 1.24156299e+01 2.38003463e-01
  2.87016482e+01 4.67146870e+00 2.99137320e-01 5.19602477e+01
  1.27623479e+00 3.06410877e+02 2.49361654e-01 2.08946661e-01
  6.24598391e-01 3.94763481e-01 5.79430176e+01 4.07989834e-01
  3.92114304e-02 4.85355720e-01 2.43342881e+00 2.37408372e+01
  7.78402154e-01 4.20327164e+00 3.63775300e+00 7.23046902e-01
  4.36818982e-01 1.31467100e-01 1.11839270e-01 1.58354995e+00
  7.12944081e-01 1.79241047e+00 5.96573904e+01 6.20220145e-01
  8.24244382e-01 4.06004574e-02 3.39071692e-01 4.60702459e+00
  7.96769682e-01 1.43574856e-01 4.76209103e+00 3.02240181e-01
  2.14610079e+01 1.09543436e+00 1.08296393e+00 3.43791410e+00
  8.10376323e-01 3.44628584e+01 3.22313054e-01 6.17315010e+00
  1.37301458e-01 1.97910340e+00 6.52657160e+00 4.70980266e+02
  1.07388071e-01 4.16055012e-01 6.62293723e-01 1.44980721e-01
  1.66318292e-01 2.90703332e-01 5.99090528e-01 4.67306938e-01]]
