--------------------------------------------------------------------------
No OpenFabrics connection schemes reported that they were able to be
used on a specific port.  As such, the openib BTL (OpenFabrics
support) will be disabled for this port.

  Local host:           c3cpu-a2-u5-3
  Local device:         mlx5_0
  Local port:           1
  CPCs attempted:       rdmacm, udcm
--------------------------------------------------------------------------
[c3cpu-a2-u5-3.rc.int.colorado.edu:1383381] 63 more processes have sent help message help-mpi-btl-openib-cpc-base.txt / no cpcs for port
[c3cpu-a2-u5-3.rc.int.colorado.edu:1383381] Set MCA parameter "orte_base_help_aggregate" to 0 to see all help / error messages
1
50
2023-11-17 16:00:38
100
2023-11-17 16:02:45
elapsed:  249.4  seconds
150
2023-11-17 16:04:56
200
2023-11-17 16:07:05
elapsed:  509.3  seconds
250
2023-11-17 16:09:14
300
2023-11-17 16:11:25
elapsed:  769.6  seconds
350
2023-11-17 16:13:38
400
2023-11-17 16:15:50
elapsed:  1034.4  seconds
450
2023-11-17 16:18:05
/projects/muyang@colostate.edu/software/anaconda/envs/alpine_MCMC/lib/python3.11/site-packages/numpy/lib/function_base.py:2412: RuntimeWarning: divide by zero encountered in func (vectorized)
  outputs = ufunc(*inputs)
/projects/muyang@colostate.edu/software/anaconda/envs/alpine_MCMC/lib/python3.11/site-packages/numpy/lib/function_base.py:2412: RuntimeWarning: invalid value encountered in func (vectorized)
  outputs = ufunc(*inputs)
500
2023-11-17 16:20:18
elapsed:  1302.9  seconds
550
2023-11-17 16:22:33
600
2023-11-17 16:24:47
elapsed:  1572.2  seconds
650
2023-11-17 16:27:07
/projects/muyang@colostate.edu/software/anaconda/envs/alpine_MCMC/lib/python3.11/site-packages/numpy/lib/function_base.py:2412: RuntimeWarning: divide by zero encountered in func (vectorized)
  outputs = ufunc(*inputs)
/projects/muyang@colostate.edu/software/anaconda/envs/alpine_MCMC/lib/python3.11/site-packages/numpy/lib/function_base.py:2412: RuntimeWarning: invalid value encountered in func (vectorized)
  outputs = ufunc(*inputs)
700
2023-11-17 16:29:23
elapsed:  1847.9  seconds
750
2023-11-17 16:31:39
800
2023-11-17 16:33:54
elapsed:  2119.2  seconds
850
2023-11-17 16:36:12
900
2023-11-17 16:38:28
elapsed:  2392.4  seconds
950
2023-11-17 16:40:44
1000
2023-11-17 16:42:59
elapsed:  2663.7  seconds
1050
2023-11-17 16:45:15
1100
2023-11-17 16:47:31
elapsed:  2935.9  seconds
1150
2023-11-17 16:49:48
1200
2023-11-17 16:52:03
elapsed:  3207.4  seconds
1250
2023-11-17 16:54:19
1300
2023-11-17 16:56:34
elapsed:  3478.6  seconds
1350
2023-11-17 16:58:51
1400
2023-11-17 17:01:06
elapsed:  3751.2  seconds
1450
2023-11-17 17:03:23
1500
2023-11-17 17:05:40
elapsed:  4025.0  seconds
1550
2023-11-17 17:07:59
1600
2023-11-17 17:10:14
elapsed:  4298.8  seconds
1650
2023-11-17 17:12:32
1700
2023-11-17 17:14:48
elapsed:  4573.0  seconds
1750
2023-11-17 17:17:07
1800
2023-11-17 17:19:23
elapsed:  4847.5  seconds
1850
2023-11-17 17:21:39
1900
2023-11-17 17:23:54
elapsed:  5118.7  seconds
1950
2023-11-17 17:26:11
2000
2023-11-17 17:28:27
elapsed:  5391.6  seconds
2050
2023-11-17 17:30:43
2100
2023-11-17 17:33:00
elapsed:  5665.2  seconds
2150
2023-11-17 17:35:17
2200
2023-11-17 17:37:31
elapsed:  5935.4  seconds
2250
2023-11-17 17:39:43
2300
2023-11-17 17:41:54
elapsed:  6199.2  seconds
2350
2023-11-17 17:44:09
2400
2023-11-17 17:46:24
elapsed:  6468.7  seconds
2450
2023-11-17 17:48:38
2500
2023-11-17 17:50:53
elapsed:  6737.8  seconds
2550
2023-11-17 17:53:08
2600
2023-11-17 17:55:24
elapsed:  7008.6  seconds
2650
2023-11-17 17:57:40
2700
2023-11-17 17:59:54
elapsed:  7279.0  seconds
2750
2023-11-17 18:02:12
2800
2023-11-17 18:04:25
elapsed:  7549.4  seconds
2850
2023-11-17 18:06:38
2900
2023-11-17 18:08:50
elapsed:  7814.9  seconds
2950
2023-11-17 18:11:04
3000
2023-11-17 18:13:16
elapsed:  8081.2  seconds
3050
2023-11-17 18:15:31
3100
2023-11-17 18:17:45
elapsed:  8349.5  seconds
3150
2023-11-17 18:20:01
3200
2023-11-17 18:22:18
elapsed:  8622.5  seconds
3250
2023-11-17 18:24:34
3300
2023-11-17 18:26:49
elapsed:  8894.2  seconds
/projects/muyang@colostate.edu/software/anaconda/envs/alpine_MCMC/lib/python3.11/site-packages/numpy/lib/function_base.py:2412: RuntimeWarning: divide by zero encountered in func (vectorized)
  outputs = ufunc(*inputs)
/projects/muyang@colostate.edu/software/anaconda/envs/alpine_MCMC/lib/python3.11/site-packages/numpy/lib/function_base.py:2412: RuntimeWarning: invalid value encountered in func (vectorized)
  outputs = ufunc(*inputs)
3350
2023-11-17 18:29:06
3400
2023-11-17 18:31:20
elapsed:  9164.6  seconds
3450
2023-11-17 18:33:34
3500
2023-11-17 18:35:47
elapsed:  9432.1  seconds
3550
2023-11-17 18:38:02
/projects/muyang@colostate.edu/software/anaconda/envs/alpine_MCMC/lib/python3.11/site-packages/numpy/lib/function_base.py:2412: RuntimeWarning: divide by zero encountered in func (vectorized)
  outputs = ufunc(*inputs)
/projects/muyang@colostate.edu/software/anaconda/envs/alpine_MCMC/lib/python3.11/site-packages/numpy/lib/function_base.py:2412: RuntimeWarning: invalid value encountered in func (vectorized)
  outputs = ufunc(*inputs)
3600
2023-11-17 18:40:15
elapsed:  9699.8  seconds
3650
2023-11-17 18:42:29
3700
2023-11-17 18:44:43
elapsed:  9968.2  seconds
3750
2023-11-17 18:46:59
3800
2023-11-17 18:49:10
elapsed:  10235.2  seconds
3850
2023-11-17 18:51:23
/projects/muyang@colostate.edu/software/anaconda/envs/alpine_MCMC/lib/python3.11/site-packages/numpy/lib/function_base.py:2412: RuntimeWarning: divide by zero encountered in func (vectorized)
  outputs = ufunc(*inputs)
/projects/muyang@colostate.edu/software/anaconda/envs/alpine_MCMC/lib/python3.11/site-packages/numpy/lib/function_base.py:2412: RuntimeWarning: invalid value encountered in func (vectorized)
  outputs = ufunc(*inputs)
3900
2023-11-17 18:53:35
elapsed:  10499.8  seconds
3950
2023-11-17 18:55:50
4000
2023-11-17 18:58:03
elapsed:  10768.2  seconds
4050
2023-11-17 19:00:17
/projects/muyang@colostate.edu/software/anaconda/envs/alpine_MCMC/lib/python3.11/site-packages/numpy/lib/function_base.py:2412: RuntimeWarning: divide by zero encountered in func (vectorized)
  outputs = ufunc(*inputs)
/projects/muyang@colostate.edu/software/anaconda/envs/alpine_MCMC/lib/python3.11/site-packages/numpy/lib/function_base.py:2412: RuntimeWarning: invalid value encountered in func (vectorized)
  outputs = ufunc(*inputs)
4100
2023-11-17 19:02:30
elapsed:  11034.7  seconds
4150
2023-11-17 19:04:45
4200
2023-11-17 19:06:57
elapsed:  11302.2  seconds
4250
2023-11-17 19:09:11
/projects/muyang@colostate.edu/software/anaconda/envs/alpine_MCMC/lib/python3.11/site-packages/numpy/lib/function_base.py:2412: RuntimeWarning: divide by zero encountered in func (vectorized)
  outputs = ufunc(*inputs)
/projects/muyang@colostate.edu/software/anaconda/envs/alpine_MCMC/lib/python3.11/site-packages/numpy/lib/function_base.py:2412: RuntimeWarning: invalid value encountered in func (vectorized)
  outputs = ufunc(*inputs)
4300
2023-11-17 19:11:25
elapsed:  11569.3  seconds
4350
2023-11-17 19:13:38
4400
2023-11-17 19:15:50
elapsed:  11835.0  seconds
4450
2023-11-17 19:18:02
4500
2023-11-17 19:20:10
elapsed:  12094.7  seconds
4550
2023-11-17 19:22:25
/projects/muyang@colostate.edu/software/anaconda/envs/alpine_MCMC/lib/python3.11/site-packages/numpy/lib/function_base.py:2412: RuntimeWarning: divide by zero encountered in func (vectorized)
  outputs = ufunc(*inputs)
/projects/muyang@colostate.edu/software/anaconda/envs/alpine_MCMC/lib/python3.11/site-packages/numpy/lib/function_base.py:2412: RuntimeWarning: invalid value encountered in func (vectorized)
  outputs = ufunc(*inputs)
4600
2023-11-17 19:24:38
elapsed:  12363.1  seconds
4650
2023-11-17 19:26:53
4700
2023-11-17 19:29:07
elapsed:  12631.9  seconds
4750
2023-11-17 19:31:25
4800
2023-11-17 19:33:40
elapsed:  12904.7  seconds
4850
2023-11-17 19:35:57
4900
2023-11-17 19:38:14
elapsed:  13178.5  seconds
4950
2023-11-17 19:40:32
5000
2023-11-17 19:42:49
elapsed:  13453.4  seconds
5050
2023-11-17 19:45:03
5100
2023-11-17 19:47:16
elapsed:  13720.7  seconds
5150
2023-11-17 19:49:33
5200
2023-11-17 19:51:49
elapsed:  13994.0  seconds
5250
2023-11-17 19:54:06
5300
2023-11-17 19:56:23
elapsed:  14267.6  seconds
5350
2023-11-17 19:58:41
5400
2023-11-17 20:00:56
elapsed:  14540.4  seconds
/projects/muyang@colostate.edu/software/anaconda/envs/alpine_MCMC/lib/python3.11/site-packages/numpy/lib/function_base.py:2412: RuntimeWarning: divide by zero encountered in func (vectorized)
  outputs = ufunc(*inputs)
/projects/muyang@colostate.edu/software/anaconda/envs/alpine_MCMC/lib/python3.11/site-packages/numpy/lib/function_base.py:2412: RuntimeWarning: invalid value encountered in func (vectorized)
  outputs = ufunc(*inputs)
5450
2023-11-17 20:03:13
5500
2023-11-17 20:05:30
elapsed:  14815.2  seconds
5550
2023-11-17 20:07:49
5600
2023-11-17 20:10:05
elapsed:  15089.6  seconds
5650
2023-11-17 20:12:22
5700
2023-11-17 20:14:38
elapsed:  15362.5  seconds
5750
2023-11-17 20:16:55
5800
2023-11-17 20:19:12
elapsed:  15636.3  seconds
5850
2023-11-17 20:21:31
5900
2023-11-17 20:23:47
elapsed:  15911.3  seconds
5950
2023-11-17 20:26:05
6000
2023-11-17 20:28:23
elapsed:  16188.1  seconds
6050
2023-11-17 20:30:42
6100
2023-11-17 20:32:58
elapsed:  16462.5  seconds
6150
2023-11-17 20:35:17
6200
2023-11-17 20:37:36
elapsed:  16740.3  seconds
/projects/muyang@colostate.edu/software/anaconda/envs/alpine_MCMC/lib/python3.11/site-packages/numpy/lib/function_base.py:2412: RuntimeWarning: divide by zero encountered in func (vectorized)
  outputs = ufunc(*inputs)
/projects/muyang@colostate.edu/software/anaconda/envs/alpine_MCMC/lib/python3.11/site-packages/numpy/lib/function_base.py:2412: RuntimeWarning: invalid value encountered in func (vectorized)
  outputs = ufunc(*inputs)
6250
2023-11-17 20:39:54
6300
2023-11-17 20:42:08
elapsed:  17013.0  seconds
6350
2023-11-17 20:44:24
6400
2023-11-17 20:46:38
elapsed:  17282.8  seconds
6450
2023-11-17 20:48:53
6500
2023-11-17 20:51:08
elapsed:  17552.6  seconds
6550
2023-11-17 20:53:24
6600
2023-11-17 20:55:42
elapsed:  17826.4  seconds
6650
2023-11-17 20:57:58
6700
2023-11-17 21:00:12
elapsed:  18097.2  seconds
6750
2023-11-17 21:02:31
6800
2023-11-17 21:04:45
elapsed:  18369.6  seconds
6850
2023-11-17 21:07:00
6900
2023-11-17 21:09:15
elapsed:  18640.0  seconds
6950
2023-11-17 21:11:32
7000
2023-11-17 21:13:47
elapsed:  18912.2  seconds
7050
2023-11-17 21:16:04
7100
2023-11-17 21:18:17
elapsed:  19181.7  seconds
7150
2023-11-17 21:20:30
7200
2023-11-17 21:22:42
elapsed:  19446.4  seconds
7250
2023-11-17 21:24:56
7300
2023-11-17 21:27:08
elapsed:  19712.3  seconds
7350
2023-11-17 21:29:20
7400
2023-11-17 21:31:31
elapsed:  19975.3  seconds
7450
2023-11-17 21:33:44
7500
2023-11-17 21:35:55
elapsed:  20240.2  seconds
7550
2023-11-17 21:38:11
7600
2023-11-17 21:40:26
elapsed:  20511.1  seconds
7650
2023-11-17 21:42:43
7700
2023-11-17 21:44:57
elapsed:  20782.2  seconds
7750
2023-11-17 21:47:15
7800
2023-11-17 21:49:30
elapsed:  21055.0  seconds
7850
2023-11-17 21:51:47
7900
2023-11-17 21:54:03
elapsed:  21327.5  seconds
7950
2023-11-17 21:56:20
8000
2023-11-17 21:58:37
elapsed:  21601.3  seconds
8050
2023-11-17 22:00:54
8100
2023-11-17 22:03:09
elapsed:  21874.2  seconds
8150
2023-11-17 22:05:29
8200
2023-11-17 22:07:45
elapsed:  22149.7  seconds
8250
2023-11-17 22:09:59
8300
2023-11-17 22:12:15
elapsed:  22419.5  seconds
8350
2023-11-17 22:14:29
8400
2023-11-17 22:16:46
elapsed:  22690.5  seconds
8450
2023-11-17 22:19:04
8500
2023-11-17 22:21:17
elapsed:  22962.1  seconds
8550
2023-11-17 22:23:34
8600
2023-11-17 22:25:49
elapsed:  23233.7  seconds
8650
2023-11-17 22:28:07
8700
2023-11-17 22:30:23
elapsed:  23507.7  seconds
8750
2023-11-17 22:32:40
8800
2023-11-17 22:34:54
elapsed:  23779.0  seconds
8850
2023-11-17 22:37:11
8900
2023-11-17 22:39:25
elapsed:  24049.9  seconds
8950
2023-11-17 22:41:41
9000
2023-11-17 22:43:55
elapsed:  24319.8  seconds
9050
2023-11-17 22:46:10
9100
2023-11-17 22:48:23
elapsed:  24587.6  seconds
9150
2023-11-17 22:50:35
9200
2023-11-17 22:52:46
elapsed:  24850.6  seconds
9250
2023-11-17 22:55:01
9300
2023-11-17 22:57:13
elapsed:  25118.0  seconds
9350
2023-11-17 22:59:28
9400
2023-11-17 23:01:42
elapsed:  25387.0  seconds
/projects/muyang@colostate.edu/software/anaconda/envs/alpine_MCMC/lib/python3.11/site-packages/numpy/lib/function_base.py:2412: RuntimeWarning: divide by zero encountered in func (vectorized)
  outputs = ufunc(*inputs)
/projects/muyang@colostate.edu/software/anaconda/envs/alpine_MCMC/lib/python3.11/site-packages/numpy/lib/function_base.py:2412: RuntimeWarning: invalid value encountered in func (vectorized)
  outputs = ufunc(*inputs)
9450
2023-11-17 23:03:58
9500
2023-11-17 23:06:12
elapsed:  25657.0  seconds
9550
2023-11-17 23:08:29
9600
2023-11-17 23:10:44
elapsed:  25929.2  seconds
9650
2023-11-17 23:13:03
9700
2023-11-17 23:15:19
elapsed:  26204.1  seconds
9750
2023-11-17 23:17:38
9800
2023-11-17 23:19:54
elapsed:  26478.9  seconds
9850
2023-11-17 23:22:12
9900
2023-11-17 23:24:25
elapsed:  26750.2  seconds
9950
2023-11-17 23:26:42
elapsed:  27020.0  seconds
total time:  27024.6  seconds
true R:  [[3.78841348e+00 1.19918749e+00 1.31514690e+02 1.01146310e+00
  8.95169843e+00 6.69927382e+00 6.81510483e-01 4.47668295e+00
  5.09866726e+03 4.43308722e-01 3.56596588e+00 4.90424894e-01
  1.39437939e+01 1.47780076e-01 2.68435800e+00 2.10946105e-01
  2.91701079e-01 2.50395209e-01 1.28690261e+00 6.56549647e+00
  3.32902973e+00 1.63130540e-01 6.36588791e-01 2.01093065e-01
  7.24191467e-02 9.05475133e-02 6.98700435e+00 1.21517974e+00
  4.41588026e+00 4.22740979e+00 2.92573287e-01 2.69367463e-01
  3.42051321e-01 2.89505601e+00 2.73375932e+00 3.13616523e+00
  9.19818142e-01 8.48128470e-01 4.83127456e+00 4.37229072e+02
  2.32537446e+00 2.43555365e+00 2.85981670e-01 3.39392586e-01
  5.60213655e+02 3.29397697e-01 3.04484595e+00 5.66802491e-01
  3.81297738e-01 1.77070211e-01 2.47260854e+00 8.97947105e-01
  1.27588149e-01 9.36599923e-01 5.17277797e-01 5.99449437e+02
  3.45688365e-01 1.59076089e-01 3.00793740e-01 6.68432335e-01
  4.14322331e-01 3.91519072e-01 4.01732577e-01 3.27228821e-01]
 [1.10874246e+00 1.54205708e+00 1.30160148e+00 1.23957804e+01
  8.11256137e-01 1.68425803e-01 4.41904622e+01 2.91166207e+00
  1.32310000e+00 8.14702959e-01 3.97508452e-01 4.62040258e-01
  6.43390973e+00 7.58032843e-02 2.57189950e-01 2.17667681e+01
  1.47778693e+00 5.23051511e-01 1.42162497e+02 7.14031438e-01
  1.57331658e+00 4.58287402e-01 3.23916615e-01 2.10767421e+00
  6.77713895e-01 2.38598484e-01 9.99704699e+01 1.28381246e+02
  1.31353738e+00 1.39830044e+00 2.04439462e+00 4.61471402e-01
  9.03920389e-01 3.12532004e-01 1.46454202e+00 2.43029066e-01
  7.00787524e+00 4.58508117e-01 1.22919306e+00 8.75374225e-01
  5.90541202e-01 1.25462319e+00 5.33587023e+00 3.14432460e-01
  2.00618376e-01 1.31932879e+00 1.44380759e-01 7.90141902e-02
  2.45961917e-01 4.24567889e-01 3.76807428e+01 2.20426750e+00
  1.08372786e-01 6.63380563e+03 2.89606111e-01 3.65679824e+00
  2.51984690e-01 4.33440910e-01 1.02809626e+00 2.30259750e+00
  3.74208628e-01 4.25112410e-02 6.79299284e-01 6.28065524e-01]
 [1.14547652e+00 3.87506443e+00 2.91417709e-01 6.60151570e-01
  5.17894521e-01 2.00128138e-01 2.17356477e-01 1.09363382e-01
  1.10117865e+00 2.76935069e+00 3.44661952e+00 8.02950692e-01
  5.14702934e+00 5.64549578e+01 5.07323765e+00 7.09972147e-01
  6.37466853e+00 1.75233602e+00 3.79945160e+00 1.77907485e+01
  8.34882488e-02 7.23414403e+01 9.49684811e+00 7.92732822e-01
  3.38022058e-01 1.43505205e+03 1.18000930e+00 2.14182586e+00
  6.55986355e-01 1.13907798e+00 1.52908903e+01 1.10634837e+00
  2.62838865e+00 6.48597092e-01 3.06931969e+00 3.24477451e-01
  5.32256537e-01 5.13635504e-01 6.79108641e-01 7.45247850e+01
  9.39030030e-01 2.98695642e+00 3.84027817e+02 4.87104332e+00
  2.35346730e-01 4.40836180e+00 1.90618901e+01 1.50080752e+00
  1.18589446e+00 3.14507169e-01 2.21659345e-01 8.11571125e-01
  2.25112436e-01 1.06379375e+01 5.90398581e+00 1.02206574e+01
  1.02354833e+00 1.35700809e-01 1.05907584e+00 1.34487792e+01
  8.82225700e-01 2.67356341e+00 4.84373554e-01 6.79961205e-01]
 [5.12828476e+03 1.31346321e+00 1.36227618e+00 8.38285578e+00
  2.89327119e-01 2.87391658e+01 9.64139853e+00 8.29946379e-01
  4.14863080e+01 7.28096749e-01 2.86666103e-01 2.95328950e+00
  8.22662498e+01 1.47272374e-01 7.37390716e-01 6.63763187e-01
  2.37113496e-01 6.24714498e+00 1.22762062e+00 3.27871391e-01
  8.63803849e-01 9.08040238e-02 7.05666029e-01 8.70646138e-01
  7.36484963e-02 3.80269276e+01 5.78212660e+01 1.62970842e+00
  1.40129604e+00 4.91523463e+03 5.47915434e-02 4.75055799e-01
  7.87369159e+00 1.04597677e+00 2.05862648e+01 1.33397503e+00
  7.74753465e-01 3.67290611e+00 2.02275793e+02 2.88759390e-01
  1.72508474e-01 5.29976081e-01 4.69065270e-01 2.09912325e+00
  9.94703931e-01 1.24892201e+00 2.11708061e-01 2.97727793e-01
  5.45147834e-01 6.39192029e+00 1.81114917e-01 2.55641926e-01
  2.80188514e-01 7.87586035e-01 1.90348707e+02 6.27639225e-01
  3.12255293e-01 1.21111531e+00 7.86741635e-01 1.75598658e+00
  5.44847377e-01 3.83976583e+00 3.39757455e+00 6.28787991e-01]
 [9.59679661e-02 3.12373562e+02 3.30794422e-01 2.85262567e+01
  9.72895039e-02 4.98071738e-01 5.35076426e-01 5.12983720e+00
  1.91196418e-01 1.57783923e+00 9.41743952e+00 3.84728295e+00
  2.89046561e-01 5.44748567e-01 1.88763908e+00 1.83206180e+01
  9.48205506e+00 1.48909325e-01 2.89221561e+03 2.71702236e+01
  2.73922273e-01 8.74152365e-01 1.56740761e-01 2.35837168e+00
  1.48982273e+00 7.10404621e-01 1.79137525e+00 1.85386161e-01
  7.53958753e-02 6.22687408e-01 2.76430758e+00 1.66859161e+00
  1.01883199e+02 4.85542718e-01 3.02651996e+00 7.52053999e-01
  5.65315674e+00 3.81983090e-01 3.53178353e+00 2.45565374e+00
  8.08698485e-01 2.00647286e-01 1.86217118e+00 2.90554540e+00
  1.42528781e+00 4.65291611e-01 3.66978617e+00 5.34123186e+00
  4.82122027e+01 9.94889576e+00 2.81491722e-01 3.93217591e+01
  5.19671045e-01 1.16553290e-01 7.81257757e-01 3.20672238e-01
  5.53633000e+04 5.86567021e-01 8.01981242e+00 1.12726626e-01
  4.72973031e-01 1.03529785e-01 2.08294586e+00 1.67264984e+00]
 [6.04132920e+00 5.28963613e+00 5.80619385e-01 6.77978320e-01
  3.58382638e-01 1.56330849e+01 2.55215268e+01 1.01100132e+00
  5.56119527e-01 6.92618330e+00 5.04613111e-01 1.80438750e+01
  2.33738682e+00 1.11584258e+00 1.13601147e-01 7.87271855e-01
  6.48212619e+00 1.03387611e-01 9.88591292e-01 2.37997583e+00
  4.09500417e+01 6.62334127e+00 1.62466128e+01 1.27399715e-01
  4.97882267e+00 6.94350478e+01 3.46003420e+01 2.44993902e-01
  2.36698493e+00 3.52778906e+00 1.57207547e+01 9.10402527e+00
  2.39302706e-01 3.40965202e-01 3.53625729e+00 6.06367004e+00
  1.36917622e-01 3.97593937e+00 2.19679086e-01 2.38828310e-01
  3.04246525e-01 2.24548482e-01 1.31856084e+00 5.23774427e-01
  3.60407881e-02 1.17773321e-01 1.80178654e+01 1.18390232e-01
  1.60092472e+01 1.08274649e+00 7.18346297e+00 1.03702865e+00
  5.32507248e-01 4.63798807e+01 1.67833575e-01 5.35191660e+01
  9.24425231e-01 1.20564038e+04 2.05697366e+00 1.68254024e+00
  3.59472459e+00 2.47746953e+00 2.35586382e-01 8.33987194e-01]
 [7.19412128e-01 1.05841718e+01 2.04926475e-01 1.46942453e+00
  1.26397044e+00 9.70671244e-01 1.14952784e+02 3.81003421e+00
  2.59862243e-01 1.27972640e-01 2.08559433e+00 2.35653033e+00
  3.78400705e-01 1.08320767e-01 1.70818095e+00 6.20868460e+02
  1.03900932e+00 5.84488360e-01 2.01541911e-01 2.07270472e+00
  4.38534731e-01 7.25272640e+01 4.92983435e+01 1.27816946e+02
  1.41304148e+01 7.69858263e-01 7.73395248e-01 1.67338724e+00
  3.75188368e+01 1.12806204e+00 3.01113239e+01 2.18920904e-01
  3.88743217e-01 2.89357452e-01 1.19292947e+00 2.66292942e-01
  5.76899851e+01 3.31966817e+01 1.55397422e+01 2.59240811e+01
  5.47327702e+02 7.43900759e-01 4.05351429e-01 1.06180943e+00
  5.03938694e-01 2.72283700e+03 1.36043766e-01 3.80433460e-01
  6.15603549e+01 2.16715849e+00 2.71986353e+01 6.17665581e-01
  4.45673070e+00 1.53581707e-01 1.89799187e+00 2.60577321e+00
  3.47420833e-01 3.91747307e+02 7.94646502e+00 9.77711997e-01
  3.33576270e-01 8.20125932e+00 3.93805229e+01 9.14563419e+02]
 [9.07708003e-01 8.37245379e-01 1.08464077e+01 4.61225659e-01
  1.20296359e-01 6.64211105e-01 5.58664693e-02 2.56498380e+00
  7.90909107e-01 3.17821407e-01 1.90616296e+02 3.99570640e+00
  1.24492527e-01 6.91285261e-01 8.78995792e-01 4.74251283e+00
  3.97590568e-01 1.64787059e-01 5.63534723e+00 1.41658238e-01
  6.38242112e-01 7.45009185e-01 4.29591384e-01 6.13309270e-01
  6.08448701e-01 1.27085399e+00 2.25058707e+00 2.80509745e-01
  2.14153212e-01 1.19349726e+01 2.31532486e-01 3.12975879e+01
  2.39354961e+00 1.13219725e+00 7.58214299e-01 4.88250695e-01
  1.00448136e+00 6.92183757e-01 5.86552359e-01 1.60556810e+01
  3.96351878e-01 3.87157099e-01 1.01592203e+00 6.39054297e-02
  4.15694126e+00 9.74257052e-02 9.20103059e-01 4.85905089e+00
  5.06563072e-01 1.27611608e+01 1.34460412e-01 2.37066130e-01
  2.35366440e-01 6.99568417e+00 3.00224620e+00 5.02811290e+00
  3.26493127e-01 1.37864521e+00 5.00455445e+00 3.20638574e+00
  4.76317616e-01 1.02714165e-01 2.97152891e+00 4.24409495e-01]
 [1.28087242e-01 7.09381674e-01 7.28275724e+00 2.69704359e-01
  1.09153847e+03 1.47821572e+01 1.58076190e+00 4.01282627e+00
  6.25345105e+00 7.34774053e+01 4.07600537e-01 5.82963373e+00
  1.68723994e+00 3.98605195e+01 1.47827989e+00 2.06954959e+00
  6.92065982e-01 3.44806562e+01 2.76698092e+00 3.36641673e-01
  1.47345603e+00 7.42313569e-02 3.76593115e+00 1.94253284e-01
  2.49183295e+00 1.67463228e-01 5.59329237e-01 5.78418536e-01
  1.19294665e-01 6.89616919e+01 1.73136333e+00 2.76727542e-01
  5.03094156e-01 5.72286426e-01 1.53617755e-01 6.76035357e-01
  9.65096567e-01 7.04955180e-01 4.92654743e-01 3.73692870e+00
  4.01162452e+01 5.04572052e+01 5.58692565e-01 6.14191937e-01
  2.88542403e+00 2.94579303e+01 5.12271104e-01 2.41297193e-01
  5.17586736e-01 5.40786623e+00 1.42066687e+00 7.30195038e+01
  6.06883556e-01 3.94368309e-01 3.55477434e+00 2.37760156e+02
  2.02526397e+01 1.88563420e+01 1.36941349e-01 5.92972646e-01
  4.35074288e+00 1.71452059e+00 4.97960774e+00 3.67895754e+01]
 [1.17533707e-01 7.34977240e-01 1.70566436e+00 8.34790271e-02
  9.43029644e+00 2.79582833e-01 1.60862665e-01 9.70897213e-01
  4.40287694e-01 5.00705929e-01 1.74007228e-01 4.49180180e+04
  3.46950470e-01 6.01683264e-01 1.34321704e-01 2.54074866e+00
  7.23361664e+00 9.33809606e+02 1.52235042e+00 3.33860017e-01
  1.97152031e-01 7.43132492e-01 3.46536343e+00 3.51290778e+00
  7.36373903e+00 1.60728071e-01 1.03748411e+00 1.85532532e+00
  3.34004773e+01 1.37143475e+00 8.52744901e-01 1.70292769e+00
  3.25133561e-01 3.47234701e+01 5.22251039e-01 2.30711704e+01
  1.62482016e-01 2.12859975e+00 1.25088677e+01 6.51352402e+00
  2.23807966e+00 5.35635304e+01 1.41773634e+00 8.46133687e-01
  2.16589917e+01 1.77946853e-01 7.48697300e-01 4.60711298e+02
  1.07317163e+00 2.43077103e+00 6.19594962e-01 6.55924119e+01
  1.73709157e+00 1.67893237e+00 1.24411419e+00 5.61908221e+00
  3.73107644e+01 5.24940630e-01 1.30340813e-01 6.79310514e-01
  1.47623386e-01 1.27159527e-01 2.24951986e-01 4.26614939e-01]]
