1
50
2023-11-11 22:33:44
100
2023-11-11 22:35:21
elapsed:  194.6  seconds
150
2023-11-11 22:37:03
200
2023-11-11 22:38:41
elapsed:  394.2  seconds
250
2023-11-11 22:40:23
300
2023-11-11 22:42:02
elapsed:  594.8  seconds
350
2023-11-11 22:43:43
400
2023-11-11 22:45:23
elapsed:  796.4  seconds
450
2023-11-11 22:47:04
500
2023-11-11 22:48:43
elapsed:  996.6  seconds
550
2023-11-11 22:50:24
600
2023-11-11 22:52:05
elapsed:  1198.7  seconds
650
2023-11-11 22:53:48
700
2023-11-11 22:55:28
elapsed:  1400.8  seconds
750
2023-11-11 22:57:10
800
2023-11-11 22:58:51
elapsed:  1603.7  seconds
850
2023-11-11 23:00:33
900
2023-11-11 23:02:13
elapsed:  1806.0  seconds
950
2023-11-11 23:03:55
1000
2023-11-11 23:05:35
elapsed:  2007.9  seconds
1050
2023-11-11 23:07:16
1100
2023-11-11 23:08:55
elapsed:  2208.2  seconds
1150
2023-11-11 23:10:37
1200
2023-11-11 23:12:16
elapsed:  2409.3  seconds
1250
2023-11-11 23:13:58
1300
2023-11-11 23:15:37
elapsed:  2610.7  seconds
1350
2023-11-11 23:17:19
1400
2023-11-11 23:19:00
elapsed:  2813.1  seconds
1450
2023-11-11 23:20:43
1500
2023-11-11 23:22:24
elapsed:  3017.0  seconds
1550
2023-11-11 23:24:06
1600
2023-11-11 23:25:46
elapsed:  3219.6  seconds
1650
2023-11-11 23:27:28
1700
2023-11-11 23:29:09
elapsed:  3421.8  seconds
1750
2023-11-11 23:30:51
1800
2023-11-11 23:32:31
elapsed:  3624.2  seconds
1850
2023-11-11 23:34:13
1900
2023-11-11 23:35:52
elapsed:  3825.0  seconds
1950
2023-11-11 23:37:33
2000
2023-11-11 23:39:13
elapsed:  4026.3  seconds
2050
2023-11-11 23:40:55
2100
2023-11-11 23:42:36
elapsed:  4229.0  seconds
2150
2023-11-11 23:44:18
2200
2023-11-11 23:45:59
elapsed:  4431.9  seconds
2250
2023-11-11 23:47:40
2300
2023-11-11 23:49:18
elapsed:  4631.3  seconds
2350
2023-11-11 23:50:59
2400
2023-11-11 23:52:38
elapsed:  4831.5  seconds
2450
2023-11-11 23:54:20
2500
2023-11-11 23:55:57
elapsed:  5030.4  seconds
2550
2023-11-11 23:57:39
2600
2023-11-11 23:59:19
elapsed:  5232.5  seconds
2650
2023-11-12 00:01:01
2700
2023-11-12 00:02:41
elapsed:  5434.3  seconds
2750
2023-11-12 00:04:23
2800
2023-11-12 00:06:03
elapsed:  5636.4  seconds
2850
2023-11-12 00:07:46
2900
2023-11-12 00:09:25
elapsed:  5838.2  seconds
2950
2023-11-12 00:11:05
3000
2023-11-12 00:12:43
elapsed:  6036.5  seconds
3050
2023-11-12 00:14:26
3100
2023-11-12 00:16:07
elapsed:  6240.1  seconds
3150
2023-11-12 00:17:48
3200
2023-11-12 00:19:28
elapsed:  6440.8  seconds
3250
2023-11-12 00:21:10
3300
2023-11-12 00:22:50
elapsed:  6643.5  seconds
3350
2023-11-12 00:24:33
3400
2023-11-12 00:26:13
elapsed:  6846.3  seconds
3450
2023-11-12 00:27:54
3500
2023-11-12 00:29:35
elapsed:  7048.2  seconds
3550
2023-11-12 00:31:18
3600
2023-11-12 00:32:58
elapsed:  7250.9  seconds
3650
2023-11-12 00:34:40
3700
2023-11-12 00:36:21
elapsed:  7454.1  seconds
3750
2023-11-12 00:38:02
3800
2023-11-12 00:39:42
elapsed:  7654.8  seconds
3850
2023-11-12 00:41:23
3900
2023-11-12 00:43:04
elapsed:  7856.8  seconds
3950
2023-11-12 00:44:47
4000
2023-11-12 00:46:28
elapsed:  8060.8  seconds
4050
2023-11-12 00:48:10
4100
2023-11-12 00:49:50
elapsed:  8263.5  seconds
4150
2023-11-12 00:51:33
4200
2023-11-12 00:53:14
elapsed:  8467.4  seconds
4250
2023-11-12 00:54:57
4300
2023-11-12 00:56:39
elapsed:  8672.7  seconds
/projects/muyang@colostate.edu/software/anaconda/envs/testenv/lib/python3.11/site-packages/numpy/lib/function_base.py:2455: RuntimeWarning: divide by zero encountered in func (vectorized)
  outputs = ufunc(*inputs)
/projects/muyang@colostate.edu/software/anaconda/envs/testenv/lib/python3.11/site-packages/numpy/lib/function_base.py:2455: RuntimeWarning: invalid value encountered in func (vectorized)
  outputs = ufunc(*inputs)
4350
2023-11-12 00:58:22
4400
2023-11-12 01:00:02
elapsed:  8875.2  seconds
4450
2023-11-12 01:01:46
/projects/muyang@colostate.edu/software/anaconda/envs/testenv/lib/python3.11/site-packages/numpy/lib/function_base.py:2455: RuntimeWarning: divide by zero encountered in func (vectorized)
  outputs = ufunc(*inputs)
/projects/muyang@colostate.edu/software/anaconda/envs/testenv/lib/python3.11/site-packages/numpy/lib/function_base.py:2455: RuntimeWarning: invalid value encountered in func (vectorized)
  outputs = ufunc(*inputs)
4500
2023-11-12 01:03:26
elapsed:  9079.4  seconds
4550
2023-11-12 01:05:09
4600
2023-11-12 01:06:47
elapsed:  9280.7  seconds
4650
2023-11-12 01:08:29
4700
2023-11-12 01:10:10
elapsed:  9482.8  seconds
4750
2023-11-12 01:11:52
4800
2023-11-12 01:13:32
elapsed:  9685.5  seconds
/projects/muyang@colostate.edu/software/anaconda/envs/testenv/lib/python3.11/site-packages/numpy/lib/function_base.py:2455: RuntimeWarning: divide by zero encountered in func (vectorized)
  outputs = ufunc(*inputs)
/projects/muyang@colostate.edu/software/anaconda/envs/testenv/lib/python3.11/site-packages/numpy/lib/function_base.py:2455: RuntimeWarning: invalid value encountered in func (vectorized)
  outputs = ufunc(*inputs)
4850
2023-11-12 01:15:15
4900
2023-11-12 01:16:55
elapsed:  9888.0  seconds
4950
2023-11-12 01:18:37
5000
2023-11-12 01:20:18
elapsed:  10091.6  seconds
5050
2023-11-12 01:22:00
5100
2023-11-12 01:23:40
elapsed:  10293.6  seconds
5150
2023-11-12 01:25:24
5200
2023-11-12 01:27:05
elapsed:  10497.8  seconds
5250
2023-11-12 01:28:48
5300
2023-11-12 01:30:29
elapsed:  10702.2  seconds
5350
2023-11-12 01:32:11
5400
2023-11-12 01:33:52
elapsed:  10905.7  seconds
5450
2023-11-12 01:35:35
5500
2023-11-12 01:37:14
elapsed:  11107.3  seconds
5550
2023-11-12 01:38:56
5600
2023-11-12 01:40:37
elapsed:  11310.0  seconds
5650
2023-11-12 01:42:19
5700
2023-11-12 01:43:58
elapsed:  11511.7  seconds
5750
2023-11-12 01:45:41
5800
2023-11-12 01:47:22
elapsed:  11714.8  seconds
5850
2023-11-12 01:49:03
5900
2023-11-12 01:50:42
elapsed:  11915.5  seconds
5950
2023-11-12 01:52:24
6000
2023-11-12 01:54:04
elapsed:  12117.1  seconds
6050
2023-11-12 01:55:44
6100
2023-11-12 01:57:24
elapsed:  12317.4  seconds
6150
2023-11-12 01:59:05
6200
2023-11-12 02:00:46
elapsed:  12519.4  seconds
6250
2023-11-12 02:02:29
6300
2023-11-12 02:04:09
elapsed:  12721.8  seconds
6350
2023-11-12 02:05:50
6400
2023-11-12 02:07:30
elapsed:  12923.3  seconds
6450
2023-11-12 02:09:11
6500
2023-11-12 02:10:51
elapsed:  13123.8  seconds
6550
2023-11-12 02:12:32
6600
2023-11-12 02:14:12
elapsed:  13325.7  seconds
6650
2023-11-12 02:15:54
6700
2023-11-12 02:17:33
elapsed:  13526.4  seconds
6750
2023-11-12 02:19:15
6800
2023-11-12 02:20:54
elapsed:  13727.6  seconds
6850
2023-11-12 02:22:36
6900
2023-11-12 02:24:17
elapsed:  13930.2  seconds
6950
2023-11-12 02:25:58
7000
2023-11-12 02:27:37
elapsed:  14130.5  seconds
7050
2023-11-12 02:29:19
7100
2023-11-12 02:30:59
elapsed:  14331.9  seconds
7150
2023-11-12 02:32:40
7200
2023-11-12 02:34:20
elapsed:  14533.6  seconds
7250
2023-11-12 02:36:04
7300
2023-11-12 02:37:44
elapsed:  14737.4  seconds
7350
2023-11-12 02:39:26
7400
2023-11-12 02:41:05
elapsed:  14938.4  seconds
7450
2023-11-12 02:42:46
7500
2023-11-12 02:44:27
elapsed:  15139.8  seconds
7550
2023-11-12 02:46:09
7600
2023-11-12 02:47:49
elapsed:  15342.5  seconds
7650
2023-11-12 02:49:30
7700
2023-11-12 02:51:10
elapsed:  15543.2  seconds
7750
2023-11-12 02:52:51
7800
2023-11-12 02:54:30
elapsed:  15743.5  seconds
7850
2023-11-12 02:56:11
7900
2023-11-12 02:57:50
elapsed:  15943.2  seconds
7950
2023-11-12 02:59:31
8000
2023-11-12 03:01:10
elapsed:  16143.0  seconds
8050
2023-11-12 03:02:52
/projects/muyang@colostate.edu/software/anaconda/envs/testenv/lib/python3.11/site-packages/numpy/lib/function_base.py:2455: RuntimeWarning: divide by zero encountered in func (vectorized)
  outputs = ufunc(*inputs)
/projects/muyang@colostate.edu/software/anaconda/envs/testenv/lib/python3.11/site-packages/numpy/lib/function_base.py:2455: RuntimeWarning: invalid value encountered in func (vectorized)
  outputs = ufunc(*inputs)
8100
2023-11-12 03:04:31
elapsed:  16344.6  seconds
8150
2023-11-12 03:06:13
8200
2023-11-12 03:07:53
elapsed:  16545.7  seconds
8250
2023-11-12 03:09:34
8300
2023-11-12 03:11:14
elapsed:  16746.7  seconds
8350
2023-11-12 03:12:54
8400
2023-11-12 03:14:34
elapsed:  16946.9  seconds
8450
2023-11-12 03:16:16
8500
2023-11-12 03:17:56
elapsed:  17148.8  seconds
8550
2023-11-12 03:19:38
8600
2023-11-12 03:21:18
elapsed:  17351.3  seconds
8650
2023-11-12 03:22:59
8700
2023-11-12 03:24:38
elapsed:  17550.8  seconds
8750
2023-11-12 03:26:20
8800
2023-11-12 03:28:00
elapsed:  17752.9  seconds
8850
2023-11-12 03:29:40
8900
2023-11-12 03:31:20
elapsed:  17953.1  seconds
8950
2023-11-12 03:33:02
9000
2023-11-12 03:34:42
elapsed:  18154.8  seconds
9050
2023-11-12 03:36:23
9100
2023-11-12 03:38:02
elapsed:  18355.4  seconds
9150
2023-11-12 03:39:44
9200
2023-11-12 03:41:24
elapsed:  18557.1  seconds
9250
2023-11-12 03:43:05
9300
2023-11-12 03:44:43
elapsed:  18756.4  seconds
9350
2023-11-12 03:46:25
9400
2023-11-12 03:48:05
elapsed:  18957.8  seconds
9450
2023-11-12 03:49:46
9500
2023-11-12 03:51:25
elapsed:  19158.6  seconds
9550
2023-11-12 03:53:06
9600
2023-11-12 03:54:45
elapsed:  19358.3  seconds
9650
2023-11-12 03:56:23
9700
2023-11-12 03:58:02
elapsed:  19555.6  seconds
9750
2023-11-12 03:59:45
9800
2023-11-12 04:01:27
elapsed:  19759.9  seconds
9850
2023-11-12 04:03:07
9900
2023-11-12 04:04:46
elapsed:  19959.6  seconds
9950
2023-11-12 04:06:28
10000
2023-11-12 04:08:08
elapsed:  20161.4  seconds
10050
2023-11-12 04:09:51
10100
2023-11-12 04:11:31
elapsed:  20363.8  seconds
10150
2023-11-12 04:13:12
10200
2023-11-12 04:14:51
elapsed:  20564.6  seconds
10250
2023-11-12 04:16:33
10300
2023-11-12 04:18:14
elapsed:  20767.1  seconds
10350
2023-11-12 04:19:56
10400
2023-11-12 04:21:35
elapsed:  20967.9  seconds
10450
2023-11-12 04:23:15
10500
2023-11-12 04:24:55
elapsed:  21167.9  seconds
10550
2023-11-12 04:26:36
10600
2023-11-12 04:28:16
elapsed:  21369.5  seconds
10650
2023-11-12 04:29:58
10700
2023-11-12 04:31:38
elapsed:  21571.5  seconds
10750
2023-11-12 04:33:20
10800
2023-11-12 04:34:59
elapsed:  21772.7  seconds
10850
2023-11-12 04:36:42
10900
2023-11-12 04:38:22
elapsed:  21974.9  seconds
10950
2023-11-12 04:40:02
11000
2023-11-12 04:41:42
elapsed:  22175.1  seconds
11050
2023-11-12 04:43:24
11100
2023-11-12 04:45:05
elapsed:  22378.1  seconds
11150
2023-11-12 04:46:47
11200
2023-11-12 04:48:27
elapsed:  22580.2  seconds
11250
2023-11-12 04:50:09
11300
2023-11-12 04:51:49
elapsed:  22782.0  seconds
11350
2023-11-12 04:53:31
11400
2023-11-12 04:55:10
elapsed:  22983.4  seconds
11450
2023-11-12 04:56:52
11500
2023-11-12 04:58:31
elapsed:  23184.1  seconds
11550
2023-11-12 05:00:10
11600
2023-11-12 05:01:47
elapsed:  23379.9  seconds
11650
2023-11-12 05:03:26
11700
2023-11-12 05:05:03
elapsed:  23576.4  seconds
11750
2023-11-12 05:06:45
11800
2023-11-12 05:08:25
elapsed:  23777.7  seconds
11850
2023-11-12 05:10:06
11900
2023-11-12 05:11:44
elapsed:  23977.5  seconds
11950
2023-11-12 05:13:24
12000
2023-11-12 05:15:02
elapsed:  24175.0  seconds
12050
2023-11-12 05:16:42
12100
2023-11-12 05:18:21
elapsed:  24373.9  seconds
12150
2023-11-12 05:20:01
12200
2023-11-12 05:21:38
elapsed:  24571.4  seconds
12250
2023-11-12 05:23:19
12300
2023-11-12 05:24:57
elapsed:  24770.1  seconds
12350
2023-11-12 05:26:36
12400
2023-11-12 05:28:12
elapsed:  24965.6  seconds
12450
2023-11-12 05:29:53
12500
2023-11-12 05:31:31
elapsed:  25164.2  seconds
12550
2023-11-12 05:33:12
12600
2023-11-12 05:34:52
elapsed:  25364.9  seconds
12650
2023-11-12 05:36:34
12700
2023-11-12 05:38:12
elapsed:  25565.5  seconds
12750
2023-11-12 05:39:54
12800
2023-11-12 05:41:35
elapsed:  25767.9  seconds
12850
2023-11-12 05:43:16
12900
2023-11-12 05:44:55
elapsed:  25968.1  seconds
12950
2023-11-12 05:46:36
13000
2023-11-12 05:48:16
elapsed:  26169.1  seconds
13050
2023-11-12 05:49:58
13100
2023-11-12 05:51:37
elapsed:  26370.0  seconds
13150
2023-11-12 05:53:18
13200
2023-11-12 05:54:59
elapsed:  26572.0  seconds
13250
2023-11-12 05:56:41
13300
2023-11-12 05:58:21
elapsed:  26773.8  seconds
13350
2023-11-12 06:00:03
13400
2023-11-12 06:01:43
elapsed:  26976.2  seconds
13450
2023-11-12 06:03:24
13500
2023-11-12 06:05:04
elapsed:  27176.9  seconds
13550
2023-11-12 06:06:46
13600
2023-11-12 06:08:25
elapsed:  27378.2  seconds
13650
2023-11-12 06:10:07
13700
2023-11-12 06:11:47
elapsed:  27580.6  seconds
13750
2023-11-12 06:13:28
13800
2023-11-12 06:15:03
elapsed:  27776.6  seconds
13850
2023-11-12 06:16:46
13900
2023-11-12 06:18:25
elapsed:  27978.7  seconds
13950
2023-11-12 06:20:09
14000
2023-11-12 06:21:48
elapsed:  28181.3  seconds
14050
2023-11-12 06:23:29
14100
2023-11-12 06:25:07
elapsed:  28379.8  seconds
14150
2023-11-12 06:26:48
14200
2023-11-12 06:28:27
elapsed:  28580.0  seconds
14250
2023-11-12 06:30:08
14300
2023-11-12 06:31:46
elapsed:  28779.2  seconds
14350
2023-11-12 06:33:26
14400
2023-11-12 06:35:04
elapsed:  28976.9  seconds
14450
2023-11-12 06:36:45
14500
2023-11-12 06:38:24
elapsed:  29177.0  seconds
14550
2023-11-12 06:40:05
14600
2023-11-12 06:41:44
elapsed:  29377.5  seconds
14650
2023-11-12 06:43:26
14700
2023-11-12 06:45:06
elapsed:  29579.1  seconds
14750
2023-11-12 06:46:47
14800
2023-11-12 06:48:28
elapsed:  29781.1  seconds
14850
2023-11-12 06:50:10
14900
2023-11-12 06:51:50
elapsed:  29983.4  seconds
14950
2023-11-12 06:53:31
elapsed:  30181.0  seconds
total time:  30185.6  seconds
true R:  [[4.19845911e-01 3.02125897e+00 1.77505309e+00 4.31966820e+00
  5.81093945e-01 1.64310243e+00 5.05162779e-01 2.89694462e+00
  5.66971658e-01 5.05585602e-02 1.94634928e+00 5.39855270e+00
  2.93932016e-01 4.88252552e+00 1.72994818e-01 1.28731838e+00
  1.28527454e+00 1.38365445e+00 2.69071854e+00 2.13287227e+00
  7.55462352e-01 1.53846125e+01 1.12872705e+00 7.62093118e-01
  1.51077194e+00 9.36362313e-01 1.60771386e+02 4.30003977e+00
  5.78558301e-01 1.78858188e+00 2.07917924e-01 3.83156842e+00
  1.34204929e+02 3.18020867e-01 2.77370290e+00 7.79277578e+00
  7.18183714e+00 2.12742649e+02 6.72650877e-01 4.50370461e-01
  8.59336692e-01 6.61803083e-01 1.19883288e+01 8.88051991e-01
  2.27596320e-01 1.44190918e+00 1.74188403e-01 4.95170478e+00
  1.35800769e+00 1.00636511e+00 4.24341662e-01 7.80916384e+00
  9.63229897e-01 2.35914661e+00 8.58268083e-01 1.55152606e-01
  1.01003015e+00 1.26986760e-01 3.84865430e+00 6.10614302e-01
  4.07041482e+00 3.28849858e+02 4.51461571e+01 3.51949297e-01]
 [9.16453770e-01 4.08616129e-01 2.70775732e-01 7.90851857e+01
  4.60098553e+00 9.45079128e+00 4.03850813e-01 1.63722539e+00
  5.05811001e-01 1.53349761e+00 1.99217317e+02 3.62422783e-01
  9.96297286e-01 1.30386159e+00 2.58038846e-01 5.22950123e-01
  1.22884506e+00 2.64350104e+00 1.10831571e+00 4.40599754e+02
  1.82462218e-01 6.86911907e-01 1.03547721e+00 5.68118926e-01
  1.59090002e+02 1.04402310e+01 8.07954823e-01 9.64273092e-01
  1.11431340e+00 1.16649605e-01 2.07608829e-01 7.52098128e+01
  1.36285903e-01 2.09289129e-01 1.54103991e+00 1.21920512e+00
  5.39052413e-01 1.11541769e+00 2.06467404e-01 3.17988831e+00
  4.93539904e+00 1.06520539e-01 6.49258750e-01 2.86662757e+00
  1.06584850e+00 1.66023750e-01 2.21106293e-01 3.63202482e-01
  1.43936228e+00 4.89982558e+00 1.21342970e+00 3.68488760e-01
  6.91174203e-01 1.79985436e-01 3.34582110e+00 2.93098974e+00
  1.85521391e-01 4.58766505e-01 2.06528938e-01 5.31422970e-01
  4.10887521e+00 4.48101722e-01 1.02458055e+01 2.23044162e+00]
 [3.90168673e-01 4.71028464e+01 4.06355319e-02 3.09139732e-01
  2.57789350e+00 3.25767418e+00 1.57186779e-01 3.86212264e+00
  4.98709256e+00 1.06262824e+00 4.14925415e+00 4.74062818e-01
  7.46344453e-01 1.39919970e+00 1.27560182e+01 6.09915122e+00
  6.75396846e+01 5.41244714e+00 9.45219668e+00 1.82866787e+02
  3.15107744e-01 1.82534857e+00 5.24716080e-01 3.22462965e+00
  8.12115336e-01 1.00561138e+00 4.01741827e-01 1.41986251e+00
  4.58144871e-01 2.55411647e-01 4.31223804e-01 1.73901984e+00
  1.87416820e+00 1.61276118e+01 1.23392802e-01 3.14022468e+01
  2.97023060e+01 4.63062260e+00 1.78221801e+00 3.25323142e+01
  4.87322419e+00 1.55485949e+01 1.10071698e+01 2.83886029e-01
  1.94704112e-01 2.13636266e-01 3.64870653e+00 3.48516721e-01
  5.69658012e+00 1.38986856e+02 3.15335301e-01 2.17622892e-01
  6.34913564e-01 1.86821424e+02 6.24075820e-01 5.76585238e+00
  3.33906749e+00 7.51050936e+00 7.83041279e-01 3.81992731e-01
  4.28312612e-01 2.82786913e-01 2.09256049e-01 2.51152516e+02]
 [5.36424902e-01 1.42978787e-01 3.03082146e+00 2.33993689e+00
  2.98202676e+01 2.48272449e+00 4.44455749e+01 7.77722267e-01
  1.17625811e+00 1.47383338e+00 1.13868531e-01 8.41436973e-01
  3.34048162e+00 2.45555242e+00 1.78552652e-01 3.31892757e+00
  4.07523986e+00 2.31307522e+00 8.72272493e-01 1.55093405e+00
  3.42614514e+03 9.37301618e+00 6.12666788e+02 6.84825394e+00
  2.20313377e+01 1.89460025e+00 2.57005439e-01 2.40841226e+01
  1.29314071e+01 6.78090703e-01 8.19975103e+00 3.15670121e+00
  1.92547073e-01 5.45442060e-01 1.13674283e-01 1.87503681e-01
  3.84921154e+00 2.69775398e-01 4.61431366e-01 5.88153973e-01
  2.49894180e-01 1.19460168e+01 9.32392263e-01 5.05529188e-01
  2.90424963e+00 5.88117366e-01 1.31313516e-01 1.20298736e+01
  4.50759043e-01 1.94561926e-01 4.83085896e-01 8.62595706e+00
  3.65149575e-01 7.05096879e-01 6.88866886e+01 4.09942487e-01
  2.39102880e+00 9.87682435e-02 1.48650190e+01 3.94654547e-01
  1.05580378e+00 2.31508596e-01 2.35656856e+00 3.66933199e-01]
 [4.79717905e+01 9.99920950e+02 3.58867127e-01 1.64859502e-01
  1.32508934e+00 9.46000187e+00 9.67819322e-01 1.56331504e-01
  1.02956576e-01 1.79334772e-01 2.82582412e-01 8.00408839e-01
  4.17397513e-01 1.04814777e-01 2.39523079e-01 7.49250712e+00
  7.25618460e-01 1.47594493e-01 1.39782477e+01 4.01032298e-01
  9.02942068e-02 2.02090932e-01 1.66724775e+00 1.63818287e-01
  4.17752806e-01 3.21206636e+00 1.39083391e+00 3.08100620e+00
  8.87198612e-01 1.16251703e-01 1.36931280e-01 2.92603372e-01
  9.41641852e-01 7.03540996e+00 1.52597918e-01 1.37189215e-01
  6.06395394e+00 4.51888881e-01 9.31827784e-01 2.94122259e+00
  1.15343986e+00 2.33842006e+00 6.93954074e+00 6.71026036e-01
  4.01926095e-01 2.12462707e+00 1.03264201e-01 5.26337679e-01
  1.22931786e+01 6.77331115e-02 7.01162087e+03 2.34105980e-01
  2.00831838e+02 4.05698310e-01 8.29125213e-01 3.91871060e-01
  5.15387939e-01 1.77541402e+00 5.15185552e-01 3.20615591e-01
  1.16301823e+00 6.82510096e-01 1.13517571e+00 2.26054880e+01]
 [3.79375760e+01 2.22335088e+02 1.15225065e+00 2.21200808e-01
  6.14143081e-01 5.73566459e+03 2.19084539e+00 4.36515185e+01
  9.25824682e-01 4.22972582e-01 1.94721354e+00 9.35873370e-02
  2.80641765e+00 9.84924277e+00 3.64540857e-01 2.92692846e+00
  3.42396037e+00 9.15756656e-01 3.84243981e-01 8.41785393e-02
  1.73767247e-01 8.48261202e-01 1.33682298e-01 7.76770493e+00
  3.58774000e+00 3.03866278e-01 1.01374613e+00 6.69783049e+01
  4.04061009e+00 1.63370809e-01 1.33361127e+01 2.11302043e+00
  1.35067291e+00 4.78899503e+00 5.35804197e-01 1.09591622e-01
  3.13140781e-01 4.71557587e-01 3.86379739e+00 1.94655735e+00
  6.19975049e-01 4.90520282e-01 8.28764721e-01 1.69034893e+00
  1.90050084e-01 8.32557242e-01 1.02335219e+01 9.03703344e-02
  7.75406446e-02 6.07165034e+00 1.95652710e-01 8.36710813e-01
  7.01182899e-01 8.06905449e-02 2.41437211e-01 1.19047565e+00
  1.42189323e+00 2.20638493e+01 8.71011153e-02 2.54927098e-01
  3.67443334e-01 5.59740400e-01 4.83113278e-01 3.43841630e-01]
 [5.62885229e-02 2.07175044e+00 6.28101483e+00 2.47501091e+01
  9.97196270e-02 9.96532618e+00 1.33451985e+02 1.93249310e+00
  2.64979013e+00 3.82681234e+01 1.84716659e+00 1.83274064e-01
  5.73648114e+00 6.29551592e+01 1.46510204e+00 4.90085368e-01
  2.23301528e+00 4.06587165e-01 1.88858103e-01 2.66727075e+00
  2.06023752e+01 1.07767350e-01 4.46090074e+01 3.34636102e+02
  1.47339264e+02 1.59763619e+00 1.80263870e+00 8.02253235e+02
  1.55077867e+00 1.05112136e+04 3.30021892e+00 2.33153946e-01
  8.37289109e+00 1.65410281e-01 1.44914398e+01 5.42579454e+00
  1.52166447e+05 1.20369158e+00 1.75252895e+00 6.81780820e+03
  5.25733295e-01 2.54463975e+00 8.73067512e+00 3.34593773e+00
  5.58423390e+01 4.18713209e-01 1.56323816e-01 2.49372185e+00
  8.23671827e-01 3.76906669e-01 2.78919793e+00 2.47770701e-01
  3.82777970e+01 2.05599860e+00 2.25003068e+01 2.54898786e-01
  1.67781693e+01 1.34663911e-01 1.09763017e+00 2.36383249e+00
  2.78359680e-01 1.06146436e+00 1.81182039e-01 4.53357485e-01]
 [6.55397864e-01 3.38236768e+01 4.57393069e-01 1.97563671e+00
  5.64659042e-01 8.58918749e+01 4.09174781e+00 1.82780831e+00
  3.59628767e-01 5.34402007e-01 2.90417801e+00 7.25925005e-02
  4.11589869e+00 2.87528655e-01 1.00024911e+02 5.20280881e-01
  1.54769183e+00 5.01764836e+00 1.39866141e+01 2.46189892e-01
  3.41376769e-01 1.37532573e+01 5.19645726e-01 2.40839375e+01
  6.26125577e-01 6.45310128e-01 7.82532349e-01 5.33248795e-01
  4.30994133e-01 8.01727993e-02 1.86239417e+00 3.66367566e+01
  4.25988357e-01 1.13647026e+01 5.59784739e-01 1.50112823e+00
  1.45424100e+00 2.54152353e+02 1.01728863e-01 1.14787192e+02
  4.28065262e-01 1.69927287e+00 2.13791635e-01 2.86504036e+01
  5.96813032e+00 8.53080738e+00 5.47512414e-01 1.48766619e+00
  3.43522596e+00 6.97649285e-01 4.57026169e+01 6.52116212e+01
  6.91582523e-01 1.30187159e+02 4.34345150e+00 3.46333597e-01
  2.05647328e-01 2.76702640e+00 6.35353077e+00 5.10621120e-01
  1.50293581e+03 1.06486003e-01 4.98085933e-01 2.81312014e+00]
 [4.40430592e-01 3.13070251e-01 1.62362183e-01 2.38355539e+00
  3.61090923e+00 1.97955987e-01 2.10858187e-01 3.18780523e-01
  1.08085827e-01 3.56727863e+00 1.13812459e+03 1.87825742e-01
  9.37902424e-01 4.44227976e-01 1.90677360e-01 5.75473593e-01
  7.69725778e-01 2.37301889e+00 2.71559840e-01 5.19960354e+00
  2.42564085e-01 4.44047584e-01 8.51267717e-01 3.96722847e+01
  3.18163669e-01 1.10532286e-01 8.54146080e+01 5.08415744e+00
  3.56193635e-01 7.42792305e+00 6.41920561e+00 1.91243864e+01
  2.89374157e+00 1.85729169e-01 1.99381563e+00 6.18793562e+00
  7.44398585e+00 2.47370436e+04 3.98919357e+00 3.85635521e-01
  1.14459727e+00 2.70413804e-01 9.31726404e+00 3.66574078e+00
  8.95828205e-01 7.88339866e-01 3.93045418e-01 1.22588302e+00
  1.31729728e+00 6.82497261e+00 1.42885122e+00 2.27155916e-01
  9.76697200e-01 3.62295843e-01 3.81417214e-01 8.67643088e-02
  5.95405557e-01 1.03260649e+00 3.40761644e+01 1.19825004e+00
  6.08977253e-01 4.82735341e+00 1.24965793e+01 9.79324947e+00]]
