1
50
2023-11-08 10:05:36
100
2023-11-08 10:07:11
elapsed:  180.9  seconds
150
2023-11-08 10:08:46
200
2023-11-08 10:10:23
elapsed:  373.2  seconds
250
2023-11-08 10:11:55
300
2023-11-08 10:13:29
elapsed:  559.4  seconds
350
2023-11-08 10:15:13
400
2023-11-08 10:17:02
elapsed:  772.2  seconds
450
2023-11-08 10:18:48
500
2023-11-08 10:20:09
elapsed:  958.8  seconds
550
2023-11-08 10:21:43
600
2023-11-08 10:23:33
elapsed:  1163.4  seconds
650
2023-11-08 10:25:14
700
2023-11-08 10:27:06
elapsed:  1376.6  seconds
750
2023-11-08 10:28:51
800
2023-11-08 10:30:34
elapsed:  1584.2  seconds
850
2023-11-08 10:32:11
900
2023-11-08 10:33:49
elapsed:  1778.8  seconds
950
2023-11-08 10:35:37
1000
2023-11-08 10:36:56
elapsed:  1966.2  seconds
1050
2023-11-08 10:38:35
1100
2023-11-08 10:40:24
elapsed:  2174.3  seconds
1150
2023-11-08 10:42:13
1200
2023-11-08 10:43:57
elapsed:  2387.0  seconds
1250
2023-11-08 10:45:36
1300
2023-11-08 10:47:20
elapsed:  2590.4  seconds
1350
2023-11-08 10:49:06
1400
2023-11-08 10:50:51
elapsed:  2801.1  seconds
1450
2023-11-08 10:52:41
1500
2023-11-08 10:54:28
elapsed:  3018.4  seconds
1550
2023-11-08 10:56:13
1600
2023-11-08 10:57:48
elapsed:  3217.7  seconds
1650
2023-11-08 10:59:33
1700
2023-11-08 11:01:10
elapsed:  3420.0  seconds
/projects/muyang@colostate.edu/software/anaconda/envs/testenv/lib/python3.11/site-packages/numpy/lib/function_base.py:2455: RuntimeWarning: divide by zero encountered in func (vectorized)
  outputs = ufunc(*inputs)
/projects/muyang@colostate.edu/software/anaconda/envs/testenv/lib/python3.11/site-packages/numpy/lib/function_base.py:2455: RuntimeWarning: invalid value encountered in func (vectorized)
  outputs = ufunc(*inputs)
1750
2023-11-08 11:02:52
1800
2023-11-08 11:04:37
elapsed:  3626.9  seconds
1850
2023-11-08 11:06:26
1900
2023-11-08 11:08:01
elapsed:  3831.2  seconds
1950
2023-11-08 11:09:52
2000
2023-11-08 11:11:35
elapsed:  4045.0  seconds
2050
2023-11-08 11:13:13
2100
2023-11-08 11:14:58
elapsed:  4248.1  seconds
2150
2023-11-08 11:16:41
2200
2023-11-08 11:18:23
elapsed:  4453.2  seconds
2250
2023-11-08 11:20:00
2300
2023-11-08 11:21:36
elapsed:  4646.2  seconds
2350
2023-11-08 11:23:22
2400
2023-11-08 11:25:10
elapsed:  4860.6  seconds
2450
2023-11-08 11:27:06
2500
2023-11-08 11:28:47
elapsed:  5077.3  seconds
2550
2023-11-08 11:30:35
2600
2023-11-08 11:32:16
elapsed:  5286.5  seconds
2650
2023-11-08 11:34:01
2700
2023-11-08 11:35:39
elapsed:  5488.9  seconds
2750
2023-11-08 11:37:11
2800
2023-11-08 11:38:53
elapsed:  5683.2  seconds
2850
2023-11-08 11:40:39
2900
2023-11-08 11:42:03
elapsed:  5873.0  seconds
2950
2023-11-08 11:43:50
3000
2023-11-08 11:45:36
elapsed:  6086.1  seconds
3050
2023-11-08 11:47:24
3100
2023-11-08 11:49:10
elapsed:  6299.9  seconds
3150
2023-11-08 11:50:45
3200
2023-11-08 11:52:26
elapsed:  6496.4  seconds
3250
2023-11-08 11:53:49
3300
2023-11-08 11:54:55
elapsed:  6644.8  seconds
3350
2023-11-08 11:56:41
3400
2023-11-08 11:58:26
elapsed:  6856.3  seconds
3450
2023-11-08 11:59:54
3500
2023-11-08 12:01:29
elapsed:  7038.7  seconds
3550
2023-11-08 12:03:09
3600
2023-11-08 12:04:56
elapsed:  7245.9  seconds
3650
2023-11-08 12:06:42
3700
2023-11-08 12:08:28
elapsed:  7458.0  seconds
3750
2023-11-08 12:10:22
/projects/muyang@colostate.edu/software/anaconda/envs/testenv/lib/python3.11/site-packages/numpy/lib/function_base.py:2455: RuntimeWarning: divide by zero encountered in func (vectorized)
  outputs = ufunc(*inputs)
/projects/muyang@colostate.edu/software/anaconda/envs/testenv/lib/python3.11/site-packages/numpy/lib/function_base.py:2455: RuntimeWarning: invalid value encountered in func (vectorized)
  outputs = ufunc(*inputs)
3800
2023-11-08 12:12:11
elapsed:  7681.4  seconds
3850
2023-11-08 12:14:00
3900
2023-11-08 12:15:49
elapsed:  7899.6  seconds
3950
2023-11-08 12:17:30
4000
2023-11-08 12:19:02
elapsed:  8092.2  seconds
4050
2023-11-08 12:20:41
4100
2023-11-08 12:22:19
elapsed:  8289.3  seconds
4150
2023-11-08 12:24:07
4200
2023-11-08 12:25:57
elapsed:  8507.1  seconds
4250
2023-11-08 12:27:49
4300
2023-11-08 12:29:36
elapsed:  8726.0  seconds
4350
2023-11-08 12:31:26
4400
2023-11-08 12:33:15
elapsed:  8945.4  seconds
4450
2023-11-08 12:35:02
4500
2023-11-08 12:36:44
elapsed:  9153.9  seconds
4550
2023-11-08 12:38:28
4600
2023-11-08 12:40:03
elapsed:  9353.5  seconds
4650
2023-11-08 12:41:45
4700
2023-11-08 12:43:23
elapsed:  9553.5  seconds
4750
2023-11-08 12:45:01
4800
2023-11-08 12:46:36
elapsed:  9746.1  seconds
4850
2023-11-08 12:48:19
4900
2023-11-08 12:50:00
elapsed:  9950.0  seconds
4950
2023-11-08 12:51:43
5000
2023-11-08 12:53:22
elapsed:  10152.5  seconds
5050
2023-11-08 12:55:06
5100
2023-11-08 12:56:48
elapsed:  10358.3  seconds
5150
2023-11-08 12:58:37
5200
2023-11-08 13:00:25
elapsed:  10575.0  seconds
5250
2023-11-08 13:02:12
5300
2023-11-08 13:03:56
elapsed:  10785.7  seconds
5350
2023-11-08 13:05:43
5400
2023-11-08 13:07:28
elapsed:  10998.0  seconds
5450
2023-11-08 13:09:16
5500
2023-11-08 13:10:55
elapsed:  11205.0  seconds
5550
2023-11-08 13:12:39
5600
2023-11-08 13:14:22
elapsed:  11411.9  seconds
5650
2023-11-08 13:16:04
5700
2023-11-08 13:17:46
elapsed:  11616.1  seconds
5750
2023-11-08 13:19:24
5800
2023-11-08 13:20:57
elapsed:  11806.8  seconds
5850
2023-11-08 13:22:37
5900
2023-11-08 13:24:23
elapsed:  12013.4  seconds
5950
2023-11-08 13:26:12
6000
2023-11-08 13:28:03
elapsed:  12232.8  seconds
6050
2023-11-08 13:29:53
6100
2023-11-08 13:31:38
elapsed:  12447.7  seconds
6150
2023-11-08 13:33:23
6200
2023-11-08 13:34:57
elapsed:  12647.3  seconds
6250
2023-11-08 13:36:44
6300
2023-11-08 13:38:23
elapsed:  12853.2  seconds
6350
2023-11-08 13:40:04
6400
2023-11-08 13:41:46
elapsed:  13056.0  seconds
6450
2023-11-08 13:43:29
6500
2023-11-08 13:45:05
elapsed:  13255.6  seconds
6550
2023-11-08 13:46:41
6600
2023-11-08 13:48:19
elapsed:  13448.9  seconds
6650
2023-11-08 13:50:09
6700
2023-11-08 13:51:46
elapsed:  13656.2  seconds
6750
2023-11-08 13:53:25
6800
2023-11-08 13:55:03
elapsed:  13853.6  seconds
6850
2023-11-08 13:56:48
6900
2023-11-08 13:58:34
elapsed:  14063.8  seconds
6950
2023-11-08 14:00:30
7000
2023-11-08 14:02:14
elapsed:  14284.2  seconds
7050
2023-11-08 14:04:00
7100
2023-11-08 14:05:44
elapsed:  14494.4  seconds
7150
2023-11-08 14:07:25
7200
2023-11-08 14:09:08
elapsed:  14697.8  seconds
7250
2023-11-08 14:10:52
7300
2023-11-08 14:12:37
elapsed:  14906.8  seconds
7350
2023-11-08 14:14:30
7400
2023-11-08 14:16:15
elapsed:  15125.0  seconds
7450
2023-11-08 14:18:07
7500
2023-11-08 14:19:52
elapsed:  15342.5  seconds
7550
2023-11-08 14:21:33
7600
2023-11-08 14:23:13
elapsed:  15543.5  seconds
7650
2023-11-08 14:24:58
7700
2023-11-08 14:26:39
elapsed:  15749.2  seconds
7750
2023-11-08 14:28:33
7800
2023-11-08 14:30:20
elapsed:  15970.6  seconds
7850
2023-11-08 14:32:05
7900
2023-11-08 14:33:45
elapsed:  16174.9  seconds
7950
2023-11-08 14:35:31
8000
2023-11-08 14:37:11
elapsed:  16380.8  seconds
8050
2023-11-08 14:38:57
8100
2023-11-08 14:40:41
elapsed:  16591.2  seconds
8150
2023-11-08 14:42:23
8200
2023-11-08 14:44:08
elapsed:  16797.9  seconds
8250
2023-11-08 14:45:48
8300
2023-11-08 14:47:30
elapsed:  17000.2  seconds
8350
2023-11-08 14:49:18
8400
2023-11-08 14:51:05
elapsed:  17214.7  seconds
8450
2023-11-08 14:52:54
8500
2023-11-08 14:54:37
elapsed:  17427.2  seconds
8550
2023-11-08 14:56:21
8600
2023-11-08 14:58:13
elapsed:  17643.0  seconds
8650
2023-11-08 15:00:04
8700
2023-11-08 15:01:40
elapsed:  17850.4  seconds
8750
2023-11-08 15:03:30
8800
2023-11-08 15:05:14
elapsed:  18064.6  seconds
8850
2023-11-08 15:07:00
8900
2023-11-08 15:08:45
elapsed:  18275.2  seconds
8950
2023-11-08 15:10:32
9000
2023-11-08 15:12:17
elapsed:  18487.1  seconds
9050
2023-11-08 15:14:04
9100
2023-11-08 15:15:47
elapsed:  18697.6  seconds
9150
2023-11-08 15:17:37
9200
2023-11-08 15:19:15
elapsed:  18904.9  seconds
9250
2023-11-08 15:20:53
9300
2023-11-08 15:22:28
elapsed:  19098.6  seconds
9350
2023-11-08 15:24:19
9400
2023-11-08 15:26:02
elapsed:  19312.3  seconds
9450
2023-11-08 15:27:41
9500
2023-11-08 15:29:24
elapsed:  19514.1  seconds
9550
2023-11-08 15:31:16
9600
2023-11-08 15:32:56
elapsed:  19726.6  seconds
9650
2023-11-08 15:34:50
9700
2023-11-08 15:36:42
elapsed:  19952.1  seconds
9750
2023-11-08 15:38:27
9800
2023-11-08 15:40:19
elapsed:  20168.8  seconds
9850
2023-11-08 15:42:14
9900
2023-11-08 15:44:00
elapsed:  20390.2  seconds
9950
2023-11-08 15:45:47
10000
2023-11-08 15:47:29
elapsed:  20599.5  seconds
10050
2023-11-08 15:49:21
10100
2023-11-08 15:51:09
elapsed:  20819.2  seconds
10150
2023-11-08 15:52:52
10200
2023-11-08 15:54:40
elapsed:  21030.6  seconds
10250
2023-11-08 15:56:19
10300
2023-11-08 15:58:09
elapsed:  21239.4  seconds
10350
2023-11-08 15:59:52
10400
2023-11-08 16:01:33
elapsed:  21442.8  seconds
10450
2023-11-08 16:03:22
10500
2023-11-08 16:05:06
elapsed:  21656.5  seconds
10550
2023-11-08 16:06:52
10600
2023-11-08 16:08:35
elapsed:  21865.3  seconds
10650
2023-11-08 16:10:21
10700
2023-11-08 16:11:59
elapsed:  22069.4  seconds
10750
2023-11-08 16:13:52
10800
2023-11-08 16:15:40
elapsed:  22290.5  seconds
10850
2023-11-08 16:17:30
10900
2023-11-08 16:19:15
elapsed:  22504.9  seconds
10950
2023-11-08 16:21:11
11000
2023-11-08 16:22:51
elapsed:  22720.7  seconds
11050
2023-11-08 16:24:44
11100
2023-11-08 16:26:22
elapsed:  22932.4  seconds
11150
2023-11-08 16:28:03
11200
2023-11-08 16:29:48
elapsed:  23138.4  seconds
11250
2023-11-08 16:31:32
11300
2023-11-08 16:33:10
elapsed:  23340.6  seconds
11350
2023-11-08 16:34:53
11400
2023-11-08 16:36:33
elapsed:  23542.7  seconds
11450
2023-11-08 16:38:22
11500
2023-11-08 16:40:13
elapsed:  23763.4  seconds
11550
2023-11-08 16:42:09
11600
2023-11-08 16:44:02
elapsed:  23991.9  seconds
11650
2023-11-08 16:45:58
11700
2023-11-08 16:47:50
elapsed:  24219.7  seconds
11750
2023-11-08 16:49:40
11800
2023-11-08 16:51:23
elapsed:  24433.0  seconds
11850
2023-11-08 16:53:06
11900
2023-11-08 16:54:48
elapsed:  24638.2  seconds
11950
2023-11-08 16:56:41
12000
2023-11-08 16:58:30
elapsed:  24860.2  seconds
12050
2023-11-08 17:00:14
12100
2023-11-08 17:02:04
elapsed:  25074.6  seconds
12150
2023-11-08 17:03:54
12200
2023-11-08 17:05:56
elapsed:  25306.6  seconds
12250
2023-11-08 17:07:45
12300
2023-11-08 17:09:37
elapsed:  25527.6  seconds
/projects/muyang@colostate.edu/software/anaconda/envs/testenv/lib/python3.11/site-packages/numpy/lib/function_base.py:2455: RuntimeWarning: divide by zero encountered in func (vectorized)
  outputs = ufunc(*inputs)
/projects/muyang@colostate.edu/software/anaconda/envs/testenv/lib/python3.11/site-packages/numpy/lib/function_base.py:2455: RuntimeWarning: invalid value encountered in func (vectorized)
  outputs = ufunc(*inputs)
12350
2023-11-08 17:11:35
12400
2023-11-08 17:13:13
elapsed:  25742.7  seconds
12450
2023-11-08 17:14:57
12500
2023-11-08 17:16:47
elapsed:  25957.6  seconds
12550
2023-11-08 17:18:40
12600
2023-11-08 17:20:31
elapsed:  26181.1  seconds
12650
2023-11-08 17:22:24
12700
2023-11-08 17:23:57
elapsed:  26387.0  seconds
12750
2023-11-08 17:25:21
12800
2023-11-08 17:26:51
elapsed:  26561.1  seconds
12850
2023-11-08 17:28:29
12900
2023-11-08 17:30:19
elapsed:  26769.0  seconds
12950
2023-11-08 17:32:02
13000
2023-11-08 17:33:42
elapsed:  26972.0  seconds
13050
2023-11-08 17:35:45
13100
2023-11-08 17:37:31
elapsed:  27201.3  seconds
13150
2023-11-08 17:39:29
13200
2023-11-08 17:41:09
elapsed:  27418.8  seconds
13250
2023-11-08 17:42:56
13300
2023-11-08 17:44:44
elapsed:  27633.8  seconds
13350
2023-11-08 17:46:32
13400
2023-11-08 17:48:20
elapsed:  27850.4  seconds
13450
2023-11-08 17:50:09
13500
2023-11-08 17:51:56
elapsed:  28065.9  seconds
13550
2023-11-08 17:53:40
13600
2023-11-08 17:55:19
elapsed:  28269.4  seconds
13650
2023-11-08 17:56:58
13700
2023-11-08 17:58:44
elapsed:  28474.3  seconds
13750
2023-11-08 18:00:33
13800
2023-11-08 18:02:11
elapsed:  28680.9  seconds
13850
2023-11-08 18:03:53
13900
2023-11-08 18:05:39
elapsed:  28888.8  seconds
13950
2023-11-08 18:07:20
14000
2023-11-08 18:09:10
elapsed:  29100.4  seconds
14050
2023-11-08 18:11:04
14100
2023-11-08 18:12:47
elapsed:  29316.8  seconds
14150
2023-11-08 18:14:46
14200
2023-11-08 18:16:37
elapsed:  29547.1  seconds
14250
2023-11-08 18:18:26
14300
2023-11-08 18:20:14
elapsed:  29764.2  seconds
14350
2023-11-08 18:22:14
14400
2023-11-08 18:24:00
elapsed:  29990.6  seconds
14450
2023-11-08 18:25:47
14500
2023-11-08 18:27:34
elapsed:  30204.0  seconds
14550
2023-11-08 18:29:20
14600
2023-11-08 18:31:04
elapsed:  30414.7  seconds
14650
2023-11-08 18:32:49
14700
2023-11-08 18:34:40
elapsed:  30629.7  seconds
14750
2023-11-08 18:36:16
14800
2023-11-08 18:38:04
elapsed:  30833.8  seconds
14850
2023-11-08 18:39:53
14900
2023-11-08 18:41:45
elapsed:  31055.5  seconds
14950
2023-11-08 18:43:40
elapsed:  31271.3  seconds
total time:  31275.2  seconds
true R:  [[5.94660131e-01 5.48431966e-01 7.26478487e-01 7.25764072e-01
  1.18361315e+00 1.57242242e-01 5.49771672e-01 2.18758673e+02
  1.14005869e+01 6.65421797e+00 1.60184667e-01 2.80619864e+01
  9.55093871e+00 1.78640828e-01 5.69053150e-01 7.84920214e-01
  1.08886314e+02 6.83042469e-01 4.60120900e+00 1.65164412e+00
  5.26473236e+02 1.28122759e-01 1.01901683e+00 4.88697373e+00
  6.91379821e-01 4.72307164e-01 2.23383408e-01 8.10538214e-01
  4.28769888e+00 1.16804188e+00 1.26471529e+01 7.27564854e-01
  8.41805678e-01 6.48514575e-02 1.90580975e+01 9.08913023e-01
  8.23750968e-02 9.40843073e+01 2.69167436e-01 2.78691067e+00
  2.81616865e-01 9.07525734e+01 2.41553181e-01 1.67691316e+00
  1.03728916e+00 2.17433449e-01 1.58024776e+01 7.32820511e+00
  1.39379245e-01 4.39442513e-01 2.35387539e+01 1.21621356e+00
  6.84813264e-01 1.70894450e-01 1.80933855e+00 1.38719697e+00
  8.37064760e-01 2.03181214e+01 3.07501743e-01 2.58449283e+00
  2.33714030e+00 2.89540511e-01 6.80723632e-01 3.10851948e+00]
 [2.98236463e+01 2.36156944e+00 3.63363633e-01 2.77007926e-01
  2.76734141e+01 2.11231560e+00 1.17400021e+00 1.16846367e-01
  1.95764759e-01 1.97339129e+00 3.33797912e-01 9.57440375e+00
  2.08818340e+00 5.45181295e+00 1.21277505e+00 5.88354532e+02
  3.44881842e+00 1.08512444e+01 1.39443592e-01 3.43774482e-01
  5.04416192e-01 7.66555263e-01 2.33097768e+00 2.15365090e+00
  2.05158922e-01 7.58790776e+00 1.65887400e+00 1.59723296e+00
  1.51778385e+00 3.69306644e+00 1.49904693e-01 1.00593399e+02
  4.14504448e-01 1.05012088e+00 4.60480208e-01 7.75119183e-01
  1.09540269e+02 1.48640733e+01 3.26743336e-01 3.62448593e-01
  4.97379388e-01 3.58243662e-01 1.71681484e-01 1.19330454e+00
  7.71667559e-01 1.60813866e+00 1.57837844e+00 2.86192309e-01
  8.53281937e-01 3.96823224e-01 2.27827558e-01 6.71657703e-01
  1.47423593e-01 2.35267949e+00 1.55202592e+01 1.58499944e+00
  1.49344967e+02 5.89399393e+01 3.38779172e+00 4.68273744e+01
  4.78629755e+00 8.01050754e+00 2.23334674e+00 3.37771002e-01]
 [2.54487175e-01 5.54328235e-01 4.19186754e-01 3.30669297e+00
  5.71627138e+01 2.77454146e-01 2.15507917e-01 9.85279959e+00
  4.76658806e+00 4.61614799e+00 7.99484892e-01 4.84407793e-01
  9.42158584e+00 6.74047017e-01 7.09817269e-01 2.68839743e+00
  5.97476529e-01 2.30727625e+00 5.87702293e-01 5.50809120e+00
  9.97108128e+00 1.93631149e+00 1.56502745e+01 1.41168695e+00
  5.55313416e+00 2.28330111e+01 1.06645586e+00 1.98736138e-01
  8.93034771e-01 3.03712084e+00 7.18539152e+00 1.07712362e+00
  1.09610621e+00 3.74489562e+00 6.17957660e+00 4.43729897e+00
  3.08092193e-01 1.88411620e+00 2.06513631e-01 1.32521968e+00
  2.00564440e+01 3.56833945e-01 5.49785970e+02 1.02437282e+00
  4.87236460e+00 1.87659836e+00 6.06892903e-01 5.02228299e+00
  1.26080948e+01 2.39284956e+00 6.62920142e-02 1.07364468e+00
  2.33264154e-01 2.69402366e-01 2.12637676e+00 2.47514890e-01
  2.73674376e+00 9.15164204e-02 5.04873878e-01 5.92780327e-01
  8.93216413e+01 6.55157434e+00 1.12985953e-01 6.08292942e-01]
 [2.11447743e+01 3.95173635e-01 8.32725985e-02 1.55534585e-01
  6.49660739e-01 1.81800716e-01 3.35073137e-01 1.23145951e+00
  8.83710153e+00 1.62511023e+00 1.39746569e+02 1.72592787e+00
  2.19215720e+01 2.00668439e+01 3.32401808e+01 1.69558948e+00
  2.61467277e-01 1.22375679e-01 5.97986782e+00 1.67987480e+00
  2.26709488e-01 2.25025701e-01 3.34400752e-01 2.10520891e+00
  3.39678650e+00 1.96103028e+00 1.68165198e+02 8.30099347e+00
  2.26970531e-01 5.48303196e+00 3.17725613e+01 1.87600550e+00
  3.73454048e+00 8.50069645e-01 1.00876106e+00 2.56321494e+00
  6.89562085e-02 3.14760016e-01 3.60257011e-01 5.26332344e+00
  1.61163462e-01 1.18558478e+02 4.86643650e-02 5.04947537e+00
  1.94445875e-01 1.66196989e-01 3.45451821e-01 2.05328185e-01
  7.51869700e-01 1.74293205e+00 2.13201714e-01 6.78766682e+03
  2.91852823e-01 2.64970251e-01 1.28294815e+00 2.86695042e-01
  6.38341880e+02 2.04337677e-01 1.10256499e-01 2.79942767e+00
  4.65057545e+00 8.26904432e-01 1.88033348e-01 2.04630208e+00]
 [1.73243793e+00 1.19144628e+01 1.02269978e-01 1.40766962e+00
  4.38203746e-01 8.02313517e-01 5.64501359e-01 2.80560412e-01
  2.42097174e-01 7.85024827e+00 9.08208966e-01 3.03729796e+00
  2.99929498e-01 1.00465025e-01 7.51844942e+01 5.24670498e+00
  3.82215353e-01 7.86716468e-01 1.36864839e+00 4.11622160e-01
  4.00172946e-01 2.28788576e-01 9.07510438e-01 6.27643085e+00
  5.50363595e-01 5.79437346e+01 7.55811523e-01 6.04193169e-01
  1.40734673e+01 2.24159501e+00 2.36604229e+00 5.05532534e-01
  2.86042597e+00 3.85075610e-01 6.27764133e+00 5.47390743e-01
  2.17347687e+01 5.72297900e+01 3.24431327e+00 1.18338168e-01
  5.04926597e-01 6.47277595e-02 1.03700553e-01 1.45773917e+01
  7.19201387e+00 2.39813234e+01 9.85040869e-01 9.58970288e-01
  1.02006850e-01 1.12315392e+00 3.74612236e-01 1.62855420e+00
  1.51514724e-01 1.26242845e+00 1.34170706e+00 1.32831303e+00
  4.91465840e-01 5.02307610e-01 1.69246077e+00 1.91777864e-01
  4.64403501e-01 1.43063142e+00 2.31028442e-01 2.88125743e-01]
 [1.21876265e+01 1.55545712e-01 2.91312577e-01 1.20864388e+00
  1.25446666e-01 4.28702489e+01 1.40663444e+01 2.53859021e+00
  3.08736789e+01 6.93543991e-01 6.67782252e-01 1.18283195e+01
  2.18818767e-01 7.28995316e-01 6.24915832e-01 8.83017450e+01
  6.51111017e-01 2.40749499e+00 8.45458717e-01 2.02367416e+00
  1.46356376e+00 4.59849357e-01 3.13246996e+03 5.39747224e+00
  6.58824399e-01 3.68922663e-01 7.63974157e-01 5.35694568e-01
  2.43878364e+00 3.36694787e+00 9.65260248e-01 2.25812851e+01
  4.63199734e+00 8.16066501e-01 5.15745936e+00 1.17004970e+00
  5.75424166e-01 1.30852250e+00 6.37349600e-01 1.26322281e+00
  3.17829085e+02 4.26514786e+00 4.07621632e-01 1.88453490e+00
  8.85595663e+00 1.17861219e+00 7.39523477e-01 1.43927129e-01
  7.28579957e-01 1.04483071e+00 3.24932740e+01 1.20817410e+01
  5.49520833e-01 6.22104823e-01 1.14580249e+02 2.76158863e+00
  5.36136270e-01 1.10616301e+00 1.00437111e+00 1.29520825e-01
  1.66277136e-01 1.17212518e+00 6.93045425e+00 1.19477714e+00]
 [1.06956794e+00 4.21108451e-01 4.55217579e-01 7.99736473e+00
  5.11106819e-01 4.90834332e+00 3.93179409e-01 1.38170788e+00
  7.74003457e-02 1.08925824e+00 3.22088444e-01 9.02907624e+00
  2.13282891e+00 1.25087702e+00 3.60687230e-01 4.70773608e-01
  8.28970976e-01 8.32783051e-01 1.25905744e-01 5.74388455e-01
  5.72708171e-01 4.88199335e-01 1.68484056e+00 2.48930955e+00
  1.18539973e+01 1.45048401e+00 1.52440250e+01 3.82082302e+00
  4.33239379e+01 8.58877406e+00 5.64163119e-01 2.68028862e+01
  4.64559092e-01 6.56891579e-01 2.17431299e+00 3.00645749e-01
  4.82224339e+00 8.13608795e+01 6.95369931e-01 1.30758545e+02
  4.30661927e-01 7.43151216e-01 4.85841172e-01 7.86254914e-01
  5.01701133e+00 6.02037189e+02 1.58836426e-01 1.12790982e-01
  3.05761602e+01 3.64197958e+00 1.13658609e+00 2.54556234e+00
  8.80634279e-01 6.37347506e-02 8.10745750e-01 4.64034252e-01
  5.36936742e-01 1.37613699e+01 1.13993879e-01 9.55039064e+00
  1.74429333e+01 8.81586115e+00 2.02853862e+01 8.81768333e+00]
 [1.16418272e+00 7.93659982e-01 9.82739156e-02 9.94988000e-01
  2.41773167e+00 2.90610127e+01 3.92883771e-01 3.44311755e+00
  2.34038867e+01 9.15738464e-01 1.32937818e+00 1.09724040e+00
  4.67403884e+00 4.06102526e+01 3.17721456e+01 1.36122112e+00
  2.26450998e-01 1.10901240e+00 6.62227864e+01 2.65460306e+01
  4.27813899e-01 6.43816132e-01 6.86512097e-01 3.57680104e+00
  1.80711549e+00 7.91779494e-01 4.55472138e-01 3.32805289e-01
  3.29514560e-01 1.68558131e-01 2.41273759e+00 3.88988025e-01
  1.63350335e-01 9.54554513e+00 1.01593183e+00 2.16370697e+00
  7.83414408e-02 2.08712446e-01 6.30112209e+00 4.97671933e+00
  1.20192268e+01 3.47412488e-01 1.93379630e+01 7.50471335e-01
  6.10683901e-01 1.11683822e+00 3.05360881e+00 2.32427480e-01
  3.79468595e-01 5.21098263e-01 2.30645398e-01 4.94106107e-01
  5.12252907e+00 8.54940760e-01 8.12244850e-01 1.61064034e+00
  1.10314618e+00 3.82118922e-01 8.13747987e+01 1.41352554e-01
  1.63865346e+00 3.12151194e-01 1.32989076e+00 5.61827513e+00]
 [3.59527132e+00 9.28449136e-01 1.62480885e+00 3.79970627e-01
  3.77482773e-01 7.58447393e+00 2.47440833e+00 4.74352460e-01
  2.04702885e+00 8.97787129e-02 1.55656827e-01 7.47761936e+00
  5.51564524e+00 9.30138783e-01 1.21695656e+01 1.06764028e+00
  7.74186114e-01 1.08701592e+00 1.67048506e+00 4.43382910e+00
  5.87862681e+02 4.09935107e+00 7.33650296e+00 7.28852647e-01
  1.48664879e+00 8.47256510e-01 2.02189796e+01 3.44712461e-01
  1.32650533e+01 8.53552336e-01 1.19211255e-01 7.02439123e+00
  5.49735098e-01 2.73905599e+00 3.63640450e+00 7.88212263e-01
  1.61264924e-01 1.25367444e+00 9.17114175e-01 7.70896051e-01
  1.49082426e+03 6.07083506e-01 3.33292446e+01 1.45865150e+00
  5.27724105e-01 2.73980716e+01 1.07663740e+02 2.73071641e-01
  1.14622503e+00 1.75502961e+00 4.47227245e+00 3.72579932e+00
  7.51051929e+00 5.67456742e-01 4.25757799e-01 2.44465294e+00
  5.19647539e+00 2.16459717e-01 2.01861960e+00 1.84952767e+01
  8.34660456e-01 2.97912068e-01 6.74319223e+00 7.98436289e-01]]
