--------------------------------------------------------------------------
No OpenFabrics connection schemes reported that they were able to be
used on a specific port.  As such, the openib BTL (OpenFabrics
support) will be disabled for this port.

  Local host:           c3cpu-a2-u32-1
  Local device:         mlx5_0
  Local port:           1
  CPCs attempted:       rdmacm, udcm
--------------------------------------------------------------------------
[c3cpu-a2-u32-1.rc.int.colorado.edu:309090] 63 more processes have sent help message help-mpi-btl-openib-cpc-base.txt / no cpcs for port
[c3cpu-a2-u32-1.rc.int.colorado.edu:309090] Set MCA parameter "orte_base_help_aggregate" to 0 to see all help / error messages
1
50
2023-11-17 15:00:48
/projects/muyang@colostate.edu/software/anaconda/envs/alpine_MCMC/lib/python3.11/site-packages/numpy/lib/function_base.py:2412: RuntimeWarning: divide by zero encountered in func (vectorized)
  outputs = ufunc(*inputs)
/projects/muyang@colostate.edu/software/anaconda/envs/alpine_MCMC/lib/python3.11/site-packages/numpy/lib/function_base.py:2412: RuntimeWarning: invalid value encountered in func (vectorized)
  outputs = ufunc(*inputs)
100
2023-11-17 15:03:22
elapsed:  298.5  seconds
150
2023-11-17 15:06:00
200
2023-11-17 15:08:35
elapsed:  611.1  seconds
250
2023-11-17 15:11:13
300
2023-11-17 15:13:51
elapsed:  927.6  seconds
350
2023-11-17 15:16:32
400
2023-11-17 15:19:11
elapsed:  1247.5  seconds
450
2023-11-17 15:21:53
500
2023-11-17 15:24:31
elapsed:  1568.0  seconds
550
2023-11-17 15:27:10
600
2023-11-17 15:29:48
elapsed:  1884.7  seconds
650
2023-11-17 15:32:29
700
2023-11-17 15:35:07
elapsed:  2203.2  seconds
750
2023-11-17 15:37:47
800
2023-11-17 15:40:26
elapsed:  2522.5  seconds
850
2023-11-17 15:43:07
900
2023-11-17 15:45:46
elapsed:  2842.2  seconds
950
2023-11-17 15:48:25
1000
2023-11-17 15:51:02
elapsed:  3158.3  seconds
1050
2023-11-17 15:53:41
1100
2023-11-17 15:56:17
elapsed:  3473.3  seconds
1150
2023-11-17 15:58:56
1200
2023-11-17 16:01:35
elapsed:  3791.5  seconds
1250
2023-11-17 16:04:13
1300
2023-11-17 16:06:52
elapsed:  4108.6  seconds
1350
2023-11-17 16:09:33
1400
2023-11-17 16:12:13
elapsed:  4429.2  seconds
1450
2023-11-17 16:14:53
1500
2023-11-17 16:17:33
elapsed:  4749.5  seconds
1550
2023-11-17 16:20:14
1600
2023-11-17 16:22:53
elapsed:  5069.4  seconds
1650
2023-11-17 16:25:34
1700
2023-11-17 16:28:13
elapsed:  5389.4  seconds
1750
2023-11-17 16:30:56
1800
2023-11-17 16:33:36
elapsed:  5712.7  seconds
1850
2023-11-17 16:36:18
1900
2023-11-17 16:38:57
elapsed:  6033.4  seconds
1950
2023-11-17 16:41:38
2000
2023-11-17 16:44:16
elapsed:  6352.8  seconds
2050
2023-11-17 16:46:56
2100
2023-11-17 16:49:33
elapsed:  6669.1  seconds
2150
2023-11-17 16:52:10
2200
2023-11-17 16:54:48
elapsed:  6984.1  seconds
2250
2023-11-17 16:57:25
2300
2023-11-17 17:00:00
elapsed:  7296.6  seconds
2350
2023-11-17 17:02:37
2400
2023-11-17 17:05:13
elapsed:  7609.5  seconds
/projects/muyang@colostate.edu/software/anaconda/envs/alpine_MCMC/lib/python3.11/site-packages/numpy/lib/function_base.py:2412: RuntimeWarning: divide by zero encountered in func (vectorized)
  outputs = ufunc(*inputs)
/projects/muyang@colostate.edu/software/anaconda/envs/alpine_MCMC/lib/python3.11/site-packages/numpy/lib/function_base.py:2412: RuntimeWarning: invalid value encountered in func (vectorized)
  outputs = ufunc(*inputs)
2450
2023-11-17 17:07:52
2500
2023-11-17 17:10:30
elapsed:  7926.3  seconds
2550
2023-11-17 17:13:08
2600
2023-11-17 17:15:45
elapsed:  8241.9  seconds
2650
2023-11-17 17:18:25
2700
2023-11-17 17:21:04
elapsed:  8560.5  seconds
2750
2023-11-17 17:23:44
2800
2023-11-17 17:26:23
elapsed:  8879.1  seconds
/projects/muyang@colostate.edu/software/anaconda/envs/alpine_MCMC/lib/python3.11/site-packages/numpy/lib/function_base.py:2412: RuntimeWarning: divide by zero encountered in func (vectorized)
  outputs = ufunc(*inputs)
/projects/muyang@colostate.edu/software/anaconda/envs/alpine_MCMC/lib/python3.11/site-packages/numpy/lib/function_base.py:2412: RuntimeWarning: invalid value encountered in func (vectorized)
  outputs = ufunc(*inputs)
2850
2023-11-17 17:29:01
2900
2023-11-17 17:31:38
elapsed:  9194.6  seconds
2950
2023-11-17 17:34:17
/projects/muyang@colostate.edu/software/anaconda/envs/alpine_MCMC/lib/python3.11/site-packages/numpy/lib/function_base.py:2412: RuntimeWarning: divide by zero encountered in func (vectorized)
  outputs = ufunc(*inputs)
/projects/muyang@colostate.edu/software/anaconda/envs/alpine_MCMC/lib/python3.11/site-packages/numpy/lib/function_base.py:2412: RuntimeWarning: invalid value encountered in func (vectorized)
  outputs = ufunc(*inputs)
3000
2023-11-17 17:36:54
elapsed:  9510.7  seconds
/projects/muyang@colostate.edu/software/anaconda/envs/alpine_MCMC/lib/python3.11/site-packages/numpy/lib/function_base.py:2412: RuntimeWarning: divide by zero encountered in func (vectorized)
  outputs = ufunc(*inputs)
/projects/muyang@colostate.edu/software/anaconda/envs/alpine_MCMC/lib/python3.11/site-packages/numpy/lib/function_base.py:2412: RuntimeWarning: invalid value encountered in func (vectorized)
  outputs = ufunc(*inputs)
3050
2023-11-17 17:39:33
3100
2023-11-17 17:42:10
elapsed:  9826.3  seconds
3150
2023-11-17 17:44:48
3200
2023-11-17 17:47:25
elapsed:  10141.6  seconds
3250
2023-11-17 17:50:04
3300
2023-11-17 17:52:40
elapsed:  10456.7  seconds
3350
2023-11-17 17:55:19
3400
2023-11-17 17:57:55
elapsed:  10771.9  seconds
3450
2023-11-17 18:00:34
3500
2023-11-17 18:03:11
elapsed:  11087.1  seconds
3550
2023-11-17 18:05:49
3600
2023-11-17 18:08:24
elapsed:  11401.0  seconds
3650
2023-11-17 18:11:03
3700
2023-11-17 18:13:41
elapsed:  11717.4  seconds
3750
2023-11-17 18:16:20
3800
2023-11-17 18:18:59
elapsed:  12035.2  seconds
3850
2023-11-17 18:21:39
3900
2023-11-17 18:24:18
elapsed:  12354.5  seconds
3950
2023-11-17 18:26:58
4000
2023-11-17 18:29:37
elapsed:  12673.0  seconds
4050
2023-11-17 18:32:17
4100
2023-11-17 18:34:55
elapsed:  12991.5  seconds
4150
2023-11-17 18:37:34
4200
2023-11-17 18:40:13
elapsed:  13309.0  seconds
4250
2023-11-17 18:42:50
4300
2023-11-17 18:45:28
elapsed:  13624.7  seconds
4350
2023-11-17 18:48:07
4400
2023-11-17 18:50:44
elapsed:  13940.2  seconds
4450
2023-11-17 18:53:22
4500
2023-11-17 18:55:59
elapsed:  14255.2  seconds
4550
2023-11-17 18:58:39
4600
2023-11-17 19:01:16
elapsed:  14572.8  seconds
4650
2023-11-17 19:03:54
4700
2023-11-17 19:06:31
elapsed:  14887.7  seconds
4750
2023-11-17 19:09:10
4800
2023-11-17 19:11:46
elapsed:  15202.5  seconds
4850
2023-11-17 19:14:23
4900
2023-11-17 19:17:00
elapsed:  15516.2  seconds
4950
2023-11-17 19:19:40
5000
2023-11-17 19:22:18
elapsed:  15834.2  seconds
5050
2023-11-17 19:24:57
5100
2023-11-17 19:27:35
elapsed:  16151.6  seconds
5150
2023-11-17 19:30:14
5200
2023-11-17 19:32:52
elapsed:  16468.8  seconds
5250
2023-11-17 19:35:32
5300
2023-11-17 19:38:10
elapsed:  16786.1  seconds
5350
2023-11-17 19:40:49
5400
2023-11-17 19:43:26
elapsed:  17102.7  seconds
5450
2023-11-17 19:46:06
5500
2023-11-17 19:48:45
elapsed:  17421.8  seconds
5550
2023-11-17 19:51:27
5600
2023-11-17 19:54:07
elapsed:  17743.1  seconds
5650
2023-11-17 19:56:48
5700
2023-11-17 19:59:28
elapsed:  18064.0  seconds
5750
2023-11-17 20:02:10
5800
2023-11-17 20:04:51
elapsed:  18387.8  seconds
5850
2023-11-17 20:07:34
5900
2023-11-17 20:10:15
elapsed:  18711.2  seconds
5950
2023-11-17 20:12:56
6000
2023-11-17 20:15:36
elapsed:  19032.1  seconds
6050
2023-11-17 20:18:17
6100
2023-11-17 20:20:55
elapsed:  19351.9  seconds
6150
2023-11-17 20:23:35
6200
2023-11-17 20:26:14
elapsed:  19670.6  seconds
6250
2023-11-17 20:28:53
6300
2023-11-17 20:31:29
elapsed:  19985.4  seconds
6350
2023-11-17 20:34:08
6400
2023-11-17 20:36:45
elapsed:  20301.3  seconds
6450
2023-11-17 20:39:24
6500
2023-11-17 20:42:05
elapsed:  20621.6  seconds
6550
2023-11-17 20:44:46
6600
2023-11-17 20:47:27
elapsed:  20943.1  seconds
6650
2023-11-17 20:50:10
/projects/muyang@colostate.edu/software/anaconda/envs/alpine_MCMC/lib/python3.11/site-packages/numpy/lib/function_base.py:2412: RuntimeWarning: divide by zero encountered in func (vectorized)
  outputs = ufunc(*inputs)
/projects/muyang@colostate.edu/software/anaconda/envs/alpine_MCMC/lib/python3.11/site-packages/numpy/lib/function_base.py:2412: RuntimeWarning: invalid value encountered in func (vectorized)
  outputs = ufunc(*inputs)
6700
2023-11-17 20:52:55
elapsed:  21271.5  seconds
6750
2023-11-17 20:55:43
6800
2023-11-17 20:58:28
elapsed:  21604.6  seconds
6850
2023-11-17 21:01:14
6900
2023-11-17 21:03:56
elapsed:  21932.6  seconds
6950
2023-11-17 21:06:41
7000
2023-11-17 21:09:25
elapsed:  22261.6  seconds
7050
2023-11-17 21:12:10
7100
2023-11-17 21:14:52
elapsed:  22589.0  seconds
7150
2023-11-17 21:17:38
7200
2023-11-17 21:20:21
elapsed:  22917.5  seconds
/projects/muyang@colostate.edu/software/anaconda/envs/alpine_MCMC/lib/python3.11/site-packages/numpy/lib/function_base.py:2412: RuntimeWarning: divide by zero encountered in func (vectorized)
  outputs = ufunc(*inputs)
/projects/muyang@colostate.edu/software/anaconda/envs/alpine_MCMC/lib/python3.11/site-packages/numpy/lib/function_base.py:2412: RuntimeWarning: invalid value encountered in func (vectorized)
  outputs = ufunc(*inputs)
7250
2023-11-17 21:23:08
7300
2023-11-17 21:25:51
elapsed:  23247.2  seconds
7350
2023-11-17 21:28:36
7400
2023-11-17 21:31:19
elapsed:  23575.9  seconds
7450
2023-11-17 21:34:06
7500
2023-11-17 21:36:51
elapsed:  23907.7  seconds
7550
2023-11-17 21:39:36
7600
2023-11-17 21:42:20
elapsed:  24236.0  seconds
7650
2023-11-17 21:45:04
7700
2023-11-17 21:47:48
elapsed:  24564.8  seconds
7750
2023-11-17 21:50:33
7800
2023-11-17 21:53:16
elapsed:  24892.7  seconds
7850
2023-11-17 21:55:59
/projects/muyang@colostate.edu/software/anaconda/envs/alpine_MCMC/lib/python3.11/site-packages/numpy/lib/function_base.py:2412: RuntimeWarning: divide by zero encountered in func (vectorized)
  outputs = ufunc(*inputs)
/projects/muyang@colostate.edu/software/anaconda/envs/alpine_MCMC/lib/python3.11/site-packages/numpy/lib/function_base.py:2412: RuntimeWarning: invalid value encountered in func (vectorized)
  outputs = ufunc(*inputs)
7900
2023-11-17 21:58:42
elapsed:  25218.1  seconds
7950
2023-11-17 22:01:28
8000
2023-11-17 22:04:12
elapsed:  25548.7  seconds
8050
2023-11-17 22:06:58
8100
2023-11-17 22:09:43
elapsed:  25879.2  seconds
8150
2023-11-17 22:12:28
8200
2023-11-17 22:15:12
elapsed:  26208.8  seconds
8250
2023-11-17 22:17:59
8300
2023-11-17 22:20:44
elapsed:  26540.2  seconds
8350
2023-11-17 22:23:30
8400
2023-11-17 22:26:16
elapsed:  26872.6  seconds
8450
2023-11-17 22:29:05
/projects/muyang@colostate.edu/software/anaconda/envs/alpine_MCMC/lib/python3.11/site-packages/numpy/lib/function_base.py:2412: RuntimeWarning: divide by zero encountered in func (vectorized)
  outputs = ufunc(*inputs)
/projects/muyang@colostate.edu/software/anaconda/envs/alpine_MCMC/lib/python3.11/site-packages/numpy/lib/function_base.py:2412: RuntimeWarning: invalid value encountered in func (vectorized)
  outputs = ufunc(*inputs)
8500
2023-11-17 22:31:52
elapsed:  27208.6  seconds
8550
2023-11-17 22:34:42
8600
2023-11-17 22:37:31
elapsed:  27547.0  seconds
8650
2023-11-17 22:40:21
8700
2023-11-17 22:43:10
elapsed:  27886.4  seconds
8750
2023-11-17 22:46:00
8800
2023-11-17 22:48:49
elapsed:  28225.3  seconds
8850
2023-11-17 22:51:39
/projects/muyang@colostate.edu/software/anaconda/envs/alpine_MCMC/lib/python3.11/site-packages/numpy/lib/function_base.py:2412: RuntimeWarning: divide by zero encountered in func (vectorized)
  outputs = ufunc(*inputs)
/projects/muyang@colostate.edu/software/anaconda/envs/alpine_MCMC/lib/python3.11/site-packages/numpy/lib/function_base.py:2412: RuntimeWarning: invalid value encountered in func (vectorized)
  outputs = ufunc(*inputs)
8900
2023-11-17 22:54:29
elapsed:  28565.0  seconds
8950
2023-11-17 22:57:20
9000
2023-11-17 23:00:10
elapsed:  28906.3  seconds
9050
2023-11-17 23:03:00
9100
2023-11-17 23:05:49
elapsed:  29245.9  seconds
/projects/muyang@colostate.edu/software/anaconda/envs/alpine_MCMC/lib/python3.11/site-packages/numpy/lib/function_base.py:2412: RuntimeWarning: divide by zero encountered in func (vectorized)
  outputs = ufunc(*inputs)
/projects/muyang@colostate.edu/software/anaconda/envs/alpine_MCMC/lib/python3.11/site-packages/numpy/lib/function_base.py:2412: RuntimeWarning: invalid value encountered in func (vectorized)
  outputs = ufunc(*inputs)
9150
2023-11-17 23:08:41
9200
2023-11-17 23:11:30
elapsed:  29586.3  seconds
9250
2023-11-17 23:14:22
9300
2023-11-17 23:17:10
elapsed:  29926.8  seconds
9350
2023-11-17 23:20:01
9400
2023-11-17 23:22:50
elapsed:  30266.4  seconds
9450
2023-11-17 23:25:41
9500
2023-11-17 23:28:31
elapsed:  30607.4  seconds
9550
2023-11-17 23:31:22
9600
2023-11-17 23:34:12
elapsed:  30948.2  seconds
9650
2023-11-17 23:37:02
9700
2023-11-17 23:39:50
elapsed:  31286.2  seconds
9750
2023-11-17 23:42:41
/projects/muyang@colostate.edu/software/anaconda/envs/alpine_MCMC/lib/python3.11/site-packages/numpy/lib/function_base.py:2412: RuntimeWarning: divide by zero encountered in func (vectorized)
  outputs = ufunc(*inputs)
/projects/muyang@colostate.edu/software/anaconda/envs/alpine_MCMC/lib/python3.11/site-packages/numpy/lib/function_base.py:2412: RuntimeWarning: invalid value encountered in func (vectorized)
  outputs = ufunc(*inputs)
9800
2023-11-17 23:45:30
elapsed:  31626.9  seconds
9850
2023-11-17 23:48:21
9900
2023-11-17 23:51:09
elapsed:  31965.1  seconds
9950
2023-11-17 23:53:58
elapsed:  32300.3  seconds
total time:  32305.3  seconds
true R:  [[2.23802246e-01 5.05926579e+02 1.59868040e-01 1.45613409e+01
  6.64174117e+00 7.70284426e+01 1.01338228e+01 6.60865954e-01
  2.50992127e+05 7.45947281e-01 1.52283501e+02 1.05484871e+01
  3.45369244e-01 8.36175690e-01 5.47674268e-01 3.58986342e+01
  1.41103548e+01 6.43941547e-02 5.00224247e-01 3.68631541e+00
  5.24643754e-01 2.10286914e-01 8.28052343e+00 2.55823221e+00
  4.11293232e-01 1.01933922e-01 9.87564425e+00 2.45627336e+02
  1.45027496e+00 1.04635262e-01 6.87237223e+00 1.21608860e+02
  1.49959457e+00 5.25418506e+00 3.62064224e+00 1.22321583e+02
  7.58782446e-01 3.29196854e+01 5.18304381e-01 4.67279810e-01
  1.16853997e+01 3.86364303e+04 7.79332922e+00 3.11038205e-01
  4.23878145e-01 8.61329687e-01 3.73527939e-01 2.53540655e+00
  4.47046381e+01 9.75142891e-02 3.90108653e+02 3.56077689e+00
  2.55462847e+01 2.53290035e+00 2.44339188e-01 4.26365124e+01
  2.73980196e+00 4.25686565e+01 1.04764056e+00 9.31527919e-02
  2.22731316e-01 6.37144296e-01 5.97718576e-01 8.90627234e+00]
 [4.82206072e-01 3.04114298e+00 3.92176842e-01 1.40221827e-01
  1.27792866e-01 8.31889459e-01 4.84503312e+00 3.50698021e-01
  1.10241047e+03 7.04338344e+00 2.07992907e-01 4.92493568e-01
  4.57281927e-01 1.13440998e+01 6.67933706e+00 3.99178507e-02
  3.29655620e+01 2.63357256e-01 2.26872738e+01 1.77715436e+00
  3.55901975e-01 5.59138431e+00 2.16491970e+00 8.47851813e-01
  4.77788956e+00 1.07457623e+00 2.40555337e+00 1.05989535e-01
  5.28232044e-01 4.05866248e+00 5.67934533e-01 2.16824987e+00
  1.21420484e+00 1.83039016e+00 1.87328571e+00 1.04502668e+01
  2.44103211e-01 2.60429173e-01 5.22534205e+00 9.62058110e-01
  2.44379272e-01 1.66764234e+01 1.07903553e+00 2.11191566e-01
  2.81832354e-01 7.28263282e-01 4.36887763e-01 8.93615973e-02
  1.15977068e+00 2.78150304e+00 2.83404772e+00 3.27922544e+00
  9.86671468e-01 9.38935453e-01 7.54871322e+00 9.14196235e-01
  3.77051121e+01 5.30693219e-01 1.29822206e+00 5.61772053e-01
  7.74214597e-02 1.94889043e-01 8.84210642e-01 1.34851457e-01]
 [3.67368504e-01 7.46577446e-01 1.85644894e-01 8.15932484e-01
  2.33463788e-01 1.96895355e-01 2.66452858e-01 1.22540769e+02
  1.28372150e+01 3.93113118e+01 1.40056704e+01 1.82616759e+00
  1.26694469e+02 1.43120285e+05 4.28039257e+00 3.41976604e-01
  4.22644819e-01 9.54654441e+00 2.22109621e+00 1.59888682e+00
  4.15467931e+00 8.45046857e+00 8.51959642e+01 1.67379150e-01
  1.04524949e+05 1.82941177e-01 4.46624148e-01 8.05467628e-01
  3.51673614e+00 4.62872551e-01 5.75255350e+00 1.68556536e-01
  3.22812301e+00 2.90003296e-01 7.70399444e+00 6.19897705e-01
  3.23149583e-01 3.10836606e+00 1.79843029e+00 2.56609064e+00
  1.00766235e-01 5.22440864e-01 1.07039013e+01 2.88357240e-01
  9.85282025e-01 2.58642602e-01 2.45555779e-01 4.30755540e+00
  3.23664472e+00 3.12941259e+00 1.04223467e+01 3.84818479e-01
  1.53253791e-01 5.51347756e-01 9.27591151e-01 2.48800189e-01
  9.06223457e-01 9.76148084e-01 4.72394679e-01 6.19240368e+00
  9.34514471e+00 1.68860463e+00 1.90355580e+00 1.23841029e-01]
 [2.11383224e+00 2.46952334e-01 1.06169607e+00 1.40823869e+00
  1.07325385e-01 1.21947635e+00 2.54291208e-01 1.20852866e+00
  1.30643904e+00 3.26806819e+00 2.00516489e+00 1.10643913e+01
  1.15619998e+04 1.39345216e+00 1.83176213e+00 4.48359521e+00
  2.79884656e+00 1.56453976e+00 1.17932426e+00 2.56318334e+00
  9.71408421e-02 1.75873981e-01 2.23803374e+00 1.12756818e+00
  1.70849305e+02 1.39935449e+00 4.66556282e+00 4.66221391e-01
  2.84484463e+00 2.83391883e-01 1.84009913e+00 4.29650625e-01
  1.57588444e+00 1.40458557e-01 8.42542284e-01 1.48009474e+01
  1.33119623e+00 1.03272820e+00 1.68501404e-01 9.10804474e-01
  1.70920496e-01 1.50810515e+00 2.45244784e+00 6.29401921e+00
  4.61977469e+00 7.69492834e-01 2.19796051e+00 5.78601116e-01
  2.90469091e+01 8.23014595e-02 8.10042214e-01 2.53488024e+01
  1.69590408e-01 3.29047051e-01 1.67129386e+00 6.22638842e+00
  7.62254994e+01 6.61158380e-01 6.74631249e-01 1.25629729e+02
  1.63095705e+01 2.76050090e+00 6.49535436e+00 2.87687636e+01]
 [3.85411849e-01 4.39495834e-01 3.65062276e+00 2.26468328e-01
  1.57706284e+00 3.08605577e+00 7.79586804e+00 3.07564851e+00
  4.87777479e-01 8.28575742e+02 1.13086633e+00 2.79188542e-01
  3.21442157e-01 7.60422264e+00 1.96022629e+00 2.94317770e+01
  4.29330573e+00 6.80375638e+00 1.36162673e+00 5.70584000e-01
  3.50385572e+00 3.29090603e-01 2.56071728e+00 3.35546189e+02
  7.42237523e-01 7.85121306e-01 1.70755733e+02 1.73432602e+00
  4.85625448e+00 1.96103765e-01 1.81891602e+00 1.49395499e+00
  9.76305885e+01 3.25202962e-01 9.69207322e+00 7.86204152e+00
  3.18665743e+00 2.55497084e-01 2.16932432e+02 1.45578731e-01
  2.47483018e+03 1.26228420e+00 4.51387009e+00 4.74612193e+00
  2.26315076e-01 1.86156674e+00 1.97285361e+03 1.09424531e-01
  3.04014167e-01 2.75282721e+00 1.34668172e+02 1.10758261e+01
  4.64236909e+00 2.79131146e+00 5.89970737e+00 3.27208284e-01
  3.40270472e-01 3.23497953e-01 1.92220253e-01 3.75185737e+01
  2.37149866e-01 5.70108747e+02 3.21051223e+00 3.39087616e+00]
 [1.61662416e-01 8.48886118e-02 9.58985541e-01 1.71079314e+00
  2.30235231e-01 2.83854453e+02 1.85251739e-01 6.69936735e-02
  1.97940313e-01 9.24324547e-01 4.04415946e+01 4.00923105e+00
  1.70972179e+00 3.01090263e-01 1.53444142e+00 5.84579112e+02
  1.54115010e+00 3.63013135e-01 1.14232932e+00 3.54058195e-01
  8.58908290e-01 1.26738539e+00 4.40596899e+00 1.23953893e+00
  2.17065178e+00 8.11031028e-01 6.87460376e+01 1.47342076e+02
  1.74447787e-01 1.29742369e+00 1.81262136e-01 1.86248359e+00
  1.88190832e+00 1.57830969e-01 2.05223684e-01 4.56051288e-01
  2.82777317e-01 1.09063510e+02 4.66202886e+00 2.00685582e+01
  1.56947884e+01 3.52979970e-01 1.75123592e-01 5.80809110e+01
  7.14647727e-01 4.91375994e-01 4.79027504e+05 5.46394178e+00
  3.75636753e+00 6.92193106e-01 4.68077860e-01 8.22616819e+01
  1.81658875e+00 2.16338900e-01 4.16166036e+01 3.31008112e+00
  1.66878628e+00 8.17059437e+00 4.67109728e+02 4.21940259e-01
  1.06924010e-01 2.99199136e+01 3.19632503e+00 1.73906315e+00]
 [3.86642949e-01 9.46289834e+01 1.26259680e+00 2.79164601e+00
  1.05071109e-01 9.83342440e+01 3.63587146e+00 4.23810841e+00
  9.46298839e-01 9.15119102e-01 1.49306436e+00 3.16583631e-01
  7.98434542e-01 1.81593410e+00 4.64941606e-01 2.18784298e-01
  1.21958098e-01 1.66078628e-01 1.42937370e-01 2.73271384e+01
  7.64290850e+00 4.17227308e-01 2.02861592e-01 5.67674290e-01
  1.13050572e-01 5.71081007e+00 1.99339312e+01 1.10042699e+02
  2.41525237e+00 8.11146734e-01 1.66077553e-01 3.11323981e-01
  3.42991347e+00 3.42634265e+00 9.82529901e-01 6.05518904e+00
  1.58322599e-01 3.50597480e-01 1.28154401e-01 6.77392002e-01
  2.12824245e-01 6.04966368e-01 9.63020099e-01 2.53003632e+02
  2.94401582e+00 8.05338444e+00 2.59144669e-01 1.49808352e+01
  8.52418865e-01 4.43199691e-01 2.16088161e+00 1.83609395e-01
  7.17893025e-01 3.88044580e-01 8.36625766e-01 9.58069941e-02
  5.93477281e-01 3.87288941e+00 1.76037498e+00 9.79682349e-01
  5.65043021e-01 2.15889102e+01 7.10367594e-02 1.89399266e-01]
 [1.63883714e+02 2.05546576e+00 4.00976904e-01 2.09685021e+02
  3.69028269e-01 7.83664078e-02 1.14993644e+01 4.30981737e-01
  3.57520401e+01 2.87352838e+00 4.54536537e-01 1.96191820e+00
  3.16254241e+00 2.02243977e+00 6.66809052e-01 4.97631169e-01
  9.90991548e+01 2.50590842e-01 1.11273152e+00 4.64273414e+00
  4.97960427e-01 5.73406600e-01 1.93832726e+00 6.34921271e-01
  2.36590723e+01 6.22738120e-01 1.72153754e-01 2.12828054e+00
  6.05160157e+00 2.49251034e+00 3.38814349e-01 1.65453963e-01
  7.30196817e-01 2.04066788e-01 3.62536631e+00 3.04647469e+02
  1.19855749e+00 4.95256996e+00 2.58625781e+00 3.51115813e-01
  1.42382564e+02 1.08582599e+00 1.22404314e+00 6.59661448e+00
  1.17282412e+00 2.88789807e+01 5.79482266e-01 7.53434097e+00
  8.86666235e-01 1.47683003e-01 6.33704915e+00 6.39408600e-01
  1.33410553e+01 3.77881529e-01 2.76787463e-01 2.88532127e-01
  1.99178195e+00 1.48407037e+02 2.89779831e-01 1.25908188e+02
  2.11356912e+01 9.73232068e-01 1.69804788e-01 2.51931112e-01]
 [8.55996814e-02 2.23912683e-01 1.38740500e+00 9.50371359e-01
  4.23457105e-01 2.82665733e-01 1.40941185e+04 1.95832813e+02
  4.26748311e+00 5.14052673e+00 2.58231620e+00 5.89574272e+00
  3.12487911e+00 1.06941744e+02 1.43184436e-01 1.13522275e-01
  2.06795291e+00 2.01841739e-01 1.11877879e+00 2.72888538e-01
  2.13134606e+01 5.30388014e-01 9.89176952e-02 7.17988984e-02
  1.30580373e+00 4.07589530e-01 4.95996312e+00 1.65106353e+00
  5.59797213e-01 2.48014117e-01 8.70665541e-01 5.04334266e-01
  3.91969259e-01 3.05880042e+00 8.28753053e+01 1.12652202e+05
  1.12741344e+01 1.27437070e+00 1.70195665e+00 1.78180899e+00
  3.50727967e-01 9.79191234e-02 1.70447117e+02 3.62831029e+02
  4.05096238e+00 4.41198951e+00 2.40997340e+01 7.72293464e-01
  2.27339516e-01 1.34025396e+02 7.17657048e+01 3.70210777e+00
  2.64144179e-01 1.44350242e+00 1.12232439e-01 1.61742789e+00
  1.22797248e+01 5.47436559e-01 3.30729894e-01 3.87632296e-01
  2.81124178e+01 7.73180158e-01 1.58785248e+00 1.92112581e-01]
 [2.74098959e+00 2.44015078e-01 3.34881243e-01 1.05991543e+00
  1.19469104e-01 5.62498672e+01 1.21086050e+00 2.04634222e-01
  1.55568304e-01 2.27739842e-01 4.31481462e-01 4.35036183e-01
  1.80643725e+00 4.00577505e+03 1.62054793e-01 6.85194195e-01
  4.94605120e+01 1.76675051e+00 1.25771737e+00 2.51757093e+01
  4.12798880e+01 1.54267957e+00 3.28798652e-01 1.83424429e+00
  4.82426882e-01 1.82351282e+01 4.74053549e+00 3.45106785e+02
  3.42340842e+00 1.40998745e+00 2.88167205e-01 1.39108330e-01
  4.61683638e+00 2.73346593e-01 1.34154132e+03 2.08634776e-01
  1.81262491e-01 3.48182118e+00 2.35699327e+00 3.15707123e+02
  2.02204072e+00 1.07738989e+02 7.27685079e+00 5.29923684e+00
  1.65622480e-01 2.36184861e+04 1.03877338e+00 1.81994387e+00
  2.84300072e-01 2.83750815e+01 2.55158070e+00 3.84466660e+00
  5.51250297e+02 3.77948317e+00 2.74935278e-01 3.91700328e+00
  6.51244327e+01 3.87673152e+00 4.85505293e-01 4.57601813e-01
  4.02926898e+00 3.50342091e+00 4.70722157e+00 6.95472341e-01]]
